[2023-01-03T03:44:34.488+0000] {processor.py:153} INFO - Started process (PID=73) to work on /home/airflow/.local/lib/python3.7/site-packages/airflow/example_dags/example_kubernetes_executor.py
[2023-01-03T03:44:34.504+0000] {processor.py:743} INFO - Processing file /home/airflow/.local/lib/python3.7/site-packages/airflow/example_dags/example_kubernetes_executor.py for tasks to queue
[2023-01-03T03:44:34.507+0000] {logging_mixin.py:137} INFO - [2023-01-03T03:44:34.506+0000] {dagbag.py:538} INFO - Filling up the DagBag from /home/airflow/.local/lib/python3.7/site-packages/airflow/example_dags/example_kubernetes_executor.py
[2023-01-03T03:44:34.671+0000] {processor.py:753} INFO - DAG(s) dict_keys(['example_kubernetes_executor']) retrieved from /home/airflow/.local/lib/python3.7/site-packages/airflow/example_dags/example_kubernetes_executor.py
[2023-01-03T03:44:34.995+0000] {logging_mixin.py:137} INFO - [2023-01-03T03:44:34.995+0000] {dag.py:2676} INFO - Sync 1 DAGs
[2023-01-03T03:44:35.164+0000] {logging_mixin.py:137} INFO - [2023-01-03T03:44:35.164+0000] {dag.py:3427} INFO - Setting next_dagrun for example_kubernetes_executor to None, run_after=None
[2023-01-03T03:44:35.230+0000] {processor.py:175} INFO - Processing /home/airflow/.local/lib/python3.7/site-packages/airflow/example_dags/example_kubernetes_executor.py took 0.752 seconds
[2023-01-03T03:45:05.808+0000] {processor.py:153} INFO - Started process (PID=134) to work on /home/airflow/.local/lib/python3.7/site-packages/airflow/example_dags/example_kubernetes_executor.py
[2023-01-03T03:45:05.810+0000] {processor.py:743} INFO - Processing file /home/airflow/.local/lib/python3.7/site-packages/airflow/example_dags/example_kubernetes_executor.py for tasks to queue
[2023-01-03T03:45:05.812+0000] {logging_mixin.py:137} INFO - [2023-01-03T03:45:05.812+0000] {dagbag.py:538} INFO - Filling up the DagBag from /home/airflow/.local/lib/python3.7/site-packages/airflow/example_dags/example_kubernetes_executor.py
[2023-01-03T03:45:05.859+0000] {processor.py:753} INFO - DAG(s) dict_keys(['example_kubernetes_executor']) retrieved from /home/airflow/.local/lib/python3.7/site-packages/airflow/example_dags/example_kubernetes_executor.py
[2023-01-03T03:45:05.909+0000] {logging_mixin.py:137} INFO - [2023-01-03T03:45:05.909+0000] {dag.py:2676} INFO - Sync 1 DAGs
[2023-01-03T03:45:05.933+0000] {logging_mixin.py:137} INFO - [2023-01-03T03:45:05.933+0000] {dag.py:3427} INFO - Setting next_dagrun for example_kubernetes_executor to None, run_after=None
[2023-01-03T03:45:05.954+0000] {processor.py:175} INFO - Processing /home/airflow/.local/lib/python3.7/site-packages/airflow/example_dags/example_kubernetes_executor.py took 0.150 seconds
[2023-01-03T03:45:36.797+0000] {processor.py:153} INFO - Started process (PID=208) to work on /home/airflow/.local/lib/python3.7/site-packages/airflow/example_dags/example_kubernetes_executor.py
[2023-01-03T03:45:36.810+0000] {processor.py:743} INFO - Processing file /home/airflow/.local/lib/python3.7/site-packages/airflow/example_dags/example_kubernetes_executor.py for tasks to queue
[2023-01-03T03:45:36.819+0000] {logging_mixin.py:137} INFO - [2023-01-03T03:45:36.819+0000] {dagbag.py:538} INFO - Filling up the DagBag from /home/airflow/.local/lib/python3.7/site-packages/airflow/example_dags/example_kubernetes_executor.py
[2023-01-03T03:45:36.920+0000] {processor.py:753} INFO - DAG(s) dict_keys(['example_kubernetes_executor']) retrieved from /home/airflow/.local/lib/python3.7/site-packages/airflow/example_dags/example_kubernetes_executor.py
[2023-01-03T03:45:37.042+0000] {logging_mixin.py:137} INFO - [2023-01-03T03:45:37.042+0000] {dag.py:2676} INFO - Sync 1 DAGs
[2023-01-03T03:45:37.125+0000] {logging_mixin.py:137} INFO - [2023-01-03T03:45:37.125+0000] {dag.py:3427} INFO - Setting next_dagrun for example_kubernetes_executor to None, run_after=None
[2023-01-03T03:45:37.193+0000] {processor.py:175} INFO - Processing /home/airflow/.local/lib/python3.7/site-packages/airflow/example_dags/example_kubernetes_executor.py took 0.414 seconds
[2023-01-03T03:46:07.785+0000] {processor.py:153} INFO - Started process (PID=271) to work on /home/airflow/.local/lib/python3.7/site-packages/airflow/example_dags/example_kubernetes_executor.py
[2023-01-03T03:46:07.796+0000] {processor.py:743} INFO - Processing file /home/airflow/.local/lib/python3.7/site-packages/airflow/example_dags/example_kubernetes_executor.py for tasks to queue
[2023-01-03T03:46:07.796+0000] {logging_mixin.py:137} INFO - [2023-01-03T03:46:07.796+0000] {dagbag.py:538} INFO - Filling up the DagBag from /home/airflow/.local/lib/python3.7/site-packages/airflow/example_dags/example_kubernetes_executor.py
[2023-01-03T03:46:07.882+0000] {processor.py:753} INFO - DAG(s) dict_keys(['example_kubernetes_executor']) retrieved from /home/airflow/.local/lib/python3.7/site-packages/airflow/example_dags/example_kubernetes_executor.py
[2023-01-03T03:46:08.022+0000] {logging_mixin.py:137} INFO - [2023-01-03T03:46:08.022+0000] {dag.py:2676} INFO - Sync 1 DAGs
[2023-01-03T03:46:08.080+0000] {logging_mixin.py:137} INFO - [2023-01-03T03:46:08.075+0000] {dag.py:3427} INFO - Setting next_dagrun for example_kubernetes_executor to None, run_after=None
[2023-01-03T03:46:08.118+0000] {processor.py:175} INFO - Processing /home/airflow/.local/lib/python3.7/site-packages/airflow/example_dags/example_kubernetes_executor.py took 0.336 seconds
[2023-01-03T03:46:38.356+0000] {processor.py:153} INFO - Started process (PID=332) to work on /home/airflow/.local/lib/python3.7/site-packages/airflow/example_dags/example_kubernetes_executor.py
[2023-01-03T03:46:38.364+0000] {processor.py:743} INFO - Processing file /home/airflow/.local/lib/python3.7/site-packages/airflow/example_dags/example_kubernetes_executor.py for tasks to queue
[2023-01-03T03:46:38.368+0000] {logging_mixin.py:137} INFO - [2023-01-03T03:46:38.368+0000] {dagbag.py:538} INFO - Filling up the DagBag from /home/airflow/.local/lib/python3.7/site-packages/airflow/example_dags/example_kubernetes_executor.py
[2023-01-03T03:46:38.685+0000] {processor.py:753} INFO - DAG(s) dict_keys(['example_kubernetes_executor']) retrieved from /home/airflow/.local/lib/python3.7/site-packages/airflow/example_dags/example_kubernetes_executor.py
[2023-01-03T03:46:39.011+0000] {logging_mixin.py:137} INFO - [2023-01-03T03:46:39.011+0000] {dag.py:2676} INFO - Sync 1 DAGs
[2023-01-03T03:46:39.176+0000] {logging_mixin.py:137} INFO - [2023-01-03T03:46:39.175+0000] {dag.py:3427} INFO - Setting next_dagrun for example_kubernetes_executor to None, run_after=None
[2023-01-03T03:46:39.234+0000] {processor.py:175} INFO - Processing /home/airflow/.local/lib/python3.7/site-packages/airflow/example_dags/example_kubernetes_executor.py took 0.890 seconds
[2023-01-03T03:47:09.447+0000] {processor.py:153} INFO - Started process (PID=401) to work on /home/airflow/.local/lib/python3.7/site-packages/airflow/example_dags/example_kubernetes_executor.py
[2023-01-03T03:47:09.449+0000] {processor.py:743} INFO - Processing file /home/airflow/.local/lib/python3.7/site-packages/airflow/example_dags/example_kubernetes_executor.py for tasks to queue
[2023-01-03T03:47:09.450+0000] {logging_mixin.py:137} INFO - [2023-01-03T03:47:09.450+0000] {dagbag.py:538} INFO - Filling up the DagBag from /home/airflow/.local/lib/python3.7/site-packages/airflow/example_dags/example_kubernetes_executor.py
[2023-01-03T03:47:09.523+0000] {processor.py:753} INFO - DAG(s) dict_keys(['example_kubernetes_executor']) retrieved from /home/airflow/.local/lib/python3.7/site-packages/airflow/example_dags/example_kubernetes_executor.py
[2023-01-03T03:47:09.712+0000] {logging_mixin.py:137} INFO - [2023-01-03T03:47:09.712+0000] {dag.py:2676} INFO - Sync 1 DAGs
[2023-01-03T03:47:09.904+0000] {logging_mixin.py:137} INFO - [2023-01-03T03:47:09.904+0000] {dag.py:3427} INFO - Setting next_dagrun for example_kubernetes_executor to None, run_after=None
[2023-01-03T03:47:09.988+0000] {processor.py:175} INFO - Processing /home/airflow/.local/lib/python3.7/site-packages/airflow/example_dags/example_kubernetes_executor.py took 0.544 seconds
[2023-01-03T03:47:42.012+0000] {processor.py:153} INFO - Started process (PID=468) to work on /home/airflow/.local/lib/python3.7/site-packages/airflow/example_dags/example_kubernetes_executor.py
[2023-01-03T03:47:42.025+0000] {processor.py:743} INFO - Processing file /home/airflow/.local/lib/python3.7/site-packages/airflow/example_dags/example_kubernetes_executor.py for tasks to queue
[2023-01-03T03:47:42.030+0000] {logging_mixin.py:137} INFO - [2023-01-03T03:47:42.030+0000] {dagbag.py:538} INFO - Filling up the DagBag from /home/airflow/.local/lib/python3.7/site-packages/airflow/example_dags/example_kubernetes_executor.py
[2023-01-03T03:47:42.259+0000] {processor.py:753} INFO - DAG(s) dict_keys(['example_kubernetes_executor']) retrieved from /home/airflow/.local/lib/python3.7/site-packages/airflow/example_dags/example_kubernetes_executor.py
[2023-01-03T03:47:42.608+0000] {logging_mixin.py:137} INFO - [2023-01-03T03:47:42.607+0000] {dag.py:2676} INFO - Sync 1 DAGs
[2023-01-03T03:47:42.734+0000] {logging_mixin.py:137} INFO - [2023-01-03T03:47:42.734+0000] {dag.py:3427} INFO - Setting next_dagrun for example_kubernetes_executor to None, run_after=None
[2023-01-03T03:47:42.809+0000] {processor.py:175} INFO - Processing /home/airflow/.local/lib/python3.7/site-packages/airflow/example_dags/example_kubernetes_executor.py took 0.816 seconds
[2023-01-03T03:48:14.246+0000] {processor.py:153} INFO - Started process (PID=518) to work on /home/airflow/.local/lib/python3.7/site-packages/airflow/example_dags/example_kubernetes_executor.py
[2023-01-03T03:48:14.252+0000] {processor.py:743} INFO - Processing file /home/airflow/.local/lib/python3.7/site-packages/airflow/example_dags/example_kubernetes_executor.py for tasks to queue
[2023-01-03T03:48:14.253+0000] {logging_mixin.py:137} INFO - [2023-01-03T03:48:14.253+0000] {dagbag.py:538} INFO - Filling up the DagBag from /home/airflow/.local/lib/python3.7/site-packages/airflow/example_dags/example_kubernetes_executor.py
[2023-01-03T03:48:14.368+0000] {processor.py:753} INFO - DAG(s) dict_keys(['example_kubernetes_executor']) retrieved from /home/airflow/.local/lib/python3.7/site-packages/airflow/example_dags/example_kubernetes_executor.py
[2023-01-03T03:48:14.497+0000] {logging_mixin.py:137} INFO - [2023-01-03T03:48:14.497+0000] {dag.py:2676} INFO - Sync 1 DAGs
[2023-01-03T03:48:14.593+0000] {logging_mixin.py:137} INFO - [2023-01-03T03:48:14.593+0000] {dag.py:3427} INFO - Setting next_dagrun for example_kubernetes_executor to None, run_after=None
[2023-01-03T03:48:14.646+0000] {processor.py:175} INFO - Processing /home/airflow/.local/lib/python3.7/site-packages/airflow/example_dags/example_kubernetes_executor.py took 0.403 seconds
[2023-01-03T03:48:45.262+0000] {processor.py:153} INFO - Started process (PID=580) to work on /home/airflow/.local/lib/python3.7/site-packages/airflow/example_dags/example_kubernetes_executor.py
[2023-01-03T03:48:45.269+0000] {processor.py:743} INFO - Processing file /home/airflow/.local/lib/python3.7/site-packages/airflow/example_dags/example_kubernetes_executor.py for tasks to queue
[2023-01-03T03:48:45.272+0000] {logging_mixin.py:137} INFO - [2023-01-03T03:48:45.271+0000] {dagbag.py:538} INFO - Filling up the DagBag from /home/airflow/.local/lib/python3.7/site-packages/airflow/example_dags/example_kubernetes_executor.py
[2023-01-03T03:48:45.350+0000] {processor.py:753} INFO - DAG(s) dict_keys(['example_kubernetes_executor']) retrieved from /home/airflow/.local/lib/python3.7/site-packages/airflow/example_dags/example_kubernetes_executor.py
[2023-01-03T03:48:45.457+0000] {logging_mixin.py:137} INFO - [2023-01-03T03:48:45.457+0000] {dag.py:2676} INFO - Sync 1 DAGs
[2023-01-03T03:48:45.503+0000] {logging_mixin.py:137} INFO - [2023-01-03T03:48:45.503+0000] {dag.py:3427} INFO - Setting next_dagrun for example_kubernetes_executor to None, run_after=None
[2023-01-03T03:48:45.533+0000] {processor.py:175} INFO - Processing /home/airflow/.local/lib/python3.7/site-packages/airflow/example_dags/example_kubernetes_executor.py took 0.276 seconds
[2023-01-03T03:49:16.100+0000] {processor.py:153} INFO - Started process (PID=642) to work on /home/airflow/.local/lib/python3.7/site-packages/airflow/example_dags/example_kubernetes_executor.py
[2023-01-03T03:49:16.102+0000] {processor.py:743} INFO - Processing file /home/airflow/.local/lib/python3.7/site-packages/airflow/example_dags/example_kubernetes_executor.py for tasks to queue
[2023-01-03T03:49:16.103+0000] {logging_mixin.py:137} INFO - [2023-01-03T03:49:16.103+0000] {dagbag.py:538} INFO - Filling up the DagBag from /home/airflow/.local/lib/python3.7/site-packages/airflow/example_dags/example_kubernetes_executor.py
[2023-01-03T03:49:16.168+0000] {processor.py:753} INFO - DAG(s) dict_keys(['example_kubernetes_executor']) retrieved from /home/airflow/.local/lib/python3.7/site-packages/airflow/example_dags/example_kubernetes_executor.py
[2023-01-03T03:49:16.265+0000] {logging_mixin.py:137} INFO - [2023-01-03T03:49:16.265+0000] {dag.py:2676} INFO - Sync 1 DAGs
[2023-01-03T03:49:16.309+0000] {logging_mixin.py:137} INFO - [2023-01-03T03:49:16.309+0000] {dag.py:3427} INFO - Setting next_dagrun for example_kubernetes_executor to None, run_after=None
[2023-01-03T03:49:16.393+0000] {processor.py:175} INFO - Processing /home/airflow/.local/lib/python3.7/site-packages/airflow/example_dags/example_kubernetes_executor.py took 0.296 seconds
[2023-01-03T03:49:47.574+0000] {processor.py:153} INFO - Started process (PID=716) to work on /home/airflow/.local/lib/python3.7/site-packages/airflow/example_dags/example_kubernetes_executor.py
[2023-01-03T03:49:47.575+0000] {processor.py:743} INFO - Processing file /home/airflow/.local/lib/python3.7/site-packages/airflow/example_dags/example_kubernetes_executor.py for tasks to queue
[2023-01-03T03:49:47.576+0000] {logging_mixin.py:137} INFO - [2023-01-03T03:49:47.576+0000] {dagbag.py:538} INFO - Filling up the DagBag from /home/airflow/.local/lib/python3.7/site-packages/airflow/example_dags/example_kubernetes_executor.py
[2023-01-03T03:49:47.630+0000] {processor.py:753} INFO - DAG(s) dict_keys(['example_kubernetes_executor']) retrieved from /home/airflow/.local/lib/python3.7/site-packages/airflow/example_dags/example_kubernetes_executor.py
[2023-01-03T03:49:47.717+0000] {logging_mixin.py:137} INFO - [2023-01-03T03:49:47.717+0000] {dag.py:2676} INFO - Sync 1 DAGs
[2023-01-03T03:49:47.773+0000] {logging_mixin.py:137} INFO - [2023-01-03T03:49:47.773+0000] {dag.py:3427} INFO - Setting next_dagrun for example_kubernetes_executor to None, run_after=None
[2023-01-03T03:49:47.812+0000] {processor.py:175} INFO - Processing /home/airflow/.local/lib/python3.7/site-packages/airflow/example_dags/example_kubernetes_executor.py took 0.243 seconds
[2023-01-03T03:50:18.702+0000] {processor.py:153} INFO - Started process (PID=778) to work on /home/airflow/.local/lib/python3.7/site-packages/airflow/example_dags/example_kubernetes_executor.py
[2023-01-03T03:50:18.712+0000] {processor.py:743} INFO - Processing file /home/airflow/.local/lib/python3.7/site-packages/airflow/example_dags/example_kubernetes_executor.py for tasks to queue
[2023-01-03T03:50:18.713+0000] {logging_mixin.py:137} INFO - [2023-01-03T03:50:18.713+0000] {dagbag.py:538} INFO - Filling up the DagBag from /home/airflow/.local/lib/python3.7/site-packages/airflow/example_dags/example_kubernetes_executor.py
[2023-01-03T03:50:18.846+0000] {processor.py:753} INFO - DAG(s) dict_keys(['example_kubernetes_executor']) retrieved from /home/airflow/.local/lib/python3.7/site-packages/airflow/example_dags/example_kubernetes_executor.py
[2023-01-03T03:50:19.056+0000] {logging_mixin.py:137} INFO - [2023-01-03T03:50:19.056+0000] {dag.py:2676} INFO - Sync 1 DAGs
[2023-01-03T03:50:19.159+0000] {logging_mixin.py:137} INFO - [2023-01-03T03:50:19.159+0000] {dag.py:3427} INFO - Setting next_dagrun for example_kubernetes_executor to None, run_after=None
[2023-01-03T03:50:19.211+0000] {processor.py:175} INFO - Processing /home/airflow/.local/lib/python3.7/site-packages/airflow/example_dags/example_kubernetes_executor.py took 0.516 seconds
[2023-01-03T03:50:49.473+0000] {processor.py:153} INFO - Started process (PID=828) to work on /home/airflow/.local/lib/python3.7/site-packages/airflow/example_dags/example_kubernetes_executor.py
[2023-01-03T03:50:49.482+0000] {processor.py:743} INFO - Processing file /home/airflow/.local/lib/python3.7/site-packages/airflow/example_dags/example_kubernetes_executor.py for tasks to queue
[2023-01-03T03:50:49.488+0000] {logging_mixin.py:137} INFO - [2023-01-03T03:50:49.488+0000] {dagbag.py:538} INFO - Filling up the DagBag from /home/airflow/.local/lib/python3.7/site-packages/airflow/example_dags/example_kubernetes_executor.py
[2023-01-03T03:50:49.562+0000] {processor.py:753} INFO - DAG(s) dict_keys(['example_kubernetes_executor']) retrieved from /home/airflow/.local/lib/python3.7/site-packages/airflow/example_dags/example_kubernetes_executor.py
[2023-01-03T03:50:49.639+0000] {logging_mixin.py:137} INFO - [2023-01-03T03:50:49.639+0000] {dag.py:2676} INFO - Sync 1 DAGs
[2023-01-03T03:50:49.666+0000] {logging_mixin.py:137} INFO - [2023-01-03T03:50:49.666+0000] {dag.py:3427} INFO - Setting next_dagrun for example_kubernetes_executor to None, run_after=None
[2023-01-03T03:50:49.693+0000] {processor.py:175} INFO - Processing /home/airflow/.local/lib/python3.7/site-packages/airflow/example_dags/example_kubernetes_executor.py took 0.225 seconds
[2023-01-03T03:51:20.674+0000] {processor.py:153} INFO - Started process (PID=903) to work on /home/airflow/.local/lib/python3.7/site-packages/airflow/example_dags/example_kubernetes_executor.py
[2023-01-03T03:51:20.678+0000] {processor.py:743} INFO - Processing file /home/airflow/.local/lib/python3.7/site-packages/airflow/example_dags/example_kubernetes_executor.py for tasks to queue
[2023-01-03T03:51:20.679+0000] {logging_mixin.py:137} INFO - [2023-01-03T03:51:20.679+0000] {dagbag.py:538} INFO - Filling up the DagBag from /home/airflow/.local/lib/python3.7/site-packages/airflow/example_dags/example_kubernetes_executor.py
[2023-01-03T03:51:20.808+0000] {processor.py:753} INFO - DAG(s) dict_keys(['example_kubernetes_executor']) retrieved from /home/airflow/.local/lib/python3.7/site-packages/airflow/example_dags/example_kubernetes_executor.py
[2023-01-03T03:51:21.107+0000] {logging_mixin.py:137} INFO - [2023-01-03T03:51:21.107+0000] {dag.py:2676} INFO - Sync 1 DAGs
[2023-01-03T03:51:21.214+0000] {logging_mixin.py:137} INFO - [2023-01-03T03:51:21.214+0000] {dag.py:3427} INFO - Setting next_dagrun for example_kubernetes_executor to None, run_after=None
[2023-01-03T03:51:21.303+0000] {processor.py:175} INFO - Processing /home/airflow/.local/lib/python3.7/site-packages/airflow/example_dags/example_kubernetes_executor.py took 0.634 seconds
[2023-01-03T03:51:52.006+0000] {processor.py:153} INFO - Started process (PID=965) to work on /home/airflow/.local/lib/python3.7/site-packages/airflow/example_dags/example_kubernetes_executor.py
[2023-01-03T03:51:52.010+0000] {processor.py:743} INFO - Processing file /home/airflow/.local/lib/python3.7/site-packages/airflow/example_dags/example_kubernetes_executor.py for tasks to queue
[2023-01-03T03:51:52.012+0000] {logging_mixin.py:137} INFO - [2023-01-03T03:51:52.012+0000] {dagbag.py:538} INFO - Filling up the DagBag from /home/airflow/.local/lib/python3.7/site-packages/airflow/example_dags/example_kubernetes_executor.py
[2023-01-03T03:51:52.068+0000] {processor.py:753} INFO - DAG(s) dict_keys(['example_kubernetes_executor']) retrieved from /home/airflow/.local/lib/python3.7/site-packages/airflow/example_dags/example_kubernetes_executor.py
[2023-01-03T03:51:52.291+0000] {logging_mixin.py:137} INFO - [2023-01-03T03:51:52.291+0000] {dag.py:2676} INFO - Sync 1 DAGs
[2023-01-03T03:51:52.394+0000] {logging_mixin.py:137} INFO - [2023-01-03T03:51:52.394+0000] {dag.py:3427} INFO - Setting next_dagrun for example_kubernetes_executor to None, run_after=None
[2023-01-03T03:51:52.453+0000] {processor.py:175} INFO - Processing /home/airflow/.local/lib/python3.7/site-packages/airflow/example_dags/example_kubernetes_executor.py took 0.450 seconds
[2023-01-03T03:52:22.813+0000] {processor.py:153} INFO - Started process (PID=1014) to work on /home/airflow/.local/lib/python3.7/site-packages/airflow/example_dags/example_kubernetes_executor.py
[2023-01-03T03:52:22.818+0000] {processor.py:743} INFO - Processing file /home/airflow/.local/lib/python3.7/site-packages/airflow/example_dags/example_kubernetes_executor.py for tasks to queue
[2023-01-03T03:52:22.819+0000] {logging_mixin.py:137} INFO - [2023-01-03T03:52:22.819+0000] {dagbag.py:538} INFO - Filling up the DagBag from /home/airflow/.local/lib/python3.7/site-packages/airflow/example_dags/example_kubernetes_executor.py
[2023-01-03T03:52:22.873+0000] {processor.py:753} INFO - DAG(s) dict_keys(['example_kubernetes_executor']) retrieved from /home/airflow/.local/lib/python3.7/site-packages/airflow/example_dags/example_kubernetes_executor.py
[2023-01-03T03:52:22.933+0000] {logging_mixin.py:137} INFO - [2023-01-03T03:52:22.933+0000] {dag.py:2676} INFO - Sync 1 DAGs
[2023-01-03T03:52:22.961+0000] {logging_mixin.py:137} INFO - [2023-01-03T03:52:22.961+0000] {dag.py:3427} INFO - Setting next_dagrun for example_kubernetes_executor to None, run_after=None
[2023-01-03T03:52:22.975+0000] {processor.py:175} INFO - Processing /home/airflow/.local/lib/python3.7/site-packages/airflow/example_dags/example_kubernetes_executor.py took 0.167 seconds
[2023-01-03T03:53:00.945+0000] {processor.py:153} INFO - Started process (PID=1078) to work on /home/airflow/.local/lib/python3.7/site-packages/airflow/example_dags/example_kubernetes_executor.py
[2023-01-03T03:53:00.947+0000] {processor.py:743} INFO - Processing file /home/airflow/.local/lib/python3.7/site-packages/airflow/example_dags/example_kubernetes_executor.py for tasks to queue
[2023-01-03T03:53:00.948+0000] {logging_mixin.py:137} INFO - [2023-01-03T03:53:00.948+0000] {dagbag.py:538} INFO - Filling up the DagBag from /home/airflow/.local/lib/python3.7/site-packages/airflow/example_dags/example_kubernetes_executor.py
[2023-01-03T03:53:00.994+0000] {processor.py:753} INFO - DAG(s) dict_keys(['example_kubernetes_executor']) retrieved from /home/airflow/.local/lib/python3.7/site-packages/airflow/example_dags/example_kubernetes_executor.py
[2023-01-03T03:53:01.101+0000] {logging_mixin.py:137} INFO - [2023-01-03T03:53:01.101+0000] {dag.py:2676} INFO - Sync 1 DAGs
[2023-01-03T03:53:01.168+0000] {logging_mixin.py:137} INFO - [2023-01-03T03:53:01.168+0000] {dag.py:3427} INFO - Setting next_dagrun for example_kubernetes_executor to None, run_after=None
[2023-01-03T03:53:01.222+0000] {processor.py:175} INFO - Processing /home/airflow/.local/lib/python3.7/site-packages/airflow/example_dags/example_kubernetes_executor.py took 0.280 seconds
[2023-01-03T03:53:47.723+0000] {processor.py:153} INFO - Started process (PID=1128) to work on /home/airflow/.local/lib/python3.7/site-packages/airflow/example_dags/example_kubernetes_executor.py
[2023-01-03T03:53:47.727+0000] {processor.py:743} INFO - Processing file /home/airflow/.local/lib/python3.7/site-packages/airflow/example_dags/example_kubernetes_executor.py for tasks to queue
[2023-01-03T03:53:47.730+0000] {logging_mixin.py:137} INFO - [2023-01-03T03:53:47.730+0000] {dagbag.py:538} INFO - Filling up the DagBag from /home/airflow/.local/lib/python3.7/site-packages/airflow/example_dags/example_kubernetes_executor.py
[2023-01-03T03:53:47.804+0000] {processor.py:753} INFO - DAG(s) dict_keys(['example_kubernetes_executor']) retrieved from /home/airflow/.local/lib/python3.7/site-packages/airflow/example_dags/example_kubernetes_executor.py
[2023-01-03T03:53:47.901+0000] {logging_mixin.py:137} INFO - [2023-01-03T03:53:47.901+0000] {dag.py:2676} INFO - Sync 1 DAGs
[2023-01-03T03:53:47.969+0000] {logging_mixin.py:137} INFO - [2023-01-03T03:53:47.969+0000] {dag.py:3427} INFO - Setting next_dagrun for example_kubernetes_executor to None, run_after=None
[2023-01-03T03:53:48.020+0000] {processor.py:175} INFO - Processing /home/airflow/.local/lib/python3.7/site-packages/airflow/example_dags/example_kubernetes_executor.py took 0.300 seconds
[2023-01-03T03:54:20.758+0000] {processor.py:153} INFO - Started process (PID=1190) to work on /home/airflow/.local/lib/python3.7/site-packages/airflow/example_dags/example_kubernetes_executor.py
[2023-01-03T03:54:20.761+0000] {processor.py:743} INFO - Processing file /home/airflow/.local/lib/python3.7/site-packages/airflow/example_dags/example_kubernetes_executor.py for tasks to queue
[2023-01-03T03:54:20.762+0000] {logging_mixin.py:137} INFO - [2023-01-03T03:54:20.762+0000] {dagbag.py:538} INFO - Filling up the DagBag from /home/airflow/.local/lib/python3.7/site-packages/airflow/example_dags/example_kubernetes_executor.py
[2023-01-03T03:54:20.828+0000] {processor.py:753} INFO - DAG(s) dict_keys(['example_kubernetes_executor']) retrieved from /home/airflow/.local/lib/python3.7/site-packages/airflow/example_dags/example_kubernetes_executor.py
[2023-01-03T03:54:20.948+0000] {logging_mixin.py:137} INFO - [2023-01-03T03:54:20.948+0000] {dag.py:2676} INFO - Sync 1 DAGs
[2023-01-03T03:54:21.001+0000] {logging_mixin.py:137} INFO - [2023-01-03T03:54:21.001+0000] {dag.py:3427} INFO - Setting next_dagrun for example_kubernetes_executor to None, run_after=None
[2023-01-03T03:54:21.085+0000] {processor.py:175} INFO - Processing /home/airflow/.local/lib/python3.7/site-packages/airflow/example_dags/example_kubernetes_executor.py took 0.339 seconds
[2023-01-03T03:57:00.428+0000] {processor.py:153} INFO - Started process (PID=1312) to work on /home/airflow/.local/lib/python3.7/site-packages/airflow/example_dags/example_kubernetes_executor.py
[2023-01-03T03:57:00.446+0000] {processor.py:743} INFO - Processing file /home/airflow/.local/lib/python3.7/site-packages/airflow/example_dags/example_kubernetes_executor.py for tasks to queue
[2023-01-03T03:57:00.455+0000] {logging_mixin.py:137} INFO - [2023-01-03T03:57:00.454+0000] {dagbag.py:538} INFO - Filling up the DagBag from /home/airflow/.local/lib/python3.7/site-packages/airflow/example_dags/example_kubernetes_executor.py
[2023-01-03T03:57:12.606+0000] {processor.py:753} INFO - DAG(s) dict_keys(['example_kubernetes_executor']) retrieved from /home/airflow/.local/lib/python3.7/site-packages/airflow/example_dags/example_kubernetes_executor.py
[2023-01-03T03:57:23.679+0000] {logging_mixin.py:137} INFO - [2023-01-03T03:57:23.619+0000] {dag.py:2676} INFO - Sync 1 DAGs
[2023-01-03T03:57:32.398+0000] {logging_mixin.py:137} INFO - [2023-01-03T03:57:32.395+0000] {dag.py:3427} INFO - Setting next_dagrun for example_kubernetes_executor to None, run_after=None
[2023-01-03T03:57:33.348+0000] {processor.py:175} INFO - Processing /home/airflow/.local/lib/python3.7/site-packages/airflow/example_dags/example_kubernetes_executor.py took 33.404 seconds
[2023-01-03T04:09:31.341+0000] {processor.py:153} INFO - Started process (PID=108) to work on /home/airflow/.local/lib/python3.7/site-packages/airflow/example_dags/example_kubernetes_executor.py
[2023-01-03T04:09:31.353+0000] {processor.py:743} INFO - Processing file /home/airflow/.local/lib/python3.7/site-packages/airflow/example_dags/example_kubernetes_executor.py for tasks to queue
[2023-01-03T04:09:31.354+0000] {logging_mixin.py:137} INFO - [2023-01-03T04:09:31.354+0000] {dagbag.py:538} INFO - Filling up the DagBag from /home/airflow/.local/lib/python3.7/site-packages/airflow/example_dags/example_kubernetes_executor.py
[2023-01-03T04:09:31.431+0000] {processor.py:753} INFO - DAG(s) dict_keys(['example_kubernetes_executor']) retrieved from /home/airflow/.local/lib/python3.7/site-packages/airflow/example_dags/example_kubernetes_executor.py
[2023-01-03T04:09:31.519+0000] {logging_mixin.py:137} INFO - [2023-01-03T04:09:31.519+0000] {dag.py:2676} INFO - Sync 1 DAGs
[2023-01-03T04:09:31.554+0000] {logging_mixin.py:137} INFO - [2023-01-03T04:09:31.554+0000] {dag.py:3427} INFO - Setting next_dagrun for example_kubernetes_executor to None, run_after=None
[2023-01-03T04:09:31.583+0000] {processor.py:175} INFO - Processing /home/airflow/.local/lib/python3.7/site-packages/airflow/example_dags/example_kubernetes_executor.py took 0.254 seconds
[2023-01-03T04:10:02.021+0000] {processor.py:153} INFO - Started process (PID=170) to work on /home/airflow/.local/lib/python3.7/site-packages/airflow/example_dags/example_kubernetes_executor.py
[2023-01-03T04:10:02.033+0000] {processor.py:743} INFO - Processing file /home/airflow/.local/lib/python3.7/site-packages/airflow/example_dags/example_kubernetes_executor.py for tasks to queue
[2023-01-03T04:10:02.034+0000] {logging_mixin.py:137} INFO - [2023-01-03T04:10:02.034+0000] {dagbag.py:538} INFO - Filling up the DagBag from /home/airflow/.local/lib/python3.7/site-packages/airflow/example_dags/example_kubernetes_executor.py
[2023-01-03T04:10:02.121+0000] {processor.py:753} INFO - DAG(s) dict_keys(['example_kubernetes_executor']) retrieved from /home/airflow/.local/lib/python3.7/site-packages/airflow/example_dags/example_kubernetes_executor.py
[2023-01-03T04:10:02.235+0000] {logging_mixin.py:137} INFO - [2023-01-03T04:10:02.235+0000] {dag.py:2676} INFO - Sync 1 DAGs
[2023-01-03T04:10:02.284+0000] {logging_mixin.py:137} INFO - [2023-01-03T04:10:02.284+0000] {dag.py:3427} INFO - Setting next_dagrun for example_kubernetes_executor to None, run_after=None
[2023-01-03T04:10:02.325+0000] {processor.py:175} INFO - Processing /home/airflow/.local/lib/python3.7/site-packages/airflow/example_dags/example_kubernetes_executor.py took 0.307 seconds
[2023-01-03T04:10:43.841+0000] {processor.py:153} INFO - Started process (PID=241) to work on /home/airflow/.local/lib/python3.7/site-packages/airflow/example_dags/example_kubernetes_executor.py
[2023-01-03T04:10:43.848+0000] {processor.py:743} INFO - Processing file /home/airflow/.local/lib/python3.7/site-packages/airflow/example_dags/example_kubernetes_executor.py for tasks to queue
[2023-01-03T04:10:43.851+0000] {logging_mixin.py:137} INFO - [2023-01-03T04:10:43.850+0000] {dagbag.py:538} INFO - Filling up the DagBag from /home/airflow/.local/lib/python3.7/site-packages/airflow/example_dags/example_kubernetes_executor.py
[2023-01-03T04:10:44.044+0000] {processor.py:753} INFO - DAG(s) dict_keys(['example_kubernetes_executor']) retrieved from /home/airflow/.local/lib/python3.7/site-packages/airflow/example_dags/example_kubernetes_executor.py
[2023-01-03T04:10:44.357+0000] {logging_mixin.py:137} INFO - [2023-01-03T04:10:44.356+0000] {dag.py:2676} INFO - Sync 1 DAGs
[2023-01-03T04:10:44.467+0000] {logging_mixin.py:137} INFO - [2023-01-03T04:10:44.467+0000] {dag.py:3427} INFO - Setting next_dagrun for example_kubernetes_executor to None, run_after=None
[2023-01-03T04:10:44.561+0000] {processor.py:175} INFO - Processing /home/airflow/.local/lib/python3.7/site-packages/airflow/example_dags/example_kubernetes_executor.py took 0.737 seconds
[2023-01-03T04:11:16.749+0000] {processor.py:153} INFO - Started process (PID=293) to work on /home/airflow/.local/lib/python3.7/site-packages/airflow/example_dags/example_kubernetes_executor.py
[2023-01-03T04:11:16.765+0000] {processor.py:743} INFO - Processing file /home/airflow/.local/lib/python3.7/site-packages/airflow/example_dags/example_kubernetes_executor.py for tasks to queue
[2023-01-03T04:11:16.822+0000] {logging_mixin.py:137} INFO - [2023-01-03T04:11:16.822+0000] {dagbag.py:538} INFO - Filling up the DagBag from /home/airflow/.local/lib/python3.7/site-packages/airflow/example_dags/example_kubernetes_executor.py
[2023-01-03T04:11:21.912+0000] {processor.py:753} INFO - DAG(s) dict_keys(['example_kubernetes_executor']) retrieved from /home/airflow/.local/lib/python3.7/site-packages/airflow/example_dags/example_kubernetes_executor.py
[2023-01-03T04:11:24.844+0000] {logging_mixin.py:137} INFO - [2023-01-03T04:11:24.779+0000] {dag.py:2676} INFO - Sync 1 DAGs
[2023-01-03T04:11:29.371+0000] {logging_mixin.py:137} INFO - [2023-01-03T04:11:29.352+0000] {dag.py:3427} INFO - Setting next_dagrun for example_kubernetes_executor to None, run_after=None
[2023-01-03T04:11:29.883+0000] {processor.py:175} INFO - Processing /home/airflow/.local/lib/python3.7/site-packages/airflow/example_dags/example_kubernetes_executor.py took 13.161 seconds
[2023-01-03T04:12:00.790+0000] {processor.py:153} INFO - Started process (PID=367) to work on /home/airflow/.local/lib/python3.7/site-packages/airflow/example_dags/example_kubernetes_executor.py
[2023-01-03T04:12:00.828+0000] {processor.py:743} INFO - Processing file /home/airflow/.local/lib/python3.7/site-packages/airflow/example_dags/example_kubernetes_executor.py for tasks to queue
[2023-01-03T04:12:00.830+0000] {logging_mixin.py:137} INFO - [2023-01-03T04:12:00.830+0000] {dagbag.py:538} INFO - Filling up the DagBag from /home/airflow/.local/lib/python3.7/site-packages/airflow/example_dags/example_kubernetes_executor.py
[2023-01-03T04:12:01.133+0000] {processor.py:753} INFO - DAG(s) dict_keys(['example_kubernetes_executor']) retrieved from /home/airflow/.local/lib/python3.7/site-packages/airflow/example_dags/example_kubernetes_executor.py
[2023-01-03T04:12:01.592+0000] {logging_mixin.py:137} INFO - [2023-01-03T04:12:01.592+0000] {dag.py:2676} INFO - Sync 1 DAGs
[2023-01-03T04:12:01.789+0000] {logging_mixin.py:137} INFO - [2023-01-03T04:12:01.786+0000] {dag.py:3427} INFO - Setting next_dagrun for example_kubernetes_executor to None, run_after=None
[2023-01-03T04:12:01.900+0000] {processor.py:175} INFO - Processing /home/airflow/.local/lib/python3.7/site-packages/airflow/example_dags/example_kubernetes_executor.py took 1.131 seconds
[2023-01-03T04:13:50.703+0000] {processor.py:153} INFO - Started process (PID=459) to work on /home/airflow/.local/lib/python3.7/site-packages/airflow/example_dags/example_kubernetes_executor.py
[2023-01-03T04:13:50.733+0000] {processor.py:743} INFO - Processing file /home/airflow/.local/lib/python3.7/site-packages/airflow/example_dags/example_kubernetes_executor.py for tasks to queue
[2023-01-03T04:13:50.786+0000] {logging_mixin.py:137} INFO - [2023-01-03T04:13:50.736+0000] {dagbag.py:538} INFO - Filling up the DagBag from /home/airflow/.local/lib/python3.7/site-packages/airflow/example_dags/example_kubernetes_executor.py
[2023-01-03T04:13:52.570+0000] {processor.py:753} INFO - DAG(s) dict_keys(['example_kubernetes_executor']) retrieved from /home/airflow/.local/lib/python3.7/site-packages/airflow/example_dags/example_kubernetes_executor.py
[2023-01-03T04:13:54.641+0000] {logging_mixin.py:137} INFO - [2023-01-03T04:13:54.610+0000] {dag.py:2676} INFO - Sync 1 DAGs
[2023-01-03T04:13:55.009+0000] {logging_mixin.py:137} INFO - [2023-01-03T04:13:55.008+0000] {dag.py:3427} INFO - Setting next_dagrun for example_kubernetes_executor to None, run_after=None
[2023-01-03T04:13:55.380+0000] {processor.py:175} INFO - Processing /home/airflow/.local/lib/python3.7/site-packages/airflow/example_dags/example_kubernetes_executor.py took 4.889 seconds
