[2023-01-03T03:44:32.203+0000] {processor.py:153} INFO - Started process (PID=66) to work on /home/airflow/.local/lib/python3.7/site-packages/airflow/example_dags/example_complex.py
[2023-01-03T03:44:32.210+0000] {processor.py:743} INFO - Processing file /home/airflow/.local/lib/python3.7/site-packages/airflow/example_dags/example_complex.py for tasks to queue
[2023-01-03T03:44:32.212+0000] {logging_mixin.py:137} INFO - [2023-01-03T03:44:32.211+0000] {dagbag.py:538} INFO - Filling up the DagBag from /home/airflow/.local/lib/python3.7/site-packages/airflow/example_dags/example_complex.py
[2023-01-03T03:44:32.270+0000] {logging_mixin.py:137} INFO - [2023-01-03T03:44:32.270+0000] {taskmixin.py:205} WARNING - Dependency <Task(BashOperator): create_entry_group>, delete_entry_group already registered for DAG: example_complex
[2023-01-03T03:44:32.276+0000] {logging_mixin.py:137} INFO - [2023-01-03T03:44:32.275+0000] {taskmixin.py:205} WARNING - Dependency <Task(BashOperator): delete_entry_group>, create_entry_group already registered for DAG: example_complex
[2023-01-03T03:44:32.281+0000] {logging_mixin.py:137} INFO - [2023-01-03T03:44:32.281+0000] {taskmixin.py:205} WARNING - Dependency <Task(BashOperator): create_entry_gcs>, delete_entry already registered for DAG: example_complex
[2023-01-03T03:44:32.284+0000] {logging_mixin.py:137} INFO - [2023-01-03T03:44:32.284+0000] {taskmixin.py:205} WARNING - Dependency <Task(BashOperator): delete_entry>, create_entry_gcs already registered for DAG: example_complex
[2023-01-03T03:44:32.286+0000] {logging_mixin.py:137} INFO - [2023-01-03T03:44:32.286+0000] {taskmixin.py:205} WARNING - Dependency <Task(BashOperator): create_tag>, delete_tag already registered for DAG: example_complex
[2023-01-03T03:44:32.288+0000] {logging_mixin.py:137} INFO - [2023-01-03T03:44:32.288+0000] {taskmixin.py:205} WARNING - Dependency <Task(BashOperator): delete_tag>, create_tag already registered for DAG: example_complex
[2023-01-03T03:44:32.324+0000] {processor.py:753} INFO - DAG(s) dict_keys(['example_complex']) retrieved from /home/airflow/.local/lib/python3.7/site-packages/airflow/example_dags/example_complex.py
[2023-01-03T03:44:32.641+0000] {logging_mixin.py:137} INFO - [2023-01-03T03:44:32.641+0000] {dag.py:2676} INFO - Sync 1 DAGs
[2023-01-03T03:44:32.771+0000] {logging_mixin.py:137} INFO - [2023-01-03T03:44:32.770+0000] {dag.py:3427} INFO - Setting next_dagrun for example_complex to None, run_after=None
[2023-01-03T03:44:32.855+0000] {processor.py:175} INFO - Processing /home/airflow/.local/lib/python3.7/site-packages/airflow/example_dags/example_complex.py took 0.657 seconds
[2023-01-03T03:45:03.390+0000] {processor.py:153} INFO - Started process (PID=127) to work on /home/airflow/.local/lib/python3.7/site-packages/airflow/example_dags/example_complex.py
[2023-01-03T03:45:03.392+0000] {processor.py:743} INFO - Processing file /home/airflow/.local/lib/python3.7/site-packages/airflow/example_dags/example_complex.py for tasks to queue
[2023-01-03T03:45:03.397+0000] {logging_mixin.py:137} INFO - [2023-01-03T03:45:03.397+0000] {dagbag.py:538} INFO - Filling up the DagBag from /home/airflow/.local/lib/python3.7/site-packages/airflow/example_dags/example_complex.py
[2023-01-03T03:45:03.438+0000] {logging_mixin.py:137} INFO - [2023-01-03T03:45:03.438+0000] {taskmixin.py:205} WARNING - Dependency <Task(BashOperator): create_entry_group>, delete_entry_group already registered for DAG: example_complex
[2023-01-03T03:45:03.449+0000] {logging_mixin.py:137} INFO - [2023-01-03T03:45:03.449+0000] {taskmixin.py:205} WARNING - Dependency <Task(BashOperator): delete_entry_group>, create_entry_group already registered for DAG: example_complex
[2023-01-03T03:45:03.450+0000] {logging_mixin.py:137} INFO - [2023-01-03T03:45:03.450+0000] {taskmixin.py:205} WARNING - Dependency <Task(BashOperator): create_entry_gcs>, delete_entry already registered for DAG: example_complex
[2023-01-03T03:45:03.451+0000] {logging_mixin.py:137} INFO - [2023-01-03T03:45:03.451+0000] {taskmixin.py:205} WARNING - Dependency <Task(BashOperator): delete_entry>, create_entry_gcs already registered for DAG: example_complex
[2023-01-03T03:45:03.452+0000] {logging_mixin.py:137} INFO - [2023-01-03T03:45:03.452+0000] {taskmixin.py:205} WARNING - Dependency <Task(BashOperator): create_tag>, delete_tag already registered for DAG: example_complex
[2023-01-03T03:45:03.453+0000] {logging_mixin.py:137} INFO - [2023-01-03T03:45:03.453+0000] {taskmixin.py:205} WARNING - Dependency <Task(BashOperator): delete_tag>, create_tag already registered for DAG: example_complex
[2023-01-03T03:45:03.463+0000] {processor.py:753} INFO - DAG(s) dict_keys(['example_complex']) retrieved from /home/airflow/.local/lib/python3.7/site-packages/airflow/example_dags/example_complex.py
[2023-01-03T03:45:03.593+0000] {logging_mixin.py:137} INFO - [2023-01-03T03:45:03.593+0000] {dag.py:2676} INFO - Sync 1 DAGs
[2023-01-03T03:45:03.672+0000] {logging_mixin.py:137} INFO - [2023-01-03T03:45:03.672+0000] {dag.py:3427} INFO - Setting next_dagrun for example_complex to None, run_after=None
[2023-01-03T03:45:03.722+0000] {processor.py:175} INFO - Processing /home/airflow/.local/lib/python3.7/site-packages/airflow/example_dags/example_complex.py took 0.335 seconds
[2023-01-03T03:45:34.603+0000] {processor.py:153} INFO - Started process (PID=201) to work on /home/airflow/.local/lib/python3.7/site-packages/airflow/example_dags/example_complex.py
[2023-01-03T03:45:34.605+0000] {processor.py:743} INFO - Processing file /home/airflow/.local/lib/python3.7/site-packages/airflow/example_dags/example_complex.py for tasks to queue
[2023-01-03T03:45:34.606+0000] {logging_mixin.py:137} INFO - [2023-01-03T03:45:34.606+0000] {dagbag.py:538} INFO - Filling up the DagBag from /home/airflow/.local/lib/python3.7/site-packages/airflow/example_dags/example_complex.py
[2023-01-03T03:45:34.646+0000] {logging_mixin.py:137} INFO - [2023-01-03T03:45:34.646+0000] {taskmixin.py:205} WARNING - Dependency <Task(BashOperator): create_entry_group>, delete_entry_group already registered for DAG: example_complex
[2023-01-03T03:45:34.647+0000] {logging_mixin.py:137} INFO - [2023-01-03T03:45:34.647+0000] {taskmixin.py:205} WARNING - Dependency <Task(BashOperator): delete_entry_group>, create_entry_group already registered for DAG: example_complex
[2023-01-03T03:45:34.648+0000] {logging_mixin.py:137} INFO - [2023-01-03T03:45:34.648+0000] {taskmixin.py:205} WARNING - Dependency <Task(BashOperator): create_entry_gcs>, delete_entry already registered for DAG: example_complex
[2023-01-03T03:45:34.648+0000] {logging_mixin.py:137} INFO - [2023-01-03T03:45:34.648+0000] {taskmixin.py:205} WARNING - Dependency <Task(BashOperator): delete_entry>, create_entry_gcs already registered for DAG: example_complex
[2023-01-03T03:45:34.649+0000] {logging_mixin.py:137} INFO - [2023-01-03T03:45:34.649+0000] {taskmixin.py:205} WARNING - Dependency <Task(BashOperator): create_tag>, delete_tag already registered for DAG: example_complex
[2023-01-03T03:45:34.650+0000] {logging_mixin.py:137} INFO - [2023-01-03T03:45:34.649+0000] {taskmixin.py:205} WARNING - Dependency <Task(BashOperator): delete_tag>, create_tag already registered for DAG: example_complex
[2023-01-03T03:45:34.665+0000] {processor.py:753} INFO - DAG(s) dict_keys(['example_complex']) retrieved from /home/airflow/.local/lib/python3.7/site-packages/airflow/example_dags/example_complex.py
[2023-01-03T03:45:34.770+0000] {logging_mixin.py:137} INFO - [2023-01-03T03:45:34.770+0000] {dag.py:2676} INFO - Sync 1 DAGs
[2023-01-03T03:45:34.855+0000] {logging_mixin.py:137} INFO - [2023-01-03T03:45:34.854+0000] {dag.py:3427} INFO - Setting next_dagrun for example_complex to None, run_after=None
[2023-01-03T03:45:34.911+0000] {processor.py:175} INFO - Processing /home/airflow/.local/lib/python3.7/site-packages/airflow/example_dags/example_complex.py took 0.312 seconds
[2023-01-03T03:46:05.625+0000] {processor.py:153} INFO - Started process (PID=264) to work on /home/airflow/.local/lib/python3.7/site-packages/airflow/example_dags/example_complex.py
[2023-01-03T03:46:05.630+0000] {processor.py:743} INFO - Processing file /home/airflow/.local/lib/python3.7/site-packages/airflow/example_dags/example_complex.py for tasks to queue
[2023-01-03T03:46:05.631+0000] {logging_mixin.py:137} INFO - [2023-01-03T03:46:05.631+0000] {dagbag.py:538} INFO - Filling up the DagBag from /home/airflow/.local/lib/python3.7/site-packages/airflow/example_dags/example_complex.py
[2023-01-03T03:46:05.667+0000] {logging_mixin.py:137} INFO - [2023-01-03T03:46:05.667+0000] {taskmixin.py:205} WARNING - Dependency <Task(BashOperator): create_entry_group>, delete_entry_group already registered for DAG: example_complex
[2023-01-03T03:46:05.671+0000] {logging_mixin.py:137} INFO - [2023-01-03T03:46:05.671+0000] {taskmixin.py:205} WARNING - Dependency <Task(BashOperator): delete_entry_group>, create_entry_group already registered for DAG: example_complex
[2023-01-03T03:46:05.672+0000] {logging_mixin.py:137} INFO - [2023-01-03T03:46:05.672+0000] {taskmixin.py:205} WARNING - Dependency <Task(BashOperator): create_entry_gcs>, delete_entry already registered for DAG: example_complex
[2023-01-03T03:46:05.672+0000] {logging_mixin.py:137} INFO - [2023-01-03T03:46:05.672+0000] {taskmixin.py:205} WARNING - Dependency <Task(BashOperator): delete_entry>, create_entry_gcs already registered for DAG: example_complex
[2023-01-03T03:46:05.673+0000] {logging_mixin.py:137} INFO - [2023-01-03T03:46:05.673+0000] {taskmixin.py:205} WARNING - Dependency <Task(BashOperator): create_tag>, delete_tag already registered for DAG: example_complex
[2023-01-03T03:46:05.674+0000] {logging_mixin.py:137} INFO - [2023-01-03T03:46:05.674+0000] {taskmixin.py:205} WARNING - Dependency <Task(BashOperator): delete_tag>, create_tag already registered for DAG: example_complex
[2023-01-03T03:46:05.696+0000] {processor.py:753} INFO - DAG(s) dict_keys(['example_complex']) retrieved from /home/airflow/.local/lib/python3.7/site-packages/airflow/example_dags/example_complex.py
[2023-01-03T03:46:05.787+0000] {logging_mixin.py:137} INFO - [2023-01-03T03:46:05.787+0000] {dag.py:2676} INFO - Sync 1 DAGs
[2023-01-03T03:46:05.831+0000] {logging_mixin.py:137} INFO - [2023-01-03T03:46:05.831+0000] {dag.py:3427} INFO - Setting next_dagrun for example_complex to None, run_after=None
[2023-01-03T03:46:05.867+0000] {processor.py:175} INFO - Processing /home/airflow/.local/lib/python3.7/site-packages/airflow/example_dags/example_complex.py took 0.252 seconds
[2023-01-03T03:46:35.974+0000] {processor.py:153} INFO - Started process (PID=325) to work on /home/airflow/.local/lib/python3.7/site-packages/airflow/example_dags/example_complex.py
[2023-01-03T03:46:35.975+0000] {processor.py:743} INFO - Processing file /home/airflow/.local/lib/python3.7/site-packages/airflow/example_dags/example_complex.py for tasks to queue
[2023-01-03T03:46:35.978+0000] {logging_mixin.py:137} INFO - [2023-01-03T03:46:35.978+0000] {dagbag.py:538} INFO - Filling up the DagBag from /home/airflow/.local/lib/python3.7/site-packages/airflow/example_dags/example_complex.py
[2023-01-03T03:46:36.003+0000] {logging_mixin.py:137} INFO - [2023-01-03T03:46:36.003+0000] {taskmixin.py:205} WARNING - Dependency <Task(BashOperator): create_entry_group>, delete_entry_group already registered for DAG: example_complex
[2023-01-03T03:46:36.004+0000] {logging_mixin.py:137} INFO - [2023-01-03T03:46:36.004+0000] {taskmixin.py:205} WARNING - Dependency <Task(BashOperator): delete_entry_group>, create_entry_group already registered for DAG: example_complex
[2023-01-03T03:46:36.005+0000] {logging_mixin.py:137} INFO - [2023-01-03T03:46:36.005+0000] {taskmixin.py:205} WARNING - Dependency <Task(BashOperator): create_entry_gcs>, delete_entry already registered for DAG: example_complex
[2023-01-03T03:46:36.005+0000] {logging_mixin.py:137} INFO - [2023-01-03T03:46:36.005+0000] {taskmixin.py:205} WARNING - Dependency <Task(BashOperator): delete_entry>, create_entry_gcs already registered for DAG: example_complex
[2023-01-03T03:46:36.006+0000] {logging_mixin.py:137} INFO - [2023-01-03T03:46:36.006+0000] {taskmixin.py:205} WARNING - Dependency <Task(BashOperator): create_tag>, delete_tag already registered for DAG: example_complex
[2023-01-03T03:46:36.007+0000] {logging_mixin.py:137} INFO - [2023-01-03T03:46:36.007+0000] {taskmixin.py:205} WARNING - Dependency <Task(BashOperator): delete_tag>, create_tag already registered for DAG: example_complex
[2023-01-03T03:46:36.025+0000] {processor.py:753} INFO - DAG(s) dict_keys(['example_complex']) retrieved from /home/airflow/.local/lib/python3.7/site-packages/airflow/example_dags/example_complex.py
[2023-01-03T03:46:36.149+0000] {logging_mixin.py:137} INFO - [2023-01-03T03:46:36.149+0000] {dag.py:2676} INFO - Sync 1 DAGs
[2023-01-03T03:46:36.240+0000] {logging_mixin.py:137} INFO - [2023-01-03T03:46:36.240+0000] {dag.py:3427} INFO - Setting next_dagrun for example_complex to None, run_after=None
[2023-01-03T03:46:36.291+0000] {processor.py:175} INFO - Processing /home/airflow/.local/lib/python3.7/site-packages/airflow/example_dags/example_complex.py took 0.320 seconds
[2023-01-03T03:47:06.438+0000] {processor.py:153} INFO - Started process (PID=387) to work on /home/airflow/.local/lib/python3.7/site-packages/airflow/example_dags/example_complex.py
[2023-01-03T03:47:06.447+0000] {processor.py:743} INFO - Processing file /home/airflow/.local/lib/python3.7/site-packages/airflow/example_dags/example_complex.py for tasks to queue
[2023-01-03T03:47:06.449+0000] {logging_mixin.py:137} INFO - [2023-01-03T03:47:06.449+0000] {dagbag.py:538} INFO - Filling up the DagBag from /home/airflow/.local/lib/python3.7/site-packages/airflow/example_dags/example_complex.py
[2023-01-03T03:47:06.468+0000] {logging_mixin.py:137} INFO - [2023-01-03T03:47:06.468+0000] {taskmixin.py:205} WARNING - Dependency <Task(BashOperator): create_entry_group>, delete_entry_group already registered for DAG: example_complex
[2023-01-03T03:47:06.473+0000] {logging_mixin.py:137} INFO - [2023-01-03T03:47:06.472+0000] {taskmixin.py:205} WARNING - Dependency <Task(BashOperator): delete_entry_group>, create_entry_group already registered for DAG: example_complex
[2023-01-03T03:47:06.478+0000] {logging_mixin.py:137} INFO - [2023-01-03T03:47:06.478+0000] {taskmixin.py:205} WARNING - Dependency <Task(BashOperator): create_entry_gcs>, delete_entry already registered for DAG: example_complex
[2023-01-03T03:47:06.479+0000] {logging_mixin.py:137} INFO - [2023-01-03T03:47:06.479+0000] {taskmixin.py:205} WARNING - Dependency <Task(BashOperator): delete_entry>, create_entry_gcs already registered for DAG: example_complex
[2023-01-03T03:47:06.480+0000] {logging_mixin.py:137} INFO - [2023-01-03T03:47:06.480+0000] {taskmixin.py:205} WARNING - Dependency <Task(BashOperator): create_tag>, delete_tag already registered for DAG: example_complex
[2023-01-03T03:47:06.482+0000] {logging_mixin.py:137} INFO - [2023-01-03T03:47:06.481+0000] {taskmixin.py:205} WARNING - Dependency <Task(BashOperator): delete_tag>, create_tag already registered for DAG: example_complex
[2023-01-03T03:47:06.492+0000] {processor.py:753} INFO - DAG(s) dict_keys(['example_complex']) retrieved from /home/airflow/.local/lib/python3.7/site-packages/airflow/example_dags/example_complex.py
[2023-01-03T03:47:06.612+0000] {logging_mixin.py:137} INFO - [2023-01-03T03:47:06.612+0000] {dag.py:2676} INFO - Sync 1 DAGs
[2023-01-03T03:47:06.644+0000] {logging_mixin.py:137} INFO - [2023-01-03T03:47:06.644+0000] {dag.py:3427} INFO - Setting next_dagrun for example_complex to None, run_after=None
[2023-01-03T03:47:06.666+0000] {processor.py:175} INFO - Processing /home/airflow/.local/lib/python3.7/site-packages/airflow/example_dags/example_complex.py took 0.256 seconds
[2023-01-03T03:47:37.370+0000] {processor.py:153} INFO - Started process (PID=449) to work on /home/airflow/.local/lib/python3.7/site-packages/airflow/example_dags/example_complex.py
[2023-01-03T03:47:37.372+0000] {processor.py:743} INFO - Processing file /home/airflow/.local/lib/python3.7/site-packages/airflow/example_dags/example_complex.py for tasks to queue
[2023-01-03T03:47:37.376+0000] {logging_mixin.py:137} INFO - [2023-01-03T03:47:37.376+0000] {dagbag.py:538} INFO - Filling up the DagBag from /home/airflow/.local/lib/python3.7/site-packages/airflow/example_dags/example_complex.py
[2023-01-03T03:47:37.390+0000] {logging_mixin.py:137} INFO - [2023-01-03T03:47:37.390+0000] {taskmixin.py:205} WARNING - Dependency <Task(BashOperator): create_entry_group>, delete_entry_group already registered for DAG: example_complex
[2023-01-03T03:47:37.394+0000] {logging_mixin.py:137} INFO - [2023-01-03T03:47:37.394+0000] {taskmixin.py:205} WARNING - Dependency <Task(BashOperator): delete_entry_group>, create_entry_group already registered for DAG: example_complex
[2023-01-03T03:47:37.395+0000] {logging_mixin.py:137} INFO - [2023-01-03T03:47:37.395+0000] {taskmixin.py:205} WARNING - Dependency <Task(BashOperator): create_entry_gcs>, delete_entry already registered for DAG: example_complex
[2023-01-03T03:47:37.395+0000] {logging_mixin.py:137} INFO - [2023-01-03T03:47:37.395+0000] {taskmixin.py:205} WARNING - Dependency <Task(BashOperator): delete_entry>, create_entry_gcs already registered for DAG: example_complex
[2023-01-03T03:47:37.396+0000] {logging_mixin.py:137} INFO - [2023-01-03T03:47:37.396+0000] {taskmixin.py:205} WARNING - Dependency <Task(BashOperator): create_tag>, delete_tag already registered for DAG: example_complex
[2023-01-03T03:47:37.397+0000] {logging_mixin.py:137} INFO - [2023-01-03T03:47:37.397+0000] {taskmixin.py:205} WARNING - Dependency <Task(BashOperator): delete_tag>, create_tag already registered for DAG: example_complex
[2023-01-03T03:47:37.404+0000] {processor.py:753} INFO - DAG(s) dict_keys(['example_complex']) retrieved from /home/airflow/.local/lib/python3.7/site-packages/airflow/example_dags/example_complex.py
[2023-01-03T03:47:37.494+0000] {logging_mixin.py:137} INFO - [2023-01-03T03:47:37.494+0000] {dag.py:2676} INFO - Sync 1 DAGs
[2023-01-03T03:47:37.535+0000] {logging_mixin.py:137} INFO - [2023-01-03T03:47:37.535+0000] {dag.py:3427} INFO - Setting next_dagrun for example_complex to None, run_after=None
[2023-01-03T03:47:37.560+0000] {processor.py:175} INFO - Processing /home/airflow/.local/lib/python3.7/site-packages/airflow/example_dags/example_complex.py took 0.192 seconds
[2023-01-03T03:48:12.620+0000] {processor.py:153} INFO - Started process (PID=511) to work on /home/airflow/.local/lib/python3.7/site-packages/airflow/example_dags/example_complex.py
[2023-01-03T03:48:12.624+0000] {processor.py:743} INFO - Processing file /home/airflow/.local/lib/python3.7/site-packages/airflow/example_dags/example_complex.py for tasks to queue
[2023-01-03T03:48:12.625+0000] {logging_mixin.py:137} INFO - [2023-01-03T03:48:12.625+0000] {dagbag.py:538} INFO - Filling up the DagBag from /home/airflow/.local/lib/python3.7/site-packages/airflow/example_dags/example_complex.py
[2023-01-03T03:48:12.646+0000] {logging_mixin.py:137} INFO - [2023-01-03T03:48:12.646+0000] {taskmixin.py:205} WARNING - Dependency <Task(BashOperator): create_entry_group>, delete_entry_group already registered for DAG: example_complex
[2023-01-03T03:48:12.658+0000] {logging_mixin.py:137} INFO - [2023-01-03T03:48:12.658+0000] {taskmixin.py:205} WARNING - Dependency <Task(BashOperator): delete_entry_group>, create_entry_group already registered for DAG: example_complex
[2023-01-03T03:48:12.666+0000] {logging_mixin.py:137} INFO - [2023-01-03T03:48:12.666+0000] {taskmixin.py:205} WARNING - Dependency <Task(BashOperator): create_entry_gcs>, delete_entry already registered for DAG: example_complex
[2023-01-03T03:48:12.667+0000] {logging_mixin.py:137} INFO - [2023-01-03T03:48:12.667+0000] {taskmixin.py:205} WARNING - Dependency <Task(BashOperator): delete_entry>, create_entry_gcs already registered for DAG: example_complex
[2023-01-03T03:48:12.668+0000] {logging_mixin.py:137} INFO - [2023-01-03T03:48:12.668+0000] {taskmixin.py:205} WARNING - Dependency <Task(BashOperator): create_tag>, delete_tag already registered for DAG: example_complex
[2023-01-03T03:48:12.669+0000] {logging_mixin.py:137} INFO - [2023-01-03T03:48:12.669+0000] {taskmixin.py:205} WARNING - Dependency <Task(BashOperator): delete_tag>, create_tag already registered for DAG: example_complex
[2023-01-03T03:48:12.685+0000] {processor.py:753} INFO - DAG(s) dict_keys(['example_complex']) retrieved from /home/airflow/.local/lib/python3.7/site-packages/airflow/example_dags/example_complex.py
[2023-01-03T03:48:12.808+0000] {logging_mixin.py:137} INFO - [2023-01-03T03:48:12.808+0000] {dag.py:2676} INFO - Sync 1 DAGs
[2023-01-03T03:48:12.867+0000] {logging_mixin.py:137} INFO - [2023-01-03T03:48:12.867+0000] {dag.py:3427} INFO - Setting next_dagrun for example_complex to None, run_after=None
[2023-01-03T03:48:12.995+0000] {processor.py:175} INFO - Processing /home/airflow/.local/lib/python3.7/site-packages/airflow/example_dags/example_complex.py took 0.379 seconds
[2023-01-03T03:48:43.221+0000] {processor.py:153} INFO - Started process (PID=573) to work on /home/airflow/.local/lib/python3.7/site-packages/airflow/example_dags/example_complex.py
[2023-01-03T03:48:43.222+0000] {processor.py:743} INFO - Processing file /home/airflow/.local/lib/python3.7/site-packages/airflow/example_dags/example_complex.py for tasks to queue
[2023-01-03T03:48:43.223+0000] {logging_mixin.py:137} INFO - [2023-01-03T03:48:43.223+0000] {dagbag.py:538} INFO - Filling up the DagBag from /home/airflow/.local/lib/python3.7/site-packages/airflow/example_dags/example_complex.py
[2023-01-03T03:48:43.234+0000] {logging_mixin.py:137} INFO - [2023-01-03T03:48:43.234+0000] {taskmixin.py:205} WARNING - Dependency <Task(BashOperator): create_entry_group>, delete_entry_group already registered for DAG: example_complex
[2023-01-03T03:48:43.239+0000] {logging_mixin.py:137} INFO - [2023-01-03T03:48:43.239+0000] {taskmixin.py:205} WARNING - Dependency <Task(BashOperator): delete_entry_group>, create_entry_group already registered for DAG: example_complex
[2023-01-03T03:48:43.240+0000] {logging_mixin.py:137} INFO - [2023-01-03T03:48:43.239+0000] {taskmixin.py:205} WARNING - Dependency <Task(BashOperator): create_entry_gcs>, delete_entry already registered for DAG: example_complex
[2023-01-03T03:48:43.240+0000] {logging_mixin.py:137} INFO - [2023-01-03T03:48:43.240+0000] {taskmixin.py:205} WARNING - Dependency <Task(BashOperator): delete_entry>, create_entry_gcs already registered for DAG: example_complex
[2023-01-03T03:48:43.241+0000] {logging_mixin.py:137} INFO - [2023-01-03T03:48:43.241+0000] {taskmixin.py:205} WARNING - Dependency <Task(BashOperator): create_tag>, delete_tag already registered for DAG: example_complex
[2023-01-03T03:48:43.253+0000] {logging_mixin.py:137} INFO - [2023-01-03T03:48:43.252+0000] {taskmixin.py:205} WARNING - Dependency <Task(BashOperator): delete_tag>, create_tag already registered for DAG: example_complex
[2023-01-03T03:48:43.261+0000] {processor.py:753} INFO - DAG(s) dict_keys(['example_complex']) retrieved from /home/airflow/.local/lib/python3.7/site-packages/airflow/example_dags/example_complex.py
[2023-01-03T03:48:43.330+0000] {logging_mixin.py:137} INFO - [2023-01-03T03:48:43.330+0000] {dag.py:2676} INFO - Sync 1 DAGs
[2023-01-03T03:48:43.384+0000] {logging_mixin.py:137} INFO - [2023-01-03T03:48:43.384+0000] {dag.py:3427} INFO - Setting next_dagrun for example_complex to None, run_after=None
[2023-01-03T03:48:43.419+0000] {processor.py:175} INFO - Processing /home/airflow/.local/lib/python3.7/site-packages/airflow/example_dags/example_complex.py took 0.202 seconds
[2023-01-03T03:49:14.061+0000] {processor.py:153} INFO - Started process (PID=635) to work on /home/airflow/.local/lib/python3.7/site-packages/airflow/example_dags/example_complex.py
[2023-01-03T03:49:14.073+0000] {processor.py:743} INFO - Processing file /home/airflow/.local/lib/python3.7/site-packages/airflow/example_dags/example_complex.py for tasks to queue
[2023-01-03T03:49:14.074+0000] {logging_mixin.py:137} INFO - [2023-01-03T03:49:14.074+0000] {dagbag.py:538} INFO - Filling up the DagBag from /home/airflow/.local/lib/python3.7/site-packages/airflow/example_dags/example_complex.py
[2023-01-03T03:49:14.095+0000] {logging_mixin.py:137} INFO - [2023-01-03T03:49:14.095+0000] {taskmixin.py:205} WARNING - Dependency <Task(BashOperator): create_entry_group>, delete_entry_group already registered for DAG: example_complex
[2023-01-03T03:49:14.102+0000] {logging_mixin.py:137} INFO - [2023-01-03T03:49:14.102+0000] {taskmixin.py:205} WARNING - Dependency <Task(BashOperator): delete_entry_group>, create_entry_group already registered for DAG: example_complex
[2023-01-03T03:49:14.103+0000] {logging_mixin.py:137} INFO - [2023-01-03T03:49:14.103+0000] {taskmixin.py:205} WARNING - Dependency <Task(BashOperator): create_entry_gcs>, delete_entry already registered for DAG: example_complex
[2023-01-03T03:49:14.103+0000] {logging_mixin.py:137} INFO - [2023-01-03T03:49:14.103+0000] {taskmixin.py:205} WARNING - Dependency <Task(BashOperator): delete_entry>, create_entry_gcs already registered for DAG: example_complex
[2023-01-03T03:49:14.104+0000] {logging_mixin.py:137} INFO - [2023-01-03T03:49:14.104+0000] {taskmixin.py:205} WARNING - Dependency <Task(BashOperator): create_tag>, delete_tag already registered for DAG: example_complex
[2023-01-03T03:49:14.104+0000] {logging_mixin.py:137} INFO - [2023-01-03T03:49:14.104+0000] {taskmixin.py:205} WARNING - Dependency <Task(BashOperator): delete_tag>, create_tag already registered for DAG: example_complex
[2023-01-03T03:49:14.110+0000] {processor.py:753} INFO - DAG(s) dict_keys(['example_complex']) retrieved from /home/airflow/.local/lib/python3.7/site-packages/airflow/example_dags/example_complex.py
[2023-01-03T03:49:14.158+0000] {logging_mixin.py:137} INFO - [2023-01-03T03:49:14.158+0000] {dag.py:2676} INFO - Sync 1 DAGs
[2023-01-03T03:49:14.180+0000] {logging_mixin.py:137} INFO - [2023-01-03T03:49:14.180+0000] {dag.py:3427} INFO - Setting next_dagrun for example_complex to None, run_after=None
[2023-01-03T03:49:14.197+0000] {processor.py:175} INFO - Processing /home/airflow/.local/lib/python3.7/site-packages/airflow/example_dags/example_complex.py took 0.145 seconds
[2023-01-03T03:49:45.727+0000] {processor.py:153} INFO - Started process (PID=709) to work on /home/airflow/.local/lib/python3.7/site-packages/airflow/example_dags/example_complex.py
[2023-01-03T03:49:45.734+0000] {processor.py:743} INFO - Processing file /home/airflow/.local/lib/python3.7/site-packages/airflow/example_dags/example_complex.py for tasks to queue
[2023-01-03T03:49:45.735+0000] {logging_mixin.py:137} INFO - [2023-01-03T03:49:45.735+0000] {dagbag.py:538} INFO - Filling up the DagBag from /home/airflow/.local/lib/python3.7/site-packages/airflow/example_dags/example_complex.py
[2023-01-03T03:49:45.758+0000] {logging_mixin.py:137} INFO - [2023-01-03T03:49:45.758+0000] {taskmixin.py:205} WARNING - Dependency <Task(BashOperator): create_entry_group>, delete_entry_group already registered for DAG: example_complex
[2023-01-03T03:49:45.759+0000] {logging_mixin.py:137} INFO - [2023-01-03T03:49:45.759+0000] {taskmixin.py:205} WARNING - Dependency <Task(BashOperator): delete_entry_group>, create_entry_group already registered for DAG: example_complex
[2023-01-03T03:49:45.760+0000] {logging_mixin.py:137} INFO - [2023-01-03T03:49:45.760+0000] {taskmixin.py:205} WARNING - Dependency <Task(BashOperator): create_entry_gcs>, delete_entry already registered for DAG: example_complex
[2023-01-03T03:49:45.761+0000] {logging_mixin.py:137} INFO - [2023-01-03T03:49:45.761+0000] {taskmixin.py:205} WARNING - Dependency <Task(BashOperator): delete_entry>, create_entry_gcs already registered for DAG: example_complex
[2023-01-03T03:49:45.761+0000] {logging_mixin.py:137} INFO - [2023-01-03T03:49:45.761+0000] {taskmixin.py:205} WARNING - Dependency <Task(BashOperator): create_tag>, delete_tag already registered for DAG: example_complex
[2023-01-03T03:49:45.762+0000] {logging_mixin.py:137} INFO - [2023-01-03T03:49:45.762+0000] {taskmixin.py:205} WARNING - Dependency <Task(BashOperator): delete_tag>, create_tag already registered for DAG: example_complex
[2023-01-03T03:49:45.776+0000] {processor.py:753} INFO - DAG(s) dict_keys(['example_complex']) retrieved from /home/airflow/.local/lib/python3.7/site-packages/airflow/example_dags/example_complex.py
[2023-01-03T03:49:45.886+0000] {logging_mixin.py:137} INFO - [2023-01-03T03:49:45.886+0000] {dag.py:2676} INFO - Sync 1 DAGs
[2023-01-03T03:49:45.934+0000] {logging_mixin.py:137} INFO - [2023-01-03T03:49:45.934+0000] {dag.py:3427} INFO - Setting next_dagrun for example_complex to None, run_after=None
[2023-01-03T03:49:45.973+0000] {processor.py:175} INFO - Processing /home/airflow/.local/lib/python3.7/site-packages/airflow/example_dags/example_complex.py took 0.250 seconds
[2023-01-03T03:50:16.622+0000] {processor.py:153} INFO - Started process (PID=771) to work on /home/airflow/.local/lib/python3.7/site-packages/airflow/example_dags/example_complex.py
[2023-01-03T03:50:16.635+0000] {processor.py:743} INFO - Processing file /home/airflow/.local/lib/python3.7/site-packages/airflow/example_dags/example_complex.py for tasks to queue
[2023-01-03T03:50:16.639+0000] {logging_mixin.py:137} INFO - [2023-01-03T03:50:16.639+0000] {dagbag.py:538} INFO - Filling up the DagBag from /home/airflow/.local/lib/python3.7/site-packages/airflow/example_dags/example_complex.py
[2023-01-03T03:50:16.693+0000] {logging_mixin.py:137} INFO - [2023-01-03T03:50:16.693+0000] {taskmixin.py:205} WARNING - Dependency <Task(BashOperator): create_entry_group>, delete_entry_group already registered for DAG: example_complex
[2023-01-03T03:50:16.694+0000] {logging_mixin.py:137} INFO - [2023-01-03T03:50:16.694+0000] {taskmixin.py:205} WARNING - Dependency <Task(BashOperator): delete_entry_group>, create_entry_group already registered for DAG: example_complex
[2023-01-03T03:50:16.695+0000] {logging_mixin.py:137} INFO - [2023-01-03T03:50:16.695+0000] {taskmixin.py:205} WARNING - Dependency <Task(BashOperator): create_entry_gcs>, delete_entry already registered for DAG: example_complex
[2023-01-03T03:50:16.696+0000] {logging_mixin.py:137} INFO - [2023-01-03T03:50:16.696+0000] {taskmixin.py:205} WARNING - Dependency <Task(BashOperator): delete_entry>, create_entry_gcs already registered for DAG: example_complex
[2023-01-03T03:50:16.697+0000] {logging_mixin.py:137} INFO - [2023-01-03T03:50:16.697+0000] {taskmixin.py:205} WARNING - Dependency <Task(BashOperator): create_tag>, delete_tag already registered for DAG: example_complex
[2023-01-03T03:50:16.698+0000] {logging_mixin.py:137} INFO - [2023-01-03T03:50:16.698+0000] {taskmixin.py:205} WARNING - Dependency <Task(BashOperator): delete_tag>, create_tag already registered for DAG: example_complex
[2023-01-03T03:50:16.731+0000] {processor.py:753} INFO - DAG(s) dict_keys(['example_complex']) retrieved from /home/airflow/.local/lib/python3.7/site-packages/airflow/example_dags/example_complex.py
[2023-01-03T03:50:16.969+0000] {logging_mixin.py:137} INFO - [2023-01-03T03:50:16.968+0000] {dag.py:2676} INFO - Sync 1 DAGs
[2023-01-03T03:50:17.118+0000] {logging_mixin.py:137} INFO - [2023-01-03T03:50:17.118+0000] {dag.py:3427} INFO - Setting next_dagrun for example_complex to None, run_after=None
[2023-01-03T03:50:17.225+0000] {processor.py:175} INFO - Processing /home/airflow/.local/lib/python3.7/site-packages/airflow/example_dags/example_complex.py took 0.611 seconds
[2023-01-03T03:50:47.418+0000] {processor.py:153} INFO - Started process (PID=822) to work on /home/airflow/.local/lib/python3.7/site-packages/airflow/example_dags/example_complex.py
[2023-01-03T03:50:47.423+0000] {processor.py:743} INFO - Processing file /home/airflow/.local/lib/python3.7/site-packages/airflow/example_dags/example_complex.py for tasks to queue
[2023-01-03T03:50:47.424+0000] {logging_mixin.py:137} INFO - [2023-01-03T03:50:47.424+0000] {dagbag.py:538} INFO - Filling up the DagBag from /home/airflow/.local/lib/python3.7/site-packages/airflow/example_dags/example_complex.py
[2023-01-03T03:50:47.452+0000] {logging_mixin.py:137} INFO - [2023-01-03T03:50:47.452+0000] {taskmixin.py:205} WARNING - Dependency <Task(BashOperator): create_entry_group>, delete_entry_group already registered for DAG: example_complex
[2023-01-03T03:50:47.453+0000] {logging_mixin.py:137} INFO - [2023-01-03T03:50:47.453+0000] {taskmixin.py:205} WARNING - Dependency <Task(BashOperator): delete_entry_group>, create_entry_group already registered for DAG: example_complex
[2023-01-03T03:50:47.460+0000] {logging_mixin.py:137} INFO - [2023-01-03T03:50:47.460+0000] {taskmixin.py:205} WARNING - Dependency <Task(BashOperator): create_entry_gcs>, delete_entry already registered for DAG: example_complex
[2023-01-03T03:50:47.461+0000] {logging_mixin.py:137} INFO - [2023-01-03T03:50:47.461+0000] {taskmixin.py:205} WARNING - Dependency <Task(BashOperator): delete_entry>, create_entry_gcs already registered for DAG: example_complex
[2023-01-03T03:50:47.461+0000] {logging_mixin.py:137} INFO - [2023-01-03T03:50:47.461+0000] {taskmixin.py:205} WARNING - Dependency <Task(BashOperator): create_tag>, delete_tag already registered for DAG: example_complex
[2023-01-03T03:50:47.462+0000] {logging_mixin.py:137} INFO - [2023-01-03T03:50:47.462+0000] {taskmixin.py:205} WARNING - Dependency <Task(BashOperator): delete_tag>, create_tag already registered for DAG: example_complex
[2023-01-03T03:50:47.474+0000] {processor.py:753} INFO - DAG(s) dict_keys(['example_complex']) retrieved from /home/airflow/.local/lib/python3.7/site-packages/airflow/example_dags/example_complex.py
[2023-01-03T03:50:47.559+0000] {logging_mixin.py:137} INFO - [2023-01-03T03:50:47.559+0000] {dag.py:2676} INFO - Sync 1 DAGs
[2023-01-03T03:50:47.615+0000] {logging_mixin.py:137} INFO - [2023-01-03T03:50:47.615+0000] {dag.py:3427} INFO - Setting next_dagrun for example_complex to None, run_after=None
[2023-01-03T03:50:47.655+0000] {processor.py:175} INFO - Processing /home/airflow/.local/lib/python3.7/site-packages/airflow/example_dags/example_complex.py took 0.242 seconds
[2023-01-03T03:51:18.048+0000] {processor.py:153} INFO - Started process (PID=893) to work on /home/airflow/.local/lib/python3.7/site-packages/airflow/example_dags/example_complex.py
[2023-01-03T03:51:18.059+0000] {processor.py:743} INFO - Processing file /home/airflow/.local/lib/python3.7/site-packages/airflow/example_dags/example_complex.py for tasks to queue
[2023-01-03T03:51:18.060+0000] {logging_mixin.py:137} INFO - [2023-01-03T03:51:18.060+0000] {dagbag.py:538} INFO - Filling up the DagBag from /home/airflow/.local/lib/python3.7/site-packages/airflow/example_dags/example_complex.py
[2023-01-03T03:51:18.075+0000] {logging_mixin.py:137} INFO - [2023-01-03T03:51:18.075+0000] {taskmixin.py:205} WARNING - Dependency <Task(BashOperator): create_entry_group>, delete_entry_group already registered for DAG: example_complex
[2023-01-03T03:51:18.078+0000] {logging_mixin.py:137} INFO - [2023-01-03T03:51:18.077+0000] {taskmixin.py:205} WARNING - Dependency <Task(BashOperator): delete_entry_group>, create_entry_group already registered for DAG: example_complex
[2023-01-03T03:51:18.083+0000] {logging_mixin.py:137} INFO - [2023-01-03T03:51:18.083+0000] {taskmixin.py:205} WARNING - Dependency <Task(BashOperator): create_entry_gcs>, delete_entry already registered for DAG: example_complex
[2023-01-03T03:51:18.089+0000] {logging_mixin.py:137} INFO - [2023-01-03T03:51:18.089+0000] {taskmixin.py:205} WARNING - Dependency <Task(BashOperator): delete_entry>, create_entry_gcs already registered for DAG: example_complex
[2023-01-03T03:51:18.099+0000] {logging_mixin.py:137} INFO - [2023-01-03T03:51:18.099+0000] {taskmixin.py:205} WARNING - Dependency <Task(BashOperator): create_tag>, delete_tag already registered for DAG: example_complex
[2023-01-03T03:51:18.102+0000] {logging_mixin.py:137} INFO - [2023-01-03T03:51:18.102+0000] {taskmixin.py:205} WARNING - Dependency <Task(BashOperator): delete_tag>, create_tag already registered for DAG: example_complex
[2023-01-03T03:51:18.148+0000] {processor.py:753} INFO - DAG(s) dict_keys(['example_complex']) retrieved from /home/airflow/.local/lib/python3.7/site-packages/airflow/example_dags/example_complex.py
[2023-01-03T03:51:18.408+0000] {logging_mixin.py:137} INFO - [2023-01-03T03:51:18.408+0000] {dag.py:2676} INFO - Sync 1 DAGs
[2023-01-03T03:51:18.457+0000] {logging_mixin.py:137} INFO - [2023-01-03T03:51:18.457+0000] {dag.py:3427} INFO - Setting next_dagrun for example_complex to None, run_after=None
[2023-01-03T03:51:18.527+0000] {processor.py:175} INFO - Processing /home/airflow/.local/lib/python3.7/site-packages/airflow/example_dags/example_complex.py took 0.485 seconds
[2023-01-03T03:51:49.138+0000] {processor.py:153} INFO - Started process (PID=955) to work on /home/airflow/.local/lib/python3.7/site-packages/airflow/example_dags/example_complex.py
[2023-01-03T03:51:49.143+0000] {processor.py:743} INFO - Processing file /home/airflow/.local/lib/python3.7/site-packages/airflow/example_dags/example_complex.py for tasks to queue
[2023-01-03T03:51:49.145+0000] {logging_mixin.py:137} INFO - [2023-01-03T03:51:49.145+0000] {dagbag.py:538} INFO - Filling up the DagBag from /home/airflow/.local/lib/python3.7/site-packages/airflow/example_dags/example_complex.py
[2023-01-03T03:51:49.177+0000] {logging_mixin.py:137} INFO - [2023-01-03T03:51:49.177+0000] {taskmixin.py:205} WARNING - Dependency <Task(BashOperator): create_entry_group>, delete_entry_group already registered for DAG: example_complex
[2023-01-03T03:51:49.180+0000] {logging_mixin.py:137} INFO - [2023-01-03T03:51:49.179+0000] {taskmixin.py:205} WARNING - Dependency <Task(BashOperator): delete_entry_group>, create_entry_group already registered for DAG: example_complex
[2023-01-03T03:51:49.181+0000] {logging_mixin.py:137} INFO - [2023-01-03T03:51:49.180+0000] {taskmixin.py:205} WARNING - Dependency <Task(BashOperator): create_entry_gcs>, delete_entry already registered for DAG: example_complex
[2023-01-03T03:51:49.192+0000] {logging_mixin.py:137} INFO - [2023-01-03T03:51:49.181+0000] {taskmixin.py:205} WARNING - Dependency <Task(BashOperator): delete_entry>, create_entry_gcs already registered for DAG: example_complex
[2023-01-03T03:51:49.208+0000] {logging_mixin.py:137} INFO - [2023-01-03T03:51:49.207+0000] {taskmixin.py:205} WARNING - Dependency <Task(BashOperator): create_tag>, delete_tag already registered for DAG: example_complex
[2023-01-03T03:51:49.209+0000] {logging_mixin.py:137} INFO - [2023-01-03T03:51:49.209+0000] {taskmixin.py:205} WARNING - Dependency <Task(BashOperator): delete_tag>, create_tag already registered for DAG: example_complex
[2023-01-03T03:51:49.218+0000] {processor.py:753} INFO - DAG(s) dict_keys(['example_complex']) retrieved from /home/airflow/.local/lib/python3.7/site-packages/airflow/example_dags/example_complex.py
[2023-01-03T03:51:49.277+0000] {logging_mixin.py:137} INFO - [2023-01-03T03:51:49.277+0000] {dag.py:2676} INFO - Sync 1 DAGs
[2023-01-03T03:51:49.529+0000] {logging_mixin.py:137} INFO - [2023-01-03T03:51:49.529+0000] {dag.py:3427} INFO - Setting next_dagrun for example_complex to None, run_after=None
[2023-01-03T03:51:49.618+0000] {processor.py:175} INFO - Processing /home/airflow/.local/lib/python3.7/site-packages/airflow/example_dags/example_complex.py took 0.487 seconds
[2023-01-03T03:52:19.784+0000] {processor.py:153} INFO - Started process (PID=1007) to work on /home/airflow/.local/lib/python3.7/site-packages/airflow/example_dags/example_complex.py
[2023-01-03T03:52:19.788+0000] {processor.py:743} INFO - Processing file /home/airflow/.local/lib/python3.7/site-packages/airflow/example_dags/example_complex.py for tasks to queue
[2023-01-03T03:52:19.791+0000] {logging_mixin.py:137} INFO - [2023-01-03T03:52:19.791+0000] {dagbag.py:538} INFO - Filling up the DagBag from /home/airflow/.local/lib/python3.7/site-packages/airflow/example_dags/example_complex.py
[2023-01-03T03:52:19.817+0000] {logging_mixin.py:137} INFO - [2023-01-03T03:52:19.817+0000] {taskmixin.py:205} WARNING - Dependency <Task(BashOperator): create_entry_group>, delete_entry_group already registered for DAG: example_complex
[2023-01-03T03:52:19.818+0000] {logging_mixin.py:137} INFO - [2023-01-03T03:52:19.818+0000] {taskmixin.py:205} WARNING - Dependency <Task(BashOperator): delete_entry_group>, create_entry_group already registered for DAG: example_complex
[2023-01-03T03:52:19.821+0000] {logging_mixin.py:137} INFO - [2023-01-03T03:52:19.820+0000] {taskmixin.py:205} WARNING - Dependency <Task(BashOperator): create_entry_gcs>, delete_entry already registered for DAG: example_complex
[2023-01-03T03:52:19.822+0000] {logging_mixin.py:137} INFO - [2023-01-03T03:52:19.821+0000] {taskmixin.py:205} WARNING - Dependency <Task(BashOperator): delete_entry>, create_entry_gcs already registered for DAG: example_complex
[2023-01-03T03:52:19.822+0000] {logging_mixin.py:137} INFO - [2023-01-03T03:52:19.822+0000] {taskmixin.py:205} WARNING - Dependency <Task(BashOperator): create_tag>, delete_tag already registered for DAG: example_complex
[2023-01-03T03:52:19.823+0000] {logging_mixin.py:137} INFO - [2023-01-03T03:52:19.822+0000] {taskmixin.py:205} WARNING - Dependency <Task(BashOperator): delete_tag>, create_tag already registered for DAG: example_complex
[2023-01-03T03:52:19.828+0000] {processor.py:753} INFO - DAG(s) dict_keys(['example_complex']) retrieved from /home/airflow/.local/lib/python3.7/site-packages/airflow/example_dags/example_complex.py
[2023-01-03T03:52:19.907+0000] {logging_mixin.py:137} INFO - [2023-01-03T03:52:19.906+0000] {dag.py:2676} INFO - Sync 1 DAGs
[2023-01-03T03:52:19.947+0000] {logging_mixin.py:137} INFO - [2023-01-03T03:52:19.947+0000] {dag.py:3427} INFO - Setting next_dagrun for example_complex to None, run_after=None
[2023-01-03T03:52:19.962+0000] {processor.py:175} INFO - Processing /home/airflow/.local/lib/python3.7/site-packages/airflow/example_dags/example_complex.py took 0.181 seconds
[2023-01-03T03:52:59.689+0000] {processor.py:153} INFO - Started process (PID=1071) to work on /home/airflow/.local/lib/python3.7/site-packages/airflow/example_dags/example_complex.py
[2023-01-03T03:52:59.692+0000] {processor.py:743} INFO - Processing file /home/airflow/.local/lib/python3.7/site-packages/airflow/example_dags/example_complex.py for tasks to queue
[2023-01-03T03:52:59.694+0000] {logging_mixin.py:137} INFO - [2023-01-03T03:52:59.694+0000] {dagbag.py:538} INFO - Filling up the DagBag from /home/airflow/.local/lib/python3.7/site-packages/airflow/example_dags/example_complex.py
[2023-01-03T03:52:59.717+0000] {logging_mixin.py:137} INFO - [2023-01-03T03:52:59.715+0000] {taskmixin.py:205} WARNING - Dependency <Task(BashOperator): create_entry_group>, delete_entry_group already registered for DAG: example_complex
[2023-01-03T03:52:59.718+0000] {logging_mixin.py:137} INFO - [2023-01-03T03:52:59.718+0000] {taskmixin.py:205} WARNING - Dependency <Task(BashOperator): delete_entry_group>, create_entry_group already registered for DAG: example_complex
[2023-01-03T03:52:59.727+0000] {logging_mixin.py:137} INFO - [2023-01-03T03:52:59.727+0000] {taskmixin.py:205} WARNING - Dependency <Task(BashOperator): create_entry_gcs>, delete_entry already registered for DAG: example_complex
[2023-01-03T03:52:59.730+0000] {logging_mixin.py:137} INFO - [2023-01-03T03:52:59.730+0000] {taskmixin.py:205} WARNING - Dependency <Task(BashOperator): delete_entry>, create_entry_gcs already registered for DAG: example_complex
[2023-01-03T03:52:59.735+0000] {logging_mixin.py:137} INFO - [2023-01-03T03:52:59.735+0000] {taskmixin.py:205} WARNING - Dependency <Task(BashOperator): create_tag>, delete_tag already registered for DAG: example_complex
[2023-01-03T03:52:59.736+0000] {logging_mixin.py:137} INFO - [2023-01-03T03:52:59.736+0000] {taskmixin.py:205} WARNING - Dependency <Task(BashOperator): delete_tag>, create_tag already registered for DAG: example_complex
[2023-01-03T03:52:59.766+0000] {processor.py:753} INFO - DAG(s) dict_keys(['example_complex']) retrieved from /home/airflow/.local/lib/python3.7/site-packages/airflow/example_dags/example_complex.py
[2023-01-03T03:52:59.872+0000] {logging_mixin.py:137} INFO - [2023-01-03T03:52:59.872+0000] {dag.py:2676} INFO - Sync 1 DAGs
[2023-01-03T03:52:59.923+0000] {logging_mixin.py:137} INFO - [2023-01-03T03:52:59.923+0000] {dag.py:3427} INFO - Setting next_dagrun for example_complex to None, run_after=None
[2023-01-03T03:52:59.960+0000] {processor.py:175} INFO - Processing /home/airflow/.local/lib/python3.7/site-packages/airflow/example_dags/example_complex.py took 0.282 seconds
[2023-01-03T03:53:46.424+0000] {processor.py:153} INFO - Started process (PID=1121) to work on /home/airflow/.local/lib/python3.7/site-packages/airflow/example_dags/example_complex.py
[2023-01-03T03:53:46.430+0000] {processor.py:743} INFO - Processing file /home/airflow/.local/lib/python3.7/site-packages/airflow/example_dags/example_complex.py for tasks to queue
[2023-01-03T03:53:46.431+0000] {logging_mixin.py:137} INFO - [2023-01-03T03:53:46.431+0000] {dagbag.py:538} INFO - Filling up the DagBag from /home/airflow/.local/lib/python3.7/site-packages/airflow/example_dags/example_complex.py
[2023-01-03T03:53:46.455+0000] {logging_mixin.py:137} INFO - [2023-01-03T03:53:46.446+0000] {taskmixin.py:205} WARNING - Dependency <Task(BashOperator): create_entry_group>, delete_entry_group already registered for DAG: example_complex
[2023-01-03T03:53:46.456+0000] {logging_mixin.py:137} INFO - [2023-01-03T03:53:46.456+0000] {taskmixin.py:205} WARNING - Dependency <Task(BashOperator): delete_entry_group>, create_entry_group already registered for DAG: example_complex
[2023-01-03T03:53:46.457+0000] {logging_mixin.py:137} INFO - [2023-01-03T03:53:46.456+0000] {taskmixin.py:205} WARNING - Dependency <Task(BashOperator): create_entry_gcs>, delete_entry already registered for DAG: example_complex
[2023-01-03T03:53:46.457+0000] {logging_mixin.py:137} INFO - [2023-01-03T03:53:46.457+0000] {taskmixin.py:205} WARNING - Dependency <Task(BashOperator): delete_entry>, create_entry_gcs already registered for DAG: example_complex
[2023-01-03T03:53:46.458+0000] {logging_mixin.py:137} INFO - [2023-01-03T03:53:46.458+0000] {taskmixin.py:205} WARNING - Dependency <Task(BashOperator): create_tag>, delete_tag already registered for DAG: example_complex
[2023-01-03T03:53:46.459+0000] {logging_mixin.py:137} INFO - [2023-01-03T03:53:46.459+0000] {taskmixin.py:205} WARNING - Dependency <Task(BashOperator): delete_tag>, create_tag already registered for DAG: example_complex
[2023-01-03T03:53:46.479+0000] {processor.py:753} INFO - DAG(s) dict_keys(['example_complex']) retrieved from /home/airflow/.local/lib/python3.7/site-packages/airflow/example_dags/example_complex.py
[2023-01-03T03:53:46.589+0000] {logging_mixin.py:137} INFO - [2023-01-03T03:53:46.589+0000] {dag.py:2676} INFO - Sync 1 DAGs
[2023-01-03T03:53:46.638+0000] {logging_mixin.py:137} INFO - [2023-01-03T03:53:46.638+0000] {dag.py:3427} INFO - Setting next_dagrun for example_complex to None, run_after=None
[2023-01-03T03:53:46.676+0000] {processor.py:175} INFO - Processing /home/airflow/.local/lib/python3.7/site-packages/airflow/example_dags/example_complex.py took 0.258 seconds
[2023-01-03T03:54:19.219+0000] {processor.py:153} INFO - Started process (PID=1183) to work on /home/airflow/.local/lib/python3.7/site-packages/airflow/example_dags/example_complex.py
[2023-01-03T03:54:19.222+0000] {processor.py:743} INFO - Processing file /home/airflow/.local/lib/python3.7/site-packages/airflow/example_dags/example_complex.py for tasks to queue
[2023-01-03T03:54:19.223+0000] {logging_mixin.py:137} INFO - [2023-01-03T03:54:19.223+0000] {dagbag.py:538} INFO - Filling up the DagBag from /home/airflow/.local/lib/python3.7/site-packages/airflow/example_dags/example_complex.py
[2023-01-03T03:54:19.247+0000] {logging_mixin.py:137} INFO - [2023-01-03T03:54:19.247+0000] {taskmixin.py:205} WARNING - Dependency <Task(BashOperator): create_entry_group>, delete_entry_group already registered for DAG: example_complex
[2023-01-03T03:54:19.252+0000] {logging_mixin.py:137} INFO - [2023-01-03T03:54:19.252+0000] {taskmixin.py:205} WARNING - Dependency <Task(BashOperator): delete_entry_group>, create_entry_group already registered for DAG: example_complex
[2023-01-03T03:54:19.255+0000] {logging_mixin.py:137} INFO - [2023-01-03T03:54:19.255+0000] {taskmixin.py:205} WARNING - Dependency <Task(BashOperator): create_entry_gcs>, delete_entry already registered for DAG: example_complex
[2023-01-03T03:54:19.256+0000] {logging_mixin.py:137} INFO - [2023-01-03T03:54:19.256+0000] {taskmixin.py:205} WARNING - Dependency <Task(BashOperator): delete_entry>, create_entry_gcs already registered for DAG: example_complex
[2023-01-03T03:54:19.257+0000] {logging_mixin.py:137} INFO - [2023-01-03T03:54:19.257+0000] {taskmixin.py:205} WARNING - Dependency <Task(BashOperator): create_tag>, delete_tag already registered for DAG: example_complex
[2023-01-03T03:54:19.258+0000] {logging_mixin.py:137} INFO - [2023-01-03T03:54:19.258+0000] {taskmixin.py:205} WARNING - Dependency <Task(BashOperator): delete_tag>, create_tag already registered for DAG: example_complex
[2023-01-03T03:54:19.286+0000] {processor.py:753} INFO - DAG(s) dict_keys(['example_complex']) retrieved from /home/airflow/.local/lib/python3.7/site-packages/airflow/example_dags/example_complex.py
[2023-01-03T03:54:19.358+0000] {logging_mixin.py:137} INFO - [2023-01-03T03:54:19.358+0000] {dag.py:2676} INFO - Sync 1 DAGs
[2023-01-03T03:54:19.393+0000] {logging_mixin.py:137} INFO - [2023-01-03T03:54:19.393+0000] {dag.py:3427} INFO - Setting next_dagrun for example_complex to None, run_after=None
[2023-01-03T03:54:19.423+0000] {processor.py:175} INFO - Processing /home/airflow/.local/lib/python3.7/site-packages/airflow/example_dags/example_complex.py took 0.213 seconds
[2023-01-03T03:55:15.921+0000] {processor.py:153} INFO - Started process (PID=1252) to work on /home/airflow/.local/lib/python3.7/site-packages/airflow/example_dags/example_complex.py
[2023-01-03T03:55:15.924+0000] {processor.py:743} INFO - Processing file /home/airflow/.local/lib/python3.7/site-packages/airflow/example_dags/example_complex.py for tasks to queue
[2023-01-03T03:55:15.925+0000] {logging_mixin.py:137} INFO - [2023-01-03T03:55:15.925+0000] {dagbag.py:538} INFO - Filling up the DagBag from /home/airflow/.local/lib/python3.7/site-packages/airflow/example_dags/example_complex.py
[2023-01-03T03:55:15.970+0000] {logging_mixin.py:137} INFO - [2023-01-03T03:55:15.970+0000] {taskmixin.py:205} WARNING - Dependency <Task(BashOperator): create_entry_group>, delete_entry_group already registered for DAG: example_complex
[2023-01-03T03:55:15.976+0000] {logging_mixin.py:137} INFO - [2023-01-03T03:55:15.975+0000] {taskmixin.py:205} WARNING - Dependency <Task(BashOperator): delete_entry_group>, create_entry_group already registered for DAG: example_complex
[2023-01-03T03:55:15.984+0000] {logging_mixin.py:137} INFO - [2023-01-03T03:55:15.983+0000] {taskmixin.py:205} WARNING - Dependency <Task(BashOperator): create_entry_gcs>, delete_entry already registered for DAG: example_complex
[2023-01-03T03:55:15.985+0000] {logging_mixin.py:137} INFO - [2023-01-03T03:55:15.985+0000] {taskmixin.py:205} WARNING - Dependency <Task(BashOperator): delete_entry>, create_entry_gcs already registered for DAG: example_complex
[2023-01-03T03:55:16.010+0000] {logging_mixin.py:137} INFO - [2023-01-03T03:55:15.988+0000] {taskmixin.py:205} WARNING - Dependency <Task(BashOperator): create_tag>, delete_tag already registered for DAG: example_complex
[2023-01-03T03:55:16.014+0000] {logging_mixin.py:137} INFO - [2023-01-03T03:55:16.012+0000] {taskmixin.py:205} WARNING - Dependency <Task(BashOperator): delete_tag>, create_tag already registered for DAG: example_complex
[2023-01-03T03:55:16.200+0000] {processor.py:753} INFO - DAG(s) dict_keys(['example_complex']) retrieved from /home/airflow/.local/lib/python3.7/site-packages/airflow/example_dags/example_complex.py
[2023-01-03T03:55:16.713+0000] {logging_mixin.py:137} INFO - [2023-01-03T03:55:16.713+0000] {dag.py:2676} INFO - Sync 1 DAGs
[2023-01-03T03:55:17.016+0000] {logging_mixin.py:137} INFO - [2023-01-03T03:55:17.016+0000] {dag.py:3427} INFO - Setting next_dagrun for example_complex to None, run_after=None
[2023-01-03T03:55:17.332+0000] {processor.py:175} INFO - Processing /home/airflow/.local/lib/python3.7/site-packages/airflow/example_dags/example_complex.py took 1.534 seconds
[2023-01-03T04:04:08.103+0000] {processor.py:153} INFO - Started process (PID=169) to work on /home/airflow/.local/lib/python3.7/site-packages/airflow/example_dags/example_complex.py
[2023-01-03T04:04:08.107+0000] {processor.py:743} INFO - Processing file /home/airflow/.local/lib/python3.7/site-packages/airflow/example_dags/example_complex.py for tasks to queue
[2023-01-03T04:04:08.109+0000] {logging_mixin.py:137} INFO - [2023-01-03T04:04:08.109+0000] {dagbag.py:538} INFO - Filling up the DagBag from /home/airflow/.local/lib/python3.7/site-packages/airflow/example_dags/example_complex.py
[2023-01-03T04:04:08.215+0000] {logging_mixin.py:137} INFO - [2023-01-03T04:04:08.215+0000] {taskmixin.py:205} WARNING - Dependency <Task(BashOperator): create_entry_group>, delete_entry_group already registered for DAG: example_complex
[2023-01-03T04:04:08.232+0000] {logging_mixin.py:137} INFO - [2023-01-03T04:04:08.231+0000] {taskmixin.py:205} WARNING - Dependency <Task(BashOperator): delete_entry_group>, create_entry_group already registered for DAG: example_complex
[2023-01-03T04:04:08.236+0000] {logging_mixin.py:137} INFO - [2023-01-03T04:04:08.234+0000] {taskmixin.py:205} WARNING - Dependency <Task(BashOperator): create_entry_gcs>, delete_entry already registered for DAG: example_complex
[2023-01-03T04:04:08.241+0000] {logging_mixin.py:137} INFO - [2023-01-03T04:04:08.238+0000] {taskmixin.py:205} WARNING - Dependency <Task(BashOperator): delete_entry>, create_entry_gcs already registered for DAG: example_complex
[2023-01-03T04:04:08.246+0000] {logging_mixin.py:137} INFO - [2023-01-03T04:04:08.246+0000] {taskmixin.py:205} WARNING - Dependency <Task(BashOperator): create_tag>, delete_tag already registered for DAG: example_complex
[2023-01-03T04:04:08.256+0000] {logging_mixin.py:137} INFO - [2023-01-03T04:04:08.254+0000] {taskmixin.py:205} WARNING - Dependency <Task(BashOperator): delete_tag>, create_tag already registered for DAG: example_complex
[2023-01-03T04:04:08.411+0000] {processor.py:753} INFO - DAG(s) dict_keys(['example_complex']) retrieved from /home/airflow/.local/lib/python3.7/site-packages/airflow/example_dags/example_complex.py
[2023-01-03T04:04:10.083+0000] {logging_mixin.py:137} INFO - [2023-01-03T04:04:10.083+0000] {dag.py:2676} INFO - Sync 1 DAGs
[2023-01-03T04:04:10.638+0000] {logging_mixin.py:137} INFO - [2023-01-03T04:04:10.638+0000] {dag.py:3427} INFO - Setting next_dagrun for example_complex to None, run_after=None
[2023-01-03T04:04:10.811+0000] {processor.py:175} INFO - Processing /home/airflow/.local/lib/python3.7/site-packages/airflow/example_dags/example_complex.py took 2.726 seconds
[2023-01-03T04:09:28.853+0000] {processor.py:153} INFO - Started process (PID=101) to work on /home/airflow/.local/lib/python3.7/site-packages/airflow/example_dags/example_complex.py
[2023-01-03T04:09:28.862+0000] {processor.py:743} INFO - Processing file /home/airflow/.local/lib/python3.7/site-packages/airflow/example_dags/example_complex.py for tasks to queue
[2023-01-03T04:09:28.864+0000] {logging_mixin.py:137} INFO - [2023-01-03T04:09:28.863+0000] {dagbag.py:538} INFO - Filling up the DagBag from /home/airflow/.local/lib/python3.7/site-packages/airflow/example_dags/example_complex.py
[2023-01-03T04:09:28.924+0000] {logging_mixin.py:137} INFO - [2023-01-03T04:09:28.918+0000] {taskmixin.py:205} WARNING - Dependency <Task(BashOperator): create_entry_group>, delete_entry_group already registered for DAG: example_complex
[2023-01-03T04:09:28.928+0000] {logging_mixin.py:137} INFO - [2023-01-03T04:09:28.927+0000] {taskmixin.py:205} WARNING - Dependency <Task(BashOperator): delete_entry_group>, create_entry_group already registered for DAG: example_complex
[2023-01-03T04:09:28.929+0000] {logging_mixin.py:137} INFO - [2023-01-03T04:09:28.929+0000] {taskmixin.py:205} WARNING - Dependency <Task(BashOperator): create_entry_gcs>, delete_entry already registered for DAG: example_complex
[2023-01-03T04:09:28.930+0000] {logging_mixin.py:137} INFO - [2023-01-03T04:09:28.930+0000] {taskmixin.py:205} WARNING - Dependency <Task(BashOperator): delete_entry>, create_entry_gcs already registered for DAG: example_complex
[2023-01-03T04:09:28.932+0000] {logging_mixin.py:137} INFO - [2023-01-03T04:09:28.931+0000] {taskmixin.py:205} WARNING - Dependency <Task(BashOperator): create_tag>, delete_tag already registered for DAG: example_complex
[2023-01-03T04:09:28.933+0000] {logging_mixin.py:137} INFO - [2023-01-03T04:09:28.933+0000] {taskmixin.py:205} WARNING - Dependency <Task(BashOperator): delete_tag>, create_tag already registered for DAG: example_complex
[2023-01-03T04:09:28.962+0000] {processor.py:753} INFO - DAG(s) dict_keys(['example_complex']) retrieved from /home/airflow/.local/lib/python3.7/site-packages/airflow/example_dags/example_complex.py
[2023-01-03T04:09:29.193+0000] {logging_mixin.py:137} INFO - [2023-01-03T04:09:29.193+0000] {dag.py:2676} INFO - Sync 1 DAGs
[2023-01-03T04:09:29.397+0000] {logging_mixin.py:137} INFO - [2023-01-03T04:09:29.397+0000] {dag.py:3427} INFO - Setting next_dagrun for example_complex to None, run_after=None
[2023-01-03T04:09:29.599+0000] {processor.py:175} INFO - Processing /home/airflow/.local/lib/python3.7/site-packages/airflow/example_dags/example_complex.py took 0.753 seconds
[2023-01-03T04:09:59.886+0000] {processor.py:153} INFO - Started process (PID=163) to work on /home/airflow/.local/lib/python3.7/site-packages/airflow/example_dags/example_complex.py
[2023-01-03T04:09:59.898+0000] {processor.py:743} INFO - Processing file /home/airflow/.local/lib/python3.7/site-packages/airflow/example_dags/example_complex.py for tasks to queue
[2023-01-03T04:09:59.900+0000] {logging_mixin.py:137} INFO - [2023-01-03T04:09:59.899+0000] {dagbag.py:538} INFO - Filling up the DagBag from /home/airflow/.local/lib/python3.7/site-packages/airflow/example_dags/example_complex.py
[2023-01-03T04:09:59.922+0000] {logging_mixin.py:137} INFO - [2023-01-03T04:09:59.921+0000] {taskmixin.py:205} WARNING - Dependency <Task(BashOperator): create_entry_group>, delete_entry_group already registered for DAG: example_complex
[2023-01-03T04:09:59.924+0000] {logging_mixin.py:137} INFO - [2023-01-03T04:09:59.924+0000] {taskmixin.py:205} WARNING - Dependency <Task(BashOperator): delete_entry_group>, create_entry_group already registered for DAG: example_complex
[2023-01-03T04:09:59.924+0000] {logging_mixin.py:137} INFO - [2023-01-03T04:09:59.924+0000] {taskmixin.py:205} WARNING - Dependency <Task(BashOperator): create_entry_gcs>, delete_entry already registered for DAG: example_complex
[2023-01-03T04:09:59.925+0000] {logging_mixin.py:137} INFO - [2023-01-03T04:09:59.925+0000] {taskmixin.py:205} WARNING - Dependency <Task(BashOperator): delete_entry>, create_entry_gcs already registered for DAG: example_complex
[2023-01-03T04:09:59.928+0000] {logging_mixin.py:137} INFO - [2023-01-03T04:09:59.928+0000] {taskmixin.py:205} WARNING - Dependency <Task(BashOperator): create_tag>, delete_tag already registered for DAG: example_complex
[2023-01-03T04:09:59.929+0000] {logging_mixin.py:137} INFO - [2023-01-03T04:09:59.929+0000] {taskmixin.py:205} WARNING - Dependency <Task(BashOperator): delete_tag>, create_tag already registered for DAG: example_complex
[2023-01-03T04:09:59.937+0000] {processor.py:753} INFO - DAG(s) dict_keys(['example_complex']) retrieved from /home/airflow/.local/lib/python3.7/site-packages/airflow/example_dags/example_complex.py
[2023-01-03T04:10:00.010+0000] {logging_mixin.py:137} INFO - [2023-01-03T04:10:00.010+0000] {dag.py:2676} INFO - Sync 1 DAGs
[2023-01-03T04:10:00.049+0000] {logging_mixin.py:137} INFO - [2023-01-03T04:10:00.048+0000] {dag.py:3427} INFO - Setting next_dagrun for example_complex to None, run_after=None
[2023-01-03T04:10:00.084+0000] {processor.py:175} INFO - Processing /home/airflow/.local/lib/python3.7/site-packages/airflow/example_dags/example_complex.py took 0.201 seconds
[2023-01-03T04:10:40.796+0000] {processor.py:153} INFO - Started process (PID=232) to work on /home/airflow/.local/lib/python3.7/site-packages/airflow/example_dags/example_complex.py
[2023-01-03T04:10:40.804+0000] {processor.py:743} INFO - Processing file /home/airflow/.local/lib/python3.7/site-packages/airflow/example_dags/example_complex.py for tasks to queue
[2023-01-03T04:10:40.822+0000] {logging_mixin.py:137} INFO - [2023-01-03T04:10:40.821+0000] {dagbag.py:538} INFO - Filling up the DagBag from /home/airflow/.local/lib/python3.7/site-packages/airflow/example_dags/example_complex.py
[2023-01-03T04:10:41.027+0000] {logging_mixin.py:137} INFO - [2023-01-03T04:10:41.027+0000] {taskmixin.py:205} WARNING - Dependency <Task(BashOperator): create_entry_group>, delete_entry_group already registered for DAG: example_complex
[2023-01-03T04:10:41.029+0000] {logging_mixin.py:137} INFO - [2023-01-03T04:10:41.029+0000] {taskmixin.py:205} WARNING - Dependency <Task(BashOperator): delete_entry_group>, create_entry_group already registered for DAG: example_complex
[2023-01-03T04:10:41.045+0000] {logging_mixin.py:137} INFO - [2023-01-03T04:10:41.043+0000] {taskmixin.py:205} WARNING - Dependency <Task(BashOperator): create_entry_gcs>, delete_entry already registered for DAG: example_complex
[2023-01-03T04:10:41.049+0000] {logging_mixin.py:137} INFO - [2023-01-03T04:10:41.049+0000] {taskmixin.py:205} WARNING - Dependency <Task(BashOperator): delete_entry>, create_entry_gcs already registered for DAG: example_complex
[2023-01-03T04:10:41.074+0000] {logging_mixin.py:137} INFO - [2023-01-03T04:10:41.074+0000] {taskmixin.py:205} WARNING - Dependency <Task(BashOperator): create_tag>, delete_tag already registered for DAG: example_complex
[2023-01-03T04:10:41.077+0000] {logging_mixin.py:137} INFO - [2023-01-03T04:10:41.077+0000] {taskmixin.py:205} WARNING - Dependency <Task(BashOperator): delete_tag>, create_tag already registered for DAG: example_complex
[2023-01-03T04:10:41.187+0000] {processor.py:753} INFO - DAG(s) dict_keys(['example_complex']) retrieved from /home/airflow/.local/lib/python3.7/site-packages/airflow/example_dags/example_complex.py
[2023-01-03T04:10:41.450+0000] {logging_mixin.py:137} INFO - [2023-01-03T04:10:41.450+0000] {dag.py:2676} INFO - Sync 1 DAGs
[2023-01-03T04:10:41.565+0000] {logging_mixin.py:137} INFO - [2023-01-03T04:10:41.564+0000] {dag.py:3427} INFO - Setting next_dagrun for example_complex to None, run_after=None
[2023-01-03T04:10:41.644+0000] {processor.py:175} INFO - Processing /home/airflow/.local/lib/python3.7/site-packages/airflow/example_dags/example_complex.py took 0.874 seconds
[2023-01-03T04:11:12.337+0000] {processor.py:153} INFO - Started process (PID=286) to work on /home/airflow/.local/lib/python3.7/site-packages/airflow/example_dags/example_complex.py
[2023-01-03T04:11:12.342+0000] {processor.py:743} INFO - Processing file /home/airflow/.local/lib/python3.7/site-packages/airflow/example_dags/example_complex.py for tasks to queue
[2023-01-03T04:11:12.346+0000] {logging_mixin.py:137} INFO - [2023-01-03T04:11:12.346+0000] {dagbag.py:538} INFO - Filling up the DagBag from /home/airflow/.local/lib/python3.7/site-packages/airflow/example_dags/example_complex.py
[2023-01-03T04:11:12.399+0000] {logging_mixin.py:137} INFO - [2023-01-03T04:11:12.399+0000] {taskmixin.py:205} WARNING - Dependency <Task(BashOperator): create_entry_group>, delete_entry_group already registered for DAG: example_complex
[2023-01-03T04:11:12.400+0000] {logging_mixin.py:137} INFO - [2023-01-03T04:11:12.400+0000] {taskmixin.py:205} WARNING - Dependency <Task(BashOperator): delete_entry_group>, create_entry_group already registered for DAG: example_complex
[2023-01-03T04:11:12.403+0000] {logging_mixin.py:137} INFO - [2023-01-03T04:11:12.403+0000] {taskmixin.py:205} WARNING - Dependency <Task(BashOperator): create_entry_gcs>, delete_entry already registered for DAG: example_complex
[2023-01-03T04:11:12.403+0000] {logging_mixin.py:137} INFO - [2023-01-03T04:11:12.403+0000] {taskmixin.py:205} WARNING - Dependency <Task(BashOperator): delete_entry>, create_entry_gcs already registered for DAG: example_complex
[2023-01-03T04:11:12.404+0000] {logging_mixin.py:137} INFO - [2023-01-03T04:11:12.404+0000] {taskmixin.py:205} WARNING - Dependency <Task(BashOperator): create_tag>, delete_tag already registered for DAG: example_complex
[2023-01-03T04:11:12.405+0000] {logging_mixin.py:137} INFO - [2023-01-03T04:11:12.405+0000] {taskmixin.py:205} WARNING - Dependency <Task(BashOperator): delete_tag>, create_tag already registered for DAG: example_complex
[2023-01-03T04:11:12.432+0000] {processor.py:753} INFO - DAG(s) dict_keys(['example_complex']) retrieved from /home/airflow/.local/lib/python3.7/site-packages/airflow/example_dags/example_complex.py
[2023-01-03T04:11:12.691+0000] {logging_mixin.py:137} INFO - [2023-01-03T04:11:12.690+0000] {dag.py:2676} INFO - Sync 1 DAGs
[2023-01-03T04:11:12.802+0000] {logging_mixin.py:137} INFO - [2023-01-03T04:11:12.802+0000] {dag.py:3427} INFO - Setting next_dagrun for example_complex to None, run_after=None
[2023-01-03T04:11:12.858+0000] {processor.py:175} INFO - Processing /home/airflow/.local/lib/python3.7/site-packages/airflow/example_dags/example_complex.py took 0.535 seconds
[2023-01-03T04:11:44.688+0000] {processor.py:153} INFO - Started process (PID=347) to work on /home/airflow/.local/lib/python3.7/site-packages/airflow/example_dags/example_complex.py
[2023-01-03T04:11:44.696+0000] {processor.py:743} INFO - Processing file /home/airflow/.local/lib/python3.7/site-packages/airflow/example_dags/example_complex.py for tasks to queue
[2023-01-03T04:11:44.704+0000] {logging_mixin.py:137} INFO - [2023-01-03T04:11:44.704+0000] {dagbag.py:538} INFO - Filling up the DagBag from /home/airflow/.local/lib/python3.7/site-packages/airflow/example_dags/example_complex.py
[2023-01-03T04:11:44.789+0000] {logging_mixin.py:137} INFO - [2023-01-03T04:11:44.756+0000] {taskmixin.py:205} WARNING - Dependency <Task(BashOperator): create_entry_group>, delete_entry_group already registered for DAG: example_complex
[2023-01-03T04:11:44.792+0000] {logging_mixin.py:137} INFO - [2023-01-03T04:11:44.791+0000] {taskmixin.py:205} WARNING - Dependency <Task(BashOperator): delete_entry_group>, create_entry_group already registered for DAG: example_complex
[2023-01-03T04:11:44.795+0000] {logging_mixin.py:137} INFO - [2023-01-03T04:11:44.794+0000] {taskmixin.py:205} WARNING - Dependency <Task(BashOperator): create_entry_gcs>, delete_entry already registered for DAG: example_complex
[2023-01-03T04:11:44.796+0000] {logging_mixin.py:137} INFO - [2023-01-03T04:11:44.796+0000] {taskmixin.py:205} WARNING - Dependency <Task(BashOperator): delete_entry>, create_entry_gcs already registered for DAG: example_complex
[2023-01-03T04:11:44.798+0000] {logging_mixin.py:137} INFO - [2023-01-03T04:11:44.798+0000] {taskmixin.py:205} WARNING - Dependency <Task(BashOperator): create_tag>, delete_tag already registered for DAG: example_complex
[2023-01-03T04:11:44.802+0000] {logging_mixin.py:137} INFO - [2023-01-03T04:11:44.802+0000] {taskmixin.py:205} WARNING - Dependency <Task(BashOperator): delete_tag>, create_tag already registered for DAG: example_complex
[2023-01-03T04:11:44.852+0000] {processor.py:753} INFO - DAG(s) dict_keys(['example_complex']) retrieved from /home/airflow/.local/lib/python3.7/site-packages/airflow/example_dags/example_complex.py
[2023-01-03T04:11:45.161+0000] {logging_mixin.py:137} INFO - [2023-01-03T04:11:45.160+0000] {dag.py:2676} INFO - Sync 1 DAGs
[2023-01-03T04:11:45.283+0000] {logging_mixin.py:137} INFO - [2023-01-03T04:11:45.283+0000] {dag.py:3427} INFO - Setting next_dagrun for example_complex to None, run_after=None
[2023-01-03T04:11:45.422+0000] {processor.py:175} INFO - Processing /home/airflow/.local/lib/python3.7/site-packages/airflow/example_dags/example_complex.py took 0.766 seconds
[2023-01-03T04:13:31.710+0000] {processor.py:153} INFO - Started process (PID=440) to work on /home/airflow/.local/lib/python3.7/site-packages/airflow/example_dags/example_complex.py
[2023-01-03T04:13:31.741+0000] {processor.py:743} INFO - Processing file /home/airflow/.local/lib/python3.7/site-packages/airflow/example_dags/example_complex.py for tasks to queue
[2023-01-03T04:13:31.797+0000] {logging_mixin.py:137} INFO - [2023-01-03T04:13:31.756+0000] {dagbag.py:538} INFO - Filling up the DagBag from /home/airflow/.local/lib/python3.7/site-packages/airflow/example_dags/example_complex.py
[2023-01-03T04:13:32.059+0000] {logging_mixin.py:137} INFO - [2023-01-03T04:13:32.058+0000] {taskmixin.py:205} WARNING - Dependency <Task(BashOperator): create_entry_group>, delete_entry_group already registered for DAG: example_complex
[2023-01-03T04:13:32.064+0000] {logging_mixin.py:137} INFO - [2023-01-03T04:13:32.063+0000] {taskmixin.py:205} WARNING - Dependency <Task(BashOperator): delete_entry_group>, create_entry_group already registered for DAG: example_complex
[2023-01-03T04:13:32.077+0000] {logging_mixin.py:137} INFO - [2023-01-03T04:13:32.076+0000] {taskmixin.py:205} WARNING - Dependency <Task(BashOperator): create_entry_gcs>, delete_entry already registered for DAG: example_complex
[2023-01-03T04:13:32.078+0000] {logging_mixin.py:137} INFO - [2023-01-03T04:13:32.078+0000] {taskmixin.py:205} WARNING - Dependency <Task(BashOperator): delete_entry>, create_entry_gcs already registered for DAG: example_complex
[2023-01-03T04:13:32.080+0000] {logging_mixin.py:137} INFO - [2023-01-03T04:13:32.080+0000] {taskmixin.py:205} WARNING - Dependency <Task(BashOperator): create_tag>, delete_tag already registered for DAG: example_complex
[2023-01-03T04:13:32.081+0000] {logging_mixin.py:137} INFO - [2023-01-03T04:13:32.081+0000] {taskmixin.py:205} WARNING - Dependency <Task(BashOperator): delete_tag>, create_tag already registered for DAG: example_complex
[2023-01-03T04:13:32.288+0000] {processor.py:753} INFO - DAG(s) dict_keys(['example_complex']) retrieved from /home/airflow/.local/lib/python3.7/site-packages/airflow/example_dags/example_complex.py
[2023-01-03T04:13:34.046+0000] {logging_mixin.py:137} INFO - [2023-01-03T04:13:34.045+0000] {dag.py:2676} INFO - Sync 1 DAGs
[2023-01-03T04:13:34.412+0000] {logging_mixin.py:137} INFO - [2023-01-03T04:13:34.411+0000] {dag.py:3427} INFO - Setting next_dagrun for example_complex to None, run_after=None
[2023-01-03T04:13:34.923+0000] {processor.py:175} INFO - Processing /home/airflow/.local/lib/python3.7/site-packages/airflow/example_dags/example_complex.py took 3.389 seconds
