[2023-01-03T03:44:36.736+0000] {processor.py:153} INFO - Started process (PID=79) to work on /home/airflow/.local/lib/python3.7/site-packages/airflow/example_dags/example_xcomargs.py
[2023-01-03T03:44:36.746+0000] {processor.py:743} INFO - Processing file /home/airflow/.local/lib/python3.7/site-packages/airflow/example_dags/example_xcomargs.py for tasks to queue
[2023-01-03T03:44:36.751+0000] {logging_mixin.py:137} INFO - [2023-01-03T03:44:36.751+0000] {dagbag.py:538} INFO - Filling up the DagBag from /home/airflow/.local/lib/python3.7/site-packages/airflow/example_dags/example_xcomargs.py
[2023-01-03T03:44:36.830+0000] {processor.py:753} INFO - DAG(s) dict_keys(['example_xcom_args', 'example_xcom_args_with_operators']) retrieved from /home/airflow/.local/lib/python3.7/site-packages/airflow/example_dags/example_xcomargs.py
[2023-01-03T03:44:36.917+0000] {logging_mixin.py:137} INFO - [2023-01-03T03:44:36.917+0000] {dag.py:2676} INFO - Sync 2 DAGs
[2023-01-03T03:44:37.029+0000] {logging_mixin.py:137} INFO - [2023-01-03T03:44:37.029+0000] {dag.py:3427} INFO - Setting next_dagrun for example_xcom_args to None, run_after=None
[2023-01-03T03:44:37.039+0000] {logging_mixin.py:137} INFO - [2023-01-03T03:44:37.039+0000] {dag.py:3427} INFO - Setting next_dagrun for example_xcom_args_with_operators to None, run_after=None
[2023-01-03T03:44:37.141+0000] {processor.py:175} INFO - Processing /home/airflow/.local/lib/python3.7/site-packages/airflow/example_dags/example_xcomargs.py took 0.419 seconds
[2023-01-03T03:45:08.157+0000] {processor.py:153} INFO - Started process (PID=152) to work on /home/airflow/.local/lib/python3.7/site-packages/airflow/example_dags/example_xcomargs.py
[2023-01-03T03:45:08.159+0000] {processor.py:743} INFO - Processing file /home/airflow/.local/lib/python3.7/site-packages/airflow/example_dags/example_xcomargs.py for tasks to queue
[2023-01-03T03:45:08.160+0000] {logging_mixin.py:137} INFO - [2023-01-03T03:45:08.160+0000] {dagbag.py:538} INFO - Filling up the DagBag from /home/airflow/.local/lib/python3.7/site-packages/airflow/example_dags/example_xcomargs.py
[2023-01-03T03:45:08.247+0000] {processor.py:753} INFO - DAG(s) dict_keys(['example_xcom_args_with_operators', 'example_xcom_args']) retrieved from /home/airflow/.local/lib/python3.7/site-packages/airflow/example_dags/example_xcomargs.py
[2023-01-03T03:45:08.406+0000] {logging_mixin.py:137} INFO - [2023-01-03T03:45:08.406+0000] {dag.py:2676} INFO - Sync 2 DAGs
[2023-01-03T03:45:08.475+0000] {logging_mixin.py:137} INFO - [2023-01-03T03:45:08.475+0000] {dag.py:3427} INFO - Setting next_dagrun for example_xcom_args to None, run_after=None
[2023-01-03T03:45:08.483+0000] {logging_mixin.py:137} INFO - [2023-01-03T03:45:08.483+0000] {dag.py:3427} INFO - Setting next_dagrun for example_xcom_args_with_operators to None, run_after=None
[2023-01-03T03:45:08.525+0000] {processor.py:175} INFO - Processing /home/airflow/.local/lib/python3.7/site-packages/airflow/example_dags/example_xcomargs.py took 0.380 seconds
[2023-01-03T03:45:38.859+0000] {processor.py:153} INFO - Started process (PID=214) to work on /home/airflow/.local/lib/python3.7/site-packages/airflow/example_dags/example_xcomargs.py
[2023-01-03T03:45:38.867+0000] {processor.py:743} INFO - Processing file /home/airflow/.local/lib/python3.7/site-packages/airflow/example_dags/example_xcomargs.py for tasks to queue
[2023-01-03T03:45:38.872+0000] {logging_mixin.py:137} INFO - [2023-01-03T03:45:38.872+0000] {dagbag.py:538} INFO - Filling up the DagBag from /home/airflow/.local/lib/python3.7/site-packages/airflow/example_dags/example_xcomargs.py
[2023-01-03T03:45:38.982+0000] {processor.py:753} INFO - DAG(s) dict_keys(['example_xcom_args', 'example_xcom_args_with_operators']) retrieved from /home/airflow/.local/lib/python3.7/site-packages/airflow/example_dags/example_xcomargs.py
[2023-01-03T03:45:39.155+0000] {logging_mixin.py:137} INFO - [2023-01-03T03:45:39.155+0000] {dag.py:2676} INFO - Sync 2 DAGs
[2023-01-03T03:45:39.232+0000] {logging_mixin.py:137} INFO - [2023-01-03T03:45:39.232+0000] {dag.py:3427} INFO - Setting next_dagrun for example_xcom_args to None, run_after=None
[2023-01-03T03:45:39.249+0000] {logging_mixin.py:137} INFO - [2023-01-03T03:45:39.249+0000] {dag.py:3427} INFO - Setting next_dagrun for example_xcom_args_with_operators to None, run_after=None
[2023-01-03T03:45:39.318+0000] {processor.py:175} INFO - Processing /home/airflow/.local/lib/python3.7/site-packages/airflow/example_dags/example_xcomargs.py took 0.475 seconds
[2023-01-03T03:46:09.991+0000] {processor.py:153} INFO - Started process (PID=277) to work on /home/airflow/.local/lib/python3.7/site-packages/airflow/example_dags/example_xcomargs.py
[2023-01-03T03:46:09.998+0000] {processor.py:743} INFO - Processing file /home/airflow/.local/lib/python3.7/site-packages/airflow/example_dags/example_xcomargs.py for tasks to queue
[2023-01-03T03:46:10.002+0000] {logging_mixin.py:137} INFO - [2023-01-03T03:46:10.002+0000] {dagbag.py:538} INFO - Filling up the DagBag from /home/airflow/.local/lib/python3.7/site-packages/airflow/example_dags/example_xcomargs.py
[2023-01-03T03:46:10.056+0000] {processor.py:753} INFO - DAG(s) dict_keys(['example_xcom_args_with_operators', 'example_xcom_args']) retrieved from /home/airflow/.local/lib/python3.7/site-packages/airflow/example_dags/example_xcomargs.py
[2023-01-03T03:46:10.146+0000] {logging_mixin.py:137} INFO - [2023-01-03T03:46:10.146+0000] {dag.py:2676} INFO - Sync 2 DAGs
[2023-01-03T03:46:10.188+0000] {logging_mixin.py:137} INFO - [2023-01-03T03:46:10.188+0000] {dag.py:3427} INFO - Setting next_dagrun for example_xcom_args to None, run_after=None
[2023-01-03T03:46:10.194+0000] {logging_mixin.py:137} INFO - [2023-01-03T03:46:10.194+0000] {dag.py:3427} INFO - Setting next_dagrun for example_xcom_args_with_operators to None, run_after=None
[2023-01-03T03:46:10.223+0000] {processor.py:175} INFO - Processing /home/airflow/.local/lib/python3.7/site-packages/airflow/example_dags/example_xcomargs.py took 0.239 seconds
[2023-01-03T03:46:41.546+0000] {processor.py:153} INFO - Started process (PID=347) to work on /home/airflow/.local/lib/python3.7/site-packages/airflow/example_dags/example_xcomargs.py
[2023-01-03T03:46:41.553+0000] {processor.py:743} INFO - Processing file /home/airflow/.local/lib/python3.7/site-packages/airflow/example_dags/example_xcomargs.py for tasks to queue
[2023-01-03T03:46:41.557+0000] {logging_mixin.py:137} INFO - [2023-01-03T03:46:41.556+0000] {dagbag.py:538} INFO - Filling up the DagBag from /home/airflow/.local/lib/python3.7/site-packages/airflow/example_dags/example_xcomargs.py
[2023-01-03T03:46:41.677+0000] {processor.py:753} INFO - DAG(s) dict_keys(['example_xcom_args_with_operators', 'example_xcom_args']) retrieved from /home/airflow/.local/lib/python3.7/site-packages/airflow/example_dags/example_xcomargs.py
[2023-01-03T03:46:42.097+0000] {logging_mixin.py:137} INFO - [2023-01-03T03:46:42.097+0000] {dag.py:2676} INFO - Sync 2 DAGs
[2023-01-03T03:46:42.216+0000] {logging_mixin.py:137} INFO - [2023-01-03T03:46:42.215+0000] {dag.py:3427} INFO - Setting next_dagrun for example_xcom_args to None, run_after=None
[2023-01-03T03:46:42.227+0000] {logging_mixin.py:137} INFO - [2023-01-03T03:46:42.227+0000] {dag.py:3427} INFO - Setting next_dagrun for example_xcom_args_with_operators to None, run_after=None
[2023-01-03T03:46:42.359+0000] {processor.py:175} INFO - Processing /home/airflow/.local/lib/python3.7/site-packages/airflow/example_dags/example_xcomargs.py took 0.816 seconds
[2023-01-03T03:47:12.815+0000] {processor.py:153} INFO - Started process (PID=412) to work on /home/airflow/.local/lib/python3.7/site-packages/airflow/example_dags/example_xcomargs.py
[2023-01-03T03:47:12.820+0000] {processor.py:743} INFO - Processing file /home/airflow/.local/lib/python3.7/site-packages/airflow/example_dags/example_xcomargs.py for tasks to queue
[2023-01-03T03:47:12.821+0000] {logging_mixin.py:137} INFO - [2023-01-03T03:47:12.821+0000] {dagbag.py:538} INFO - Filling up the DagBag from /home/airflow/.local/lib/python3.7/site-packages/airflow/example_dags/example_xcomargs.py
[2023-01-03T03:47:12.888+0000] {processor.py:753} INFO - DAG(s) dict_keys(['example_xcom_args', 'example_xcom_args_with_operators']) retrieved from /home/airflow/.local/lib/python3.7/site-packages/airflow/example_dags/example_xcomargs.py
[2023-01-03T03:47:13.122+0000] {logging_mixin.py:137} INFO - [2023-01-03T03:47:13.122+0000] {dag.py:2676} INFO - Sync 2 DAGs
[2023-01-03T03:47:13.180+0000] {logging_mixin.py:137} INFO - [2023-01-03T03:47:13.180+0000] {dag.py:3427} INFO - Setting next_dagrun for example_xcom_args to None, run_after=None
[2023-01-03T03:47:13.185+0000] {logging_mixin.py:137} INFO - [2023-01-03T03:47:13.185+0000] {dag.py:3427} INFO - Setting next_dagrun for example_xcom_args_with_operators to None, run_after=None
[2023-01-03T03:47:13.233+0000] {processor.py:175} INFO - Processing /home/airflow/.local/lib/python3.7/site-packages/airflow/example_dags/example_xcomargs.py took 0.422 seconds
[2023-01-03T03:47:44.683+0000] {processor.py:153} INFO - Started process (PID=474) to work on /home/airflow/.local/lib/python3.7/site-packages/airflow/example_dags/example_xcomargs.py
[2023-01-03T03:47:44.686+0000] {processor.py:743} INFO - Processing file /home/airflow/.local/lib/python3.7/site-packages/airflow/example_dags/example_xcomargs.py for tasks to queue
[2023-01-03T03:47:44.689+0000] {logging_mixin.py:137} INFO - [2023-01-03T03:47:44.688+0000] {dagbag.py:538} INFO - Filling up the DagBag from /home/airflow/.local/lib/python3.7/site-packages/airflow/example_dags/example_xcomargs.py
[2023-01-03T03:47:44.902+0000] {processor.py:753} INFO - DAG(s) dict_keys(['example_xcom_args', 'example_xcom_args_with_operators']) retrieved from /home/airflow/.local/lib/python3.7/site-packages/airflow/example_dags/example_xcomargs.py
[2023-01-03T03:47:45.106+0000] {logging_mixin.py:137} INFO - [2023-01-03T03:47:45.106+0000] {dag.py:2676} INFO - Sync 2 DAGs
[2023-01-03T03:47:45.213+0000] {logging_mixin.py:137} INFO - [2023-01-03T03:47:45.213+0000] {dag.py:3427} INFO - Setting next_dagrun for example_xcom_args to None, run_after=None
[2023-01-03T03:47:45.230+0000] {logging_mixin.py:137} INFO - [2023-01-03T03:47:45.230+0000] {dag.py:3427} INFO - Setting next_dagrun for example_xcom_args_with_operators to None, run_after=None
[2023-01-03T03:47:45.310+0000] {processor.py:175} INFO - Processing /home/airflow/.local/lib/python3.7/site-packages/airflow/example_dags/example_xcomargs.py took 0.649 seconds
[2023-01-03T03:48:15.970+0000] {processor.py:153} INFO - Started process (PID=524) to work on /home/airflow/.local/lib/python3.7/site-packages/airflow/example_dags/example_xcomargs.py
[2023-01-03T03:48:15.974+0000] {processor.py:743} INFO - Processing file /home/airflow/.local/lib/python3.7/site-packages/airflow/example_dags/example_xcomargs.py for tasks to queue
[2023-01-03T03:48:15.977+0000] {logging_mixin.py:137} INFO - [2023-01-03T03:48:15.977+0000] {dagbag.py:538} INFO - Filling up the DagBag from /home/airflow/.local/lib/python3.7/site-packages/airflow/example_dags/example_xcomargs.py
[2023-01-03T03:48:16.076+0000] {processor.py:753} INFO - DAG(s) dict_keys(['example_xcom_args_with_operators', 'example_xcom_args']) retrieved from /home/airflow/.local/lib/python3.7/site-packages/airflow/example_dags/example_xcomargs.py
[2023-01-03T03:48:16.167+0000] {logging_mixin.py:137} INFO - [2023-01-03T03:48:16.167+0000] {dag.py:2676} INFO - Sync 2 DAGs
[2023-01-03T03:48:16.234+0000] {logging_mixin.py:137} INFO - [2023-01-03T03:48:16.234+0000] {dag.py:3427} INFO - Setting next_dagrun for example_xcom_args to None, run_after=None
[2023-01-03T03:48:16.242+0000] {logging_mixin.py:137} INFO - [2023-01-03T03:48:16.242+0000] {dag.py:3427} INFO - Setting next_dagrun for example_xcom_args_with_operators to None, run_after=None
[2023-01-03T03:48:16.295+0000] {processor.py:175} INFO - Processing /home/airflow/.local/lib/python3.7/site-packages/airflow/example_dags/example_xcomargs.py took 0.329 seconds
[2023-01-03T03:48:47.204+0000] {processor.py:153} INFO - Started process (PID=586) to work on /home/airflow/.local/lib/python3.7/site-packages/airflow/example_dags/example_xcomargs.py
[2023-01-03T03:48:47.205+0000] {processor.py:743} INFO - Processing file /home/airflow/.local/lib/python3.7/site-packages/airflow/example_dags/example_xcomargs.py for tasks to queue
[2023-01-03T03:48:47.207+0000] {logging_mixin.py:137} INFO - [2023-01-03T03:48:47.207+0000] {dagbag.py:538} INFO - Filling up the DagBag from /home/airflow/.local/lib/python3.7/site-packages/airflow/example_dags/example_xcomargs.py
[2023-01-03T03:48:47.268+0000] {processor.py:753} INFO - DAG(s) dict_keys(['example_xcom_args', 'example_xcom_args_with_operators']) retrieved from /home/airflow/.local/lib/python3.7/site-packages/airflow/example_dags/example_xcomargs.py
[2023-01-03T03:48:47.369+0000] {logging_mixin.py:137} INFO - [2023-01-03T03:48:47.369+0000] {dag.py:2676} INFO - Sync 2 DAGs
[2023-01-03T03:48:47.406+0000] {logging_mixin.py:137} INFO - [2023-01-03T03:48:47.406+0000] {dag.py:3427} INFO - Setting next_dagrun for example_xcom_args to None, run_after=None
[2023-01-03T03:48:47.418+0000] {logging_mixin.py:137} INFO - [2023-01-03T03:48:47.418+0000] {dag.py:3427} INFO - Setting next_dagrun for example_xcom_args_with_operators to None, run_after=None
[2023-01-03T03:48:47.444+0000] {processor.py:175} INFO - Processing /home/airflow/.local/lib/python3.7/site-packages/airflow/example_dags/example_xcomargs.py took 0.244 seconds
[2023-01-03T03:49:18.185+0000] {processor.py:153} INFO - Started process (PID=657) to work on /home/airflow/.local/lib/python3.7/site-packages/airflow/example_dags/example_xcomargs.py
[2023-01-03T03:49:18.231+0000] {processor.py:743} INFO - Processing file /home/airflow/.local/lib/python3.7/site-packages/airflow/example_dags/example_xcomargs.py for tasks to queue
[2023-01-03T03:49:18.246+0000] {logging_mixin.py:137} INFO - [2023-01-03T03:49:18.245+0000] {dagbag.py:538} INFO - Filling up the DagBag from /home/airflow/.local/lib/python3.7/site-packages/airflow/example_dags/example_xcomargs.py
[2023-01-03T03:49:18.466+0000] {processor.py:753} INFO - DAG(s) dict_keys(['example_xcom_args', 'example_xcom_args_with_operators']) retrieved from /home/airflow/.local/lib/python3.7/site-packages/airflow/example_dags/example_xcomargs.py
[2023-01-03T03:49:18.845+0000] {logging_mixin.py:137} INFO - [2023-01-03T03:49:18.845+0000] {dag.py:2676} INFO - Sync 2 DAGs
[2023-01-03T03:49:18.950+0000] {logging_mixin.py:137} INFO - [2023-01-03T03:49:18.950+0000] {dag.py:3427} INFO - Setting next_dagrun for example_xcom_args to None, run_after=None
[2023-01-03T03:49:18.975+0000] {logging_mixin.py:137} INFO - [2023-01-03T03:49:18.975+0000] {dag.py:3427} INFO - Setting next_dagrun for example_xcom_args_with_operators to None, run_after=None
[2023-01-03T03:49:19.046+0000] {processor.py:175} INFO - Processing /home/airflow/.local/lib/python3.7/site-packages/airflow/example_dags/example_xcomargs.py took 0.878 seconds
[2023-01-03T03:49:49.658+0000] {processor.py:153} INFO - Started process (PID=722) to work on /home/airflow/.local/lib/python3.7/site-packages/airflow/example_dags/example_xcomargs.py
[2023-01-03T03:49:49.660+0000] {processor.py:743} INFO - Processing file /home/airflow/.local/lib/python3.7/site-packages/airflow/example_dags/example_xcomargs.py for tasks to queue
[2023-01-03T03:49:49.661+0000] {logging_mixin.py:137} INFO - [2023-01-03T03:49:49.661+0000] {dagbag.py:538} INFO - Filling up the DagBag from /home/airflow/.local/lib/python3.7/site-packages/airflow/example_dags/example_xcomargs.py
[2023-01-03T03:49:49.707+0000] {processor.py:753} INFO - DAG(s) dict_keys(['example_xcom_args_with_operators', 'example_xcom_args']) retrieved from /home/airflow/.local/lib/python3.7/site-packages/airflow/example_dags/example_xcomargs.py
[2023-01-03T03:49:49.817+0000] {logging_mixin.py:137} INFO - [2023-01-03T03:49:49.817+0000] {dag.py:2676} INFO - Sync 2 DAGs
[2023-01-03T03:49:49.861+0000] {logging_mixin.py:137} INFO - [2023-01-03T03:49:49.861+0000] {dag.py:3427} INFO - Setting next_dagrun for example_xcom_args to None, run_after=None
[2023-01-03T03:49:49.869+0000] {logging_mixin.py:137} INFO - [2023-01-03T03:49:49.869+0000] {dag.py:3427} INFO - Setting next_dagrun for example_xcom_args_with_operators to None, run_after=None
[2023-01-03T03:49:49.900+0000] {processor.py:175} INFO - Processing /home/airflow/.local/lib/python3.7/site-packages/airflow/example_dags/example_xcomargs.py took 0.245 seconds
[2023-01-03T03:50:20.018+0000] {processor.py:153} INFO - Started process (PID=784) to work on /home/airflow/.local/lib/python3.7/site-packages/airflow/example_dags/example_xcomargs.py
[2023-01-03T03:50:20.021+0000] {processor.py:743} INFO - Processing file /home/airflow/.local/lib/python3.7/site-packages/airflow/example_dags/example_xcomargs.py for tasks to queue
[2023-01-03T03:50:20.032+0000] {logging_mixin.py:137} INFO - [2023-01-03T03:50:20.032+0000] {dagbag.py:538} INFO - Filling up the DagBag from /home/airflow/.local/lib/python3.7/site-packages/airflow/example_dags/example_xcomargs.py
[2023-01-03T03:50:20.085+0000] {processor.py:753} INFO - DAG(s) dict_keys(['example_xcom_args', 'example_xcom_args_with_operators']) retrieved from /home/airflow/.local/lib/python3.7/site-packages/airflow/example_dags/example_xcomargs.py
[2023-01-03T03:50:20.163+0000] {logging_mixin.py:137} INFO - [2023-01-03T03:50:20.162+0000] {dag.py:2676} INFO - Sync 2 DAGs
[2023-01-03T03:50:20.190+0000] {logging_mixin.py:137} INFO - [2023-01-03T03:50:20.190+0000] {dag.py:3427} INFO - Setting next_dagrun for example_xcom_args to None, run_after=None
[2023-01-03T03:50:20.193+0000] {logging_mixin.py:137} INFO - [2023-01-03T03:50:20.193+0000] {dag.py:3427} INFO - Setting next_dagrun for example_xcom_args_with_operators to None, run_after=None
[2023-01-03T03:50:20.214+0000] {processor.py:175} INFO - Processing /home/airflow/.local/lib/python3.7/site-packages/airflow/example_dags/example_xcomargs.py took 0.199 seconds
[2023-01-03T03:50:50.488+0000] {processor.py:153} INFO - Started process (PID=843) to work on /home/airflow/.local/lib/python3.7/site-packages/airflow/example_dags/example_xcomargs.py
[2023-01-03T03:50:50.490+0000] {processor.py:743} INFO - Processing file /home/airflow/.local/lib/python3.7/site-packages/airflow/example_dags/example_xcomargs.py for tasks to queue
[2023-01-03T03:50:50.492+0000] {logging_mixin.py:137} INFO - [2023-01-03T03:50:50.492+0000] {dagbag.py:538} INFO - Filling up the DagBag from /home/airflow/.local/lib/python3.7/site-packages/airflow/example_dags/example_xcomargs.py
[2023-01-03T03:50:50.539+0000] {processor.py:753} INFO - DAG(s) dict_keys(['example_xcom_args_with_operators', 'example_xcom_args']) retrieved from /home/airflow/.local/lib/python3.7/site-packages/airflow/example_dags/example_xcomargs.py
[2023-01-03T03:50:50.603+0000] {logging_mixin.py:137} INFO - [2023-01-03T03:50:50.603+0000] {dag.py:2676} INFO - Sync 2 DAGs
[2023-01-03T03:50:50.631+0000] {logging_mixin.py:137} INFO - [2023-01-03T03:50:50.631+0000] {dag.py:3427} INFO - Setting next_dagrun for example_xcom_args to None, run_after=None
[2023-01-03T03:50:50.639+0000] {logging_mixin.py:137} INFO - [2023-01-03T03:50:50.639+0000] {dag.py:3427} INFO - Setting next_dagrun for example_xcom_args_with_operators to None, run_after=None
[2023-01-03T03:50:50.666+0000] {processor.py:175} INFO - Processing /home/airflow/.local/lib/python3.7/site-packages/airflow/example_dags/example_xcomargs.py took 0.185 seconds
[2023-01-03T03:51:21.863+0000] {processor.py:153} INFO - Started process (PID=908) to work on /home/airflow/.local/lib/python3.7/site-packages/airflow/example_dags/example_xcomargs.py
[2023-01-03T03:51:21.871+0000] {processor.py:743} INFO - Processing file /home/airflow/.local/lib/python3.7/site-packages/airflow/example_dags/example_xcomargs.py for tasks to queue
[2023-01-03T03:51:21.873+0000] {logging_mixin.py:137} INFO - [2023-01-03T03:51:21.873+0000] {dagbag.py:538} INFO - Filling up the DagBag from /home/airflow/.local/lib/python3.7/site-packages/airflow/example_dags/example_xcomargs.py
[2023-01-03T03:51:21.946+0000] {processor.py:753} INFO - DAG(s) dict_keys(['example_xcom_args_with_operators', 'example_xcom_args']) retrieved from /home/airflow/.local/lib/python3.7/site-packages/airflow/example_dags/example_xcomargs.py
[2023-01-03T03:51:22.084+0000] {logging_mixin.py:137} INFO - [2023-01-03T03:51:22.084+0000] {dag.py:2676} INFO - Sync 2 DAGs
[2023-01-03T03:51:22.160+0000] {logging_mixin.py:137} INFO - [2023-01-03T03:51:22.160+0000] {dag.py:3427} INFO - Setting next_dagrun for example_xcom_args to None, run_after=None
[2023-01-03T03:51:22.168+0000] {logging_mixin.py:137} INFO - [2023-01-03T03:51:22.167+0000] {dag.py:3427} INFO - Setting next_dagrun for example_xcom_args_with_operators to None, run_after=None
[2023-01-03T03:51:22.231+0000] {processor.py:175} INFO - Processing /home/airflow/.local/lib/python3.7/site-packages/airflow/example_dags/example_xcomargs.py took 0.376 seconds
[2023-01-03T03:51:53.958+0000] {processor.py:153} INFO - Started process (PID=971) to work on /home/airflow/.local/lib/python3.7/site-packages/airflow/example_dags/example_xcomargs.py
[2023-01-03T03:51:53.962+0000] {processor.py:743} INFO - Processing file /home/airflow/.local/lib/python3.7/site-packages/airflow/example_dags/example_xcomargs.py for tasks to queue
[2023-01-03T03:51:53.964+0000] {logging_mixin.py:137} INFO - [2023-01-03T03:51:53.964+0000] {dagbag.py:538} INFO - Filling up the DagBag from /home/airflow/.local/lib/python3.7/site-packages/airflow/example_dags/example_xcomargs.py
[2023-01-03T03:51:54.122+0000] {processor.py:753} INFO - DAG(s) dict_keys(['example_xcom_args_with_operators', 'example_xcom_args']) retrieved from /home/airflow/.local/lib/python3.7/site-packages/airflow/example_dags/example_xcomargs.py
[2023-01-03T03:51:55.198+0000] {logging_mixin.py:137} INFO - [2023-01-03T03:51:55.191+0000] {dag.py:2676} INFO - Sync 2 DAGs
[2023-01-03T03:51:59.876+0000] {logging_mixin.py:137} INFO - [2023-01-03T03:51:59.876+0000] {dag.py:3427} INFO - Setting next_dagrun for example_xcom_args to None, run_after=None
[2023-01-03T03:51:59.886+0000] {logging_mixin.py:137} INFO - [2023-01-03T03:51:59.886+0000] {dag.py:3427} INFO - Setting next_dagrun for example_xcom_args_with_operators to None, run_after=None
[2023-01-03T03:51:59.988+0000] {processor.py:175} INFO - Processing /home/airflow/.local/lib/python3.7/site-packages/airflow/example_dags/example_xcomargs.py took 6.040 seconds
[2023-01-03T03:52:30.611+0000] {processor.py:153} INFO - Started process (PID=1033) to work on /home/airflow/.local/lib/python3.7/site-packages/airflow/example_dags/example_xcomargs.py
[2023-01-03T03:52:30.613+0000] {processor.py:743} INFO - Processing file /home/airflow/.local/lib/python3.7/site-packages/airflow/example_dags/example_xcomargs.py for tasks to queue
[2023-01-03T03:52:30.614+0000] {logging_mixin.py:137} INFO - [2023-01-03T03:52:30.614+0000] {dagbag.py:538} INFO - Filling up the DagBag from /home/airflow/.local/lib/python3.7/site-packages/airflow/example_dags/example_xcomargs.py
[2023-01-03T03:52:30.710+0000] {processor.py:753} INFO - DAG(s) dict_keys(['example_xcom_args_with_operators', 'example_xcom_args']) retrieved from /home/airflow/.local/lib/python3.7/site-packages/airflow/example_dags/example_xcomargs.py
[2023-01-03T03:52:30.836+0000] {logging_mixin.py:137} INFO - [2023-01-03T03:52:30.836+0000] {dag.py:2676} INFO - Sync 2 DAGs
[2023-01-03T03:52:30.886+0000] {logging_mixin.py:137} INFO - [2023-01-03T03:52:30.886+0000] {dag.py:3427} INFO - Setting next_dagrun for example_xcom_args to None, run_after=None
[2023-01-03T03:52:30.901+0000] {logging_mixin.py:137} INFO - [2023-01-03T03:52:30.901+0000] {dag.py:3427} INFO - Setting next_dagrun for example_xcom_args_with_operators to None, run_after=None
[2023-01-03T03:52:30.945+0000] {processor.py:175} INFO - Processing /home/airflow/.local/lib/python3.7/site-packages/airflow/example_dags/example_xcomargs.py took 0.339 seconds
[2023-01-03T03:53:04.464+0000] {processor.py:153} INFO - Started process (PID=1091) to work on /home/airflow/.local/lib/python3.7/site-packages/airflow/example_dags/example_xcomargs.py
[2023-01-03T03:53:04.466+0000] {processor.py:743} INFO - Processing file /home/airflow/.local/lib/python3.7/site-packages/airflow/example_dags/example_xcomargs.py for tasks to queue
[2023-01-03T03:53:04.468+0000] {logging_mixin.py:137} INFO - [2023-01-03T03:53:04.468+0000] {dagbag.py:538} INFO - Filling up the DagBag from /home/airflow/.local/lib/python3.7/site-packages/airflow/example_dags/example_xcomargs.py
[2023-01-03T03:53:04.955+0000] {processor.py:753} INFO - DAG(s) dict_keys(['example_xcom_args_with_operators', 'example_xcom_args']) retrieved from /home/airflow/.local/lib/python3.7/site-packages/airflow/example_dags/example_xcomargs.py
[2023-01-03T03:53:05.249+0000] {logging_mixin.py:137} INFO - [2023-01-03T03:53:05.249+0000] {dag.py:2676} INFO - Sync 2 DAGs
[2023-01-03T03:53:05.405+0000] {logging_mixin.py:137} INFO - [2023-01-03T03:53:05.405+0000] {dag.py:3427} INFO - Setting next_dagrun for example_xcom_args to None, run_after=None
[2023-01-03T03:53:05.424+0000] {logging_mixin.py:137} INFO - [2023-01-03T03:53:05.423+0000] {dag.py:3427} INFO - Setting next_dagrun for example_xcom_args_with_operators to None, run_after=None
[2023-01-03T03:53:05.533+0000] {processor.py:175} INFO - Processing /home/airflow/.local/lib/python3.7/site-packages/airflow/example_dags/example_xcomargs.py took 1.082 seconds
[2023-01-03T03:53:48.697+0000] {processor.py:153} INFO - Started process (PID=1134) to work on /home/airflow/.local/lib/python3.7/site-packages/airflow/example_dags/example_xcomargs.py
[2023-01-03T03:53:48.698+0000] {processor.py:743} INFO - Processing file /home/airflow/.local/lib/python3.7/site-packages/airflow/example_dags/example_xcomargs.py for tasks to queue
[2023-01-03T03:53:48.699+0000] {logging_mixin.py:137} INFO - [2023-01-03T03:53:48.699+0000] {dagbag.py:538} INFO - Filling up the DagBag from /home/airflow/.local/lib/python3.7/site-packages/airflow/example_dags/example_xcomargs.py
[2023-01-03T03:53:48.724+0000] {processor.py:753} INFO - DAG(s) dict_keys(['example_xcom_args_with_operators', 'example_xcom_args']) retrieved from /home/airflow/.local/lib/python3.7/site-packages/airflow/example_dags/example_xcomargs.py
[2023-01-03T03:53:48.768+0000] {logging_mixin.py:137} INFO - [2023-01-03T03:53:48.768+0000] {dag.py:2676} INFO - Sync 2 DAGs
[2023-01-03T03:53:48.791+0000] {logging_mixin.py:137} INFO - [2023-01-03T03:53:48.791+0000] {dag.py:3427} INFO - Setting next_dagrun for example_xcom_args to None, run_after=None
[2023-01-03T03:53:48.795+0000] {logging_mixin.py:137} INFO - [2023-01-03T03:53:48.795+0000] {dag.py:3427} INFO - Setting next_dagrun for example_xcom_args_with_operators to None, run_after=None
[2023-01-03T03:53:48.809+0000] {processor.py:175} INFO - Processing /home/airflow/.local/lib/python3.7/site-packages/airflow/example_dags/example_xcomargs.py took 0.115 seconds
[2023-01-03T03:54:21.808+0000] {processor.py:153} INFO - Started process (PID=1196) to work on /home/airflow/.local/lib/python3.7/site-packages/airflow/example_dags/example_xcomargs.py
[2023-01-03T03:54:21.809+0000] {processor.py:743} INFO - Processing file /home/airflow/.local/lib/python3.7/site-packages/airflow/example_dags/example_xcomargs.py for tasks to queue
[2023-01-03T03:54:21.810+0000] {logging_mixin.py:137} INFO - [2023-01-03T03:54:21.810+0000] {dagbag.py:538} INFO - Filling up the DagBag from /home/airflow/.local/lib/python3.7/site-packages/airflow/example_dags/example_xcomargs.py
[2023-01-03T03:54:21.863+0000] {processor.py:753} INFO - DAG(s) dict_keys(['example_xcom_args', 'example_xcom_args_with_operators']) retrieved from /home/airflow/.local/lib/python3.7/site-packages/airflow/example_dags/example_xcomargs.py
[2023-01-03T03:54:21.925+0000] {logging_mixin.py:137} INFO - [2023-01-03T03:54:21.925+0000] {dag.py:2676} INFO - Sync 2 DAGs
[2023-01-03T03:54:21.960+0000] {logging_mixin.py:137} INFO - [2023-01-03T03:54:21.960+0000] {dag.py:3427} INFO - Setting next_dagrun for example_xcom_args to None, run_after=None
[2023-01-03T03:54:21.964+0000] {logging_mixin.py:137} INFO - [2023-01-03T03:54:21.963+0000] {dag.py:3427} INFO - Setting next_dagrun for example_xcom_args_with_operators to None, run_after=None
[2023-01-03T03:54:21.988+0000] {processor.py:175} INFO - Processing /home/airflow/.local/lib/python3.7/site-packages/airflow/example_dags/example_xcomargs.py took 0.183 seconds
[2023-01-03T03:58:51.876+0000] {processor.py:153} INFO - Started process (PID=1376) to work on /home/airflow/.local/lib/python3.7/site-packages/airflow/example_dags/example_xcomargs.py
[2023-01-03T03:58:51.890+0000] {processor.py:743} INFO - Processing file /home/airflow/.local/lib/python3.7/site-packages/airflow/example_dags/example_xcomargs.py for tasks to queue
[2023-01-03T03:58:51.896+0000] {logging_mixin.py:137} INFO - [2023-01-03T03:58:51.896+0000] {dagbag.py:538} INFO - Filling up the DagBag from /home/airflow/.local/lib/python3.7/site-packages/airflow/example_dags/example_xcomargs.py
[2023-01-03T03:58:58.637+0000] {processor.py:753} INFO - DAG(s) dict_keys(['example_xcom_args', 'example_xcom_args_with_operators']) retrieved from /home/airflow/.local/lib/python3.7/site-packages/airflow/example_dags/example_xcomargs.py
[2023-01-03T03:59:15.697+0000] {logging_mixin.py:137} INFO - [2023-01-03T03:59:15.617+0000] {dag.py:2676} INFO - Sync 2 DAGs
[2023-01-03T04:09:32.953+0000] {processor.py:153} INFO - Started process (PID=114) to work on /home/airflow/.local/lib/python3.7/site-packages/airflow/example_dags/example_xcomargs.py
[2023-01-03T04:09:32.958+0000] {processor.py:743} INFO - Processing file /home/airflow/.local/lib/python3.7/site-packages/airflow/example_dags/example_xcomargs.py for tasks to queue
[2023-01-03T04:09:32.964+0000] {logging_mixin.py:137} INFO - [2023-01-03T04:09:32.964+0000] {dagbag.py:538} INFO - Filling up the DagBag from /home/airflow/.local/lib/python3.7/site-packages/airflow/example_dags/example_xcomargs.py
[2023-01-03T04:09:33.073+0000] {processor.py:753} INFO - DAG(s) dict_keys(['example_xcom_args_with_operators', 'example_xcom_args']) retrieved from /home/airflow/.local/lib/python3.7/site-packages/airflow/example_dags/example_xcomargs.py
[2023-01-03T04:09:33.241+0000] {logging_mixin.py:137} INFO - [2023-01-03T04:09:33.241+0000] {dag.py:2676} INFO - Sync 2 DAGs
[2023-01-03T04:09:33.377+0000] {logging_mixin.py:137} INFO - [2023-01-03T04:09:33.376+0000] {dag.py:3427} INFO - Setting next_dagrun for example_xcom_args to None, run_after=None
[2023-01-03T04:09:33.386+0000] {logging_mixin.py:137} INFO - [2023-01-03T04:09:33.386+0000] {dag.py:3427} INFO - Setting next_dagrun for example_xcom_args_with_operators to None, run_after=None
[2023-01-03T04:09:33.445+0000] {processor.py:175} INFO - Processing /home/airflow/.local/lib/python3.7/site-packages/airflow/example_dags/example_xcomargs.py took 0.495 seconds
[2023-01-03T04:10:04.599+0000] {processor.py:153} INFO - Started process (PID=183) to work on /home/airflow/.local/lib/python3.7/site-packages/airflow/example_dags/example_xcomargs.py
[2023-01-03T04:10:04.601+0000] {processor.py:743} INFO - Processing file /home/airflow/.local/lib/python3.7/site-packages/airflow/example_dags/example_xcomargs.py for tasks to queue
[2023-01-03T04:10:04.605+0000] {logging_mixin.py:137} INFO - [2023-01-03T04:10:04.605+0000] {dagbag.py:538} INFO - Filling up the DagBag from /home/airflow/.local/lib/python3.7/site-packages/airflow/example_dags/example_xcomargs.py
[2023-01-03T04:10:04.702+0000] {processor.py:753} INFO - DAG(s) dict_keys(['example_xcom_args_with_operators', 'example_xcom_args']) retrieved from /home/airflow/.local/lib/python3.7/site-packages/airflow/example_dags/example_xcomargs.py
[2023-01-03T04:10:04.853+0000] {logging_mixin.py:137} INFO - [2023-01-03T04:10:04.853+0000] {dag.py:2676} INFO - Sync 2 DAGs
[2023-01-03T04:10:04.919+0000] {logging_mixin.py:137} INFO - [2023-01-03T04:10:04.919+0000] {dag.py:3427} INFO - Setting next_dagrun for example_xcom_args to None, run_after=None
[2023-01-03T04:10:04.923+0000] {logging_mixin.py:137} INFO - [2023-01-03T04:10:04.922+0000] {dag.py:3427} INFO - Setting next_dagrun for example_xcom_args_with_operators to None, run_after=None
[2023-01-03T04:10:04.990+0000] {processor.py:175} INFO - Processing /home/airflow/.local/lib/python3.7/site-packages/airflow/example_dags/example_xcomargs.py took 0.425 seconds
[2023-01-03T04:10:46.494+0000] {processor.py:153} INFO - Started process (PID=250) to work on /home/airflow/.local/lib/python3.7/site-packages/airflow/example_dags/example_xcomargs.py
[2023-01-03T04:10:46.499+0000] {processor.py:743} INFO - Processing file /home/airflow/.local/lib/python3.7/site-packages/airflow/example_dags/example_xcomargs.py for tasks to queue
[2023-01-03T04:10:46.500+0000] {logging_mixin.py:137} INFO - [2023-01-03T04:10:46.500+0000] {dagbag.py:538} INFO - Filling up the DagBag from /home/airflow/.local/lib/python3.7/site-packages/airflow/example_dags/example_xcomargs.py
[2023-01-03T04:10:46.584+0000] {processor.py:753} INFO - DAG(s) dict_keys(['example_xcom_args', 'example_xcom_args_with_operators']) retrieved from /home/airflow/.local/lib/python3.7/site-packages/airflow/example_dags/example_xcomargs.py
[2023-01-03T04:10:46.731+0000] {logging_mixin.py:137} INFO - [2023-01-03T04:10:46.731+0000] {dag.py:2676} INFO - Sync 2 DAGs
[2023-01-03T04:10:46.801+0000] {logging_mixin.py:137} INFO - [2023-01-03T04:10:46.801+0000] {dag.py:3427} INFO - Setting next_dagrun for example_xcom_args to None, run_after=None
[2023-01-03T04:10:46.837+0000] {logging_mixin.py:137} INFO - [2023-01-03T04:10:46.837+0000] {dag.py:3427} INFO - Setting next_dagrun for example_xcom_args_with_operators to None, run_after=None
[2023-01-03T04:10:46.893+0000] {processor.py:175} INFO - Processing /home/airflow/.local/lib/python3.7/site-packages/airflow/example_dags/example_xcomargs.py took 0.410 seconds
[2023-01-03T04:11:38.525+0000] {processor.py:153} INFO - Started process (PID=328) to work on /home/airflow/.local/lib/python3.7/site-packages/airflow/example_dags/example_xcomargs.py
[2023-01-03T04:11:38.547+0000] {processor.py:743} INFO - Processing file /home/airflow/.local/lib/python3.7/site-packages/airflow/example_dags/example_xcomargs.py for tasks to queue
[2023-01-03T04:11:38.550+0000] {logging_mixin.py:137} INFO - [2023-01-03T04:11:38.549+0000] {dagbag.py:538} INFO - Filling up the DagBag from /home/airflow/.local/lib/python3.7/site-packages/airflow/example_dags/example_xcomargs.py
[2023-01-03T04:11:38.694+0000] {processor.py:753} INFO - DAG(s) dict_keys(['example_xcom_args_with_operators', 'example_xcom_args']) retrieved from /home/airflow/.local/lib/python3.7/site-packages/airflow/example_dags/example_xcomargs.py
[2023-01-03T04:11:38.948+0000] {logging_mixin.py:137} INFO - [2023-01-03T04:11:38.948+0000] {dag.py:2676} INFO - Sync 2 DAGs
[2023-01-03T04:11:39.147+0000] {logging_mixin.py:137} INFO - [2023-01-03T04:11:39.145+0000] {dag.py:3427} INFO - Setting next_dagrun for example_xcom_args to None, run_after=None
[2023-01-03T04:11:39.171+0000] {logging_mixin.py:137} INFO - [2023-01-03T04:11:39.171+0000] {dag.py:3427} INFO - Setting next_dagrun for example_xcom_args_with_operators to None, run_after=None
[2023-01-03T04:11:39.269+0000] {processor.py:175} INFO - Processing /home/airflow/.local/lib/python3.7/site-packages/airflow/example_dags/example_xcomargs.py took 0.757 seconds
[2023-01-03T04:12:44.193+0000] {processor.py:153} INFO - Started process (PID=394) to work on /home/airflow/.local/lib/python3.7/site-packages/airflow/example_dags/example_xcomargs.py
[2023-01-03T04:12:44.196+0000] {processor.py:743} INFO - Processing file /home/airflow/.local/lib/python3.7/site-packages/airflow/example_dags/example_xcomargs.py for tasks to queue
[2023-01-03T04:12:44.199+0000] {logging_mixin.py:137} INFO - [2023-01-03T04:12:44.199+0000] {dagbag.py:538} INFO - Filling up the DagBag from /home/airflow/.local/lib/python3.7/site-packages/airflow/example_dags/example_xcomargs.py
[2023-01-03T04:12:44.617+0000] {processor.py:753} INFO - DAG(s) dict_keys(['example_xcom_args_with_operators', 'example_xcom_args']) retrieved from /home/airflow/.local/lib/python3.7/site-packages/airflow/example_dags/example_xcomargs.py
[2023-01-03T04:12:45.090+0000] {logging_mixin.py:137} INFO - [2023-01-03T04:12:45.089+0000] {dag.py:2676} INFO - Sync 2 DAGs
[2023-01-03T04:12:45.298+0000] {logging_mixin.py:137} INFO - [2023-01-03T04:12:45.298+0000] {dag.py:3427} INFO - Setting next_dagrun for example_xcom_args to None, run_after=None
[2023-01-03T04:12:45.310+0000] {logging_mixin.py:137} INFO - [2023-01-03T04:12:45.310+0000] {dag.py:3427} INFO - Setting next_dagrun for example_xcom_args_with_operators to None, run_after=None
[2023-01-03T04:12:45.400+0000] {processor.py:175} INFO - Processing /home/airflow/.local/lib/python3.7/site-packages/airflow/example_dags/example_xcomargs.py took 1.216 seconds
