[2023-01-03T03:44:26.518+0000] {processor.py:153} INFO - Started process (PID=48) to work on /home/airflow/.local/lib/python3.7/site-packages/airflow/example_dags/example_branch_labels.py
[2023-01-03T03:44:26.529+0000] {processor.py:743} INFO - Processing file /home/airflow/.local/lib/python3.7/site-packages/airflow/example_dags/example_branch_labels.py for tasks to queue
[2023-01-03T03:44:26.531+0000] {logging_mixin.py:137} INFO - [2023-01-03T03:44:26.531+0000] {dagbag.py:538} INFO - Filling up the DagBag from /home/airflow/.local/lib/python3.7/site-packages/airflow/example_dags/example_branch_labels.py
[2023-01-03T03:44:26.594+0000] {processor.py:753} INFO - DAG(s) dict_keys(['example_branch_labels']) retrieved from /home/airflow/.local/lib/python3.7/site-packages/airflow/example_dags/example_branch_labels.py
[2023-01-03T03:44:26.902+0000] {logging_mixin.py:137} INFO - [2023-01-03T03:44:26.902+0000] {dag.py:2676} INFO - Sync 1 DAGs
[2023-01-03T03:44:27.006+0000] {logging_mixin.py:137} INFO - [2023-01-03T03:44:27.006+0000] {dag.py:3427} INFO - Setting next_dagrun for example_branch_labels to 2023-01-02T00:00:00+00:00, run_after=2023-01-03T00:00:00+00:00
[2023-01-03T03:44:27.056+0000] {processor.py:175} INFO - Processing /home/airflow/.local/lib/python3.7/site-packages/airflow/example_dags/example_branch_labels.py took 0.541 seconds
[2023-01-03T03:44:57.155+0000] {processor.py:153} INFO - Started process (PID=109) to work on /home/airflow/.local/lib/python3.7/site-packages/airflow/example_dags/example_branch_labels.py
[2023-01-03T03:44:57.157+0000] {processor.py:743} INFO - Processing file /home/airflow/.local/lib/python3.7/site-packages/airflow/example_dags/example_branch_labels.py for tasks to queue
[2023-01-03T03:44:57.161+0000] {logging_mixin.py:137} INFO - [2023-01-03T03:44:57.161+0000] {dagbag.py:538} INFO - Filling up the DagBag from /home/airflow/.local/lib/python3.7/site-packages/airflow/example_dags/example_branch_labels.py
[2023-01-03T03:44:57.197+0000] {processor.py:753} INFO - DAG(s) dict_keys(['example_branch_labels']) retrieved from /home/airflow/.local/lib/python3.7/site-packages/airflow/example_dags/example_branch_labels.py
[2023-01-03T03:44:57.265+0000] {logging_mixin.py:137} INFO - [2023-01-03T03:44:57.265+0000] {dag.py:2676} INFO - Sync 1 DAGs
[2023-01-03T03:44:57.295+0000] {logging_mixin.py:137} INFO - [2023-01-03T03:44:57.295+0000] {dag.py:3427} INFO - Setting next_dagrun for example_branch_labels to 2023-01-02T00:00:00+00:00, run_after=2023-01-03T00:00:00+00:00
[2023-01-03T03:44:57.323+0000] {processor.py:175} INFO - Processing /home/airflow/.local/lib/python3.7/site-packages/airflow/example_dags/example_branch_labels.py took 0.171 seconds
[2023-01-03T03:45:28.524+0000] {processor.py:153} INFO - Started process (PID=171) to work on /home/airflow/.local/lib/python3.7/site-packages/airflow/example_dags/example_branch_labels.py
[2023-01-03T03:45:28.526+0000] {processor.py:743} INFO - Processing file /home/airflow/.local/lib/python3.7/site-packages/airflow/example_dags/example_branch_labels.py for tasks to queue
[2023-01-03T03:45:28.528+0000] {logging_mixin.py:137} INFO - [2023-01-03T03:45:28.528+0000] {dagbag.py:538} INFO - Filling up the DagBag from /home/airflow/.local/lib/python3.7/site-packages/airflow/example_dags/example_branch_labels.py
[2023-01-03T03:45:28.554+0000] {processor.py:753} INFO - DAG(s) dict_keys(['example_branch_labels']) retrieved from /home/airflow/.local/lib/python3.7/site-packages/airflow/example_dags/example_branch_labels.py
[2023-01-03T03:45:28.627+0000] {logging_mixin.py:137} INFO - [2023-01-03T03:45:28.627+0000] {dag.py:2676} INFO - Sync 1 DAGs
[2023-01-03T03:45:28.669+0000] {logging_mixin.py:137} INFO - [2023-01-03T03:45:28.669+0000] {dag.py:3427} INFO - Setting next_dagrun for example_branch_labels to 2023-01-02T00:00:00+00:00, run_after=2023-01-03T00:00:00+00:00
[2023-01-03T03:45:28.709+0000] {processor.py:175} INFO - Processing /home/airflow/.local/lib/python3.7/site-packages/airflow/example_dags/example_branch_labels.py took 0.193 seconds
[2023-01-03T03:45:59.175+0000] {processor.py:153} INFO - Started process (PID=242) to work on /home/airflow/.local/lib/python3.7/site-packages/airflow/example_dags/example_branch_labels.py
[2023-01-03T03:45:59.183+0000] {processor.py:743} INFO - Processing file /home/airflow/.local/lib/python3.7/site-packages/airflow/example_dags/example_branch_labels.py for tasks to queue
[2023-01-03T03:45:59.184+0000] {logging_mixin.py:137} INFO - [2023-01-03T03:45:59.184+0000] {dagbag.py:538} INFO - Filling up the DagBag from /home/airflow/.local/lib/python3.7/site-packages/airflow/example_dags/example_branch_labels.py
[2023-01-03T03:45:59.218+0000] {processor.py:753} INFO - DAG(s) dict_keys(['example_branch_labels']) retrieved from /home/airflow/.local/lib/python3.7/site-packages/airflow/example_dags/example_branch_labels.py
[2023-01-03T03:45:59.295+0000] {logging_mixin.py:137} INFO - [2023-01-03T03:45:59.295+0000] {dag.py:2676} INFO - Sync 1 DAGs
[2023-01-03T03:45:59.335+0000] {logging_mixin.py:137} INFO - [2023-01-03T03:45:59.335+0000] {dag.py:3427} INFO - Setting next_dagrun for example_branch_labels to 2023-01-02T00:00:00+00:00, run_after=2023-01-03T00:00:00+00:00
[2023-01-03T03:45:59.369+0000] {processor.py:175} INFO - Processing /home/airflow/.local/lib/python3.7/site-packages/airflow/example_dags/example_branch_labels.py took 0.198 seconds
[2023-01-03T03:46:30.275+0000] {processor.py:153} INFO - Started process (PID=307) to work on /home/airflow/.local/lib/python3.7/site-packages/airflow/example_dags/example_branch_labels.py
[2023-01-03T03:46:30.278+0000] {processor.py:743} INFO - Processing file /home/airflow/.local/lib/python3.7/site-packages/airflow/example_dags/example_branch_labels.py for tasks to queue
[2023-01-03T03:46:30.279+0000] {logging_mixin.py:137} INFO - [2023-01-03T03:46:30.279+0000] {dagbag.py:538} INFO - Filling up the DagBag from /home/airflow/.local/lib/python3.7/site-packages/airflow/example_dags/example_branch_labels.py
[2023-01-03T03:46:30.330+0000] {processor.py:753} INFO - DAG(s) dict_keys(['example_branch_labels']) retrieved from /home/airflow/.local/lib/python3.7/site-packages/airflow/example_dags/example_branch_labels.py
[2023-01-03T03:46:30.430+0000] {logging_mixin.py:137} INFO - [2023-01-03T03:46:30.430+0000] {dag.py:2676} INFO - Sync 1 DAGs
[2023-01-03T03:46:30.468+0000] {logging_mixin.py:137} INFO - [2023-01-03T03:46:30.467+0000] {dag.py:3427} INFO - Setting next_dagrun for example_branch_labels to 2023-01-02T00:00:00+00:00, run_after=2023-01-03T00:00:00+00:00
[2023-01-03T03:46:30.504+0000] {processor.py:175} INFO - Processing /home/airflow/.local/lib/python3.7/site-packages/airflow/example_dags/example_branch_labels.py took 0.232 seconds
[2023-01-03T03:47:01.927+0000] {processor.py:153} INFO - Started process (PID=369) to work on /home/airflow/.local/lib/python3.7/site-packages/airflow/example_dags/example_branch_labels.py
[2023-01-03T03:47:01.942+0000] {processor.py:743} INFO - Processing file /home/airflow/.local/lib/python3.7/site-packages/airflow/example_dags/example_branch_labels.py for tasks to queue
[2023-01-03T03:47:01.962+0000] {logging_mixin.py:137} INFO - [2023-01-03T03:47:01.962+0000] {dagbag.py:538} INFO - Filling up the DagBag from /home/airflow/.local/lib/python3.7/site-packages/airflow/example_dags/example_branch_labels.py
[2023-01-03T03:47:02.087+0000] {processor.py:753} INFO - DAG(s) dict_keys(['example_branch_labels']) retrieved from /home/airflow/.local/lib/python3.7/site-packages/airflow/example_dags/example_branch_labels.py
[2023-01-03T03:47:02.267+0000] {logging_mixin.py:137} INFO - [2023-01-03T03:47:02.267+0000] {dag.py:2676} INFO - Sync 1 DAGs
[2023-01-03T03:47:02.375+0000] {logging_mixin.py:137} INFO - [2023-01-03T03:47:02.366+0000] {dag.py:3427} INFO - Setting next_dagrun for example_branch_labels to 2023-01-02T00:00:00+00:00, run_after=2023-01-03T00:00:00+00:00
[2023-01-03T03:47:02.440+0000] {processor.py:175} INFO - Processing /home/airflow/.local/lib/python3.7/site-packages/airflow/example_dags/example_branch_labels.py took 0.550 seconds
[2023-01-03T03:47:32.870+0000] {processor.py:153} INFO - Started process (PID=431) to work on /home/airflow/.local/lib/python3.7/site-packages/airflow/example_dags/example_branch_labels.py
[2023-01-03T03:47:32.875+0000] {processor.py:743} INFO - Processing file /home/airflow/.local/lib/python3.7/site-packages/airflow/example_dags/example_branch_labels.py for tasks to queue
[2023-01-03T03:47:32.879+0000] {logging_mixin.py:137} INFO - [2023-01-03T03:47:32.879+0000] {dagbag.py:538} INFO - Filling up the DagBag from /home/airflow/.local/lib/python3.7/site-packages/airflow/example_dags/example_branch_labels.py
[2023-01-03T03:47:32.929+0000] {processor.py:753} INFO - DAG(s) dict_keys(['example_branch_labels']) retrieved from /home/airflow/.local/lib/python3.7/site-packages/airflow/example_dags/example_branch_labels.py
[2023-01-03T03:47:33.006+0000] {logging_mixin.py:137} INFO - [2023-01-03T03:47:33.006+0000] {dag.py:2676} INFO - Sync 1 DAGs
[2023-01-03T03:47:33.048+0000] {logging_mixin.py:137} INFO - [2023-01-03T03:47:33.048+0000] {dag.py:3427} INFO - Setting next_dagrun for example_branch_labels to 2023-01-02T00:00:00+00:00, run_after=2023-01-03T00:00:00+00:00
[2023-01-03T03:47:33.080+0000] {processor.py:175} INFO - Processing /home/airflow/.local/lib/python3.7/site-packages/airflow/example_dags/example_branch_labels.py took 0.213 seconds
[2023-01-03T03:48:05.307+0000] {processor.py:153} INFO - Started process (PID=493) to work on /home/airflow/.local/lib/python3.7/site-packages/airflow/example_dags/example_branch_labels.py
[2023-01-03T03:48:05.333+0000] {processor.py:743} INFO - Processing file /home/airflow/.local/lib/python3.7/site-packages/airflow/example_dags/example_branch_labels.py for tasks to queue
[2023-01-03T03:48:05.336+0000] {logging_mixin.py:137} INFO - [2023-01-03T03:48:05.335+0000] {dagbag.py:538} INFO - Filling up the DagBag from /home/airflow/.local/lib/python3.7/site-packages/airflow/example_dags/example_branch_labels.py
[2023-01-03T03:48:05.633+0000] {processor.py:753} INFO - DAG(s) dict_keys(['example_branch_labels']) retrieved from /home/airflow/.local/lib/python3.7/site-packages/airflow/example_dags/example_branch_labels.py
[2023-01-03T03:48:06.441+0000] {logging_mixin.py:137} INFO - [2023-01-03T03:48:06.441+0000] {dag.py:2676} INFO - Sync 1 DAGs
[2023-01-03T03:48:06.563+0000] {logging_mixin.py:137} INFO - [2023-01-03T03:48:06.562+0000] {dag.py:3427} INFO - Setting next_dagrun for example_branch_labels to 2023-01-02T00:00:00+00:00, run_after=2023-01-03T00:00:00+00:00
[2023-01-03T03:48:06.650+0000] {processor.py:175} INFO - Processing /home/airflow/.local/lib/python3.7/site-packages/airflow/example_dags/example_branch_labels.py took 1.349 seconds
[2023-01-03T03:48:37.432+0000] {processor.py:153} INFO - Started process (PID=555) to work on /home/airflow/.local/lib/python3.7/site-packages/airflow/example_dags/example_branch_labels.py
[2023-01-03T03:48:37.436+0000] {processor.py:743} INFO - Processing file /home/airflow/.local/lib/python3.7/site-packages/airflow/example_dags/example_branch_labels.py for tasks to queue
[2023-01-03T03:48:37.437+0000] {logging_mixin.py:137} INFO - [2023-01-03T03:48:37.437+0000] {dagbag.py:538} INFO - Filling up the DagBag from /home/airflow/.local/lib/python3.7/site-packages/airflow/example_dags/example_branch_labels.py
[2023-01-03T03:48:37.491+0000] {processor.py:753} INFO - DAG(s) dict_keys(['example_branch_labels']) retrieved from /home/airflow/.local/lib/python3.7/site-packages/airflow/example_dags/example_branch_labels.py
[2023-01-03T03:48:37.659+0000] {logging_mixin.py:137} INFO - [2023-01-03T03:48:37.659+0000] {dag.py:2676} INFO - Sync 1 DAGs
[2023-01-03T03:48:37.797+0000] {logging_mixin.py:137} INFO - [2023-01-03T03:48:37.796+0000] {dag.py:3427} INFO - Setting next_dagrun for example_branch_labels to 2023-01-02T00:00:00+00:00, run_after=2023-01-03T00:00:00+00:00
[2023-01-03T03:48:37.884+0000] {processor.py:175} INFO - Processing /home/airflow/.local/lib/python3.7/site-packages/airflow/example_dags/example_branch_labels.py took 0.456 seconds
[2023-01-03T03:49:08.526+0000] {processor.py:153} INFO - Started process (PID=617) to work on /home/airflow/.local/lib/python3.7/site-packages/airflow/example_dags/example_branch_labels.py
[2023-01-03T03:49:08.537+0000] {processor.py:743} INFO - Processing file /home/airflow/.local/lib/python3.7/site-packages/airflow/example_dags/example_branch_labels.py for tasks to queue
[2023-01-03T03:49:08.538+0000] {logging_mixin.py:137} INFO - [2023-01-03T03:49:08.538+0000] {dagbag.py:538} INFO - Filling up the DagBag from /home/airflow/.local/lib/python3.7/site-packages/airflow/example_dags/example_branch_labels.py
[2023-01-03T03:49:08.588+0000] {processor.py:753} INFO - DAG(s) dict_keys(['example_branch_labels']) retrieved from /home/airflow/.local/lib/python3.7/site-packages/airflow/example_dags/example_branch_labels.py
[2023-01-03T03:49:08.708+0000] {logging_mixin.py:137} INFO - [2023-01-03T03:49:08.707+0000] {dag.py:2676} INFO - Sync 1 DAGs
[2023-01-03T03:49:08.771+0000] {logging_mixin.py:137} INFO - [2023-01-03T03:49:08.771+0000] {dag.py:3427} INFO - Setting next_dagrun for example_branch_labels to 2023-01-02T00:00:00+00:00, run_after=2023-01-03T00:00:00+00:00
[2023-01-03T03:49:08.804+0000] {processor.py:175} INFO - Processing /home/airflow/.local/lib/python3.7/site-packages/airflow/example_dags/example_branch_labels.py took 0.284 seconds
[2023-01-03T03:49:38.978+0000] {processor.py:153} INFO - Started process (PID=679) to work on /home/airflow/.local/lib/python3.7/site-packages/airflow/example_dags/example_branch_labels.py
[2023-01-03T03:49:38.983+0000] {processor.py:743} INFO - Processing file /home/airflow/.local/lib/python3.7/site-packages/airflow/example_dags/example_branch_labels.py for tasks to queue
[2023-01-03T03:49:38.985+0000] {logging_mixin.py:137} INFO - [2023-01-03T03:49:38.985+0000] {dagbag.py:538} INFO - Filling up the DagBag from /home/airflow/.local/lib/python3.7/site-packages/airflow/example_dags/example_branch_labels.py
[2023-01-03T03:49:39.023+0000] {processor.py:753} INFO - DAG(s) dict_keys(['example_branch_labels']) retrieved from /home/airflow/.local/lib/python3.7/site-packages/airflow/example_dags/example_branch_labels.py
[2023-01-03T03:49:39.096+0000] {logging_mixin.py:137} INFO - [2023-01-03T03:49:39.096+0000] {dag.py:2676} INFO - Sync 1 DAGs
[2023-01-03T03:49:39.130+0000] {logging_mixin.py:137} INFO - [2023-01-03T03:49:39.130+0000] {dag.py:3427} INFO - Setting next_dagrun for example_branch_labels to 2023-01-02T00:00:00+00:00, run_after=2023-01-03T00:00:00+00:00
[2023-01-03T03:49:39.150+0000] {processor.py:175} INFO - Processing /home/airflow/.local/lib/python3.7/site-packages/airflow/example_dags/example_branch_labels.py took 0.181 seconds
[2023-01-03T03:50:09.608+0000] {processor.py:153} INFO - Started process (PID=741) to work on /home/airflow/.local/lib/python3.7/site-packages/airflow/example_dags/example_branch_labels.py
[2023-01-03T03:50:09.612+0000] {processor.py:743} INFO - Processing file /home/airflow/.local/lib/python3.7/site-packages/airflow/example_dags/example_branch_labels.py for tasks to queue
[2023-01-03T03:50:09.616+0000] {logging_mixin.py:137} INFO - [2023-01-03T03:50:09.615+0000] {dagbag.py:538} INFO - Filling up the DagBag from /home/airflow/.local/lib/python3.7/site-packages/airflow/example_dags/example_branch_labels.py
[2023-01-03T03:50:09.669+0000] {processor.py:753} INFO - DAG(s) dict_keys(['example_branch_labels']) retrieved from /home/airflow/.local/lib/python3.7/site-packages/airflow/example_dags/example_branch_labels.py
[2023-01-03T03:50:09.799+0000] {logging_mixin.py:137} INFO - [2023-01-03T03:50:09.799+0000] {dag.py:2676} INFO - Sync 1 DAGs
[2023-01-03T03:50:09.890+0000] {logging_mixin.py:137} INFO - [2023-01-03T03:50:09.887+0000] {dag.py:3427} INFO - Setting next_dagrun for example_branch_labels to 2023-01-02T00:00:00+00:00, run_after=2023-01-03T00:00:00+00:00
[2023-01-03T03:50:09.968+0000] {processor.py:175} INFO - Processing /home/airflow/.local/lib/python3.7/site-packages/airflow/example_dags/example_branch_labels.py took 0.363 seconds
[2023-01-03T03:50:40.710+0000] {processor.py:153} INFO - Started process (PID=803) to work on /home/airflow/.local/lib/python3.7/site-packages/airflow/example_dags/example_branch_labels.py
[2023-01-03T03:50:40.712+0000] {processor.py:743} INFO - Processing file /home/airflow/.local/lib/python3.7/site-packages/airflow/example_dags/example_branch_labels.py for tasks to queue
[2023-01-03T03:50:40.713+0000] {logging_mixin.py:137} INFO - [2023-01-03T03:50:40.713+0000] {dagbag.py:538} INFO - Filling up the DagBag from /home/airflow/.local/lib/python3.7/site-packages/airflow/example_dags/example_branch_labels.py
[2023-01-03T03:50:40.744+0000] {processor.py:753} INFO - DAG(s) dict_keys(['example_branch_labels']) retrieved from /home/airflow/.local/lib/python3.7/site-packages/airflow/example_dags/example_branch_labels.py
[2023-01-03T03:50:40.860+0000] {logging_mixin.py:137} INFO - [2023-01-03T03:50:40.860+0000] {dag.py:2676} INFO - Sync 1 DAGs
[2023-01-03T03:50:40.908+0000] {logging_mixin.py:137} INFO - [2023-01-03T03:50:40.908+0000] {dag.py:3427} INFO - Setting next_dagrun for example_branch_labels to 2023-01-02T00:00:00+00:00, run_after=2023-01-03T00:00:00+00:00
[2023-01-03T03:50:40.940+0000] {processor.py:175} INFO - Processing /home/airflow/.local/lib/python3.7/site-packages/airflow/example_dags/example_branch_labels.py took 0.232 seconds
[2023-01-03T03:51:11.569+0000] {processor.py:153} INFO - Started process (PID=866) to work on /home/airflow/.local/lib/python3.7/site-packages/airflow/example_dags/example_branch_labels.py
[2023-01-03T03:51:11.576+0000] {processor.py:743} INFO - Processing file /home/airflow/.local/lib/python3.7/site-packages/airflow/example_dags/example_branch_labels.py for tasks to queue
[2023-01-03T03:51:11.584+0000] {logging_mixin.py:137} INFO - [2023-01-03T03:51:11.583+0000] {dagbag.py:538} INFO - Filling up the DagBag from /home/airflow/.local/lib/python3.7/site-packages/airflow/example_dags/example_branch_labels.py
[2023-01-03T03:51:11.624+0000] {processor.py:753} INFO - DAG(s) dict_keys(['example_branch_labels']) retrieved from /home/airflow/.local/lib/python3.7/site-packages/airflow/example_dags/example_branch_labels.py
[2023-01-03T03:51:11.741+0000] {logging_mixin.py:137} INFO - [2023-01-03T03:51:11.741+0000] {dag.py:2676} INFO - Sync 1 DAGs
[2023-01-03T03:51:11.794+0000] {logging_mixin.py:137} INFO - [2023-01-03T03:51:11.794+0000] {dag.py:3427} INFO - Setting next_dagrun for example_branch_labels to 2023-01-02T00:00:00+00:00, run_after=2023-01-03T00:00:00+00:00
[2023-01-03T03:51:11.836+0000] {processor.py:175} INFO - Processing /home/airflow/.local/lib/python3.7/site-packages/airflow/example_dags/example_branch_labels.py took 0.270 seconds
[2023-01-03T03:51:41.999+0000] {processor.py:153} INFO - Started process (PID=927) to work on /home/airflow/.local/lib/python3.7/site-packages/airflow/example_dags/example_branch_labels.py
[2023-01-03T03:51:42.003+0000] {processor.py:743} INFO - Processing file /home/airflow/.local/lib/python3.7/site-packages/airflow/example_dags/example_branch_labels.py for tasks to queue
[2023-01-03T03:51:42.005+0000] {logging_mixin.py:137} INFO - [2023-01-03T03:51:42.005+0000] {dagbag.py:538} INFO - Filling up the DagBag from /home/airflow/.local/lib/python3.7/site-packages/airflow/example_dags/example_branch_labels.py
[2023-01-03T03:51:42.028+0000] {processor.py:753} INFO - DAG(s) dict_keys(['example_branch_labels']) retrieved from /home/airflow/.local/lib/python3.7/site-packages/airflow/example_dags/example_branch_labels.py
[2023-01-03T03:51:42.095+0000] {logging_mixin.py:137} INFO - [2023-01-03T03:51:42.095+0000] {dag.py:2676} INFO - Sync 1 DAGs
[2023-01-03T03:51:42.122+0000] {logging_mixin.py:137} INFO - [2023-01-03T03:51:42.122+0000] {dag.py:3427} INFO - Setting next_dagrun for example_branch_labels to 2023-01-02T00:00:00+00:00, run_after=2023-01-03T00:00:00+00:00
[2023-01-03T03:51:42.144+0000] {processor.py:175} INFO - Processing /home/airflow/.local/lib/python3.7/site-packages/airflow/example_dags/example_branch_labels.py took 0.149 seconds
[2023-01-03T03:52:12.831+0000] {processor.py:153} INFO - Started process (PID=988) to work on /home/airflow/.local/lib/python3.7/site-packages/airflow/example_dags/example_branch_labels.py
[2023-01-03T03:52:12.833+0000] {processor.py:743} INFO - Processing file /home/airflow/.local/lib/python3.7/site-packages/airflow/example_dags/example_branch_labels.py for tasks to queue
[2023-01-03T03:52:12.834+0000] {logging_mixin.py:137} INFO - [2023-01-03T03:52:12.834+0000] {dagbag.py:538} INFO - Filling up the DagBag from /home/airflow/.local/lib/python3.7/site-packages/airflow/example_dags/example_branch_labels.py
[2023-01-03T03:52:12.871+0000] {processor.py:753} INFO - DAG(s) dict_keys(['example_branch_labels']) retrieved from /home/airflow/.local/lib/python3.7/site-packages/airflow/example_dags/example_branch_labels.py
[2023-01-03T03:52:12.964+0000] {logging_mixin.py:137} INFO - [2023-01-03T03:52:12.964+0000] {dag.py:2676} INFO - Sync 1 DAGs
[2023-01-03T03:52:13.038+0000] {logging_mixin.py:137} INFO - [2023-01-03T03:52:13.038+0000] {dag.py:3427} INFO - Setting next_dagrun for example_branch_labels to 2023-01-02T00:00:00+00:00, run_after=2023-01-03T00:00:00+00:00
[2023-01-03T03:52:13.107+0000] {processor.py:175} INFO - Processing /home/airflow/.local/lib/python3.7/site-packages/airflow/example_dags/example_branch_labels.py took 0.288 seconds
[2023-01-03T03:52:54.572+0000] {processor.py:153} INFO - Started process (PID=1052) to work on /home/airflow/.local/lib/python3.7/site-packages/airflow/example_dags/example_branch_labels.py
[2023-01-03T03:52:54.585+0000] {processor.py:743} INFO - Processing file /home/airflow/.local/lib/python3.7/site-packages/airflow/example_dags/example_branch_labels.py for tasks to queue
[2023-01-03T03:52:54.586+0000] {logging_mixin.py:137} INFO - [2023-01-03T03:52:54.586+0000] {dagbag.py:538} INFO - Filling up the DagBag from /home/airflow/.local/lib/python3.7/site-packages/airflow/example_dags/example_branch_labels.py
[2023-01-03T03:52:54.667+0000] {processor.py:753} INFO - DAG(s) dict_keys(['example_branch_labels']) retrieved from /home/airflow/.local/lib/python3.7/site-packages/airflow/example_dags/example_branch_labels.py
[2023-01-03T03:52:54.878+0000] {logging_mixin.py:137} INFO - [2023-01-03T03:52:54.878+0000] {dag.py:2676} INFO - Sync 1 DAGs
[2023-01-03T03:52:54.983+0000] {logging_mixin.py:137} INFO - [2023-01-03T03:52:54.983+0000] {dag.py:3427} INFO - Setting next_dagrun for example_branch_labels to 2023-01-02T00:00:00+00:00, run_after=2023-01-03T00:00:00+00:00
[2023-01-03T03:52:55.019+0000] {processor.py:175} INFO - Processing /home/airflow/.local/lib/python3.7/site-packages/airflow/example_dags/example_branch_labels.py took 0.468 seconds
[2023-01-03T03:53:43.110+0000] {processor.py:153} INFO - Started process (PID=1103) to work on /home/airflow/.local/lib/python3.7/site-packages/airflow/example_dags/example_branch_labels.py
[2023-01-03T03:53:43.115+0000] {processor.py:743} INFO - Processing file /home/airflow/.local/lib/python3.7/site-packages/airflow/example_dags/example_branch_labels.py for tasks to queue
[2023-01-03T03:53:43.122+0000] {logging_mixin.py:137} INFO - [2023-01-03T03:53:43.122+0000] {dagbag.py:538} INFO - Filling up the DagBag from /home/airflow/.local/lib/python3.7/site-packages/airflow/example_dags/example_branch_labels.py
[2023-01-03T03:53:43.199+0000] {processor.py:753} INFO - DAG(s) dict_keys(['example_branch_labels']) retrieved from /home/airflow/.local/lib/python3.7/site-packages/airflow/example_dags/example_branch_labels.py
[2023-01-03T03:53:43.314+0000] {logging_mixin.py:137} INFO - [2023-01-03T03:53:43.314+0000] {dag.py:2676} INFO - Sync 1 DAGs
[2023-01-03T03:53:43.370+0000] {logging_mixin.py:137} INFO - [2023-01-03T03:53:43.370+0000] {dag.py:3427} INFO - Setting next_dagrun for example_branch_labels to 2023-01-02T00:00:00+00:00, run_after=2023-01-03T00:00:00+00:00
[2023-01-03T03:53:43.418+0000] {processor.py:175} INFO - Processing /home/airflow/.local/lib/python3.7/site-packages/airflow/example_dags/example_branch_labels.py took 0.315 seconds
[2023-01-03T03:54:14.512+0000] {processor.py:153} INFO - Started process (PID=1162) to work on /home/airflow/.local/lib/python3.7/site-packages/airflow/example_dags/example_branch_labels.py
[2023-01-03T03:54:14.514+0000] {processor.py:743} INFO - Processing file /home/airflow/.local/lib/python3.7/site-packages/airflow/example_dags/example_branch_labels.py for tasks to queue
[2023-01-03T03:54:14.514+0000] {logging_mixin.py:137} INFO - [2023-01-03T03:54:14.514+0000] {dagbag.py:538} INFO - Filling up the DagBag from /home/airflow/.local/lib/python3.7/site-packages/airflow/example_dags/example_branch_labels.py
[2023-01-03T03:54:14.577+0000] {processor.py:753} INFO - DAG(s) dict_keys(['example_branch_labels']) retrieved from /home/airflow/.local/lib/python3.7/site-packages/airflow/example_dags/example_branch_labels.py
[2023-01-03T03:54:14.798+0000] {logging_mixin.py:137} INFO - [2023-01-03T03:54:14.798+0000] {dag.py:2676} INFO - Sync 1 DAGs
[2023-01-03T03:54:14.862+0000] {logging_mixin.py:137} INFO - [2023-01-03T03:54:14.862+0000] {dag.py:3427} INFO - Setting next_dagrun for example_branch_labels to 2023-01-02T00:00:00+00:00, run_after=2023-01-03T00:00:00+00:00
[2023-01-03T03:54:14.950+0000] {processor.py:175} INFO - Processing /home/airflow/.local/lib/python3.7/site-packages/airflow/example_dags/example_branch_labels.py took 0.445 seconds
[2023-01-03T03:54:45.328+0000] {processor.py:153} INFO - Started process (PID=1224) to work on /home/airflow/.local/lib/python3.7/site-packages/airflow/example_dags/example_branch_labels.py
[2023-01-03T03:54:45.331+0000] {processor.py:743} INFO - Processing file /home/airflow/.local/lib/python3.7/site-packages/airflow/example_dags/example_branch_labels.py for tasks to queue
[2023-01-03T03:54:45.333+0000] {logging_mixin.py:137} INFO - [2023-01-03T03:54:45.333+0000] {dagbag.py:538} INFO - Filling up the DagBag from /home/airflow/.local/lib/python3.7/site-packages/airflow/example_dags/example_branch_labels.py
[2023-01-03T03:54:45.378+0000] {processor.py:753} INFO - DAG(s) dict_keys(['example_branch_labels']) retrieved from /home/airflow/.local/lib/python3.7/site-packages/airflow/example_dags/example_branch_labels.py
[2023-01-03T03:54:45.473+0000] {logging_mixin.py:137} INFO - [2023-01-03T03:54:45.473+0000] {dag.py:2676} INFO - Sync 1 DAGs
[2023-01-03T03:54:45.577+0000] {logging_mixin.py:137} INFO - [2023-01-03T03:54:45.577+0000] {dag.py:3427} INFO - Setting next_dagrun for example_branch_labels to 2023-01-02T00:00:00+00:00, run_after=2023-01-03T00:00:00+00:00
[2023-01-03T03:54:45.647+0000] {processor.py:175} INFO - Processing /home/airflow/.local/lib/python3.7/site-packages/airflow/example_dags/example_branch_labels.py took 0.329 seconds
[2023-01-03T03:55:30.142+0000] {processor.py:153} INFO - Started process (PID=1265) to work on /home/airflow/.local/lib/python3.7/site-packages/airflow/example_dags/example_branch_labels.py
[2023-01-03T03:55:30.146+0000] {processor.py:743} INFO - Processing file /home/airflow/.local/lib/python3.7/site-packages/airflow/example_dags/example_branch_labels.py for tasks to queue
[2023-01-03T03:55:30.147+0000] {logging_mixin.py:137} INFO - [2023-01-03T03:55:30.147+0000] {dagbag.py:538} INFO - Filling up the DagBag from /home/airflow/.local/lib/python3.7/site-packages/airflow/example_dags/example_branch_labels.py
[2023-01-03T03:55:37.083+0000] {processor.py:753} INFO - DAG(s) dict_keys(['example_branch_labels']) retrieved from /home/airflow/.local/lib/python3.7/site-packages/airflow/example_dags/example_branch_labels.py
[2023-01-03T03:55:46.399+0000] {logging_mixin.py:137} INFO - [2023-01-03T03:55:46.360+0000] {dag.py:2676} INFO - Sync 1 DAGs
[2023-01-03T03:55:50.673+0000] {logging_mixin.py:137} INFO - [2023-01-03T03:55:50.662+0000] {dag.py:3427} INFO - Setting next_dagrun for example_branch_labels to 2023-01-02T00:00:00+00:00, run_after=2023-01-03T00:00:00+00:00
[2023-01-03T03:55:54.232+0000] {processor.py:175} INFO - Processing /home/airflow/.local/lib/python3.7/site-packages/airflow/example_dags/example_branch_labels.py took 24.096 seconds
[2023-01-03T04:00:18.307+0000] {processor.py:153} INFO - Started process (PID=57) to work on /home/airflow/.local/lib/python3.7/site-packages/airflow/example_dags/example_branch_labels.py
[2023-01-03T04:00:18.351+0000] {processor.py:743} INFO - Processing file /home/airflow/.local/lib/python3.7/site-packages/airflow/example_dags/example_branch_labels.py for tasks to queue
[2023-01-03T04:00:18.355+0000] {logging_mixin.py:137} INFO - [2023-01-03T04:00:18.354+0000] {dagbag.py:538} INFO - Filling up the DagBag from /home/airflow/.local/lib/python3.7/site-packages/airflow/example_dags/example_branch_labels.py
[2023-01-03T04:00:18.537+0000] {processor.py:753} INFO - DAG(s) dict_keys(['example_branch_labels']) retrieved from /home/airflow/.local/lib/python3.7/site-packages/airflow/example_dags/example_branch_labels.py
[2023-01-03T04:00:18.799+0000] {logging_mixin.py:137} INFO - [2023-01-03T04:00:18.799+0000] {dag.py:2676} INFO - Sync 1 DAGs
[2023-01-03T04:00:18.924+0000] {logging_mixin.py:137} INFO - [2023-01-03T04:00:18.923+0000] {dag.py:3427} INFO - Setting next_dagrun for example_branch_labels to 2023-01-02T00:00:00+00:00, run_after=2023-01-03T00:00:00+00:00
[2023-01-03T04:00:19.013+0000] {processor.py:175} INFO - Processing /home/airflow/.local/lib/python3.7/site-packages/airflow/example_dags/example_branch_labels.py took 0.719 seconds
[2023-01-03T04:02:17.172+0000] {processor.py:153} INFO - Started process (PID=94) to work on /home/airflow/.local/lib/python3.7/site-packages/airflow/example_dags/example_branch_labels.py
[2023-01-03T04:02:17.233+0000] {processor.py:743} INFO - Processing file /home/airflow/.local/lib/python3.7/site-packages/airflow/example_dags/example_branch_labels.py for tasks to queue
[2023-01-03T04:02:17.254+0000] {logging_mixin.py:137} INFO - [2023-01-03T04:02:17.254+0000] {dagbag.py:538} INFO - Filling up the DagBag from /home/airflow/.local/lib/python3.7/site-packages/airflow/example_dags/example_branch_labels.py
[2023-01-03T04:02:32.243+0000] {processor.py:753} INFO - DAG(s) dict_keys(['example_branch_labels']) retrieved from /home/airflow/.local/lib/python3.7/site-packages/airflow/example_dags/example_branch_labels.py
[2023-01-03T04:02:38.248+0000] {logging_mixin.py:137} INFO - [2023-01-03T04:02:38.232+0000] {dag.py:2676} INFO - Sync 1 DAGs
[2023-01-03T04:02:38.555+0000] {logging_mixin.py:137} INFO - [2023-01-03T04:02:38.555+0000] {dag.py:3427} INFO - Setting next_dagrun for example_branch_labels to 2023-01-02T00:00:00+00:00, run_after=2023-01-03T00:00:00+00:00
[2023-01-03T04:02:39.487+0000] {processor.py:175} INFO - Processing /home/airflow/.local/lib/python3.7/site-packages/airflow/example_dags/example_branch_labels.py took 23.143 seconds
[2023-01-03T04:06:18.950+0000] {processor.py:153} INFO - Started process (PID=75) to work on /home/airflow/.local/lib/python3.7/site-packages/airflow/example_dags/example_branch_labels.py
[2023-01-03T04:06:19.045+0000] {processor.py:743} INFO - Processing file /home/airflow/.local/lib/python3.7/site-packages/airflow/example_dags/example_branch_labels.py for tasks to queue
[2023-01-03T04:06:19.054+0000] {logging_mixin.py:137} INFO - [2023-01-03T04:06:19.054+0000] {dagbag.py:538} INFO - Filling up the DagBag from /home/airflow/.local/lib/python3.7/site-packages/airflow/example_dags/example_branch_labels.py
[2023-01-03T04:06:19.389+0000] {processor.py:753} INFO - DAG(s) dict_keys(['example_branch_labels']) retrieved from /home/airflow/.local/lib/python3.7/site-packages/airflow/example_dags/example_branch_labels.py
[2023-01-03T04:06:20.130+0000] {logging_mixin.py:137} INFO - [2023-01-03T04:06:20.130+0000] {dag.py:2676} INFO - Sync 1 DAGs
[2023-01-03T04:06:20.465+0000] {logging_mixin.py:137} INFO - [2023-01-03T04:06:20.465+0000] {dag.py:3427} INFO - Setting next_dagrun for example_branch_labels to 2023-01-02T00:00:00+00:00, run_after=2023-01-03T00:00:00+00:00
[2023-01-03T04:06:20.671+0000] {processor.py:175} INFO - Processing /home/airflow/.local/lib/python3.7/site-packages/airflow/example_dags/example_branch_labels.py took 1.732 seconds
[2023-01-03T04:07:31.221+0000] {processor.py:153} INFO - Started process (PID=57) to work on /home/airflow/.local/lib/python3.7/site-packages/airflow/example_dags/example_branch_labels.py
[2023-01-03T04:07:31.226+0000] {processor.py:743} INFO - Processing file /home/airflow/.local/lib/python3.7/site-packages/airflow/example_dags/example_branch_labels.py for tasks to queue
[2023-01-03T04:07:31.230+0000] {logging_mixin.py:137} INFO - [2023-01-03T04:07:31.230+0000] {dagbag.py:538} INFO - Filling up the DagBag from /home/airflow/.local/lib/python3.7/site-packages/airflow/example_dags/example_branch_labels.py
[2023-01-03T04:07:31.533+0000] {processor.py:753} INFO - DAG(s) dict_keys(['example_branch_labels']) retrieved from /home/airflow/.local/lib/python3.7/site-packages/airflow/example_dags/example_branch_labels.py
[2023-01-03T04:07:31.941+0000] {logging_mixin.py:137} INFO - [2023-01-03T04:07:31.941+0000] {dag.py:2676} INFO - Sync 1 DAGs
[2023-01-03T04:07:32.039+0000] {logging_mixin.py:137} INFO - [2023-01-03T04:07:32.039+0000] {dag.py:3427} INFO - Setting next_dagrun for example_branch_labels to 2023-01-02T00:00:00+00:00, run_after=2023-01-03T00:00:00+00:00
[2023-01-03T04:07:32.183+0000] {processor.py:175} INFO - Processing /home/airflow/.local/lib/python3.7/site-packages/airflow/example_dags/example_branch_labels.py took 0.970 seconds
[2023-01-03T04:09:20.169+0000] {processor.py:153} INFO - Started process (PID=80) to work on /home/airflow/.local/lib/python3.7/site-packages/airflow/example_dags/example_branch_labels.py
[2023-01-03T04:09:20.173+0000] {processor.py:743} INFO - Processing file /home/airflow/.local/lib/python3.7/site-packages/airflow/example_dags/example_branch_labels.py for tasks to queue
[2023-01-03T04:09:20.174+0000] {logging_mixin.py:137} INFO - [2023-01-03T04:09:20.174+0000] {dagbag.py:538} INFO - Filling up the DagBag from /home/airflow/.local/lib/python3.7/site-packages/airflow/example_dags/example_branch_labels.py
[2023-01-03T04:09:20.334+0000] {processor.py:753} INFO - DAG(s) dict_keys(['example_branch_labels']) retrieved from /home/airflow/.local/lib/python3.7/site-packages/airflow/example_dags/example_branch_labels.py
[2023-01-03T04:09:20.618+0000] {logging_mixin.py:137} INFO - [2023-01-03T04:09:20.618+0000] {dag.py:2676} INFO - Sync 1 DAGs
[2023-01-03T04:09:20.788+0000] {logging_mixin.py:137} INFO - [2023-01-03T04:09:20.788+0000] {dag.py:3427} INFO - Setting next_dagrun for example_branch_labels to 2023-01-02T00:00:00+00:00, run_after=2023-01-03T00:00:00+00:00
[2023-01-03T04:09:21.102+0000] {processor.py:175} INFO - Processing /home/airflow/.local/lib/python3.7/site-packages/airflow/example_dags/example_branch_labels.py took 0.957 seconds
[2023-01-03T04:09:51.666+0000] {processor.py:153} INFO - Started process (PID=145) to work on /home/airflow/.local/lib/python3.7/site-packages/airflow/example_dags/example_branch_labels.py
[2023-01-03T04:09:51.676+0000] {processor.py:743} INFO - Processing file /home/airflow/.local/lib/python3.7/site-packages/airflow/example_dags/example_branch_labels.py for tasks to queue
[2023-01-03T04:09:51.681+0000] {logging_mixin.py:137} INFO - [2023-01-03T04:09:51.681+0000] {dagbag.py:538} INFO - Filling up the DagBag from /home/airflow/.local/lib/python3.7/site-packages/airflow/example_dags/example_branch_labels.py
[2023-01-03T04:09:51.728+0000] {processor.py:753} INFO - DAG(s) dict_keys(['example_branch_labels']) retrieved from /home/airflow/.local/lib/python3.7/site-packages/airflow/example_dags/example_branch_labels.py
[2023-01-03T04:09:51.816+0000] {logging_mixin.py:137} INFO - [2023-01-03T04:09:51.816+0000] {dag.py:2676} INFO - Sync 1 DAGs
[2023-01-03T04:09:51.885+0000] {logging_mixin.py:137} INFO - [2023-01-03T04:09:51.885+0000] {dag.py:3427} INFO - Setting next_dagrun for example_branch_labels to 2023-01-02T00:00:00+00:00, run_after=2023-01-03T00:00:00+00:00
[2023-01-03T04:09:51.935+0000] {processor.py:175} INFO - Processing /home/airflow/.local/lib/python3.7/site-packages/airflow/example_dags/example_branch_labels.py took 0.273 seconds
[2023-01-03T04:10:23.572+0000] {processor.py:153} INFO - Started process (PID=207) to work on /home/airflow/.local/lib/python3.7/site-packages/airflow/example_dags/example_branch_labels.py
[2023-01-03T04:10:23.575+0000] {processor.py:743} INFO - Processing file /home/airflow/.local/lib/python3.7/site-packages/airflow/example_dags/example_branch_labels.py for tasks to queue
[2023-01-03T04:10:23.578+0000] {logging_mixin.py:137} INFO - [2023-01-03T04:10:23.577+0000] {dagbag.py:538} INFO - Filling up the DagBag from /home/airflow/.local/lib/python3.7/site-packages/airflow/example_dags/example_branch_labels.py
[2023-01-03T04:10:23.938+0000] {processor.py:753} INFO - DAG(s) dict_keys(['example_branch_labels']) retrieved from /home/airflow/.local/lib/python3.7/site-packages/airflow/example_dags/example_branch_labels.py
[2023-01-03T04:10:24.642+0000] {logging_mixin.py:137} INFO - [2023-01-03T04:10:24.634+0000] {dag.py:2676} INFO - Sync 1 DAGs
[2023-01-03T04:10:24.815+0000] {logging_mixin.py:137} INFO - [2023-01-03T04:10:24.814+0000] {dag.py:3427} INFO - Setting next_dagrun for example_branch_labels to 2023-01-02T00:00:00+00:00, run_after=2023-01-03T00:00:00+00:00
[2023-01-03T04:10:24.939+0000] {processor.py:175} INFO - Processing /home/airflow/.local/lib/python3.7/site-packages/airflow/example_dags/example_branch_labels.py took 1.421 seconds
[2023-01-03T04:10:55.215+0000] {processor.py:153} INFO - Started process (PID=257) to work on /home/airflow/.local/lib/python3.7/site-packages/airflow/example_dags/example_branch_labels.py
[2023-01-03T04:10:55.219+0000] {processor.py:743} INFO - Processing file /home/airflow/.local/lib/python3.7/site-packages/airflow/example_dags/example_branch_labels.py for tasks to queue
[2023-01-03T04:10:55.223+0000] {logging_mixin.py:137} INFO - [2023-01-03T04:10:55.223+0000] {dagbag.py:538} INFO - Filling up the DagBag from /home/airflow/.local/lib/python3.7/site-packages/airflow/example_dags/example_branch_labels.py
[2023-01-03T04:10:55.288+0000] {processor.py:753} INFO - DAG(s) dict_keys(['example_branch_labels']) retrieved from /home/airflow/.local/lib/python3.7/site-packages/airflow/example_dags/example_branch_labels.py
[2023-01-03T04:10:55.541+0000] {logging_mixin.py:137} INFO - [2023-01-03T04:10:55.541+0000] {dag.py:2676} INFO - Sync 1 DAGs
[2023-01-03T04:10:55.652+0000] {logging_mixin.py:137} INFO - [2023-01-03T04:10:55.651+0000] {dag.py:3427} INFO - Setting next_dagrun for example_branch_labels to 2023-01-02T00:00:00+00:00, run_after=2023-01-03T00:00:00+00:00
[2023-01-03T04:10:55.712+0000] {processor.py:175} INFO - Processing /home/airflow/.local/lib/python3.7/site-packages/airflow/example_dags/example_branch_labels.py took 0.502 seconds
[2023-01-03T04:11:33.784+0000] {processor.py:153} INFO - Started process (PID=308) to work on /home/airflow/.local/lib/python3.7/site-packages/airflow/example_dags/example_branch_labels.py
[2023-01-03T04:11:33.802+0000] {processor.py:743} INFO - Processing file /home/airflow/.local/lib/python3.7/site-packages/airflow/example_dags/example_branch_labels.py for tasks to queue
[2023-01-03T04:11:33.804+0000] {logging_mixin.py:137} INFO - [2023-01-03T04:11:33.804+0000] {dagbag.py:538} INFO - Filling up the DagBag from /home/airflow/.local/lib/python3.7/site-packages/airflow/example_dags/example_branch_labels.py
[2023-01-03T04:11:33.905+0000] {processor.py:753} INFO - DAG(s) dict_keys(['example_branch_labels']) retrieved from /home/airflow/.local/lib/python3.7/site-packages/airflow/example_dags/example_branch_labels.py
[2023-01-03T04:11:34.164+0000] {logging_mixin.py:137} INFO - [2023-01-03T04:11:34.164+0000] {dag.py:2676} INFO - Sync 1 DAGs
[2023-01-03T04:11:34.200+0000] {logging_mixin.py:137} INFO - [2023-01-03T04:11:34.200+0000] {dag.py:3427} INFO - Setting next_dagrun for example_branch_labels to 2023-01-02T00:00:00+00:00, run_after=2023-01-03T00:00:00+00:00
[2023-01-03T04:11:34.266+0000] {processor.py:175} INFO - Processing /home/airflow/.local/lib/python3.7/site-packages/airflow/example_dags/example_branch_labels.py took 0.486 seconds
[2023-01-03T04:12:05.635+0000] {processor.py:153} INFO - Started process (PID=374) to work on /home/airflow/.local/lib/python3.7/site-packages/airflow/example_dags/example_branch_labels.py
[2023-01-03T04:12:05.639+0000] {processor.py:743} INFO - Processing file /home/airflow/.local/lib/python3.7/site-packages/airflow/example_dags/example_branch_labels.py for tasks to queue
[2023-01-03T04:12:05.641+0000] {logging_mixin.py:137} INFO - [2023-01-03T04:12:05.641+0000] {dagbag.py:538} INFO - Filling up the DagBag from /home/airflow/.local/lib/python3.7/site-packages/airflow/example_dags/example_branch_labels.py
[2023-01-03T04:12:05.696+0000] {processor.py:753} INFO - DAG(s) dict_keys(['example_branch_labels']) retrieved from /home/airflow/.local/lib/python3.7/site-packages/airflow/example_dags/example_branch_labels.py
[2023-01-03T04:12:05.876+0000] {logging_mixin.py:137} INFO - [2023-01-03T04:12:05.875+0000] {dag.py:2676} INFO - Sync 1 DAGs
[2023-01-03T04:12:06.198+0000] {logging_mixin.py:137} INFO - [2023-01-03T04:12:06.196+0000] {dag.py:3427} INFO - Setting next_dagrun for example_branch_labels to 2023-01-02T00:00:00+00:00, run_after=2023-01-03T00:00:00+00:00
[2023-01-03T04:12:06.241+0000] {processor.py:175} INFO - Processing /home/airflow/.local/lib/python3.7/site-packages/airflow/example_dags/example_branch_labels.py took 0.625 seconds
[2023-01-03T04:12:47.770+0000] {processor.py:153} INFO - Started process (PID=398) to work on /home/airflow/.local/lib/python3.7/site-packages/airflow/example_dags/example_branch_labels.py
[2023-01-03T04:12:47.783+0000] {processor.py:743} INFO - Processing file /home/airflow/.local/lib/python3.7/site-packages/airflow/example_dags/example_branch_labels.py for tasks to queue
[2023-01-03T04:12:47.784+0000] {logging_mixin.py:137} INFO - [2023-01-03T04:12:47.784+0000] {dagbag.py:538} INFO - Filling up the DagBag from /home/airflow/.local/lib/python3.7/site-packages/airflow/example_dags/example_branch_labels.py
[2023-01-03T04:12:47.864+0000] {processor.py:753} INFO - DAG(s) dict_keys(['example_branch_labels']) retrieved from /home/airflow/.local/lib/python3.7/site-packages/airflow/example_dags/example_branch_labels.py
[2023-01-03T04:12:47.983+0000] {logging_mixin.py:137} INFO - [2023-01-03T04:12:47.983+0000] {dag.py:2676} INFO - Sync 1 DAGs
[2023-01-03T04:12:48.064+0000] {logging_mixin.py:137} INFO - [2023-01-03T04:12:48.064+0000] {dag.py:3427} INFO - Setting next_dagrun for example_branch_labels to 2023-01-02T00:00:00+00:00, run_after=2023-01-03T00:00:00+00:00
[2023-01-03T04:12:48.152+0000] {processor.py:175} INFO - Processing /home/airflow/.local/lib/python3.7/site-packages/airflow/example_dags/example_branch_labels.py took 0.387 seconds
