[2023-01-03T03:44:25.295+0000] {processor.py:153} INFO - Started process (PID=45) to work on /home/airflow/.local/lib/python3.7/site-packages/airflow/example_dags/example_trigger_target_dag.py
[2023-01-03T03:44:25.327+0000] {processor.py:743} INFO - Processing file /home/airflow/.local/lib/python3.7/site-packages/airflow/example_dags/example_trigger_target_dag.py for tasks to queue
[2023-01-03T03:44:25.332+0000] {logging_mixin.py:137} INFO - [2023-01-03T03:44:25.331+0000] {dagbag.py:538} INFO - Filling up the DagBag from /home/airflow/.local/lib/python3.7/site-packages/airflow/example_dags/example_trigger_target_dag.py
[2023-01-03T03:44:25.798+0000] {processor.py:753} INFO - DAG(s) dict_keys(['example_trigger_target_dag']) retrieved from /home/airflow/.local/lib/python3.7/site-packages/airflow/example_dags/example_trigger_target_dag.py
[2023-01-03T03:44:25.997+0000] {logging_mixin.py:137} INFO - [2023-01-03T03:44:25.996+0000] {dag.py:2676} INFO - Sync 1 DAGs
[2023-01-03T03:44:26.095+0000] {logging_mixin.py:137} INFO - [2023-01-03T03:44:26.094+0000] {dag.py:3427} INFO - Setting next_dagrun for example_trigger_target_dag to None, run_after=None
[2023-01-03T03:44:26.188+0000] {processor.py:175} INFO - Processing /home/airflow/.local/lib/python3.7/site-packages/airflow/example_dags/example_trigger_target_dag.py took 0.910 seconds
[2023-01-03T03:44:56.726+0000] {processor.py:153} INFO - Started process (PID=106) to work on /home/airflow/.local/lib/python3.7/site-packages/airflow/example_dags/example_trigger_target_dag.py
[2023-01-03T03:44:56.729+0000] {processor.py:743} INFO - Processing file /home/airflow/.local/lib/python3.7/site-packages/airflow/example_dags/example_trigger_target_dag.py for tasks to queue
[2023-01-03T03:44:56.733+0000] {logging_mixin.py:137} INFO - [2023-01-03T03:44:56.732+0000] {dagbag.py:538} INFO - Filling up the DagBag from /home/airflow/.local/lib/python3.7/site-packages/airflow/example_dags/example_trigger_target_dag.py
[2023-01-03T03:44:56.859+0000] {processor.py:753} INFO - DAG(s) dict_keys(['example_trigger_target_dag']) retrieved from /home/airflow/.local/lib/python3.7/site-packages/airflow/example_dags/example_trigger_target_dag.py
[2023-01-03T03:44:56.984+0000] {logging_mixin.py:137} INFO - [2023-01-03T03:44:56.984+0000] {dag.py:2676} INFO - Sync 1 DAGs
[2023-01-03T03:44:57.030+0000] {logging_mixin.py:137} INFO - [2023-01-03T03:44:57.030+0000] {dag.py:3427} INFO - Setting next_dagrun for example_trigger_target_dag to None, run_after=None
[2023-01-03T03:44:57.056+0000] {processor.py:175} INFO - Processing /home/airflow/.local/lib/python3.7/site-packages/airflow/example_dags/example_trigger_target_dag.py took 0.334 seconds
[2023-01-03T03:45:27.925+0000] {processor.py:153} INFO - Started process (PID=168) to work on /home/airflow/.local/lib/python3.7/site-packages/airflow/example_dags/example_trigger_target_dag.py
[2023-01-03T03:45:27.931+0000] {processor.py:743} INFO - Processing file /home/airflow/.local/lib/python3.7/site-packages/airflow/example_dags/example_trigger_target_dag.py for tasks to queue
[2023-01-03T03:45:27.935+0000] {logging_mixin.py:137} INFO - [2023-01-03T03:45:27.934+0000] {dagbag.py:538} INFO - Filling up the DagBag from /home/airflow/.local/lib/python3.7/site-packages/airflow/example_dags/example_trigger_target_dag.py
[2023-01-03T03:45:28.127+0000] {processor.py:753} INFO - DAG(s) dict_keys(['example_trigger_target_dag']) retrieved from /home/airflow/.local/lib/python3.7/site-packages/airflow/example_dags/example_trigger_target_dag.py
[2023-01-03T03:45:28.261+0000] {logging_mixin.py:137} INFO - [2023-01-03T03:45:28.261+0000] {dag.py:2676} INFO - Sync 1 DAGs
[2023-01-03T03:45:28.358+0000] {logging_mixin.py:137} INFO - [2023-01-03T03:45:28.358+0000] {dag.py:3427} INFO - Setting next_dagrun for example_trigger_target_dag to None, run_after=None
[2023-01-03T03:45:28.397+0000] {processor.py:175} INFO - Processing /home/airflow/.local/lib/python3.7/site-packages/airflow/example_dags/example_trigger_target_dag.py took 0.478 seconds
[2023-01-03T03:45:58.777+0000] {processor.py:153} INFO - Started process (PID=240) to work on /home/airflow/.local/lib/python3.7/site-packages/airflow/example_dags/example_trigger_target_dag.py
[2023-01-03T03:45:58.781+0000] {processor.py:743} INFO - Processing file /home/airflow/.local/lib/python3.7/site-packages/airflow/example_dags/example_trigger_target_dag.py for tasks to queue
[2023-01-03T03:45:58.783+0000] {logging_mixin.py:137} INFO - [2023-01-03T03:45:58.782+0000] {dagbag.py:538} INFO - Filling up the DagBag from /home/airflow/.local/lib/python3.7/site-packages/airflow/example_dags/example_trigger_target_dag.py
[2023-01-03T03:45:58.883+0000] {processor.py:753} INFO - DAG(s) dict_keys(['example_trigger_target_dag']) retrieved from /home/airflow/.local/lib/python3.7/site-packages/airflow/example_dags/example_trigger_target_dag.py
[2023-01-03T03:45:59.024+0000] {logging_mixin.py:137} INFO - [2023-01-03T03:45:59.024+0000] {dag.py:2676} INFO - Sync 1 DAGs
[2023-01-03T03:45:59.085+0000] {logging_mixin.py:137} INFO - [2023-01-03T03:45:59.085+0000] {dag.py:3427} INFO - Setting next_dagrun for example_trigger_target_dag to None, run_after=None
[2023-01-03T03:45:59.124+0000] {processor.py:175} INFO - Processing /home/airflow/.local/lib/python3.7/site-packages/airflow/example_dags/example_trigger_target_dag.py took 0.356 seconds
[2023-01-03T03:46:29.613+0000] {processor.py:153} INFO - Started process (PID=304) to work on /home/airflow/.local/lib/python3.7/site-packages/airflow/example_dags/example_trigger_target_dag.py
[2023-01-03T03:46:29.615+0000] {processor.py:743} INFO - Processing file /home/airflow/.local/lib/python3.7/site-packages/airflow/example_dags/example_trigger_target_dag.py for tasks to queue
[2023-01-03T03:46:29.617+0000] {logging_mixin.py:137} INFO - [2023-01-03T03:46:29.617+0000] {dagbag.py:538} INFO - Filling up the DagBag from /home/airflow/.local/lib/python3.7/site-packages/airflow/example_dags/example_trigger_target_dag.py
[2023-01-03T03:46:29.720+0000] {processor.py:753} INFO - DAG(s) dict_keys(['example_trigger_target_dag']) retrieved from /home/airflow/.local/lib/python3.7/site-packages/airflow/example_dags/example_trigger_target_dag.py
[2023-01-03T03:46:29.874+0000] {logging_mixin.py:137} INFO - [2023-01-03T03:46:29.874+0000] {dag.py:2676} INFO - Sync 1 DAGs
[2023-01-03T03:46:29.925+0000] {logging_mixin.py:137} INFO - [2023-01-03T03:46:29.925+0000] {dag.py:3427} INFO - Setting next_dagrun for example_trigger_target_dag to None, run_after=None
[2023-01-03T03:46:29.970+0000] {processor.py:175} INFO - Processing /home/airflow/.local/lib/python3.7/site-packages/airflow/example_dags/example_trigger_target_dag.py took 0.360 seconds
[2023-01-03T03:47:00.195+0000] {processor.py:153} INFO - Started process (PID=366) to work on /home/airflow/.local/lib/python3.7/site-packages/airflow/example_dags/example_trigger_target_dag.py
[2023-01-03T03:47:00.203+0000] {processor.py:743} INFO - Processing file /home/airflow/.local/lib/python3.7/site-packages/airflow/example_dags/example_trigger_target_dag.py for tasks to queue
[2023-01-03T03:47:00.206+0000] {logging_mixin.py:137} INFO - [2023-01-03T03:47:00.205+0000] {dagbag.py:538} INFO - Filling up the DagBag from /home/airflow/.local/lib/python3.7/site-packages/airflow/example_dags/example_trigger_target_dag.py
[2023-01-03T03:47:00.316+0000] {processor.py:753} INFO - DAG(s) dict_keys(['example_trigger_target_dag']) retrieved from /home/airflow/.local/lib/python3.7/site-packages/airflow/example_dags/example_trigger_target_dag.py
[2023-01-03T03:47:00.468+0000] {logging_mixin.py:137} INFO - [2023-01-03T03:47:00.468+0000] {dag.py:2676} INFO - Sync 1 DAGs
[2023-01-03T03:47:00.596+0000] {logging_mixin.py:137} INFO - [2023-01-03T03:47:00.596+0000] {dag.py:3427} INFO - Setting next_dagrun for example_trigger_target_dag to None, run_after=None
[2023-01-03T03:47:00.683+0000] {processor.py:175} INFO - Processing /home/airflow/.local/lib/python3.7/site-packages/airflow/example_dags/example_trigger_target_dag.py took 0.494 seconds
[2023-01-03T03:47:30.784+0000] {processor.py:153} INFO - Started process (PID=428) to work on /home/airflow/.local/lib/python3.7/site-packages/airflow/example_dags/example_trigger_target_dag.py
[2023-01-03T03:47:30.786+0000] {processor.py:743} INFO - Processing file /home/airflow/.local/lib/python3.7/site-packages/airflow/example_dags/example_trigger_target_dag.py for tasks to queue
[2023-01-03T03:47:30.787+0000] {logging_mixin.py:137} INFO - [2023-01-03T03:47:30.787+0000] {dagbag.py:538} INFO - Filling up the DagBag from /home/airflow/.local/lib/python3.7/site-packages/airflow/example_dags/example_trigger_target_dag.py
[2023-01-03T03:47:30.906+0000] {processor.py:753} INFO - DAG(s) dict_keys(['example_trigger_target_dag']) retrieved from /home/airflow/.local/lib/python3.7/site-packages/airflow/example_dags/example_trigger_target_dag.py
[2023-01-03T03:47:31.078+0000] {logging_mixin.py:137} INFO - [2023-01-03T03:47:31.078+0000] {dag.py:2676} INFO - Sync 1 DAGs
[2023-01-03T03:47:31.133+0000] {logging_mixin.py:137} INFO - [2023-01-03T03:47:31.133+0000] {dag.py:3427} INFO - Setting next_dagrun for example_trigger_target_dag to None, run_after=None
[2023-01-03T03:47:31.201+0000] {processor.py:175} INFO - Processing /home/airflow/.local/lib/python3.7/site-packages/airflow/example_dags/example_trigger_target_dag.py took 0.421 seconds
[2023-01-03T03:48:01.997+0000] {processor.py:153} INFO - Started process (PID=490) to work on /home/airflow/.local/lib/python3.7/site-packages/airflow/example_dags/example_trigger_target_dag.py
[2023-01-03T03:48:01.999+0000] {processor.py:743} INFO - Processing file /home/airflow/.local/lib/python3.7/site-packages/airflow/example_dags/example_trigger_target_dag.py for tasks to queue
[2023-01-03T03:48:02.000+0000] {logging_mixin.py:137} INFO - [2023-01-03T03:48:02.000+0000] {dagbag.py:538} INFO - Filling up the DagBag from /home/airflow/.local/lib/python3.7/site-packages/airflow/example_dags/example_trigger_target_dag.py
[2023-01-03T03:48:02.203+0000] {processor.py:753} INFO - DAG(s) dict_keys(['example_trigger_target_dag']) retrieved from /home/airflow/.local/lib/python3.7/site-packages/airflow/example_dags/example_trigger_target_dag.py
[2023-01-03T03:48:02.604+0000] {logging_mixin.py:137} INFO - [2023-01-03T03:48:02.601+0000] {dag.py:2676} INFO - Sync 1 DAGs
[2023-01-03T03:48:02.852+0000] {logging_mixin.py:137} INFO - [2023-01-03T03:48:02.848+0000] {dag.py:3427} INFO - Setting next_dagrun for example_trigger_target_dag to None, run_after=None
[2023-01-03T03:48:03.826+0000] {processor.py:175} INFO - Processing /home/airflow/.local/lib/python3.7/site-packages/airflow/example_dags/example_trigger_target_dag.py took 1.845 seconds
[2023-01-03T03:48:34.997+0000] {processor.py:153} INFO - Started process (PID=540) to work on /home/airflow/.local/lib/python3.7/site-packages/airflow/example_dags/example_trigger_target_dag.py
[2023-01-03T03:48:35.003+0000] {processor.py:743} INFO - Processing file /home/airflow/.local/lib/python3.7/site-packages/airflow/example_dags/example_trigger_target_dag.py for tasks to queue
[2023-01-03T03:48:35.004+0000] {logging_mixin.py:137} INFO - [2023-01-03T03:48:35.004+0000] {dagbag.py:538} INFO - Filling up the DagBag from /home/airflow/.local/lib/python3.7/site-packages/airflow/example_dags/example_trigger_target_dag.py
[2023-01-03T03:48:35.068+0000] {processor.py:753} INFO - DAG(s) dict_keys(['example_trigger_target_dag']) retrieved from /home/airflow/.local/lib/python3.7/site-packages/airflow/example_dags/example_trigger_target_dag.py
[2023-01-03T03:48:35.147+0000] {logging_mixin.py:137} INFO - [2023-01-03T03:48:35.147+0000] {dag.py:2676} INFO - Sync 1 DAGs
[2023-01-03T03:48:35.171+0000] {logging_mixin.py:137} INFO - [2023-01-03T03:48:35.171+0000] {dag.py:3427} INFO - Setting next_dagrun for example_trigger_target_dag to None, run_after=None
[2023-01-03T03:48:35.188+0000] {processor.py:175} INFO - Processing /home/airflow/.local/lib/python3.7/site-packages/airflow/example_dags/example_trigger_target_dag.py took 0.196 seconds
[2023-01-03T03:49:05.839+0000] {processor.py:153} INFO - Started process (PID=614) to work on /home/airflow/.local/lib/python3.7/site-packages/airflow/example_dags/example_trigger_target_dag.py
[2023-01-03T03:49:05.849+0000] {processor.py:743} INFO - Processing file /home/airflow/.local/lib/python3.7/site-packages/airflow/example_dags/example_trigger_target_dag.py for tasks to queue
[2023-01-03T03:49:05.852+0000] {logging_mixin.py:137} INFO - [2023-01-03T03:49:05.852+0000] {dagbag.py:538} INFO - Filling up the DagBag from /home/airflow/.local/lib/python3.7/site-packages/airflow/example_dags/example_trigger_target_dag.py
[2023-01-03T03:49:06.018+0000] {processor.py:753} INFO - DAG(s) dict_keys(['example_trigger_target_dag']) retrieved from /home/airflow/.local/lib/python3.7/site-packages/airflow/example_dags/example_trigger_target_dag.py
[2023-01-03T03:49:06.252+0000] {logging_mixin.py:137} INFO - [2023-01-03T03:49:06.252+0000] {dag.py:2676} INFO - Sync 1 DAGs
[2023-01-03T03:49:06.343+0000] {logging_mixin.py:137} INFO - [2023-01-03T03:49:06.343+0000] {dag.py:3427} INFO - Setting next_dagrun for example_trigger_target_dag to None, run_after=None
[2023-01-03T03:49:06.414+0000] {processor.py:175} INFO - Processing /home/airflow/.local/lib/python3.7/site-packages/airflow/example_dags/example_trigger_target_dag.py took 0.639 seconds
[2023-01-03T03:49:37.410+0000] {processor.py:153} INFO - Started process (PID=676) to work on /home/airflow/.local/lib/python3.7/site-packages/airflow/example_dags/example_trigger_target_dag.py
[2023-01-03T03:49:37.415+0000] {processor.py:743} INFO - Processing file /home/airflow/.local/lib/python3.7/site-packages/airflow/example_dags/example_trigger_target_dag.py for tasks to queue
[2023-01-03T03:49:37.418+0000] {logging_mixin.py:137} INFO - [2023-01-03T03:49:37.416+0000] {dagbag.py:538} INFO - Filling up the DagBag from /home/airflow/.local/lib/python3.7/site-packages/airflow/example_dags/example_trigger_target_dag.py
[2023-01-03T03:49:37.474+0000] {processor.py:753} INFO - DAG(s) dict_keys(['example_trigger_target_dag']) retrieved from /home/airflow/.local/lib/python3.7/site-packages/airflow/example_dags/example_trigger_target_dag.py
[2023-01-03T03:49:37.562+0000] {logging_mixin.py:137} INFO - [2023-01-03T03:49:37.562+0000] {dag.py:2676} INFO - Sync 1 DAGs
[2023-01-03T03:49:37.605+0000] {logging_mixin.py:137} INFO - [2023-01-03T03:49:37.605+0000] {dag.py:3427} INFO - Setting next_dagrun for example_trigger_target_dag to None, run_after=None
[2023-01-03T03:49:37.640+0000] {processor.py:175} INFO - Processing /home/airflow/.local/lib/python3.7/site-packages/airflow/example_dags/example_trigger_target_dag.py took 0.234 seconds
[2023-01-03T03:50:08.199+0000] {processor.py:153} INFO - Started process (PID=738) to work on /home/airflow/.local/lib/python3.7/site-packages/airflow/example_dags/example_trigger_target_dag.py
[2023-01-03T03:50:08.202+0000] {processor.py:743} INFO - Processing file /home/airflow/.local/lib/python3.7/site-packages/airflow/example_dags/example_trigger_target_dag.py for tasks to queue
[2023-01-03T03:50:08.204+0000] {logging_mixin.py:137} INFO - [2023-01-03T03:50:08.204+0000] {dagbag.py:538} INFO - Filling up the DagBag from /home/airflow/.local/lib/python3.7/site-packages/airflow/example_dags/example_trigger_target_dag.py
[2023-01-03T03:50:08.296+0000] {processor.py:753} INFO - DAG(s) dict_keys(['example_trigger_target_dag']) retrieved from /home/airflow/.local/lib/python3.7/site-packages/airflow/example_dags/example_trigger_target_dag.py
[2023-01-03T03:50:08.419+0000] {logging_mixin.py:137} INFO - [2023-01-03T03:50:08.419+0000] {dag.py:2676} INFO - Sync 1 DAGs
[2023-01-03T03:50:08.472+0000] {logging_mixin.py:137} INFO - [2023-01-03T03:50:08.471+0000] {dag.py:3427} INFO - Setting next_dagrun for example_trigger_target_dag to None, run_after=None
[2023-01-03T03:50:08.509+0000] {processor.py:175} INFO - Processing /home/airflow/.local/lib/python3.7/site-packages/airflow/example_dags/example_trigger_target_dag.py took 0.314 seconds
[2023-01-03T03:50:38.874+0000] {processor.py:153} INFO - Started process (PID=800) to work on /home/airflow/.local/lib/python3.7/site-packages/airflow/example_dags/example_trigger_target_dag.py
[2023-01-03T03:50:38.882+0000] {processor.py:743} INFO - Processing file /home/airflow/.local/lib/python3.7/site-packages/airflow/example_dags/example_trigger_target_dag.py for tasks to queue
[2023-01-03T03:50:38.884+0000] {logging_mixin.py:137} INFO - [2023-01-03T03:50:38.884+0000] {dagbag.py:538} INFO - Filling up the DagBag from /home/airflow/.local/lib/python3.7/site-packages/airflow/example_dags/example_trigger_target_dag.py
[2023-01-03T03:50:39.176+0000] {processor.py:753} INFO - DAG(s) dict_keys(['example_trigger_target_dag']) retrieved from /home/airflow/.local/lib/python3.7/site-packages/airflow/example_dags/example_trigger_target_dag.py
[2023-01-03T03:50:39.471+0000] {logging_mixin.py:137} INFO - [2023-01-03T03:50:39.470+0000] {dag.py:2676} INFO - Sync 1 DAGs
[2023-01-03T03:50:39.540+0000] {logging_mixin.py:137} INFO - [2023-01-03T03:50:39.540+0000] {dag.py:3427} INFO - Setting next_dagrun for example_trigger_target_dag to None, run_after=None
[2023-01-03T03:50:39.608+0000] {processor.py:175} INFO - Processing /home/airflow/.local/lib/python3.7/site-packages/airflow/example_dags/example_trigger_target_dag.py took 0.749 seconds
[2023-01-03T03:51:10.107+0000] {processor.py:153} INFO - Started process (PID=863) to work on /home/airflow/.local/lib/python3.7/site-packages/airflow/example_dags/example_trigger_target_dag.py
[2023-01-03T03:51:10.111+0000] {processor.py:743} INFO - Processing file /home/airflow/.local/lib/python3.7/site-packages/airflow/example_dags/example_trigger_target_dag.py for tasks to queue
[2023-01-03T03:51:10.114+0000] {logging_mixin.py:137} INFO - [2023-01-03T03:51:10.114+0000] {dagbag.py:538} INFO - Filling up the DagBag from /home/airflow/.local/lib/python3.7/site-packages/airflow/example_dags/example_trigger_target_dag.py
[2023-01-03T03:51:10.183+0000] {processor.py:753} INFO - DAG(s) dict_keys(['example_trigger_target_dag']) retrieved from /home/airflow/.local/lib/python3.7/site-packages/airflow/example_dags/example_trigger_target_dag.py
[2023-01-03T03:51:10.295+0000] {logging_mixin.py:137} INFO - [2023-01-03T03:51:10.295+0000] {dag.py:2676} INFO - Sync 1 DAGs
[2023-01-03T03:51:10.446+0000] {logging_mixin.py:137} INFO - [2023-01-03T03:51:10.446+0000] {dag.py:3427} INFO - Setting next_dagrun for example_trigger_target_dag to None, run_after=None
[2023-01-03T03:51:10.488+0000] {processor.py:175} INFO - Processing /home/airflow/.local/lib/python3.7/site-packages/airflow/example_dags/example_trigger_target_dag.py took 0.398 seconds
[2023-01-03T03:51:40.930+0000] {processor.py:153} INFO - Started process (PID=925) to work on /home/airflow/.local/lib/python3.7/site-packages/airflow/example_dags/example_trigger_target_dag.py
[2023-01-03T03:51:40.937+0000] {processor.py:743} INFO - Processing file /home/airflow/.local/lib/python3.7/site-packages/airflow/example_dags/example_trigger_target_dag.py for tasks to queue
[2023-01-03T03:51:40.950+0000] {logging_mixin.py:137} INFO - [2023-01-03T03:51:40.949+0000] {dagbag.py:538} INFO - Filling up the DagBag from /home/airflow/.local/lib/python3.7/site-packages/airflow/example_dags/example_trigger_target_dag.py
[2023-01-03T03:51:41.059+0000] {processor.py:753} INFO - DAG(s) dict_keys(['example_trigger_target_dag']) retrieved from /home/airflow/.local/lib/python3.7/site-packages/airflow/example_dags/example_trigger_target_dag.py
[2023-01-03T03:51:41.236+0000] {logging_mixin.py:137} INFO - [2023-01-03T03:51:41.235+0000] {dag.py:2676} INFO - Sync 1 DAGs
[2023-01-03T03:51:41.317+0000] {logging_mixin.py:137} INFO - [2023-01-03T03:51:41.317+0000] {dag.py:3427} INFO - Setting next_dagrun for example_trigger_target_dag to None, run_after=None
[2023-01-03T03:51:41.366+0000] {processor.py:175} INFO - Processing /home/airflow/.local/lib/python3.7/site-packages/airflow/example_dags/example_trigger_target_dag.py took 0.440 seconds
[2023-01-03T03:52:12.291+0000] {processor.py:153} INFO - Started process (PID=986) to work on /home/airflow/.local/lib/python3.7/site-packages/airflow/example_dags/example_trigger_target_dag.py
[2023-01-03T03:52:12.294+0000] {processor.py:743} INFO - Processing file /home/airflow/.local/lib/python3.7/site-packages/airflow/example_dags/example_trigger_target_dag.py for tasks to queue
[2023-01-03T03:52:12.296+0000] {logging_mixin.py:137} INFO - [2023-01-03T03:52:12.296+0000] {dagbag.py:538} INFO - Filling up the DagBag from /home/airflow/.local/lib/python3.7/site-packages/airflow/example_dags/example_trigger_target_dag.py
[2023-01-03T03:52:12.466+0000] {processor.py:753} INFO - DAG(s) dict_keys(['example_trigger_target_dag']) retrieved from /home/airflow/.local/lib/python3.7/site-packages/airflow/example_dags/example_trigger_target_dag.py
[2023-01-03T03:52:12.626+0000] {logging_mixin.py:137} INFO - [2023-01-03T03:52:12.626+0000] {dag.py:2676} INFO - Sync 1 DAGs
[2023-01-03T03:52:12.658+0000] {logging_mixin.py:137} INFO - [2023-01-03T03:52:12.658+0000] {dag.py:3427} INFO - Setting next_dagrun for example_trigger_target_dag to None, run_after=None
[2023-01-03T03:52:12.728+0000] {processor.py:175} INFO - Processing /home/airflow/.local/lib/python3.7/site-packages/airflow/example_dags/example_trigger_target_dag.py took 0.441 seconds
[2023-01-03T03:52:43.418+0000] {processor.py:153} INFO - Started process (PID=1050) to work on /home/airflow/.local/lib/python3.7/site-packages/airflow/example_dags/example_trigger_target_dag.py
[2023-01-03T03:52:43.464+0000] {processor.py:743} INFO - Processing file /home/airflow/.local/lib/python3.7/site-packages/airflow/example_dags/example_trigger_target_dag.py for tasks to queue
[2023-01-03T03:52:43.472+0000] {logging_mixin.py:137} INFO - [2023-01-03T03:52:43.472+0000] {dagbag.py:538} INFO - Filling up the DagBag from /home/airflow/.local/lib/python3.7/site-packages/airflow/example_dags/example_trigger_target_dag.py
[2023-01-03T03:52:46.873+0000] {processor.py:753} INFO - DAG(s) dict_keys(['example_trigger_target_dag']) retrieved from /home/airflow/.local/lib/python3.7/site-packages/airflow/example_dags/example_trigger_target_dag.py
[2023-01-03T03:52:54.398+0000] {logging_mixin.py:137} INFO - [2023-01-03T03:52:54.398+0000] {dag.py:2676} INFO - Sync 1 DAGs
[2023-01-03T03:52:54.574+0000] {logging_mixin.py:137} INFO - [2023-01-03T03:52:54.574+0000] {dag.py:3427} INFO - Setting next_dagrun for example_trigger_target_dag to None, run_after=None
[2023-01-03T03:52:54.647+0000] {processor.py:175} INFO - Processing /home/airflow/.local/lib/python3.7/site-packages/airflow/example_dags/example_trigger_target_dag.py took 11.379 seconds
[2023-01-03T03:53:41.432+0000] {processor.py:153} INFO - Started process (PID=1100) to work on /home/airflow/.local/lib/python3.7/site-packages/airflow/example_dags/example_trigger_target_dag.py
[2023-01-03T03:53:41.451+0000] {processor.py:743} INFO - Processing file /home/airflow/.local/lib/python3.7/site-packages/airflow/example_dags/example_trigger_target_dag.py for tasks to queue
[2023-01-03T03:53:41.465+0000] {logging_mixin.py:137} INFO - [2023-01-03T03:53:41.465+0000] {dagbag.py:538} INFO - Filling up the DagBag from /home/airflow/.local/lib/python3.7/site-packages/airflow/example_dags/example_trigger_target_dag.py
[2023-01-03T03:53:42.060+0000] {processor.py:753} INFO - DAG(s) dict_keys(['example_trigger_target_dag']) retrieved from /home/airflow/.local/lib/python3.7/site-packages/airflow/example_dags/example_trigger_target_dag.py
[2023-01-03T03:53:42.454+0000] {logging_mixin.py:137} INFO - [2023-01-03T03:53:42.454+0000] {dag.py:2676} INFO - Sync 1 DAGs
[2023-01-03T03:53:42.607+0000] {logging_mixin.py:137} INFO - [2023-01-03T03:53:42.607+0000] {dag.py:3427} INFO - Setting next_dagrun for example_trigger_target_dag to None, run_after=None
[2023-01-03T03:53:42.759+0000] {processor.py:175} INFO - Processing /home/airflow/.local/lib/python3.7/site-packages/airflow/example_dags/example_trigger_target_dag.py took 2.270 seconds
[2023-01-03T03:54:12.936+0000] {processor.py:153} INFO - Started process (PID=1159) to work on /home/airflow/.local/lib/python3.7/site-packages/airflow/example_dags/example_trigger_target_dag.py
[2023-01-03T03:54:12.948+0000] {processor.py:743} INFO - Processing file /home/airflow/.local/lib/python3.7/site-packages/airflow/example_dags/example_trigger_target_dag.py for tasks to queue
[2023-01-03T03:54:12.950+0000] {logging_mixin.py:137} INFO - [2023-01-03T03:54:12.949+0000] {dagbag.py:538} INFO - Filling up the DagBag from /home/airflow/.local/lib/python3.7/site-packages/airflow/example_dags/example_trigger_target_dag.py
[2023-01-03T03:54:13.105+0000] {processor.py:753} INFO - DAG(s) dict_keys(['example_trigger_target_dag']) retrieved from /home/airflow/.local/lib/python3.7/site-packages/airflow/example_dags/example_trigger_target_dag.py
[2023-01-03T03:54:13.302+0000] {logging_mixin.py:137} INFO - [2023-01-03T03:54:13.302+0000] {dag.py:2676} INFO - Sync 1 DAGs
[2023-01-03T03:54:13.382+0000] {logging_mixin.py:137} INFO - [2023-01-03T03:54:13.382+0000] {dag.py:3427} INFO - Setting next_dagrun for example_trigger_target_dag to None, run_after=None
[2023-01-03T03:54:13.444+0000] {processor.py:175} INFO - Processing /home/airflow/.local/lib/python3.7/site-packages/airflow/example_dags/example_trigger_target_dag.py took 0.512 seconds
[2023-01-03T03:54:44.350+0000] {processor.py:153} INFO - Started process (PID=1221) to work on /home/airflow/.local/lib/python3.7/site-packages/airflow/example_dags/example_trigger_target_dag.py
[2023-01-03T03:54:44.357+0000] {processor.py:743} INFO - Processing file /home/airflow/.local/lib/python3.7/site-packages/airflow/example_dags/example_trigger_target_dag.py for tasks to queue
[2023-01-03T03:54:44.359+0000] {logging_mixin.py:137} INFO - [2023-01-03T03:54:44.358+0000] {dagbag.py:538} INFO - Filling up the DagBag from /home/airflow/.local/lib/python3.7/site-packages/airflow/example_dags/example_trigger_target_dag.py
[2023-01-03T03:54:44.438+0000] {processor.py:753} INFO - DAG(s) dict_keys(['example_trigger_target_dag']) retrieved from /home/airflow/.local/lib/python3.7/site-packages/airflow/example_dags/example_trigger_target_dag.py
[2023-01-03T03:54:44.633+0000] {logging_mixin.py:137} INFO - [2023-01-03T03:54:44.633+0000] {dag.py:2676} INFO - Sync 1 DAGs
[2023-01-03T03:54:44.816+0000] {logging_mixin.py:137} INFO - [2023-01-03T03:54:44.815+0000] {dag.py:3427} INFO - Setting next_dagrun for example_trigger_target_dag to None, run_after=None
[2023-01-03T03:54:44.886+0000] {processor.py:175} INFO - Processing /home/airflow/.local/lib/python3.7/site-packages/airflow/example_dags/example_trigger_target_dag.py took 0.539 seconds
[2023-01-03T03:55:17.116+0000] {processor.py:153} INFO - Started process (PID=1255) to work on /home/airflow/.local/lib/python3.7/site-packages/airflow/example_dags/example_trigger_target_dag.py
[2023-01-03T03:55:17.128+0000] {processor.py:743} INFO - Processing file /home/airflow/.local/lib/python3.7/site-packages/airflow/example_dags/example_trigger_target_dag.py for tasks to queue
[2023-01-03T03:55:17.134+0000] {logging_mixin.py:137} INFO - [2023-01-03T03:55:17.134+0000] {dagbag.py:538} INFO - Filling up the DagBag from /home/airflow/.local/lib/python3.7/site-packages/airflow/example_dags/example_trigger_target_dag.py
[2023-01-03T03:55:17.620+0000] {processor.py:753} INFO - DAG(s) dict_keys(['example_trigger_target_dag']) retrieved from /home/airflow/.local/lib/python3.7/site-packages/airflow/example_dags/example_trigger_target_dag.py
[2023-01-03T03:55:26.139+0000] {logging_mixin.py:137} INFO - [2023-01-03T03:55:26.127+0000] {dag.py:2676} INFO - Sync 1 DAGs
[2023-01-03T03:55:26.979+0000] {logging_mixin.py:137} INFO - [2023-01-03T03:55:26.936+0000] {dag.py:3427} INFO - Setting next_dagrun for example_trigger_target_dag to None, run_after=None
[2023-01-03T03:55:27.463+0000] {processor.py:175} INFO - Processing /home/airflow/.local/lib/python3.7/site-packages/airflow/example_dags/example_trigger_target_dag.py took 10.440 seconds
[2023-01-03T04:00:05.632+0000] {processor.py:153} INFO - Started process (PID=45) to work on /home/airflow/.local/lib/python3.7/site-packages/airflow/example_dags/example_trigger_target_dag.py
[2023-01-03T04:00:05.660+0000] {processor.py:743} INFO - Processing file /home/airflow/.local/lib/python3.7/site-packages/airflow/example_dags/example_trigger_target_dag.py for tasks to queue
[2023-01-03T04:00:05.671+0000] {logging_mixin.py:137} INFO - [2023-01-03T04:00:05.671+0000] {dagbag.py:538} INFO - Filling up the DagBag from /home/airflow/.local/lib/python3.7/site-packages/airflow/example_dags/example_trigger_target_dag.py
[2023-01-03T04:00:06.428+0000] {processor.py:753} INFO - DAG(s) dict_keys(['example_trigger_target_dag']) retrieved from /home/airflow/.local/lib/python3.7/site-packages/airflow/example_dags/example_trigger_target_dag.py
[2023-01-03T04:00:17.439+0000] {logging_mixin.py:137} INFO - [2023-01-03T04:00:17.438+0000] {dag.py:2676} INFO - Sync 1 DAGs
[2023-01-03T04:00:17.639+0000] {logging_mixin.py:137} INFO - [2023-01-03T04:00:17.638+0000] {dag.py:3427} INFO - Setting next_dagrun for example_trigger_target_dag to None, run_after=None
[2023-01-03T04:00:17.682+0000] {processor.py:175} INFO - Processing /home/airflow/.local/lib/python3.7/site-packages/airflow/example_dags/example_trigger_target_dag.py took 12.087 seconds
[2023-01-03T04:02:09.508+0000] {processor.py:153} INFO - Started process (PID=89) to work on /home/airflow/.local/lib/python3.7/site-packages/airflow/example_dags/example_trigger_target_dag.py
[2023-01-03T04:02:09.518+0000] {processor.py:743} INFO - Processing file /home/airflow/.local/lib/python3.7/site-packages/airflow/example_dags/example_trigger_target_dag.py for tasks to queue
[2023-01-03T04:02:09.541+0000] {logging_mixin.py:137} INFO - [2023-01-03T04:02:09.537+0000] {dagbag.py:538} INFO - Filling up the DagBag from /home/airflow/.local/lib/python3.7/site-packages/airflow/example_dags/example_trigger_target_dag.py
[2023-01-03T04:02:10.877+0000] {processor.py:753} INFO - DAG(s) dict_keys(['example_trigger_target_dag']) retrieved from /home/airflow/.local/lib/python3.7/site-packages/airflow/example_dags/example_trigger_target_dag.py
[2023-01-03T04:02:12.512+0000] {logging_mixin.py:137} INFO - [2023-01-03T04:02:12.511+0000] {dag.py:2676} INFO - Sync 1 DAGs
[2023-01-03T04:02:12.744+0000] {logging_mixin.py:137} INFO - [2023-01-03T04:02:12.744+0000] {dag.py:3427} INFO - Setting next_dagrun for example_trigger_target_dag to None, run_after=None
[2023-01-03T04:02:13.127+0000] {processor.py:175} INFO - Processing /home/airflow/.local/lib/python3.7/site-packages/airflow/example_dags/example_trigger_target_dag.py took 3.675 seconds
[2023-01-03T04:06:15.473+0000] {processor.py:153} INFO - Started process (PID=66) to work on /home/airflow/.local/lib/python3.7/site-packages/airflow/example_dags/example_trigger_target_dag.py
[2023-01-03T04:06:15.490+0000] {processor.py:743} INFO - Processing file /home/airflow/.local/lib/python3.7/site-packages/airflow/example_dags/example_trigger_target_dag.py for tasks to queue
[2023-01-03T04:06:15.492+0000] {logging_mixin.py:137} INFO - [2023-01-03T04:06:15.492+0000] {dagbag.py:538} INFO - Filling up the DagBag from /home/airflow/.local/lib/python3.7/site-packages/airflow/example_dags/example_trigger_target_dag.py
[2023-01-03T04:06:16.102+0000] {processor.py:753} INFO - DAG(s) dict_keys(['example_trigger_target_dag']) retrieved from /home/airflow/.local/lib/python3.7/site-packages/airflow/example_dags/example_trigger_target_dag.py
[2023-01-03T04:06:16.571+0000] {logging_mixin.py:137} INFO - [2023-01-03T04:06:16.571+0000] {dag.py:2676} INFO - Sync 1 DAGs
[2023-01-03T04:06:16.821+0000] {logging_mixin.py:137} INFO - [2023-01-03T04:06:16.821+0000] {dag.py:3427} INFO - Setting next_dagrun for example_trigger_target_dag to None, run_after=None
[2023-01-03T04:06:17.305+0000] {processor.py:175} INFO - Processing /home/airflow/.local/lib/python3.7/site-packages/airflow/example_dags/example_trigger_target_dag.py took 1.860 seconds
[2023-01-03T04:07:28.709+0000] {processor.py:153} INFO - Started process (PID=54) to work on /home/airflow/.local/lib/python3.7/site-packages/airflow/example_dags/example_trigger_target_dag.py
[2023-01-03T04:07:28.747+0000] {processor.py:743} INFO - Processing file /home/airflow/.local/lib/python3.7/site-packages/airflow/example_dags/example_trigger_target_dag.py for tasks to queue
[2023-01-03T04:07:28.754+0000] {logging_mixin.py:137} INFO - [2023-01-03T04:07:28.753+0000] {dagbag.py:538} INFO - Filling up the DagBag from /home/airflow/.local/lib/python3.7/site-packages/airflow/example_dags/example_trigger_target_dag.py
[2023-01-03T04:07:29.098+0000] {processor.py:753} INFO - DAG(s) dict_keys(['example_trigger_target_dag']) retrieved from /home/airflow/.local/lib/python3.7/site-packages/airflow/example_dags/example_trigger_target_dag.py
[2023-01-03T04:07:29.433+0000] {logging_mixin.py:137} INFO - [2023-01-03T04:07:29.432+0000] {dag.py:2676} INFO - Sync 1 DAGs
[2023-01-03T04:07:29.564+0000] {logging_mixin.py:137} INFO - [2023-01-03T04:07:29.564+0000] {dag.py:3427} INFO - Setting next_dagrun for example_trigger_target_dag to None, run_after=None
[2023-01-03T04:07:29.842+0000] {processor.py:175} INFO - Processing /home/airflow/.local/lib/python3.7/site-packages/airflow/example_dags/example_trigger_target_dag.py took 1.143 seconds
[2023-01-03T04:09:18.988+0000] {processor.py:153} INFO - Started process (PID=77) to work on /home/airflow/.local/lib/python3.7/site-packages/airflow/example_dags/example_trigger_target_dag.py
[2023-01-03T04:09:19.015+0000] {processor.py:743} INFO - Processing file /home/airflow/.local/lib/python3.7/site-packages/airflow/example_dags/example_trigger_target_dag.py for tasks to queue
[2023-01-03T04:09:19.018+0000] {logging_mixin.py:137} INFO - [2023-01-03T04:09:19.017+0000] {dagbag.py:538} INFO - Filling up the DagBag from /home/airflow/.local/lib/python3.7/site-packages/airflow/example_dags/example_trigger_target_dag.py
[2023-01-03T04:09:19.256+0000] {processor.py:753} INFO - DAG(s) dict_keys(['example_trigger_target_dag']) retrieved from /home/airflow/.local/lib/python3.7/site-packages/airflow/example_dags/example_trigger_target_dag.py
[2023-01-03T04:09:19.487+0000] {logging_mixin.py:137} INFO - [2023-01-03T04:09:19.486+0000] {dag.py:2676} INFO - Sync 1 DAGs
[2023-01-03T04:09:19.677+0000] {logging_mixin.py:137} INFO - [2023-01-03T04:09:19.677+0000] {dag.py:3427} INFO - Setting next_dagrun for example_trigger_target_dag to None, run_after=None
[2023-01-03T04:09:19.815+0000] {processor.py:175} INFO - Processing /home/airflow/.local/lib/python3.7/site-packages/airflow/example_dags/example_trigger_target_dag.py took 0.834 seconds
[2023-01-03T04:09:50.629+0000] {processor.py:153} INFO - Started process (PID=143) to work on /home/airflow/.local/lib/python3.7/site-packages/airflow/example_dags/example_trigger_target_dag.py
[2023-01-03T04:09:50.636+0000] {processor.py:743} INFO - Processing file /home/airflow/.local/lib/python3.7/site-packages/airflow/example_dags/example_trigger_target_dag.py for tasks to queue
[2023-01-03T04:09:50.639+0000] {logging_mixin.py:137} INFO - [2023-01-03T04:09:50.639+0000] {dagbag.py:538} INFO - Filling up the DagBag from /home/airflow/.local/lib/python3.7/site-packages/airflow/example_dags/example_trigger_target_dag.py
[2023-01-03T04:09:50.687+0000] {processor.py:753} INFO - DAG(s) dict_keys(['example_trigger_target_dag']) retrieved from /home/airflow/.local/lib/python3.7/site-packages/airflow/example_dags/example_trigger_target_dag.py
[2023-01-03T04:09:50.875+0000] {logging_mixin.py:137} INFO - [2023-01-03T04:09:50.875+0000] {dag.py:2676} INFO - Sync 1 DAGs
[2023-01-03T04:09:50.954+0000] {logging_mixin.py:137} INFO - [2023-01-03T04:09:50.953+0000] {dag.py:3427} INFO - Setting next_dagrun for example_trigger_target_dag to None, run_after=None
[2023-01-03T04:09:51.018+0000] {processor.py:175} INFO - Processing /home/airflow/.local/lib/python3.7/site-packages/airflow/example_dags/example_trigger_target_dag.py took 0.393 seconds
[2023-01-03T04:10:22.095+0000] {processor.py:153} INFO - Started process (PID=202) to work on /home/airflow/.local/lib/python3.7/site-packages/airflow/example_dags/example_trigger_target_dag.py
[2023-01-03T04:10:22.107+0000] {processor.py:743} INFO - Processing file /home/airflow/.local/lib/python3.7/site-packages/airflow/example_dags/example_trigger_target_dag.py for tasks to queue
[2023-01-03T04:10:22.111+0000] {logging_mixin.py:137} INFO - [2023-01-03T04:10:22.111+0000] {dagbag.py:538} INFO - Filling up the DagBag from /home/airflow/.local/lib/python3.7/site-packages/airflow/example_dags/example_trigger_target_dag.py
[2023-01-03T04:10:22.330+0000] {processor.py:753} INFO - DAG(s) dict_keys(['example_trigger_target_dag']) retrieved from /home/airflow/.local/lib/python3.7/site-packages/airflow/example_dags/example_trigger_target_dag.py
[2023-01-03T04:10:22.863+0000] {logging_mixin.py:137} INFO - [2023-01-03T04:10:22.863+0000] {dag.py:2676} INFO - Sync 1 DAGs
[2023-01-03T04:10:23.052+0000] {logging_mixin.py:137} INFO - [2023-01-03T04:10:23.052+0000] {dag.py:3427} INFO - Setting next_dagrun for example_trigger_target_dag to None, run_after=None
[2023-01-03T04:10:23.240+0000] {processor.py:175} INFO - Processing /home/airflow/.local/lib/python3.7/site-packages/airflow/example_dags/example_trigger_target_dag.py took 1.151 seconds
[2023-01-03T04:10:53.637+0000] {processor.py:153} INFO - Started process (PID=255) to work on /home/airflow/.local/lib/python3.7/site-packages/airflow/example_dags/example_trigger_target_dag.py
[2023-01-03T04:10:53.652+0000] {processor.py:743} INFO - Processing file /home/airflow/.local/lib/python3.7/site-packages/airflow/example_dags/example_trigger_target_dag.py for tasks to queue
[2023-01-03T04:10:53.654+0000] {logging_mixin.py:137} INFO - [2023-01-03T04:10:53.654+0000] {dagbag.py:538} INFO - Filling up the DagBag from /home/airflow/.local/lib/python3.7/site-packages/airflow/example_dags/example_trigger_target_dag.py
[2023-01-03T04:10:53.774+0000] {processor.py:753} INFO - DAG(s) dict_keys(['example_trigger_target_dag']) retrieved from /home/airflow/.local/lib/python3.7/site-packages/airflow/example_dags/example_trigger_target_dag.py
[2023-01-03T04:10:53.914+0000] {logging_mixin.py:137} INFO - [2023-01-03T04:10:53.914+0000] {dag.py:2676} INFO - Sync 1 DAGs
[2023-01-03T04:10:53.978+0000] {logging_mixin.py:137} INFO - [2023-01-03T04:10:53.977+0000] {dag.py:3427} INFO - Setting next_dagrun for example_trigger_target_dag to None, run_after=None
[2023-01-03T04:10:54.079+0000] {processor.py:175} INFO - Processing /home/airflow/.local/lib/python3.7/site-packages/airflow/example_dags/example_trigger_target_dag.py took 0.476 seconds
[2023-01-03T04:11:31.859+0000] {processor.py:153} INFO - Started process (PID=305) to work on /home/airflow/.local/lib/python3.7/site-packages/airflow/example_dags/example_trigger_target_dag.py
[2023-01-03T04:11:31.868+0000] {processor.py:743} INFO - Processing file /home/airflow/.local/lib/python3.7/site-packages/airflow/example_dags/example_trigger_target_dag.py for tasks to queue
[2023-01-03T04:11:31.873+0000] {logging_mixin.py:137} INFO - [2023-01-03T04:11:31.873+0000] {dagbag.py:538} INFO - Filling up the DagBag from /home/airflow/.local/lib/python3.7/site-packages/airflow/example_dags/example_trigger_target_dag.py
[2023-01-03T04:11:32.104+0000] {processor.py:753} INFO - DAG(s) dict_keys(['example_trigger_target_dag']) retrieved from /home/airflow/.local/lib/python3.7/site-packages/airflow/example_dags/example_trigger_target_dag.py
[2023-01-03T04:11:32.483+0000] {logging_mixin.py:137} INFO - [2023-01-03T04:11:32.482+0000] {dag.py:2676} INFO - Sync 1 DAGs
[2023-01-03T04:11:32.725+0000] {logging_mixin.py:137} INFO - [2023-01-03T04:11:32.724+0000] {dag.py:3427} INFO - Setting next_dagrun for example_trigger_target_dag to None, run_after=None
[2023-01-03T04:11:32.886+0000] {processor.py:175} INFO - Processing /home/airflow/.local/lib/python3.7/site-packages/airflow/example_dags/example_trigger_target_dag.py took 1.057 seconds
[2023-01-03T04:12:03.249+0000] {processor.py:153} INFO - Started process (PID=371) to work on /home/airflow/.local/lib/python3.7/site-packages/airflow/example_dags/example_trigger_target_dag.py
[2023-01-03T04:12:03.254+0000] {processor.py:743} INFO - Processing file /home/airflow/.local/lib/python3.7/site-packages/airflow/example_dags/example_trigger_target_dag.py for tasks to queue
[2023-01-03T04:12:03.270+0000] {logging_mixin.py:137} INFO - [2023-01-03T04:12:03.270+0000] {dagbag.py:538} INFO - Filling up the DagBag from /home/airflow/.local/lib/python3.7/site-packages/airflow/example_dags/example_trigger_target_dag.py
[2023-01-03T04:12:03.321+0000] {processor.py:753} INFO - DAG(s) dict_keys(['example_trigger_target_dag']) retrieved from /home/airflow/.local/lib/python3.7/site-packages/airflow/example_dags/example_trigger_target_dag.py
[2023-01-03T04:12:03.415+0000] {logging_mixin.py:137} INFO - [2023-01-03T04:12:03.415+0000] {dag.py:2676} INFO - Sync 1 DAGs
[2023-01-03T04:12:03.472+0000] {logging_mixin.py:137} INFO - [2023-01-03T04:12:03.471+0000] {dag.py:3427} INFO - Setting next_dagrun for example_trigger_target_dag to None, run_after=None
[2023-01-03T04:12:03.521+0000] {processor.py:175} INFO - Processing /home/airflow/.local/lib/python3.7/site-packages/airflow/example_dags/example_trigger_target_dag.py took 0.285 seconds
[2023-01-03T04:12:45.615+0000] {processor.py:153} INFO - Started process (PID=395) to work on /home/airflow/.local/lib/python3.7/site-packages/airflow/example_dags/example_trigger_target_dag.py
[2023-01-03T04:12:45.636+0000] {processor.py:743} INFO - Processing file /home/airflow/.local/lib/python3.7/site-packages/airflow/example_dags/example_trigger_target_dag.py for tasks to queue
[2023-01-03T04:12:45.638+0000] {logging_mixin.py:137} INFO - [2023-01-03T04:12:45.638+0000] {dagbag.py:538} INFO - Filling up the DagBag from /home/airflow/.local/lib/python3.7/site-packages/airflow/example_dags/example_trigger_target_dag.py
[2023-01-03T04:12:45.777+0000] {processor.py:753} INFO - DAG(s) dict_keys(['example_trigger_target_dag']) retrieved from /home/airflow/.local/lib/python3.7/site-packages/airflow/example_dags/example_trigger_target_dag.py
[2023-01-03T04:12:46.231+0000] {logging_mixin.py:137} INFO - [2023-01-03T04:12:46.223+0000] {dag.py:2676} INFO - Sync 1 DAGs
[2023-01-03T04:12:46.584+0000] {logging_mixin.py:137} INFO - [2023-01-03T04:12:46.578+0000] {dag.py:3427} INFO - Setting next_dagrun for example_trigger_target_dag to None, run_after=None
[2023-01-03T04:12:47.160+0000] {processor.py:175} INFO - Processing /home/airflow/.local/lib/python3.7/site-packages/airflow/example_dags/example_trigger_target_dag.py took 1.606 seconds
[2023-01-03T04:14:12.001+0000] {processor.py:153} INFO - Started process (PID=473) to work on /home/airflow/.local/lib/python3.7/site-packages/airflow/example_dags/example_trigger_target_dag.py
[2023-01-03T04:14:12.186+0000] {processor.py:743} INFO - Processing file /home/airflow/.local/lib/python3.7/site-packages/airflow/example_dags/example_trigger_target_dag.py for tasks to queue
[2023-01-03T04:14:15.230+0000] {logging_mixin.py:137} INFO - [2023-01-03T04:14:14.768+0000] {dagbag.py:538} INFO - Filling up the DagBag from /home/airflow/.local/lib/python3.7/site-packages/airflow/example_dags/example_trigger_target_dag.py
[2023-01-03T04:14:19.306+0000] {processor.py:753} INFO - DAG(s) dict_keys(['example_trigger_target_dag']) retrieved from /home/airflow/.local/lib/python3.7/site-packages/airflow/example_dags/example_trigger_target_dag.py
