[2023-01-03T03:44:31.561+0000] {processor.py:153} INFO - Started process (PID=64) to work on /home/airflow/.local/lib/python3.7/site-packages/airflow/example_dags/example_sla_dag.py
[2023-01-03T03:44:31.565+0000] {processor.py:743} INFO - Processing file /home/airflow/.local/lib/python3.7/site-packages/airflow/example_dags/example_sla_dag.py for tasks to queue
[2023-01-03T03:44:31.567+0000] {logging_mixin.py:137} INFO - [2023-01-03T03:44:31.567+0000] {dagbag.py:538} INFO - Filling up the DagBag from /home/airflow/.local/lib/python3.7/site-packages/airflow/example_dags/example_sla_dag.py
[2023-01-03T03:44:31.740+0000] {processor.py:753} INFO - DAG(s) dict_keys(['example_sla_dag']) retrieved from /home/airflow/.local/lib/python3.7/site-packages/airflow/example_dags/example_sla_dag.py
[2023-01-03T03:44:32.031+0000] {logging_mixin.py:137} INFO - [2023-01-03T03:44:32.031+0000] {dag.py:2676} INFO - Sync 1 DAGs
[2023-01-03T03:44:32.160+0000] {logging_mixin.py:137} INFO - [2023-01-03T03:44:32.159+0000] {dag.py:3427} INFO - Setting next_dagrun for example_sla_dag to 2023-01-03T03:42:00+00:00, run_after=2023-01-03T03:44:00+00:00
[2023-01-03T03:44:32.229+0000] {processor.py:175} INFO - Processing /home/airflow/.local/lib/python3.7/site-packages/airflow/example_dags/example_sla_dag.py took 0.671 seconds
[2023-01-03T03:45:02.378+0000] {processor.py:153} INFO - Started process (PID=126) to work on /home/airflow/.local/lib/python3.7/site-packages/airflow/example_dags/example_sla_dag.py
[2023-01-03T03:45:02.380+0000] {processor.py:743} INFO - Processing file /home/airflow/.local/lib/python3.7/site-packages/airflow/example_dags/example_sla_dag.py for tasks to queue
[2023-01-03T03:45:02.381+0000] {logging_mixin.py:137} INFO - [2023-01-03T03:45:02.380+0000] {dagbag.py:538} INFO - Filling up the DagBag from /home/airflow/.local/lib/python3.7/site-packages/airflow/example_dags/example_sla_dag.py
[2023-01-03T03:45:02.406+0000] {processor.py:753} INFO - DAG(s) dict_keys(['example_sla_dag']) retrieved from /home/airflow/.local/lib/python3.7/site-packages/airflow/example_dags/example_sla_dag.py
[2023-01-03T03:45:02.462+0000] {logging_mixin.py:137} INFO - [2023-01-03T03:45:02.461+0000] {dag.py:2676} INFO - Sync 1 DAGs
[2023-01-03T03:45:02.486+0000] {logging_mixin.py:137} INFO - [2023-01-03T03:45:02.486+0000] {dag.py:3427} INFO - Setting next_dagrun for example_sla_dag to 2023-01-03T03:42:00+00:00, run_after=2023-01-03T03:44:00+00:00
[2023-01-03T03:45:02.501+0000] {processor.py:175} INFO - Processing /home/airflow/.local/lib/python3.7/site-packages/airflow/example_dags/example_sla_dag.py took 0.126 seconds
[2023-01-03T03:45:32.585+0000] {processor.py:153} INFO - Started process (PID=188) to work on /home/airflow/.local/lib/python3.7/site-packages/airflow/example_dags/example_sla_dag.py
[2023-01-03T03:45:32.588+0000] {processor.py:743} INFO - Processing file /home/airflow/.local/lib/python3.7/site-packages/airflow/example_dags/example_sla_dag.py for tasks to queue
[2023-01-03T03:45:32.590+0000] {logging_mixin.py:137} INFO - [2023-01-03T03:45:32.590+0000] {dagbag.py:538} INFO - Filling up the DagBag from /home/airflow/.local/lib/python3.7/site-packages/airflow/example_dags/example_sla_dag.py
[2023-01-03T03:45:32.638+0000] {processor.py:753} INFO - DAG(s) dict_keys(['example_sla_dag']) retrieved from /home/airflow/.local/lib/python3.7/site-packages/airflow/example_dags/example_sla_dag.py
[2023-01-03T03:45:32.685+0000] {logging_mixin.py:137} INFO - [2023-01-03T03:45:32.685+0000] {dag.py:2676} INFO - Sync 1 DAGs
[2023-01-03T03:45:32.713+0000] {logging_mixin.py:137} INFO - [2023-01-03T03:45:32.713+0000] {dag.py:3427} INFO - Setting next_dagrun for example_sla_dag to 2023-01-03T03:42:00+00:00, run_after=2023-01-03T03:44:00+00:00
[2023-01-03T03:45:32.729+0000] {processor.py:175} INFO - Processing /home/airflow/.local/lib/python3.7/site-packages/airflow/example_dags/example_sla_dag.py took 0.147 seconds
[2023-01-03T03:46:03.361+0000] {processor.py:153} INFO - Started process (PID=262) to work on /home/airflow/.local/lib/python3.7/site-packages/airflow/example_dags/example_sla_dag.py
[2023-01-03T03:46:03.365+0000] {processor.py:743} INFO - Processing file /home/airflow/.local/lib/python3.7/site-packages/airflow/example_dags/example_sla_dag.py for tasks to queue
[2023-01-03T03:46:03.366+0000] {logging_mixin.py:137} INFO - [2023-01-03T03:46:03.366+0000] {dagbag.py:538} INFO - Filling up the DagBag from /home/airflow/.local/lib/python3.7/site-packages/airflow/example_dags/example_sla_dag.py
[2023-01-03T03:46:03.413+0000] {processor.py:753} INFO - DAG(s) dict_keys(['example_sla_dag']) retrieved from /home/airflow/.local/lib/python3.7/site-packages/airflow/example_dags/example_sla_dag.py
[2023-01-03T03:46:03.487+0000] {logging_mixin.py:137} INFO - [2023-01-03T03:46:03.487+0000] {dag.py:2676} INFO - Sync 1 DAGs
[2023-01-03T03:46:03.525+0000] {logging_mixin.py:137} INFO - [2023-01-03T03:46:03.525+0000] {dag.py:3427} INFO - Setting next_dagrun for example_sla_dag to 2023-01-03T03:44:00+00:00, run_after=2023-01-03T03:46:00+00:00
[2023-01-03T03:46:03.560+0000] {processor.py:175} INFO - Processing /home/airflow/.local/lib/python3.7/site-packages/airflow/example_dags/example_sla_dag.py took 0.201 seconds
[2023-01-03T03:46:34.624+0000] {processor.py:153} INFO - Started process (PID=323) to work on /home/airflow/.local/lib/python3.7/site-packages/airflow/example_dags/example_sla_dag.py
[2023-01-03T03:46:34.627+0000] {processor.py:743} INFO - Processing file /home/airflow/.local/lib/python3.7/site-packages/airflow/example_dags/example_sla_dag.py for tasks to queue
[2023-01-03T03:46:34.628+0000] {logging_mixin.py:137} INFO - [2023-01-03T03:46:34.628+0000] {dagbag.py:538} INFO - Filling up the DagBag from /home/airflow/.local/lib/python3.7/site-packages/airflow/example_dags/example_sla_dag.py
[2023-01-03T03:46:34.688+0000] {processor.py:753} INFO - DAG(s) dict_keys(['example_sla_dag']) retrieved from /home/airflow/.local/lib/python3.7/site-packages/airflow/example_dags/example_sla_dag.py
[2023-01-03T03:46:34.796+0000] {logging_mixin.py:137} INFO - [2023-01-03T03:46:34.796+0000] {dag.py:2676} INFO - Sync 1 DAGs
[2023-01-03T03:46:34.844+0000] {logging_mixin.py:137} INFO - [2023-01-03T03:46:34.844+0000] {dag.py:3427} INFO - Setting next_dagrun for example_sla_dag to 2023-01-03T03:44:00+00:00, run_after=2023-01-03T03:46:00+00:00
[2023-01-03T03:46:34.894+0000] {processor.py:175} INFO - Processing /home/airflow/.local/lib/python3.7/site-packages/airflow/example_dags/example_sla_dag.py took 0.273 seconds
[2023-01-03T03:47:06.062+0000] {processor.py:153} INFO - Started process (PID=385) to work on /home/airflow/.local/lib/python3.7/site-packages/airflow/example_dags/example_sla_dag.py
[2023-01-03T03:47:06.066+0000] {processor.py:743} INFO - Processing file /home/airflow/.local/lib/python3.7/site-packages/airflow/example_dags/example_sla_dag.py for tasks to queue
[2023-01-03T03:47:06.071+0000] {logging_mixin.py:137} INFO - [2023-01-03T03:47:06.070+0000] {dagbag.py:538} INFO - Filling up the DagBag from /home/airflow/.local/lib/python3.7/site-packages/airflow/example_dags/example_sla_dag.py
[2023-01-03T03:47:06.143+0000] {processor.py:753} INFO - DAG(s) dict_keys(['example_sla_dag']) retrieved from /home/airflow/.local/lib/python3.7/site-packages/airflow/example_dags/example_sla_dag.py
[2023-01-03T03:47:06.210+0000] {logging_mixin.py:137} INFO - [2023-01-03T03:47:06.210+0000] {dag.py:2676} INFO - Sync 1 DAGs
[2023-01-03T03:47:06.279+0000] {logging_mixin.py:137} INFO - [2023-01-03T03:47:06.279+0000] {dag.py:3427} INFO - Setting next_dagrun for example_sla_dag to 2023-01-03T03:44:00+00:00, run_after=2023-01-03T03:46:00+00:00
[2023-01-03T03:47:06.317+0000] {processor.py:175} INFO - Processing /home/airflow/.local/lib/python3.7/site-packages/airflow/example_dags/example_sla_dag.py took 0.259 seconds
[2023-01-03T03:47:37.193+0000] {processor.py:153} INFO - Started process (PID=447) to work on /home/airflow/.local/lib/python3.7/site-packages/airflow/example_dags/example_sla_dag.py
[2023-01-03T03:47:37.194+0000] {processor.py:743} INFO - Processing file /home/airflow/.local/lib/python3.7/site-packages/airflow/example_dags/example_sla_dag.py for tasks to queue
[2023-01-03T03:47:37.196+0000] {logging_mixin.py:137} INFO - [2023-01-03T03:47:37.195+0000] {dagbag.py:538} INFO - Filling up the DagBag from /home/airflow/.local/lib/python3.7/site-packages/airflow/example_dags/example_sla_dag.py
[2023-01-03T03:47:37.237+0000] {processor.py:753} INFO - DAG(s) dict_keys(['example_sla_dag']) retrieved from /home/airflow/.local/lib/python3.7/site-packages/airflow/example_dags/example_sla_dag.py
[2023-01-03T03:47:37.276+0000] {logging_mixin.py:137} INFO - [2023-01-03T03:47:37.276+0000] {dag.py:2676} INFO - Sync 1 DAGs
[2023-01-03T03:47:37.302+0000] {logging_mixin.py:137} INFO - [2023-01-03T03:47:37.302+0000] {dag.py:3427} INFO - Setting next_dagrun for example_sla_dag to 2023-01-03T03:44:00+00:00, run_after=2023-01-03T03:46:00+00:00
[2023-01-03T03:47:37.319+0000] {processor.py:175} INFO - Processing /home/airflow/.local/lib/python3.7/site-packages/airflow/example_dags/example_sla_dag.py took 0.131 seconds
[2023-01-03T03:48:12.357+0000] {processor.py:153} INFO - Started process (PID=509) to work on /home/airflow/.local/lib/python3.7/site-packages/airflow/example_dags/example_sla_dag.py
[2023-01-03T03:48:12.366+0000] {processor.py:743} INFO - Processing file /home/airflow/.local/lib/python3.7/site-packages/airflow/example_dags/example_sla_dag.py for tasks to queue
[2023-01-03T03:48:12.367+0000] {logging_mixin.py:137} INFO - [2023-01-03T03:48:12.367+0000] {dagbag.py:538} INFO - Filling up the DagBag from /home/airflow/.local/lib/python3.7/site-packages/airflow/example_dags/example_sla_dag.py
[2023-01-03T03:48:12.422+0000] {processor.py:753} INFO - DAG(s) dict_keys(['example_sla_dag']) retrieved from /home/airflow/.local/lib/python3.7/site-packages/airflow/example_dags/example_sla_dag.py
[2023-01-03T03:48:12.505+0000] {logging_mixin.py:137} INFO - [2023-01-03T03:48:12.505+0000] {dag.py:2676} INFO - Sync 1 DAGs
[2023-01-03T03:48:12.545+0000] {logging_mixin.py:137} INFO - [2023-01-03T03:48:12.545+0000] {dag.py:3427} INFO - Setting next_dagrun for example_sla_dag to 2023-01-03T03:46:00+00:00, run_after=2023-01-03T03:48:00+00:00
[2023-01-03T03:48:12.569+0000] {processor.py:175} INFO - Processing /home/airflow/.local/lib/python3.7/site-packages/airflow/example_dags/example_sla_dag.py took 0.219 seconds
[2023-01-03T03:48:42.921+0000] {processor.py:153} INFO - Started process (PID=571) to work on /home/airflow/.local/lib/python3.7/site-packages/airflow/example_dags/example_sla_dag.py
[2023-01-03T03:48:42.925+0000] {processor.py:743} INFO - Processing file /home/airflow/.local/lib/python3.7/site-packages/airflow/example_dags/example_sla_dag.py for tasks to queue
[2023-01-03T03:48:42.930+0000] {logging_mixin.py:137} INFO - [2023-01-03T03:48:42.930+0000] {dagbag.py:538} INFO - Filling up the DagBag from /home/airflow/.local/lib/python3.7/site-packages/airflow/example_dags/example_sla_dag.py
[2023-01-03T03:48:43.020+0000] {processor.py:753} INFO - DAG(s) dict_keys(['example_sla_dag']) retrieved from /home/airflow/.local/lib/python3.7/site-packages/airflow/example_dags/example_sla_dag.py
[2023-01-03T03:48:43.114+0000] {logging_mixin.py:137} INFO - [2023-01-03T03:48:43.113+0000] {dag.py:2676} INFO - Sync 1 DAGs
[2023-01-03T03:48:43.154+0000] {logging_mixin.py:137} INFO - [2023-01-03T03:48:43.154+0000] {dag.py:3427} INFO - Setting next_dagrun for example_sla_dag to 2023-01-03T03:46:00+00:00, run_after=2023-01-03T03:48:00+00:00
[2023-01-03T03:48:43.175+0000] {processor.py:175} INFO - Processing /home/airflow/.local/lib/python3.7/site-packages/airflow/example_dags/example_sla_dag.py took 0.258 seconds
[2023-01-03T03:49:13.753+0000] {processor.py:153} INFO - Started process (PID=633) to work on /home/airflow/.local/lib/python3.7/site-packages/airflow/example_dags/example_sla_dag.py
[2023-01-03T03:49:13.755+0000] {processor.py:743} INFO - Processing file /home/airflow/.local/lib/python3.7/site-packages/airflow/example_dags/example_sla_dag.py for tasks to queue
[2023-01-03T03:49:13.757+0000] {logging_mixin.py:137} INFO - [2023-01-03T03:49:13.757+0000] {dagbag.py:538} INFO - Filling up the DagBag from /home/airflow/.local/lib/python3.7/site-packages/airflow/example_dags/example_sla_dag.py
[2023-01-03T03:49:13.798+0000] {processor.py:753} INFO - DAG(s) dict_keys(['example_sla_dag']) retrieved from /home/airflow/.local/lib/python3.7/site-packages/airflow/example_dags/example_sla_dag.py
[2023-01-03T03:49:13.852+0000] {logging_mixin.py:137} INFO - [2023-01-03T03:49:13.852+0000] {dag.py:2676} INFO - Sync 1 DAGs
[2023-01-03T03:49:13.921+0000] {logging_mixin.py:137} INFO - [2023-01-03T03:49:13.921+0000] {dag.py:3427} INFO - Setting next_dagrun for example_sla_dag to 2023-01-03T03:46:00+00:00, run_after=2023-01-03T03:48:00+00:00
[2023-01-03T03:49:13.984+0000] {processor.py:175} INFO - Processing /home/airflow/.local/lib/python3.7/site-packages/airflow/example_dags/example_sla_dag.py took 0.235 seconds
[2023-01-03T03:49:45.236+0000] {processor.py:153} INFO - Started process (PID=707) to work on /home/airflow/.local/lib/python3.7/site-packages/airflow/example_dags/example_sla_dag.py
[2023-01-03T03:49:45.239+0000] {processor.py:743} INFO - Processing file /home/airflow/.local/lib/python3.7/site-packages/airflow/example_dags/example_sla_dag.py for tasks to queue
[2023-01-03T03:49:45.240+0000] {logging_mixin.py:137} INFO - [2023-01-03T03:49:45.240+0000] {dagbag.py:538} INFO - Filling up the DagBag from /home/airflow/.local/lib/python3.7/site-packages/airflow/example_dags/example_sla_dag.py
[2023-01-03T03:49:45.293+0000] {processor.py:753} INFO - DAG(s) dict_keys(['example_sla_dag']) retrieved from /home/airflow/.local/lib/python3.7/site-packages/airflow/example_dags/example_sla_dag.py
[2023-01-03T03:49:45.410+0000] {logging_mixin.py:137} INFO - [2023-01-03T03:49:45.410+0000] {dag.py:2676} INFO - Sync 1 DAGs
[2023-01-03T03:49:45.476+0000] {logging_mixin.py:137} INFO - [2023-01-03T03:49:45.476+0000] {dag.py:3427} INFO - Setting next_dagrun for example_sla_dag to 2023-01-03T03:46:00+00:00, run_after=2023-01-03T03:48:00+00:00
[2023-01-03T03:49:45.635+0000] {processor.py:175} INFO - Processing /home/airflow/.local/lib/python3.7/site-packages/airflow/example_dags/example_sla_dag.py took 0.408 seconds
[2023-01-03T03:50:15.940+0000] {processor.py:153} INFO - Started process (PID=769) to work on /home/airflow/.local/lib/python3.7/site-packages/airflow/example_dags/example_sla_dag.py
[2023-01-03T03:50:15.943+0000] {processor.py:743} INFO - Processing file /home/airflow/.local/lib/python3.7/site-packages/airflow/example_dags/example_sla_dag.py for tasks to queue
[2023-01-03T03:50:15.944+0000] {logging_mixin.py:137} INFO - [2023-01-03T03:50:15.944+0000] {dagbag.py:538} INFO - Filling up the DagBag from /home/airflow/.local/lib/python3.7/site-packages/airflow/example_dags/example_sla_dag.py
[2023-01-03T03:50:16.075+0000] {processor.py:753} INFO - DAG(s) dict_keys(['example_sla_dag']) retrieved from /home/airflow/.local/lib/python3.7/site-packages/airflow/example_dags/example_sla_dag.py
[2023-01-03T03:50:16.242+0000] {logging_mixin.py:137} INFO - [2023-01-03T03:50:16.242+0000] {dag.py:2676} INFO - Sync 1 DAGs
[2023-01-03T03:50:16.394+0000] {logging_mixin.py:137} INFO - [2023-01-03T03:50:16.394+0000] {dag.py:3427} INFO - Setting next_dagrun for example_sla_dag to 2023-01-03T03:48:00+00:00, run_after=2023-01-03T03:50:00+00:00
[2023-01-03T03:50:16.499+0000] {processor.py:175} INFO - Processing /home/airflow/.local/lib/python3.7/site-packages/airflow/example_dags/example_sla_dag.py took 0.561 seconds
[2023-01-03T03:50:46.722+0000] {processor.py:153} INFO - Started process (PID=819) to work on /home/airflow/.local/lib/python3.7/site-packages/airflow/example_dags/example_sla_dag.py
[2023-01-03T03:50:46.724+0000] {processor.py:743} INFO - Processing file /home/airflow/.local/lib/python3.7/site-packages/airflow/example_dags/example_sla_dag.py for tasks to queue
[2023-01-03T03:50:46.726+0000] {logging_mixin.py:137} INFO - [2023-01-03T03:50:46.726+0000] {dagbag.py:538} INFO - Filling up the DagBag from /home/airflow/.local/lib/python3.7/site-packages/airflow/example_dags/example_sla_dag.py
[2023-01-03T03:50:46.808+0000] {processor.py:753} INFO - DAG(s) dict_keys(['example_sla_dag']) retrieved from /home/airflow/.local/lib/python3.7/site-packages/airflow/example_dags/example_sla_dag.py
[2023-01-03T03:50:46.910+0000] {logging_mixin.py:137} INFO - [2023-01-03T03:50:46.910+0000] {dag.py:2676} INFO - Sync 1 DAGs
[2023-01-03T03:50:47.007+0000] {logging_mixin.py:137} INFO - [2023-01-03T03:50:47.004+0000] {dag.py:3427} INFO - Setting next_dagrun for example_sla_dag to 2023-01-03T03:48:00+00:00, run_after=2023-01-03T03:50:00+00:00
[2023-01-03T03:50:47.068+0000] {processor.py:175} INFO - Processing /home/airflow/.local/lib/python3.7/site-packages/airflow/example_dags/example_sla_dag.py took 0.360 seconds
[2023-01-03T03:51:17.341+0000] {processor.py:153} INFO - Started process (PID=889) to work on /home/airflow/.local/lib/python3.7/site-packages/airflow/example_dags/example_sla_dag.py
[2023-01-03T03:51:17.344+0000] {processor.py:743} INFO - Processing file /home/airflow/.local/lib/python3.7/site-packages/airflow/example_dags/example_sla_dag.py for tasks to queue
[2023-01-03T03:51:17.345+0000] {logging_mixin.py:137} INFO - [2023-01-03T03:51:17.345+0000] {dagbag.py:538} INFO - Filling up the DagBag from /home/airflow/.local/lib/python3.7/site-packages/airflow/example_dags/example_sla_dag.py
[2023-01-03T03:51:17.492+0000] {processor.py:753} INFO - DAG(s) dict_keys(['example_sla_dag']) retrieved from /home/airflow/.local/lib/python3.7/site-packages/airflow/example_dags/example_sla_dag.py
[2023-01-03T03:51:17.846+0000] {logging_mixin.py:137} INFO - [2023-01-03T03:51:17.846+0000] {dag.py:2676} INFO - Sync 1 DAGs
[2023-01-03T03:51:17.932+0000] {logging_mixin.py:137} INFO - [2023-01-03T03:51:17.932+0000] {dag.py:3427} INFO - Setting next_dagrun for example_sla_dag to 2023-01-03T03:48:00+00:00, run_after=2023-01-03T03:50:00+00:00
[2023-01-03T03:51:17.996+0000] {processor.py:175} INFO - Processing /home/airflow/.local/lib/python3.7/site-packages/airflow/example_dags/example_sla_dag.py took 0.695 seconds
[2023-01-03T03:51:48.454+0000] {processor.py:153} INFO - Started process (PID=951) to work on /home/airflow/.local/lib/python3.7/site-packages/airflow/example_dags/example_sla_dag.py
[2023-01-03T03:51:48.455+0000] {processor.py:743} INFO - Processing file /home/airflow/.local/lib/python3.7/site-packages/airflow/example_dags/example_sla_dag.py for tasks to queue
[2023-01-03T03:51:48.456+0000] {logging_mixin.py:137} INFO - [2023-01-03T03:51:48.456+0000] {dagbag.py:538} INFO - Filling up the DagBag from /home/airflow/.local/lib/python3.7/site-packages/airflow/example_dags/example_sla_dag.py
[2023-01-03T03:51:48.506+0000] {processor.py:753} INFO - DAG(s) dict_keys(['example_sla_dag']) retrieved from /home/airflow/.local/lib/python3.7/site-packages/airflow/example_dags/example_sla_dag.py
[2023-01-03T03:51:48.576+0000] {logging_mixin.py:137} INFO - [2023-01-03T03:51:48.576+0000] {dag.py:2676} INFO - Sync 1 DAGs
[2023-01-03T03:51:48.687+0000] {logging_mixin.py:137} INFO - [2023-01-03T03:51:48.687+0000] {dag.py:3427} INFO - Setting next_dagrun for example_sla_dag to 2023-01-03T03:48:00+00:00, run_after=2023-01-03T03:50:00+00:00
[2023-01-03T03:51:48.812+0000] {processor.py:175} INFO - Processing /home/airflow/.local/lib/python3.7/site-packages/airflow/example_dags/example_sla_dag.py took 0.363 seconds
[2023-01-03T03:52:19.441+0000] {processor.py:153} INFO - Started process (PID=1005) to work on /home/airflow/.local/lib/python3.7/site-packages/airflow/example_dags/example_sla_dag.py
[2023-01-03T03:52:19.449+0000] {processor.py:743} INFO - Processing file /home/airflow/.local/lib/python3.7/site-packages/airflow/example_dags/example_sla_dag.py for tasks to queue
[2023-01-03T03:52:19.453+0000] {logging_mixin.py:137} INFO - [2023-01-03T03:52:19.453+0000] {dagbag.py:538} INFO - Filling up the DagBag from /home/airflow/.local/lib/python3.7/site-packages/airflow/example_dags/example_sla_dag.py
[2023-01-03T03:52:19.516+0000] {processor.py:753} INFO - DAG(s) dict_keys(['example_sla_dag']) retrieved from /home/airflow/.local/lib/python3.7/site-packages/airflow/example_dags/example_sla_dag.py
[2023-01-03T03:52:19.602+0000] {logging_mixin.py:137} INFO - [2023-01-03T03:52:19.602+0000] {dag.py:2676} INFO - Sync 1 DAGs
[2023-01-03T03:52:19.669+0000] {logging_mixin.py:137} INFO - [2023-01-03T03:52:19.669+0000] {dag.py:3427} INFO - Setting next_dagrun for example_sla_dag to 2023-01-03T03:50:00+00:00, run_after=2023-01-03T03:52:00+00:00
[2023-01-03T03:52:19.713+0000] {processor.py:175} INFO - Processing /home/airflow/.local/lib/python3.7/site-packages/airflow/example_dags/example_sla_dag.py took 0.275 seconds
[2023-01-03T03:52:59.315+0000] {processor.py:153} INFO - Started process (PID=1069) to work on /home/airflow/.local/lib/python3.7/site-packages/airflow/example_dags/example_sla_dag.py
[2023-01-03T03:52:59.319+0000] {processor.py:743} INFO - Processing file /home/airflow/.local/lib/python3.7/site-packages/airflow/example_dags/example_sla_dag.py for tasks to queue
[2023-01-03T03:52:59.320+0000] {logging_mixin.py:137} INFO - [2023-01-03T03:52:59.320+0000] {dagbag.py:538} INFO - Filling up the DagBag from /home/airflow/.local/lib/python3.7/site-packages/airflow/example_dags/example_sla_dag.py
[2023-01-03T03:52:59.377+0000] {processor.py:753} INFO - DAG(s) dict_keys(['example_sla_dag']) retrieved from /home/airflow/.local/lib/python3.7/site-packages/airflow/example_dags/example_sla_dag.py
[2023-01-03T03:52:59.455+0000] {logging_mixin.py:137} INFO - [2023-01-03T03:52:59.455+0000] {dag.py:2676} INFO - Sync 1 DAGs
[2023-01-03T03:52:59.511+0000] {logging_mixin.py:137} INFO - [2023-01-03T03:52:59.511+0000] {dag.py:3427} INFO - Setting next_dagrun for example_sla_dag to 2023-01-03T03:50:00+00:00, run_after=2023-01-03T03:52:00+00:00
[2023-01-03T03:52:59.586+0000] {processor.py:175} INFO - Processing /home/airflow/.local/lib/python3.7/site-packages/airflow/example_dags/example_sla_dag.py took 0.281 seconds
[2023-01-03T03:53:46.043+0000] {processor.py:153} INFO - Started process (PID=1119) to work on /home/airflow/.local/lib/python3.7/site-packages/airflow/example_dags/example_sla_dag.py
[2023-01-03T03:53:46.048+0000] {processor.py:743} INFO - Processing file /home/airflow/.local/lib/python3.7/site-packages/airflow/example_dags/example_sla_dag.py for tasks to queue
[2023-01-03T03:53:46.050+0000] {logging_mixin.py:137} INFO - [2023-01-03T03:53:46.049+0000] {dagbag.py:538} INFO - Filling up the DagBag from /home/airflow/.local/lib/python3.7/site-packages/airflow/example_dags/example_sla_dag.py
[2023-01-03T03:53:46.109+0000] {processor.py:753} INFO - DAG(s) dict_keys(['example_sla_dag']) retrieved from /home/airflow/.local/lib/python3.7/site-packages/airflow/example_dags/example_sla_dag.py
[2023-01-03T03:53:46.213+0000] {logging_mixin.py:137} INFO - [2023-01-03T03:53:46.213+0000] {dag.py:2676} INFO - Sync 1 DAGs
[2023-01-03T03:53:46.289+0000] {logging_mixin.py:137} INFO - [2023-01-03T03:53:46.289+0000] {dag.py:3427} INFO - Setting next_dagrun for example_sla_dag to 2023-01-03T03:50:00+00:00, run_after=2023-01-03T03:52:00+00:00
[2023-01-03T03:53:46.338+0000] {processor.py:175} INFO - Processing /home/airflow/.local/lib/python3.7/site-packages/airflow/example_dags/example_sla_dag.py took 0.303 seconds
[2023-01-03T03:54:18.737+0000] {processor.py:153} INFO - Started process (PID=1181) to work on /home/airflow/.local/lib/python3.7/site-packages/airflow/example_dags/example_sla_dag.py
[2023-01-03T03:54:18.744+0000] {processor.py:743} INFO - Processing file /home/airflow/.local/lib/python3.7/site-packages/airflow/example_dags/example_sla_dag.py for tasks to queue
[2023-01-03T03:54:18.748+0000] {logging_mixin.py:137} INFO - [2023-01-03T03:54:18.748+0000] {dagbag.py:538} INFO - Filling up the DagBag from /home/airflow/.local/lib/python3.7/site-packages/airflow/example_dags/example_sla_dag.py
[2023-01-03T03:54:18.846+0000] {processor.py:753} INFO - DAG(s) dict_keys(['example_sla_dag']) retrieved from /home/airflow/.local/lib/python3.7/site-packages/airflow/example_dags/example_sla_dag.py
[2023-01-03T03:54:18.977+0000] {logging_mixin.py:137} INFO - [2023-01-03T03:54:18.977+0000] {dag.py:2676} INFO - Sync 1 DAGs
[2023-01-03T03:54:19.047+0000] {logging_mixin.py:137} INFO - [2023-01-03T03:54:19.047+0000] {dag.py:3427} INFO - Setting next_dagrun for example_sla_dag to 2023-01-03T03:52:00+00:00, run_after=2023-01-03T03:54:00+00:00
[2023-01-03T03:54:19.099+0000] {processor.py:175} INFO - Processing /home/airflow/.local/lib/python3.7/site-packages/airflow/example_dags/example_sla_dag.py took 0.364 seconds
[2023-01-03T03:55:05.412+0000] {processor.py:153} INFO - Started process (PID=1250) to work on /home/airflow/.local/lib/python3.7/site-packages/airflow/example_dags/example_sla_dag.py
[2023-01-03T03:55:05.441+0000] {processor.py:743} INFO - Processing file /home/airflow/.local/lib/python3.7/site-packages/airflow/example_dags/example_sla_dag.py for tasks to queue
[2023-01-03T03:55:05.453+0000] {logging_mixin.py:137} INFO - [2023-01-03T03:55:05.453+0000] {dagbag.py:538} INFO - Filling up the DagBag from /home/airflow/.local/lib/python3.7/site-packages/airflow/example_dags/example_sla_dag.py
[2023-01-03T03:55:08.703+0000] {processor.py:753} INFO - DAG(s) dict_keys(['example_sla_dag']) retrieved from /home/airflow/.local/lib/python3.7/site-packages/airflow/example_dags/example_sla_dag.py
[2023-01-03T03:55:12.301+0000] {logging_mixin.py:137} INFO - [2023-01-03T03:55:12.300+0000] {dag.py:2676} INFO - Sync 1 DAGs
[2023-01-03T03:55:14.691+0000] {logging_mixin.py:137} INFO - [2023-01-03T03:55:14.690+0000] {dag.py:3427} INFO - Setting next_dagrun for example_sla_dag to 2023-01-03T03:52:00+00:00, run_after=2023-01-03T03:54:00+00:00
[2023-01-03T03:55:15.322+0000] {processor.py:175} INFO - Processing /home/airflow/.local/lib/python3.7/site-packages/airflow/example_dags/example_sla_dag.py took 9.951 seconds
[2023-01-03T04:03:57.788+0000] {processor.py:153} INFO - Started process (PID=165) to work on /home/airflow/.local/lib/python3.7/site-packages/airflow/example_dags/example_sla_dag.py
[2023-01-03T04:03:57.864+0000] {processor.py:743} INFO - Processing file /home/airflow/.local/lib/python3.7/site-packages/airflow/example_dags/example_sla_dag.py for tasks to queue
[2023-01-03T04:03:57.917+0000] {logging_mixin.py:137} INFO - [2023-01-03T04:03:57.917+0000] {dagbag.py:538} INFO - Filling up the DagBag from /home/airflow/.local/lib/python3.7/site-packages/airflow/example_dags/example_sla_dag.py
[2023-01-03T04:03:59.624+0000] {processor.py:753} INFO - DAG(s) dict_keys(['example_sla_dag']) retrieved from /home/airflow/.local/lib/python3.7/site-packages/airflow/example_dags/example_sla_dag.py
[2023-01-03T04:04:03.844+0000] {logging_mixin.py:137} INFO - [2023-01-03T04:04:03.824+0000] {dag.py:2676} INFO - Sync 1 DAGs
[2023-01-03T04:04:06.694+0000] {logging_mixin.py:137} INFO - [2023-01-03T04:04:06.620+0000] {dag.py:3427} INFO - Setting next_dagrun for example_sla_dag to 2023-01-03T04:02:00+00:00, run_after=2023-01-03T04:04:00+00:00
[2023-01-03T04:04:07.758+0000] {processor.py:175} INFO - Processing /home/airflow/.local/lib/python3.7/site-packages/airflow/example_dags/example_sla_dag.py took 10.133 seconds
[2023-01-03T04:09:28.439+0000] {processor.py:153} INFO - Started process (PID=99) to work on /home/airflow/.local/lib/python3.7/site-packages/airflow/example_dags/example_sla_dag.py
[2023-01-03T04:09:28.446+0000] {processor.py:743} INFO - Processing file /home/airflow/.local/lib/python3.7/site-packages/airflow/example_dags/example_sla_dag.py for tasks to queue
[2023-01-03T04:09:28.449+0000] {logging_mixin.py:137} INFO - [2023-01-03T04:09:28.449+0000] {dagbag.py:538} INFO - Filling up the DagBag from /home/airflow/.local/lib/python3.7/site-packages/airflow/example_dags/example_sla_dag.py
[2023-01-03T04:09:28.647+0000] {processor.py:753} INFO - DAG(s) dict_keys(['example_sla_dag']) retrieved from /home/airflow/.local/lib/python3.7/site-packages/airflow/example_dags/example_sla_dag.py
[2023-01-03T04:09:28.936+0000] {logging_mixin.py:137} INFO - [2023-01-03T04:09:28.936+0000] {dag.py:2676} INFO - Sync 1 DAGs
[2023-01-03T04:09:29.064+0000] {logging_mixin.py:137} INFO - [2023-01-03T04:09:29.064+0000] {dag.py:3427} INFO - Setting next_dagrun for example_sla_dag to 2023-01-03T04:06:00+00:00, run_after=2023-01-03T04:08:00+00:00
[2023-01-03T04:09:29.163+0000] {processor.py:175} INFO - Processing /home/airflow/.local/lib/python3.7/site-packages/airflow/example_dags/example_sla_dag.py took 0.763 seconds
[2023-01-03T04:09:59.527+0000] {processor.py:153} INFO - Started process (PID=162) to work on /home/airflow/.local/lib/python3.7/site-packages/airflow/example_dags/example_sla_dag.py
[2023-01-03T04:09:59.531+0000] {processor.py:743} INFO - Processing file /home/airflow/.local/lib/python3.7/site-packages/airflow/example_dags/example_sla_dag.py for tasks to queue
[2023-01-03T04:09:59.534+0000] {logging_mixin.py:137} INFO - [2023-01-03T04:09:59.534+0000] {dagbag.py:538} INFO - Filling up the DagBag from /home/airflow/.local/lib/python3.7/site-packages/airflow/example_dags/example_sla_dag.py
[2023-01-03T04:09:59.625+0000] {processor.py:753} INFO - DAG(s) dict_keys(['example_sla_dag']) retrieved from /home/airflow/.local/lib/python3.7/site-packages/airflow/example_dags/example_sla_dag.py
[2023-01-03T04:09:59.729+0000] {logging_mixin.py:137} INFO - [2023-01-03T04:09:59.729+0000] {dag.py:2676} INFO - Sync 1 DAGs
[2023-01-03T04:09:59.779+0000] {logging_mixin.py:137} INFO - [2023-01-03T04:09:59.779+0000] {dag.py:3427} INFO - Setting next_dagrun for example_sla_dag to 2023-01-03T04:06:00+00:00, run_after=2023-01-03T04:08:00+00:00
[2023-01-03T04:09:59.804+0000] {processor.py:175} INFO - Processing /home/airflow/.local/lib/python3.7/site-packages/airflow/example_dags/example_sla_dag.py took 0.288 seconds
[2023-01-03T04:10:39.565+0000] {processor.py:153} INFO - Started process (PID=230) to work on /home/airflow/.local/lib/python3.7/site-packages/airflow/example_dags/example_sla_dag.py
[2023-01-03T04:10:39.571+0000] {processor.py:743} INFO - Processing file /home/airflow/.local/lib/python3.7/site-packages/airflow/example_dags/example_sla_dag.py for tasks to queue
[2023-01-03T04:10:39.585+0000] {logging_mixin.py:137} INFO - [2023-01-03T04:10:39.585+0000] {dagbag.py:538} INFO - Filling up the DagBag from /home/airflow/.local/lib/python3.7/site-packages/airflow/example_dags/example_sla_dag.py
[2023-01-03T04:10:39.977+0000] {processor.py:753} INFO - DAG(s) dict_keys(['example_sla_dag']) retrieved from /home/airflow/.local/lib/python3.7/site-packages/airflow/example_dags/example_sla_dag.py
[2023-01-03T04:10:40.402+0000] {logging_mixin.py:137} INFO - [2023-01-03T04:10:40.398+0000] {dag.py:2676} INFO - Sync 1 DAGs
[2023-01-03T04:10:40.649+0000] {logging_mixin.py:137} INFO - [2023-01-03T04:10:40.622+0000] {dag.py:3427} INFO - Setting next_dagrun for example_sla_dag to 2023-01-03T04:08:00+00:00, run_after=2023-01-03T04:10:00+00:00
[2023-01-03T04:10:40.844+0000] {processor.py:175} INFO - Processing /home/airflow/.local/lib/python3.7/site-packages/airflow/example_dags/example_sla_dag.py took 1.323 seconds
[2023-01-03T04:11:11.158+0000] {processor.py:153} INFO - Started process (PID=285) to work on /home/airflow/.local/lib/python3.7/site-packages/airflow/example_dags/example_sla_dag.py
[2023-01-03T04:11:11.162+0000] {processor.py:743} INFO - Processing file /home/airflow/.local/lib/python3.7/site-packages/airflow/example_dags/example_sla_dag.py for tasks to queue
[2023-01-03T04:11:11.170+0000] {logging_mixin.py:137} INFO - [2023-01-03T04:11:11.169+0000] {dagbag.py:538} INFO - Filling up the DagBag from /home/airflow/.local/lib/python3.7/site-packages/airflow/example_dags/example_sla_dag.py
[2023-01-03T04:11:11.303+0000] {processor.py:753} INFO - DAG(s) dict_keys(['example_sla_dag']) retrieved from /home/airflow/.local/lib/python3.7/site-packages/airflow/example_dags/example_sla_dag.py
[2023-01-03T04:11:11.415+0000] {logging_mixin.py:137} INFO - [2023-01-03T04:11:11.415+0000] {dag.py:2676} INFO - Sync 1 DAGs
[2023-01-03T04:11:11.468+0000] {logging_mixin.py:137} INFO - [2023-01-03T04:11:11.468+0000] {dag.py:3427} INFO - Setting next_dagrun for example_sla_dag to 2023-01-03T04:08:00+00:00, run_after=2023-01-03T04:10:00+00:00
[2023-01-03T04:11:11.532+0000] {processor.py:175} INFO - Processing /home/airflow/.local/lib/python3.7/site-packages/airflow/example_dags/example_sla_dag.py took 0.378 seconds
[2023-01-03T04:11:43.803+0000] {processor.py:153} INFO - Started process (PID=345) to work on /home/airflow/.local/lib/python3.7/site-packages/airflow/example_dags/example_sla_dag.py
[2023-01-03T04:11:43.817+0000] {processor.py:743} INFO - Processing file /home/airflow/.local/lib/python3.7/site-packages/airflow/example_dags/example_sla_dag.py for tasks to queue
[2023-01-03T04:11:43.819+0000] {logging_mixin.py:137} INFO - [2023-01-03T04:11:43.819+0000] {dagbag.py:538} INFO - Filling up the DagBag from /home/airflow/.local/lib/python3.7/site-packages/airflow/example_dags/example_sla_dag.py
[2023-01-03T04:11:43.965+0000] {processor.py:753} INFO - DAG(s) dict_keys(['example_sla_dag']) retrieved from /home/airflow/.local/lib/python3.7/site-packages/airflow/example_dags/example_sla_dag.py
[2023-01-03T04:11:44.119+0000] {logging_mixin.py:137} INFO - [2023-01-03T04:11:44.118+0000] {dag.py:2676} INFO - Sync 1 DAGs
[2023-01-03T04:11:44.291+0000] {logging_mixin.py:137} INFO - [2023-01-03T04:11:44.291+0000] {dag.py:3427} INFO - Setting next_dagrun for example_sla_dag to 2023-01-03T04:08:00+00:00, run_after=2023-01-03T04:10:00+00:00
[2023-01-03T04:11:44.437+0000] {processor.py:175} INFO - Processing /home/airflow/.local/lib/python3.7/site-packages/airflow/example_dags/example_sla_dag.py took 0.638 seconds
[2023-01-03T04:13:26.134+0000] {processor.py:153} INFO - Started process (PID=435) to work on /home/airflow/.local/lib/python3.7/site-packages/airflow/example_dags/example_sla_dag.py
[2023-01-03T04:13:26.241+0000] {processor.py:743} INFO - Processing file /home/airflow/.local/lib/python3.7/site-packages/airflow/example_dags/example_sla_dag.py for tasks to queue
[2023-01-03T04:13:26.256+0000] {logging_mixin.py:137} INFO - [2023-01-03T04:13:26.255+0000] {dagbag.py:538} INFO - Filling up the DagBag from /home/airflow/.local/lib/python3.7/site-packages/airflow/example_dags/example_sla_dag.py
[2023-01-03T04:13:27.269+0000] {processor.py:753} INFO - DAG(s) dict_keys(['example_sla_dag']) retrieved from /home/airflow/.local/lib/python3.7/site-packages/airflow/example_dags/example_sla_dag.py
[2023-01-03T04:13:30.340+0000] {logging_mixin.py:137} INFO - [2023-01-03T04:13:30.339+0000] {dag.py:2676} INFO - Sync 1 DAGs
[2023-01-03T04:13:30.802+0000] {logging_mixin.py:137} INFO - [2023-01-03T04:13:30.802+0000] {dag.py:3427} INFO - Setting next_dagrun for example_sla_dag to 2023-01-03T04:10:00+00:00, run_after=2023-01-03T04:12:00+00:00
[2023-01-03T04:13:31.204+0000] {processor.py:175} INFO - Processing /home/airflow/.local/lib/python3.7/site-packages/airflow/example_dags/example_sla_dag.py took 5.106 seconds
