[2023-01-03T03:44:33.481+0000] {processor.py:153} INFO - Started process (PID=70) to work on /home/airflow/.local/lib/python3.7/site-packages/airflow/example_dags/example_nested_branch_dag.py
[2023-01-03T03:44:33.490+0000] {processor.py:743} INFO - Processing file /home/airflow/.local/lib/python3.7/site-packages/airflow/example_dags/example_nested_branch_dag.py for tasks to queue
[2023-01-03T03:44:33.491+0000] {logging_mixin.py:137} INFO - [2023-01-03T03:44:33.491+0000] {dagbag.py:538} INFO - Filling up the DagBag from /home/airflow/.local/lib/python3.7/site-packages/airflow/example_dags/example_nested_branch_dag.py
[2023-01-03T03:44:33.624+0000] {processor.py:753} INFO - DAG(s) dict_keys(['example_nested_branch_dag']) retrieved from /home/airflow/.local/lib/python3.7/site-packages/airflow/example_dags/example_nested_branch_dag.py
[2023-01-03T03:44:33.832+0000] {logging_mixin.py:137} INFO - [2023-01-03T03:44:33.831+0000] {dag.py:2676} INFO - Sync 1 DAGs
[2023-01-03T03:44:34.022+0000] {logging_mixin.py:137} INFO - [2023-01-03T03:44:34.022+0000] {dag.py:3427} INFO - Setting next_dagrun for example_nested_branch_dag to 2023-01-02T00:00:00+00:00, run_after=2023-01-03T00:00:00+00:00
[2023-01-03T03:44:34.106+0000] {processor.py:175} INFO - Processing /home/airflow/.local/lib/python3.7/site-packages/airflow/example_dags/example_nested_branch_dag.py took 0.631 seconds
[2023-01-03T03:45:04.272+0000] {processor.py:153} INFO - Started process (PID=131) to work on /home/airflow/.local/lib/python3.7/site-packages/airflow/example_dags/example_nested_branch_dag.py
[2023-01-03T03:45:04.277+0000] {processor.py:743} INFO - Processing file /home/airflow/.local/lib/python3.7/site-packages/airflow/example_dags/example_nested_branch_dag.py for tasks to queue
[2023-01-03T03:45:04.281+0000] {logging_mixin.py:137} INFO - [2023-01-03T03:45:04.280+0000] {dagbag.py:538} INFO - Filling up the DagBag from /home/airflow/.local/lib/python3.7/site-packages/airflow/example_dags/example_nested_branch_dag.py
[2023-01-03T03:45:04.372+0000] {processor.py:753} INFO - DAG(s) dict_keys(['example_nested_branch_dag']) retrieved from /home/airflow/.local/lib/python3.7/site-packages/airflow/example_dags/example_nested_branch_dag.py
[2023-01-03T03:45:04.430+0000] {logging_mixin.py:137} INFO - [2023-01-03T03:45:04.429+0000] {dag.py:2676} INFO - Sync 1 DAGs
[2023-01-03T03:45:04.465+0000] {logging_mixin.py:137} INFO - [2023-01-03T03:45:04.465+0000] {dag.py:3427} INFO - Setting next_dagrun for example_nested_branch_dag to 2023-01-02T00:00:00+00:00, run_after=2023-01-03T00:00:00+00:00
[2023-01-03T03:45:04.492+0000] {processor.py:175} INFO - Processing /home/airflow/.local/lib/python3.7/site-packages/airflow/example_dags/example_nested_branch_dag.py took 0.223 seconds
[2023-01-03T03:45:35.334+0000] {processor.py:153} INFO - Started process (PID=205) to work on /home/airflow/.local/lib/python3.7/site-packages/airflow/example_dags/example_nested_branch_dag.py
[2023-01-03T03:45:35.336+0000] {processor.py:743} INFO - Processing file /home/airflow/.local/lib/python3.7/site-packages/airflow/example_dags/example_nested_branch_dag.py for tasks to queue
[2023-01-03T03:45:35.337+0000] {logging_mixin.py:137} INFO - [2023-01-03T03:45:35.337+0000] {dagbag.py:538} INFO - Filling up the DagBag from /home/airflow/.local/lib/python3.7/site-packages/airflow/example_dags/example_nested_branch_dag.py
[2023-01-03T03:45:35.414+0000] {processor.py:753} INFO - DAG(s) dict_keys(['example_nested_branch_dag']) retrieved from /home/airflow/.local/lib/python3.7/site-packages/airflow/example_dags/example_nested_branch_dag.py
[2023-01-03T03:45:35.505+0000] {logging_mixin.py:137} INFO - [2023-01-03T03:45:35.505+0000] {dag.py:2676} INFO - Sync 1 DAGs
[2023-01-03T03:45:35.543+0000] {logging_mixin.py:137} INFO - [2023-01-03T03:45:35.543+0000] {dag.py:3427} INFO - Setting next_dagrun for example_nested_branch_dag to 2023-01-02T00:00:00+00:00, run_after=2023-01-03T00:00:00+00:00
[2023-01-03T03:45:35.574+0000] {processor.py:175} INFO - Processing /home/airflow/.local/lib/python3.7/site-packages/airflow/example_dags/example_nested_branch_dag.py took 0.249 seconds
[2023-01-03T03:46:06.218+0000] {processor.py:153} INFO - Started process (PID=268) to work on /home/airflow/.local/lib/python3.7/site-packages/airflow/example_dags/example_nested_branch_dag.py
[2023-01-03T03:46:06.223+0000] {processor.py:743} INFO - Processing file /home/airflow/.local/lib/python3.7/site-packages/airflow/example_dags/example_nested_branch_dag.py for tasks to queue
[2023-01-03T03:46:06.225+0000] {logging_mixin.py:137} INFO - [2023-01-03T03:46:06.225+0000] {dagbag.py:538} INFO - Filling up the DagBag from /home/airflow/.local/lib/python3.7/site-packages/airflow/example_dags/example_nested_branch_dag.py
[2023-01-03T03:46:06.276+0000] {processor.py:753} INFO - DAG(s) dict_keys(['example_nested_branch_dag']) retrieved from /home/airflow/.local/lib/python3.7/site-packages/airflow/example_dags/example_nested_branch_dag.py
[2023-01-03T03:46:06.384+0000] {logging_mixin.py:137} INFO - [2023-01-03T03:46:06.384+0000] {dag.py:2676} INFO - Sync 1 DAGs
[2023-01-03T03:46:06.459+0000] {logging_mixin.py:137} INFO - [2023-01-03T03:46:06.459+0000] {dag.py:3427} INFO - Setting next_dagrun for example_nested_branch_dag to 2023-01-02T00:00:00+00:00, run_after=2023-01-03T00:00:00+00:00
[2023-01-03T03:46:06.525+0000] {processor.py:175} INFO - Processing /home/airflow/.local/lib/python3.7/site-packages/airflow/example_dags/example_nested_branch_dag.py took 0.316 seconds
[2023-01-03T03:46:37.073+0000] {processor.py:153} INFO - Started process (PID=329) to work on /home/airflow/.local/lib/python3.7/site-packages/airflow/example_dags/example_nested_branch_dag.py
[2023-01-03T03:46:37.083+0000] {processor.py:743} INFO - Processing file /home/airflow/.local/lib/python3.7/site-packages/airflow/example_dags/example_nested_branch_dag.py for tasks to queue
[2023-01-03T03:46:37.085+0000] {logging_mixin.py:137} INFO - [2023-01-03T03:46:37.085+0000] {dagbag.py:538} INFO - Filling up the DagBag from /home/airflow/.local/lib/python3.7/site-packages/airflow/example_dags/example_nested_branch_dag.py
[2023-01-03T03:46:37.200+0000] {processor.py:753} INFO - DAG(s) dict_keys(['example_nested_branch_dag']) retrieved from /home/airflow/.local/lib/python3.7/site-packages/airflow/example_dags/example_nested_branch_dag.py
[2023-01-03T03:46:37.383+0000] {logging_mixin.py:137} INFO - [2023-01-03T03:46:37.383+0000] {dag.py:2676} INFO - Sync 1 DAGs
[2023-01-03T03:46:37.504+0000] {logging_mixin.py:137} INFO - [2023-01-03T03:46:37.504+0000] {dag.py:3427} INFO - Setting next_dagrun for example_nested_branch_dag to 2023-01-02T00:00:00+00:00, run_after=2023-01-03T00:00:00+00:00
[2023-01-03T03:46:37.690+0000] {processor.py:175} INFO - Processing /home/airflow/.local/lib/python3.7/site-packages/airflow/example_dags/example_nested_branch_dag.py took 0.621 seconds
[2023-01-03T03:47:08.227+0000] {processor.py:153} INFO - Started process (PID=391) to work on /home/airflow/.local/lib/python3.7/site-packages/airflow/example_dags/example_nested_branch_dag.py
[2023-01-03T03:47:08.263+0000] {processor.py:743} INFO - Processing file /home/airflow/.local/lib/python3.7/site-packages/airflow/example_dags/example_nested_branch_dag.py for tasks to queue
[2023-01-03T03:47:08.272+0000] {logging_mixin.py:137} INFO - [2023-01-03T03:47:08.268+0000] {dagbag.py:538} INFO - Filling up the DagBag from /home/airflow/.local/lib/python3.7/site-packages/airflow/example_dags/example_nested_branch_dag.py
[2023-01-03T03:47:08.466+0000] {processor.py:753} INFO - DAG(s) dict_keys(['example_nested_branch_dag']) retrieved from /home/airflow/.local/lib/python3.7/site-packages/airflow/example_dags/example_nested_branch_dag.py
[2023-01-03T03:47:08.676+0000] {logging_mixin.py:137} INFO - [2023-01-03T03:47:08.676+0000] {dag.py:2676} INFO - Sync 1 DAGs
[2023-01-03T03:47:08.728+0000] {logging_mixin.py:137} INFO - [2023-01-03T03:47:08.728+0000] {dag.py:3427} INFO - Setting next_dagrun for example_nested_branch_dag to 2023-01-02T00:00:00+00:00, run_after=2023-01-03T00:00:00+00:00
[2023-01-03T03:47:08.773+0000] {processor.py:175} INFO - Processing /home/airflow/.local/lib/python3.7/site-packages/airflow/example_dags/example_nested_branch_dag.py took 0.612 seconds
[2023-01-03T03:47:39.057+0000] {processor.py:153} INFO - Started process (PID=461) to work on /home/airflow/.local/lib/python3.7/site-packages/airflow/example_dags/example_nested_branch_dag.py
[2023-01-03T03:47:39.060+0000] {processor.py:743} INFO - Processing file /home/airflow/.local/lib/python3.7/site-packages/airflow/example_dags/example_nested_branch_dag.py for tasks to queue
[2023-01-03T03:47:39.062+0000] {logging_mixin.py:137} INFO - [2023-01-03T03:47:39.062+0000] {dagbag.py:538} INFO - Filling up the DagBag from /home/airflow/.local/lib/python3.7/site-packages/airflow/example_dags/example_nested_branch_dag.py
[2023-01-03T03:47:39.258+0000] {processor.py:753} INFO - DAG(s) dict_keys(['example_nested_branch_dag']) retrieved from /home/airflow/.local/lib/python3.7/site-packages/airflow/example_dags/example_nested_branch_dag.py
[2023-01-03T03:47:39.432+0000] {logging_mixin.py:137} INFO - [2023-01-03T03:47:39.432+0000] {dag.py:2676} INFO - Sync 1 DAGs
[2023-01-03T03:47:39.531+0000] {logging_mixin.py:137} INFO - [2023-01-03T03:47:39.531+0000] {dag.py:3427} INFO - Setting next_dagrun for example_nested_branch_dag to 2023-01-02T00:00:00+00:00, run_after=2023-01-03T00:00:00+00:00
[2023-01-03T03:47:39.639+0000] {processor.py:175} INFO - Processing /home/airflow/.local/lib/python3.7/site-packages/airflow/example_dags/example_nested_branch_dag.py took 0.596 seconds
[2023-01-03T03:48:13.725+0000] {processor.py:153} INFO - Started process (PID=515) to work on /home/airflow/.local/lib/python3.7/site-packages/airflow/example_dags/example_nested_branch_dag.py
[2023-01-03T03:48:13.730+0000] {processor.py:743} INFO - Processing file /home/airflow/.local/lib/python3.7/site-packages/airflow/example_dags/example_nested_branch_dag.py for tasks to queue
[2023-01-03T03:48:13.732+0000] {logging_mixin.py:137} INFO - [2023-01-03T03:48:13.731+0000] {dagbag.py:538} INFO - Filling up the DagBag from /home/airflow/.local/lib/python3.7/site-packages/airflow/example_dags/example_nested_branch_dag.py
[2023-01-03T03:48:13.801+0000] {processor.py:753} INFO - DAG(s) dict_keys(['example_nested_branch_dag']) retrieved from /home/airflow/.local/lib/python3.7/site-packages/airflow/example_dags/example_nested_branch_dag.py
[2023-01-03T03:48:13.887+0000] {logging_mixin.py:137} INFO - [2023-01-03T03:48:13.887+0000] {dag.py:2676} INFO - Sync 1 DAGs
[2023-01-03T03:48:13.935+0000] {logging_mixin.py:137} INFO - [2023-01-03T03:48:13.935+0000] {dag.py:3427} INFO - Setting next_dagrun for example_nested_branch_dag to 2023-01-02T00:00:00+00:00, run_after=2023-01-03T00:00:00+00:00
[2023-01-03T03:48:13.962+0000] {processor.py:175} INFO - Processing /home/airflow/.local/lib/python3.7/site-packages/airflow/example_dags/example_nested_branch_dag.py took 0.243 seconds
[2023-01-03T03:48:44.932+0000] {processor.py:153} INFO - Started process (PID=577) to work on /home/airflow/.local/lib/python3.7/site-packages/airflow/example_dags/example_nested_branch_dag.py
[2023-01-03T03:48:44.934+0000] {processor.py:743} INFO - Processing file /home/airflow/.local/lib/python3.7/site-packages/airflow/example_dags/example_nested_branch_dag.py for tasks to queue
[2023-01-03T03:48:44.937+0000] {logging_mixin.py:137} INFO - [2023-01-03T03:48:44.937+0000] {dagbag.py:538} INFO - Filling up the DagBag from /home/airflow/.local/lib/python3.7/site-packages/airflow/example_dags/example_nested_branch_dag.py
[2023-01-03T03:48:44.988+0000] {processor.py:753} INFO - DAG(s) dict_keys(['example_nested_branch_dag']) retrieved from /home/airflow/.local/lib/python3.7/site-packages/airflow/example_dags/example_nested_branch_dag.py
[2023-01-03T03:48:45.086+0000] {logging_mixin.py:137} INFO - [2023-01-03T03:48:45.086+0000] {dag.py:2676} INFO - Sync 1 DAGs
[2023-01-03T03:48:45.137+0000] {logging_mixin.py:137} INFO - [2023-01-03T03:48:45.137+0000] {dag.py:3427} INFO - Setting next_dagrun for example_nested_branch_dag to 2023-01-02T00:00:00+00:00, run_after=2023-01-03T00:00:00+00:00
[2023-01-03T03:48:45.188+0000] {processor.py:175} INFO - Processing /home/airflow/.local/lib/python3.7/site-packages/airflow/example_dags/example_nested_branch_dag.py took 0.260 seconds
[2023-01-03T03:49:15.522+0000] {processor.py:153} INFO - Started process (PID=639) to work on /home/airflow/.local/lib/python3.7/site-packages/airflow/example_dags/example_nested_branch_dag.py
[2023-01-03T03:49:15.524+0000] {processor.py:743} INFO - Processing file /home/airflow/.local/lib/python3.7/site-packages/airflow/example_dags/example_nested_branch_dag.py for tasks to queue
[2023-01-03T03:49:15.525+0000] {logging_mixin.py:137} INFO - [2023-01-03T03:49:15.525+0000] {dagbag.py:538} INFO - Filling up the DagBag from /home/airflow/.local/lib/python3.7/site-packages/airflow/example_dags/example_nested_branch_dag.py
[2023-01-03T03:49:15.579+0000] {processor.py:753} INFO - DAG(s) dict_keys(['example_nested_branch_dag']) retrieved from /home/airflow/.local/lib/python3.7/site-packages/airflow/example_dags/example_nested_branch_dag.py
[2023-01-03T03:49:15.666+0000] {logging_mixin.py:137} INFO - [2023-01-03T03:49:15.666+0000] {dag.py:2676} INFO - Sync 1 DAGs
[2023-01-03T03:49:15.741+0000] {logging_mixin.py:137} INFO - [2023-01-03T03:49:15.737+0000] {dag.py:3427} INFO - Setting next_dagrun for example_nested_branch_dag to 2023-01-02T00:00:00+00:00, run_after=2023-01-03T00:00:00+00:00
[2023-01-03T03:49:15.778+0000] {processor.py:175} INFO - Processing /home/airflow/.local/lib/python3.7/site-packages/airflow/example_dags/example_nested_branch_dag.py took 0.274 seconds
[2023-01-03T03:49:46.695+0000] {processor.py:153} INFO - Started process (PID=713) to work on /home/airflow/.local/lib/python3.7/site-packages/airflow/example_dags/example_nested_branch_dag.py
[2023-01-03T03:49:46.703+0000] {processor.py:743} INFO - Processing file /home/airflow/.local/lib/python3.7/site-packages/airflow/example_dags/example_nested_branch_dag.py for tasks to queue
[2023-01-03T03:49:46.705+0000] {logging_mixin.py:137} INFO - [2023-01-03T03:49:46.705+0000] {dagbag.py:538} INFO - Filling up the DagBag from /home/airflow/.local/lib/python3.7/site-packages/airflow/example_dags/example_nested_branch_dag.py
[2023-01-03T03:49:46.790+0000] {processor.py:753} INFO - DAG(s) dict_keys(['example_nested_branch_dag']) retrieved from /home/airflow/.local/lib/python3.7/site-packages/airflow/example_dags/example_nested_branch_dag.py
[2023-01-03T03:49:46.896+0000] {logging_mixin.py:137} INFO - [2023-01-03T03:49:46.896+0000] {dag.py:2676} INFO - Sync 1 DAGs
[2023-01-03T03:49:47.055+0000] {logging_mixin.py:137} INFO - [2023-01-03T03:49:47.054+0000] {dag.py:3427} INFO - Setting next_dagrun for example_nested_branch_dag to 2023-01-02T00:00:00+00:00, run_after=2023-01-03T00:00:00+00:00
[2023-01-03T03:49:47.113+0000] {processor.py:175} INFO - Processing /home/airflow/.local/lib/python3.7/site-packages/airflow/example_dags/example_nested_branch_dag.py took 0.438 seconds
[2023-01-03T03:50:17.442+0000] {processor.py:153} INFO - Started process (PID=775) to work on /home/airflow/.local/lib/python3.7/site-packages/airflow/example_dags/example_nested_branch_dag.py
[2023-01-03T03:50:17.451+0000] {processor.py:743} INFO - Processing file /home/airflow/.local/lib/python3.7/site-packages/airflow/example_dags/example_nested_branch_dag.py for tasks to queue
[2023-01-03T03:50:17.459+0000] {logging_mixin.py:137} INFO - [2023-01-03T03:50:17.454+0000] {dagbag.py:538} INFO - Filling up the DagBag from /home/airflow/.local/lib/python3.7/site-packages/airflow/example_dags/example_nested_branch_dag.py
[2023-01-03T03:50:17.541+0000] {processor.py:753} INFO - DAG(s) dict_keys(['example_nested_branch_dag']) retrieved from /home/airflow/.local/lib/python3.7/site-packages/airflow/example_dags/example_nested_branch_dag.py
[2023-01-03T03:50:17.722+0000] {logging_mixin.py:137} INFO - [2023-01-03T03:50:17.722+0000] {dag.py:2676} INFO - Sync 1 DAGs
[2023-01-03T03:50:17.835+0000] {logging_mixin.py:137} INFO - [2023-01-03T03:50:17.835+0000] {dag.py:3427} INFO - Setting next_dagrun for example_nested_branch_dag to 2023-01-02T00:00:00+00:00, run_after=2023-01-03T00:00:00+00:00
[2023-01-03T03:50:17.925+0000] {processor.py:175} INFO - Processing /home/airflow/.local/lib/python3.7/site-packages/airflow/example_dags/example_nested_branch_dag.py took 0.487 seconds
[2023-01-03T03:50:48.771+0000] {processor.py:153} INFO - Started process (PID=825) to work on /home/airflow/.local/lib/python3.7/site-packages/airflow/example_dags/example_nested_branch_dag.py
[2023-01-03T03:50:48.779+0000] {processor.py:743} INFO - Processing file /home/airflow/.local/lib/python3.7/site-packages/airflow/example_dags/example_nested_branch_dag.py for tasks to queue
[2023-01-03T03:50:48.781+0000] {logging_mixin.py:137} INFO - [2023-01-03T03:50:48.780+0000] {dagbag.py:538} INFO - Filling up the DagBag from /home/airflow/.local/lib/python3.7/site-packages/airflow/example_dags/example_nested_branch_dag.py
[2023-01-03T03:50:48.848+0000] {processor.py:753} INFO - DAG(s) dict_keys(['example_nested_branch_dag']) retrieved from /home/airflow/.local/lib/python3.7/site-packages/airflow/example_dags/example_nested_branch_dag.py
[2023-01-03T03:50:48.963+0000] {logging_mixin.py:137} INFO - [2023-01-03T03:50:48.963+0000] {dag.py:2676} INFO - Sync 1 DAGs
[2023-01-03T03:50:49.021+0000] {logging_mixin.py:137} INFO - [2023-01-03T03:50:49.021+0000] {dag.py:3427} INFO - Setting next_dagrun for example_nested_branch_dag to 2023-01-02T00:00:00+00:00, run_after=2023-01-03T00:00:00+00:00
[2023-01-03T03:50:49.058+0000] {processor.py:175} INFO - Processing /home/airflow/.local/lib/python3.7/site-packages/airflow/example_dags/example_nested_branch_dag.py took 0.299 seconds
[2023-01-03T03:51:19.908+0000] {processor.py:153} INFO - Started process (PID=900) to work on /home/airflow/.local/lib/python3.7/site-packages/airflow/example_dags/example_nested_branch_dag.py
[2023-01-03T03:51:19.910+0000] {processor.py:743} INFO - Processing file /home/airflow/.local/lib/python3.7/site-packages/airflow/example_dags/example_nested_branch_dag.py for tasks to queue
[2023-01-03T03:51:19.912+0000] {logging_mixin.py:137} INFO - [2023-01-03T03:51:19.912+0000] {dagbag.py:538} INFO - Filling up the DagBag from /home/airflow/.local/lib/python3.7/site-packages/airflow/example_dags/example_nested_branch_dag.py
[2023-01-03T03:51:20.013+0000] {processor.py:753} INFO - DAG(s) dict_keys(['example_nested_branch_dag']) retrieved from /home/airflow/.local/lib/python3.7/site-packages/airflow/example_dags/example_nested_branch_dag.py
[2023-01-03T03:51:20.163+0000] {logging_mixin.py:137} INFO - [2023-01-03T03:51:20.163+0000] {dag.py:2676} INFO - Sync 1 DAGs
[2023-01-03T03:51:20.246+0000] {logging_mixin.py:137} INFO - [2023-01-03T03:51:20.246+0000] {dag.py:3427} INFO - Setting next_dagrun for example_nested_branch_dag to 2023-01-02T00:00:00+00:00, run_after=2023-01-03T00:00:00+00:00
[2023-01-03T03:51:20.287+0000] {processor.py:175} INFO - Processing /home/airflow/.local/lib/python3.7/site-packages/airflow/example_dags/example_nested_branch_dag.py took 0.389 seconds
[2023-01-03T03:51:50.899+0000] {processor.py:153} INFO - Started process (PID=962) to work on /home/airflow/.local/lib/python3.7/site-packages/airflow/example_dags/example_nested_branch_dag.py
[2023-01-03T03:51:50.910+0000] {processor.py:743} INFO - Processing file /home/airflow/.local/lib/python3.7/site-packages/airflow/example_dags/example_nested_branch_dag.py for tasks to queue
[2023-01-03T03:51:50.912+0000] {logging_mixin.py:137} INFO - [2023-01-03T03:51:50.911+0000] {dagbag.py:538} INFO - Filling up the DagBag from /home/airflow/.local/lib/python3.7/site-packages/airflow/example_dags/example_nested_branch_dag.py
[2023-01-03T03:51:51.024+0000] {processor.py:753} INFO - DAG(s) dict_keys(['example_nested_branch_dag']) retrieved from /home/airflow/.local/lib/python3.7/site-packages/airflow/example_dags/example_nested_branch_dag.py
[2023-01-03T03:51:51.164+0000] {logging_mixin.py:137} INFO - [2023-01-03T03:51:51.164+0000] {dag.py:2676} INFO - Sync 1 DAGs
[2023-01-03T03:51:51.224+0000] {logging_mixin.py:137} INFO - [2023-01-03T03:51:51.224+0000] {dag.py:3427} INFO - Setting next_dagrun for example_nested_branch_dag to 2023-01-02T00:00:00+00:00, run_after=2023-01-03T00:00:00+00:00
[2023-01-03T03:51:51.267+0000] {processor.py:175} INFO - Processing /home/airflow/.local/lib/python3.7/site-packages/airflow/example_dags/example_nested_branch_dag.py took 0.371 seconds
[2023-01-03T03:52:21.348+0000] {processor.py:153} INFO - Started process (PID=1010) to work on /home/airflow/.local/lib/python3.7/site-packages/airflow/example_dags/example_nested_branch_dag.py
[2023-01-03T03:52:21.349+0000] {processor.py:743} INFO - Processing file /home/airflow/.local/lib/python3.7/site-packages/airflow/example_dags/example_nested_branch_dag.py for tasks to queue
[2023-01-03T03:52:21.350+0000] {logging_mixin.py:137} INFO - [2023-01-03T03:52:21.350+0000] {dagbag.py:538} INFO - Filling up the DagBag from /home/airflow/.local/lib/python3.7/site-packages/airflow/example_dags/example_nested_branch_dag.py
[2023-01-03T03:52:21.378+0000] {processor.py:753} INFO - DAG(s) dict_keys(['example_nested_branch_dag']) retrieved from /home/airflow/.local/lib/python3.7/site-packages/airflow/example_dags/example_nested_branch_dag.py
[2023-01-03T03:52:21.423+0000] {logging_mixin.py:137} INFO - [2023-01-03T03:52:21.422+0000] {dag.py:2676} INFO - Sync 1 DAGs
[2023-01-03T03:52:21.448+0000] {logging_mixin.py:137} INFO - [2023-01-03T03:52:21.448+0000] {dag.py:3427} INFO - Setting next_dagrun for example_nested_branch_dag to 2023-01-02T00:00:00+00:00, run_after=2023-01-03T00:00:00+00:00
[2023-01-03T03:52:21.463+0000] {processor.py:175} INFO - Processing /home/airflow/.local/lib/python3.7/site-packages/airflow/example_dags/example_nested_branch_dag.py took 0.118 seconds
[2023-01-03T03:53:00.327+0000] {processor.py:153} INFO - Started process (PID=1075) to work on /home/airflow/.local/lib/python3.7/site-packages/airflow/example_dags/example_nested_branch_dag.py
[2023-01-03T03:53:00.331+0000] {processor.py:743} INFO - Processing file /home/airflow/.local/lib/python3.7/site-packages/airflow/example_dags/example_nested_branch_dag.py for tasks to queue
[2023-01-03T03:53:00.332+0000] {logging_mixin.py:137} INFO - [2023-01-03T03:53:00.332+0000] {dagbag.py:538} INFO - Filling up the DagBag from /home/airflow/.local/lib/python3.7/site-packages/airflow/example_dags/example_nested_branch_dag.py
[2023-01-03T03:53:00.430+0000] {processor.py:753} INFO - DAG(s) dict_keys(['example_nested_branch_dag']) retrieved from /home/airflow/.local/lib/python3.7/site-packages/airflow/example_dags/example_nested_branch_dag.py
[2023-01-03T03:53:00.542+0000] {logging_mixin.py:137} INFO - [2023-01-03T03:53:00.539+0000] {dag.py:2676} INFO - Sync 1 DAGs
[2023-01-03T03:53:00.609+0000] {logging_mixin.py:137} INFO - [2023-01-03T03:53:00.609+0000] {dag.py:3427} INFO - Setting next_dagrun for example_nested_branch_dag to 2023-01-02T00:00:00+00:00, run_after=2023-01-03T00:00:00+00:00
[2023-01-03T03:53:00.668+0000] {processor.py:175} INFO - Processing /home/airflow/.local/lib/python3.7/site-packages/airflow/example_dags/example_nested_branch_dag.py took 0.351 seconds
[2023-01-03T03:53:47.058+0000] {processor.py:153} INFO - Started process (PID=1125) to work on /home/airflow/.local/lib/python3.7/site-packages/airflow/example_dags/example_nested_branch_dag.py
[2023-01-03T03:53:47.062+0000] {processor.py:743} INFO - Processing file /home/airflow/.local/lib/python3.7/site-packages/airflow/example_dags/example_nested_branch_dag.py for tasks to queue
[2023-01-03T03:53:47.064+0000] {logging_mixin.py:137} INFO - [2023-01-03T03:53:47.063+0000] {dagbag.py:538} INFO - Filling up the DagBag from /home/airflow/.local/lib/python3.7/site-packages/airflow/example_dags/example_nested_branch_dag.py
[2023-01-03T03:53:47.180+0000] {processor.py:753} INFO - DAG(s) dict_keys(['example_nested_branch_dag']) retrieved from /home/airflow/.local/lib/python3.7/site-packages/airflow/example_dags/example_nested_branch_dag.py
[2023-01-03T03:53:47.336+0000] {logging_mixin.py:137} INFO - [2023-01-03T03:53:47.335+0000] {dag.py:2676} INFO - Sync 1 DAGs
[2023-01-03T03:53:47.399+0000] {logging_mixin.py:137} INFO - [2023-01-03T03:53:47.399+0000] {dag.py:3427} INFO - Setting next_dagrun for example_nested_branch_dag to 2023-01-02T00:00:00+00:00, run_after=2023-01-03T00:00:00+00:00
[2023-01-03T03:53:47.456+0000] {processor.py:175} INFO - Processing /home/airflow/.local/lib/python3.7/site-packages/airflow/example_dags/example_nested_branch_dag.py took 0.421 seconds
[2023-01-03T03:54:20.224+0000] {processor.py:153} INFO - Started process (PID=1187) to work on /home/airflow/.local/lib/python3.7/site-packages/airflow/example_dags/example_nested_branch_dag.py
[2023-01-03T03:54:20.233+0000] {processor.py:743} INFO - Processing file /home/airflow/.local/lib/python3.7/site-packages/airflow/example_dags/example_nested_branch_dag.py for tasks to queue
[2023-01-03T03:54:20.235+0000] {logging_mixin.py:137} INFO - [2023-01-03T03:54:20.234+0000] {dagbag.py:538} INFO - Filling up the DagBag from /home/airflow/.local/lib/python3.7/site-packages/airflow/example_dags/example_nested_branch_dag.py
[2023-01-03T03:54:20.346+0000] {processor.py:753} INFO - DAG(s) dict_keys(['example_nested_branch_dag']) retrieved from /home/airflow/.local/lib/python3.7/site-packages/airflow/example_dags/example_nested_branch_dag.py
[2023-01-03T03:54:20.477+0000] {logging_mixin.py:137} INFO - [2023-01-03T03:54:20.476+0000] {dag.py:2676} INFO - Sync 1 DAGs
[2023-01-03T03:54:20.558+0000] {logging_mixin.py:137} INFO - [2023-01-03T03:54:20.555+0000] {dag.py:3427} INFO - Setting next_dagrun for example_nested_branch_dag to 2023-01-02T00:00:00+00:00, run_after=2023-01-03T00:00:00+00:00
[2023-01-03T03:54:20.637+0000] {processor.py:175} INFO - Processing /home/airflow/.local/lib/python3.7/site-packages/airflow/example_dags/example_nested_branch_dag.py took 0.418 seconds
[2023-01-03T03:56:28.318+0000] {processor.py:153} INFO - Started process (PID=1293) to work on /home/airflow/.local/lib/python3.7/site-packages/airflow/example_dags/example_nested_branch_dag.py
[2023-01-03T03:56:28.353+0000] {processor.py:743} INFO - Processing file /home/airflow/.local/lib/python3.7/site-packages/airflow/example_dags/example_nested_branch_dag.py for tasks to queue
[2023-01-03T03:56:28.364+0000] {logging_mixin.py:137} INFO - [2023-01-03T03:56:28.363+0000] {dagbag.py:538} INFO - Filling up the DagBag from /home/airflow/.local/lib/python3.7/site-packages/airflow/example_dags/example_nested_branch_dag.py
[2023-01-03T03:56:33.892+0000] {processor.py:753} INFO - DAG(s) dict_keys(['example_nested_branch_dag']) retrieved from /home/airflow/.local/lib/python3.7/site-packages/airflow/example_dags/example_nested_branch_dag.py
[2023-01-03T03:56:49.684+0000] {logging_mixin.py:137} INFO - [2023-01-03T03:56:49.664+0000] {dag.py:2676} INFO - Sync 1 DAGs
[2023-01-03T03:56:52.154+0000] {logging_mixin.py:137} INFO - [2023-01-03T03:56:52.153+0000] {dag.py:3427} INFO - Setting next_dagrun for example_nested_branch_dag to 2023-01-02T00:00:00+00:00, run_after=2023-01-03T00:00:00+00:00
[2023-01-03T03:56:58.920+0000] {processor.py:175} INFO - Processing /home/airflow/.local/lib/python3.7/site-packages/airflow/example_dags/example_nested_branch_dag.py took 30.332 seconds
[2023-01-03T04:04:27.301+0000] {processor.py:153} INFO - Started process (PID=183) to work on /home/airflow/.local/lib/python3.7/site-packages/airflow/example_dags/example_nested_branch_dag.py
[2023-01-03T04:04:27.330+0000] {processor.py:743} INFO - Processing file /home/airflow/.local/lib/python3.7/site-packages/airflow/example_dags/example_nested_branch_dag.py for tasks to queue
[2023-01-03T04:04:27.347+0000] {logging_mixin.py:137} INFO - [2023-01-03T04:04:27.346+0000] {dagbag.py:538} INFO - Filling up the DagBag from /home/airflow/.local/lib/python3.7/site-packages/airflow/example_dags/example_nested_branch_dag.py
[2023-01-03T04:04:28.442+0000] {processor.py:753} INFO - DAG(s) dict_keys(['example_nested_branch_dag']) retrieved from /home/airflow/.local/lib/python3.7/site-packages/airflow/example_dags/example_nested_branch_dag.py
[2023-01-03T04:04:29.887+0000] {logging_mixin.py:137} INFO - [2023-01-03T04:04:29.886+0000] {dag.py:2676} INFO - Sync 1 DAGs
[2023-01-03T04:04:30.718+0000] {logging_mixin.py:137} INFO - [2023-01-03T04:04:30.718+0000] {dag.py:3427} INFO - Setting next_dagrun for example_nested_branch_dag to 2023-01-02T00:00:00+00:00, run_after=2023-01-03T00:00:00+00:00
[2023-01-03T04:04:31.720+0000] {processor.py:175} INFO - Processing /home/airflow/.local/lib/python3.7/site-packages/airflow/example_dags/example_nested_branch_dag.py took 4.501 seconds
[2023-01-03T04:09:30.662+0000] {processor.py:153} INFO - Started process (PID=105) to work on /home/airflow/.local/lib/python3.7/site-packages/airflow/example_dags/example_nested_branch_dag.py
[2023-01-03T04:09:30.664+0000] {processor.py:743} INFO - Processing file /home/airflow/.local/lib/python3.7/site-packages/airflow/example_dags/example_nested_branch_dag.py for tasks to queue
[2023-01-03T04:09:30.665+0000] {logging_mixin.py:137} INFO - [2023-01-03T04:09:30.665+0000] {dagbag.py:538} INFO - Filling up the DagBag from /home/airflow/.local/lib/python3.7/site-packages/airflow/example_dags/example_nested_branch_dag.py
[2023-01-03T04:09:30.769+0000] {processor.py:753} INFO - DAG(s) dict_keys(['example_nested_branch_dag']) retrieved from /home/airflow/.local/lib/python3.7/site-packages/airflow/example_dags/example_nested_branch_dag.py
[2023-01-03T04:09:30.942+0000] {logging_mixin.py:137} INFO - [2023-01-03T04:09:30.941+0000] {dag.py:2676} INFO - Sync 1 DAGs
[2023-01-03T04:09:31.043+0000] {logging_mixin.py:137} INFO - [2023-01-03T04:09:31.042+0000] {dag.py:3427} INFO - Setting next_dagrun for example_nested_branch_dag to 2023-01-02T00:00:00+00:00, run_after=2023-01-03T00:00:00+00:00
[2023-01-03T04:09:31.125+0000] {processor.py:175} INFO - Processing /home/airflow/.local/lib/python3.7/site-packages/airflow/example_dags/example_nested_branch_dag.py took 0.489 seconds
[2023-01-03T04:10:01.653+0000] {processor.py:153} INFO - Started process (PID=167) to work on /home/airflow/.local/lib/python3.7/site-packages/airflow/example_dags/example_nested_branch_dag.py
[2023-01-03T04:10:01.655+0000] {processor.py:743} INFO - Processing file /home/airflow/.local/lib/python3.7/site-packages/airflow/example_dags/example_nested_branch_dag.py for tasks to queue
[2023-01-03T04:10:01.656+0000] {logging_mixin.py:137} INFO - [2023-01-03T04:10:01.656+0000] {dagbag.py:538} INFO - Filling up the DagBag from /home/airflow/.local/lib/python3.7/site-packages/airflow/example_dags/example_nested_branch_dag.py
[2023-01-03T04:10:01.682+0000] {processor.py:753} INFO - DAG(s) dict_keys(['example_nested_branch_dag']) retrieved from /home/airflow/.local/lib/python3.7/site-packages/airflow/example_dags/example_nested_branch_dag.py
[2023-01-03T04:10:01.733+0000] {logging_mixin.py:137} INFO - [2023-01-03T04:10:01.733+0000] {dag.py:2676} INFO - Sync 1 DAGs
[2023-01-03T04:10:01.779+0000] {logging_mixin.py:137} INFO - [2023-01-03T04:10:01.779+0000] {dag.py:3427} INFO - Setting next_dagrun for example_nested_branch_dag to 2023-01-02T00:00:00+00:00, run_after=2023-01-03T00:00:00+00:00
[2023-01-03T04:10:01.824+0000] {processor.py:175} INFO - Processing /home/airflow/.local/lib/python3.7/site-packages/airflow/example_dags/example_nested_branch_dag.py took 0.175 seconds
[2023-01-03T04:10:42.769+0000] {processor.py:153} INFO - Started process (PID=238) to work on /home/airflow/.local/lib/python3.7/site-packages/airflow/example_dags/example_nested_branch_dag.py
[2023-01-03T04:10:42.772+0000] {processor.py:743} INFO - Processing file /home/airflow/.local/lib/python3.7/site-packages/airflow/example_dags/example_nested_branch_dag.py for tasks to queue
[2023-01-03T04:10:42.774+0000] {logging_mixin.py:137} INFO - [2023-01-03T04:10:42.773+0000] {dagbag.py:538} INFO - Filling up the DagBag from /home/airflow/.local/lib/python3.7/site-packages/airflow/example_dags/example_nested_branch_dag.py
[2023-01-03T04:10:42.924+0000] {processor.py:753} INFO - DAG(s) dict_keys(['example_nested_branch_dag']) retrieved from /home/airflow/.local/lib/python3.7/site-packages/airflow/example_dags/example_nested_branch_dag.py
[2023-01-03T04:10:43.212+0000] {logging_mixin.py:137} INFO - [2023-01-03T04:10:43.212+0000] {dag.py:2676} INFO - Sync 1 DAGs
[2023-01-03T04:10:43.354+0000] {logging_mixin.py:137} INFO - [2023-01-03T04:10:43.354+0000] {dag.py:3427} INFO - Setting next_dagrun for example_nested_branch_dag to 2023-01-02T00:00:00+00:00, run_after=2023-01-03T00:00:00+00:00
[2023-01-03T04:10:43.491+0000] {processor.py:175} INFO - Processing /home/airflow/.local/lib/python3.7/site-packages/airflow/example_dags/example_nested_branch_dag.py took 0.735 seconds
[2023-01-03T04:11:14.278+0000] {processor.py:153} INFO - Started process (PID=290) to work on /home/airflow/.local/lib/python3.7/site-packages/airflow/example_dags/example_nested_branch_dag.py
[2023-01-03T04:11:14.280+0000] {processor.py:743} INFO - Processing file /home/airflow/.local/lib/python3.7/site-packages/airflow/example_dags/example_nested_branch_dag.py for tasks to queue
[2023-01-03T04:11:14.282+0000] {logging_mixin.py:137} INFO - [2023-01-03T04:11:14.281+0000] {dagbag.py:538} INFO - Filling up the DagBag from /home/airflow/.local/lib/python3.7/site-packages/airflow/example_dags/example_nested_branch_dag.py
[2023-01-03T04:11:14.374+0000] {processor.py:753} INFO - DAG(s) dict_keys(['example_nested_branch_dag']) retrieved from /home/airflow/.local/lib/python3.7/site-packages/airflow/example_dags/example_nested_branch_dag.py
[2023-01-03T04:11:15.011+0000] {logging_mixin.py:137} INFO - [2023-01-03T04:11:15.011+0000] {dag.py:2676} INFO - Sync 1 DAGs
[2023-01-03T04:11:15.176+0000] {logging_mixin.py:137} INFO - [2023-01-03T04:11:15.175+0000] {dag.py:3427} INFO - Setting next_dagrun for example_nested_branch_dag to 2023-01-02T00:00:00+00:00, run_after=2023-01-03T00:00:00+00:00
[2023-01-03T04:11:15.253+0000] {processor.py:175} INFO - Processing /home/airflow/.local/lib/python3.7/site-packages/airflow/example_dags/example_nested_branch_dag.py took 0.980 seconds
[2023-01-03T04:11:46.462+0000] {processor.py:153} INFO - Started process (PID=351) to work on /home/airflow/.local/lib/python3.7/site-packages/airflow/example_dags/example_nested_branch_dag.py
[2023-01-03T04:11:46.467+0000] {processor.py:743} INFO - Processing file /home/airflow/.local/lib/python3.7/site-packages/airflow/example_dags/example_nested_branch_dag.py for tasks to queue
[2023-01-03T04:11:46.473+0000] {logging_mixin.py:137} INFO - [2023-01-03T04:11:46.473+0000] {dagbag.py:538} INFO - Filling up the DagBag from /home/airflow/.local/lib/python3.7/site-packages/airflow/example_dags/example_nested_branch_dag.py
[2023-01-03T04:11:46.669+0000] {processor.py:753} INFO - DAG(s) dict_keys(['example_nested_branch_dag']) retrieved from /home/airflow/.local/lib/python3.7/site-packages/airflow/example_dags/example_nested_branch_dag.py
[2023-01-03T04:11:46.952+0000] {logging_mixin.py:137} INFO - [2023-01-03T04:11:46.951+0000] {dag.py:2676} INFO - Sync 1 DAGs
[2023-01-03T04:11:47.113+0000] {logging_mixin.py:137} INFO - [2023-01-03T04:11:47.113+0000] {dag.py:3427} INFO - Setting next_dagrun for example_nested_branch_dag to 2023-01-02T00:00:00+00:00, run_after=2023-01-03T00:00:00+00:00
[2023-01-03T04:11:47.205+0000] {processor.py:175} INFO - Processing /home/airflow/.local/lib/python3.7/site-packages/airflow/example_dags/example_nested_branch_dag.py took 0.764 seconds
[2023-01-03T04:13:38.161+0000] {processor.py:153} INFO - Started process (PID=454) to work on /home/airflow/.local/lib/python3.7/site-packages/airflow/example_dags/example_nested_branch_dag.py
[2023-01-03T04:13:38.174+0000] {processor.py:743} INFO - Processing file /home/airflow/.local/lib/python3.7/site-packages/airflow/example_dags/example_nested_branch_dag.py for tasks to queue
[2023-01-03T04:13:38.178+0000] {logging_mixin.py:137} INFO - [2023-01-03T04:13:38.177+0000] {dagbag.py:538} INFO - Filling up the DagBag from /home/airflow/.local/lib/python3.7/site-packages/airflow/example_dags/example_nested_branch_dag.py
[2023-01-03T04:13:38.439+0000] {processor.py:753} INFO - DAG(s) dict_keys(['example_nested_branch_dag']) retrieved from /home/airflow/.local/lib/python3.7/site-packages/airflow/example_dags/example_nested_branch_dag.py
[2023-01-03T04:13:39.806+0000] {logging_mixin.py:137} INFO - [2023-01-03T04:13:39.800+0000] {dag.py:2676} INFO - Sync 1 DAGs
[2023-01-03T04:13:40.660+0000] {logging_mixin.py:137} INFO - [2023-01-03T04:13:40.584+0000] {dag.py:3427} INFO - Setting next_dagrun for example_nested_branch_dag to 2023-01-02T00:00:00+00:00, run_after=2023-01-03T00:00:00+00:00
[2023-01-03T04:13:41.223+0000] {processor.py:175} INFO - Processing /home/airflow/.local/lib/python3.7/site-packages/airflow/example_dags/example_nested_branch_dag.py took 3.066 seconds
