[2023-01-03T03:44:28.613+0000] {processor.py:153} INFO - Started process (PID=54) to work on /home/airflow/.local/lib/python3.7/site-packages/airflow/example_dags/example_python_operator.py
[2023-01-03T03:44:28.615+0000] {processor.py:743} INFO - Processing file /home/airflow/.local/lib/python3.7/site-packages/airflow/example_dags/example_python_operator.py for tasks to queue
[2023-01-03T03:44:28.620+0000] {logging_mixin.py:137} INFO - [2023-01-03T03:44:28.620+0000] {dagbag.py:538} INFO - Filling up the DagBag from /home/airflow/.local/lib/python3.7/site-packages/airflow/example_dags/example_python_operator.py
[2023-01-03T03:44:28.685+0000] {logging_mixin.py:137} INFO - [2023-01-03T03:44:28.685+0000] {taskmixin.py:205} WARNING - Dependency <Task(_PythonDecoratedOperator): print_the_context>, log_sql_query already registered for DAG: example_python_operator
[2023-01-03T03:44:28.690+0000] {logging_mixin.py:137} INFO - [2023-01-03T03:44:28.690+0000] {taskmixin.py:205} WARNING - Dependency <Task(_PythonDecoratedOperator): log_sql_query>, print_the_context already registered for DAG: example_python_operator
[2023-01-03T03:44:28.694+0000] {logging_mixin.py:137} INFO - [2023-01-03T03:44:28.693+0000] {taskmixin.py:205} WARNING - Dependency <Task(_PythonDecoratedOperator): print_the_context>, log_sql_query already registered for DAG: example_python_operator
[2023-01-03T03:44:28.696+0000] {logging_mixin.py:137} INFO - [2023-01-03T03:44:28.696+0000] {taskmixin.py:205} WARNING - Dependency <Task(_PythonDecoratedOperator): log_sql_query>, print_the_context already registered for DAG: example_python_operator
[2023-01-03T03:44:28.700+0000] {logging_mixin.py:137} INFO - [2023-01-03T03:44:28.700+0000] {taskmixin.py:205} WARNING - Dependency <Task(_PythonDecoratedOperator): print_the_context>, log_sql_query already registered for DAG: example_python_operator
[2023-01-03T03:44:28.702+0000] {logging_mixin.py:137} INFO - [2023-01-03T03:44:28.702+0000] {taskmixin.py:205} WARNING - Dependency <Task(_PythonDecoratedOperator): log_sql_query>, print_the_context already registered for DAG: example_python_operator
[2023-01-03T03:44:28.703+0000] {logging_mixin.py:137} INFO - [2023-01-03T03:44:28.703+0000] {taskmixin.py:205} WARNING - Dependency <Task(_PythonDecoratedOperator): print_the_context>, log_sql_query already registered for DAG: example_python_operator
[2023-01-03T03:44:28.703+0000] {logging_mixin.py:137} INFO - [2023-01-03T03:44:28.703+0000] {taskmixin.py:205} WARNING - Dependency <Task(_PythonDecoratedOperator): log_sql_query>, print_the_context already registered for DAG: example_python_operator
[2023-01-03T03:44:28.730+0000] {processor.py:753} INFO - DAG(s) dict_keys(['example_python_operator']) retrieved from /home/airflow/.local/lib/python3.7/site-packages/airflow/example_dags/example_python_operator.py
[2023-01-03T03:44:28.812+0000] {logging_mixin.py:137} INFO - [2023-01-03T03:44:28.811+0000] {dag.py:2676} INFO - Sync 1 DAGs
[2023-01-03T03:44:28.908+0000] {logging_mixin.py:137} INFO - [2023-01-03T03:44:28.908+0000] {dag.py:3427} INFO - Setting next_dagrun for example_python_operator to None, run_after=None
[2023-01-03T03:44:29.027+0000] {processor.py:175} INFO - Processing /home/airflow/.local/lib/python3.7/site-packages/airflow/example_dags/example_python_operator.py took 0.425 seconds
[2023-01-03T03:44:59.697+0000] {processor.py:153} INFO - Started process (PID=115) to work on /home/airflow/.local/lib/python3.7/site-packages/airflow/example_dags/example_python_operator.py
[2023-01-03T03:44:59.699+0000] {processor.py:743} INFO - Processing file /home/airflow/.local/lib/python3.7/site-packages/airflow/example_dags/example_python_operator.py for tasks to queue
[2023-01-03T03:44:59.700+0000] {logging_mixin.py:137} INFO - [2023-01-03T03:44:59.700+0000] {dagbag.py:538} INFO - Filling up the DagBag from /home/airflow/.local/lib/python3.7/site-packages/airflow/example_dags/example_python_operator.py
[2023-01-03T03:44:59.738+0000] {logging_mixin.py:137} INFO - [2023-01-03T03:44:59.738+0000] {taskmixin.py:205} WARNING - Dependency <Task(_PythonDecoratedOperator): print_the_context>, log_sql_query already registered for DAG: example_python_operator
[2023-01-03T03:44:59.740+0000] {logging_mixin.py:137} INFO - [2023-01-03T03:44:59.740+0000] {taskmixin.py:205} WARNING - Dependency <Task(_PythonDecoratedOperator): log_sql_query>, print_the_context already registered for DAG: example_python_operator
[2023-01-03T03:44:59.741+0000] {logging_mixin.py:137} INFO - [2023-01-03T03:44:59.741+0000] {taskmixin.py:205} WARNING - Dependency <Task(_PythonDecoratedOperator): print_the_context>, log_sql_query already registered for DAG: example_python_operator
[2023-01-03T03:44:59.742+0000] {logging_mixin.py:137} INFO - [2023-01-03T03:44:59.742+0000] {taskmixin.py:205} WARNING - Dependency <Task(_PythonDecoratedOperator): log_sql_query>, print_the_context already registered for DAG: example_python_operator
[2023-01-03T03:44:59.743+0000] {logging_mixin.py:137} INFO - [2023-01-03T03:44:59.743+0000] {taskmixin.py:205} WARNING - Dependency <Task(_PythonDecoratedOperator): print_the_context>, log_sql_query already registered for DAG: example_python_operator
[2023-01-03T03:44:59.743+0000] {logging_mixin.py:137} INFO - [2023-01-03T03:44:59.743+0000] {taskmixin.py:205} WARNING - Dependency <Task(_PythonDecoratedOperator): log_sql_query>, print_the_context already registered for DAG: example_python_operator
[2023-01-03T03:44:59.744+0000] {logging_mixin.py:137} INFO - [2023-01-03T03:44:59.744+0000] {taskmixin.py:205} WARNING - Dependency <Task(_PythonDecoratedOperator): print_the_context>, log_sql_query already registered for DAG: example_python_operator
[2023-01-03T03:44:59.745+0000] {logging_mixin.py:137} INFO - [2023-01-03T03:44:59.745+0000] {taskmixin.py:205} WARNING - Dependency <Task(_PythonDecoratedOperator): log_sql_query>, print_the_context already registered for DAG: example_python_operator
[2023-01-03T03:44:59.760+0000] {processor.py:753} INFO - DAG(s) dict_keys(['example_python_operator']) retrieved from /home/airflow/.local/lib/python3.7/site-packages/airflow/example_dags/example_python_operator.py
[2023-01-03T03:44:59.920+0000] {logging_mixin.py:137} INFO - [2023-01-03T03:44:59.920+0000] {dag.py:2676} INFO - Sync 1 DAGs
[2023-01-03T03:44:59.949+0000] {logging_mixin.py:137} INFO - [2023-01-03T03:44:59.949+0000] {dag.py:3427} INFO - Setting next_dagrun for example_python_operator to None, run_after=None
[2023-01-03T03:44:59.989+0000] {processor.py:175} INFO - Processing /home/airflow/.local/lib/python3.7/site-packages/airflow/example_dags/example_python_operator.py took 0.302 seconds
[2023-01-03T03:45:30.839+0000] {processor.py:153} INFO - Started process (PID=177) to work on /home/airflow/.local/lib/python3.7/site-packages/airflow/example_dags/example_python_operator.py
[2023-01-03T03:45:30.840+0000] {processor.py:743} INFO - Processing file /home/airflow/.local/lib/python3.7/site-packages/airflow/example_dags/example_python_operator.py for tasks to queue
[2023-01-03T03:45:30.841+0000] {logging_mixin.py:137} INFO - [2023-01-03T03:45:30.841+0000] {dagbag.py:538} INFO - Filling up the DagBag from /home/airflow/.local/lib/python3.7/site-packages/airflow/example_dags/example_python_operator.py
[2023-01-03T03:45:30.904+0000] {logging_mixin.py:137} INFO - [2023-01-03T03:45:30.903+0000] {taskmixin.py:205} WARNING - Dependency <Task(_PythonDecoratedOperator): print_the_context>, log_sql_query already registered for DAG: example_python_operator
[2023-01-03T03:45:30.904+0000] {logging_mixin.py:137} INFO - [2023-01-03T03:45:30.904+0000] {taskmixin.py:205} WARNING - Dependency <Task(_PythonDecoratedOperator): log_sql_query>, print_the_context already registered for DAG: example_python_operator
[2023-01-03T03:45:30.908+0000] {logging_mixin.py:137} INFO - [2023-01-03T03:45:30.908+0000] {taskmixin.py:205} WARNING - Dependency <Task(_PythonDecoratedOperator): print_the_context>, log_sql_query already registered for DAG: example_python_operator
[2023-01-03T03:45:30.912+0000] {logging_mixin.py:137} INFO - [2023-01-03T03:45:30.911+0000] {taskmixin.py:205} WARNING - Dependency <Task(_PythonDecoratedOperator): log_sql_query>, print_the_context already registered for DAG: example_python_operator
[2023-01-03T03:45:30.913+0000] {logging_mixin.py:137} INFO - [2023-01-03T03:45:30.913+0000] {taskmixin.py:205} WARNING - Dependency <Task(_PythonDecoratedOperator): print_the_context>, log_sql_query already registered for DAG: example_python_operator
[2023-01-03T03:45:30.913+0000] {logging_mixin.py:137} INFO - [2023-01-03T03:45:30.913+0000] {taskmixin.py:205} WARNING - Dependency <Task(_PythonDecoratedOperator): log_sql_query>, print_the_context already registered for DAG: example_python_operator
[2023-01-03T03:45:30.914+0000] {logging_mixin.py:137} INFO - [2023-01-03T03:45:30.914+0000] {taskmixin.py:205} WARNING - Dependency <Task(_PythonDecoratedOperator): print_the_context>, log_sql_query already registered for DAG: example_python_operator
[2023-01-03T03:45:30.914+0000] {logging_mixin.py:137} INFO - [2023-01-03T03:45:30.914+0000] {taskmixin.py:205} WARNING - Dependency <Task(_PythonDecoratedOperator): log_sql_query>, print_the_context already registered for DAG: example_python_operator
[2023-01-03T03:45:30.920+0000] {processor.py:753} INFO - DAG(s) dict_keys(['example_python_operator']) retrieved from /home/airflow/.local/lib/python3.7/site-packages/airflow/example_dags/example_python_operator.py
[2023-01-03T03:45:31.025+0000] {logging_mixin.py:137} INFO - [2023-01-03T03:45:31.025+0000] {dag.py:2676} INFO - Sync 1 DAGs
[2023-01-03T03:45:31.100+0000] {logging_mixin.py:137} INFO - [2023-01-03T03:45:31.100+0000] {dag.py:3427} INFO - Setting next_dagrun for example_python_operator to None, run_after=None
[2023-01-03T03:45:31.135+0000] {processor.py:175} INFO - Processing /home/airflow/.local/lib/python3.7/site-packages/airflow/example_dags/example_python_operator.py took 0.305 seconds
[2023-01-03T03:46:01.698+0000] {processor.py:153} INFO - Started process (PID=253) to work on /home/airflow/.local/lib/python3.7/site-packages/airflow/example_dags/example_python_operator.py
[2023-01-03T03:46:01.699+0000] {processor.py:743} INFO - Processing file /home/airflow/.local/lib/python3.7/site-packages/airflow/example_dags/example_python_operator.py for tasks to queue
[2023-01-03T03:46:01.700+0000] {logging_mixin.py:137} INFO - [2023-01-03T03:46:01.700+0000] {dagbag.py:538} INFO - Filling up the DagBag from /home/airflow/.local/lib/python3.7/site-packages/airflow/example_dags/example_python_operator.py
[2023-01-03T03:46:01.740+0000] {logging_mixin.py:137} INFO - [2023-01-03T03:46:01.740+0000] {taskmixin.py:205} WARNING - Dependency <Task(_PythonDecoratedOperator): print_the_context>, log_sql_query already registered for DAG: example_python_operator
[2023-01-03T03:46:01.744+0000] {logging_mixin.py:137} INFO - [2023-01-03T03:46:01.744+0000] {taskmixin.py:205} WARNING - Dependency <Task(_PythonDecoratedOperator): log_sql_query>, print_the_context already registered for DAG: example_python_operator
[2023-01-03T03:46:01.748+0000] {logging_mixin.py:137} INFO - [2023-01-03T03:46:01.748+0000] {taskmixin.py:205} WARNING - Dependency <Task(_PythonDecoratedOperator): print_the_context>, log_sql_query already registered for DAG: example_python_operator
[2023-01-03T03:46:01.750+0000] {logging_mixin.py:137} INFO - [2023-01-03T03:46:01.750+0000] {taskmixin.py:205} WARNING - Dependency <Task(_PythonDecoratedOperator): log_sql_query>, print_the_context already registered for DAG: example_python_operator
[2023-01-03T03:46:01.751+0000] {logging_mixin.py:137} INFO - [2023-01-03T03:46:01.751+0000] {taskmixin.py:205} WARNING - Dependency <Task(_PythonDecoratedOperator): print_the_context>, log_sql_query already registered for DAG: example_python_operator
[2023-01-03T03:46:01.753+0000] {logging_mixin.py:137} INFO - [2023-01-03T03:46:01.753+0000] {taskmixin.py:205} WARNING - Dependency <Task(_PythonDecoratedOperator): log_sql_query>, print_the_context already registered for DAG: example_python_operator
[2023-01-03T03:46:01.754+0000] {logging_mixin.py:137} INFO - [2023-01-03T03:46:01.754+0000] {taskmixin.py:205} WARNING - Dependency <Task(_PythonDecoratedOperator): print_the_context>, log_sql_query already registered for DAG: example_python_operator
[2023-01-03T03:46:01.754+0000] {logging_mixin.py:137} INFO - [2023-01-03T03:46:01.754+0000] {taskmixin.py:205} WARNING - Dependency <Task(_PythonDecoratedOperator): log_sql_query>, print_the_context already registered for DAG: example_python_operator
[2023-01-03T03:46:01.761+0000] {processor.py:753} INFO - DAG(s) dict_keys(['example_python_operator']) retrieved from /home/airflow/.local/lib/python3.7/site-packages/airflow/example_dags/example_python_operator.py
[2023-01-03T03:46:01.852+0000] {logging_mixin.py:137} INFO - [2023-01-03T03:46:01.852+0000] {dag.py:2676} INFO - Sync 1 DAGs
[2023-01-03T03:46:01.899+0000] {logging_mixin.py:137} INFO - [2023-01-03T03:46:01.899+0000] {dag.py:3427} INFO - Setting next_dagrun for example_python_operator to None, run_after=None
[2023-01-03T03:46:01.942+0000] {processor.py:175} INFO - Processing /home/airflow/.local/lib/python3.7/site-packages/airflow/example_dags/example_python_operator.py took 0.250 seconds
[2023-01-03T03:46:32.581+0000] {processor.py:153} INFO - Started process (PID=313) to work on /home/airflow/.local/lib/python3.7/site-packages/airflow/example_dags/example_python_operator.py
[2023-01-03T03:46:32.593+0000] {processor.py:743} INFO - Processing file /home/airflow/.local/lib/python3.7/site-packages/airflow/example_dags/example_python_operator.py for tasks to queue
[2023-01-03T03:46:32.599+0000] {logging_mixin.py:137} INFO - [2023-01-03T03:46:32.598+0000] {dagbag.py:538} INFO - Filling up the DagBag from /home/airflow/.local/lib/python3.7/site-packages/airflow/example_dags/example_python_operator.py
[2023-01-03T03:46:32.683+0000] {logging_mixin.py:137} INFO - [2023-01-03T03:46:32.680+0000] {taskmixin.py:205} WARNING - Dependency <Task(_PythonDecoratedOperator): print_the_context>, log_sql_query already registered for DAG: example_python_operator
[2023-01-03T03:46:32.685+0000] {logging_mixin.py:137} INFO - [2023-01-03T03:46:32.685+0000] {taskmixin.py:205} WARNING - Dependency <Task(_PythonDecoratedOperator): log_sql_query>, print_the_context already registered for DAG: example_python_operator
[2023-01-03T03:46:32.688+0000] {logging_mixin.py:137} INFO - [2023-01-03T03:46:32.688+0000] {taskmixin.py:205} WARNING - Dependency <Task(_PythonDecoratedOperator): print_the_context>, log_sql_query already registered for DAG: example_python_operator
[2023-01-03T03:46:32.690+0000] {logging_mixin.py:137} INFO - [2023-01-03T03:46:32.690+0000] {taskmixin.py:205} WARNING - Dependency <Task(_PythonDecoratedOperator): log_sql_query>, print_the_context already registered for DAG: example_python_operator
[2023-01-03T03:46:32.691+0000] {logging_mixin.py:137} INFO - [2023-01-03T03:46:32.691+0000] {taskmixin.py:205} WARNING - Dependency <Task(_PythonDecoratedOperator): print_the_context>, log_sql_query already registered for DAG: example_python_operator
[2023-01-03T03:46:32.692+0000] {logging_mixin.py:137} INFO - [2023-01-03T03:46:32.692+0000] {taskmixin.py:205} WARNING - Dependency <Task(_PythonDecoratedOperator): log_sql_query>, print_the_context already registered for DAG: example_python_operator
[2023-01-03T03:46:32.693+0000] {logging_mixin.py:137} INFO - [2023-01-03T03:46:32.693+0000] {taskmixin.py:205} WARNING - Dependency <Task(_PythonDecoratedOperator): print_the_context>, log_sql_query already registered for DAG: example_python_operator
[2023-01-03T03:46:32.694+0000] {logging_mixin.py:137} INFO - [2023-01-03T03:46:32.694+0000] {taskmixin.py:205} WARNING - Dependency <Task(_PythonDecoratedOperator): log_sql_query>, print_the_context already registered for DAG: example_python_operator
[2023-01-03T03:46:32.707+0000] {processor.py:753} INFO - DAG(s) dict_keys(['example_python_operator']) retrieved from /home/airflow/.local/lib/python3.7/site-packages/airflow/example_dags/example_python_operator.py
[2023-01-03T03:46:32.793+0000] {logging_mixin.py:137} INFO - [2023-01-03T03:46:32.792+0000] {dag.py:2676} INFO - Sync 1 DAGs
[2023-01-03T03:46:32.846+0000] {logging_mixin.py:137} INFO - [2023-01-03T03:46:32.846+0000] {dag.py:3427} INFO - Setting next_dagrun for example_python_operator to None, run_after=None
[2023-01-03T03:46:32.901+0000] {processor.py:175} INFO - Processing /home/airflow/.local/lib/python3.7/site-packages/airflow/example_dags/example_python_operator.py took 0.327 seconds
[2023-01-03T03:47:03.734+0000] {processor.py:153} INFO - Started process (PID=375) to work on /home/airflow/.local/lib/python3.7/site-packages/airflow/example_dags/example_python_operator.py
[2023-01-03T03:47:03.740+0000] {processor.py:743} INFO - Processing file /home/airflow/.local/lib/python3.7/site-packages/airflow/example_dags/example_python_operator.py for tasks to queue
[2023-01-03T03:47:03.742+0000] {logging_mixin.py:137} INFO - [2023-01-03T03:47:03.742+0000] {dagbag.py:538} INFO - Filling up the DagBag from /home/airflow/.local/lib/python3.7/site-packages/airflow/example_dags/example_python_operator.py
[2023-01-03T03:47:03.787+0000] {logging_mixin.py:137} INFO - [2023-01-03T03:47:03.787+0000] {taskmixin.py:205} WARNING - Dependency <Task(_PythonDecoratedOperator): print_the_context>, log_sql_query already registered for DAG: example_python_operator
[2023-01-03T03:47:03.789+0000] {logging_mixin.py:137} INFO - [2023-01-03T03:47:03.789+0000] {taskmixin.py:205} WARNING - Dependency <Task(_PythonDecoratedOperator): log_sql_query>, print_the_context already registered for DAG: example_python_operator
[2023-01-03T03:47:03.791+0000] {logging_mixin.py:137} INFO - [2023-01-03T03:47:03.791+0000] {taskmixin.py:205} WARNING - Dependency <Task(_PythonDecoratedOperator): print_the_context>, log_sql_query already registered for DAG: example_python_operator
[2023-01-03T03:47:03.792+0000] {logging_mixin.py:137} INFO - [2023-01-03T03:47:03.792+0000] {taskmixin.py:205} WARNING - Dependency <Task(_PythonDecoratedOperator): log_sql_query>, print_the_context already registered for DAG: example_python_operator
[2023-01-03T03:47:03.795+0000] {logging_mixin.py:137} INFO - [2023-01-03T03:47:03.795+0000] {taskmixin.py:205} WARNING - Dependency <Task(_PythonDecoratedOperator): print_the_context>, log_sql_query already registered for DAG: example_python_operator
[2023-01-03T03:47:03.797+0000] {logging_mixin.py:137} INFO - [2023-01-03T03:47:03.797+0000] {taskmixin.py:205} WARNING - Dependency <Task(_PythonDecoratedOperator): log_sql_query>, print_the_context already registered for DAG: example_python_operator
[2023-01-03T03:47:03.798+0000] {logging_mixin.py:137} INFO - [2023-01-03T03:47:03.798+0000] {taskmixin.py:205} WARNING - Dependency <Task(_PythonDecoratedOperator): print_the_context>, log_sql_query already registered for DAG: example_python_operator
[2023-01-03T03:47:03.799+0000] {logging_mixin.py:137} INFO - [2023-01-03T03:47:03.799+0000] {taskmixin.py:205} WARNING - Dependency <Task(_PythonDecoratedOperator): log_sql_query>, print_the_context already registered for DAG: example_python_operator
[2023-01-03T03:47:03.827+0000] {processor.py:753} INFO - DAG(s) dict_keys(['example_python_operator']) retrieved from /home/airflow/.local/lib/python3.7/site-packages/airflow/example_dags/example_python_operator.py
[2023-01-03T03:47:03.940+0000] {logging_mixin.py:137} INFO - [2023-01-03T03:47:03.940+0000] {dag.py:2676} INFO - Sync 1 DAGs
[2023-01-03T03:47:03.984+0000] {logging_mixin.py:137} INFO - [2023-01-03T03:47:03.984+0000] {dag.py:3427} INFO - Setting next_dagrun for example_python_operator to None, run_after=None
[2023-01-03T03:47:04.017+0000] {processor.py:175} INFO - Processing /home/airflow/.local/lib/python3.7/site-packages/airflow/example_dags/example_python_operator.py took 0.287 seconds
[2023-01-03T03:47:34.641+0000] {processor.py:153} INFO - Started process (PID=437) to work on /home/airflow/.local/lib/python3.7/site-packages/airflow/example_dags/example_python_operator.py
[2023-01-03T03:47:34.644+0000] {processor.py:743} INFO - Processing file /home/airflow/.local/lib/python3.7/site-packages/airflow/example_dags/example_python_operator.py for tasks to queue
[2023-01-03T03:47:34.645+0000] {logging_mixin.py:137} INFO - [2023-01-03T03:47:34.645+0000] {dagbag.py:538} INFO - Filling up the DagBag from /home/airflow/.local/lib/python3.7/site-packages/airflow/example_dags/example_python_operator.py
[2023-01-03T03:47:34.670+0000] {logging_mixin.py:137} INFO - [2023-01-03T03:47:34.670+0000] {taskmixin.py:205} WARNING - Dependency <Task(_PythonDecoratedOperator): print_the_context>, log_sql_query already registered for DAG: example_python_operator
[2023-01-03T03:47:34.672+0000] {logging_mixin.py:137} INFO - [2023-01-03T03:47:34.672+0000] {taskmixin.py:205} WARNING - Dependency <Task(_PythonDecoratedOperator): log_sql_query>, print_the_context already registered for DAG: example_python_operator
[2023-01-03T03:47:34.673+0000] {logging_mixin.py:137} INFO - [2023-01-03T03:47:34.673+0000] {taskmixin.py:205} WARNING - Dependency <Task(_PythonDecoratedOperator): print_the_context>, log_sql_query already registered for DAG: example_python_operator
[2023-01-03T03:47:34.673+0000] {logging_mixin.py:137} INFO - [2023-01-03T03:47:34.673+0000] {taskmixin.py:205} WARNING - Dependency <Task(_PythonDecoratedOperator): log_sql_query>, print_the_context already registered for DAG: example_python_operator
[2023-01-03T03:47:34.674+0000] {logging_mixin.py:137} INFO - [2023-01-03T03:47:34.674+0000] {taskmixin.py:205} WARNING - Dependency <Task(_PythonDecoratedOperator): print_the_context>, log_sql_query already registered for DAG: example_python_operator
[2023-01-03T03:47:34.675+0000] {logging_mixin.py:137} INFO - [2023-01-03T03:47:34.675+0000] {taskmixin.py:205} WARNING - Dependency <Task(_PythonDecoratedOperator): log_sql_query>, print_the_context already registered for DAG: example_python_operator
[2023-01-03T03:47:34.676+0000] {logging_mixin.py:137} INFO - [2023-01-03T03:47:34.676+0000] {taskmixin.py:205} WARNING - Dependency <Task(_PythonDecoratedOperator): print_the_context>, log_sql_query already registered for DAG: example_python_operator
[2023-01-03T03:47:34.677+0000] {logging_mixin.py:137} INFO - [2023-01-03T03:47:34.677+0000] {taskmixin.py:205} WARNING - Dependency <Task(_PythonDecoratedOperator): log_sql_query>, print_the_context already registered for DAG: example_python_operator
[2023-01-03T03:47:34.686+0000] {processor.py:753} INFO - DAG(s) dict_keys(['example_python_operator']) retrieved from /home/airflow/.local/lib/python3.7/site-packages/airflow/example_dags/example_python_operator.py
[2023-01-03T03:47:34.730+0000] {logging_mixin.py:137} INFO - [2023-01-03T03:47:34.730+0000] {dag.py:2676} INFO - Sync 1 DAGs
[2023-01-03T03:47:34.749+0000] {logging_mixin.py:137} INFO - [2023-01-03T03:47:34.749+0000] {dag.py:3427} INFO - Setting next_dagrun for example_python_operator to None, run_after=None
[2023-01-03T03:47:34.762+0000] {processor.py:175} INFO - Processing /home/airflow/.local/lib/python3.7/site-packages/airflow/example_dags/example_python_operator.py took 0.125 seconds
[2023-01-03T03:48:08.340+0000] {processor.py:153} INFO - Started process (PID=499) to work on /home/airflow/.local/lib/python3.7/site-packages/airflow/example_dags/example_python_operator.py
[2023-01-03T03:48:08.343+0000] {processor.py:743} INFO - Processing file /home/airflow/.local/lib/python3.7/site-packages/airflow/example_dags/example_python_operator.py for tasks to queue
[2023-01-03T03:48:08.344+0000] {logging_mixin.py:137} INFO - [2023-01-03T03:48:08.344+0000] {dagbag.py:538} INFO - Filling up the DagBag from /home/airflow/.local/lib/python3.7/site-packages/airflow/example_dags/example_python_operator.py
[2023-01-03T03:48:08.546+0000] {logging_mixin.py:137} INFO - [2023-01-03T03:48:08.545+0000] {taskmixin.py:205} WARNING - Dependency <Task(_PythonDecoratedOperator): print_the_context>, log_sql_query already registered for DAG: example_python_operator
[2023-01-03T03:48:08.549+0000] {logging_mixin.py:137} INFO - [2023-01-03T03:48:08.549+0000] {taskmixin.py:205} WARNING - Dependency <Task(_PythonDecoratedOperator): log_sql_query>, print_the_context already registered for DAG: example_python_operator
[2023-01-03T03:48:08.551+0000] {logging_mixin.py:137} INFO - [2023-01-03T03:48:08.551+0000] {taskmixin.py:205} WARNING - Dependency <Task(_PythonDecoratedOperator): print_the_context>, log_sql_query already registered for DAG: example_python_operator
[2023-01-03T03:48:08.553+0000] {logging_mixin.py:137} INFO - [2023-01-03T03:48:08.553+0000] {taskmixin.py:205} WARNING - Dependency <Task(_PythonDecoratedOperator): log_sql_query>, print_the_context already registered for DAG: example_python_operator
[2023-01-03T03:48:08.554+0000] {logging_mixin.py:137} INFO - [2023-01-03T03:48:08.554+0000] {taskmixin.py:205} WARNING - Dependency <Task(_PythonDecoratedOperator): print_the_context>, log_sql_query already registered for DAG: example_python_operator
[2023-01-03T03:48:08.561+0000] {logging_mixin.py:137} INFO - [2023-01-03T03:48:08.558+0000] {taskmixin.py:205} WARNING - Dependency <Task(_PythonDecoratedOperator): log_sql_query>, print_the_context already registered for DAG: example_python_operator
[2023-01-03T03:48:08.568+0000] {logging_mixin.py:137} INFO - [2023-01-03T03:48:08.568+0000] {taskmixin.py:205} WARNING - Dependency <Task(_PythonDecoratedOperator): print_the_context>, log_sql_query already registered for DAG: example_python_operator
[2023-01-03T03:48:08.572+0000] {logging_mixin.py:137} INFO - [2023-01-03T03:48:08.572+0000] {taskmixin.py:205} WARNING - Dependency <Task(_PythonDecoratedOperator): log_sql_query>, print_the_context already registered for DAG: example_python_operator
[2023-01-03T03:48:08.626+0000] {processor.py:753} INFO - DAG(s) dict_keys(['example_python_operator']) retrieved from /home/airflow/.local/lib/python3.7/site-packages/airflow/example_dags/example_python_operator.py
[2023-01-03T03:48:08.812+0000] {logging_mixin.py:137} INFO - [2023-01-03T03:48:08.812+0000] {dag.py:2676} INFO - Sync 1 DAGs
[2023-01-03T03:48:08.848+0000] {logging_mixin.py:137} INFO - [2023-01-03T03:48:08.848+0000] {dag.py:3427} INFO - Setting next_dagrun for example_python_operator to None, run_after=None
[2023-01-03T03:48:08.875+0000] {processor.py:175} INFO - Processing /home/airflow/.local/lib/python3.7/site-packages/airflow/example_dags/example_python_operator.py took 0.555 seconds
[2023-01-03T03:48:39.280+0000] {processor.py:153} INFO - Started process (PID=561) to work on /home/airflow/.local/lib/python3.7/site-packages/airflow/example_dags/example_python_operator.py
[2023-01-03T03:48:39.292+0000] {processor.py:743} INFO - Processing file /home/airflow/.local/lib/python3.7/site-packages/airflow/example_dags/example_python_operator.py for tasks to queue
[2023-01-03T03:48:39.293+0000] {logging_mixin.py:137} INFO - [2023-01-03T03:48:39.293+0000] {dagbag.py:538} INFO - Filling up the DagBag from /home/airflow/.local/lib/python3.7/site-packages/airflow/example_dags/example_python_operator.py
[2023-01-03T03:48:39.343+0000] {logging_mixin.py:137} INFO - [2023-01-03T03:48:39.343+0000] {taskmixin.py:205} WARNING - Dependency <Task(_PythonDecoratedOperator): print_the_context>, log_sql_query already registered for DAG: example_python_operator
[2023-01-03T03:48:39.344+0000] {logging_mixin.py:137} INFO - [2023-01-03T03:48:39.344+0000] {taskmixin.py:205} WARNING - Dependency <Task(_PythonDecoratedOperator): log_sql_query>, print_the_context already registered for DAG: example_python_operator
[2023-01-03T03:48:39.345+0000] {logging_mixin.py:137} INFO - [2023-01-03T03:48:39.345+0000] {taskmixin.py:205} WARNING - Dependency <Task(_PythonDecoratedOperator): print_the_context>, log_sql_query already registered for DAG: example_python_operator
[2023-01-03T03:48:39.345+0000] {logging_mixin.py:137} INFO - [2023-01-03T03:48:39.345+0000] {taskmixin.py:205} WARNING - Dependency <Task(_PythonDecoratedOperator): log_sql_query>, print_the_context already registered for DAG: example_python_operator
[2023-01-03T03:48:39.346+0000] {logging_mixin.py:137} INFO - [2023-01-03T03:48:39.346+0000] {taskmixin.py:205} WARNING - Dependency <Task(_PythonDecoratedOperator): print_the_context>, log_sql_query already registered for DAG: example_python_operator
[2023-01-03T03:48:39.347+0000] {logging_mixin.py:137} INFO - [2023-01-03T03:48:39.346+0000] {taskmixin.py:205} WARNING - Dependency <Task(_PythonDecoratedOperator): log_sql_query>, print_the_context already registered for DAG: example_python_operator
[2023-01-03T03:48:39.348+0000] {logging_mixin.py:137} INFO - [2023-01-03T03:48:39.348+0000] {taskmixin.py:205} WARNING - Dependency <Task(_PythonDecoratedOperator): print_the_context>, log_sql_query already registered for DAG: example_python_operator
[2023-01-03T03:48:39.348+0000] {logging_mixin.py:137} INFO - [2023-01-03T03:48:39.348+0000] {taskmixin.py:205} WARNING - Dependency <Task(_PythonDecoratedOperator): log_sql_query>, print_the_context already registered for DAG: example_python_operator
[2023-01-03T03:48:39.355+0000] {processor.py:753} INFO - DAG(s) dict_keys(['example_python_operator']) retrieved from /home/airflow/.local/lib/python3.7/site-packages/airflow/example_dags/example_python_operator.py
[2023-01-03T03:48:39.482+0000] {logging_mixin.py:137} INFO - [2023-01-03T03:48:39.481+0000] {dag.py:2676} INFO - Sync 1 DAGs
[2023-01-03T03:48:39.579+0000] {logging_mixin.py:137} INFO - [2023-01-03T03:48:39.579+0000] {dag.py:3427} INFO - Setting next_dagrun for example_python_operator to None, run_after=None
[2023-01-03T03:48:39.633+0000] {processor.py:175} INFO - Processing /home/airflow/.local/lib/python3.7/site-packages/airflow/example_dags/example_python_operator.py took 0.374 seconds
[2023-01-03T03:49:10.426+0000] {processor.py:153} INFO - Started process (PID=623) to work on /home/airflow/.local/lib/python3.7/site-packages/airflow/example_dags/example_python_operator.py
[2023-01-03T03:49:10.435+0000] {processor.py:743} INFO - Processing file /home/airflow/.local/lib/python3.7/site-packages/airflow/example_dags/example_python_operator.py for tasks to queue
[2023-01-03T03:49:10.439+0000] {logging_mixin.py:137} INFO - [2023-01-03T03:49:10.438+0000] {dagbag.py:538} INFO - Filling up the DagBag from /home/airflow/.local/lib/python3.7/site-packages/airflow/example_dags/example_python_operator.py
[2023-01-03T03:49:10.472+0000] {logging_mixin.py:137} INFO - [2023-01-03T03:49:10.472+0000] {taskmixin.py:205} WARNING - Dependency <Task(_PythonDecoratedOperator): print_the_context>, log_sql_query already registered for DAG: example_python_operator
[2023-01-03T03:49:10.474+0000] {logging_mixin.py:137} INFO - [2023-01-03T03:49:10.474+0000] {taskmixin.py:205} WARNING - Dependency <Task(_PythonDecoratedOperator): log_sql_query>, print_the_context already registered for DAG: example_python_operator
[2023-01-03T03:49:10.476+0000] {logging_mixin.py:137} INFO - [2023-01-03T03:49:10.476+0000] {taskmixin.py:205} WARNING - Dependency <Task(_PythonDecoratedOperator): print_the_context>, log_sql_query already registered for DAG: example_python_operator
[2023-01-03T03:49:10.477+0000] {logging_mixin.py:137} INFO - [2023-01-03T03:49:10.477+0000] {taskmixin.py:205} WARNING - Dependency <Task(_PythonDecoratedOperator): log_sql_query>, print_the_context already registered for DAG: example_python_operator
[2023-01-03T03:49:10.491+0000] {logging_mixin.py:137} INFO - [2023-01-03T03:49:10.491+0000] {taskmixin.py:205} WARNING - Dependency <Task(_PythonDecoratedOperator): print_the_context>, log_sql_query already registered for DAG: example_python_operator
[2023-01-03T03:49:10.491+0000] {logging_mixin.py:137} INFO - [2023-01-03T03:49:10.491+0000] {taskmixin.py:205} WARNING - Dependency <Task(_PythonDecoratedOperator): log_sql_query>, print_the_context already registered for DAG: example_python_operator
[2023-01-03T03:49:10.492+0000] {logging_mixin.py:137} INFO - [2023-01-03T03:49:10.492+0000] {taskmixin.py:205} WARNING - Dependency <Task(_PythonDecoratedOperator): print_the_context>, log_sql_query already registered for DAG: example_python_operator
[2023-01-03T03:49:10.493+0000] {logging_mixin.py:137} INFO - [2023-01-03T03:49:10.493+0000] {taskmixin.py:205} WARNING - Dependency <Task(_PythonDecoratedOperator): log_sql_query>, print_the_context already registered for DAG: example_python_operator
[2023-01-03T03:49:10.505+0000] {processor.py:753} INFO - DAG(s) dict_keys(['example_python_operator']) retrieved from /home/airflow/.local/lib/python3.7/site-packages/airflow/example_dags/example_python_operator.py
[2023-01-03T03:49:10.581+0000] {logging_mixin.py:137} INFO - [2023-01-03T03:49:10.581+0000] {dag.py:2676} INFO - Sync 1 DAGs
[2023-01-03T03:49:10.632+0000] {logging_mixin.py:137} INFO - [2023-01-03T03:49:10.632+0000] {dag.py:3427} INFO - Setting next_dagrun for example_python_operator to None, run_after=None
[2023-01-03T03:49:10.663+0000] {processor.py:175} INFO - Processing /home/airflow/.local/lib/python3.7/site-packages/airflow/example_dags/example_python_operator.py took 0.240 seconds
[2023-01-03T03:49:41.118+0000] {processor.py:153} INFO - Started process (PID=685) to work on /home/airflow/.local/lib/python3.7/site-packages/airflow/example_dags/example_python_operator.py
[2023-01-03T03:49:41.120+0000] {processor.py:743} INFO - Processing file /home/airflow/.local/lib/python3.7/site-packages/airflow/example_dags/example_python_operator.py for tasks to queue
[2023-01-03T03:49:41.121+0000] {logging_mixin.py:137} INFO - [2023-01-03T03:49:41.121+0000] {dagbag.py:538} INFO - Filling up the DagBag from /home/airflow/.local/lib/python3.7/site-packages/airflow/example_dags/example_python_operator.py
[2023-01-03T03:49:41.164+0000] {logging_mixin.py:137} INFO - [2023-01-03T03:49:41.164+0000] {taskmixin.py:205} WARNING - Dependency <Task(_PythonDecoratedOperator): print_the_context>, log_sql_query already registered for DAG: example_python_operator
[2023-01-03T03:49:41.167+0000] {logging_mixin.py:137} INFO - [2023-01-03T03:49:41.166+0000] {taskmixin.py:205} WARNING - Dependency <Task(_PythonDecoratedOperator): log_sql_query>, print_the_context already registered for DAG: example_python_operator
[2023-01-03T03:49:41.170+0000] {logging_mixin.py:137} INFO - [2023-01-03T03:49:41.170+0000] {taskmixin.py:205} WARNING - Dependency <Task(_PythonDecoratedOperator): print_the_context>, log_sql_query already registered for DAG: example_python_operator
[2023-01-03T03:49:41.173+0000] {logging_mixin.py:137} INFO - [2023-01-03T03:49:41.172+0000] {taskmixin.py:205} WARNING - Dependency <Task(_PythonDecoratedOperator): log_sql_query>, print_the_context already registered for DAG: example_python_operator
[2023-01-03T03:49:41.173+0000] {logging_mixin.py:137} INFO - [2023-01-03T03:49:41.173+0000] {taskmixin.py:205} WARNING - Dependency <Task(_PythonDecoratedOperator): print_the_context>, log_sql_query already registered for DAG: example_python_operator
[2023-01-03T03:49:41.174+0000] {logging_mixin.py:137} INFO - [2023-01-03T03:49:41.174+0000] {taskmixin.py:205} WARNING - Dependency <Task(_PythonDecoratedOperator): log_sql_query>, print_the_context already registered for DAG: example_python_operator
[2023-01-03T03:49:41.175+0000] {logging_mixin.py:137} INFO - [2023-01-03T03:49:41.174+0000] {taskmixin.py:205} WARNING - Dependency <Task(_PythonDecoratedOperator): print_the_context>, log_sql_query already registered for DAG: example_python_operator
[2023-01-03T03:49:41.175+0000] {logging_mixin.py:137} INFO - [2023-01-03T03:49:41.175+0000] {taskmixin.py:205} WARNING - Dependency <Task(_PythonDecoratedOperator): log_sql_query>, print_the_context already registered for DAG: example_python_operator
[2023-01-03T03:49:41.180+0000] {processor.py:753} INFO - DAG(s) dict_keys(['example_python_operator']) retrieved from /home/airflow/.local/lib/python3.7/site-packages/airflow/example_dags/example_python_operator.py
[2023-01-03T03:49:41.257+0000] {logging_mixin.py:137} INFO - [2023-01-03T03:49:41.257+0000] {dag.py:2676} INFO - Sync 1 DAGs
[2023-01-03T03:49:41.298+0000] {logging_mixin.py:137} INFO - [2023-01-03T03:49:41.298+0000] {dag.py:3427} INFO - Setting next_dagrun for example_python_operator to None, run_after=None
[2023-01-03T03:49:41.323+0000] {processor.py:175} INFO - Processing /home/airflow/.local/lib/python3.7/site-packages/airflow/example_dags/example_python_operator.py took 0.208 seconds
[2023-01-03T03:50:11.452+0000] {processor.py:153} INFO - Started process (PID=747) to work on /home/airflow/.local/lib/python3.7/site-packages/airflow/example_dags/example_python_operator.py
[2023-01-03T03:50:11.454+0000] {processor.py:743} INFO - Processing file /home/airflow/.local/lib/python3.7/site-packages/airflow/example_dags/example_python_operator.py for tasks to queue
[2023-01-03T03:50:11.456+0000] {logging_mixin.py:137} INFO - [2023-01-03T03:50:11.456+0000] {dagbag.py:538} INFO - Filling up the DagBag from /home/airflow/.local/lib/python3.7/site-packages/airflow/example_dags/example_python_operator.py
[2023-01-03T03:50:11.530+0000] {logging_mixin.py:137} INFO - [2023-01-03T03:50:11.530+0000] {taskmixin.py:205} WARNING - Dependency <Task(_PythonDecoratedOperator): print_the_context>, log_sql_query already registered for DAG: example_python_operator
[2023-01-03T03:50:11.535+0000] {logging_mixin.py:137} INFO - [2023-01-03T03:50:11.535+0000] {taskmixin.py:205} WARNING - Dependency <Task(_PythonDecoratedOperator): log_sql_query>, print_the_context already registered for DAG: example_python_operator
[2023-01-03T03:50:11.535+0000] {logging_mixin.py:137} INFO - [2023-01-03T03:50:11.535+0000] {taskmixin.py:205} WARNING - Dependency <Task(_PythonDecoratedOperator): print_the_context>, log_sql_query already registered for DAG: example_python_operator
[2023-01-03T03:50:11.536+0000] {logging_mixin.py:137} INFO - [2023-01-03T03:50:11.536+0000] {taskmixin.py:205} WARNING - Dependency <Task(_PythonDecoratedOperator): log_sql_query>, print_the_context already registered for DAG: example_python_operator
[2023-01-03T03:50:11.537+0000] {logging_mixin.py:137} INFO - [2023-01-03T03:50:11.537+0000] {taskmixin.py:205} WARNING - Dependency <Task(_PythonDecoratedOperator): print_the_context>, log_sql_query already registered for DAG: example_python_operator
[2023-01-03T03:50:11.537+0000] {logging_mixin.py:137} INFO - [2023-01-03T03:50:11.537+0000] {taskmixin.py:205} WARNING - Dependency <Task(_PythonDecoratedOperator): log_sql_query>, print_the_context already registered for DAG: example_python_operator
[2023-01-03T03:50:11.540+0000] {logging_mixin.py:137} INFO - [2023-01-03T03:50:11.540+0000] {taskmixin.py:205} WARNING - Dependency <Task(_PythonDecoratedOperator): print_the_context>, log_sql_query already registered for DAG: example_python_operator
[2023-01-03T03:50:11.542+0000] {logging_mixin.py:137} INFO - [2023-01-03T03:50:11.542+0000] {taskmixin.py:205} WARNING - Dependency <Task(_PythonDecoratedOperator): log_sql_query>, print_the_context already registered for DAG: example_python_operator
[2023-01-03T03:50:11.560+0000] {processor.py:753} INFO - DAG(s) dict_keys(['example_python_operator']) retrieved from /home/airflow/.local/lib/python3.7/site-packages/airflow/example_dags/example_python_operator.py
[2023-01-03T03:50:11.700+0000] {logging_mixin.py:137} INFO - [2023-01-03T03:50:11.700+0000] {dag.py:2676} INFO - Sync 1 DAGs
[2023-01-03T03:50:11.756+0000] {logging_mixin.py:137} INFO - [2023-01-03T03:50:11.756+0000] {dag.py:3427} INFO - Setting next_dagrun for example_python_operator to None, run_after=None
[2023-01-03T03:50:11.793+0000] {processor.py:175} INFO - Processing /home/airflow/.local/lib/python3.7/site-packages/airflow/example_dags/example_python_operator.py took 0.346 seconds
[2023-01-03T03:50:42.456+0000] {processor.py:153} INFO - Started process (PID=809) to work on /home/airflow/.local/lib/python3.7/site-packages/airflow/example_dags/example_python_operator.py
[2023-01-03T03:50:42.460+0000] {processor.py:743} INFO - Processing file /home/airflow/.local/lib/python3.7/site-packages/airflow/example_dags/example_python_operator.py for tasks to queue
[2023-01-03T03:50:42.463+0000] {logging_mixin.py:137} INFO - [2023-01-03T03:50:42.463+0000] {dagbag.py:538} INFO - Filling up the DagBag from /home/airflow/.local/lib/python3.7/site-packages/airflow/example_dags/example_python_operator.py
[2023-01-03T03:50:42.491+0000] {logging_mixin.py:137} INFO - [2023-01-03T03:50:42.491+0000] {taskmixin.py:205} WARNING - Dependency <Task(_PythonDecoratedOperator): print_the_context>, log_sql_query already registered for DAG: example_python_operator
[2023-01-03T03:50:42.497+0000] {logging_mixin.py:137} INFO - [2023-01-03T03:50:42.497+0000] {taskmixin.py:205} WARNING - Dependency <Task(_PythonDecoratedOperator): log_sql_query>, print_the_context already registered for DAG: example_python_operator
[2023-01-03T03:50:42.500+0000] {logging_mixin.py:137} INFO - [2023-01-03T03:50:42.500+0000] {taskmixin.py:205} WARNING - Dependency <Task(_PythonDecoratedOperator): print_the_context>, log_sql_query already registered for DAG: example_python_operator
[2023-01-03T03:50:42.501+0000] {logging_mixin.py:137} INFO - [2023-01-03T03:50:42.500+0000] {taskmixin.py:205} WARNING - Dependency <Task(_PythonDecoratedOperator): log_sql_query>, print_the_context already registered for DAG: example_python_operator
[2023-01-03T03:50:42.501+0000] {logging_mixin.py:137} INFO - [2023-01-03T03:50:42.501+0000] {taskmixin.py:205} WARNING - Dependency <Task(_PythonDecoratedOperator): print_the_context>, log_sql_query already registered for DAG: example_python_operator
[2023-01-03T03:50:42.502+0000] {logging_mixin.py:137} INFO - [2023-01-03T03:50:42.502+0000] {taskmixin.py:205} WARNING - Dependency <Task(_PythonDecoratedOperator): log_sql_query>, print_the_context already registered for DAG: example_python_operator
[2023-01-03T03:50:42.502+0000] {logging_mixin.py:137} INFO - [2023-01-03T03:50:42.502+0000] {taskmixin.py:205} WARNING - Dependency <Task(_PythonDecoratedOperator): print_the_context>, log_sql_query already registered for DAG: example_python_operator
[2023-01-03T03:50:42.503+0000] {logging_mixin.py:137} INFO - [2023-01-03T03:50:42.503+0000] {taskmixin.py:205} WARNING - Dependency <Task(_PythonDecoratedOperator): log_sql_query>, print_the_context already registered for DAG: example_python_operator
[2023-01-03T03:50:42.509+0000] {processor.py:753} INFO - DAG(s) dict_keys(['example_python_operator']) retrieved from /home/airflow/.local/lib/python3.7/site-packages/airflow/example_dags/example_python_operator.py
[2023-01-03T03:50:42.570+0000] {logging_mixin.py:137} INFO - [2023-01-03T03:50:42.570+0000] {dag.py:2676} INFO - Sync 1 DAGs
[2023-01-03T03:50:42.593+0000] {logging_mixin.py:137} INFO - [2023-01-03T03:50:42.593+0000] {dag.py:3427} INFO - Setting next_dagrun for example_python_operator to None, run_after=None
[2023-01-03T03:50:42.615+0000] {processor.py:175} INFO - Processing /home/airflow/.local/lib/python3.7/site-packages/airflow/example_dags/example_python_operator.py took 0.162 seconds
[2023-01-03T03:51:12.721+0000] {processor.py:153} INFO - Started process (PID=872) to work on /home/airflow/.local/lib/python3.7/site-packages/airflow/example_dags/example_python_operator.py
[2023-01-03T03:51:12.726+0000] {processor.py:743} INFO - Processing file /home/airflow/.local/lib/python3.7/site-packages/airflow/example_dags/example_python_operator.py for tasks to queue
[2023-01-03T03:51:12.729+0000] {logging_mixin.py:137} INFO - [2023-01-03T03:51:12.729+0000] {dagbag.py:538} INFO - Filling up the DagBag from /home/airflow/.local/lib/python3.7/site-packages/airflow/example_dags/example_python_operator.py
[2023-01-03T03:51:12.755+0000] {logging_mixin.py:137} INFO - [2023-01-03T03:51:12.754+0000] {taskmixin.py:205} WARNING - Dependency <Task(_PythonDecoratedOperator): print_the_context>, log_sql_query already registered for DAG: example_python_operator
[2023-01-03T03:51:12.755+0000] {logging_mixin.py:137} INFO - [2023-01-03T03:51:12.755+0000] {taskmixin.py:205} WARNING - Dependency <Task(_PythonDecoratedOperator): log_sql_query>, print_the_context already registered for DAG: example_python_operator
[2023-01-03T03:51:12.756+0000] {logging_mixin.py:137} INFO - [2023-01-03T03:51:12.756+0000] {taskmixin.py:205} WARNING - Dependency <Task(_PythonDecoratedOperator): print_the_context>, log_sql_query already registered for DAG: example_python_operator
[2023-01-03T03:51:12.757+0000] {logging_mixin.py:137} INFO - [2023-01-03T03:51:12.757+0000] {taskmixin.py:205} WARNING - Dependency <Task(_PythonDecoratedOperator): log_sql_query>, print_the_context already registered for DAG: example_python_operator
[2023-01-03T03:51:12.757+0000] {logging_mixin.py:137} INFO - [2023-01-03T03:51:12.757+0000] {taskmixin.py:205} WARNING - Dependency <Task(_PythonDecoratedOperator): print_the_context>, log_sql_query already registered for DAG: example_python_operator
[2023-01-03T03:51:12.758+0000] {logging_mixin.py:137} INFO - [2023-01-03T03:51:12.758+0000] {taskmixin.py:205} WARNING - Dependency <Task(_PythonDecoratedOperator): log_sql_query>, print_the_context already registered for DAG: example_python_operator
[2023-01-03T03:51:12.759+0000] {logging_mixin.py:137} INFO - [2023-01-03T03:51:12.759+0000] {taskmixin.py:205} WARNING - Dependency <Task(_PythonDecoratedOperator): print_the_context>, log_sql_query already registered for DAG: example_python_operator
[2023-01-03T03:51:12.759+0000] {logging_mixin.py:137} INFO - [2023-01-03T03:51:12.759+0000] {taskmixin.py:205} WARNING - Dependency <Task(_PythonDecoratedOperator): log_sql_query>, print_the_context already registered for DAG: example_python_operator
[2023-01-03T03:51:12.785+0000] {processor.py:753} INFO - DAG(s) dict_keys(['example_python_operator']) retrieved from /home/airflow/.local/lib/python3.7/site-packages/airflow/example_dags/example_python_operator.py
[2023-01-03T03:51:12.897+0000] {logging_mixin.py:137} INFO - [2023-01-03T03:51:12.897+0000] {dag.py:2676} INFO - Sync 1 DAGs
[2023-01-03T03:51:12.970+0000] {logging_mixin.py:137} INFO - [2023-01-03T03:51:12.970+0000] {dag.py:3427} INFO - Setting next_dagrun for example_python_operator to None, run_after=None
[2023-01-03T03:51:13.035+0000] {processor.py:175} INFO - Processing /home/airflow/.local/lib/python3.7/site-packages/airflow/example_dags/example_python_operator.py took 0.317 seconds
[2023-01-03T03:51:44.031+0000] {processor.py:153} INFO - Started process (PID=934) to work on /home/airflow/.local/lib/python3.7/site-packages/airflow/example_dags/example_python_operator.py
[2023-01-03T03:51:44.034+0000] {processor.py:743} INFO - Processing file /home/airflow/.local/lib/python3.7/site-packages/airflow/example_dags/example_python_operator.py for tasks to queue
[2023-01-03T03:51:44.036+0000] {logging_mixin.py:137} INFO - [2023-01-03T03:51:44.035+0000] {dagbag.py:538} INFO - Filling up the DagBag from /home/airflow/.local/lib/python3.7/site-packages/airflow/example_dags/example_python_operator.py
[2023-01-03T03:51:44.082+0000] {logging_mixin.py:137} INFO - [2023-01-03T03:51:44.082+0000] {taskmixin.py:205} WARNING - Dependency <Task(_PythonDecoratedOperator): print_the_context>, log_sql_query already registered for DAG: example_python_operator
[2023-01-03T03:51:44.083+0000] {logging_mixin.py:137} INFO - [2023-01-03T03:51:44.083+0000] {taskmixin.py:205} WARNING - Dependency <Task(_PythonDecoratedOperator): log_sql_query>, print_the_context already registered for DAG: example_python_operator
[2023-01-03T03:51:44.084+0000] {logging_mixin.py:137} INFO - [2023-01-03T03:51:44.084+0000] {taskmixin.py:205} WARNING - Dependency <Task(_PythonDecoratedOperator): print_the_context>, log_sql_query already registered for DAG: example_python_operator
[2023-01-03T03:51:44.084+0000] {logging_mixin.py:137} INFO - [2023-01-03T03:51:44.084+0000] {taskmixin.py:205} WARNING - Dependency <Task(_PythonDecoratedOperator): log_sql_query>, print_the_context already registered for DAG: example_python_operator
[2023-01-03T03:51:44.085+0000] {logging_mixin.py:137} INFO - [2023-01-03T03:51:44.085+0000] {taskmixin.py:205} WARNING - Dependency <Task(_PythonDecoratedOperator): print_the_context>, log_sql_query already registered for DAG: example_python_operator
[2023-01-03T03:51:44.086+0000] {logging_mixin.py:137} INFO - [2023-01-03T03:51:44.086+0000] {taskmixin.py:205} WARNING - Dependency <Task(_PythonDecoratedOperator): log_sql_query>, print_the_context already registered for DAG: example_python_operator
[2023-01-03T03:51:44.087+0000] {logging_mixin.py:137} INFO - [2023-01-03T03:51:44.087+0000] {taskmixin.py:205} WARNING - Dependency <Task(_PythonDecoratedOperator): print_the_context>, log_sql_query already registered for DAG: example_python_operator
[2023-01-03T03:51:44.088+0000] {logging_mixin.py:137} INFO - [2023-01-03T03:51:44.088+0000] {taskmixin.py:205} WARNING - Dependency <Task(_PythonDecoratedOperator): log_sql_query>, print_the_context already registered for DAG: example_python_operator
[2023-01-03T03:51:44.099+0000] {processor.py:753} INFO - DAG(s) dict_keys(['example_python_operator']) retrieved from /home/airflow/.local/lib/python3.7/site-packages/airflow/example_dags/example_python_operator.py
[2023-01-03T03:51:44.205+0000] {logging_mixin.py:137} INFO - [2023-01-03T03:51:44.205+0000] {dag.py:2676} INFO - Sync 1 DAGs
[2023-01-03T03:51:44.238+0000] {logging_mixin.py:137} INFO - [2023-01-03T03:51:44.238+0000] {dag.py:3427} INFO - Setting next_dagrun for example_python_operator to None, run_after=None
[2023-01-03T03:51:44.259+0000] {processor.py:175} INFO - Processing /home/airflow/.local/lib/python3.7/site-packages/airflow/example_dags/example_python_operator.py took 0.236 seconds
[2023-01-03T03:52:15.222+0000] {processor.py:153} INFO - Started process (PID=995) to work on /home/airflow/.local/lib/python3.7/site-packages/airflow/example_dags/example_python_operator.py
[2023-01-03T03:52:15.231+0000] {processor.py:743} INFO - Processing file /home/airflow/.local/lib/python3.7/site-packages/airflow/example_dags/example_python_operator.py for tasks to queue
[2023-01-03T03:52:15.236+0000] {logging_mixin.py:137} INFO - [2023-01-03T03:52:15.235+0000] {dagbag.py:538} INFO - Filling up the DagBag from /home/airflow/.local/lib/python3.7/site-packages/airflow/example_dags/example_python_operator.py
[2023-01-03T03:52:15.340+0000] {logging_mixin.py:137} INFO - [2023-01-03T03:52:15.340+0000] {taskmixin.py:205} WARNING - Dependency <Task(_PythonDecoratedOperator): print_the_context>, log_sql_query already registered for DAG: example_python_operator
[2023-01-03T03:52:15.345+0000] {logging_mixin.py:137} INFO - [2023-01-03T03:52:15.344+0000] {taskmixin.py:205} WARNING - Dependency <Task(_PythonDecoratedOperator): log_sql_query>, print_the_context already registered for DAG: example_python_operator
[2023-01-03T03:52:15.349+0000] {logging_mixin.py:137} INFO - [2023-01-03T03:52:15.348+0000] {taskmixin.py:205} WARNING - Dependency <Task(_PythonDecoratedOperator): print_the_context>, log_sql_query already registered for DAG: example_python_operator
[2023-01-03T03:52:15.351+0000] {logging_mixin.py:137} INFO - [2023-01-03T03:52:15.351+0000] {taskmixin.py:205} WARNING - Dependency <Task(_PythonDecoratedOperator): log_sql_query>, print_the_context already registered for DAG: example_python_operator
[2023-01-03T03:52:15.357+0000] {logging_mixin.py:137} INFO - [2023-01-03T03:52:15.356+0000] {taskmixin.py:205} WARNING - Dependency <Task(_PythonDecoratedOperator): print_the_context>, log_sql_query already registered for DAG: example_python_operator
[2023-01-03T03:52:15.359+0000] {logging_mixin.py:137} INFO - [2023-01-03T03:52:15.358+0000] {taskmixin.py:205} WARNING - Dependency <Task(_PythonDecoratedOperator): log_sql_query>, print_the_context already registered for DAG: example_python_operator
[2023-01-03T03:52:15.361+0000] {logging_mixin.py:137} INFO - [2023-01-03T03:52:15.361+0000] {taskmixin.py:205} WARNING - Dependency <Task(_PythonDecoratedOperator): print_the_context>, log_sql_query already registered for DAG: example_python_operator
[2023-01-03T03:52:15.364+0000] {logging_mixin.py:137} INFO - [2023-01-03T03:52:15.363+0000] {taskmixin.py:205} WARNING - Dependency <Task(_PythonDecoratedOperator): log_sql_query>, print_the_context already registered for DAG: example_python_operator
[2023-01-03T03:52:15.406+0000] {processor.py:753} INFO - DAG(s) dict_keys(['example_python_operator']) retrieved from /home/airflow/.local/lib/python3.7/site-packages/airflow/example_dags/example_python_operator.py
[2023-01-03T03:52:15.782+0000] {logging_mixin.py:137} INFO - [2023-01-03T03:52:15.782+0000] {dag.py:2676} INFO - Sync 1 DAGs
[2023-01-03T03:52:15.904+0000] {logging_mixin.py:137} INFO - [2023-01-03T03:52:15.904+0000] {dag.py:3427} INFO - Setting next_dagrun for example_python_operator to None, run_after=None
[2023-01-03T03:52:15.948+0000] {processor.py:175} INFO - Processing /home/airflow/.local/lib/python3.7/site-packages/airflow/example_dags/example_python_operator.py took 0.740 seconds
[2023-01-03T03:52:57.223+0000] {processor.py:153} INFO - Started process (PID=1059) to work on /home/airflow/.local/lib/python3.7/site-packages/airflow/example_dags/example_python_operator.py
[2023-01-03T03:52:57.224+0000] {processor.py:743} INFO - Processing file /home/airflow/.local/lib/python3.7/site-packages/airflow/example_dags/example_python_operator.py for tasks to queue
[2023-01-03T03:52:57.225+0000] {logging_mixin.py:137} INFO - [2023-01-03T03:52:57.225+0000] {dagbag.py:538} INFO - Filling up the DagBag from /home/airflow/.local/lib/python3.7/site-packages/airflow/example_dags/example_python_operator.py
[2023-01-03T03:52:57.250+0000] {logging_mixin.py:137} INFO - [2023-01-03T03:52:57.249+0000] {taskmixin.py:205} WARNING - Dependency <Task(_PythonDecoratedOperator): print_the_context>, log_sql_query already registered for DAG: example_python_operator
[2023-01-03T03:52:57.250+0000] {logging_mixin.py:137} INFO - [2023-01-03T03:52:57.250+0000] {taskmixin.py:205} WARNING - Dependency <Task(_PythonDecoratedOperator): log_sql_query>, print_the_context already registered for DAG: example_python_operator
[2023-01-03T03:52:57.251+0000] {logging_mixin.py:137} INFO - [2023-01-03T03:52:57.251+0000] {taskmixin.py:205} WARNING - Dependency <Task(_PythonDecoratedOperator): print_the_context>, log_sql_query already registered for DAG: example_python_operator
[2023-01-03T03:52:57.252+0000] {logging_mixin.py:137} INFO - [2023-01-03T03:52:57.252+0000] {taskmixin.py:205} WARNING - Dependency <Task(_PythonDecoratedOperator): log_sql_query>, print_the_context already registered for DAG: example_python_operator
[2023-01-03T03:52:57.252+0000] {logging_mixin.py:137} INFO - [2023-01-03T03:52:57.252+0000] {taskmixin.py:205} WARNING - Dependency <Task(_PythonDecoratedOperator): print_the_context>, log_sql_query already registered for DAG: example_python_operator
[2023-01-03T03:52:57.253+0000] {logging_mixin.py:137} INFO - [2023-01-03T03:52:57.253+0000] {taskmixin.py:205} WARNING - Dependency <Task(_PythonDecoratedOperator): log_sql_query>, print_the_context already registered for DAG: example_python_operator
[2023-01-03T03:52:57.254+0000] {logging_mixin.py:137} INFO - [2023-01-03T03:52:57.254+0000] {taskmixin.py:205} WARNING - Dependency <Task(_PythonDecoratedOperator): print_the_context>, log_sql_query already registered for DAG: example_python_operator
[2023-01-03T03:52:57.254+0000] {logging_mixin.py:137} INFO - [2023-01-03T03:52:57.254+0000] {taskmixin.py:205} WARNING - Dependency <Task(_PythonDecoratedOperator): log_sql_query>, print_the_context already registered for DAG: example_python_operator
[2023-01-03T03:52:57.264+0000] {processor.py:753} INFO - DAG(s) dict_keys(['example_python_operator']) retrieved from /home/airflow/.local/lib/python3.7/site-packages/airflow/example_dags/example_python_operator.py
[2023-01-03T03:52:57.306+0000] {logging_mixin.py:137} INFO - [2023-01-03T03:52:57.306+0000] {dag.py:2676} INFO - Sync 1 DAGs
[2023-01-03T03:52:57.328+0000] {logging_mixin.py:137} INFO - [2023-01-03T03:52:57.328+0000] {dag.py:3427} INFO - Setting next_dagrun for example_python_operator to None, run_after=None
[2023-01-03T03:52:57.342+0000] {processor.py:175} INFO - Processing /home/airflow/.local/lib/python3.7/site-packages/airflow/example_dags/example_python_operator.py took 0.122 seconds
[2023-01-03T03:53:44.558+0000] {processor.py:153} INFO - Started process (PID=1109) to work on /home/airflow/.local/lib/python3.7/site-packages/airflow/example_dags/example_python_operator.py
[2023-01-03T03:53:44.567+0000] {processor.py:743} INFO - Processing file /home/airflow/.local/lib/python3.7/site-packages/airflow/example_dags/example_python_operator.py for tasks to queue
[2023-01-03T03:53:44.569+0000] {logging_mixin.py:137} INFO - [2023-01-03T03:53:44.568+0000] {dagbag.py:538} INFO - Filling up the DagBag from /home/airflow/.local/lib/python3.7/site-packages/airflow/example_dags/example_python_operator.py
[2023-01-03T03:53:44.616+0000] {logging_mixin.py:137} INFO - [2023-01-03T03:53:44.616+0000] {taskmixin.py:205} WARNING - Dependency <Task(_PythonDecoratedOperator): print_the_context>, log_sql_query already registered for DAG: example_python_operator
[2023-01-03T03:53:44.627+0000] {logging_mixin.py:137} INFO - [2023-01-03T03:53:44.627+0000] {taskmixin.py:205} WARNING - Dependency <Task(_PythonDecoratedOperator): log_sql_query>, print_the_context already registered for DAG: example_python_operator
[2023-01-03T03:53:44.629+0000] {logging_mixin.py:137} INFO - [2023-01-03T03:53:44.629+0000] {taskmixin.py:205} WARNING - Dependency <Task(_PythonDecoratedOperator): print_the_context>, log_sql_query already registered for DAG: example_python_operator
[2023-01-03T03:53:44.631+0000] {logging_mixin.py:137} INFO - [2023-01-03T03:53:44.631+0000] {taskmixin.py:205} WARNING - Dependency <Task(_PythonDecoratedOperator): log_sql_query>, print_the_context already registered for DAG: example_python_operator
[2023-01-03T03:53:44.633+0000] {logging_mixin.py:137} INFO - [2023-01-03T03:53:44.632+0000] {taskmixin.py:205} WARNING - Dependency <Task(_PythonDecoratedOperator): print_the_context>, log_sql_query already registered for DAG: example_python_operator
[2023-01-03T03:53:44.635+0000] {logging_mixin.py:137} INFO - [2023-01-03T03:53:44.635+0000] {taskmixin.py:205} WARNING - Dependency <Task(_PythonDecoratedOperator): log_sql_query>, print_the_context already registered for DAG: example_python_operator
[2023-01-03T03:53:44.636+0000] {logging_mixin.py:137} INFO - [2023-01-03T03:53:44.636+0000] {taskmixin.py:205} WARNING - Dependency <Task(_PythonDecoratedOperator): print_the_context>, log_sql_query already registered for DAG: example_python_operator
[2023-01-03T03:53:44.637+0000] {logging_mixin.py:137} INFO - [2023-01-03T03:53:44.637+0000] {taskmixin.py:205} WARNING - Dependency <Task(_PythonDecoratedOperator): log_sql_query>, print_the_context already registered for DAG: example_python_operator
[2023-01-03T03:53:44.644+0000] {processor.py:753} INFO - DAG(s) dict_keys(['example_python_operator']) retrieved from /home/airflow/.local/lib/python3.7/site-packages/airflow/example_dags/example_python_operator.py
[2023-01-03T03:53:44.744+0000] {logging_mixin.py:137} INFO - [2023-01-03T03:53:44.744+0000] {dag.py:2676} INFO - Sync 1 DAGs
[2023-01-03T03:53:44.780+0000] {logging_mixin.py:137} INFO - [2023-01-03T03:53:44.780+0000] {dag.py:3427} INFO - Setting next_dagrun for example_python_operator to None, run_after=None
[2023-01-03T03:53:44.809+0000] {processor.py:175} INFO - Processing /home/airflow/.local/lib/python3.7/site-packages/airflow/example_dags/example_python_operator.py took 0.253 seconds
[2023-01-03T03:54:16.453+0000] {processor.py:153} INFO - Started process (PID=1171) to work on /home/airflow/.local/lib/python3.7/site-packages/airflow/example_dags/example_python_operator.py
[2023-01-03T03:54:16.461+0000] {processor.py:743} INFO - Processing file /home/airflow/.local/lib/python3.7/site-packages/airflow/example_dags/example_python_operator.py for tasks to queue
[2023-01-03T03:54:16.463+0000] {logging_mixin.py:137} INFO - [2023-01-03T03:54:16.463+0000] {dagbag.py:538} INFO - Filling up the DagBag from /home/airflow/.local/lib/python3.7/site-packages/airflow/example_dags/example_python_operator.py
[2023-01-03T03:54:16.542+0000] {logging_mixin.py:137} INFO - [2023-01-03T03:54:16.542+0000] {taskmixin.py:205} WARNING - Dependency <Task(_PythonDecoratedOperator): print_the_context>, log_sql_query already registered for DAG: example_python_operator
[2023-01-03T03:54:16.544+0000] {logging_mixin.py:137} INFO - [2023-01-03T03:54:16.543+0000] {taskmixin.py:205} WARNING - Dependency <Task(_PythonDecoratedOperator): log_sql_query>, print_the_context already registered for DAG: example_python_operator
[2023-01-03T03:54:16.546+0000] {logging_mixin.py:137} INFO - [2023-01-03T03:54:16.546+0000] {taskmixin.py:205} WARNING - Dependency <Task(_PythonDecoratedOperator): print_the_context>, log_sql_query already registered for DAG: example_python_operator
[2023-01-03T03:54:16.554+0000] {logging_mixin.py:137} INFO - [2023-01-03T03:54:16.554+0000] {taskmixin.py:205} WARNING - Dependency <Task(_PythonDecoratedOperator): log_sql_query>, print_the_context already registered for DAG: example_python_operator
[2023-01-03T03:54:16.557+0000] {logging_mixin.py:137} INFO - [2023-01-03T03:54:16.557+0000] {taskmixin.py:205} WARNING - Dependency <Task(_PythonDecoratedOperator): print_the_context>, log_sql_query already registered for DAG: example_python_operator
[2023-01-03T03:54:16.560+0000] {logging_mixin.py:137} INFO - [2023-01-03T03:54:16.560+0000] {taskmixin.py:205} WARNING - Dependency <Task(_PythonDecoratedOperator): log_sql_query>, print_the_context already registered for DAG: example_python_operator
[2023-01-03T03:54:16.561+0000] {logging_mixin.py:137} INFO - [2023-01-03T03:54:16.561+0000] {taskmixin.py:205} WARNING - Dependency <Task(_PythonDecoratedOperator): print_the_context>, log_sql_query already registered for DAG: example_python_operator
[2023-01-03T03:54:16.565+0000] {logging_mixin.py:137} INFO - [2023-01-03T03:54:16.565+0000] {taskmixin.py:205} WARNING - Dependency <Task(_PythonDecoratedOperator): log_sql_query>, print_the_context already registered for DAG: example_python_operator
[2023-01-03T03:54:16.574+0000] {processor.py:753} INFO - DAG(s) dict_keys(['example_python_operator']) retrieved from /home/airflow/.local/lib/python3.7/site-packages/airflow/example_dags/example_python_operator.py
[2023-01-03T03:54:16.697+0000] {logging_mixin.py:137} INFO - [2023-01-03T03:54:16.697+0000] {dag.py:2676} INFO - Sync 1 DAGs
[2023-01-03T03:54:16.728+0000] {logging_mixin.py:137} INFO - [2023-01-03T03:54:16.728+0000] {dag.py:3427} INFO - Setting next_dagrun for example_python_operator to None, run_after=None
[2023-01-03T03:54:16.752+0000] {processor.py:175} INFO - Processing /home/airflow/.local/lib/python3.7/site-packages/airflow/example_dags/example_python_operator.py took 0.302 seconds
[2023-01-03T03:54:47.285+0000] {processor.py:153} INFO - Started process (PID=1233) to work on /home/airflow/.local/lib/python3.7/site-packages/airflow/example_dags/example_python_operator.py
[2023-01-03T03:54:47.289+0000] {processor.py:743} INFO - Processing file /home/airflow/.local/lib/python3.7/site-packages/airflow/example_dags/example_python_operator.py for tasks to queue
[2023-01-03T03:54:47.290+0000] {logging_mixin.py:137} INFO - [2023-01-03T03:54:47.290+0000] {dagbag.py:538} INFO - Filling up the DagBag from /home/airflow/.local/lib/python3.7/site-packages/airflow/example_dags/example_python_operator.py
[2023-01-03T03:54:47.384+0000] {logging_mixin.py:137} INFO - [2023-01-03T03:54:47.384+0000] {taskmixin.py:205} WARNING - Dependency <Task(_PythonDecoratedOperator): print_the_context>, log_sql_query already registered for DAG: example_python_operator
[2023-01-03T03:54:47.388+0000] {logging_mixin.py:137} INFO - [2023-01-03T03:54:47.388+0000] {taskmixin.py:205} WARNING - Dependency <Task(_PythonDecoratedOperator): log_sql_query>, print_the_context already registered for DAG: example_python_operator
[2023-01-03T03:54:47.390+0000] {logging_mixin.py:137} INFO - [2023-01-03T03:54:47.390+0000] {taskmixin.py:205} WARNING - Dependency <Task(_PythonDecoratedOperator): print_the_context>, log_sql_query already registered for DAG: example_python_operator
[2023-01-03T03:54:47.390+0000] {logging_mixin.py:137} INFO - [2023-01-03T03:54:47.390+0000] {taskmixin.py:205} WARNING - Dependency <Task(_PythonDecoratedOperator): log_sql_query>, print_the_context already registered for DAG: example_python_operator
[2023-01-03T03:54:47.391+0000] {logging_mixin.py:137} INFO - [2023-01-03T03:54:47.391+0000] {taskmixin.py:205} WARNING - Dependency <Task(_PythonDecoratedOperator): print_the_context>, log_sql_query already registered for DAG: example_python_operator
[2023-01-03T03:54:47.392+0000] {logging_mixin.py:137} INFO - [2023-01-03T03:54:47.392+0000] {taskmixin.py:205} WARNING - Dependency <Task(_PythonDecoratedOperator): log_sql_query>, print_the_context already registered for DAG: example_python_operator
[2023-01-03T03:54:47.399+0000] {logging_mixin.py:137} INFO - [2023-01-03T03:54:47.399+0000] {taskmixin.py:205} WARNING - Dependency <Task(_PythonDecoratedOperator): print_the_context>, log_sql_query already registered for DAG: example_python_operator
[2023-01-03T03:54:47.405+0000] {logging_mixin.py:137} INFO - [2023-01-03T03:54:47.405+0000] {taskmixin.py:205} WARNING - Dependency <Task(_PythonDecoratedOperator): log_sql_query>, print_the_context already registered for DAG: example_python_operator
[2023-01-03T03:54:47.438+0000] {processor.py:753} INFO - DAG(s) dict_keys(['example_python_operator']) retrieved from /home/airflow/.local/lib/python3.7/site-packages/airflow/example_dags/example_python_operator.py
[2023-01-03T03:54:47.746+0000] {logging_mixin.py:137} INFO - [2023-01-03T03:54:47.745+0000] {dag.py:2676} INFO - Sync 1 DAGs
[2023-01-03T03:54:47.825+0000] {logging_mixin.py:137} INFO - [2023-01-03T03:54:47.824+0000] {dag.py:3427} INFO - Setting next_dagrun for example_python_operator to None, run_after=None
[2023-01-03T03:54:47.889+0000] {processor.py:175} INFO - Processing /home/airflow/.local/lib/python3.7/site-packages/airflow/example_dags/example_python_operator.py took 0.608 seconds
[2023-01-03T04:00:22.082+0000] {processor.py:153} INFO - Started process (PID=63) to work on /home/airflow/.local/lib/python3.7/site-packages/airflow/example_dags/example_python_operator.py
[2023-01-03T04:00:22.098+0000] {processor.py:743} INFO - Processing file /home/airflow/.local/lib/python3.7/site-packages/airflow/example_dags/example_python_operator.py for tasks to queue
[2023-01-03T04:00:22.101+0000] {logging_mixin.py:137} INFO - [2023-01-03T04:00:22.100+0000] {dagbag.py:538} INFO - Filling up the DagBag from /home/airflow/.local/lib/python3.7/site-packages/airflow/example_dags/example_python_operator.py
[2023-01-03T04:00:23.117+0000] {logging_mixin.py:137} INFO - [2023-01-03T04:00:23.097+0000] {taskmixin.py:205} WARNING - Dependency <Task(_PythonDecoratedOperator): print_the_context>, log_sql_query already registered for DAG: example_python_operator
[2023-01-03T04:00:23.120+0000] {logging_mixin.py:137} INFO - [2023-01-03T04:00:23.119+0000] {taskmixin.py:205} WARNING - Dependency <Task(_PythonDecoratedOperator): log_sql_query>, print_the_context already registered for DAG: example_python_operator
[2023-01-03T04:00:23.121+0000] {logging_mixin.py:137} INFO - [2023-01-03T04:00:23.121+0000] {taskmixin.py:205} WARNING - Dependency <Task(_PythonDecoratedOperator): print_the_context>, log_sql_query already registered for DAG: example_python_operator
[2023-01-03T04:00:23.123+0000] {logging_mixin.py:137} INFO - [2023-01-03T04:00:23.123+0000] {taskmixin.py:205} WARNING - Dependency <Task(_PythonDecoratedOperator): log_sql_query>, print_the_context already registered for DAG: example_python_operator
[2023-01-03T04:00:23.125+0000] {logging_mixin.py:137} INFO - [2023-01-03T04:00:23.125+0000] {taskmixin.py:205} WARNING - Dependency <Task(_PythonDecoratedOperator): print_the_context>, log_sql_query already registered for DAG: example_python_operator
[2023-01-03T04:00:23.125+0000] {logging_mixin.py:137} INFO - [2023-01-03T04:00:23.125+0000] {taskmixin.py:205} WARNING - Dependency <Task(_PythonDecoratedOperator): log_sql_query>, print_the_context already registered for DAG: example_python_operator
[2023-01-03T04:00:23.127+0000] {logging_mixin.py:137} INFO - [2023-01-03T04:00:23.127+0000] {taskmixin.py:205} WARNING - Dependency <Task(_PythonDecoratedOperator): print_the_context>, log_sql_query already registered for DAG: example_python_operator
[2023-01-03T04:00:23.128+0000] {logging_mixin.py:137} INFO - [2023-01-03T04:00:23.128+0000] {taskmixin.py:205} WARNING - Dependency <Task(_PythonDecoratedOperator): log_sql_query>, print_the_context already registered for DAG: example_python_operator
[2023-01-03T04:00:23.291+0000] {processor.py:753} INFO - DAG(s) dict_keys(['example_python_operator']) retrieved from /home/airflow/.local/lib/python3.7/site-packages/airflow/example_dags/example_python_operator.py
[2023-01-03T04:00:24.642+0000] {logging_mixin.py:137} INFO - [2023-01-03T04:00:24.639+0000] {dag.py:2676} INFO - Sync 1 DAGs
[2023-01-03T04:00:24.898+0000] {logging_mixin.py:137} INFO - [2023-01-03T04:00:24.896+0000] {dag.py:3427} INFO - Setting next_dagrun for example_python_operator to None, run_after=None
[2023-01-03T04:00:25.186+0000] {processor.py:175} INFO - Processing /home/airflow/.local/lib/python3.7/site-packages/airflow/example_dags/example_python_operator.py took 3.132 seconds
[2023-01-03T04:03:16.518+0000] {processor.py:153} INFO - Started process (PID=127) to work on /home/airflow/.local/lib/python3.7/site-packages/airflow/example_dags/example_python_operator.py
[2023-01-03T04:03:16.560+0000] {processor.py:743} INFO - Processing file /home/airflow/.local/lib/python3.7/site-packages/airflow/example_dags/example_python_operator.py for tasks to queue
[2023-01-03T04:03:16.601+0000] {logging_mixin.py:137} INFO - [2023-01-03T04:03:16.600+0000] {dagbag.py:538} INFO - Filling up the DagBag from /home/airflow/.local/lib/python3.7/site-packages/airflow/example_dags/example_python_operator.py
[2023-01-03T04:03:17.111+0000] {logging_mixin.py:137} INFO - [2023-01-03T04:03:17.111+0000] {taskmixin.py:205} WARNING - Dependency <Task(_PythonDecoratedOperator): print_the_context>, log_sql_query already registered for DAG: example_python_operator
[2023-01-03T04:03:17.154+0000] {logging_mixin.py:137} INFO - [2023-01-03T04:03:17.154+0000] {taskmixin.py:205} WARNING - Dependency <Task(_PythonDecoratedOperator): log_sql_query>, print_the_context already registered for DAG: example_python_operator
[2023-01-03T04:03:17.230+0000] {logging_mixin.py:137} INFO - [2023-01-03T04:03:17.229+0000] {taskmixin.py:205} WARNING - Dependency <Task(_PythonDecoratedOperator): print_the_context>, log_sql_query already registered for DAG: example_python_operator
[2023-01-03T04:03:17.235+0000] {logging_mixin.py:137} INFO - [2023-01-03T04:03:17.234+0000] {taskmixin.py:205} WARNING - Dependency <Task(_PythonDecoratedOperator): log_sql_query>, print_the_context already registered for DAG: example_python_operator
[2023-01-03T04:03:17.243+0000] {logging_mixin.py:137} INFO - [2023-01-03T04:03:17.243+0000] {taskmixin.py:205} WARNING - Dependency <Task(_PythonDecoratedOperator): print_the_context>, log_sql_query already registered for DAG: example_python_operator
[2023-01-03T04:03:17.254+0000] {logging_mixin.py:137} INFO - [2023-01-03T04:03:17.252+0000] {taskmixin.py:205} WARNING - Dependency <Task(_PythonDecoratedOperator): log_sql_query>, print_the_context already registered for DAG: example_python_operator
[2023-01-03T04:03:17.265+0000] {logging_mixin.py:137} INFO - [2023-01-03T04:03:17.265+0000] {taskmixin.py:205} WARNING - Dependency <Task(_PythonDecoratedOperator): print_the_context>, log_sql_query already registered for DAG: example_python_operator
[2023-01-03T04:03:17.271+0000] {logging_mixin.py:137} INFO - [2023-01-03T04:03:17.269+0000] {taskmixin.py:205} WARNING - Dependency <Task(_PythonDecoratedOperator): log_sql_query>, print_the_context already registered for DAG: example_python_operator
[2023-01-03T04:03:17.363+0000] {processor.py:753} INFO - DAG(s) dict_keys(['example_python_operator']) retrieved from /home/airflow/.local/lib/python3.7/site-packages/airflow/example_dags/example_python_operator.py
[2023-01-03T04:03:19.331+0000] {logging_mixin.py:137} INFO - [2023-01-03T04:03:19.330+0000] {dag.py:2676} INFO - Sync 1 DAGs
[2023-01-03T04:03:20.046+0000] {logging_mixin.py:137} INFO - [2023-01-03T04:03:19.981+0000] {dag.py:3427} INFO - Setting next_dagrun for example_python_operator to None, run_after=None
[2023-01-03T04:03:20.661+0000] {processor.py:175} INFO - Processing /home/airflow/.local/lib/python3.7/site-packages/airflow/example_dags/example_python_operator.py took 4.148 seconds
[2023-01-03T04:07:42.379+0000] {processor.py:153} INFO - Started process (PID=73) to work on /home/airflow/.local/lib/python3.7/site-packages/airflow/example_dags/example_python_operator.py
[2023-01-03T04:07:42.647+0000] {processor.py:743} INFO - Processing file /home/airflow/.local/lib/python3.7/site-packages/airflow/example_dags/example_python_operator.py for tasks to queue
[2023-01-03T04:07:43.473+0000] {logging_mixin.py:137} INFO - [2023-01-03T04:07:43.403+0000] {dagbag.py:538} INFO - Filling up the DagBag from /home/airflow/.local/lib/python3.7/site-packages/airflow/example_dags/example_python_operator.py
[2023-01-03T04:09:23.284+0000] {processor.py:153} INFO - Started process (PID=89) to work on /home/airflow/.local/lib/python3.7/site-packages/airflow/example_dags/example_python_operator.py
[2023-01-03T04:09:23.290+0000] {processor.py:743} INFO - Processing file /home/airflow/.local/lib/python3.7/site-packages/airflow/example_dags/example_python_operator.py for tasks to queue
[2023-01-03T04:09:23.291+0000] {logging_mixin.py:137} INFO - [2023-01-03T04:09:23.291+0000] {dagbag.py:538} INFO - Filling up the DagBag from /home/airflow/.local/lib/python3.7/site-packages/airflow/example_dags/example_python_operator.py
[2023-01-03T04:09:23.456+0000] {logging_mixin.py:137} INFO - [2023-01-03T04:09:23.456+0000] {taskmixin.py:205} WARNING - Dependency <Task(_PythonDecoratedOperator): print_the_context>, log_sql_query already registered for DAG: example_python_operator
[2023-01-03T04:09:23.482+0000] {logging_mixin.py:137} INFO - [2023-01-03T04:09:23.482+0000] {taskmixin.py:205} WARNING - Dependency <Task(_PythonDecoratedOperator): log_sql_query>, print_the_context already registered for DAG: example_python_operator
[2023-01-03T04:09:23.486+0000] {logging_mixin.py:137} INFO - [2023-01-03T04:09:23.485+0000] {taskmixin.py:205} WARNING - Dependency <Task(_PythonDecoratedOperator): print_the_context>, log_sql_query already registered for DAG: example_python_operator
[2023-01-03T04:09:23.489+0000] {logging_mixin.py:137} INFO - [2023-01-03T04:09:23.489+0000] {taskmixin.py:205} WARNING - Dependency <Task(_PythonDecoratedOperator): log_sql_query>, print_the_context already registered for DAG: example_python_operator
[2023-01-03T04:09:23.491+0000] {logging_mixin.py:137} INFO - [2023-01-03T04:09:23.491+0000] {taskmixin.py:205} WARNING - Dependency <Task(_PythonDecoratedOperator): print_the_context>, log_sql_query already registered for DAG: example_python_operator
[2023-01-03T04:09:23.497+0000] {logging_mixin.py:137} INFO - [2023-01-03T04:09:23.497+0000] {taskmixin.py:205} WARNING - Dependency <Task(_PythonDecoratedOperator): log_sql_query>, print_the_context already registered for DAG: example_python_operator
[2023-01-03T04:09:23.500+0000] {logging_mixin.py:137} INFO - [2023-01-03T04:09:23.500+0000] {taskmixin.py:205} WARNING - Dependency <Task(_PythonDecoratedOperator): print_the_context>, log_sql_query already registered for DAG: example_python_operator
[2023-01-03T04:09:23.504+0000] {logging_mixin.py:137} INFO - [2023-01-03T04:09:23.504+0000] {taskmixin.py:205} WARNING - Dependency <Task(_PythonDecoratedOperator): log_sql_query>, print_the_context already registered for DAG: example_python_operator
[2023-01-03T04:09:23.560+0000] {processor.py:753} INFO - DAG(s) dict_keys(['example_python_operator']) retrieved from /home/airflow/.local/lib/python3.7/site-packages/airflow/example_dags/example_python_operator.py
[2023-01-03T04:09:23.902+0000] {logging_mixin.py:137} INFO - [2023-01-03T04:09:23.902+0000] {dag.py:2676} INFO - Sync 1 DAGs
[2023-01-03T04:09:23.957+0000] {logging_mixin.py:137} INFO - [2023-01-03T04:09:23.957+0000] {dag.py:3427} INFO - Setting next_dagrun for example_python_operator to None, run_after=None
[2023-01-03T04:09:24.027+0000] {processor.py:175} INFO - Processing /home/airflow/.local/lib/python3.7/site-packages/airflow/example_dags/example_python_operator.py took 0.760 seconds
[2023-01-03T04:09:54.412+0000] {processor.py:153} INFO - Started process (PID=151) to work on /home/airflow/.local/lib/python3.7/site-packages/airflow/example_dags/example_python_operator.py
[2023-01-03T04:09:54.417+0000] {processor.py:743} INFO - Processing file /home/airflow/.local/lib/python3.7/site-packages/airflow/example_dags/example_python_operator.py for tasks to queue
[2023-01-03T04:09:54.421+0000] {logging_mixin.py:137} INFO - [2023-01-03T04:09:54.420+0000] {dagbag.py:538} INFO - Filling up the DagBag from /home/airflow/.local/lib/python3.7/site-packages/airflow/example_dags/example_python_operator.py
[2023-01-03T04:09:54.484+0000] {logging_mixin.py:137} INFO - [2023-01-03T04:09:54.484+0000] {taskmixin.py:205} WARNING - Dependency <Task(_PythonDecoratedOperator): print_the_context>, log_sql_query already registered for DAG: example_python_operator
[2023-01-03T04:09:54.487+0000] {logging_mixin.py:137} INFO - [2023-01-03T04:09:54.486+0000] {taskmixin.py:205} WARNING - Dependency <Task(_PythonDecoratedOperator): log_sql_query>, print_the_context already registered for DAG: example_python_operator
[2023-01-03T04:09:54.490+0000] {logging_mixin.py:137} INFO - [2023-01-03T04:09:54.490+0000] {taskmixin.py:205} WARNING - Dependency <Task(_PythonDecoratedOperator): print_the_context>, log_sql_query already registered for DAG: example_python_operator
[2023-01-03T04:09:54.491+0000] {logging_mixin.py:137} INFO - [2023-01-03T04:09:54.491+0000] {taskmixin.py:205} WARNING - Dependency <Task(_PythonDecoratedOperator): log_sql_query>, print_the_context already registered for DAG: example_python_operator
[2023-01-03T04:09:54.494+0000] {logging_mixin.py:137} INFO - [2023-01-03T04:09:54.494+0000] {taskmixin.py:205} WARNING - Dependency <Task(_PythonDecoratedOperator): print_the_context>, log_sql_query already registered for DAG: example_python_operator
[2023-01-03T04:09:54.495+0000] {logging_mixin.py:137} INFO - [2023-01-03T04:09:54.495+0000] {taskmixin.py:205} WARNING - Dependency <Task(_PythonDecoratedOperator): log_sql_query>, print_the_context already registered for DAG: example_python_operator
[2023-01-03T04:09:54.496+0000] {logging_mixin.py:137} INFO - [2023-01-03T04:09:54.496+0000] {taskmixin.py:205} WARNING - Dependency <Task(_PythonDecoratedOperator): print_the_context>, log_sql_query already registered for DAG: example_python_operator
[2023-01-03T04:09:54.496+0000] {logging_mixin.py:137} INFO - [2023-01-03T04:09:54.496+0000] {taskmixin.py:205} WARNING - Dependency <Task(_PythonDecoratedOperator): log_sql_query>, print_the_context already registered for DAG: example_python_operator
[2023-01-03T04:09:54.522+0000] {processor.py:753} INFO - DAG(s) dict_keys(['example_python_operator']) retrieved from /home/airflow/.local/lib/python3.7/site-packages/airflow/example_dags/example_python_operator.py
[2023-01-03T04:09:54.675+0000] {logging_mixin.py:137} INFO - [2023-01-03T04:09:54.675+0000] {dag.py:2676} INFO - Sync 1 DAGs
[2023-01-03T04:09:54.722+0000] {logging_mixin.py:137} INFO - [2023-01-03T04:09:54.722+0000] {dag.py:3427} INFO - Setting next_dagrun for example_python_operator to None, run_after=None
[2023-01-03T04:09:54.760+0000] {processor.py:175} INFO - Processing /home/airflow/.local/lib/python3.7/site-packages/airflow/example_dags/example_python_operator.py took 0.360 seconds
[2023-01-03T04:10:27.934+0000] {processor.py:153} INFO - Started process (PID=213) to work on /home/airflow/.local/lib/python3.7/site-packages/airflow/example_dags/example_python_operator.py
[2023-01-03T04:10:27.940+0000] {processor.py:743} INFO - Processing file /home/airflow/.local/lib/python3.7/site-packages/airflow/example_dags/example_python_operator.py for tasks to queue
[2023-01-03T04:10:27.943+0000] {logging_mixin.py:137} INFO - [2023-01-03T04:10:27.942+0000] {dagbag.py:538} INFO - Filling up the DagBag from /home/airflow/.local/lib/python3.7/site-packages/airflow/example_dags/example_python_operator.py
[2023-01-03T04:10:28.079+0000] {logging_mixin.py:137} INFO - [2023-01-03T04:10:28.078+0000] {taskmixin.py:205} WARNING - Dependency <Task(_PythonDecoratedOperator): print_the_context>, log_sql_query already registered for DAG: example_python_operator
[2023-01-03T04:10:28.081+0000] {logging_mixin.py:137} INFO - [2023-01-03T04:10:28.080+0000] {taskmixin.py:205} WARNING - Dependency <Task(_PythonDecoratedOperator): log_sql_query>, print_the_context already registered for DAG: example_python_operator
[2023-01-03T04:10:28.083+0000] {logging_mixin.py:137} INFO - [2023-01-03T04:10:28.082+0000] {taskmixin.py:205} WARNING - Dependency <Task(_PythonDecoratedOperator): print_the_context>, log_sql_query already registered for DAG: example_python_operator
[2023-01-03T04:10:28.085+0000] {logging_mixin.py:137} INFO - [2023-01-03T04:10:28.085+0000] {taskmixin.py:205} WARNING - Dependency <Task(_PythonDecoratedOperator): log_sql_query>, print_the_context already registered for DAG: example_python_operator
[2023-01-03T04:10:28.092+0000] {logging_mixin.py:137} INFO - [2023-01-03T04:10:28.092+0000] {taskmixin.py:205} WARNING - Dependency <Task(_PythonDecoratedOperator): print_the_context>, log_sql_query already registered for DAG: example_python_operator
[2023-01-03T04:10:28.093+0000] {logging_mixin.py:137} INFO - [2023-01-03T04:10:28.093+0000] {taskmixin.py:205} WARNING - Dependency <Task(_PythonDecoratedOperator): log_sql_query>, print_the_context already registered for DAG: example_python_operator
[2023-01-03T04:10:28.094+0000] {logging_mixin.py:137} INFO - [2023-01-03T04:10:28.094+0000] {taskmixin.py:205} WARNING - Dependency <Task(_PythonDecoratedOperator): print_the_context>, log_sql_query already registered for DAG: example_python_operator
[2023-01-03T04:10:28.095+0000] {logging_mixin.py:137} INFO - [2023-01-03T04:10:28.095+0000] {taskmixin.py:205} WARNING - Dependency <Task(_PythonDecoratedOperator): log_sql_query>, print_the_context already registered for DAG: example_python_operator
[2023-01-03T04:10:28.141+0000] {processor.py:753} INFO - DAG(s) dict_keys(['example_python_operator']) retrieved from /home/airflow/.local/lib/python3.7/site-packages/airflow/example_dags/example_python_operator.py
[2023-01-03T04:10:28.464+0000] {logging_mixin.py:137} INFO - [2023-01-03T04:10:28.464+0000] {dag.py:2676} INFO - Sync 1 DAGs
[2023-01-03T04:10:28.619+0000] {logging_mixin.py:137} INFO - [2023-01-03T04:10:28.590+0000] {dag.py:3427} INFO - Setting next_dagrun for example_python_operator to None, run_after=None
[2023-01-03T04:10:28.728+0000] {processor.py:175} INFO - Processing /home/airflow/.local/lib/python3.7/site-packages/airflow/example_dags/example_python_operator.py took 0.820 seconds
[2023-01-03T04:10:59.882+0000] {processor.py:153} INFO - Started process (PID=269) to work on /home/airflow/.local/lib/python3.7/site-packages/airflow/example_dags/example_python_operator.py
[2023-01-03T04:10:59.901+0000] {processor.py:743} INFO - Processing file /home/airflow/.local/lib/python3.7/site-packages/airflow/example_dags/example_python_operator.py for tasks to queue
[2023-01-03T04:10:59.907+0000] {logging_mixin.py:137} INFO - [2023-01-03T04:10:59.906+0000] {dagbag.py:538} INFO - Filling up the DagBag from /home/airflow/.local/lib/python3.7/site-packages/airflow/example_dags/example_python_operator.py
[2023-01-03T04:11:00.065+0000] {logging_mixin.py:137} INFO - [2023-01-03T04:11:00.064+0000] {taskmixin.py:205} WARNING - Dependency <Task(_PythonDecoratedOperator): print_the_context>, log_sql_query already registered for DAG: example_python_operator
[2023-01-03T04:11:00.068+0000] {logging_mixin.py:137} INFO - [2023-01-03T04:11:00.068+0000] {taskmixin.py:205} WARNING - Dependency <Task(_PythonDecoratedOperator): log_sql_query>, print_the_context already registered for DAG: example_python_operator
[2023-01-03T04:11:00.074+0000] {logging_mixin.py:137} INFO - [2023-01-03T04:11:00.074+0000] {taskmixin.py:205} WARNING - Dependency <Task(_PythonDecoratedOperator): print_the_context>, log_sql_query already registered for DAG: example_python_operator
[2023-01-03T04:11:00.074+0000] {logging_mixin.py:137} INFO - [2023-01-03T04:11:00.074+0000] {taskmixin.py:205} WARNING - Dependency <Task(_PythonDecoratedOperator): log_sql_query>, print_the_context already registered for DAG: example_python_operator
[2023-01-03T04:11:00.076+0000] {logging_mixin.py:137} INFO - [2023-01-03T04:11:00.076+0000] {taskmixin.py:205} WARNING - Dependency <Task(_PythonDecoratedOperator): print_the_context>, log_sql_query already registered for DAG: example_python_operator
[2023-01-03T04:11:00.079+0000] {logging_mixin.py:137} INFO - [2023-01-03T04:11:00.079+0000] {taskmixin.py:205} WARNING - Dependency <Task(_PythonDecoratedOperator): log_sql_query>, print_the_context already registered for DAG: example_python_operator
[2023-01-03T04:11:00.081+0000] {logging_mixin.py:137} INFO - [2023-01-03T04:11:00.080+0000] {taskmixin.py:205} WARNING - Dependency <Task(_PythonDecoratedOperator): print_the_context>, log_sql_query already registered for DAG: example_python_operator
[2023-01-03T04:11:00.082+0000] {logging_mixin.py:137} INFO - [2023-01-03T04:11:00.082+0000] {taskmixin.py:205} WARNING - Dependency <Task(_PythonDecoratedOperator): log_sql_query>, print_the_context already registered for DAG: example_python_operator
[2023-01-03T04:11:00.110+0000] {processor.py:753} INFO - DAG(s) dict_keys(['example_python_operator']) retrieved from /home/airflow/.local/lib/python3.7/site-packages/airflow/example_dags/example_python_operator.py
[2023-01-03T04:11:00.375+0000] {logging_mixin.py:137} INFO - [2023-01-03T04:11:00.375+0000] {dag.py:2676} INFO - Sync 1 DAGs
[2023-01-03T04:11:00.585+0000] {logging_mixin.py:137} INFO - [2023-01-03T04:11:00.585+0000] {dag.py:3427} INFO - Setting next_dagrun for example_python_operator to None, run_after=None
[2023-01-03T04:11:00.679+0000] {processor.py:175} INFO - Processing /home/airflow/.local/lib/python3.7/site-packages/airflow/example_dags/example_python_operator.py took 0.801 seconds
[2023-01-03T04:11:36.519+0000] {processor.py:153} INFO - Started process (PID=317) to work on /home/airflow/.local/lib/python3.7/site-packages/airflow/example_dags/example_python_operator.py
[2023-01-03T04:11:36.522+0000] {processor.py:743} INFO - Processing file /home/airflow/.local/lib/python3.7/site-packages/airflow/example_dags/example_python_operator.py for tasks to queue
[2023-01-03T04:11:36.525+0000] {logging_mixin.py:137} INFO - [2023-01-03T04:11:36.525+0000] {dagbag.py:538} INFO - Filling up the DagBag from /home/airflow/.local/lib/python3.7/site-packages/airflow/example_dags/example_python_operator.py
[2023-01-03T04:11:36.723+0000] {logging_mixin.py:137} INFO - [2023-01-03T04:11:36.714+0000] {taskmixin.py:205} WARNING - Dependency <Task(_PythonDecoratedOperator): print_the_context>, log_sql_query already registered for DAG: example_python_operator
[2023-01-03T04:11:36.724+0000] {logging_mixin.py:137} INFO - [2023-01-03T04:11:36.724+0000] {taskmixin.py:205} WARNING - Dependency <Task(_PythonDecoratedOperator): log_sql_query>, print_the_context already registered for DAG: example_python_operator
[2023-01-03T04:11:36.725+0000] {logging_mixin.py:137} INFO - [2023-01-03T04:11:36.725+0000] {taskmixin.py:205} WARNING - Dependency <Task(_PythonDecoratedOperator): print_the_context>, log_sql_query already registered for DAG: example_python_operator
[2023-01-03T04:11:36.725+0000] {logging_mixin.py:137} INFO - [2023-01-03T04:11:36.725+0000] {taskmixin.py:205} WARNING - Dependency <Task(_PythonDecoratedOperator): log_sql_query>, print_the_context already registered for DAG: example_python_operator
[2023-01-03T04:11:36.726+0000] {logging_mixin.py:137} INFO - [2023-01-03T04:11:36.726+0000] {taskmixin.py:205} WARNING - Dependency <Task(_PythonDecoratedOperator): print_the_context>, log_sql_query already registered for DAG: example_python_operator
[2023-01-03T04:11:36.727+0000] {logging_mixin.py:137} INFO - [2023-01-03T04:11:36.727+0000] {taskmixin.py:205} WARNING - Dependency <Task(_PythonDecoratedOperator): log_sql_query>, print_the_context already registered for DAG: example_python_operator
[2023-01-03T04:11:36.729+0000] {logging_mixin.py:137} INFO - [2023-01-03T04:11:36.729+0000] {taskmixin.py:205} WARNING - Dependency <Task(_PythonDecoratedOperator): print_the_context>, log_sql_query already registered for DAG: example_python_operator
[2023-01-03T04:11:36.729+0000] {logging_mixin.py:137} INFO - [2023-01-03T04:11:36.729+0000] {taskmixin.py:205} WARNING - Dependency <Task(_PythonDecoratedOperator): log_sql_query>, print_the_context already registered for DAG: example_python_operator
[2023-01-03T04:11:36.752+0000] {processor.py:753} INFO - DAG(s) dict_keys(['example_python_operator']) retrieved from /home/airflow/.local/lib/python3.7/site-packages/airflow/example_dags/example_python_operator.py
[2023-01-03T04:11:37.056+0000] {logging_mixin.py:137} INFO - [2023-01-03T04:11:37.056+0000] {dag.py:2676} INFO - Sync 1 DAGs
[2023-01-03T04:11:37.110+0000] {logging_mixin.py:137} INFO - [2023-01-03T04:11:37.110+0000] {dag.py:3427} INFO - Setting next_dagrun for example_python_operator to None, run_after=None
[2023-01-03T04:11:37.154+0000] {processor.py:175} INFO - Processing /home/airflow/.local/lib/python3.7/site-packages/airflow/example_dags/example_python_operator.py took 0.668 seconds
[2023-01-03T04:12:08.834+0000] {processor.py:153} INFO - Started process (PID=380) to work on /home/airflow/.local/lib/python3.7/site-packages/airflow/example_dags/example_python_operator.py
[2023-01-03T04:12:08.836+0000] {processor.py:743} INFO - Processing file /home/airflow/.local/lib/python3.7/site-packages/airflow/example_dags/example_python_operator.py for tasks to queue
[2023-01-03T04:12:08.838+0000] {logging_mixin.py:137} INFO - [2023-01-03T04:12:08.838+0000] {dagbag.py:538} INFO - Filling up the DagBag from /home/airflow/.local/lib/python3.7/site-packages/airflow/example_dags/example_python_operator.py
[2023-01-03T04:12:08.934+0000] {logging_mixin.py:137} INFO - [2023-01-03T04:12:08.933+0000] {taskmixin.py:205} WARNING - Dependency <Task(_PythonDecoratedOperator): print_the_context>, log_sql_query already registered for DAG: example_python_operator
[2023-01-03T04:12:08.935+0000] {logging_mixin.py:137} INFO - [2023-01-03T04:12:08.935+0000] {taskmixin.py:205} WARNING - Dependency <Task(_PythonDecoratedOperator): log_sql_query>, print_the_context already registered for DAG: example_python_operator
[2023-01-03T04:12:08.936+0000] {logging_mixin.py:137} INFO - [2023-01-03T04:12:08.936+0000] {taskmixin.py:205} WARNING - Dependency <Task(_PythonDecoratedOperator): print_the_context>, log_sql_query already registered for DAG: example_python_operator
[2023-01-03T04:12:08.938+0000] {logging_mixin.py:137} INFO - [2023-01-03T04:12:08.938+0000] {taskmixin.py:205} WARNING - Dependency <Task(_PythonDecoratedOperator): log_sql_query>, print_the_context already registered for DAG: example_python_operator
[2023-01-03T04:12:08.939+0000] {logging_mixin.py:137} INFO - [2023-01-03T04:12:08.939+0000] {taskmixin.py:205} WARNING - Dependency <Task(_PythonDecoratedOperator): print_the_context>, log_sql_query already registered for DAG: example_python_operator
[2023-01-03T04:12:08.940+0000] {logging_mixin.py:137} INFO - [2023-01-03T04:12:08.940+0000] {taskmixin.py:205} WARNING - Dependency <Task(_PythonDecoratedOperator): log_sql_query>, print_the_context already registered for DAG: example_python_operator
[2023-01-03T04:12:08.941+0000] {logging_mixin.py:137} INFO - [2023-01-03T04:12:08.940+0000] {taskmixin.py:205} WARNING - Dependency <Task(_PythonDecoratedOperator): print_the_context>, log_sql_query already registered for DAG: example_python_operator
[2023-01-03T04:12:08.941+0000] {logging_mixin.py:137} INFO - [2023-01-03T04:12:08.941+0000] {taskmixin.py:205} WARNING - Dependency <Task(_PythonDecoratedOperator): log_sql_query>, print_the_context already registered for DAG: example_python_operator
[2023-01-03T04:12:08.974+0000] {processor.py:753} INFO - DAG(s) dict_keys(['example_python_operator']) retrieved from /home/airflow/.local/lib/python3.7/site-packages/airflow/example_dags/example_python_operator.py
[2023-01-03T04:12:09.260+0000] {logging_mixin.py:137} INFO - [2023-01-03T04:12:09.259+0000] {dag.py:2676} INFO - Sync 1 DAGs
[2023-01-03T04:12:09.347+0000] {logging_mixin.py:137} INFO - [2023-01-03T04:12:09.346+0000] {dag.py:3427} INFO - Setting next_dagrun for example_python_operator to None, run_after=None
[2023-01-03T04:12:09.466+0000] {processor.py:175} INFO - Processing /home/airflow/.local/lib/python3.7/site-packages/airflow/example_dags/example_python_operator.py took 0.641 seconds
[2023-01-03T04:12:52.174+0000] {processor.py:153} INFO - Started process (PID=407) to work on /home/airflow/.local/lib/python3.7/site-packages/airflow/example_dags/example_python_operator.py
[2023-01-03T04:12:52.203+0000] {processor.py:743} INFO - Processing file /home/airflow/.local/lib/python3.7/site-packages/airflow/example_dags/example_python_operator.py for tasks to queue
[2023-01-03T04:12:52.206+0000] {logging_mixin.py:137} INFO - [2023-01-03T04:12:52.205+0000] {dagbag.py:538} INFO - Filling up the DagBag from /home/airflow/.local/lib/python3.7/site-packages/airflow/example_dags/example_python_operator.py
[2023-01-03T04:12:52.696+0000] {logging_mixin.py:137} INFO - [2023-01-03T04:12:52.690+0000] {taskmixin.py:205} WARNING - Dependency <Task(_PythonDecoratedOperator): print_the_context>, log_sql_query already registered for DAG: example_python_operator
[2023-01-03T04:12:52.709+0000] {logging_mixin.py:137} INFO - [2023-01-03T04:12:52.709+0000] {taskmixin.py:205} WARNING - Dependency <Task(_PythonDecoratedOperator): log_sql_query>, print_the_context already registered for DAG: example_python_operator
[2023-01-03T04:12:52.716+0000] {logging_mixin.py:137} INFO - [2023-01-03T04:12:52.715+0000] {taskmixin.py:205} WARNING - Dependency <Task(_PythonDecoratedOperator): print_the_context>, log_sql_query already registered for DAG: example_python_operator
[2023-01-03T04:12:52.728+0000] {logging_mixin.py:137} INFO - [2023-01-03T04:12:52.728+0000] {taskmixin.py:205} WARNING - Dependency <Task(_PythonDecoratedOperator): log_sql_query>, print_the_context already registered for DAG: example_python_operator
[2023-01-03T04:12:52.745+0000] {logging_mixin.py:137} INFO - [2023-01-03T04:12:52.744+0000] {taskmixin.py:205} WARNING - Dependency <Task(_PythonDecoratedOperator): print_the_context>, log_sql_query already registered for DAG: example_python_operator
[2023-01-03T04:12:52.748+0000] {logging_mixin.py:137} INFO - [2023-01-03T04:12:52.747+0000] {taskmixin.py:205} WARNING - Dependency <Task(_PythonDecoratedOperator): log_sql_query>, print_the_context already registered for DAG: example_python_operator
[2023-01-03T04:12:52.754+0000] {logging_mixin.py:137} INFO - [2023-01-03T04:12:52.752+0000] {taskmixin.py:205} WARNING - Dependency <Task(_PythonDecoratedOperator): print_the_context>, log_sql_query already registered for DAG: example_python_operator
[2023-01-03T04:12:52.756+0000] {logging_mixin.py:137} INFO - [2023-01-03T04:12:52.756+0000] {taskmixin.py:205} WARNING - Dependency <Task(_PythonDecoratedOperator): log_sql_query>, print_the_context already registered for DAG: example_python_operator
[2023-01-03T04:12:53.139+0000] {processor.py:753} INFO - DAG(s) dict_keys(['example_python_operator']) retrieved from /home/airflow/.local/lib/python3.7/site-packages/airflow/example_dags/example_python_operator.py
[2023-01-03T04:13:09.757+0000] {logging_mixin.py:137} INFO - [2023-01-03T04:13:09.737+0000] {dag.py:2676} INFO - Sync 1 DAGs
[2023-01-03T04:13:11.169+0000] {logging_mixin.py:137} INFO - [2023-01-03T04:13:11.150+0000] {dag.py:3427} INFO - Setting next_dagrun for example_python_operator to None, run_after=None
[2023-01-03T04:13:12.490+0000] {processor.py:175} INFO - Processing /home/airflow/.local/lib/python3.7/site-packages/airflow/example_dags/example_python_operator.py took 19.883 seconds
