[2023-01-03T03:44:36.916+0000] {processor.py:153} INFO - Started process (PID=80) to work on /home/airflow/.local/lib/python3.7/site-packages/airflow/example_dags/example_branch_python_dop_operator_3.py
[2023-01-03T03:44:36.934+0000] {processor.py:743} INFO - Processing file /home/airflow/.local/lib/python3.7/site-packages/airflow/example_dags/example_branch_python_dop_operator_3.py for tasks to queue
[2023-01-03T03:44:36.935+0000] {logging_mixin.py:137} INFO - [2023-01-03T03:44:36.935+0000] {dagbag.py:538} INFO - Filling up the DagBag from /home/airflow/.local/lib/python3.7/site-packages/airflow/example_dags/example_branch_python_dop_operator_3.py
[2023-01-03T03:44:37.097+0000] {processor.py:753} INFO - DAG(s) dict_keys(['example_branch_dop_operator_v3']) retrieved from /home/airflow/.local/lib/python3.7/site-packages/airflow/example_dags/example_branch_python_dop_operator_3.py
[2023-01-03T03:44:37.367+0000] {logging_mixin.py:137} INFO - [2023-01-03T03:44:37.367+0000] {dag.py:2676} INFO - Sync 1 DAGs
[2023-01-03T03:44:37.468+0000] {logging_mixin.py:137} INFO - [2023-01-03T03:44:37.467+0000] {dag.py:3427} INFO - Setting next_dagrun for example_branch_dop_operator_v3 to 2023-01-03T03:43:00+00:00, run_after=2023-01-03T03:44:00+00:00
[2023-01-03T03:44:37.514+0000] {processor.py:175} INFO - Processing /home/airflow/.local/lib/python3.7/site-packages/airflow/example_dags/example_branch_python_dop_operator_3.py took 0.604 seconds
[2023-01-03T03:45:08.254+0000] {processor.py:153} INFO - Started process (PID=153) to work on /home/airflow/.local/lib/python3.7/site-packages/airflow/example_dags/example_branch_python_dop_operator_3.py
[2023-01-03T03:45:08.265+0000] {processor.py:743} INFO - Processing file /home/airflow/.local/lib/python3.7/site-packages/airflow/example_dags/example_branch_python_dop_operator_3.py for tasks to queue
[2023-01-03T03:45:08.270+0000] {logging_mixin.py:137} INFO - [2023-01-03T03:45:08.269+0000] {dagbag.py:538} INFO - Filling up the DagBag from /home/airflow/.local/lib/python3.7/site-packages/airflow/example_dags/example_branch_python_dop_operator_3.py
[2023-01-03T03:45:08.380+0000] {processor.py:753} INFO - DAG(s) dict_keys(['example_branch_dop_operator_v3']) retrieved from /home/airflow/.local/lib/python3.7/site-packages/airflow/example_dags/example_branch_python_dop_operator_3.py
[2023-01-03T03:45:08.509+0000] {logging_mixin.py:137} INFO - [2023-01-03T03:45:08.509+0000] {dag.py:2676} INFO - Sync 1 DAGs
[2023-01-03T03:45:08.582+0000] {logging_mixin.py:137} INFO - [2023-01-03T03:45:08.582+0000] {dag.py:3427} INFO - Setting next_dagrun for example_branch_dop_operator_v3 to 2023-01-03T03:44:00+00:00, run_after=2023-01-03T03:45:00+00:00
[2023-01-03T03:45:08.647+0000] {processor.py:175} INFO - Processing /home/airflow/.local/lib/python3.7/site-packages/airflow/example_dags/example_branch_python_dop_operator_3.py took 0.398 seconds
[2023-01-03T03:45:39.029+0000] {processor.py:153} INFO - Started process (PID=215) to work on /home/airflow/.local/lib/python3.7/site-packages/airflow/example_dags/example_branch_python_dop_operator_3.py
[2023-01-03T03:45:39.036+0000] {processor.py:743} INFO - Processing file /home/airflow/.local/lib/python3.7/site-packages/airflow/example_dags/example_branch_python_dop_operator_3.py for tasks to queue
[2023-01-03T03:45:39.039+0000] {logging_mixin.py:137} INFO - [2023-01-03T03:45:39.039+0000] {dagbag.py:538} INFO - Filling up the DagBag from /home/airflow/.local/lib/python3.7/site-packages/airflow/example_dags/example_branch_python_dop_operator_3.py
[2023-01-03T03:45:39.112+0000] {processor.py:753} INFO - DAG(s) dict_keys(['example_branch_dop_operator_v3']) retrieved from /home/airflow/.local/lib/python3.7/site-packages/airflow/example_dags/example_branch_python_dop_operator_3.py
[2023-01-03T03:45:39.210+0000] {logging_mixin.py:137} INFO - [2023-01-03T03:45:39.210+0000] {dag.py:2676} INFO - Sync 1 DAGs
[2023-01-03T03:45:39.307+0000] {logging_mixin.py:137} INFO - [2023-01-03T03:45:39.307+0000] {dag.py:3427} INFO - Setting next_dagrun for example_branch_dop_operator_v3 to 2023-01-03T03:44:00+00:00, run_after=2023-01-03T03:45:00+00:00
[2023-01-03T03:45:39.367+0000] {processor.py:175} INFO - Processing /home/airflow/.local/lib/python3.7/site-packages/airflow/example_dags/example_branch_python_dop_operator_3.py took 0.350 seconds
[2023-01-03T03:46:10.062+0000] {processor.py:153} INFO - Started process (PID=278) to work on /home/airflow/.local/lib/python3.7/site-packages/airflow/example_dags/example_branch_python_dop_operator_3.py
[2023-01-03T03:46:10.067+0000] {processor.py:743} INFO - Processing file /home/airflow/.local/lib/python3.7/site-packages/airflow/example_dags/example_branch_python_dop_operator_3.py for tasks to queue
[2023-01-03T03:46:10.068+0000] {logging_mixin.py:137} INFO - [2023-01-03T03:46:10.068+0000] {dagbag.py:538} INFO - Filling up the DagBag from /home/airflow/.local/lib/python3.7/site-packages/airflow/example_dags/example_branch_python_dop_operator_3.py
[2023-01-03T03:46:10.114+0000] {processor.py:753} INFO - DAG(s) dict_keys(['example_branch_dop_operator_v3']) retrieved from /home/airflow/.local/lib/python3.7/site-packages/airflow/example_dags/example_branch_python_dop_operator_3.py
[2023-01-03T03:46:10.189+0000] {logging_mixin.py:137} INFO - [2023-01-03T03:46:10.189+0000] {dag.py:2676} INFO - Sync 1 DAGs
[2023-01-03T03:46:10.252+0000] {logging_mixin.py:137} INFO - [2023-01-03T03:46:10.251+0000] {dag.py:3427} INFO - Setting next_dagrun for example_branch_dop_operator_v3 to 2023-01-03T03:45:00+00:00, run_after=2023-01-03T03:46:00+00:00
[2023-01-03T03:46:10.287+0000] {processor.py:175} INFO - Processing /home/airflow/.local/lib/python3.7/site-packages/airflow/example_dags/example_branch_python_dop_operator_3.py took 0.233 seconds
[2023-01-03T03:46:42.285+0000] {processor.py:153} INFO - Started process (PID=348) to work on /home/airflow/.local/lib/python3.7/site-packages/airflow/example_dags/example_branch_python_dop_operator_3.py
[2023-01-03T03:46:42.294+0000] {processor.py:743} INFO - Processing file /home/airflow/.local/lib/python3.7/site-packages/airflow/example_dags/example_branch_python_dop_operator_3.py for tasks to queue
[2023-01-03T03:46:42.299+0000] {logging_mixin.py:137} INFO - [2023-01-03T03:46:42.299+0000] {dagbag.py:538} INFO - Filling up the DagBag from /home/airflow/.local/lib/python3.7/site-packages/airflow/example_dags/example_branch_python_dop_operator_3.py
[2023-01-03T03:46:42.529+0000] {processor.py:753} INFO - DAG(s) dict_keys(['example_branch_dop_operator_v3']) retrieved from /home/airflow/.local/lib/python3.7/site-packages/airflow/example_dags/example_branch_python_dop_operator_3.py
[2023-01-03T03:46:42.803+0000] {logging_mixin.py:137} INFO - [2023-01-03T03:46:42.802+0000] {dag.py:2676} INFO - Sync 1 DAGs
[2023-01-03T03:46:42.939+0000] {logging_mixin.py:137} INFO - [2023-01-03T03:46:42.939+0000] {dag.py:3427} INFO - Setting next_dagrun for example_branch_dop_operator_v3 to 2023-01-03T03:45:00+00:00, run_after=2023-01-03T03:46:00+00:00
[2023-01-03T03:46:42.981+0000] {processor.py:175} INFO - Processing /home/airflow/.local/lib/python3.7/site-packages/airflow/example_dags/example_branch_python_dop_operator_3.py took 0.719 seconds
[2023-01-03T03:47:13.326+0000] {processor.py:153} INFO - Started process (PID=413) to work on /home/airflow/.local/lib/python3.7/site-packages/airflow/example_dags/example_branch_python_dop_operator_3.py
[2023-01-03T03:47:13.333+0000] {processor.py:743} INFO - Processing file /home/airflow/.local/lib/python3.7/site-packages/airflow/example_dags/example_branch_python_dop_operator_3.py for tasks to queue
[2023-01-03T03:47:13.335+0000] {logging_mixin.py:137} INFO - [2023-01-03T03:47:13.335+0000] {dagbag.py:538} INFO - Filling up the DagBag from /home/airflow/.local/lib/python3.7/site-packages/airflow/example_dags/example_branch_python_dop_operator_3.py
[2023-01-03T03:47:13.418+0000] {processor.py:753} INFO - DAG(s) dict_keys(['example_branch_dop_operator_v3']) retrieved from /home/airflow/.local/lib/python3.7/site-packages/airflow/example_dags/example_branch_python_dop_operator_3.py
[2023-01-03T03:47:13.627+0000] {logging_mixin.py:137} INFO - [2023-01-03T03:47:13.627+0000] {dag.py:2676} INFO - Sync 1 DAGs
[2023-01-03T03:47:13.685+0000] {logging_mixin.py:137} INFO - [2023-01-03T03:47:13.684+0000] {dag.py:3427} INFO - Setting next_dagrun for example_branch_dop_operator_v3 to 2023-01-03T03:46:00+00:00, run_after=2023-01-03T03:47:00+00:00
[2023-01-03T03:47:13.717+0000] {processor.py:175} INFO - Processing /home/airflow/.local/lib/python3.7/site-packages/airflow/example_dags/example_branch_python_dop_operator_3.py took 0.396 seconds
[2023-01-03T03:47:45.018+0000] {processor.py:153} INFO - Started process (PID=475) to work on /home/airflow/.local/lib/python3.7/site-packages/airflow/example_dags/example_branch_python_dop_operator_3.py
[2023-01-03T03:47:45.021+0000] {processor.py:743} INFO - Processing file /home/airflow/.local/lib/python3.7/site-packages/airflow/example_dags/example_branch_python_dop_operator_3.py for tasks to queue
[2023-01-03T03:47:45.023+0000] {logging_mixin.py:137} INFO - [2023-01-03T03:47:45.023+0000] {dagbag.py:538} INFO - Filling up the DagBag from /home/airflow/.local/lib/python3.7/site-packages/airflow/example_dags/example_branch_python_dop_operator_3.py
[2023-01-03T03:47:45.134+0000] {processor.py:753} INFO - DAG(s) dict_keys(['example_branch_dop_operator_v3']) retrieved from /home/airflow/.local/lib/python3.7/site-packages/airflow/example_dags/example_branch_python_dop_operator_3.py
[2023-01-03T03:47:45.386+0000] {logging_mixin.py:137} INFO - [2023-01-03T03:47:45.386+0000] {dag.py:2676} INFO - Sync 1 DAGs
[2023-01-03T03:47:45.520+0000] {logging_mixin.py:137} INFO - [2023-01-03T03:47:45.520+0000] {dag.py:3427} INFO - Setting next_dagrun for example_branch_dop_operator_v3 to 2023-01-03T03:46:00+00:00, run_after=2023-01-03T03:47:00+00:00
[2023-01-03T03:47:45.656+0000] {processor.py:175} INFO - Processing /home/airflow/.local/lib/python3.7/site-packages/airflow/example_dags/example_branch_python_dop_operator_3.py took 0.643 seconds
[2023-01-03T03:48:16.093+0000] {processor.py:153} INFO - Started process (PID=525) to work on /home/airflow/.local/lib/python3.7/site-packages/airflow/example_dags/example_branch_python_dop_operator_3.py
[2023-01-03T03:48:16.098+0000] {processor.py:743} INFO - Processing file /home/airflow/.local/lib/python3.7/site-packages/airflow/example_dags/example_branch_python_dop_operator_3.py for tasks to queue
[2023-01-03T03:48:16.104+0000] {logging_mixin.py:137} INFO - [2023-01-03T03:48:16.104+0000] {dagbag.py:538} INFO - Filling up the DagBag from /home/airflow/.local/lib/python3.7/site-packages/airflow/example_dags/example_branch_python_dop_operator_3.py
[2023-01-03T03:48:16.163+0000] {processor.py:753} INFO - DAG(s) dict_keys(['example_branch_dop_operator_v3']) retrieved from /home/airflow/.local/lib/python3.7/site-packages/airflow/example_dags/example_branch_python_dop_operator_3.py
[2023-01-03T03:48:16.280+0000] {logging_mixin.py:137} INFO - [2023-01-03T03:48:16.280+0000] {dag.py:2676} INFO - Sync 1 DAGs
[2023-01-03T03:48:16.342+0000] {logging_mixin.py:137} INFO - [2023-01-03T03:48:16.342+0000] {dag.py:3427} INFO - Setting next_dagrun for example_branch_dop_operator_v3 to 2023-01-03T03:47:00+00:00, run_after=2023-01-03T03:48:00+00:00
[2023-01-03T03:48:16.378+0000] {processor.py:175} INFO - Processing /home/airflow/.local/lib/python3.7/site-packages/airflow/example_dags/example_branch_python_dop_operator_3.py took 0.288 seconds
[2023-01-03T03:48:47.224+0000] {processor.py:153} INFO - Started process (PID=587) to work on /home/airflow/.local/lib/python3.7/site-packages/airflow/example_dags/example_branch_python_dop_operator_3.py
[2023-01-03T03:48:47.226+0000] {processor.py:743} INFO - Processing file /home/airflow/.local/lib/python3.7/site-packages/airflow/example_dags/example_branch_python_dop_operator_3.py for tasks to queue
[2023-01-03T03:48:47.228+0000] {logging_mixin.py:137} INFO - [2023-01-03T03:48:47.228+0000] {dagbag.py:538} INFO - Filling up the DagBag from /home/airflow/.local/lib/python3.7/site-packages/airflow/example_dags/example_branch_python_dop_operator_3.py
[2023-01-03T03:48:47.284+0000] {processor.py:753} INFO - DAG(s) dict_keys(['example_branch_dop_operator_v3']) retrieved from /home/airflow/.local/lib/python3.7/site-packages/airflow/example_dags/example_branch_python_dop_operator_3.py
[2023-01-03T03:48:47.398+0000] {logging_mixin.py:137} INFO - [2023-01-03T03:48:47.398+0000] {dag.py:2676} INFO - Sync 1 DAGs
[2023-01-03T03:48:47.444+0000] {logging_mixin.py:137} INFO - [2023-01-03T03:48:47.444+0000] {dag.py:3427} INFO - Setting next_dagrun for example_branch_dop_operator_v3 to 2023-01-03T03:47:00+00:00, run_after=2023-01-03T03:48:00+00:00
[2023-01-03T03:48:47.487+0000] {processor.py:175} INFO - Processing /home/airflow/.local/lib/python3.7/site-packages/airflow/example_dags/example_branch_python_dop_operator_3.py took 0.266 seconds
[2023-01-03T03:49:18.231+0000] {processor.py:153} INFO - Started process (PID=658) to work on /home/airflow/.local/lib/python3.7/site-packages/airflow/example_dags/example_branch_python_dop_operator_3.py
[2023-01-03T03:49:18.258+0000] {processor.py:743} INFO - Processing file /home/airflow/.local/lib/python3.7/site-packages/airflow/example_dags/example_branch_python_dop_operator_3.py for tasks to queue
[2023-01-03T03:49:18.259+0000] {logging_mixin.py:137} INFO - [2023-01-03T03:49:18.259+0000] {dagbag.py:538} INFO - Filling up the DagBag from /home/airflow/.local/lib/python3.7/site-packages/airflow/example_dags/example_branch_python_dop_operator_3.py
[2023-01-03T03:49:18.467+0000] {processor.py:753} INFO - DAG(s) dict_keys(['example_branch_dop_operator_v3']) retrieved from /home/airflow/.local/lib/python3.7/site-packages/airflow/example_dags/example_branch_python_dop_operator_3.py
[2023-01-03T03:49:18.796+0000] {logging_mixin.py:137} INFO - [2023-01-03T03:49:18.796+0000] {dag.py:2676} INFO - Sync 1 DAGs
[2023-01-03T03:49:18.944+0000] {logging_mixin.py:137} INFO - [2023-01-03T03:49:18.944+0000] {dag.py:3427} INFO - Setting next_dagrun for example_branch_dop_operator_v3 to 2023-01-03T03:48:00+00:00, run_after=2023-01-03T03:49:00+00:00
[2023-01-03T03:49:19.006+0000] {processor.py:175} INFO - Processing /home/airflow/.local/lib/python3.7/site-packages/airflow/example_dags/example_branch_python_dop_operator_3.py took 0.833 seconds
[2023-01-03T03:49:49.672+0000] {processor.py:153} INFO - Started process (PID=723) to work on /home/airflow/.local/lib/python3.7/site-packages/airflow/example_dags/example_branch_python_dop_operator_3.py
[2023-01-03T03:49:49.677+0000] {processor.py:743} INFO - Processing file /home/airflow/.local/lib/python3.7/site-packages/airflow/example_dags/example_branch_python_dop_operator_3.py for tasks to queue
[2023-01-03T03:49:49.680+0000] {logging_mixin.py:137} INFO - [2023-01-03T03:49:49.680+0000] {dagbag.py:538} INFO - Filling up the DagBag from /home/airflow/.local/lib/python3.7/site-packages/airflow/example_dags/example_branch_python_dop_operator_3.py
[2023-01-03T03:49:49.739+0000] {processor.py:753} INFO - DAG(s) dict_keys(['example_branch_dop_operator_v3']) retrieved from /home/airflow/.local/lib/python3.7/site-packages/airflow/example_dags/example_branch_python_dop_operator_3.py
[2023-01-03T03:49:49.858+0000] {logging_mixin.py:137} INFO - [2023-01-03T03:49:49.858+0000] {dag.py:2676} INFO - Sync 1 DAGs
[2023-01-03T03:49:49.940+0000] {logging_mixin.py:137} INFO - [2023-01-03T03:49:49.940+0000] {dag.py:3427} INFO - Setting next_dagrun for example_branch_dop_operator_v3 to 2023-01-03T03:48:00+00:00, run_after=2023-01-03T03:49:00+00:00
[2023-01-03T03:49:49.998+0000] {processor.py:175} INFO - Processing /home/airflow/.local/lib/python3.7/site-packages/airflow/example_dags/example_branch_python_dop_operator_3.py took 0.328 seconds
[2023-01-03T03:50:20.136+0000] {processor.py:153} INFO - Started process (PID=785) to work on /home/airflow/.local/lib/python3.7/site-packages/airflow/example_dags/example_branch_python_dop_operator_3.py
[2023-01-03T03:50:20.141+0000] {processor.py:743} INFO - Processing file /home/airflow/.local/lib/python3.7/site-packages/airflow/example_dags/example_branch_python_dop_operator_3.py for tasks to queue
[2023-01-03T03:50:20.144+0000] {logging_mixin.py:137} INFO - [2023-01-03T03:50:20.144+0000] {dagbag.py:538} INFO - Filling up the DagBag from /home/airflow/.local/lib/python3.7/site-packages/airflow/example_dags/example_branch_python_dop_operator_3.py
[2023-01-03T03:50:20.200+0000] {processor.py:753} INFO - DAG(s) dict_keys(['example_branch_dop_operator_v3']) retrieved from /home/airflow/.local/lib/python3.7/site-packages/airflow/example_dags/example_branch_python_dop_operator_3.py
[2023-01-03T03:50:20.282+0000] {logging_mixin.py:137} INFO - [2023-01-03T03:50:20.282+0000] {dag.py:2676} INFO - Sync 1 DAGs
[2023-01-03T03:50:20.343+0000] {logging_mixin.py:137} INFO - [2023-01-03T03:50:20.343+0000] {dag.py:3427} INFO - Setting next_dagrun for example_branch_dop_operator_v3 to 2023-01-03T03:49:00+00:00, run_after=2023-01-03T03:50:00+00:00
[2023-01-03T03:50:20.388+0000] {processor.py:175} INFO - Processing /home/airflow/.local/lib/python3.7/site-packages/airflow/example_dags/example_branch_python_dop_operator_3.py took 0.255 seconds
[2023-01-03T03:50:50.775+0000] {processor.py:153} INFO - Started process (PID=844) to work on /home/airflow/.local/lib/python3.7/site-packages/airflow/example_dags/example_branch_python_dop_operator_3.py
[2023-01-03T03:50:50.777+0000] {processor.py:743} INFO - Processing file /home/airflow/.local/lib/python3.7/site-packages/airflow/example_dags/example_branch_python_dop_operator_3.py for tasks to queue
[2023-01-03T03:50:50.778+0000] {logging_mixin.py:137} INFO - [2023-01-03T03:50:50.778+0000] {dagbag.py:538} INFO - Filling up the DagBag from /home/airflow/.local/lib/python3.7/site-packages/airflow/example_dags/example_branch_python_dop_operator_3.py
[2023-01-03T03:50:50.820+0000] {processor.py:753} INFO - DAG(s) dict_keys(['example_branch_dop_operator_v3']) retrieved from /home/airflow/.local/lib/python3.7/site-packages/airflow/example_dags/example_branch_python_dop_operator_3.py
[2023-01-03T03:50:50.866+0000] {logging_mixin.py:137} INFO - [2023-01-03T03:50:50.866+0000] {dag.py:2676} INFO - Sync 1 DAGs
[2023-01-03T03:50:50.887+0000] {logging_mixin.py:137} INFO - [2023-01-03T03:50:50.887+0000] {dag.py:3427} INFO - Setting next_dagrun for example_branch_dop_operator_v3 to 2023-01-03T03:49:00+00:00, run_after=2023-01-03T03:50:00+00:00
[2023-01-03T03:50:50.904+0000] {processor.py:175} INFO - Processing /home/airflow/.local/lib/python3.7/site-packages/airflow/example_dags/example_branch_python_dop_operator_3.py took 0.136 seconds
[2023-01-03T03:51:22.364+0000] {processor.py:153} INFO - Started process (PID=910) to work on /home/airflow/.local/lib/python3.7/site-packages/airflow/example_dags/example_branch_python_dop_operator_3.py
[2023-01-03T03:51:22.368+0000] {processor.py:743} INFO - Processing file /home/airflow/.local/lib/python3.7/site-packages/airflow/example_dags/example_branch_python_dop_operator_3.py for tasks to queue
[2023-01-03T03:51:22.370+0000] {logging_mixin.py:137} INFO - [2023-01-03T03:51:22.370+0000] {dagbag.py:538} INFO - Filling up the DagBag from /home/airflow/.local/lib/python3.7/site-packages/airflow/example_dags/example_branch_python_dop_operator_3.py
[2023-01-03T03:51:22.452+0000] {processor.py:753} INFO - DAG(s) dict_keys(['example_branch_dop_operator_v3']) retrieved from /home/airflow/.local/lib/python3.7/site-packages/airflow/example_dags/example_branch_python_dop_operator_3.py
[2023-01-03T03:51:22.582+0000] {logging_mixin.py:137} INFO - [2023-01-03T03:51:22.582+0000] {dag.py:2676} INFO - Sync 1 DAGs
[2023-01-03T03:51:22.661+0000] {logging_mixin.py:137} INFO - [2023-01-03T03:51:22.661+0000] {dag.py:3427} INFO - Setting next_dagrun for example_branch_dop_operator_v3 to 2023-01-03T03:50:00+00:00, run_after=2023-01-03T03:51:00+00:00
[2023-01-03T03:51:22.710+0000] {processor.py:175} INFO - Processing /home/airflow/.local/lib/python3.7/site-packages/airflow/example_dags/example_branch_python_dop_operator_3.py took 0.349 seconds
[2023-01-03T03:51:54.069+0000] {processor.py:153} INFO - Started process (PID=972) to work on /home/airflow/.local/lib/python3.7/site-packages/airflow/example_dags/example_branch_python_dop_operator_3.py
[2023-01-03T03:51:54.071+0000] {processor.py:743} INFO - Processing file /home/airflow/.local/lib/python3.7/site-packages/airflow/example_dags/example_branch_python_dop_operator_3.py for tasks to queue
[2023-01-03T03:51:54.072+0000] {logging_mixin.py:137} INFO - [2023-01-03T03:51:54.072+0000] {dagbag.py:538} INFO - Filling up the DagBag from /home/airflow/.local/lib/python3.7/site-packages/airflow/example_dags/example_branch_python_dop_operator_3.py
[2023-01-03T03:51:54.331+0000] {processor.py:753} INFO - DAG(s) dict_keys(['example_branch_dop_operator_v3']) retrieved from /home/airflow/.local/lib/python3.7/site-packages/airflow/example_dags/example_branch_python_dop_operator_3.py
[2023-01-03T03:51:59.707+0000] {logging_mixin.py:137} INFO - [2023-01-03T03:51:59.704+0000] {dag.py:2676} INFO - Sync 1 DAGs
[2023-01-03T03:51:59.875+0000] {logging_mixin.py:137} INFO - [2023-01-03T03:51:59.875+0000] {dag.py:3427} INFO - Setting next_dagrun for example_branch_dop_operator_v3 to 2023-01-03T03:50:00+00:00, run_after=2023-01-03T03:51:00+00:00
[2023-01-03T03:51:59.974+0000] {processor.py:175} INFO - Processing /home/airflow/.local/lib/python3.7/site-packages/airflow/example_dags/example_branch_python_dop_operator_3.py took 5.908 seconds
[2023-01-03T03:52:30.641+0000] {processor.py:153} INFO - Started process (PID=1034) to work on /home/airflow/.local/lib/python3.7/site-packages/airflow/example_dags/example_branch_python_dop_operator_3.py
[2023-01-03T03:52:30.642+0000] {processor.py:743} INFO - Processing file /home/airflow/.local/lib/python3.7/site-packages/airflow/example_dags/example_branch_python_dop_operator_3.py for tasks to queue
[2023-01-03T03:52:30.643+0000] {logging_mixin.py:137} INFO - [2023-01-03T03:52:30.643+0000] {dagbag.py:538} INFO - Filling up the DagBag from /home/airflow/.local/lib/python3.7/site-packages/airflow/example_dags/example_branch_python_dop_operator_3.py
[2023-01-03T03:52:30.717+0000] {processor.py:753} INFO - DAG(s) dict_keys(['example_branch_dop_operator_v3']) retrieved from /home/airflow/.local/lib/python3.7/site-packages/airflow/example_dags/example_branch_python_dop_operator_3.py
[2023-01-03T03:52:30.833+0000] {logging_mixin.py:137} INFO - [2023-01-03T03:52:30.833+0000] {dag.py:2676} INFO - Sync 1 DAGs
[2023-01-03T03:52:30.904+0000] {logging_mixin.py:137} INFO - [2023-01-03T03:52:30.904+0000] {dag.py:3427} INFO - Setting next_dagrun for example_branch_dop_operator_v3 to 2023-01-03T03:51:00+00:00, run_after=2023-01-03T03:52:00+00:00
[2023-01-03T03:52:30.954+0000] {processor.py:175} INFO - Processing /home/airflow/.local/lib/python3.7/site-packages/airflow/example_dags/example_branch_python_dop_operator_3.py took 0.316 seconds
[2023-01-03T03:53:05.185+0000] {processor.py:153} INFO - Started process (PID=1092) to work on /home/airflow/.local/lib/python3.7/site-packages/airflow/example_dags/example_branch_python_dop_operator_3.py
[2023-01-03T03:53:05.200+0000] {processor.py:743} INFO - Processing file /home/airflow/.local/lib/python3.7/site-packages/airflow/example_dags/example_branch_python_dop_operator_3.py for tasks to queue
[2023-01-03T03:53:05.203+0000] {logging_mixin.py:137} INFO - [2023-01-03T03:53:05.202+0000] {dagbag.py:538} INFO - Filling up the DagBag from /home/airflow/.local/lib/python3.7/site-packages/airflow/example_dags/example_branch_python_dop_operator_3.py
[2023-01-03T03:53:05.384+0000] {processor.py:753} INFO - DAG(s) dict_keys(['example_branch_dop_operator_v3']) retrieved from /home/airflow/.local/lib/python3.7/site-packages/airflow/example_dags/example_branch_python_dop_operator_3.py
[2023-01-03T03:53:05.755+0000] {logging_mixin.py:137} INFO - [2023-01-03T03:53:05.755+0000] {dag.py:2676} INFO - Sync 1 DAGs
[2023-01-03T03:53:05.878+0000] {logging_mixin.py:137} INFO - [2023-01-03T03:53:05.878+0000] {dag.py:3427} INFO - Setting next_dagrun for example_branch_dop_operator_v3 to 2023-01-03T03:52:00+00:00, run_after=2023-01-03T03:53:00+00:00
[2023-01-03T03:53:06.034+0000] {processor.py:175} INFO - Processing /home/airflow/.local/lib/python3.7/site-packages/airflow/example_dags/example_branch_python_dop_operator_3.py took 0.853 seconds
[2023-01-03T03:53:48.869+0000] {processor.py:153} INFO - Started process (PID=1135) to work on /home/airflow/.local/lib/python3.7/site-packages/airflow/example_dags/example_branch_python_dop_operator_3.py
[2023-01-03T03:53:48.877+0000] {processor.py:743} INFO - Processing file /home/airflow/.local/lib/python3.7/site-packages/airflow/example_dags/example_branch_python_dop_operator_3.py for tasks to queue
[2023-01-03T03:53:48.878+0000] {logging_mixin.py:137} INFO - [2023-01-03T03:53:48.878+0000] {dagbag.py:538} INFO - Filling up the DagBag from /home/airflow/.local/lib/python3.7/site-packages/airflow/example_dags/example_branch_python_dop_operator_3.py
[2023-01-03T03:53:48.936+0000] {processor.py:753} INFO - DAG(s) dict_keys(['example_branch_dop_operator_v3']) retrieved from /home/airflow/.local/lib/python3.7/site-packages/airflow/example_dags/example_branch_python_dop_operator_3.py
[2023-01-03T03:53:49.047+0000] {logging_mixin.py:137} INFO - [2023-01-03T03:53:49.046+0000] {dag.py:2676} INFO - Sync 1 DAGs
[2023-01-03T03:53:49.106+0000] {logging_mixin.py:137} INFO - [2023-01-03T03:53:49.106+0000] {dag.py:3427} INFO - Setting next_dagrun for example_branch_dop_operator_v3 to 2023-01-03T03:52:00+00:00, run_after=2023-01-03T03:53:00+00:00
[2023-01-03T03:53:49.134+0000] {processor.py:175} INFO - Processing /home/airflow/.local/lib/python3.7/site-packages/airflow/example_dags/example_branch_python_dop_operator_3.py took 0.268 seconds
[2023-01-03T03:54:22.074+0000] {processor.py:153} INFO - Started process (PID=1197) to work on /home/airflow/.local/lib/python3.7/site-packages/airflow/example_dags/example_branch_python_dop_operator_3.py
[2023-01-03T03:54:22.079+0000] {processor.py:743} INFO - Processing file /home/airflow/.local/lib/python3.7/site-packages/airflow/example_dags/example_branch_python_dop_operator_3.py for tasks to queue
[2023-01-03T03:54:22.082+0000] {logging_mixin.py:137} INFO - [2023-01-03T03:54:22.082+0000] {dagbag.py:538} INFO - Filling up the DagBag from /home/airflow/.local/lib/python3.7/site-packages/airflow/example_dags/example_branch_python_dop_operator_3.py
[2023-01-03T03:54:22.130+0000] {processor.py:753} INFO - DAG(s) dict_keys(['example_branch_dop_operator_v3']) retrieved from /home/airflow/.local/lib/python3.7/site-packages/airflow/example_dags/example_branch_python_dop_operator_3.py
[2023-01-03T03:54:22.203+0000] {logging_mixin.py:137} INFO - [2023-01-03T03:54:22.203+0000] {dag.py:2676} INFO - Sync 1 DAGs
[2023-01-03T03:54:22.238+0000] {logging_mixin.py:137} INFO - [2023-01-03T03:54:22.238+0000] {dag.py:3427} INFO - Setting next_dagrun for example_branch_dop_operator_v3 to 2023-01-03T03:53:00+00:00, run_after=2023-01-03T03:54:00+00:00
[2023-01-03T03:54:22.257+0000] {processor.py:175} INFO - Processing /home/airflow/.local/lib/python3.7/site-packages/airflow/example_dags/example_branch_python_dop_operator_3.py took 0.196 seconds
[2023-01-03T04:09:33.077+0000] {processor.py:153} INFO - Started process (PID=115) to work on /home/airflow/.local/lib/python3.7/site-packages/airflow/example_dags/example_branch_python_dop_operator_3.py
[2023-01-03T04:09:33.083+0000] {processor.py:743} INFO - Processing file /home/airflow/.local/lib/python3.7/site-packages/airflow/example_dags/example_branch_python_dop_operator_3.py for tasks to queue
[2023-01-03T04:09:33.096+0000] {logging_mixin.py:137} INFO - [2023-01-03T04:09:33.096+0000] {dagbag.py:538} INFO - Filling up the DagBag from /home/airflow/.local/lib/python3.7/site-packages/airflow/example_dags/example_branch_python_dop_operator_3.py
[2023-01-03T04:09:33.207+0000] {processor.py:753} INFO - DAG(s) dict_keys(['example_branch_dop_operator_v3']) retrieved from /home/airflow/.local/lib/python3.7/site-packages/airflow/example_dags/example_branch_python_dop_operator_3.py
[2023-01-03T04:09:33.495+0000] {logging_mixin.py:137} INFO - [2023-01-03T04:09:33.495+0000] {dag.py:2676} INFO - Sync 1 DAGs
[2023-01-03T04:09:33.584+0000] {logging_mixin.py:137} INFO - [2023-01-03T04:09:33.584+0000] {dag.py:3427} INFO - Setting next_dagrun for example_branch_dop_operator_v3 to 2023-01-03T04:08:00+00:00, run_after=2023-01-03T04:09:00+00:00
[2023-01-03T04:09:33.695+0000] {processor.py:175} INFO - Processing /home/airflow/.local/lib/python3.7/site-packages/airflow/example_dags/example_branch_python_dop_operator_3.py took 0.622 seconds
[2023-01-03T04:10:05.101+0000] {processor.py:153} INFO - Started process (PID=186) to work on /home/airflow/.local/lib/python3.7/site-packages/airflow/example_dags/example_branch_python_dop_operator_3.py
[2023-01-03T04:10:05.109+0000] {processor.py:743} INFO - Processing file /home/airflow/.local/lib/python3.7/site-packages/airflow/example_dags/example_branch_python_dop_operator_3.py for tasks to queue
[2023-01-03T04:10:05.113+0000] {logging_mixin.py:137} INFO - [2023-01-03T04:10:05.112+0000] {dagbag.py:538} INFO - Filling up the DagBag from /home/airflow/.local/lib/python3.7/site-packages/airflow/example_dags/example_branch_python_dop_operator_3.py
[2023-01-03T04:10:05.258+0000] {processor.py:753} INFO - DAG(s) dict_keys(['example_branch_dop_operator_v3']) retrieved from /home/airflow/.local/lib/python3.7/site-packages/airflow/example_dags/example_branch_python_dop_operator_3.py
[2023-01-03T04:10:05.571+0000] {logging_mixin.py:137} INFO - [2023-01-03T04:10:05.571+0000] {dag.py:2676} INFO - Sync 1 DAGs
[2023-01-03T04:10:05.732+0000] {logging_mixin.py:137} INFO - [2023-01-03T04:10:05.732+0000] {dag.py:3427} INFO - Setting next_dagrun for example_branch_dop_operator_v3 to 2023-01-03T04:09:00+00:00, run_after=2023-01-03T04:10:00+00:00
[2023-01-03T04:10:05.795+0000] {processor.py:175} INFO - Processing /home/airflow/.local/lib/python3.7/site-packages/airflow/example_dags/example_branch_python_dop_operator_3.py took 0.703 seconds
[2023-01-03T04:10:46.728+0000] {processor.py:153} INFO - Started process (PID=251) to work on /home/airflow/.local/lib/python3.7/site-packages/airflow/example_dags/example_branch_python_dop_operator_3.py
[2023-01-03T04:10:46.731+0000] {processor.py:743} INFO - Processing file /home/airflow/.local/lib/python3.7/site-packages/airflow/example_dags/example_branch_python_dop_operator_3.py for tasks to queue
[2023-01-03T04:10:46.732+0000] {logging_mixin.py:137} INFO - [2023-01-03T04:10:46.732+0000] {dagbag.py:538} INFO - Filling up the DagBag from /home/airflow/.local/lib/python3.7/site-packages/airflow/example_dags/example_branch_python_dop_operator_3.py
[2023-01-03T04:10:46.835+0000] {processor.py:753} INFO - DAG(s) dict_keys(['example_branch_dop_operator_v3']) retrieved from /home/airflow/.local/lib/python3.7/site-packages/airflow/example_dags/example_branch_python_dop_operator_3.py
[2023-01-03T04:10:47.063+0000] {logging_mixin.py:137} INFO - [2023-01-03T04:10:47.063+0000] {dag.py:2676} INFO - Sync 1 DAGs
[2023-01-03T04:10:47.144+0000] {logging_mixin.py:137} INFO - [2023-01-03T04:10:47.144+0000] {dag.py:3427} INFO - Setting next_dagrun for example_branch_dop_operator_v3 to 2023-01-03T04:09:00+00:00, run_after=2023-01-03T04:10:00+00:00
[2023-01-03T04:10:47.228+0000] {processor.py:175} INFO - Processing /home/airflow/.local/lib/python3.7/site-packages/airflow/example_dags/example_branch_python_dop_operator_3.py took 0.504 seconds
[2023-01-03T04:11:39.194+0000] {processor.py:153} INFO - Started process (PID=331) to work on /home/airflow/.local/lib/python3.7/site-packages/airflow/example_dags/example_branch_python_dop_operator_3.py
[2023-01-03T04:11:39.203+0000] {processor.py:743} INFO - Processing file /home/airflow/.local/lib/python3.7/site-packages/airflow/example_dags/example_branch_python_dop_operator_3.py for tasks to queue
[2023-01-03T04:11:39.206+0000] {logging_mixin.py:137} INFO - [2023-01-03T04:11:39.206+0000] {dagbag.py:538} INFO - Filling up the DagBag from /home/airflow/.local/lib/python3.7/site-packages/airflow/example_dags/example_branch_python_dop_operator_3.py
[2023-01-03T04:11:39.351+0000] {processor.py:753} INFO - DAG(s) dict_keys(['example_branch_dop_operator_v3']) retrieved from /home/airflow/.local/lib/python3.7/site-packages/airflow/example_dags/example_branch_python_dop_operator_3.py
[2023-01-03T04:11:39.574+0000] {logging_mixin.py:137} INFO - [2023-01-03T04:11:39.574+0000] {dag.py:2676} INFO - Sync 1 DAGs
[2023-01-03T04:11:39.748+0000] {logging_mixin.py:137} INFO - [2023-01-03T04:11:39.748+0000] {dag.py:3427} INFO - Setting next_dagrun for example_branch_dop_operator_v3 to 2023-01-03T04:10:00+00:00, run_after=2023-01-03T04:11:00+00:00
[2023-01-03T04:11:39.855+0000] {processor.py:175} INFO - Processing /home/airflow/.local/lib/python3.7/site-packages/airflow/example_dags/example_branch_python_dop_operator_3.py took 0.677 seconds
[2023-01-03T04:13:59.093+0000] {processor.py:153} INFO - Started process (PID=470) to work on /home/airflow/.local/lib/python3.7/site-packages/airflow/example_dags/example_branch_python_dop_operator_3.py
[2023-01-03T04:13:59.205+0000] {processor.py:743} INFO - Processing file /home/airflow/.local/lib/python3.7/site-packages/airflow/example_dags/example_branch_python_dop_operator_3.py for tasks to queue
[2023-01-03T04:13:59.218+0000] {logging_mixin.py:137} INFO - [2023-01-03T04:13:59.218+0000] {dagbag.py:538} INFO - Filling up the DagBag from /home/airflow/.local/lib/python3.7/site-packages/airflow/example_dags/example_branch_python_dop_operator_3.py
[2023-01-03T04:14:01.241+0000] {processor.py:753} INFO - DAG(s) dict_keys(['example_branch_dop_operator_v3']) retrieved from /home/airflow/.local/lib/python3.7/site-packages/airflow/example_dags/example_branch_python_dop_operator_3.py
