[2023-01-03T03:44:32.347+0000] {processor.py:153} INFO - Started process (PID=67) to work on /home/airflow/.local/lib/python3.7/site-packages/airflow/example_dags/example_bash_operator.py
[2023-01-03T03:44:32.363+0000] {processor.py:743} INFO - Processing file /home/airflow/.local/lib/python3.7/site-packages/airflow/example_dags/example_bash_operator.py for tasks to queue
[2023-01-03T03:44:32.366+0000] {logging_mixin.py:137} INFO - [2023-01-03T03:44:32.366+0000] {dagbag.py:538} INFO - Filling up the DagBag from /home/airflow/.local/lib/python3.7/site-packages/airflow/example_dags/example_bash_operator.py
[2023-01-03T03:44:32.527+0000] {processor.py:753} INFO - DAG(s) dict_keys(['example_bash_operator']) retrieved from /home/airflow/.local/lib/python3.7/site-packages/airflow/example_dags/example_bash_operator.py
[2023-01-03T03:44:32.932+0000] {logging_mixin.py:137} INFO - [2023-01-03T03:44:32.932+0000] {dag.py:2676} INFO - Sync 1 DAGs
[2023-01-03T03:44:33.024+0000] {logging_mixin.py:137} INFO - [2023-01-03T03:44:33.024+0000] {dag.py:3427} INFO - Setting next_dagrun for example_bash_operator to 2023-01-02T00:00:00+00:00, run_after=2023-01-03T00:00:00+00:00
[2023-01-03T03:44:33.090+0000] {processor.py:175} INFO - Processing /home/airflow/.local/lib/python3.7/site-packages/airflow/example_dags/example_bash_operator.py took 0.754 seconds
[2023-01-03T03:45:03.426+0000] {processor.py:153} INFO - Started process (PID=128) to work on /home/airflow/.local/lib/python3.7/site-packages/airflow/example_dags/example_bash_operator.py
[2023-01-03T03:45:03.428+0000] {processor.py:743} INFO - Processing file /home/airflow/.local/lib/python3.7/site-packages/airflow/example_dags/example_bash_operator.py for tasks to queue
[2023-01-03T03:45:03.430+0000] {logging_mixin.py:137} INFO - [2023-01-03T03:45:03.429+0000] {dagbag.py:538} INFO - Filling up the DagBag from /home/airflow/.local/lib/python3.7/site-packages/airflow/example_dags/example_bash_operator.py
[2023-01-03T03:45:03.509+0000] {processor.py:753} INFO - DAG(s) dict_keys(['example_bash_operator']) retrieved from /home/airflow/.local/lib/python3.7/site-packages/airflow/example_dags/example_bash_operator.py
[2023-01-03T03:45:03.642+0000] {logging_mixin.py:137} INFO - [2023-01-03T03:45:03.641+0000] {dag.py:2676} INFO - Sync 1 DAGs
[2023-01-03T03:45:03.717+0000] {logging_mixin.py:137} INFO - [2023-01-03T03:45:03.717+0000] {dag.py:3427} INFO - Setting next_dagrun for example_bash_operator to 2023-01-02T00:00:00+00:00, run_after=2023-01-03T00:00:00+00:00
[2023-01-03T03:45:03.774+0000] {processor.py:175} INFO - Processing /home/airflow/.local/lib/python3.7/site-packages/airflow/example_dags/example_bash_operator.py took 0.360 seconds
[2023-01-03T03:45:34.654+0000] {processor.py:153} INFO - Started process (PID=202) to work on /home/airflow/.local/lib/python3.7/site-packages/airflow/example_dags/example_bash_operator.py
[2023-01-03T03:45:34.656+0000] {processor.py:743} INFO - Processing file /home/airflow/.local/lib/python3.7/site-packages/airflow/example_dags/example_bash_operator.py for tasks to queue
[2023-01-03T03:45:34.657+0000] {logging_mixin.py:137} INFO - [2023-01-03T03:45:34.657+0000] {dagbag.py:538} INFO - Filling up the DagBag from /home/airflow/.local/lib/python3.7/site-packages/airflow/example_dags/example_bash_operator.py
[2023-01-03T03:45:34.742+0000] {processor.py:753} INFO - DAG(s) dict_keys(['example_bash_operator']) retrieved from /home/airflow/.local/lib/python3.7/site-packages/airflow/example_dags/example_bash_operator.py
[2023-01-03T03:45:34.882+0000] {logging_mixin.py:137} INFO - [2023-01-03T03:45:34.882+0000] {dag.py:2676} INFO - Sync 1 DAGs
[2023-01-03T03:45:34.954+0000] {logging_mixin.py:137} INFO - [2023-01-03T03:45:34.954+0000] {dag.py:3427} INFO - Setting next_dagrun for example_bash_operator to 2023-01-02T00:00:00+00:00, run_after=2023-01-03T00:00:00+00:00
[2023-01-03T03:45:35.023+0000] {processor.py:175} INFO - Processing /home/airflow/.local/lib/python3.7/site-packages/airflow/example_dags/example_bash_operator.py took 0.385 seconds
[2023-01-03T03:46:05.628+0000] {processor.py:153} INFO - Started process (PID=265) to work on /home/airflow/.local/lib/python3.7/site-packages/airflow/example_dags/example_bash_operator.py
[2023-01-03T03:46:05.630+0000] {processor.py:743} INFO - Processing file /home/airflow/.local/lib/python3.7/site-packages/airflow/example_dags/example_bash_operator.py for tasks to queue
[2023-01-03T03:46:05.632+0000] {logging_mixin.py:137} INFO - [2023-01-03T03:46:05.632+0000] {dagbag.py:538} INFO - Filling up the DagBag from /home/airflow/.local/lib/python3.7/site-packages/airflow/example_dags/example_bash_operator.py
[2023-01-03T03:46:05.702+0000] {processor.py:753} INFO - DAG(s) dict_keys(['example_bash_operator']) retrieved from /home/airflow/.local/lib/python3.7/site-packages/airflow/example_dags/example_bash_operator.py
[2023-01-03T03:46:05.790+0000] {logging_mixin.py:137} INFO - [2023-01-03T03:46:05.789+0000] {dag.py:2676} INFO - Sync 1 DAGs
[2023-01-03T03:46:05.837+0000] {logging_mixin.py:137} INFO - [2023-01-03T03:46:05.837+0000] {dag.py:3427} INFO - Setting next_dagrun for example_bash_operator to 2023-01-02T00:00:00+00:00, run_after=2023-01-03T00:00:00+00:00
[2023-01-03T03:46:05.879+0000] {processor.py:175} INFO - Processing /home/airflow/.local/lib/python3.7/site-packages/airflow/example_dags/example_bash_operator.py took 0.255 seconds
[2023-01-03T03:46:36.002+0000] {processor.py:153} INFO - Started process (PID=326) to work on /home/airflow/.local/lib/python3.7/site-packages/airflow/example_dags/example_bash_operator.py
[2023-01-03T03:46:36.008+0000] {processor.py:743} INFO - Processing file /home/airflow/.local/lib/python3.7/site-packages/airflow/example_dags/example_bash_operator.py for tasks to queue
[2023-01-03T03:46:36.011+0000] {logging_mixin.py:137} INFO - [2023-01-03T03:46:36.011+0000] {dagbag.py:538} INFO - Filling up the DagBag from /home/airflow/.local/lib/python3.7/site-packages/airflow/example_dags/example_bash_operator.py
[2023-01-03T03:46:36.059+0000] {processor.py:753} INFO - DAG(s) dict_keys(['example_bash_operator']) retrieved from /home/airflow/.local/lib/python3.7/site-packages/airflow/example_dags/example_bash_operator.py
[2023-01-03T03:46:36.246+0000] {logging_mixin.py:137} INFO - [2023-01-03T03:46:36.246+0000] {dag.py:2676} INFO - Sync 1 DAGs
[2023-01-03T03:46:36.337+0000] {logging_mixin.py:137} INFO - [2023-01-03T03:46:36.337+0000] {dag.py:3427} INFO - Setting next_dagrun for example_bash_operator to 2023-01-02T00:00:00+00:00, run_after=2023-01-03T00:00:00+00:00
[2023-01-03T03:46:36.477+0000] {processor.py:175} INFO - Processing /home/airflow/.local/lib/python3.7/site-packages/airflow/example_dags/example_bash_operator.py took 0.479 seconds
[2023-01-03T03:47:06.769+0000] {processor.py:153} INFO - Started process (PID=388) to work on /home/airflow/.local/lib/python3.7/site-packages/airflow/example_dags/example_bash_operator.py
[2023-01-03T03:47:06.772+0000] {processor.py:743} INFO - Processing file /home/airflow/.local/lib/python3.7/site-packages/airflow/example_dags/example_bash_operator.py for tasks to queue
[2023-01-03T03:47:06.777+0000] {logging_mixin.py:137} INFO - [2023-01-03T03:47:06.777+0000] {dagbag.py:538} INFO - Filling up the DagBag from /home/airflow/.local/lib/python3.7/site-packages/airflow/example_dags/example_bash_operator.py
[2023-01-03T03:47:06.812+0000] {processor.py:753} INFO - DAG(s) dict_keys(['example_bash_operator']) retrieved from /home/airflow/.local/lib/python3.7/site-packages/airflow/example_dags/example_bash_operator.py
[2023-01-03T03:47:06.865+0000] {logging_mixin.py:137} INFO - [2023-01-03T03:47:06.865+0000] {dag.py:2676} INFO - Sync 1 DAGs
[2023-01-03T03:47:06.897+0000] {logging_mixin.py:137} INFO - [2023-01-03T03:47:06.897+0000] {dag.py:3427} INFO - Setting next_dagrun for example_bash_operator to 2023-01-02T00:00:00+00:00, run_after=2023-01-03T00:00:00+00:00
[2023-01-03T03:47:06.938+0000] {processor.py:175} INFO - Processing /home/airflow/.local/lib/python3.7/site-packages/airflow/example_dags/example_bash_operator.py took 0.173 seconds
[2023-01-03T03:47:37.477+0000] {processor.py:153} INFO - Started process (PID=456) to work on /home/airflow/.local/lib/python3.7/site-packages/airflow/example_dags/example_bash_operator.py
[2023-01-03T03:47:37.490+0000] {processor.py:743} INFO - Processing file /home/airflow/.local/lib/python3.7/site-packages/airflow/example_dags/example_bash_operator.py for tasks to queue
[2023-01-03T03:47:37.491+0000] {logging_mixin.py:137} INFO - [2023-01-03T03:47:37.491+0000] {dagbag.py:538} INFO - Filling up the DagBag from /home/airflow/.local/lib/python3.7/site-packages/airflow/example_dags/example_bash_operator.py
[2023-01-03T03:47:37.581+0000] {processor.py:753} INFO - DAG(s) dict_keys(['example_bash_operator']) retrieved from /home/airflow/.local/lib/python3.7/site-packages/airflow/example_dags/example_bash_operator.py
[2023-01-03T03:47:37.738+0000] {logging_mixin.py:137} INFO - [2023-01-03T03:47:37.738+0000] {dag.py:2676} INFO - Sync 1 DAGs
[2023-01-03T03:47:37.795+0000] {logging_mixin.py:137} INFO - [2023-01-03T03:47:37.795+0000] {dag.py:3427} INFO - Setting next_dagrun for example_bash_operator to 2023-01-02T00:00:00+00:00, run_after=2023-01-03T00:00:00+00:00
[2023-01-03T03:47:37.871+0000] {processor.py:175} INFO - Processing /home/airflow/.local/lib/python3.7/site-packages/airflow/example_dags/example_bash_operator.py took 0.413 seconds
[2023-01-03T03:48:12.776+0000] {processor.py:153} INFO - Started process (PID=512) to work on /home/airflow/.local/lib/python3.7/site-packages/airflow/example_dags/example_bash_operator.py
[2023-01-03T03:48:12.786+0000] {processor.py:743} INFO - Processing file /home/airflow/.local/lib/python3.7/site-packages/airflow/example_dags/example_bash_operator.py for tasks to queue
[2023-01-03T03:48:12.787+0000] {logging_mixin.py:137} INFO - [2023-01-03T03:48:12.787+0000] {dagbag.py:538} INFO - Filling up the DagBag from /home/airflow/.local/lib/python3.7/site-packages/airflow/example_dags/example_bash_operator.py
[2023-01-03T03:48:12.843+0000] {processor.py:753} INFO - DAG(s) dict_keys(['example_bash_operator']) retrieved from /home/airflow/.local/lib/python3.7/site-packages/airflow/example_dags/example_bash_operator.py
[2023-01-03T03:48:13.209+0000] {logging_mixin.py:137} INFO - [2023-01-03T03:48:13.208+0000] {dag.py:2676} INFO - Sync 1 DAGs
[2023-01-03T03:48:13.328+0000] {logging_mixin.py:137} INFO - [2023-01-03T03:48:13.328+0000] {dag.py:3427} INFO - Setting next_dagrun for example_bash_operator to 2023-01-02T00:00:00+00:00, run_after=2023-01-03T00:00:00+00:00
[2023-01-03T03:48:13.404+0000] {processor.py:175} INFO - Processing /home/airflow/.local/lib/python3.7/site-packages/airflow/example_dags/example_bash_operator.py took 0.637 seconds
[2023-01-03T03:48:44.426+0000] {processor.py:153} INFO - Started process (PID=574) to work on /home/airflow/.local/lib/python3.7/site-packages/airflow/example_dags/example_bash_operator.py
[2023-01-03T03:48:44.429+0000] {processor.py:743} INFO - Processing file /home/airflow/.local/lib/python3.7/site-packages/airflow/example_dags/example_bash_operator.py for tasks to queue
[2023-01-03T03:48:44.432+0000] {logging_mixin.py:137} INFO - [2023-01-03T03:48:44.432+0000] {dagbag.py:538} INFO - Filling up the DagBag from /home/airflow/.local/lib/python3.7/site-packages/airflow/example_dags/example_bash_operator.py
[2023-01-03T03:48:44.492+0000] {processor.py:753} INFO - DAG(s) dict_keys(['example_bash_operator']) retrieved from /home/airflow/.local/lib/python3.7/site-packages/airflow/example_dags/example_bash_operator.py
[2023-01-03T03:48:44.605+0000] {logging_mixin.py:137} INFO - [2023-01-03T03:48:44.604+0000] {dag.py:2676} INFO - Sync 1 DAGs
[2023-01-03T03:48:44.667+0000] {logging_mixin.py:137} INFO - [2023-01-03T03:48:44.667+0000] {dag.py:3427} INFO - Setting next_dagrun for example_bash_operator to 2023-01-02T00:00:00+00:00, run_after=2023-01-03T00:00:00+00:00
[2023-01-03T03:48:44.704+0000] {processor.py:175} INFO - Processing /home/airflow/.local/lib/python3.7/site-packages/airflow/example_dags/example_bash_operator.py took 0.282 seconds
[2023-01-03T03:49:15.110+0000] {processor.py:153} INFO - Started process (PID=636) to work on /home/airflow/.local/lib/python3.7/site-packages/airflow/example_dags/example_bash_operator.py
[2023-01-03T03:49:15.112+0000] {processor.py:743} INFO - Processing file /home/airflow/.local/lib/python3.7/site-packages/airflow/example_dags/example_bash_operator.py for tasks to queue
[2023-01-03T03:49:15.113+0000] {logging_mixin.py:137} INFO - [2023-01-03T03:49:15.113+0000] {dagbag.py:538} INFO - Filling up the DagBag from /home/airflow/.local/lib/python3.7/site-packages/airflow/example_dags/example_bash_operator.py
[2023-01-03T03:49:15.171+0000] {processor.py:753} INFO - DAG(s) dict_keys(['example_bash_operator']) retrieved from /home/airflow/.local/lib/python3.7/site-packages/airflow/example_dags/example_bash_operator.py
[2023-01-03T03:49:15.270+0000] {logging_mixin.py:137} INFO - [2023-01-03T03:49:15.270+0000] {dag.py:2676} INFO - Sync 1 DAGs
[2023-01-03T03:49:15.325+0000] {logging_mixin.py:137} INFO - [2023-01-03T03:49:15.325+0000] {dag.py:3427} INFO - Setting next_dagrun for example_bash_operator to 2023-01-02T00:00:00+00:00, run_after=2023-01-03T00:00:00+00:00
[2023-01-03T03:49:15.353+0000] {processor.py:175} INFO - Processing /home/airflow/.local/lib/python3.7/site-packages/airflow/example_dags/example_bash_operator.py took 0.247 seconds
[2023-01-03T03:49:46.054+0000] {processor.py:153} INFO - Started process (PID=710) to work on /home/airflow/.local/lib/python3.7/site-packages/airflow/example_dags/example_bash_operator.py
[2023-01-03T03:49:46.056+0000] {processor.py:743} INFO - Processing file /home/airflow/.local/lib/python3.7/site-packages/airflow/example_dags/example_bash_operator.py for tasks to queue
[2023-01-03T03:49:46.059+0000] {logging_mixin.py:137} INFO - [2023-01-03T03:49:46.058+0000] {dagbag.py:538} INFO - Filling up the DagBag from /home/airflow/.local/lib/python3.7/site-packages/airflow/example_dags/example_bash_operator.py
[2023-01-03T03:49:46.128+0000] {processor.py:753} INFO - DAG(s) dict_keys(['example_bash_operator']) retrieved from /home/airflow/.local/lib/python3.7/site-packages/airflow/example_dags/example_bash_operator.py
[2023-01-03T03:49:46.273+0000] {logging_mixin.py:137} INFO - [2023-01-03T03:49:46.273+0000] {dag.py:2676} INFO - Sync 1 DAGs
[2023-01-03T03:49:46.322+0000] {logging_mixin.py:137} INFO - [2023-01-03T03:49:46.322+0000] {dag.py:3427} INFO - Setting next_dagrun for example_bash_operator to 2023-01-02T00:00:00+00:00, run_after=2023-01-03T00:00:00+00:00
[2023-01-03T03:49:46.364+0000] {processor.py:175} INFO - Processing /home/airflow/.local/lib/python3.7/site-packages/airflow/example_dags/example_bash_operator.py took 0.326 seconds
[2023-01-03T03:50:16.674+0000] {processor.py:153} INFO - Started process (PID=772) to work on /home/airflow/.local/lib/python3.7/site-packages/airflow/example_dags/example_bash_operator.py
[2023-01-03T03:50:16.678+0000] {processor.py:743} INFO - Processing file /home/airflow/.local/lib/python3.7/site-packages/airflow/example_dags/example_bash_operator.py for tasks to queue
[2023-01-03T03:50:16.681+0000] {logging_mixin.py:137} INFO - [2023-01-03T03:50:16.681+0000] {dagbag.py:538} INFO - Filling up the DagBag from /home/airflow/.local/lib/python3.7/site-packages/airflow/example_dags/example_bash_operator.py
[2023-01-03T03:50:16.762+0000] {processor.py:753} INFO - DAG(s) dict_keys(['example_bash_operator']) retrieved from /home/airflow/.local/lib/python3.7/site-packages/airflow/example_dags/example_bash_operator.py
[2023-01-03T03:50:16.882+0000] {logging_mixin.py:137} INFO - [2023-01-03T03:50:16.882+0000] {dag.py:2676} INFO - Sync 1 DAGs
[2023-01-03T03:50:16.931+0000] {logging_mixin.py:137} INFO - [2023-01-03T03:50:16.931+0000] {dag.py:3427} INFO - Setting next_dagrun for example_bash_operator to 2023-01-02T00:00:00+00:00, run_after=2023-01-03T00:00:00+00:00
[2023-01-03T03:50:16.973+0000] {processor.py:175} INFO - Processing /home/airflow/.local/lib/python3.7/site-packages/airflow/example_dags/example_bash_operator.py took 0.302 seconds
[2023-01-03T03:50:47.193+0000] {processor.py:153} INFO - Started process (PID=821) to work on /home/airflow/.local/lib/python3.7/site-packages/airflow/example_dags/example_bash_operator.py
[2023-01-03T03:50:47.200+0000] {processor.py:743} INFO - Processing file /home/airflow/.local/lib/python3.7/site-packages/airflow/example_dags/example_bash_operator.py for tasks to queue
[2023-01-03T03:50:47.206+0000] {logging_mixin.py:137} INFO - [2023-01-03T03:50:47.206+0000] {dagbag.py:538} INFO - Filling up the DagBag from /home/airflow/.local/lib/python3.7/site-packages/airflow/example_dags/example_bash_operator.py
[2023-01-03T03:50:47.251+0000] {processor.py:753} INFO - DAG(s) dict_keys(['example_bash_operator']) retrieved from /home/airflow/.local/lib/python3.7/site-packages/airflow/example_dags/example_bash_operator.py
[2023-01-03T03:50:47.383+0000] {logging_mixin.py:137} INFO - [2023-01-03T03:50:47.383+0000] {dag.py:2676} INFO - Sync 1 DAGs
[2023-01-03T03:50:47.415+0000] {logging_mixin.py:137} INFO - [2023-01-03T03:50:47.415+0000] {dag.py:3427} INFO - Setting next_dagrun for example_bash_operator to 2023-01-02T00:00:00+00:00, run_after=2023-01-03T00:00:00+00:00
[2023-01-03T03:50:47.453+0000] {processor.py:175} INFO - Processing /home/airflow/.local/lib/python3.7/site-packages/airflow/example_dags/example_bash_operator.py took 0.270 seconds
[2023-01-03T03:51:18.301+0000] {processor.py:153} INFO - Started process (PID=894) to work on /home/airflow/.local/lib/python3.7/site-packages/airflow/example_dags/example_bash_operator.py
[2023-01-03T03:51:18.309+0000] {processor.py:743} INFO - Processing file /home/airflow/.local/lib/python3.7/site-packages/airflow/example_dags/example_bash_operator.py for tasks to queue
[2023-01-03T03:51:18.310+0000] {logging_mixin.py:137} INFO - [2023-01-03T03:51:18.310+0000] {dagbag.py:538} INFO - Filling up the DagBag from /home/airflow/.local/lib/python3.7/site-packages/airflow/example_dags/example_bash_operator.py
[2023-01-03T03:51:18.339+0000] {processor.py:753} INFO - DAG(s) dict_keys(['example_bash_operator']) retrieved from /home/airflow/.local/lib/python3.7/site-packages/airflow/example_dags/example_bash_operator.py
[2023-01-03T03:51:18.503+0000] {logging_mixin.py:137} INFO - [2023-01-03T03:51:18.503+0000] {dag.py:2676} INFO - Sync 1 DAGs
[2023-01-03T03:51:18.619+0000] {logging_mixin.py:137} INFO - [2023-01-03T03:51:18.619+0000] {dag.py:3427} INFO - Setting next_dagrun for example_bash_operator to 2023-01-02T00:00:00+00:00, run_after=2023-01-03T00:00:00+00:00
[2023-01-03T03:51:18.724+0000] {processor.py:175} INFO - Processing /home/airflow/.local/lib/python3.7/site-packages/airflow/example_dags/example_bash_operator.py took 0.426 seconds
[2023-01-03T03:51:49.146+0000] {processor.py:153} INFO - Started process (PID=956) to work on /home/airflow/.local/lib/python3.7/site-packages/airflow/example_dags/example_bash_operator.py
[2023-01-03T03:51:49.151+0000] {processor.py:743} INFO - Processing file /home/airflow/.local/lib/python3.7/site-packages/airflow/example_dags/example_bash_operator.py for tasks to queue
[2023-01-03T03:51:49.154+0000] {logging_mixin.py:137} INFO - [2023-01-03T03:51:49.154+0000] {dagbag.py:538} INFO - Filling up the DagBag from /home/airflow/.local/lib/python3.7/site-packages/airflow/example_dags/example_bash_operator.py
[2023-01-03T03:51:49.287+0000] {processor.py:753} INFO - DAG(s) dict_keys(['example_bash_operator']) retrieved from /home/airflow/.local/lib/python3.7/site-packages/airflow/example_dags/example_bash_operator.py
[2023-01-03T03:51:49.610+0000] {logging_mixin.py:137} INFO - [2023-01-03T03:51:49.610+0000] {dag.py:2676} INFO - Sync 1 DAGs
[2023-01-03T03:51:49.695+0000] {logging_mixin.py:137} INFO - [2023-01-03T03:51:49.695+0000] {dag.py:3427} INFO - Setting next_dagrun for example_bash_operator to 2023-01-02T00:00:00+00:00, run_after=2023-01-03T00:00:00+00:00
[2023-01-03T03:51:49.745+0000] {processor.py:175} INFO - Processing /home/airflow/.local/lib/python3.7/site-packages/airflow/example_dags/example_bash_operator.py took 0.605 seconds
[2023-01-03T03:52:19.931+0000] {processor.py:153} INFO - Started process (PID=1008) to work on /home/airflow/.local/lib/python3.7/site-packages/airflow/example_dags/example_bash_operator.py
[2023-01-03T03:52:19.939+0000] {processor.py:743} INFO - Processing file /home/airflow/.local/lib/python3.7/site-packages/airflow/example_dags/example_bash_operator.py for tasks to queue
[2023-01-03T03:52:19.942+0000] {logging_mixin.py:137} INFO - [2023-01-03T03:52:19.942+0000] {dagbag.py:538} INFO - Filling up the DagBag from /home/airflow/.local/lib/python3.7/site-packages/airflow/example_dags/example_bash_operator.py
[2023-01-03T03:52:20.006+0000] {processor.py:753} INFO - DAG(s) dict_keys(['example_bash_operator']) retrieved from /home/airflow/.local/lib/python3.7/site-packages/airflow/example_dags/example_bash_operator.py
[2023-01-03T03:52:20.066+0000] {logging_mixin.py:137} INFO - [2023-01-03T03:52:20.066+0000] {dag.py:2676} INFO - Sync 1 DAGs
[2023-01-03T03:52:20.091+0000] {logging_mixin.py:137} INFO - [2023-01-03T03:52:20.091+0000] {dag.py:3427} INFO - Setting next_dagrun for example_bash_operator to 2023-01-02T00:00:00+00:00, run_after=2023-01-03T00:00:00+00:00
[2023-01-03T03:52:20.121+0000] {processor.py:175} INFO - Processing /home/airflow/.local/lib/python3.7/site-packages/airflow/example_dags/example_bash_operator.py took 0.192 seconds
[2023-01-03T03:52:59.724+0000] {processor.py:153} INFO - Started process (PID=1072) to work on /home/airflow/.local/lib/python3.7/site-packages/airflow/example_dags/example_bash_operator.py
[2023-01-03T03:52:59.733+0000] {processor.py:743} INFO - Processing file /home/airflow/.local/lib/python3.7/site-packages/airflow/example_dags/example_bash_operator.py for tasks to queue
[2023-01-03T03:52:59.735+0000] {logging_mixin.py:137} INFO - [2023-01-03T03:52:59.735+0000] {dagbag.py:538} INFO - Filling up the DagBag from /home/airflow/.local/lib/python3.7/site-packages/airflow/example_dags/example_bash_operator.py
[2023-01-03T03:52:59.816+0000] {processor.py:753} INFO - DAG(s) dict_keys(['example_bash_operator']) retrieved from /home/airflow/.local/lib/python3.7/site-packages/airflow/example_dags/example_bash_operator.py
[2023-01-03T03:53:00.001+0000] {logging_mixin.py:137} INFO - [2023-01-03T03:53:00.001+0000] {dag.py:2676} INFO - Sync 1 DAGs
[2023-01-03T03:53:00.065+0000] {logging_mixin.py:137} INFO - [2023-01-03T03:53:00.065+0000] {dag.py:3427} INFO - Setting next_dagrun for example_bash_operator to 2023-01-02T00:00:00+00:00, run_after=2023-01-03T00:00:00+00:00
[2023-01-03T03:53:00.123+0000] {processor.py:175} INFO - Processing /home/airflow/.local/lib/python3.7/site-packages/airflow/example_dags/example_bash_operator.py took 0.413 seconds
[2023-01-03T03:53:46.515+0000] {processor.py:153} INFO - Started process (PID=1122) to work on /home/airflow/.local/lib/python3.7/site-packages/airflow/example_dags/example_bash_operator.py
[2023-01-03T03:53:46.517+0000] {processor.py:743} INFO - Processing file /home/airflow/.local/lib/python3.7/site-packages/airflow/example_dags/example_bash_operator.py for tasks to queue
[2023-01-03T03:53:46.518+0000] {logging_mixin.py:137} INFO - [2023-01-03T03:53:46.518+0000] {dagbag.py:538} INFO - Filling up the DagBag from /home/airflow/.local/lib/python3.7/site-packages/airflow/example_dags/example_bash_operator.py
[2023-01-03T03:53:46.553+0000] {processor.py:753} INFO - DAG(s) dict_keys(['example_bash_operator']) retrieved from /home/airflow/.local/lib/python3.7/site-packages/airflow/example_dags/example_bash_operator.py
[2023-01-03T03:53:46.662+0000] {logging_mixin.py:137} INFO - [2023-01-03T03:53:46.661+0000] {dag.py:2676} INFO - Sync 1 DAGs
[2023-01-03T03:53:46.741+0000] {logging_mixin.py:137} INFO - [2023-01-03T03:53:46.741+0000] {dag.py:3427} INFO - Setting next_dagrun for example_bash_operator to 2023-01-02T00:00:00+00:00, run_after=2023-01-03T00:00:00+00:00
[2023-01-03T03:53:46.765+0000] {processor.py:175} INFO - Processing /home/airflow/.local/lib/python3.7/site-packages/airflow/example_dags/example_bash_operator.py took 0.267 seconds
[2023-01-03T03:54:19.497+0000] {processor.py:153} INFO - Started process (PID=1184) to work on /home/airflow/.local/lib/python3.7/site-packages/airflow/example_dags/example_bash_operator.py
[2023-01-03T03:54:19.500+0000] {processor.py:743} INFO - Processing file /home/airflow/.local/lib/python3.7/site-packages/airflow/example_dags/example_bash_operator.py for tasks to queue
[2023-01-03T03:54:19.501+0000] {logging_mixin.py:137} INFO - [2023-01-03T03:54:19.501+0000] {dagbag.py:538} INFO - Filling up the DagBag from /home/airflow/.local/lib/python3.7/site-packages/airflow/example_dags/example_bash_operator.py
[2023-01-03T03:54:19.541+0000] {processor.py:753} INFO - DAG(s) dict_keys(['example_bash_operator']) retrieved from /home/airflow/.local/lib/python3.7/site-packages/airflow/example_dags/example_bash_operator.py
[2023-01-03T03:54:19.675+0000] {logging_mixin.py:137} INFO - [2023-01-03T03:54:19.675+0000] {dag.py:2676} INFO - Sync 1 DAGs
[2023-01-03T03:54:19.740+0000] {logging_mixin.py:137} INFO - [2023-01-03T03:54:19.740+0000] {dag.py:3427} INFO - Setting next_dagrun for example_bash_operator to 2023-01-02T00:00:00+00:00, run_after=2023-01-03T00:00:00+00:00
[2023-01-03T03:54:19.770+0000] {processor.py:175} INFO - Processing /home/airflow/.local/lib/python3.7/site-packages/airflow/example_dags/example_bash_operator.py took 0.279 seconds
[2023-01-03T03:55:55.065+0000] {processor.py:153} INFO - Started process (PID=1275) to work on /home/airflow/.local/lib/python3.7/site-packages/airflow/example_dags/example_bash_operator.py
[2023-01-03T03:55:55.079+0000] {processor.py:743} INFO - Processing file /home/airflow/.local/lib/python3.7/site-packages/airflow/example_dags/example_bash_operator.py for tasks to queue
[2023-01-03T03:55:55.101+0000] {logging_mixin.py:137} INFO - [2023-01-03T03:55:55.098+0000] {dagbag.py:538} INFO - Filling up the DagBag from /home/airflow/.local/lib/python3.7/site-packages/airflow/example_dags/example_bash_operator.py
[2023-01-03T03:55:55.928+0000] {processor.py:753} INFO - DAG(s) dict_keys(['example_bash_operator']) retrieved from /home/airflow/.local/lib/python3.7/site-packages/airflow/example_dags/example_bash_operator.py
[2023-01-03T03:55:56.978+0000] {logging_mixin.py:137} INFO - [2023-01-03T03:55:56.977+0000] {dag.py:2676} INFO - Sync 1 DAGs
[2023-01-03T03:55:57.227+0000] {logging_mixin.py:137} INFO - [2023-01-03T03:55:57.226+0000] {dag.py:3427} INFO - Setting next_dagrun for example_bash_operator to 2023-01-02T00:00:00+00:00, run_after=2023-01-03T00:00:00+00:00
[2023-01-03T03:55:57.515+0000] {processor.py:175} INFO - Processing /home/airflow/.local/lib/python3.7/site-packages/airflow/example_dags/example_bash_operator.py took 2.523 seconds
[2023-01-03T04:04:11.894+0000] {processor.py:153} INFO - Started process (PID=173) to work on /home/airflow/.local/lib/python3.7/site-packages/airflow/example_dags/example_bash_operator.py
[2023-01-03T04:04:11.968+0000] {processor.py:743} INFO - Processing file /home/airflow/.local/lib/python3.7/site-packages/airflow/example_dags/example_bash_operator.py for tasks to queue
[2023-01-03T04:04:12.038+0000] {logging_mixin.py:137} INFO - [2023-01-03T04:04:12.038+0000] {dagbag.py:538} INFO - Filling up the DagBag from /home/airflow/.local/lib/python3.7/site-packages/airflow/example_dags/example_bash_operator.py
[2023-01-03T04:04:13.522+0000] {processor.py:753} INFO - DAG(s) dict_keys(['example_bash_operator']) retrieved from /home/airflow/.local/lib/python3.7/site-packages/airflow/example_dags/example_bash_operator.py
[2023-01-03T04:04:15.175+0000] {logging_mixin.py:137} INFO - [2023-01-03T04:04:15.174+0000] {dag.py:2676} INFO - Sync 1 DAGs
[2023-01-03T04:04:16.548+0000] {logging_mixin.py:137} INFO - [2023-01-03T04:04:16.489+0000] {dag.py:3427} INFO - Setting next_dagrun for example_bash_operator to 2023-01-02T00:00:00+00:00, run_after=2023-01-03T00:00:00+00:00
[2023-01-03T04:04:24.322+0000] {processor.py:175} INFO - Processing /home/airflow/.local/lib/python3.7/site-packages/airflow/example_dags/example_bash_operator.py took 12.513 seconds
[2023-01-03T04:09:29.344+0000] {processor.py:153} INFO - Started process (PID=102) to work on /home/airflow/.local/lib/python3.7/site-packages/airflow/example_dags/example_bash_operator.py
[2023-01-03T04:09:29.366+0000] {processor.py:743} INFO - Processing file /home/airflow/.local/lib/python3.7/site-packages/airflow/example_dags/example_bash_operator.py for tasks to queue
[2023-01-03T04:09:29.369+0000] {logging_mixin.py:137} INFO - [2023-01-03T04:09:29.369+0000] {dagbag.py:538} INFO - Filling up the DagBag from /home/airflow/.local/lib/python3.7/site-packages/airflow/example_dags/example_bash_operator.py
[2023-01-03T04:09:29.724+0000] {processor.py:753} INFO - DAG(s) dict_keys(['example_bash_operator']) retrieved from /home/airflow/.local/lib/python3.7/site-packages/airflow/example_dags/example_bash_operator.py
[2023-01-03T04:09:30.194+0000] {logging_mixin.py:137} INFO - [2023-01-03T04:09:30.193+0000] {dag.py:2676} INFO - Sync 1 DAGs
[2023-01-03T04:09:30.260+0000] {logging_mixin.py:137} INFO - [2023-01-03T04:09:30.260+0000] {dag.py:3427} INFO - Setting next_dagrun for example_bash_operator to 2023-01-02T00:00:00+00:00, run_after=2023-01-03T00:00:00+00:00
[2023-01-03T04:09:30.339+0000] {processor.py:175} INFO - Processing /home/airflow/.local/lib/python3.7/site-packages/airflow/example_dags/example_bash_operator.py took 0.999 seconds
[2023-01-03T04:10:00.880+0000] {processor.py:153} INFO - Started process (PID=164) to work on /home/airflow/.local/lib/python3.7/site-packages/airflow/example_dags/example_bash_operator.py
[2023-01-03T04:10:00.885+0000] {processor.py:743} INFO - Processing file /home/airflow/.local/lib/python3.7/site-packages/airflow/example_dags/example_bash_operator.py for tasks to queue
[2023-01-03T04:10:00.890+0000] {logging_mixin.py:137} INFO - [2023-01-03T04:10:00.890+0000] {dagbag.py:538} INFO - Filling up the DagBag from /home/airflow/.local/lib/python3.7/site-packages/airflow/example_dags/example_bash_operator.py
[2023-01-03T04:10:00.973+0000] {processor.py:753} INFO - DAG(s) dict_keys(['example_bash_operator']) retrieved from /home/airflow/.local/lib/python3.7/site-packages/airflow/example_dags/example_bash_operator.py
[2023-01-03T04:10:01.154+0000] {logging_mixin.py:137} INFO - [2023-01-03T04:10:01.154+0000] {dag.py:2676} INFO - Sync 1 DAGs
[2023-01-03T04:10:01.234+0000] {logging_mixin.py:137} INFO - [2023-01-03T04:10:01.234+0000] {dag.py:3427} INFO - Setting next_dagrun for example_bash_operator to 2023-01-02T00:00:00+00:00, run_after=2023-01-03T00:00:00+00:00
[2023-01-03T04:10:01.294+0000] {processor.py:175} INFO - Processing /home/airflow/.local/lib/python3.7/site-packages/airflow/example_dags/example_bash_operator.py took 0.418 seconds
[2023-01-03T04:10:41.173+0000] {processor.py:153} INFO - Started process (PID=233) to work on /home/airflow/.local/lib/python3.7/site-packages/airflow/example_dags/example_bash_operator.py
[2023-01-03T04:10:41.179+0000] {processor.py:743} INFO - Processing file /home/airflow/.local/lib/python3.7/site-packages/airflow/example_dags/example_bash_operator.py for tasks to queue
[2023-01-03T04:10:41.183+0000] {logging_mixin.py:137} INFO - [2023-01-03T04:10:41.183+0000] {dagbag.py:538} INFO - Filling up the DagBag from /home/airflow/.local/lib/python3.7/site-packages/airflow/example_dags/example_bash_operator.py
[2023-01-03T04:10:41.393+0000] {processor.py:753} INFO - DAG(s) dict_keys(['example_bash_operator']) retrieved from /home/airflow/.local/lib/python3.7/site-packages/airflow/example_dags/example_bash_operator.py
[2023-01-03T04:10:41.640+0000] {logging_mixin.py:137} INFO - [2023-01-03T04:10:41.640+0000] {dag.py:2676} INFO - Sync 1 DAGs
[2023-01-03T04:10:41.748+0000] {logging_mixin.py:137} INFO - [2023-01-03T04:10:41.748+0000] {dag.py:3427} INFO - Setting next_dagrun for example_bash_operator to 2023-01-02T00:00:00+00:00, run_after=2023-01-03T00:00:00+00:00
[2023-01-03T04:10:41.846+0000] {processor.py:175} INFO - Processing /home/airflow/.local/lib/python3.7/site-packages/airflow/example_dags/example_bash_operator.py took 0.739 seconds
[2023-01-03T04:11:12.360+0000] {processor.py:153} INFO - Started process (PID=287) to work on /home/airflow/.local/lib/python3.7/site-packages/airflow/example_dags/example_bash_operator.py
[2023-01-03T04:11:12.404+0000] {processor.py:743} INFO - Processing file /home/airflow/.local/lib/python3.7/site-packages/airflow/example_dags/example_bash_operator.py for tasks to queue
[2023-01-03T04:11:12.411+0000] {logging_mixin.py:137} INFO - [2023-01-03T04:11:12.411+0000] {dagbag.py:538} INFO - Filling up the DagBag from /home/airflow/.local/lib/python3.7/site-packages/airflow/example_dags/example_bash_operator.py
[2023-01-03T04:11:12.580+0000] {processor.py:753} INFO - DAG(s) dict_keys(['example_bash_operator']) retrieved from /home/airflow/.local/lib/python3.7/site-packages/airflow/example_dags/example_bash_operator.py
[2023-01-03T04:11:12.739+0000] {logging_mixin.py:137} INFO - [2023-01-03T04:11:12.739+0000] {dag.py:2676} INFO - Sync 1 DAGs
[2023-01-03T04:11:12.826+0000] {logging_mixin.py:137} INFO - [2023-01-03T04:11:12.826+0000] {dag.py:3427} INFO - Setting next_dagrun for example_bash_operator to 2023-01-02T00:00:00+00:00, run_after=2023-01-03T00:00:00+00:00
[2023-01-03T04:11:12.889+0000] {processor.py:175} INFO - Processing /home/airflow/.local/lib/python3.7/site-packages/airflow/example_dags/example_bash_operator.py took 0.543 seconds
[2023-01-03T04:11:44.888+0000] {processor.py:153} INFO - Started process (PID=348) to work on /home/airflow/.local/lib/python3.7/site-packages/airflow/example_dags/example_bash_operator.py
[2023-01-03T04:11:44.891+0000] {processor.py:743} INFO - Processing file /home/airflow/.local/lib/python3.7/site-packages/airflow/example_dags/example_bash_operator.py for tasks to queue
[2023-01-03T04:11:44.895+0000] {logging_mixin.py:137} INFO - [2023-01-03T04:11:44.895+0000] {dagbag.py:538} INFO - Filling up the DagBag from /home/airflow/.local/lib/python3.7/site-packages/airflow/example_dags/example_bash_operator.py
[2023-01-03T04:11:45.083+0000] {processor.py:753} INFO - DAG(s) dict_keys(['example_bash_operator']) retrieved from /home/airflow/.local/lib/python3.7/site-packages/airflow/example_dags/example_bash_operator.py
[2023-01-03T04:11:45.345+0000] {logging_mixin.py:137} INFO - [2023-01-03T04:11:45.329+0000] {dag.py:2676} INFO - Sync 1 DAGs
[2023-01-03T04:11:45.497+0000] {logging_mixin.py:137} INFO - [2023-01-03T04:11:45.497+0000] {dag.py:3427} INFO - Setting next_dagrun for example_bash_operator to 2023-01-02T00:00:00+00:00, run_after=2023-01-03T00:00:00+00:00
[2023-01-03T04:11:45.640+0000] {processor.py:175} INFO - Processing /home/airflow/.local/lib/python3.7/site-packages/airflow/example_dags/example_bash_operator.py took 0.774 seconds
[2023-01-03T04:13:35.491+0000] {processor.py:153} INFO - Started process (PID=444) to work on /home/airflow/.local/lib/python3.7/site-packages/airflow/example_dags/example_bash_operator.py
[2023-01-03T04:13:35.502+0000] {processor.py:743} INFO - Processing file /home/airflow/.local/lib/python3.7/site-packages/airflow/example_dags/example_bash_operator.py for tasks to queue
[2023-01-03T04:13:35.507+0000] {logging_mixin.py:137} INFO - [2023-01-03T04:13:35.507+0000] {dagbag.py:538} INFO - Filling up the DagBag from /home/airflow/.local/lib/python3.7/site-packages/airflow/example_dags/example_bash_operator.py
[2023-01-03T04:13:35.906+0000] {processor.py:753} INFO - DAG(s) dict_keys(['example_bash_operator']) retrieved from /home/airflow/.local/lib/python3.7/site-packages/airflow/example_dags/example_bash_operator.py
[2023-01-03T04:13:36.712+0000] {logging_mixin.py:137} INFO - [2023-01-03T04:13:36.687+0000] {dag.py:2676} INFO - Sync 1 DAGs
[2023-01-03T04:13:37.292+0000] {logging_mixin.py:137} INFO - [2023-01-03T04:13:37.284+0000] {dag.py:3427} INFO - Setting next_dagrun for example_bash_operator to 2023-01-02T00:00:00+00:00, run_after=2023-01-03T00:00:00+00:00
[2023-01-03T04:13:37.561+0000] {processor.py:175} INFO - Processing /home/airflow/.local/lib/python3.7/site-packages/airflow/example_dags/example_bash_operator.py took 2.107 seconds
