[2023-01-03T03:44:30.909+0000] {processor.py:153} INFO - Started process (PID=63) to work on /home/airflow/.local/lib/python3.7/site-packages/airflow/example_dags/example_short_circuit_operator.py
[2023-01-03T03:44:30.916+0000] {processor.py:743} INFO - Processing file /home/airflow/.local/lib/python3.7/site-packages/airflow/example_dags/example_short_circuit_operator.py for tasks to queue
[2023-01-03T03:44:30.918+0000] {logging_mixin.py:137} INFO - [2023-01-03T03:44:30.918+0000] {dagbag.py:538} INFO - Filling up the DagBag from /home/airflow/.local/lib/python3.7/site-packages/airflow/example_dags/example_short_circuit_operator.py
[2023-01-03T03:44:31.010+0000] {processor.py:753} INFO - DAG(s) dict_keys(['example_short_circuit_operator']) retrieved from /home/airflow/.local/lib/python3.7/site-packages/airflow/example_dags/example_short_circuit_operator.py
[2023-01-03T03:44:31.225+0000] {logging_mixin.py:137} INFO - [2023-01-03T03:44:31.225+0000] {dag.py:2676} INFO - Sync 1 DAGs
[2023-01-03T03:44:31.334+0000] {logging_mixin.py:137} INFO - [2023-01-03T03:44:31.334+0000] {dag.py:3427} INFO - Setting next_dagrun for example_short_circuit_operator to 2023-01-02T03:44:31.334156+00:00, run_after=2023-01-03T03:44:31.334156+00:00
[2023-01-03T03:44:31.383+0000] {processor.py:175} INFO - Processing /home/airflow/.local/lib/python3.7/site-packages/airflow/example_dags/example_short_circuit_operator.py took 0.488 seconds
[2023-01-03T03:45:02.017+0000] {processor.py:153} INFO - Started process (PID=124) to work on /home/airflow/.local/lib/python3.7/site-packages/airflow/example_dags/example_short_circuit_operator.py
[2023-01-03T03:45:02.018+0000] {processor.py:743} INFO - Processing file /home/airflow/.local/lib/python3.7/site-packages/airflow/example_dags/example_short_circuit_operator.py for tasks to queue
[2023-01-03T03:45:02.019+0000] {logging_mixin.py:137} INFO - [2023-01-03T03:45:02.019+0000] {dagbag.py:538} INFO - Filling up the DagBag from /home/airflow/.local/lib/python3.7/site-packages/airflow/example_dags/example_short_circuit_operator.py
[2023-01-03T03:45:02.051+0000] {processor.py:753} INFO - DAG(s) dict_keys(['example_short_circuit_operator']) retrieved from /home/airflow/.local/lib/python3.7/site-packages/airflow/example_dags/example_short_circuit_operator.py
[2023-01-03T03:45:02.100+0000] {logging_mixin.py:137} INFO - [2023-01-03T03:45:02.099+0000] {dag.py:2676} INFO - Sync 1 DAGs
[2023-01-03T03:45:02.125+0000] {logging_mixin.py:137} INFO - [2023-01-03T03:45:02.124+0000] {dag.py:3427} INFO - Setting next_dagrun for example_short_circuit_operator to 2023-01-02T03:45:02.124682+00:00, run_after=2023-01-03T03:45:02.124682+00:00
[2023-01-03T03:45:02.143+0000] {processor.py:175} INFO - Processing /home/airflow/.local/lib/python3.7/site-packages/airflow/example_dags/example_short_circuit_operator.py took 0.129 seconds
[2023-01-03T03:45:32.368+0000] {processor.py:153} INFO - Started process (PID=186) to work on /home/airflow/.local/lib/python3.7/site-packages/airflow/example_dags/example_short_circuit_operator.py
[2023-01-03T03:45:32.375+0000] {processor.py:743} INFO - Processing file /home/airflow/.local/lib/python3.7/site-packages/airflow/example_dags/example_short_circuit_operator.py for tasks to queue
[2023-01-03T03:45:32.377+0000] {logging_mixin.py:137} INFO - [2023-01-03T03:45:32.377+0000] {dagbag.py:538} INFO - Filling up the DagBag from /home/airflow/.local/lib/python3.7/site-packages/airflow/example_dags/example_short_circuit_operator.py
[2023-01-03T03:45:32.407+0000] {processor.py:753} INFO - DAG(s) dict_keys(['example_short_circuit_operator']) retrieved from /home/airflow/.local/lib/python3.7/site-packages/airflow/example_dags/example_short_circuit_operator.py
[2023-01-03T03:45:32.476+0000] {logging_mixin.py:137} INFO - [2023-01-03T03:45:32.476+0000] {dag.py:2676} INFO - Sync 1 DAGs
[2023-01-03T03:45:32.511+0000] {logging_mixin.py:137} INFO - [2023-01-03T03:45:32.511+0000] {dag.py:3427} INFO - Setting next_dagrun for example_short_circuit_operator to 2023-01-02T03:45:32.511481+00:00, run_after=2023-01-03T03:45:32.511481+00:00
[2023-01-03T03:45:32.530+0000] {processor.py:175} INFO - Processing /home/airflow/.local/lib/python3.7/site-packages/airflow/example_dags/example_short_circuit_operator.py took 0.166 seconds
[2023-01-03T03:46:03.259+0000] {processor.py:153} INFO - Started process (PID=261) to work on /home/airflow/.local/lib/python3.7/site-packages/airflow/example_dags/example_short_circuit_operator.py
[2023-01-03T03:46:03.260+0000] {processor.py:743} INFO - Processing file /home/airflow/.local/lib/python3.7/site-packages/airflow/example_dags/example_short_circuit_operator.py for tasks to queue
[2023-01-03T03:46:03.261+0000] {logging_mixin.py:137} INFO - [2023-01-03T03:46:03.261+0000] {dagbag.py:538} INFO - Filling up the DagBag from /home/airflow/.local/lib/python3.7/site-packages/airflow/example_dags/example_short_circuit_operator.py
[2023-01-03T03:46:03.299+0000] {processor.py:753} INFO - DAG(s) dict_keys(['example_short_circuit_operator']) retrieved from /home/airflow/.local/lib/python3.7/site-packages/airflow/example_dags/example_short_circuit_operator.py
[2023-01-03T03:46:03.401+0000] {logging_mixin.py:137} INFO - [2023-01-03T03:46:03.401+0000] {dag.py:2676} INFO - Sync 1 DAGs
[2023-01-03T03:46:03.443+0000] {logging_mixin.py:137} INFO - [2023-01-03T03:46:03.443+0000] {dag.py:3427} INFO - Setting next_dagrun for example_short_circuit_operator to 2023-01-02T03:46:03.443235+00:00, run_after=2023-01-03T03:46:03.443235+00:00
[2023-01-03T03:46:03.471+0000] {processor.py:175} INFO - Processing /home/airflow/.local/lib/python3.7/site-packages/airflow/example_dags/example_short_circuit_operator.py took 0.230 seconds
[2023-01-03T03:46:34.612+0000] {processor.py:153} INFO - Started process (PID=322) to work on /home/airflow/.local/lib/python3.7/site-packages/airflow/example_dags/example_short_circuit_operator.py
[2023-01-03T03:46:34.625+0000] {processor.py:743} INFO - Processing file /home/airflow/.local/lib/python3.7/site-packages/airflow/example_dags/example_short_circuit_operator.py for tasks to queue
[2023-01-03T03:46:34.627+0000] {logging_mixin.py:137} INFO - [2023-01-03T03:46:34.626+0000] {dagbag.py:538} INFO - Filling up the DagBag from /home/airflow/.local/lib/python3.7/site-packages/airflow/example_dags/example_short_circuit_operator.py
[2023-01-03T03:46:34.669+0000] {processor.py:753} INFO - DAG(s) dict_keys(['example_short_circuit_operator']) retrieved from /home/airflow/.local/lib/python3.7/site-packages/airflow/example_dags/example_short_circuit_operator.py
[2023-01-03T03:46:34.772+0000] {logging_mixin.py:137} INFO - [2023-01-03T03:46:34.772+0000] {dag.py:2676} INFO - Sync 1 DAGs
[2023-01-03T03:46:34.827+0000] {logging_mixin.py:137} INFO - [2023-01-03T03:46:34.827+0000] {dag.py:3427} INFO - Setting next_dagrun for example_short_circuit_operator to 2023-01-02T03:46:34.826757+00:00, run_after=2023-01-03T03:46:34.826757+00:00
[2023-01-03T03:46:34.866+0000] {processor.py:175} INFO - Processing /home/airflow/.local/lib/python3.7/site-packages/airflow/example_dags/example_short_circuit_operator.py took 0.256 seconds
[2023-01-03T03:47:05.969+0000] {processor.py:153} INFO - Started process (PID=384) to work on /home/airflow/.local/lib/python3.7/site-packages/airflow/example_dags/example_short_circuit_operator.py
[2023-01-03T03:47:05.974+0000] {processor.py:743} INFO - Processing file /home/airflow/.local/lib/python3.7/site-packages/airflow/example_dags/example_short_circuit_operator.py for tasks to queue
[2023-01-03T03:47:05.975+0000] {logging_mixin.py:137} INFO - [2023-01-03T03:47:05.975+0000] {dagbag.py:538} INFO - Filling up the DagBag from /home/airflow/.local/lib/python3.7/site-packages/airflow/example_dags/example_short_circuit_operator.py
[2023-01-03T03:47:06.019+0000] {processor.py:753} INFO - DAG(s) dict_keys(['example_short_circuit_operator']) retrieved from /home/airflow/.local/lib/python3.7/site-packages/airflow/example_dags/example_short_circuit_operator.py
[2023-01-03T03:47:06.128+0000] {logging_mixin.py:137} INFO - [2023-01-03T03:47:06.128+0000] {dag.py:2676} INFO - Sync 1 DAGs
[2023-01-03T03:47:06.171+0000] {logging_mixin.py:137} INFO - [2023-01-03T03:47:06.171+0000] {dag.py:3427} INFO - Setting next_dagrun for example_short_circuit_operator to 2023-01-02T03:47:06.171255+00:00, run_after=2023-01-03T03:47:06.171255+00:00
[2023-01-03T03:47:06.199+0000] {processor.py:175} INFO - Processing /home/airflow/.local/lib/python3.7/site-packages/airflow/example_dags/example_short_circuit_operator.py took 0.234 seconds
[2023-01-03T03:47:37.055+0000] {processor.py:153} INFO - Started process (PID=446) to work on /home/airflow/.local/lib/python3.7/site-packages/airflow/example_dags/example_short_circuit_operator.py
[2023-01-03T03:47:37.056+0000] {processor.py:743} INFO - Processing file /home/airflow/.local/lib/python3.7/site-packages/airflow/example_dags/example_short_circuit_operator.py for tasks to queue
[2023-01-03T03:47:37.057+0000] {logging_mixin.py:137} INFO - [2023-01-03T03:47:37.057+0000] {dagbag.py:538} INFO - Filling up the DagBag from /home/airflow/.local/lib/python3.7/site-packages/airflow/example_dags/example_short_circuit_operator.py
[2023-01-03T03:47:37.085+0000] {processor.py:753} INFO - DAG(s) dict_keys(['example_short_circuit_operator']) retrieved from /home/airflow/.local/lib/python3.7/site-packages/airflow/example_dags/example_short_circuit_operator.py
[2023-01-03T03:47:37.121+0000] {logging_mixin.py:137} INFO - [2023-01-03T03:47:37.121+0000] {dag.py:2676} INFO - Sync 1 DAGs
[2023-01-03T03:47:37.139+0000] {logging_mixin.py:137} INFO - [2023-01-03T03:47:37.139+0000] {dag.py:3427} INFO - Setting next_dagrun for example_short_circuit_operator to 2023-01-02T03:47:37.138985+00:00, run_after=2023-01-03T03:47:37.138985+00:00
[2023-01-03T03:47:37.151+0000] {processor.py:175} INFO - Processing /home/airflow/.local/lib/python3.7/site-packages/airflow/example_dags/example_short_circuit_operator.py took 0.100 seconds
[2023-01-03T03:48:12.047+0000] {processor.py:153} INFO - Started process (PID=508) to work on /home/airflow/.local/lib/python3.7/site-packages/airflow/example_dags/example_short_circuit_operator.py
[2023-01-03T03:48:12.051+0000] {processor.py:743} INFO - Processing file /home/airflow/.local/lib/python3.7/site-packages/airflow/example_dags/example_short_circuit_operator.py for tasks to queue
[2023-01-03T03:48:12.060+0000] {logging_mixin.py:137} INFO - [2023-01-03T03:48:12.060+0000] {dagbag.py:538} INFO - Filling up the DagBag from /home/airflow/.local/lib/python3.7/site-packages/airflow/example_dags/example_short_circuit_operator.py
[2023-01-03T03:48:12.108+0000] {processor.py:753} INFO - DAG(s) dict_keys(['example_short_circuit_operator']) retrieved from /home/airflow/.local/lib/python3.7/site-packages/airflow/example_dags/example_short_circuit_operator.py
[2023-01-03T03:48:12.227+0000] {logging_mixin.py:137} INFO - [2023-01-03T03:48:12.227+0000] {dag.py:2676} INFO - Sync 1 DAGs
[2023-01-03T03:48:12.293+0000] {logging_mixin.py:137} INFO - [2023-01-03T03:48:12.292+0000] {dag.py:3427} INFO - Setting next_dagrun for example_short_circuit_operator to 2023-01-02T03:48:12.292527+00:00, run_after=2023-01-03T03:48:12.292527+00:00
[2023-01-03T03:48:12.357+0000] {processor.py:175} INFO - Processing /home/airflow/.local/lib/python3.7/site-packages/airflow/example_dags/example_short_circuit_operator.py took 0.312 seconds
[2023-01-03T03:48:42.745+0000] {processor.py:153} INFO - Started process (PID=570) to work on /home/airflow/.local/lib/python3.7/site-packages/airflow/example_dags/example_short_circuit_operator.py
[2023-01-03T03:48:42.746+0000] {processor.py:743} INFO - Processing file /home/airflow/.local/lib/python3.7/site-packages/airflow/example_dags/example_short_circuit_operator.py for tasks to queue
[2023-01-03T03:48:42.748+0000] {logging_mixin.py:137} INFO - [2023-01-03T03:48:42.748+0000] {dagbag.py:538} INFO - Filling up the DagBag from /home/airflow/.local/lib/python3.7/site-packages/airflow/example_dags/example_short_circuit_operator.py
[2023-01-03T03:48:42.806+0000] {processor.py:753} INFO - DAG(s) dict_keys(['example_short_circuit_operator']) retrieved from /home/airflow/.local/lib/python3.7/site-packages/airflow/example_dags/example_short_circuit_operator.py
[2023-01-03T03:48:42.955+0000] {logging_mixin.py:137} INFO - [2023-01-03T03:48:42.955+0000] {dag.py:2676} INFO - Sync 1 DAGs
[2023-01-03T03:48:43.033+0000] {logging_mixin.py:137} INFO - [2023-01-03T03:48:43.033+0000] {dag.py:3427} INFO - Setting next_dagrun for example_short_circuit_operator to 2023-01-02T03:48:43.033552+00:00, run_after=2023-01-03T03:48:43.033552+00:00
[2023-01-03T03:48:43.061+0000] {processor.py:175} INFO - Processing /home/airflow/.local/lib/python3.7/site-packages/airflow/example_dags/example_short_circuit_operator.py took 0.332 seconds
[2023-01-03T03:49:13.485+0000] {processor.py:153} INFO - Started process (PID=632) to work on /home/airflow/.local/lib/python3.7/site-packages/airflow/example_dags/example_short_circuit_operator.py
[2023-01-03T03:49:13.492+0000] {processor.py:743} INFO - Processing file /home/airflow/.local/lib/python3.7/site-packages/airflow/example_dags/example_short_circuit_operator.py for tasks to queue
[2023-01-03T03:49:13.496+0000] {logging_mixin.py:137} INFO - [2023-01-03T03:49:13.496+0000] {dagbag.py:538} INFO - Filling up the DagBag from /home/airflow/.local/lib/python3.7/site-packages/airflow/example_dags/example_short_circuit_operator.py
[2023-01-03T03:49:13.533+0000] {processor.py:753} INFO - DAG(s) dict_keys(['example_short_circuit_operator']) retrieved from /home/airflow/.local/lib/python3.7/site-packages/airflow/example_dags/example_short_circuit_operator.py
[2023-01-03T03:49:13.624+0000] {logging_mixin.py:137} INFO - [2023-01-03T03:49:13.624+0000] {dag.py:2676} INFO - Sync 1 DAGs
[2023-01-03T03:49:13.675+0000] {logging_mixin.py:137} INFO - [2023-01-03T03:49:13.675+0000] {dag.py:3427} INFO - Setting next_dagrun for example_short_circuit_operator to 2023-01-02T03:49:13.674979+00:00, run_after=2023-01-03T03:49:13.674979+00:00
[2023-01-03T03:49:13.709+0000] {processor.py:175} INFO - Processing /home/airflow/.local/lib/python3.7/site-packages/airflow/example_dags/example_short_circuit_operator.py took 0.227 seconds
[2023-01-03T03:49:44.953+0000] {processor.py:153} INFO - Started process (PID=706) to work on /home/airflow/.local/lib/python3.7/site-packages/airflow/example_dags/example_short_circuit_operator.py
[2023-01-03T03:49:44.957+0000] {processor.py:743} INFO - Processing file /home/airflow/.local/lib/python3.7/site-packages/airflow/example_dags/example_short_circuit_operator.py for tasks to queue
[2023-01-03T03:49:44.960+0000] {logging_mixin.py:137} INFO - [2023-01-03T03:49:44.960+0000] {dagbag.py:538} INFO - Filling up the DagBag from /home/airflow/.local/lib/python3.7/site-packages/airflow/example_dags/example_short_circuit_operator.py
[2023-01-03T03:49:45.003+0000] {processor.py:753} INFO - DAG(s) dict_keys(['example_short_circuit_operator']) retrieved from /home/airflow/.local/lib/python3.7/site-packages/airflow/example_dags/example_short_circuit_operator.py
[2023-01-03T03:49:45.078+0000] {logging_mixin.py:137} INFO - [2023-01-03T03:49:45.078+0000] {dag.py:2676} INFO - Sync 1 DAGs
[2023-01-03T03:49:45.122+0000] {logging_mixin.py:137} INFO - [2023-01-03T03:49:45.122+0000] {dag.py:3427} INFO - Setting next_dagrun for example_short_circuit_operator to 2023-01-02T03:49:45.122304+00:00, run_after=2023-01-03T03:49:45.122304+00:00
[2023-01-03T03:49:45.156+0000] {processor.py:175} INFO - Processing /home/airflow/.local/lib/python3.7/site-packages/airflow/example_dags/example_short_circuit_operator.py took 0.209 seconds
[2023-01-03T03:50:15.512+0000] {processor.py:153} INFO - Started process (PID=768) to work on /home/airflow/.local/lib/python3.7/site-packages/airflow/example_dags/example_short_circuit_operator.py
[2023-01-03T03:50:15.514+0000] {processor.py:743} INFO - Processing file /home/airflow/.local/lib/python3.7/site-packages/airflow/example_dags/example_short_circuit_operator.py for tasks to queue
[2023-01-03T03:50:15.515+0000] {logging_mixin.py:137} INFO - [2023-01-03T03:50:15.515+0000] {dagbag.py:538} INFO - Filling up the DagBag from /home/airflow/.local/lib/python3.7/site-packages/airflow/example_dags/example_short_circuit_operator.py
[2023-01-03T03:50:15.549+0000] {processor.py:753} INFO - DAG(s) dict_keys(['example_short_circuit_operator']) retrieved from /home/airflow/.local/lib/python3.7/site-packages/airflow/example_dags/example_short_circuit_operator.py
[2023-01-03T03:50:15.665+0000] {logging_mixin.py:137} INFO - [2023-01-03T03:50:15.665+0000] {dag.py:2676} INFO - Sync 1 DAGs
[2023-01-03T03:50:15.739+0000] {logging_mixin.py:137} INFO - [2023-01-03T03:50:15.739+0000] {dag.py:3427} INFO - Setting next_dagrun for example_short_circuit_operator to 2023-01-02T03:50:15.739442+00:00, run_after=2023-01-03T03:50:15.739442+00:00
[2023-01-03T03:50:15.816+0000] {processor.py:175} INFO - Processing /home/airflow/.local/lib/python3.7/site-packages/airflow/example_dags/example_short_circuit_operator.py took 0.319 seconds
[2023-01-03T03:50:46.708+0000] {processor.py:153} INFO - Started process (PID=818) to work on /home/airflow/.local/lib/python3.7/site-packages/airflow/example_dags/example_short_circuit_operator.py
[2023-01-03T03:50:46.716+0000] {processor.py:743} INFO - Processing file /home/airflow/.local/lib/python3.7/site-packages/airflow/example_dags/example_short_circuit_operator.py for tasks to queue
[2023-01-03T03:50:46.721+0000] {logging_mixin.py:137} INFO - [2023-01-03T03:50:46.720+0000] {dagbag.py:538} INFO - Filling up the DagBag from /home/airflow/.local/lib/python3.7/site-packages/airflow/example_dags/example_short_circuit_operator.py
[2023-01-03T03:50:46.762+0000] {processor.py:753} INFO - DAG(s) dict_keys(['example_short_circuit_operator']) retrieved from /home/airflow/.local/lib/python3.7/site-packages/airflow/example_dags/example_short_circuit_operator.py
[2023-01-03T03:50:46.870+0000] {logging_mixin.py:137} INFO - [2023-01-03T03:50:46.870+0000] {dag.py:2676} INFO - Sync 1 DAGs
[2023-01-03T03:50:46.973+0000] {logging_mixin.py:137} INFO - [2023-01-03T03:50:46.973+0000] {dag.py:3427} INFO - Setting next_dagrun for example_short_circuit_operator to 2023-01-02T03:50:46.972927+00:00, run_after=2023-01-03T03:50:46.972927+00:00
[2023-01-03T03:50:47.013+0000] {processor.py:175} INFO - Processing /home/airflow/.local/lib/python3.7/site-packages/airflow/example_dags/example_short_circuit_operator.py took 0.312 seconds
[2023-01-03T03:51:17.090+0000] {processor.py:153} INFO - Started process (PID=888) to work on /home/airflow/.local/lib/python3.7/site-packages/airflow/example_dags/example_short_circuit_operator.py
[2023-01-03T03:51:17.099+0000] {processor.py:743} INFO - Processing file /home/airflow/.local/lib/python3.7/site-packages/airflow/example_dags/example_short_circuit_operator.py for tasks to queue
[2023-01-03T03:51:17.100+0000] {logging_mixin.py:137} INFO - [2023-01-03T03:51:17.100+0000] {dagbag.py:538} INFO - Filling up the DagBag from /home/airflow/.local/lib/python3.7/site-packages/airflow/example_dags/example_short_circuit_operator.py
[2023-01-03T03:51:17.157+0000] {processor.py:753} INFO - DAG(s) dict_keys(['example_short_circuit_operator']) retrieved from /home/airflow/.local/lib/python3.7/site-packages/airflow/example_dags/example_short_circuit_operator.py
[2023-01-03T03:51:17.385+0000] {logging_mixin.py:137} INFO - [2023-01-03T03:51:17.385+0000] {dag.py:2676} INFO - Sync 1 DAGs
[2023-01-03T03:51:17.521+0000] {logging_mixin.py:137} INFO - [2023-01-03T03:51:17.521+0000] {dag.py:3427} INFO - Setting next_dagrun for example_short_circuit_operator to 2023-01-02T03:51:17.521175+00:00, run_after=2023-01-03T03:51:17.521175+00:00
[2023-01-03T03:51:17.634+0000] {processor.py:175} INFO - Processing /home/airflow/.local/lib/python3.7/site-packages/airflow/example_dags/example_short_circuit_operator.py took 0.556 seconds
[2023-01-03T03:51:48.406+0000] {processor.py:153} INFO - Started process (PID=950) to work on /home/airflow/.local/lib/python3.7/site-packages/airflow/example_dags/example_short_circuit_operator.py
[2023-01-03T03:51:48.413+0000] {processor.py:743} INFO - Processing file /home/airflow/.local/lib/python3.7/site-packages/airflow/example_dags/example_short_circuit_operator.py for tasks to queue
[2023-01-03T03:51:48.423+0000] {logging_mixin.py:137} INFO - [2023-01-03T03:51:48.422+0000] {dagbag.py:538} INFO - Filling up the DagBag from /home/airflow/.local/lib/python3.7/site-packages/airflow/example_dags/example_short_circuit_operator.py
[2023-01-03T03:51:48.489+0000] {processor.py:753} INFO - DAG(s) dict_keys(['example_short_circuit_operator']) retrieved from /home/airflow/.local/lib/python3.7/site-packages/airflow/example_dags/example_short_circuit_operator.py
[2023-01-03T03:51:48.669+0000] {logging_mixin.py:137} INFO - [2023-01-03T03:51:48.669+0000] {dag.py:2676} INFO - Sync 1 DAGs
[2023-01-03T03:51:48.786+0000] {logging_mixin.py:137} INFO - [2023-01-03T03:51:48.785+0000] {dag.py:3427} INFO - Setting next_dagrun for example_short_circuit_operator to 2023-01-02T03:51:48.785672+00:00, run_after=2023-01-03T03:51:48.785672+00:00
[2023-01-03T03:51:48.833+0000] {processor.py:175} INFO - Processing /home/airflow/.local/lib/python3.7/site-packages/airflow/example_dags/example_short_circuit_operator.py took 0.430 seconds
[2023-01-03T03:52:19.425+0000] {processor.py:153} INFO - Started process (PID=1004) to work on /home/airflow/.local/lib/python3.7/site-packages/airflow/example_dags/example_short_circuit_operator.py
[2023-01-03T03:52:19.429+0000] {processor.py:743} INFO - Processing file /home/airflow/.local/lib/python3.7/site-packages/airflow/example_dags/example_short_circuit_operator.py for tasks to queue
[2023-01-03T03:52:19.432+0000] {logging_mixin.py:137} INFO - [2023-01-03T03:52:19.432+0000] {dagbag.py:538} INFO - Filling up the DagBag from /home/airflow/.local/lib/python3.7/site-packages/airflow/example_dags/example_short_circuit_operator.py
[2023-01-03T03:52:19.461+0000] {processor.py:753} INFO - DAG(s) dict_keys(['example_short_circuit_operator']) retrieved from /home/airflow/.local/lib/python3.7/site-packages/airflow/example_dags/example_short_circuit_operator.py
[2023-01-03T03:52:19.542+0000] {logging_mixin.py:137} INFO - [2023-01-03T03:52:19.542+0000] {dag.py:2676} INFO - Sync 1 DAGs
[2023-01-03T03:52:19.589+0000] {logging_mixin.py:137} INFO - [2023-01-03T03:52:19.589+0000] {dag.py:3427} INFO - Setting next_dagrun for example_short_circuit_operator to 2023-01-02T03:52:19.589055+00:00, run_after=2023-01-03T03:52:19.589055+00:00
[2023-01-03T03:52:19.614+0000] {processor.py:175} INFO - Processing /home/airflow/.local/lib/python3.7/site-packages/airflow/example_dags/example_short_circuit_operator.py took 0.193 seconds
[2023-01-03T03:52:59.105+0000] {processor.py:153} INFO - Started process (PID=1068) to work on /home/airflow/.local/lib/python3.7/site-packages/airflow/example_dags/example_short_circuit_operator.py
[2023-01-03T03:52:59.106+0000] {processor.py:743} INFO - Processing file /home/airflow/.local/lib/python3.7/site-packages/airflow/example_dags/example_short_circuit_operator.py for tasks to queue
[2023-01-03T03:52:59.107+0000] {logging_mixin.py:137} INFO - [2023-01-03T03:52:59.107+0000] {dagbag.py:538} INFO - Filling up the DagBag from /home/airflow/.local/lib/python3.7/site-packages/airflow/example_dags/example_short_circuit_operator.py
[2023-01-03T03:52:59.143+0000] {processor.py:753} INFO - DAG(s) dict_keys(['example_short_circuit_operator']) retrieved from /home/airflow/.local/lib/python3.7/site-packages/airflow/example_dags/example_short_circuit_operator.py
[2023-01-03T03:52:59.200+0000] {logging_mixin.py:137} INFO - [2023-01-03T03:52:59.200+0000] {dag.py:2676} INFO - Sync 1 DAGs
[2023-01-03T03:52:59.237+0000] {logging_mixin.py:137} INFO - [2023-01-03T03:52:59.237+0000] {dag.py:3427} INFO - Setting next_dagrun for example_short_circuit_operator to 2023-01-02T03:52:59.236921+00:00, run_after=2023-01-03T03:52:59.236921+00:00
[2023-01-03T03:52:59.261+0000] {processor.py:175} INFO - Processing /home/airflow/.local/lib/python3.7/site-packages/airflow/example_dags/example_short_circuit_operator.py took 0.160 seconds
[2023-01-03T03:53:45.861+0000] {processor.py:153} INFO - Started process (PID=1118) to work on /home/airflow/.local/lib/python3.7/site-packages/airflow/example_dags/example_short_circuit_operator.py
[2023-01-03T03:53:45.867+0000] {processor.py:743} INFO - Processing file /home/airflow/.local/lib/python3.7/site-packages/airflow/example_dags/example_short_circuit_operator.py for tasks to queue
[2023-01-03T03:53:45.869+0000] {logging_mixin.py:137} INFO - [2023-01-03T03:53:45.868+0000] {dagbag.py:538} INFO - Filling up the DagBag from /home/airflow/.local/lib/python3.7/site-packages/airflow/example_dags/example_short_circuit_operator.py
[2023-01-03T03:53:45.905+0000] {processor.py:753} INFO - DAG(s) dict_keys(['example_short_circuit_operator']) retrieved from /home/airflow/.local/lib/python3.7/site-packages/airflow/example_dags/example_short_circuit_operator.py
[2023-01-03T03:53:46.006+0000] {logging_mixin.py:137} INFO - [2023-01-03T03:53:46.001+0000] {dag.py:2676} INFO - Sync 1 DAGs
[2023-01-03T03:53:46.056+0000] {logging_mixin.py:137} INFO - [2023-01-03T03:53:46.056+0000] {dag.py:3427} INFO - Setting next_dagrun for example_short_circuit_operator to 2023-01-02T03:53:46.056436+00:00, run_after=2023-01-03T03:53:46.056436+00:00
[2023-01-03T03:53:46.094+0000] {processor.py:175} INFO - Processing /home/airflow/.local/lib/python3.7/site-packages/airflow/example_dags/example_short_circuit_operator.py took 0.236 seconds
[2023-01-03T03:54:18.648+0000] {processor.py:153} INFO - Started process (PID=1180) to work on /home/airflow/.local/lib/python3.7/site-packages/airflow/example_dags/example_short_circuit_operator.py
[2023-01-03T03:54:18.670+0000] {processor.py:743} INFO - Processing file /home/airflow/.local/lib/python3.7/site-packages/airflow/example_dags/example_short_circuit_operator.py for tasks to queue
[2023-01-03T03:54:18.671+0000] {logging_mixin.py:137} INFO - [2023-01-03T03:54:18.671+0000] {dagbag.py:538} INFO - Filling up the DagBag from /home/airflow/.local/lib/python3.7/site-packages/airflow/example_dags/example_short_circuit_operator.py
[2023-01-03T03:54:18.712+0000] {processor.py:753} INFO - DAG(s) dict_keys(['example_short_circuit_operator']) retrieved from /home/airflow/.local/lib/python3.7/site-packages/airflow/example_dags/example_short_circuit_operator.py
[2023-01-03T03:54:18.874+0000] {logging_mixin.py:137} INFO - [2023-01-03T03:54:18.873+0000] {dag.py:2676} INFO - Sync 1 DAGs
[2023-01-03T03:54:18.962+0000] {logging_mixin.py:137} INFO - [2023-01-03T03:54:18.962+0000] {dag.py:3427} INFO - Setting next_dagrun for example_short_circuit_operator to 2023-01-02T03:54:18.962563+00:00, run_after=2023-01-03T03:54:18.962563+00:00
[2023-01-03T03:54:19.039+0000] {processor.py:175} INFO - Processing /home/airflow/.local/lib/python3.7/site-packages/airflow/example_dags/example_short_circuit_operator.py took 0.394 seconds
[2023-01-03T03:55:05.124+0000] {processor.py:153} INFO - Started process (PID=1249) to work on /home/airflow/.local/lib/python3.7/site-packages/airflow/example_dags/example_short_circuit_operator.py
[2023-01-03T03:55:05.137+0000] {processor.py:743} INFO - Processing file /home/airflow/.local/lib/python3.7/site-packages/airflow/example_dags/example_short_circuit_operator.py for tasks to queue
[2023-01-03T03:55:05.150+0000] {logging_mixin.py:137} INFO - [2023-01-03T03:55:05.150+0000] {dagbag.py:538} INFO - Filling up the DagBag from /home/airflow/.local/lib/python3.7/site-packages/airflow/example_dags/example_short_circuit_operator.py
[2023-01-03T03:55:05.415+0000] {processor.py:753} INFO - DAG(s) dict_keys(['example_short_circuit_operator']) retrieved from /home/airflow/.local/lib/python3.7/site-packages/airflow/example_dags/example_short_circuit_operator.py
[2023-01-03T03:55:09.152+0000] {logging_mixin.py:137} INFO - [2023-01-03T03:55:09.145+0000] {dag.py:2676} INFO - Sync 1 DAGs
[2023-01-03T03:55:11.697+0000] {logging_mixin.py:137} INFO - [2023-01-03T03:55:11.697+0000] {dag.py:3427} INFO - Setting next_dagrun for example_short_circuit_operator to 2023-01-02T03:55:11.518565+00:00, run_after=2023-01-03T03:55:11.518565+00:00
[2023-01-03T03:55:11.755+0000] {processor.py:175} INFO - Processing /home/airflow/.local/lib/python3.7/site-packages/airflow/example_dags/example_short_circuit_operator.py took 6.666 seconds
[2023-01-03T04:03:57.374+0000] {processor.py:153} INFO - Started process (PID=164) to work on /home/airflow/.local/lib/python3.7/site-packages/airflow/example_dags/example_short_circuit_operator.py
[2023-01-03T04:03:57.429+0000] {processor.py:743} INFO - Processing file /home/airflow/.local/lib/python3.7/site-packages/airflow/example_dags/example_short_circuit_operator.py for tasks to queue
[2023-01-03T04:03:57.448+0000] {logging_mixin.py:137} INFO - [2023-01-03T04:03:57.440+0000] {dagbag.py:538} INFO - Filling up the DagBag from /home/airflow/.local/lib/python3.7/site-packages/airflow/example_dags/example_short_circuit_operator.py
[2023-01-03T04:03:58.759+0000] {processor.py:753} INFO - DAG(s) dict_keys(['example_short_circuit_operator']) retrieved from /home/airflow/.local/lib/python3.7/site-packages/airflow/example_dags/example_short_circuit_operator.py
[2023-01-03T04:04:01.923+0000] {logging_mixin.py:137} INFO - [2023-01-03T04:04:01.893+0000] {dag.py:2676} INFO - Sync 1 DAGs
[2023-01-03T04:04:02.926+0000] {logging_mixin.py:137} INFO - [2023-01-03T04:04:02.923+0000] {dag.py:3427} INFO - Setting next_dagrun for example_short_circuit_operator to 2023-01-02T04:04:02.884761+00:00, run_after=2023-01-03T04:04:02.884761+00:00
[2023-01-03T04:04:03.834+0000] {processor.py:175} INFO - Processing /home/airflow/.local/lib/python3.7/site-packages/airflow/example_dags/example_short_circuit_operator.py took 6.581 seconds
[2023-01-03T04:09:27.849+0000] {processor.py:153} INFO - Started process (PID=98) to work on /home/airflow/.local/lib/python3.7/site-packages/airflow/example_dags/example_short_circuit_operator.py
[2023-01-03T04:09:27.853+0000] {processor.py:743} INFO - Processing file /home/airflow/.local/lib/python3.7/site-packages/airflow/example_dags/example_short_circuit_operator.py for tasks to queue
[2023-01-03T04:09:27.858+0000] {logging_mixin.py:137} INFO - [2023-01-03T04:09:27.858+0000] {dagbag.py:538} INFO - Filling up the DagBag from /home/airflow/.local/lib/python3.7/site-packages/airflow/example_dags/example_short_circuit_operator.py
[2023-01-03T04:09:27.937+0000] {processor.py:753} INFO - DAG(s) dict_keys(['example_short_circuit_operator']) retrieved from /home/airflow/.local/lib/python3.7/site-packages/airflow/example_dags/example_short_circuit_operator.py
[2023-01-03T04:09:28.069+0000] {logging_mixin.py:137} INFO - [2023-01-03T04:09:28.069+0000] {dag.py:2676} INFO - Sync 1 DAGs
[2023-01-03T04:09:28.212+0000] {logging_mixin.py:137} INFO - [2023-01-03T04:09:28.212+0000] {dag.py:3427} INFO - Setting next_dagrun for example_short_circuit_operator to 2023-01-02T04:09:28.212164+00:00, run_after=2023-01-03T04:09:28.212164+00:00
[2023-01-03T04:09:28.265+0000] {processor.py:175} INFO - Processing /home/airflow/.local/lib/python3.7/site-packages/airflow/example_dags/example_short_circuit_operator.py took 0.426 seconds
[2023-01-03T04:09:58.660+0000] {processor.py:153} INFO - Started process (PID=160) to work on /home/airflow/.local/lib/python3.7/site-packages/airflow/example_dags/example_short_circuit_operator.py
[2023-01-03T04:09:58.664+0000] {processor.py:743} INFO - Processing file /home/airflow/.local/lib/python3.7/site-packages/airflow/example_dags/example_short_circuit_operator.py for tasks to queue
[2023-01-03T04:09:58.670+0000] {logging_mixin.py:137} INFO - [2023-01-03T04:09:58.670+0000] {dagbag.py:538} INFO - Filling up the DagBag from /home/airflow/.local/lib/python3.7/site-packages/airflow/example_dags/example_short_circuit_operator.py
[2023-01-03T04:09:58.711+0000] {processor.py:753} INFO - DAG(s) dict_keys(['example_short_circuit_operator']) retrieved from /home/airflow/.local/lib/python3.7/site-packages/airflow/example_dags/example_short_circuit_operator.py
[2023-01-03T04:09:58.837+0000] {logging_mixin.py:137} INFO - [2023-01-03T04:09:58.837+0000] {dag.py:2676} INFO - Sync 1 DAGs
[2023-01-03T04:09:58.901+0000] {logging_mixin.py:137} INFO - [2023-01-03T04:09:58.900+0000] {dag.py:3427} INFO - Setting next_dagrun for example_short_circuit_operator to 2023-01-02T04:09:58.900529+00:00, run_after=2023-01-03T04:09:58.900529+00:00
[2023-01-03T04:09:58.935+0000] {processor.py:175} INFO - Processing /home/airflow/.local/lib/python3.7/site-packages/airflow/example_dags/example_short_circuit_operator.py took 0.300 seconds
[2023-01-03T04:10:38.147+0000] {processor.py:153} INFO - Started process (PID=222) to work on /home/airflow/.local/lib/python3.7/site-packages/airflow/example_dags/example_short_circuit_operator.py
[2023-01-03T04:10:38.160+0000] {processor.py:743} INFO - Processing file /home/airflow/.local/lib/python3.7/site-packages/airflow/example_dags/example_short_circuit_operator.py for tasks to queue
[2023-01-03T04:10:38.171+0000] {logging_mixin.py:137} INFO - [2023-01-03T04:10:38.168+0000] {dagbag.py:538} INFO - Filling up the DagBag from /home/airflow/.local/lib/python3.7/site-packages/airflow/example_dags/example_short_circuit_operator.py
[2023-01-03T04:10:38.532+0000] {processor.py:753} INFO - DAG(s) dict_keys(['example_short_circuit_operator']) retrieved from /home/airflow/.local/lib/python3.7/site-packages/airflow/example_dags/example_short_circuit_operator.py
[2023-01-03T04:10:38.877+0000] {logging_mixin.py:137} INFO - [2023-01-03T04:10:38.876+0000] {dag.py:2676} INFO - Sync 1 DAGs
[2023-01-03T04:10:39.063+0000] {logging_mixin.py:137} INFO - [2023-01-03T04:10:39.061+0000] {dag.py:3427} INFO - Setting next_dagrun for example_short_circuit_operator to 2023-01-02T04:10:39.061163+00:00, run_after=2023-01-03T04:10:39.061163+00:00
[2023-01-03T04:10:39.297+0000] {processor.py:175} INFO - Processing /home/airflow/.local/lib/python3.7/site-packages/airflow/example_dags/example_short_circuit_operator.py took 1.193 seconds
[2023-01-03T04:11:09.812+0000] {processor.py:153} INFO - Started process (PID=283) to work on /home/airflow/.local/lib/python3.7/site-packages/airflow/example_dags/example_short_circuit_operator.py
[2023-01-03T04:11:09.820+0000] {processor.py:743} INFO - Processing file /home/airflow/.local/lib/python3.7/site-packages/airflow/example_dags/example_short_circuit_operator.py for tasks to queue
[2023-01-03T04:11:09.822+0000] {logging_mixin.py:137} INFO - [2023-01-03T04:11:09.821+0000] {dagbag.py:538} INFO - Filling up the DagBag from /home/airflow/.local/lib/python3.7/site-packages/airflow/example_dags/example_short_circuit_operator.py
[2023-01-03T04:11:09.865+0000] {processor.py:753} INFO - DAG(s) dict_keys(['example_short_circuit_operator']) retrieved from /home/airflow/.local/lib/python3.7/site-packages/airflow/example_dags/example_short_circuit_operator.py
[2023-01-03T04:11:09.980+0000] {logging_mixin.py:137} INFO - [2023-01-03T04:11:09.980+0000] {dag.py:2676} INFO - Sync 1 DAGs
[2023-01-03T04:11:10.036+0000] {logging_mixin.py:137} INFO - [2023-01-03T04:11:10.036+0000] {dag.py:3427} INFO - Setting next_dagrun for example_short_circuit_operator to 2023-01-02T04:11:10.035560+00:00, run_after=2023-01-03T04:11:10.035560+00:00
[2023-01-03T04:11:10.078+0000] {processor.py:175} INFO - Processing /home/airflow/.local/lib/python3.7/site-packages/airflow/example_dags/example_short_circuit_operator.py took 0.271 seconds
[2023-01-03T04:11:43.323+0000] {processor.py:153} INFO - Started process (PID=344) to work on /home/airflow/.local/lib/python3.7/site-packages/airflow/example_dags/example_short_circuit_operator.py
[2023-01-03T04:11:43.330+0000] {processor.py:743} INFO - Processing file /home/airflow/.local/lib/python3.7/site-packages/airflow/example_dags/example_short_circuit_operator.py for tasks to queue
[2023-01-03T04:11:43.339+0000] {logging_mixin.py:137} INFO - [2023-01-03T04:11:43.339+0000] {dagbag.py:538} INFO - Filling up the DagBag from /home/airflow/.local/lib/python3.7/site-packages/airflow/example_dags/example_short_circuit_operator.py
[2023-01-03T04:11:43.422+0000] {processor.py:753} INFO - DAG(s) dict_keys(['example_short_circuit_operator']) retrieved from /home/airflow/.local/lib/python3.7/site-packages/airflow/example_dags/example_short_circuit_operator.py
[2023-01-03T04:11:43.619+0000] {logging_mixin.py:137} INFO - [2023-01-03T04:11:43.618+0000] {dag.py:2676} INFO - Sync 1 DAGs
[2023-01-03T04:11:43.762+0000] {logging_mixin.py:137} INFO - [2023-01-03T04:11:43.762+0000] {dag.py:3427} INFO - Setting next_dagrun for example_short_circuit_operator to 2023-01-02T04:11:43.761925+00:00, run_after=2023-01-03T04:11:43.761925+00:00
[2023-01-03T04:11:43.825+0000] {processor.py:175} INFO - Processing /home/airflow/.local/lib/python3.7/site-packages/airflow/example_dags/example_short_circuit_operator.py took 0.514 seconds
[2023-01-03T04:13:25.775+0000] {processor.py:153} INFO - Started process (PID=434) to work on /home/airflow/.local/lib/python3.7/site-packages/airflow/example_dags/example_short_circuit_operator.py
[2023-01-03T04:13:25.783+0000] {processor.py:743} INFO - Processing file /home/airflow/.local/lib/python3.7/site-packages/airflow/example_dags/example_short_circuit_operator.py for tasks to queue
[2023-01-03T04:13:25.797+0000] {logging_mixin.py:137} INFO - [2023-01-03T04:13:25.789+0000] {dagbag.py:538} INFO - Filling up the DagBag from /home/airflow/.local/lib/python3.7/site-packages/airflow/example_dags/example_short_circuit_operator.py
[2023-01-03T04:13:26.513+0000] {processor.py:753} INFO - DAG(s) dict_keys(['example_short_circuit_operator']) retrieved from /home/airflow/.local/lib/python3.7/site-packages/airflow/example_dags/example_short_circuit_operator.py
[2023-01-03T04:13:29.722+0000] {logging_mixin.py:137} INFO - [2023-01-03T04:13:29.714+0000] {dag.py:2676} INFO - Sync 1 DAGs
[2023-01-03T04:13:30.320+0000] {logging_mixin.py:137} INFO - [2023-01-03T04:13:30.290+0000] {dag.py:3427} INFO - Setting next_dagrun for example_short_circuit_operator to 2023-01-02T04:13:30.284548+00:00, run_after=2023-01-03T04:13:30.284548+00:00
[2023-01-03T04:13:30.772+0000] {processor.py:175} INFO - Processing /home/airflow/.local/lib/python3.7/site-packages/airflow/example_dags/example_short_circuit_operator.py took 5.084 seconds
