[2023-01-03T03:44:36.535+0000] {processor.py:153} INFO - Started process (PID=78) to work on /home/airflow/.local/lib/python3.7/site-packages/airflow/example_dags/example_skip_dag.py
[2023-01-03T03:44:36.548+0000] {processor.py:743} INFO - Processing file /home/airflow/.local/lib/python3.7/site-packages/airflow/example_dags/example_skip_dag.py for tasks to queue
[2023-01-03T03:44:36.550+0000] {logging_mixin.py:137} INFO - [2023-01-03T03:44:36.550+0000] {dagbag.py:538} INFO - Filling up the DagBag from /home/airflow/.local/lib/python3.7/site-packages/airflow/example_dags/example_skip_dag.py
[2023-01-03T03:44:36.608+0000] {processor.py:753} INFO - DAG(s) dict_keys(['example_skip_dag']) retrieved from /home/airflow/.local/lib/python3.7/site-packages/airflow/example_dags/example_skip_dag.py
[2023-01-03T03:44:36.716+0000] {logging_mixin.py:137} INFO - [2023-01-03T03:44:36.716+0000] {dag.py:2676} INFO - Sync 1 DAGs
[2023-01-03T03:44:36.741+0000] {logging_mixin.py:137} INFO - [2023-01-03T03:44:36.740+0000] {dag.py:3427} INFO - Setting next_dagrun for example_skip_dag to 2023-01-02T03:44:36.740681+00:00, run_after=2023-01-03T03:44:36.740681+00:00
[2023-01-03T03:44:36.799+0000] {processor.py:175} INFO - Processing /home/airflow/.local/lib/python3.7/site-packages/airflow/example_dags/example_skip_dag.py took 0.271 seconds
[2023-01-03T03:45:07.793+0000] {processor.py:153} INFO - Started process (PID=151) to work on /home/airflow/.local/lib/python3.7/site-packages/airflow/example_dags/example_skip_dag.py
[2023-01-03T03:45:07.801+0000] {processor.py:743} INFO - Processing file /home/airflow/.local/lib/python3.7/site-packages/airflow/example_dags/example_skip_dag.py for tasks to queue
[2023-01-03T03:45:07.802+0000] {logging_mixin.py:137} INFO - [2023-01-03T03:45:07.802+0000] {dagbag.py:538} INFO - Filling up the DagBag from /home/airflow/.local/lib/python3.7/site-packages/airflow/example_dags/example_skip_dag.py
[2023-01-03T03:45:07.876+0000] {processor.py:753} INFO - DAG(s) dict_keys(['example_skip_dag']) retrieved from /home/airflow/.local/lib/python3.7/site-packages/airflow/example_dags/example_skip_dag.py
[2023-01-03T03:45:08.019+0000] {logging_mixin.py:137} INFO - [2023-01-03T03:45:08.018+0000] {dag.py:2676} INFO - Sync 1 DAGs
[2023-01-03T03:45:08.082+0000] {logging_mixin.py:137} INFO - [2023-01-03T03:45:08.082+0000] {dag.py:3427} INFO - Setting next_dagrun for example_skip_dag to 2023-01-02T03:45:08.081961+00:00, run_after=2023-01-03T03:45:08.081961+00:00
[2023-01-03T03:45:08.144+0000] {processor.py:175} INFO - Processing /home/airflow/.local/lib/python3.7/site-packages/airflow/example_dags/example_skip_dag.py took 0.354 seconds
[2023-01-03T03:45:38.620+0000] {processor.py:153} INFO - Started process (PID=213) to work on /home/airflow/.local/lib/python3.7/site-packages/airflow/example_dags/example_skip_dag.py
[2023-01-03T03:45:38.623+0000] {processor.py:743} INFO - Processing file /home/airflow/.local/lib/python3.7/site-packages/airflow/example_dags/example_skip_dag.py for tasks to queue
[2023-01-03T03:45:38.624+0000] {logging_mixin.py:137} INFO - [2023-01-03T03:45:38.624+0000] {dagbag.py:538} INFO - Filling up the DagBag from /home/airflow/.local/lib/python3.7/site-packages/airflow/example_dags/example_skip_dag.py
[2023-01-03T03:45:38.675+0000] {processor.py:753} INFO - DAG(s) dict_keys(['example_skip_dag']) retrieved from /home/airflow/.local/lib/python3.7/site-packages/airflow/example_dags/example_skip_dag.py
[2023-01-03T03:45:38.749+0000] {logging_mixin.py:137} INFO - [2023-01-03T03:45:38.748+0000] {dag.py:2676} INFO - Sync 1 DAGs
[2023-01-03T03:45:38.851+0000] {logging_mixin.py:137} INFO - [2023-01-03T03:45:38.851+0000] {dag.py:3427} INFO - Setting next_dagrun for example_skip_dag to 2023-01-02T03:45:38.844814+00:00, run_after=2023-01-03T03:45:38.844814+00:00
[2023-01-03T03:45:38.919+0000] {processor.py:175} INFO - Processing /home/airflow/.local/lib/python3.7/site-packages/airflow/example_dags/example_skip_dag.py took 0.307 seconds
[2023-01-03T03:46:09.756+0000] {processor.py:153} INFO - Started process (PID=276) to work on /home/airflow/.local/lib/python3.7/site-packages/airflow/example_dags/example_skip_dag.py
[2023-01-03T03:46:09.763+0000] {processor.py:743} INFO - Processing file /home/airflow/.local/lib/python3.7/site-packages/airflow/example_dags/example_skip_dag.py for tasks to queue
[2023-01-03T03:46:09.768+0000] {logging_mixin.py:137} INFO - [2023-01-03T03:46:09.768+0000] {dagbag.py:538} INFO - Filling up the DagBag from /home/airflow/.local/lib/python3.7/site-packages/airflow/example_dags/example_skip_dag.py
[2023-01-03T03:46:09.827+0000] {processor.py:753} INFO - DAG(s) dict_keys(['example_skip_dag']) retrieved from /home/airflow/.local/lib/python3.7/site-packages/airflow/example_dags/example_skip_dag.py
[2023-01-03T03:46:09.908+0000] {logging_mixin.py:137} INFO - [2023-01-03T03:46:09.905+0000] {dag.py:2676} INFO - Sync 1 DAGs
[2023-01-03T03:46:09.967+0000] {logging_mixin.py:137} INFO - [2023-01-03T03:46:09.967+0000] {dag.py:3427} INFO - Setting next_dagrun for example_skip_dag to 2023-01-02T03:46:09.967168+00:00, run_after=2023-01-03T03:46:09.967168+00:00
[2023-01-03T03:46:09.990+0000] {processor.py:175} INFO - Processing /home/airflow/.local/lib/python3.7/site-packages/airflow/example_dags/example_skip_dag.py took 0.238 seconds
[2023-01-03T03:46:41.481+0000] {processor.py:153} INFO - Started process (PID=346) to work on /home/airflow/.local/lib/python3.7/site-packages/airflow/example_dags/example_skip_dag.py
[2023-01-03T03:46:41.483+0000] {processor.py:743} INFO - Processing file /home/airflow/.local/lib/python3.7/site-packages/airflow/example_dags/example_skip_dag.py for tasks to queue
[2023-01-03T03:46:41.485+0000] {logging_mixin.py:137} INFO - [2023-01-03T03:46:41.485+0000] {dagbag.py:538} INFO - Filling up the DagBag from /home/airflow/.local/lib/python3.7/site-packages/airflow/example_dags/example_skip_dag.py
[2023-01-03T03:46:41.530+0000] {processor.py:753} INFO - DAG(s) dict_keys(['example_skip_dag']) retrieved from /home/airflow/.local/lib/python3.7/site-packages/airflow/example_dags/example_skip_dag.py
[2023-01-03T03:46:41.747+0000] {logging_mixin.py:137} INFO - [2023-01-03T03:46:41.747+0000] {dag.py:2676} INFO - Sync 1 DAGs
[2023-01-03T03:46:41.920+0000] {logging_mixin.py:137} INFO - [2023-01-03T03:46:41.919+0000] {dag.py:3427} INFO - Setting next_dagrun for example_skip_dag to 2023-01-02T03:46:41.911844+00:00, run_after=2023-01-03T03:46:41.911844+00:00
[2023-01-03T03:46:42.126+0000] {processor.py:175} INFO - Processing /home/airflow/.local/lib/python3.7/site-packages/airflow/example_dags/example_skip_dag.py took 0.655 seconds
[2023-01-03T03:47:12.785+0000] {processor.py:153} INFO - Started process (PID=411) to work on /home/airflow/.local/lib/python3.7/site-packages/airflow/example_dags/example_skip_dag.py
[2023-01-03T03:47:12.788+0000] {processor.py:743} INFO - Processing file /home/airflow/.local/lib/python3.7/site-packages/airflow/example_dags/example_skip_dag.py for tasks to queue
[2023-01-03T03:47:12.790+0000] {logging_mixin.py:137} INFO - [2023-01-03T03:47:12.790+0000] {dagbag.py:538} INFO - Filling up the DagBag from /home/airflow/.local/lib/python3.7/site-packages/airflow/example_dags/example_skip_dag.py
[2023-01-03T03:47:12.846+0000] {processor.py:753} INFO - DAG(s) dict_keys(['example_skip_dag']) retrieved from /home/airflow/.local/lib/python3.7/site-packages/airflow/example_dags/example_skip_dag.py
[2023-01-03T03:47:12.981+0000] {logging_mixin.py:137} INFO - [2023-01-03T03:47:12.980+0000] {dag.py:2676} INFO - Sync 1 DAGs
[2023-01-03T03:47:13.194+0000] {logging_mixin.py:137} INFO - [2023-01-03T03:47:13.194+0000] {dag.py:3427} INFO - Setting next_dagrun for example_skip_dag to 2023-01-02T03:47:13.187639+00:00, run_after=2023-01-03T03:47:13.187639+00:00
[2023-01-03T03:47:13.307+0000] {processor.py:175} INFO - Processing /home/airflow/.local/lib/python3.7/site-packages/airflow/example_dags/example_skip_dag.py took 0.525 seconds
[2023-01-03T03:47:44.148+0000] {processor.py:153} INFO - Started process (PID=473) to work on /home/airflow/.local/lib/python3.7/site-packages/airflow/example_dags/example_skip_dag.py
[2023-01-03T03:47:44.158+0000] {processor.py:743} INFO - Processing file /home/airflow/.local/lib/python3.7/site-packages/airflow/example_dags/example_skip_dag.py for tasks to queue
[2023-01-03T03:47:44.162+0000] {logging_mixin.py:137} INFO - [2023-01-03T03:47:44.162+0000] {dagbag.py:538} INFO - Filling up the DagBag from /home/airflow/.local/lib/python3.7/site-packages/airflow/example_dags/example_skip_dag.py
[2023-01-03T03:47:44.275+0000] {processor.py:753} INFO - DAG(s) dict_keys(['example_skip_dag']) retrieved from /home/airflow/.local/lib/python3.7/site-packages/airflow/example_dags/example_skip_dag.py
[2023-01-03T03:47:44.618+0000] {logging_mixin.py:137} INFO - [2023-01-03T03:47:44.617+0000] {dag.py:2676} INFO - Sync 1 DAGs
[2023-01-03T03:47:44.748+0000] {logging_mixin.py:137} INFO - [2023-01-03T03:47:44.748+0000] {dag.py:3427} INFO - Setting next_dagrun for example_skip_dag to 2023-01-02T03:47:44.748074+00:00, run_after=2023-01-03T03:47:44.748074+00:00
[2023-01-03T03:47:44.844+0000] {processor.py:175} INFO - Processing /home/airflow/.local/lib/python3.7/site-packages/airflow/example_dags/example_skip_dag.py took 0.716 seconds
[2023-01-03T03:48:15.672+0000] {processor.py:153} INFO - Started process (PID=523) to work on /home/airflow/.local/lib/python3.7/site-packages/airflow/example_dags/example_skip_dag.py
[2023-01-03T03:48:15.692+0000] {processor.py:743} INFO - Processing file /home/airflow/.local/lib/python3.7/site-packages/airflow/example_dags/example_skip_dag.py for tasks to queue
[2023-01-03T03:48:15.695+0000] {logging_mixin.py:137} INFO - [2023-01-03T03:48:15.695+0000] {dagbag.py:538} INFO - Filling up the DagBag from /home/airflow/.local/lib/python3.7/site-packages/airflow/example_dags/example_skip_dag.py
[2023-01-03T03:48:15.747+0000] {processor.py:753} INFO - DAG(s) dict_keys(['example_skip_dag']) retrieved from /home/airflow/.local/lib/python3.7/site-packages/airflow/example_dags/example_skip_dag.py
[2023-01-03T03:48:15.898+0000] {logging_mixin.py:137} INFO - [2023-01-03T03:48:15.898+0000] {dag.py:2676} INFO - Sync 1 DAGs
[2023-01-03T03:48:15.951+0000] {logging_mixin.py:137} INFO - [2023-01-03T03:48:15.951+0000] {dag.py:3427} INFO - Setting next_dagrun for example_skip_dag to 2023-01-02T03:48:15.950825+00:00, run_after=2023-01-03T03:48:15.950825+00:00
[2023-01-03T03:48:16.018+0000] {processor.py:175} INFO - Processing /home/airflow/.local/lib/python3.7/site-packages/airflow/example_dags/example_skip_dag.py took 0.389 seconds
[2023-01-03T03:48:46.198+0000] {processor.py:153} INFO - Started process (PID=585) to work on /home/airflow/.local/lib/python3.7/site-packages/airflow/example_dags/example_skip_dag.py
[2023-01-03T03:48:46.199+0000] {processor.py:743} INFO - Processing file /home/airflow/.local/lib/python3.7/site-packages/airflow/example_dags/example_skip_dag.py for tasks to queue
[2023-01-03T03:48:46.200+0000] {logging_mixin.py:137} INFO - [2023-01-03T03:48:46.200+0000] {dagbag.py:538} INFO - Filling up the DagBag from /home/airflow/.local/lib/python3.7/site-packages/airflow/example_dags/example_skip_dag.py
[2023-01-03T03:48:46.216+0000] {processor.py:753} INFO - DAG(s) dict_keys(['example_skip_dag']) retrieved from /home/airflow/.local/lib/python3.7/site-packages/airflow/example_dags/example_skip_dag.py
[2023-01-03T03:48:46.258+0000] {logging_mixin.py:137} INFO - [2023-01-03T03:48:46.257+0000] {dag.py:2676} INFO - Sync 1 DAGs
[2023-01-03T03:48:46.285+0000] {logging_mixin.py:137} INFO - [2023-01-03T03:48:46.285+0000] {dag.py:3427} INFO - Setting next_dagrun for example_skip_dag to 2023-01-02T03:48:46.285348+00:00, run_after=2023-01-03T03:48:46.285348+00:00
[2023-01-03T03:48:46.301+0000] {processor.py:175} INFO - Processing /home/airflow/.local/lib/python3.7/site-packages/airflow/example_dags/example_skip_dag.py took 0.106 seconds
[2023-01-03T03:49:17.042+0000] {processor.py:153} INFO - Started process (PID=647) to work on /home/airflow/.local/lib/python3.7/site-packages/airflow/example_dags/example_skip_dag.py
[2023-01-03T03:49:17.045+0000] {processor.py:743} INFO - Processing file /home/airflow/.local/lib/python3.7/site-packages/airflow/example_dags/example_skip_dag.py for tasks to queue
[2023-01-03T03:49:17.054+0000] {logging_mixin.py:137} INFO - [2023-01-03T03:49:17.054+0000] {dagbag.py:538} INFO - Filling up the DagBag from /home/airflow/.local/lib/python3.7/site-packages/airflow/example_dags/example_skip_dag.py
[2023-01-03T03:49:17.087+0000] {processor.py:753} INFO - DAG(s) dict_keys(['example_skip_dag']) retrieved from /home/airflow/.local/lib/python3.7/site-packages/airflow/example_dags/example_skip_dag.py
[2023-01-03T03:49:17.142+0000] {logging_mixin.py:137} INFO - [2023-01-03T03:49:17.142+0000] {dag.py:2676} INFO - Sync 1 DAGs
[2023-01-03T03:49:17.165+0000] {logging_mixin.py:137} INFO - [2023-01-03T03:49:17.164+0000] {dag.py:3427} INFO - Setting next_dagrun for example_skip_dag to 2023-01-02T03:49:17.164642+00:00, run_after=2023-01-03T03:49:17.164642+00:00
[2023-01-03T03:49:17.177+0000] {processor.py:175} INFO - Processing /home/airflow/.local/lib/python3.7/site-packages/airflow/example_dags/example_skip_dag.py took 0.142 seconds
[2023-01-03T03:49:48.655+0000] {processor.py:153} INFO - Started process (PID=721) to work on /home/airflow/.local/lib/python3.7/site-packages/airflow/example_dags/example_skip_dag.py
[2023-01-03T03:49:48.657+0000] {processor.py:743} INFO - Processing file /home/airflow/.local/lib/python3.7/site-packages/airflow/example_dags/example_skip_dag.py for tasks to queue
[2023-01-03T03:49:48.658+0000] {logging_mixin.py:137} INFO - [2023-01-03T03:49:48.658+0000] {dagbag.py:538} INFO - Filling up the DagBag from /home/airflow/.local/lib/python3.7/site-packages/airflow/example_dags/example_skip_dag.py
[2023-01-03T03:49:48.711+0000] {processor.py:753} INFO - DAG(s) dict_keys(['example_skip_dag']) retrieved from /home/airflow/.local/lib/python3.7/site-packages/airflow/example_dags/example_skip_dag.py
[2023-01-03T03:49:48.796+0000] {logging_mixin.py:137} INFO - [2023-01-03T03:49:48.796+0000] {dag.py:2676} INFO - Sync 1 DAGs
[2023-01-03T03:49:48.841+0000] {logging_mixin.py:137} INFO - [2023-01-03T03:49:48.841+0000] {dag.py:3427} INFO - Setting next_dagrun for example_skip_dag to 2023-01-02T03:49:48.841329+00:00, run_after=2023-01-03T03:49:48.841329+00:00
[2023-01-03T03:49:48.860+0000] {processor.py:175} INFO - Processing /home/airflow/.local/lib/python3.7/site-packages/airflow/example_dags/example_skip_dag.py took 0.207 seconds
[2023-01-03T03:50:19.843+0000] {processor.py:153} INFO - Started process (PID=783) to work on /home/airflow/.local/lib/python3.7/site-packages/airflow/example_dags/example_skip_dag.py
[2023-01-03T03:50:19.846+0000] {processor.py:743} INFO - Processing file /home/airflow/.local/lib/python3.7/site-packages/airflow/example_dags/example_skip_dag.py for tasks to queue
[2023-01-03T03:50:19.847+0000] {logging_mixin.py:137} INFO - [2023-01-03T03:50:19.847+0000] {dagbag.py:538} INFO - Filling up the DagBag from /home/airflow/.local/lib/python3.7/site-packages/airflow/example_dags/example_skip_dag.py
[2023-01-03T03:50:19.878+0000] {processor.py:753} INFO - DAG(s) dict_keys(['example_skip_dag']) retrieved from /home/airflow/.local/lib/python3.7/site-packages/airflow/example_dags/example_skip_dag.py
[2023-01-03T03:50:19.954+0000] {logging_mixin.py:137} INFO - [2023-01-03T03:50:19.954+0000] {dag.py:2676} INFO - Sync 1 DAGs
[2023-01-03T03:50:20.010+0000] {logging_mixin.py:137} INFO - [2023-01-03T03:50:20.010+0000] {dag.py:3427} INFO - Setting next_dagrun for example_skip_dag to 2023-01-02T03:50:20.010530+00:00, run_after=2023-01-03T03:50:20.010530+00:00
[2023-01-03T03:50:20.060+0000] {processor.py:175} INFO - Processing /home/airflow/.local/lib/python3.7/site-packages/airflow/example_dags/example_skip_dag.py took 0.227 seconds
[2023-01-03T03:50:50.371+0000] {processor.py:153} INFO - Started process (PID=840) to work on /home/airflow/.local/lib/python3.7/site-packages/airflow/example_dags/example_skip_dag.py
[2023-01-03T03:50:50.373+0000] {processor.py:743} INFO - Processing file /home/airflow/.local/lib/python3.7/site-packages/airflow/example_dags/example_skip_dag.py for tasks to queue
[2023-01-03T03:50:50.377+0000] {logging_mixin.py:137} INFO - [2023-01-03T03:50:50.377+0000] {dagbag.py:538} INFO - Filling up the DagBag from /home/airflow/.local/lib/python3.7/site-packages/airflow/example_dags/example_skip_dag.py
[2023-01-03T03:50:50.428+0000] {processor.py:753} INFO - DAG(s) dict_keys(['example_skip_dag']) retrieved from /home/airflow/.local/lib/python3.7/site-packages/airflow/example_dags/example_skip_dag.py
[2023-01-03T03:50:50.572+0000] {logging_mixin.py:137} INFO - [2023-01-03T03:50:50.572+0000] {dag.py:2676} INFO - Sync 1 DAGs
[2023-01-03T03:50:50.653+0000] {logging_mixin.py:137} INFO - [2023-01-03T03:50:50.652+0000] {dag.py:3427} INFO - Setting next_dagrun for example_skip_dag to 2023-01-02T03:50:50.652687+00:00, run_after=2023-01-03T03:50:50.652687+00:00
[2023-01-03T03:50:50.764+0000] {processor.py:175} INFO - Processing /home/airflow/.local/lib/python3.7/site-packages/airflow/example_dags/example_skip_dag.py took 0.418 seconds
[2023-01-03T03:51:22.195+0000] {processor.py:153} INFO - Started process (PID=909) to work on /home/airflow/.local/lib/python3.7/site-packages/airflow/example_dags/example_skip_dag.py
[2023-01-03T03:51:22.204+0000] {processor.py:743} INFO - Processing file /home/airflow/.local/lib/python3.7/site-packages/airflow/example_dags/example_skip_dag.py for tasks to queue
[2023-01-03T03:51:22.206+0000] {logging_mixin.py:137} INFO - [2023-01-03T03:51:22.206+0000] {dagbag.py:538} INFO - Filling up the DagBag from /home/airflow/.local/lib/python3.7/site-packages/airflow/example_dags/example_skip_dag.py
[2023-01-03T03:51:22.254+0000] {processor.py:753} INFO - DAG(s) dict_keys(['example_skip_dag']) retrieved from /home/airflow/.local/lib/python3.7/site-packages/airflow/example_dags/example_skip_dag.py
[2023-01-03T03:51:22.368+0000] {logging_mixin.py:137} INFO - [2023-01-03T03:51:22.368+0000] {dag.py:2676} INFO - Sync 1 DAGs
[2023-01-03T03:51:22.424+0000] {logging_mixin.py:137} INFO - [2023-01-03T03:51:22.424+0000] {dag.py:3427} INFO - Setting next_dagrun for example_skip_dag to 2023-01-02T03:51:22.424242+00:00, run_after=2023-01-03T03:51:22.424242+00:00
[2023-01-03T03:51:22.467+0000] {processor.py:175} INFO - Processing /home/airflow/.local/lib/python3.7/site-packages/airflow/example_dags/example_skip_dag.py took 0.280 seconds
[2023-01-03T03:51:53.319+0000] {processor.py:153} INFO - Started process (PID=970) to work on /home/airflow/.local/lib/python3.7/site-packages/airflow/example_dags/example_skip_dag.py
[2023-01-03T03:51:53.327+0000] {processor.py:743} INFO - Processing file /home/airflow/.local/lib/python3.7/site-packages/airflow/example_dags/example_skip_dag.py for tasks to queue
[2023-01-03T03:51:53.328+0000] {logging_mixin.py:137} INFO - [2023-01-03T03:51:53.328+0000] {dagbag.py:538} INFO - Filling up the DagBag from /home/airflow/.local/lib/python3.7/site-packages/airflow/example_dags/example_skip_dag.py
[2023-01-03T03:51:53.408+0000] {processor.py:753} INFO - DAG(s) dict_keys(['example_skip_dag']) retrieved from /home/airflow/.local/lib/python3.7/site-packages/airflow/example_dags/example_skip_dag.py
[2023-01-03T03:51:53.773+0000] {logging_mixin.py:137} INFO - [2023-01-03T03:51:53.773+0000] {dag.py:2676} INFO - Sync 1 DAGs
[2023-01-03T03:51:53.913+0000] {logging_mixin.py:137} INFO - [2023-01-03T03:51:53.913+0000] {dag.py:3427} INFO - Setting next_dagrun for example_skip_dag to 2023-01-02T03:51:53.913324+00:00, run_after=2023-01-03T03:51:53.913324+00:00
[2023-01-03T03:51:53.999+0000] {processor.py:175} INFO - Processing /home/airflow/.local/lib/python3.7/site-packages/airflow/example_dags/example_skip_dag.py took 0.693 seconds
[2023-01-03T03:52:24.412+0000] {processor.py:153} INFO - Started process (PID=1019) to work on /home/airflow/.local/lib/python3.7/site-packages/airflow/example_dags/example_skip_dag.py
[2023-01-03T03:52:24.420+0000] {processor.py:743} INFO - Processing file /home/airflow/.local/lib/python3.7/site-packages/airflow/example_dags/example_skip_dag.py for tasks to queue
[2023-01-03T03:52:24.422+0000] {logging_mixin.py:137} INFO - [2023-01-03T03:52:24.422+0000] {dagbag.py:538} INFO - Filling up the DagBag from /home/airflow/.local/lib/python3.7/site-packages/airflow/example_dags/example_skip_dag.py
[2023-01-03T03:52:24.468+0000] {processor.py:753} INFO - DAG(s) dict_keys(['example_skip_dag']) retrieved from /home/airflow/.local/lib/python3.7/site-packages/airflow/example_dags/example_skip_dag.py
[2023-01-03T03:52:24.541+0000] {logging_mixin.py:137} INFO - [2023-01-03T03:52:24.541+0000] {dag.py:2676} INFO - Sync 1 DAGs
[2023-01-03T03:52:24.593+0000] {logging_mixin.py:137} INFO - [2023-01-03T03:52:24.593+0000] {dag.py:3427} INFO - Setting next_dagrun for example_skip_dag to 2023-01-02T03:52:24.593626+00:00, run_after=2023-01-03T03:52:24.593626+00:00
[2023-01-03T03:52:24.622+0000] {processor.py:175} INFO - Processing /home/airflow/.local/lib/python3.7/site-packages/airflow/example_dags/example_skip_dag.py took 0.212 seconds
[2023-01-03T03:53:04.218+0000] {processor.py:153} INFO - Started process (PID=1089) to work on /home/airflow/.local/lib/python3.7/site-packages/airflow/example_dags/example_skip_dag.py
[2023-01-03T03:53:04.226+0000] {processor.py:743} INFO - Processing file /home/airflow/.local/lib/python3.7/site-packages/airflow/example_dags/example_skip_dag.py for tasks to queue
[2023-01-03T03:53:04.230+0000] {logging_mixin.py:137} INFO - [2023-01-03T03:53:04.230+0000] {dagbag.py:538} INFO - Filling up the DagBag from /home/airflow/.local/lib/python3.7/site-packages/airflow/example_dags/example_skip_dag.py
[2023-01-03T03:53:04.327+0000] {processor.py:753} INFO - DAG(s) dict_keys(['example_skip_dag']) retrieved from /home/airflow/.local/lib/python3.7/site-packages/airflow/example_dags/example_skip_dag.py
[2023-01-03T03:53:04.670+0000] {logging_mixin.py:137} INFO - [2023-01-03T03:53:04.670+0000] {dag.py:2676} INFO - Sync 1 DAGs
[2023-01-03T03:53:04.967+0000] {logging_mixin.py:137} INFO - [2023-01-03T03:53:04.967+0000] {dag.py:3427} INFO - Setting next_dagrun for example_skip_dag to 2023-01-02T03:53:04.966760+00:00, run_after=2023-01-03T03:53:04.966760+00:00
[2023-01-03T03:53:05.056+0000] {processor.py:175} INFO - Processing /home/airflow/.local/lib/python3.7/site-packages/airflow/example_dags/example_skip_dag.py took 0.846 seconds
[2023-01-03T03:53:48.552+0000] {processor.py:153} INFO - Started process (PID=1133) to work on /home/airflow/.local/lib/python3.7/site-packages/airflow/example_dags/example_skip_dag.py
[2023-01-03T03:53:48.554+0000] {processor.py:743} INFO - Processing file /home/airflow/.local/lib/python3.7/site-packages/airflow/example_dags/example_skip_dag.py for tasks to queue
[2023-01-03T03:53:48.555+0000] {logging_mixin.py:137} INFO - [2023-01-03T03:53:48.555+0000] {dagbag.py:538} INFO - Filling up the DagBag from /home/airflow/.local/lib/python3.7/site-packages/airflow/example_dags/example_skip_dag.py
[2023-01-03T03:53:48.568+0000] {processor.py:753} INFO - DAG(s) dict_keys(['example_skip_dag']) retrieved from /home/airflow/.local/lib/python3.7/site-packages/airflow/example_dags/example_skip_dag.py
[2023-01-03T03:53:48.609+0000] {logging_mixin.py:137} INFO - [2023-01-03T03:53:48.609+0000] {dag.py:2676} INFO - Sync 1 DAGs
[2023-01-03T03:53:48.637+0000] {logging_mixin.py:137} INFO - [2023-01-03T03:53:48.637+0000] {dag.py:3427} INFO - Setting next_dagrun for example_skip_dag to 2023-01-02T03:53:48.636895+00:00, run_after=2023-01-03T03:53:48.636895+00:00
[2023-01-03T03:53:48.651+0000] {processor.py:175} INFO - Processing /home/airflow/.local/lib/python3.7/site-packages/airflow/example_dags/example_skip_dag.py took 0.102 seconds
[2023-01-03T03:54:21.724+0000] {processor.py:153} INFO - Started process (PID=1195) to work on /home/airflow/.local/lib/python3.7/site-packages/airflow/example_dags/example_skip_dag.py
[2023-01-03T03:54:21.732+0000] {processor.py:743} INFO - Processing file /home/airflow/.local/lib/python3.7/site-packages/airflow/example_dags/example_skip_dag.py for tasks to queue
[2023-01-03T03:54:21.736+0000] {logging_mixin.py:137} INFO - [2023-01-03T03:54:21.736+0000] {dagbag.py:538} INFO - Filling up the DagBag from /home/airflow/.local/lib/python3.7/site-packages/airflow/example_dags/example_skip_dag.py
[2023-01-03T03:54:21.778+0000] {processor.py:753} INFO - DAG(s) dict_keys(['example_skip_dag']) retrieved from /home/airflow/.local/lib/python3.7/site-packages/airflow/example_dags/example_skip_dag.py
[2023-01-03T03:54:21.881+0000] {logging_mixin.py:137} INFO - [2023-01-03T03:54:21.881+0000] {dag.py:2676} INFO - Sync 1 DAGs
[2023-01-03T03:54:21.939+0000] {logging_mixin.py:137} INFO - [2023-01-03T03:54:21.939+0000] {dag.py:3427} INFO - Setting next_dagrun for example_skip_dag to 2023-01-02T03:54:21.939262+00:00, run_after=2023-01-03T03:54:21.939262+00:00
[2023-01-03T03:54:21.984+0000] {processor.py:175} INFO - Processing /home/airflow/.local/lib/python3.7/site-packages/airflow/example_dags/example_skip_dag.py took 0.263 seconds
[2023-01-03T03:58:51.620+0000] {processor.py:153} INFO - Started process (PID=1375) to work on /home/airflow/.local/lib/python3.7/site-packages/airflow/example_dags/example_skip_dag.py
[2023-01-03T03:58:51.698+0000] {processor.py:743} INFO - Processing file /home/airflow/.local/lib/python3.7/site-packages/airflow/example_dags/example_skip_dag.py for tasks to queue
[2023-01-03T03:58:51.798+0000] {logging_mixin.py:137} INFO - [2023-01-03T03:58:51.740+0000] {dagbag.py:538} INFO - Filling up the DagBag from /home/airflow/.local/lib/python3.7/site-packages/airflow/example_dags/example_skip_dag.py
[2023-01-03T03:58:53.351+0000] {processor.py:753} INFO - DAG(s) dict_keys(['example_skip_dag']) retrieved from /home/airflow/.local/lib/python3.7/site-packages/airflow/example_dags/example_skip_dag.py
[2023-01-03T03:59:15.693+0000] {logging_mixin.py:137} INFO - [2023-01-03T03:59:15.641+0000] {dag.py:2676} INFO - Sync 1 DAGs
[2023-01-03T04:09:32.709+0000] {processor.py:153} INFO - Started process (PID=113) to work on /home/airflow/.local/lib/python3.7/site-packages/airflow/example_dags/example_skip_dag.py
[2023-01-03T04:09:32.711+0000] {processor.py:743} INFO - Processing file /home/airflow/.local/lib/python3.7/site-packages/airflow/example_dags/example_skip_dag.py for tasks to queue
[2023-01-03T04:09:32.712+0000] {logging_mixin.py:137} INFO - [2023-01-03T04:09:32.712+0000] {dagbag.py:538} INFO - Filling up the DagBag from /home/airflow/.local/lib/python3.7/site-packages/airflow/example_dags/example_skip_dag.py
[2023-01-03T04:09:32.729+0000] {processor.py:753} INFO - DAG(s) dict_keys(['example_skip_dag']) retrieved from /home/airflow/.local/lib/python3.7/site-packages/airflow/example_dags/example_skip_dag.py
[2023-01-03T04:09:32.779+0000] {logging_mixin.py:137} INFO - [2023-01-03T04:09:32.779+0000] {dag.py:2676} INFO - Sync 1 DAGs
[2023-01-03T04:09:32.821+0000] {logging_mixin.py:137} INFO - [2023-01-03T04:09:32.820+0000] {dag.py:3427} INFO - Setting next_dagrun for example_skip_dag to 2023-01-02T04:09:32.820593+00:00, run_after=2023-01-03T04:09:32.820593+00:00
[2023-01-03T04:09:32.846+0000] {processor.py:175} INFO - Processing /home/airflow/.local/lib/python3.7/site-packages/airflow/example_dags/example_skip_dag.py took 0.142 seconds
[2023-01-03T04:10:04.110+0000] {processor.py:153} INFO - Started process (PID=181) to work on /home/airflow/.local/lib/python3.7/site-packages/airflow/example_dags/example_skip_dag.py
[2023-01-03T04:10:04.114+0000] {processor.py:743} INFO - Processing file /home/airflow/.local/lib/python3.7/site-packages/airflow/example_dags/example_skip_dag.py for tasks to queue
[2023-01-03T04:10:04.116+0000] {logging_mixin.py:137} INFO - [2023-01-03T04:10:04.115+0000] {dagbag.py:538} INFO - Filling up the DagBag from /home/airflow/.local/lib/python3.7/site-packages/airflow/example_dags/example_skip_dag.py
[2023-01-03T04:10:04.149+0000] {processor.py:753} INFO - DAG(s) dict_keys(['example_skip_dag']) retrieved from /home/airflow/.local/lib/python3.7/site-packages/airflow/example_dags/example_skip_dag.py
[2023-01-03T04:10:04.247+0000] {logging_mixin.py:137} INFO - [2023-01-03T04:10:04.247+0000] {dag.py:2676} INFO - Sync 1 DAGs
[2023-01-03T04:10:04.310+0000] {logging_mixin.py:137} INFO - [2023-01-03T04:10:04.310+0000] {dag.py:3427} INFO - Setting next_dagrun for example_skip_dag to 2023-01-02T04:10:04.310409+00:00, run_after=2023-01-03T04:10:04.310409+00:00
[2023-01-03T04:10:04.363+0000] {processor.py:175} INFO - Processing /home/airflow/.local/lib/python3.7/site-packages/airflow/example_dags/example_skip_dag.py took 0.265 seconds
[2023-01-03T04:10:46.002+0000] {processor.py:153} INFO - Started process (PID=249) to work on /home/airflow/.local/lib/python3.7/site-packages/airflow/example_dags/example_skip_dag.py
[2023-01-03T04:10:46.012+0000] {processor.py:743} INFO - Processing file /home/airflow/.local/lib/python3.7/site-packages/airflow/example_dags/example_skip_dag.py for tasks to queue
[2023-01-03T04:10:46.014+0000] {logging_mixin.py:137} INFO - [2023-01-03T04:10:46.014+0000] {dagbag.py:538} INFO - Filling up the DagBag from /home/airflow/.local/lib/python3.7/site-packages/airflow/example_dags/example_skip_dag.py
[2023-01-03T04:10:46.084+0000] {processor.py:753} INFO - DAG(s) dict_keys(['example_skip_dag']) retrieved from /home/airflow/.local/lib/python3.7/site-packages/airflow/example_dags/example_skip_dag.py
[2023-01-03T04:10:46.372+0000] {logging_mixin.py:137} INFO - [2023-01-03T04:10:46.372+0000] {dag.py:2676} INFO - Sync 1 DAGs
[2023-01-03T04:10:46.480+0000] {logging_mixin.py:137} INFO - [2023-01-03T04:10:46.479+0000] {dag.py:3427} INFO - Setting next_dagrun for example_skip_dag to 2023-01-02T04:10:46.479570+00:00, run_after=2023-01-03T04:10:46.479570+00:00
[2023-01-03T04:10:46.572+0000] {processor.py:175} INFO - Processing /home/airflow/.local/lib/python3.7/site-packages/airflow/example_dags/example_skip_dag.py took 0.599 seconds
[2023-01-03T04:11:38.169+0000] {processor.py:153} INFO - Started process (PID=327) to work on /home/airflow/.local/lib/python3.7/site-packages/airflow/example_dags/example_skip_dag.py
[2023-01-03T04:11:38.176+0000] {processor.py:743} INFO - Processing file /home/airflow/.local/lib/python3.7/site-packages/airflow/example_dags/example_skip_dag.py for tasks to queue
[2023-01-03T04:11:38.177+0000] {logging_mixin.py:137} INFO - [2023-01-03T04:11:38.177+0000] {dagbag.py:538} INFO - Filling up the DagBag from /home/airflow/.local/lib/python3.7/site-packages/airflow/example_dags/example_skip_dag.py
[2023-01-03T04:11:38.255+0000] {processor.py:753} INFO - DAG(s) dict_keys(['example_skip_dag']) retrieved from /home/airflow/.local/lib/python3.7/site-packages/airflow/example_dags/example_skip_dag.py
[2023-01-03T04:11:38.633+0000] {logging_mixin.py:137} INFO - [2023-01-03T04:11:38.632+0000] {dag.py:2676} INFO - Sync 1 DAGs
[2023-01-03T04:11:38.775+0000] {logging_mixin.py:137} INFO - [2023-01-03T04:11:38.775+0000] {dag.py:3427} INFO - Setting next_dagrun for example_skip_dag to 2023-01-02T04:11:38.774893+00:00, run_after=2023-01-03T04:11:38.774893+00:00
[2023-01-03T04:11:38.922+0000] {processor.py:175} INFO - Processing /home/airflow/.local/lib/python3.7/site-packages/airflow/example_dags/example_skip_dag.py took 0.769 seconds
[2023-01-03T04:12:43.970+0000] {processor.py:153} INFO - Started process (PID=391) to work on /home/airflow/.local/lib/python3.7/site-packages/airflow/example_dags/example_skip_dag.py
[2023-01-03T04:12:43.973+0000] {processor.py:743} INFO - Processing file /home/airflow/.local/lib/python3.7/site-packages/airflow/example_dags/example_skip_dag.py for tasks to queue
[2023-01-03T04:12:43.981+0000] {logging_mixin.py:137} INFO - [2023-01-03T04:12:43.975+0000] {dagbag.py:538} INFO - Filling up the DagBag from /home/airflow/.local/lib/python3.7/site-packages/airflow/example_dags/example_skip_dag.py
[2023-01-03T04:12:44.466+0000] {processor.py:753} INFO - DAG(s) dict_keys(['example_skip_dag']) retrieved from /home/airflow/.local/lib/python3.7/site-packages/airflow/example_dags/example_skip_dag.py
[2023-01-03T04:12:45.051+0000] {logging_mixin.py:137} INFO - [2023-01-03T04:12:45.050+0000] {dag.py:2676} INFO - Sync 1 DAGs
[2023-01-03T04:12:45.315+0000] {logging_mixin.py:137} INFO - [2023-01-03T04:12:45.314+0000] {dag.py:3427} INFO - Setting next_dagrun for example_skip_dag to 2023-01-02T04:12:45.301886+00:00, run_after=2023-01-03T04:12:45.301886+00:00
[2023-01-03T04:12:45.383+0000] {processor.py:175} INFO - Processing /home/airflow/.local/lib/python3.7/site-packages/airflow/example_dags/example_skip_dag.py took 1.482 seconds
