[2023-01-03T03:44:32.990+0000] {processor.py:153} INFO - Started process (PID=68) to work on /home/airflow/.local/lib/python3.7/site-packages/airflow/example_dags/example_short_circuit_decorator.py
[2023-01-03T03:44:32.997+0000] {processor.py:743} INFO - Processing file /home/airflow/.local/lib/python3.7/site-packages/airflow/example_dags/example_short_circuit_decorator.py for tasks to queue
[2023-01-03T03:44:33.000+0000] {logging_mixin.py:137} INFO - [2023-01-03T03:44:33.000+0000] {dagbag.py:538} INFO - Filling up the DagBag from /home/airflow/.local/lib/python3.7/site-packages/airflow/example_dags/example_short_circuit_decorator.py
[2023-01-03T03:44:33.112+0000] {processor.py:753} INFO - DAG(s) dict_keys(['example_short_circuit_decorator']) retrieved from /home/airflow/.local/lib/python3.7/site-packages/airflow/example_dags/example_short_circuit_decorator.py
[2023-01-03T03:44:33.232+0000] {logging_mixin.py:137} INFO - [2023-01-03T03:44:33.232+0000] {dag.py:2676} INFO - Sync 1 DAGs
[2023-01-03T03:44:33.323+0000] {logging_mixin.py:137} INFO - [2023-01-03T03:44:33.322+0000] {dag.py:3427} INFO - Setting next_dagrun for example_short_circuit_decorator to 2023-01-02T03:44:33.322558+00:00, run_after=2023-01-03T03:44:33.322558+00:00
[2023-01-03T03:44:33.370+0000] {processor.py:175} INFO - Processing /home/airflow/.local/lib/python3.7/site-packages/airflow/example_dags/example_short_circuit_decorator.py took 0.384 seconds
[2023-01-03T03:45:03.796+0000] {processor.py:153} INFO - Started process (PID=129) to work on /home/airflow/.local/lib/python3.7/site-packages/airflow/example_dags/example_short_circuit_decorator.py
[2023-01-03T03:45:03.799+0000] {processor.py:743} INFO - Processing file /home/airflow/.local/lib/python3.7/site-packages/airflow/example_dags/example_short_circuit_decorator.py for tasks to queue
[2023-01-03T03:45:03.802+0000] {logging_mixin.py:137} INFO - [2023-01-03T03:45:03.801+0000] {dagbag.py:538} INFO - Filling up the DagBag from /home/airflow/.local/lib/python3.7/site-packages/airflow/example_dags/example_short_circuit_decorator.py
[2023-01-03T03:45:03.850+0000] {processor.py:753} INFO - DAG(s) dict_keys(['example_short_circuit_decorator']) retrieved from /home/airflow/.local/lib/python3.7/site-packages/airflow/example_dags/example_short_circuit_decorator.py
[2023-01-03T03:45:03.910+0000] {logging_mixin.py:137} INFO - [2023-01-03T03:45:03.910+0000] {dag.py:2676} INFO - Sync 1 DAGs
[2023-01-03T03:45:03.966+0000] {logging_mixin.py:137} INFO - [2023-01-03T03:45:03.965+0000] {dag.py:3427} INFO - Setting next_dagrun for example_short_circuit_decorator to 2023-01-02T03:45:03.962854+00:00, run_after=2023-01-03T03:45:03.962854+00:00
[2023-01-03T03:45:04.007+0000] {processor.py:175} INFO - Processing /home/airflow/.local/lib/python3.7/site-packages/airflow/example_dags/example_short_circuit_decorator.py took 0.214 seconds
[2023-01-03T03:45:35.028+0000] {processor.py:153} INFO - Started process (PID=203) to work on /home/airflow/.local/lib/python3.7/site-packages/airflow/example_dags/example_short_circuit_decorator.py
[2023-01-03T03:45:35.035+0000] {processor.py:743} INFO - Processing file /home/airflow/.local/lib/python3.7/site-packages/airflow/example_dags/example_short_circuit_decorator.py for tasks to queue
[2023-01-03T03:45:35.047+0000] {logging_mixin.py:137} INFO - [2023-01-03T03:45:35.041+0000] {dagbag.py:538} INFO - Filling up the DagBag from /home/airflow/.local/lib/python3.7/site-packages/airflow/example_dags/example_short_circuit_decorator.py
[2023-01-03T03:45:35.145+0000] {processor.py:753} INFO - DAG(s) dict_keys(['example_short_circuit_decorator']) retrieved from /home/airflow/.local/lib/python3.7/site-packages/airflow/example_dags/example_short_circuit_decorator.py
[2023-01-03T03:45:35.209+0000] {logging_mixin.py:137} INFO - [2023-01-03T03:45:35.209+0000] {dag.py:2676} INFO - Sync 1 DAGs
[2023-01-03T03:45:35.245+0000] {logging_mixin.py:137} INFO - [2023-01-03T03:45:35.245+0000] {dag.py:3427} INFO - Setting next_dagrun for example_short_circuit_decorator to 2023-01-02T03:45:35.244916+00:00, run_after=2023-01-03T03:45:35.244916+00:00
[2023-01-03T03:45:35.269+0000] {processor.py:175} INFO - Processing /home/airflow/.local/lib/python3.7/site-packages/airflow/example_dags/example_short_circuit_decorator.py took 0.250 seconds
[2023-01-03T03:46:05.926+0000] {processor.py:153} INFO - Started process (PID=266) to work on /home/airflow/.local/lib/python3.7/site-packages/airflow/example_dags/example_short_circuit_decorator.py
[2023-01-03T03:46:05.935+0000] {processor.py:743} INFO - Processing file /home/airflow/.local/lib/python3.7/site-packages/airflow/example_dags/example_short_circuit_decorator.py for tasks to queue
[2023-01-03T03:46:05.937+0000] {logging_mixin.py:137} INFO - [2023-01-03T03:46:05.937+0000] {dagbag.py:538} INFO - Filling up the DagBag from /home/airflow/.local/lib/python3.7/site-packages/airflow/example_dags/example_short_circuit_decorator.py
[2023-01-03T03:46:06.039+0000] {processor.py:753} INFO - DAG(s) dict_keys(['example_short_circuit_decorator']) retrieved from /home/airflow/.local/lib/python3.7/site-packages/airflow/example_dags/example_short_circuit_decorator.py
[2023-01-03T03:46:06.143+0000] {logging_mixin.py:137} INFO - [2023-01-03T03:46:06.143+0000] {dag.py:2676} INFO - Sync 1 DAGs
[2023-01-03T03:46:06.202+0000] {logging_mixin.py:137} INFO - [2023-01-03T03:46:06.202+0000] {dag.py:3427} INFO - Setting next_dagrun for example_short_circuit_decorator to 2023-01-02T03:46:06.202242+00:00, run_after=2023-01-03T03:46:06.202242+00:00
[2023-01-03T03:46:06.267+0000] {processor.py:175} INFO - Processing /home/airflow/.local/lib/python3.7/site-packages/airflow/example_dags/example_short_circuit_decorator.py took 0.344 seconds
[2023-01-03T03:46:36.427+0000] {processor.py:153} INFO - Started process (PID=327) to work on /home/airflow/.local/lib/python3.7/site-packages/airflow/example_dags/example_short_circuit_decorator.py
[2023-01-03T03:46:36.431+0000] {processor.py:743} INFO - Processing file /home/airflow/.local/lib/python3.7/site-packages/airflow/example_dags/example_short_circuit_decorator.py for tasks to queue
[2023-01-03T03:46:36.433+0000] {logging_mixin.py:137} INFO - [2023-01-03T03:46:36.433+0000] {dagbag.py:538} INFO - Filling up the DagBag from /home/airflow/.local/lib/python3.7/site-packages/airflow/example_dags/example_short_circuit_decorator.py
[2023-01-03T03:46:36.535+0000] {processor.py:753} INFO - DAG(s) dict_keys(['example_short_circuit_decorator']) retrieved from /home/airflow/.local/lib/python3.7/site-packages/airflow/example_dags/example_short_circuit_decorator.py
[2023-01-03T03:46:36.707+0000] {logging_mixin.py:137} INFO - [2023-01-03T03:46:36.706+0000] {dag.py:2676} INFO - Sync 1 DAGs
[2023-01-03T03:46:36.843+0000] {logging_mixin.py:137} INFO - [2023-01-03T03:46:36.843+0000] {dag.py:3427} INFO - Setting next_dagrun for example_short_circuit_decorator to 2023-01-02T03:46:36.842987+00:00, run_after=2023-01-03T03:46:36.842987+00:00
[2023-01-03T03:46:36.896+0000] {processor.py:175} INFO - Processing /home/airflow/.local/lib/python3.7/site-packages/airflow/example_dags/example_short_circuit_decorator.py took 0.495 seconds
[2023-01-03T03:47:06.995+0000] {processor.py:153} INFO - Started process (PID=389) to work on /home/airflow/.local/lib/python3.7/site-packages/airflow/example_dags/example_short_circuit_decorator.py
[2023-01-03T03:47:06.997+0000] {processor.py:743} INFO - Processing file /home/airflow/.local/lib/python3.7/site-packages/airflow/example_dags/example_short_circuit_decorator.py for tasks to queue
[2023-01-03T03:47:06.998+0000] {logging_mixin.py:137} INFO - [2023-01-03T03:47:06.998+0000] {dagbag.py:538} INFO - Filling up the DagBag from /home/airflow/.local/lib/python3.7/site-packages/airflow/example_dags/example_short_circuit_decorator.py
[2023-01-03T03:47:07.028+0000] {processor.py:753} INFO - DAG(s) dict_keys(['example_short_circuit_decorator']) retrieved from /home/airflow/.local/lib/python3.7/site-packages/airflow/example_dags/example_short_circuit_decorator.py
[2023-01-03T03:47:07.071+0000] {logging_mixin.py:137} INFO - [2023-01-03T03:47:07.071+0000] {dag.py:2676} INFO - Sync 1 DAGs
[2023-01-03T03:47:07.093+0000] {logging_mixin.py:137} INFO - [2023-01-03T03:47:07.093+0000] {dag.py:3427} INFO - Setting next_dagrun for example_short_circuit_decorator to 2023-01-02T03:47:07.093107+00:00, run_after=2023-01-03T03:47:07.093107+00:00
[2023-01-03T03:47:07.109+0000] {processor.py:175} INFO - Processing /home/airflow/.local/lib/python3.7/site-packages/airflow/example_dags/example_short_circuit_decorator.py took 0.118 seconds
[2023-01-03T03:47:37.631+0000] {processor.py:153} INFO - Started process (PID=458) to work on /home/airflow/.local/lib/python3.7/site-packages/airflow/example_dags/example_short_circuit_decorator.py
[2023-01-03T03:47:37.636+0000] {processor.py:743} INFO - Processing file /home/airflow/.local/lib/python3.7/site-packages/airflow/example_dags/example_short_circuit_decorator.py for tasks to queue
[2023-01-03T03:47:37.638+0000] {logging_mixin.py:137} INFO - [2023-01-03T03:47:37.638+0000] {dagbag.py:538} INFO - Filling up the DagBag from /home/airflow/.local/lib/python3.7/site-packages/airflow/example_dags/example_short_circuit_decorator.py
[2023-01-03T03:47:37.699+0000] {processor.py:753} INFO - DAG(s) dict_keys(['example_short_circuit_decorator']) retrieved from /home/airflow/.local/lib/python3.7/site-packages/airflow/example_dags/example_short_circuit_decorator.py
[2023-01-03T03:47:37.802+0000] {logging_mixin.py:137} INFO - [2023-01-03T03:47:37.800+0000] {dag.py:2676} INFO - Sync 1 DAGs
[2023-01-03T03:47:37.849+0000] {logging_mixin.py:137} INFO - [2023-01-03T03:47:37.849+0000] {dag.py:3427} INFO - Setting next_dagrun for example_short_circuit_decorator to 2023-01-02T03:47:37.847947+00:00, run_after=2023-01-03T03:47:37.847947+00:00
[2023-01-03T03:47:37.908+0000] {processor.py:175} INFO - Processing /home/airflow/.local/lib/python3.7/site-packages/airflow/example_dags/example_short_circuit_decorator.py took 0.280 seconds
[2023-01-03T03:48:13.226+0000] {processor.py:153} INFO - Started process (PID=513) to work on /home/airflow/.local/lib/python3.7/site-packages/airflow/example_dags/example_short_circuit_decorator.py
[2023-01-03T03:48:13.229+0000] {processor.py:743} INFO - Processing file /home/airflow/.local/lib/python3.7/site-packages/airflow/example_dags/example_short_circuit_decorator.py for tasks to queue
[2023-01-03T03:48:13.231+0000] {logging_mixin.py:137} INFO - [2023-01-03T03:48:13.231+0000] {dagbag.py:538} INFO - Filling up the DagBag from /home/airflow/.local/lib/python3.7/site-packages/airflow/example_dags/example_short_circuit_decorator.py
[2023-01-03T03:48:13.339+0000] {processor.py:753} INFO - DAG(s) dict_keys(['example_short_circuit_decorator']) retrieved from /home/airflow/.local/lib/python3.7/site-packages/airflow/example_dags/example_short_circuit_decorator.py
[2023-01-03T03:48:13.517+0000] {logging_mixin.py:137} INFO - [2023-01-03T03:48:13.517+0000] {dag.py:2676} INFO - Sync 1 DAGs
[2023-01-03T03:48:13.606+0000] {logging_mixin.py:137} INFO - [2023-01-03T03:48:13.606+0000] {dag.py:3427} INFO - Setting next_dagrun for example_short_circuit_decorator to 2023-01-02T03:48:13.606380+00:00, run_after=2023-01-03T03:48:13.606380+00:00
[2023-01-03T03:48:13.640+0000] {processor.py:175} INFO - Processing /home/airflow/.local/lib/python3.7/site-packages/airflow/example_dags/example_short_circuit_decorator.py took 0.438 seconds
[2023-01-03T03:48:44.452+0000] {processor.py:153} INFO - Started process (PID=575) to work on /home/airflow/.local/lib/python3.7/site-packages/airflow/example_dags/example_short_circuit_decorator.py
[2023-01-03T03:48:44.463+0000] {processor.py:743} INFO - Processing file /home/airflow/.local/lib/python3.7/site-packages/airflow/example_dags/example_short_circuit_decorator.py for tasks to queue
[2023-01-03T03:48:44.466+0000] {logging_mixin.py:137} INFO - [2023-01-03T03:48:44.466+0000] {dagbag.py:538} INFO - Filling up the DagBag from /home/airflow/.local/lib/python3.7/site-packages/airflow/example_dags/example_short_circuit_decorator.py
[2023-01-03T03:48:44.516+0000] {processor.py:753} INFO - DAG(s) dict_keys(['example_short_circuit_decorator']) retrieved from /home/airflow/.local/lib/python3.7/site-packages/airflow/example_dags/example_short_circuit_decorator.py
[2023-01-03T03:48:44.592+0000] {logging_mixin.py:137} INFO - [2023-01-03T03:48:44.592+0000] {dag.py:2676} INFO - Sync 1 DAGs
[2023-01-03T03:48:44.653+0000] {logging_mixin.py:137} INFO - [2023-01-03T03:48:44.652+0000] {dag.py:3427} INFO - Setting next_dagrun for example_short_circuit_decorator to 2023-01-02T03:48:44.652609+00:00, run_after=2023-01-03T03:48:44.652609+00:00
[2023-01-03T03:48:44.687+0000] {processor.py:175} INFO - Processing /home/airflow/.local/lib/python3.7/site-packages/airflow/example_dags/example_short_circuit_decorator.py took 0.238 seconds
[2023-01-03T03:49:15.130+0000] {processor.py:153} INFO - Started process (PID=637) to work on /home/airflow/.local/lib/python3.7/site-packages/airflow/example_dags/example_short_circuit_decorator.py
[2023-01-03T03:49:15.132+0000] {processor.py:743} INFO - Processing file /home/airflow/.local/lib/python3.7/site-packages/airflow/example_dags/example_short_circuit_decorator.py for tasks to queue
[2023-01-03T03:49:15.137+0000] {logging_mixin.py:137} INFO - [2023-01-03T03:49:15.137+0000] {dagbag.py:538} INFO - Filling up the DagBag from /home/airflow/.local/lib/python3.7/site-packages/airflow/example_dags/example_short_circuit_decorator.py
[2023-01-03T03:49:15.210+0000] {processor.py:753} INFO - DAG(s) dict_keys(['example_short_circuit_decorator']) retrieved from /home/airflow/.local/lib/python3.7/site-packages/airflow/example_dags/example_short_circuit_decorator.py
[2023-01-03T03:49:15.343+0000] {logging_mixin.py:137} INFO - [2023-01-03T03:49:15.343+0000] {dag.py:2676} INFO - Sync 1 DAGs
[2023-01-03T03:49:15.416+0000] {logging_mixin.py:137} INFO - [2023-01-03T03:49:15.416+0000] {dag.py:3427} INFO - Setting next_dagrun for example_short_circuit_decorator to 2023-01-02T03:49:15.416634+00:00, run_after=2023-01-03T03:49:15.416634+00:00
[2023-01-03T03:49:15.459+0000] {processor.py:175} INFO - Processing /home/airflow/.local/lib/python3.7/site-packages/airflow/example_dags/example_short_circuit_decorator.py took 0.335 seconds
[2023-01-03T03:49:46.079+0000] {processor.py:153} INFO - Started process (PID=711) to work on /home/airflow/.local/lib/python3.7/site-packages/airflow/example_dags/example_short_circuit_decorator.py
[2023-01-03T03:49:46.084+0000] {processor.py:743} INFO - Processing file /home/airflow/.local/lib/python3.7/site-packages/airflow/example_dags/example_short_circuit_decorator.py for tasks to queue
[2023-01-03T03:49:46.085+0000] {logging_mixin.py:137} INFO - [2023-01-03T03:49:46.084+0000] {dagbag.py:538} INFO - Filling up the DagBag from /home/airflow/.local/lib/python3.7/site-packages/airflow/example_dags/example_short_circuit_decorator.py
[2023-01-03T03:49:46.179+0000] {processor.py:753} INFO - DAG(s) dict_keys(['example_short_circuit_decorator']) retrieved from /home/airflow/.local/lib/python3.7/site-packages/airflow/example_dags/example_short_circuit_decorator.py
[2023-01-03T03:49:46.277+0000] {logging_mixin.py:137} INFO - [2023-01-03T03:49:46.276+0000] {dag.py:2676} INFO - Sync 1 DAGs
[2023-01-03T03:49:46.323+0000] {logging_mixin.py:137} INFO - [2023-01-03T03:49:46.323+0000] {dag.py:3427} INFO - Setting next_dagrun for example_short_circuit_decorator to 2023-01-02T03:49:46.323063+00:00, run_after=2023-01-03T03:49:46.323063+00:00
[2023-01-03T03:49:46.349+0000] {processor.py:175} INFO - Processing /home/airflow/.local/lib/python3.7/site-packages/airflow/example_dags/example_short_circuit_decorator.py took 0.272 seconds
[2023-01-03T03:50:17.080+0000] {processor.py:153} INFO - Started process (PID=773) to work on /home/airflow/.local/lib/python3.7/site-packages/airflow/example_dags/example_short_circuit_decorator.py
[2023-01-03T03:50:17.084+0000] {processor.py:743} INFO - Processing file /home/airflow/.local/lib/python3.7/site-packages/airflow/example_dags/example_short_circuit_decorator.py for tasks to queue
[2023-01-03T03:50:17.085+0000] {logging_mixin.py:137} INFO - [2023-01-03T03:50:17.085+0000] {dagbag.py:538} INFO - Filling up the DagBag from /home/airflow/.local/lib/python3.7/site-packages/airflow/example_dags/example_short_circuit_decorator.py
[2023-01-03T03:50:17.126+0000] {processor.py:753} INFO - DAG(s) dict_keys(['example_short_circuit_decorator']) retrieved from /home/airflow/.local/lib/python3.7/site-packages/airflow/example_dags/example_short_circuit_decorator.py
[2023-01-03T03:50:17.245+0000] {logging_mixin.py:137} INFO - [2023-01-03T03:50:17.245+0000] {dag.py:2676} INFO - Sync 1 DAGs
[2023-01-03T03:50:17.287+0000] {logging_mixin.py:137} INFO - [2023-01-03T03:50:17.287+0000] {dag.py:3427} INFO - Setting next_dagrun for example_short_circuit_decorator to 2023-01-02T03:50:17.284594+00:00, run_after=2023-01-03T03:50:17.284594+00:00
[2023-01-03T03:50:17.339+0000] {processor.py:175} INFO - Processing /home/airflow/.local/lib/python3.7/site-packages/airflow/example_dags/example_short_circuit_decorator.py took 0.264 seconds
[2023-01-03T03:50:47.519+0000] {processor.py:153} INFO - Started process (PID=823) to work on /home/airflow/.local/lib/python3.7/site-packages/airflow/example_dags/example_short_circuit_decorator.py
[2023-01-03T03:50:47.528+0000] {processor.py:743} INFO - Processing file /home/airflow/.local/lib/python3.7/site-packages/airflow/example_dags/example_short_circuit_decorator.py for tasks to queue
[2023-01-03T03:50:47.529+0000] {logging_mixin.py:137} INFO - [2023-01-03T03:50:47.529+0000] {dagbag.py:538} INFO - Filling up the DagBag from /home/airflow/.local/lib/python3.7/site-packages/airflow/example_dags/example_short_circuit_decorator.py
[2023-01-03T03:50:47.617+0000] {processor.py:753} INFO - DAG(s) dict_keys(['example_short_circuit_decorator']) retrieved from /home/airflow/.local/lib/python3.7/site-packages/airflow/example_dags/example_short_circuit_decorator.py
[2023-01-03T03:50:47.723+0000] {logging_mixin.py:137} INFO - [2023-01-03T03:50:47.723+0000] {dag.py:2676} INFO - Sync 1 DAGs
[2023-01-03T03:50:47.766+0000] {logging_mixin.py:137} INFO - [2023-01-03T03:50:47.765+0000] {dag.py:3427} INFO - Setting next_dagrun for example_short_circuit_decorator to 2023-01-02T03:50:47.765672+00:00, run_after=2023-01-03T03:50:47.765672+00:00
[2023-01-03T03:50:47.829+0000] {processor.py:175} INFO - Processing /home/airflow/.local/lib/python3.7/site-packages/airflow/example_dags/example_short_circuit_decorator.py took 0.318 seconds
[2023-01-03T03:51:18.605+0000] {processor.py:153} INFO - Started process (PID=895) to work on /home/airflow/.local/lib/python3.7/site-packages/airflow/example_dags/example_short_circuit_decorator.py
[2023-01-03T03:51:18.607+0000] {processor.py:743} INFO - Processing file /home/airflow/.local/lib/python3.7/site-packages/airflow/example_dags/example_short_circuit_decorator.py for tasks to queue
[2023-01-03T03:51:18.609+0000] {logging_mixin.py:137} INFO - [2023-01-03T03:51:18.609+0000] {dagbag.py:538} INFO - Filling up the DagBag from /home/airflow/.local/lib/python3.7/site-packages/airflow/example_dags/example_short_circuit_decorator.py
[2023-01-03T03:51:18.689+0000] {processor.py:753} INFO - DAG(s) dict_keys(['example_short_circuit_decorator']) retrieved from /home/airflow/.local/lib/python3.7/site-packages/airflow/example_dags/example_short_circuit_decorator.py
[2023-01-03T03:51:18.825+0000] {logging_mixin.py:137} INFO - [2023-01-03T03:51:18.825+0000] {dag.py:2676} INFO - Sync 1 DAGs
[2023-01-03T03:51:18.846+0000] {logging_mixin.py:137} INFO - [2023-01-03T03:51:18.846+0000] {dag.py:3427} INFO - Setting next_dagrun for example_short_circuit_decorator to 2023-01-02T03:51:18.846271+00:00, run_after=2023-01-03T03:51:18.846271+00:00
[2023-01-03T03:51:18.887+0000] {processor.py:175} INFO - Processing /home/airflow/.local/lib/python3.7/site-packages/airflow/example_dags/example_short_circuit_decorator.py took 0.291 seconds
[2023-01-03T03:51:49.759+0000] {processor.py:153} INFO - Started process (PID=957) to work on /home/airflow/.local/lib/python3.7/site-packages/airflow/example_dags/example_short_circuit_decorator.py
[2023-01-03T03:51:49.761+0000] {processor.py:743} INFO - Processing file /home/airflow/.local/lib/python3.7/site-packages/airflow/example_dags/example_short_circuit_decorator.py for tasks to queue
[2023-01-03T03:51:49.769+0000] {logging_mixin.py:137} INFO - [2023-01-03T03:51:49.769+0000] {dagbag.py:538} INFO - Filling up the DagBag from /home/airflow/.local/lib/python3.7/site-packages/airflow/example_dags/example_short_circuit_decorator.py
[2023-01-03T03:51:49.876+0000] {processor.py:753} INFO - DAG(s) dict_keys(['example_short_circuit_decorator']) retrieved from /home/airflow/.local/lib/python3.7/site-packages/airflow/example_dags/example_short_circuit_decorator.py
[2023-01-03T03:51:49.985+0000] {logging_mixin.py:137} INFO - [2023-01-03T03:51:49.985+0000] {dag.py:2676} INFO - Sync 1 DAGs
[2023-01-03T03:51:50.046+0000] {logging_mixin.py:137} INFO - [2023-01-03T03:51:50.046+0000] {dag.py:3427} INFO - Setting next_dagrun for example_short_circuit_decorator to 2023-01-02T03:51:50.045826+00:00, run_after=2023-01-03T03:51:50.045826+00:00
[2023-01-03T03:51:50.087+0000] {processor.py:175} INFO - Processing /home/airflow/.local/lib/python3.7/site-packages/airflow/example_dags/example_short_circuit_decorator.py took 0.343 seconds
[2023-01-03T03:52:20.159+0000] {processor.py:153} INFO - Started process (PID=1009) to work on /home/airflow/.local/lib/python3.7/site-packages/airflow/example_dags/example_short_circuit_decorator.py
[2023-01-03T03:52:20.160+0000] {processor.py:743} INFO - Processing file /home/airflow/.local/lib/python3.7/site-packages/airflow/example_dags/example_short_circuit_decorator.py for tasks to queue
[2023-01-03T03:52:20.164+0000] {logging_mixin.py:137} INFO - [2023-01-03T03:52:20.164+0000] {dagbag.py:538} INFO - Filling up the DagBag from /home/airflow/.local/lib/python3.7/site-packages/airflow/example_dags/example_short_circuit_decorator.py
[2023-01-03T03:52:20.204+0000] {processor.py:753} INFO - DAG(s) dict_keys(['example_short_circuit_decorator']) retrieved from /home/airflow/.local/lib/python3.7/site-packages/airflow/example_dags/example_short_circuit_decorator.py
[2023-01-03T03:52:20.269+0000] {logging_mixin.py:137} INFO - [2023-01-03T03:52:20.269+0000] {dag.py:2676} INFO - Sync 1 DAGs
[2023-01-03T03:52:20.291+0000] {logging_mixin.py:137} INFO - [2023-01-03T03:52:20.291+0000] {dag.py:3427} INFO - Setting next_dagrun for example_short_circuit_decorator to 2023-01-02T03:52:20.291515+00:00, run_after=2023-01-03T03:52:20.291515+00:00
[2023-01-03T03:52:20.308+0000] {processor.py:175} INFO - Processing /home/airflow/.local/lib/python3.7/site-packages/airflow/example_dags/example_short_circuit_decorator.py took 0.151 seconds
[2023-01-03T03:53:00.026+0000] {processor.py:153} INFO - Started process (PID=1073) to work on /home/airflow/.local/lib/python3.7/site-packages/airflow/example_dags/example_short_circuit_decorator.py
[2023-01-03T03:53:00.028+0000] {processor.py:743} INFO - Processing file /home/airflow/.local/lib/python3.7/site-packages/airflow/example_dags/example_short_circuit_decorator.py for tasks to queue
[2023-01-03T03:53:00.031+0000] {logging_mixin.py:137} INFO - [2023-01-03T03:53:00.031+0000] {dagbag.py:538} INFO - Filling up the DagBag from /home/airflow/.local/lib/python3.7/site-packages/airflow/example_dags/example_short_circuit_decorator.py
[2023-01-03T03:53:00.089+0000] {processor.py:753} INFO - DAG(s) dict_keys(['example_short_circuit_decorator']) retrieved from /home/airflow/.local/lib/python3.7/site-packages/airflow/example_dags/example_short_circuit_decorator.py
[2023-01-03T03:53:00.167+0000] {logging_mixin.py:137} INFO - [2023-01-03T03:53:00.167+0000] {dag.py:2676} INFO - Sync 1 DAGs
[2023-01-03T03:53:00.206+0000] {logging_mixin.py:137} INFO - [2023-01-03T03:53:00.206+0000] {dag.py:3427} INFO - Setting next_dagrun for example_short_circuit_decorator to 2023-01-02T03:53:00.205874+00:00, run_after=2023-01-03T03:53:00.205874+00:00
[2023-01-03T03:53:00.241+0000] {processor.py:175} INFO - Processing /home/airflow/.local/lib/python3.7/site-packages/airflow/example_dags/example_short_circuit_decorator.py took 0.218 seconds
[2023-01-03T03:53:46.741+0000] {processor.py:153} INFO - Started process (PID=1123) to work on /home/airflow/.local/lib/python3.7/site-packages/airflow/example_dags/example_short_circuit_decorator.py
[2023-01-03T03:53:46.750+0000] {processor.py:743} INFO - Processing file /home/airflow/.local/lib/python3.7/site-packages/airflow/example_dags/example_short_circuit_decorator.py for tasks to queue
[2023-01-03T03:53:46.751+0000] {logging_mixin.py:137} INFO - [2023-01-03T03:53:46.751+0000] {dagbag.py:538} INFO - Filling up the DagBag from /home/airflow/.local/lib/python3.7/site-packages/airflow/example_dags/example_short_circuit_decorator.py
[2023-01-03T03:53:46.794+0000] {processor.py:753} INFO - DAG(s) dict_keys(['example_short_circuit_decorator']) retrieved from /home/airflow/.local/lib/python3.7/site-packages/airflow/example_dags/example_short_circuit_decorator.py
[2023-01-03T03:53:46.882+0000] {logging_mixin.py:137} INFO - [2023-01-03T03:53:46.882+0000] {dag.py:2676} INFO - Sync 1 DAGs
[2023-01-03T03:53:46.914+0000] {logging_mixin.py:137} INFO - [2023-01-03T03:53:46.914+0000] {dag.py:3427} INFO - Setting next_dagrun for example_short_circuit_decorator to 2023-01-02T03:53:46.914481+00:00, run_after=2023-01-03T03:53:46.914481+00:00
[2023-01-03T03:53:46.944+0000] {processor.py:175} INFO - Processing /home/airflow/.local/lib/python3.7/site-packages/airflow/example_dags/example_short_circuit_decorator.py took 0.206 seconds
[2023-01-03T03:54:19.594+0000] {processor.py:153} INFO - Started process (PID=1185) to work on /home/airflow/.local/lib/python3.7/site-packages/airflow/example_dags/example_short_circuit_decorator.py
[2023-01-03T03:54:19.597+0000] {processor.py:743} INFO - Processing file /home/airflow/.local/lib/python3.7/site-packages/airflow/example_dags/example_short_circuit_decorator.py for tasks to queue
[2023-01-03T03:54:19.598+0000] {logging_mixin.py:137} INFO - [2023-01-03T03:54:19.598+0000] {dagbag.py:538} INFO - Filling up the DagBag from /home/airflow/.local/lib/python3.7/site-packages/airflow/example_dags/example_short_circuit_decorator.py
[2023-01-03T03:54:19.676+0000] {processor.py:753} INFO - DAG(s) dict_keys(['example_short_circuit_decorator']) retrieved from /home/airflow/.local/lib/python3.7/site-packages/airflow/example_dags/example_short_circuit_decorator.py
[2023-01-03T03:54:19.931+0000] {logging_mixin.py:137} INFO - [2023-01-03T03:54:19.931+0000] {dag.py:2676} INFO - Sync 1 DAGs
[2023-01-03T03:54:20.054+0000] {logging_mixin.py:137} INFO - [2023-01-03T03:54:20.054+0000] {dag.py:3427} INFO - Setting next_dagrun for example_short_circuit_decorator to 2023-01-02T03:54:20.054361+00:00, run_after=2023-01-03T03:54:20.054361+00:00
[2023-01-03T03:54:20.116+0000] {processor.py:175} INFO - Processing /home/airflow/.local/lib/python3.7/site-packages/airflow/example_dags/example_short_circuit_decorator.py took 0.524 seconds
[2023-01-03T03:55:58.050+0000] {processor.py:153} INFO - Started process (PID=1281) to work on /home/airflow/.local/lib/python3.7/site-packages/airflow/example_dags/example_short_circuit_decorator.py
[2023-01-03T03:55:58.068+0000] {processor.py:743} INFO - Processing file /home/airflow/.local/lib/python3.7/site-packages/airflow/example_dags/example_short_circuit_decorator.py for tasks to queue
[2023-01-03T03:55:58.079+0000] {logging_mixin.py:137} INFO - [2023-01-03T03:55:58.079+0000] {dagbag.py:538} INFO - Filling up the DagBag from /home/airflow/.local/lib/python3.7/site-packages/airflow/example_dags/example_short_circuit_decorator.py
[2023-01-03T03:55:58.529+0000] {processor.py:753} INFO - DAG(s) dict_keys(['example_short_circuit_decorator']) retrieved from /home/airflow/.local/lib/python3.7/site-packages/airflow/example_dags/example_short_circuit_decorator.py
[2023-01-03T03:56:08.224+0000] {logging_mixin.py:137} INFO - [2023-01-03T03:56:08.221+0000] {dag.py:2676} INFO - Sync 1 DAGs
[2023-01-03T03:56:23.521+0000] {logging_mixin.py:137} INFO - [2023-01-03T03:56:21.525+0000] {dag.py:3427} INFO - Setting next_dagrun for example_short_circuit_decorator to 2023-01-02T03:56:20.819162+00:00, run_after=2023-01-03T03:56:20.819162+00:00
[2023-01-03T03:56:28.104+0000] {processor.py:175} INFO - Processing /home/airflow/.local/lib/python3.7/site-packages/airflow/example_dags/example_short_circuit_decorator.py took 30.171 seconds
[2023-01-03T04:04:12.431+0000] {processor.py:153} INFO - Started process (PID=174) to work on /home/airflow/.local/lib/python3.7/site-packages/airflow/example_dags/example_short_circuit_decorator.py
[2023-01-03T04:04:12.504+0000] {processor.py:743} INFO - Processing file /home/airflow/.local/lib/python3.7/site-packages/airflow/example_dags/example_short_circuit_decorator.py for tasks to queue
[2023-01-03T04:04:12.528+0000] {logging_mixin.py:137} INFO - [2023-01-03T04:04:12.518+0000] {dagbag.py:538} INFO - Filling up the DagBag from /home/airflow/.local/lib/python3.7/site-packages/airflow/example_dags/example_short_circuit_decorator.py
[2023-01-03T04:04:13.442+0000] {processor.py:753} INFO - DAG(s) dict_keys(['example_short_circuit_decorator']) retrieved from /home/airflow/.local/lib/python3.7/site-packages/airflow/example_dags/example_short_circuit_decorator.py
[2023-01-03T04:04:16.605+0000] {logging_mixin.py:137} INFO - [2023-01-03T04:04:16.490+0000] {dag.py:2676} INFO - Sync 1 DAGs
[2023-01-03T04:04:24.523+0000] {logging_mixin.py:137} INFO - [2023-01-03T04:04:24.520+0000] {dag.py:3427} INFO - Setting next_dagrun for example_short_circuit_decorator to 2023-01-02T04:04:24.516956+00:00, run_after=2023-01-03T04:04:24.516956+00:00
[2023-01-03T04:04:25.685+0000] {processor.py:175} INFO - Processing /home/airflow/.local/lib/python3.7/site-packages/airflow/example_dags/example_short_circuit_decorator.py took 13.345 seconds
[2023-01-03T04:09:29.848+0000] {processor.py:153} INFO - Started process (PID=103) to work on /home/airflow/.local/lib/python3.7/site-packages/airflow/example_dags/example_short_circuit_decorator.py
[2023-01-03T04:09:29.878+0000] {processor.py:743} INFO - Processing file /home/airflow/.local/lib/python3.7/site-packages/airflow/example_dags/example_short_circuit_decorator.py for tasks to queue
[2023-01-03T04:09:29.887+0000] {logging_mixin.py:137} INFO - [2023-01-03T04:09:29.887+0000] {dagbag.py:538} INFO - Filling up the DagBag from /home/airflow/.local/lib/python3.7/site-packages/airflow/example_dags/example_short_circuit_decorator.py
[2023-01-03T04:09:30.167+0000] {processor.py:753} INFO - DAG(s) dict_keys(['example_short_circuit_decorator']) retrieved from /home/airflow/.local/lib/python3.7/site-packages/airflow/example_dags/example_short_circuit_decorator.py
[2023-01-03T04:09:30.325+0000] {logging_mixin.py:137} INFO - [2023-01-03T04:09:30.324+0000] {dag.py:2676} INFO - Sync 1 DAGs
[2023-01-03T04:09:30.417+0000] {logging_mixin.py:137} INFO - [2023-01-03T04:09:30.417+0000] {dag.py:3427} INFO - Setting next_dagrun for example_short_circuit_decorator to 2023-01-02T04:09:30.417422+00:00, run_after=2023-01-03T04:09:30.417422+00:00
[2023-01-03T04:09:30.539+0000] {processor.py:175} INFO - Processing /home/airflow/.local/lib/python3.7/site-packages/airflow/example_dags/example_short_circuit_decorator.py took 0.718 seconds
[2023-01-03T04:10:00.907+0000] {processor.py:153} INFO - Started process (PID=165) to work on /home/airflow/.local/lib/python3.7/site-packages/airflow/example_dags/example_short_circuit_decorator.py
[2023-01-03T04:10:00.913+0000] {processor.py:743} INFO - Processing file /home/airflow/.local/lib/python3.7/site-packages/airflow/example_dags/example_short_circuit_decorator.py for tasks to queue
[2023-01-03T04:10:00.916+0000] {logging_mixin.py:137} INFO - [2023-01-03T04:10:00.916+0000] {dagbag.py:538} INFO - Filling up the DagBag from /home/airflow/.local/lib/python3.7/site-packages/airflow/example_dags/example_short_circuit_decorator.py
[2023-01-03T04:10:01.032+0000] {processor.py:753} INFO - DAG(s) dict_keys(['example_short_circuit_decorator']) retrieved from /home/airflow/.local/lib/python3.7/site-packages/airflow/example_dags/example_short_circuit_decorator.py
[2023-01-03T04:10:01.173+0000] {logging_mixin.py:137} INFO - [2023-01-03T04:10:01.173+0000] {dag.py:2676} INFO - Sync 1 DAGs
[2023-01-03T04:10:01.225+0000] {logging_mixin.py:137} INFO - [2023-01-03T04:10:01.225+0000] {dag.py:3427} INFO - Setting next_dagrun for example_short_circuit_decorator to 2023-01-02T04:10:01.224730+00:00, run_after=2023-01-03T04:10:01.224730+00:00
[2023-01-03T04:10:01.282+0000] {processor.py:175} INFO - Processing /home/airflow/.local/lib/python3.7/site-packages/airflow/example_dags/example_short_circuit_decorator.py took 0.378 seconds
[2023-01-03T04:10:41.826+0000] {processor.py:153} INFO - Started process (PID=236) to work on /home/airflow/.local/lib/python3.7/site-packages/airflow/example_dags/example_short_circuit_decorator.py
[2023-01-03T04:10:41.848+0000] {processor.py:743} INFO - Processing file /home/airflow/.local/lib/python3.7/site-packages/airflow/example_dags/example_short_circuit_decorator.py for tasks to queue
[2023-01-03T04:10:41.861+0000] {logging_mixin.py:137} INFO - [2023-01-03T04:10:41.861+0000] {dagbag.py:538} INFO - Filling up the DagBag from /home/airflow/.local/lib/python3.7/site-packages/airflow/example_dags/example_short_circuit_decorator.py
[2023-01-03T04:10:42.026+0000] {processor.py:753} INFO - DAG(s) dict_keys(['example_short_circuit_decorator']) retrieved from /home/airflow/.local/lib/python3.7/site-packages/airflow/example_dags/example_short_circuit_decorator.py
[2023-01-03T04:10:42.304+0000] {logging_mixin.py:137} INFO - [2023-01-03T04:10:42.304+0000] {dag.py:2676} INFO - Sync 1 DAGs
[2023-01-03T04:10:42.458+0000] {logging_mixin.py:137} INFO - [2023-01-03T04:10:42.458+0000] {dag.py:3427} INFO - Setting next_dagrun for example_short_circuit_decorator to 2023-01-02T04:10:42.458006+00:00, run_after=2023-01-03T04:10:42.458006+00:00
[2023-01-03T04:10:42.536+0000] {processor.py:175} INFO - Processing /home/airflow/.local/lib/python3.7/site-packages/airflow/example_dags/example_short_circuit_decorator.py took 0.715 seconds
[2023-01-03T04:11:12.960+0000] {processor.py:153} INFO - Started process (PID=288) to work on /home/airflow/.local/lib/python3.7/site-packages/airflow/example_dags/example_short_circuit_decorator.py
[2023-01-03T04:11:12.961+0000] {processor.py:743} INFO - Processing file /home/airflow/.local/lib/python3.7/site-packages/airflow/example_dags/example_short_circuit_decorator.py for tasks to queue
[2023-01-03T04:11:12.963+0000] {logging_mixin.py:137} INFO - [2023-01-03T04:11:12.962+0000] {dagbag.py:538} INFO - Filling up the DagBag from /home/airflow/.local/lib/python3.7/site-packages/airflow/example_dags/example_short_circuit_decorator.py
[2023-01-03T04:11:13.027+0000] {processor.py:753} INFO - DAG(s) dict_keys(['example_short_circuit_decorator']) retrieved from /home/airflow/.local/lib/python3.7/site-packages/airflow/example_dags/example_short_circuit_decorator.py
[2023-01-03T04:11:13.126+0000] {logging_mixin.py:137} INFO - [2023-01-03T04:11:13.125+0000] {dag.py:2676} INFO - Sync 1 DAGs
[2023-01-03T04:11:13.196+0000] {logging_mixin.py:137} INFO - [2023-01-03T04:11:13.196+0000] {dag.py:3427} INFO - Setting next_dagrun for example_short_circuit_decorator to 2023-01-02T04:11:13.196210+00:00, run_after=2023-01-03T04:11:13.196210+00:00
[2023-01-03T04:11:13.225+0000] {processor.py:175} INFO - Processing /home/airflow/.local/lib/python3.7/site-packages/airflow/example_dags/example_short_circuit_decorator.py took 0.269 seconds
[2023-01-03T04:11:45.674+0000] {processor.py:153} INFO - Started process (PID=349) to work on /home/airflow/.local/lib/python3.7/site-packages/airflow/example_dags/example_short_circuit_decorator.py
[2023-01-03T04:11:45.678+0000] {processor.py:743} INFO - Processing file /home/airflow/.local/lib/python3.7/site-packages/airflow/example_dags/example_short_circuit_decorator.py for tasks to queue
[2023-01-03T04:11:45.681+0000] {logging_mixin.py:137} INFO - [2023-01-03T04:11:45.680+0000] {dagbag.py:538} INFO - Filling up the DagBag from /home/airflow/.local/lib/python3.7/site-packages/airflow/example_dags/example_short_circuit_decorator.py
[2023-01-03T04:11:45.804+0000] {processor.py:753} INFO - DAG(s) dict_keys(['example_short_circuit_decorator']) retrieved from /home/airflow/.local/lib/python3.7/site-packages/airflow/example_dags/example_short_circuit_decorator.py
[2023-01-03T04:11:46.047+0000] {logging_mixin.py:137} INFO - [2023-01-03T04:11:46.047+0000] {dag.py:2676} INFO - Sync 1 DAGs
[2023-01-03T04:11:46.191+0000] {logging_mixin.py:137} INFO - [2023-01-03T04:11:46.191+0000] {dag.py:3427} INFO - Setting next_dagrun for example_short_circuit_decorator to 2023-01-02T04:11:46.190812+00:00, run_after=2023-01-03T04:11:46.190812+00:00
[2023-01-03T04:11:46.270+0000] {processor.py:175} INFO - Processing /home/airflow/.local/lib/python3.7/site-packages/airflow/example_dags/example_short_circuit_decorator.py took 0.627 seconds
[2023-01-03T04:13:35.721+0000] {processor.py:153} INFO - Started process (PID=445) to work on /home/airflow/.local/lib/python3.7/site-packages/airflow/example_dags/example_short_circuit_decorator.py
[2023-01-03T04:13:35.744+0000] {processor.py:743} INFO - Processing file /home/airflow/.local/lib/python3.7/site-packages/airflow/example_dags/example_short_circuit_decorator.py for tasks to queue
[2023-01-03T04:13:35.749+0000] {logging_mixin.py:137} INFO - [2023-01-03T04:13:35.748+0000] {dagbag.py:538} INFO - Filling up the DagBag from /home/airflow/.local/lib/python3.7/site-packages/airflow/example_dags/example_short_circuit_decorator.py
[2023-01-03T04:13:36.297+0000] {processor.py:753} INFO - DAG(s) dict_keys(['example_short_circuit_decorator']) retrieved from /home/airflow/.local/lib/python3.7/site-packages/airflow/example_dags/example_short_circuit_decorator.py
[2023-01-03T04:13:37.245+0000] {logging_mixin.py:137} INFO - [2023-01-03T04:13:37.244+0000] {dag.py:2676} INFO - Sync 1 DAGs
[2023-01-03T04:13:37.593+0000] {logging_mixin.py:137} INFO - [2023-01-03T04:13:37.593+0000] {dag.py:3427} INFO - Setting next_dagrun for example_short_circuit_decorator to 2023-01-02T04:13:37.592688+00:00, run_after=2023-01-03T04:13:37.592688+00:00
[2023-01-03T04:13:37.942+0000] {processor.py:175} INFO - Processing /home/airflow/.local/lib/python3.7/site-packages/airflow/example_dags/example_short_circuit_decorator.py took 2.276 seconds
