[2023-01-03T03:44:33.201+0000] {processor.py:153} INFO - Started process (PID=69) to work on /home/airflow/.local/lib/python3.7/site-packages/airflow/example_dags/example_sensors.py
[2023-01-03T03:44:33.209+0000] {processor.py:743} INFO - Processing file /home/airflow/.local/lib/python3.7/site-packages/airflow/example_dags/example_sensors.py for tasks to queue
[2023-01-03T03:44:33.211+0000] {logging_mixin.py:137} INFO - [2023-01-03T03:44:33.210+0000] {dagbag.py:538} INFO - Filling up the DagBag from /home/airflow/.local/lib/python3.7/site-packages/airflow/example_dags/example_sensors.py
[2023-01-03T03:44:33.356+0000] {processor.py:753} INFO - DAG(s) dict_keys(['example_sensors']) retrieved from /home/airflow/.local/lib/python3.7/site-packages/airflow/example_dags/example_sensors.py
[2023-01-03T03:44:33.472+0000] {logging_mixin.py:137} INFO - [2023-01-03T03:44:33.472+0000] {dag.py:2676} INFO - Sync 1 DAGs
[2023-01-03T03:44:33.641+0000] {logging_mixin.py:137} INFO - [2023-01-03T03:44:33.641+0000] {dag.py:3427} INFO - Setting next_dagrun for example_sensors to None, run_after=None
[2023-01-03T03:44:33.754+0000] {processor.py:175} INFO - Processing /home/airflow/.local/lib/python3.7/site-packages/airflow/example_dags/example_sensors.py took 0.556 seconds
[2023-01-03T03:45:04.052+0000] {processor.py:153} INFO - Started process (PID=130) to work on /home/airflow/.local/lib/python3.7/site-packages/airflow/example_dags/example_sensors.py
[2023-01-03T03:45:04.057+0000] {processor.py:743} INFO - Processing file /home/airflow/.local/lib/python3.7/site-packages/airflow/example_dags/example_sensors.py for tasks to queue
[2023-01-03T03:45:04.058+0000] {logging_mixin.py:137} INFO - [2023-01-03T03:45:04.058+0000] {dagbag.py:538} INFO - Filling up the DagBag from /home/airflow/.local/lib/python3.7/site-packages/airflow/example_dags/example_sensors.py
[2023-01-03T03:45:04.121+0000] {processor.py:753} INFO - DAG(s) dict_keys(['example_sensors']) retrieved from /home/airflow/.local/lib/python3.7/site-packages/airflow/example_dags/example_sensors.py
[2023-01-03T03:45:04.184+0000] {logging_mixin.py:137} INFO - [2023-01-03T03:45:04.184+0000] {dag.py:2676} INFO - Sync 1 DAGs
[2023-01-03T03:45:04.206+0000] {logging_mixin.py:137} INFO - [2023-01-03T03:45:04.205+0000] {dag.py:3427} INFO - Setting next_dagrun for example_sensors to None, run_after=None
[2023-01-03T03:45:04.219+0000] {processor.py:175} INFO - Processing /home/airflow/.local/lib/python3.7/site-packages/airflow/example_dags/example_sensors.py took 0.171 seconds
[2023-01-03T03:45:35.153+0000] {processor.py:153} INFO - Started process (PID=204) to work on /home/airflow/.local/lib/python3.7/site-packages/airflow/example_dags/example_sensors.py
[2023-01-03T03:45:35.164+0000] {processor.py:743} INFO - Processing file /home/airflow/.local/lib/python3.7/site-packages/airflow/example_dags/example_sensors.py for tasks to queue
[2023-01-03T03:45:35.166+0000] {logging_mixin.py:137} INFO - [2023-01-03T03:45:35.165+0000] {dagbag.py:538} INFO - Filling up the DagBag from /home/airflow/.local/lib/python3.7/site-packages/airflow/example_dags/example_sensors.py
[2023-01-03T03:45:35.203+0000] {processor.py:753} INFO - DAG(s) dict_keys(['example_sensors']) retrieved from /home/airflow/.local/lib/python3.7/site-packages/airflow/example_dags/example_sensors.py
[2023-01-03T03:45:35.279+0000] {logging_mixin.py:137} INFO - [2023-01-03T03:45:35.279+0000] {dag.py:2676} INFO - Sync 1 DAGs
[2023-01-03T03:45:35.318+0000] {logging_mixin.py:137} INFO - [2023-01-03T03:45:35.318+0000] {dag.py:3427} INFO - Setting next_dagrun for example_sensors to None, run_after=None
[2023-01-03T03:45:35.351+0000] {processor.py:175} INFO - Processing /home/airflow/.local/lib/python3.7/site-packages/airflow/example_dags/example_sensors.py took 0.208 seconds
[2023-01-03T03:46:05.987+0000] {processor.py:153} INFO - Started process (PID=267) to work on /home/airflow/.local/lib/python3.7/site-packages/airflow/example_dags/example_sensors.py
[2023-01-03T03:46:05.991+0000] {processor.py:743} INFO - Processing file /home/airflow/.local/lib/python3.7/site-packages/airflow/example_dags/example_sensors.py for tasks to queue
[2023-01-03T03:46:05.995+0000] {logging_mixin.py:137} INFO - [2023-01-03T03:46:05.995+0000] {dagbag.py:538} INFO - Filling up the DagBag from /home/airflow/.local/lib/python3.7/site-packages/airflow/example_dags/example_sensors.py
[2023-01-03T03:46:06.036+0000] {processor.py:753} INFO - DAG(s) dict_keys(['example_sensors']) retrieved from /home/airflow/.local/lib/python3.7/site-packages/airflow/example_dags/example_sensors.py
[2023-01-03T03:46:06.108+0000] {logging_mixin.py:137} INFO - [2023-01-03T03:46:06.108+0000] {dag.py:2676} INFO - Sync 1 DAGs
[2023-01-03T03:46:06.145+0000] {logging_mixin.py:137} INFO - [2023-01-03T03:46:06.145+0000] {dag.py:3427} INFO - Setting next_dagrun for example_sensors to None, run_after=None
[2023-01-03T03:46:06.163+0000] {processor.py:175} INFO - Processing /home/airflow/.local/lib/python3.7/site-packages/airflow/example_dags/example_sensors.py took 0.182 seconds
[2023-01-03T03:46:36.627+0000] {processor.py:153} INFO - Started process (PID=328) to work on /home/airflow/.local/lib/python3.7/site-packages/airflow/example_dags/example_sensors.py
[2023-01-03T03:46:36.631+0000] {processor.py:743} INFO - Processing file /home/airflow/.local/lib/python3.7/site-packages/airflow/example_dags/example_sensors.py for tasks to queue
[2023-01-03T03:46:36.634+0000] {logging_mixin.py:137} INFO - [2023-01-03T03:46:36.633+0000] {dagbag.py:538} INFO - Filling up the DagBag from /home/airflow/.local/lib/python3.7/site-packages/airflow/example_dags/example_sensors.py
[2023-01-03T03:46:36.742+0000] {processor.py:753} INFO - DAG(s) dict_keys(['example_sensors']) retrieved from /home/airflow/.local/lib/python3.7/site-packages/airflow/example_dags/example_sensors.py
[2023-01-03T03:46:36.917+0000] {logging_mixin.py:137} INFO - [2023-01-03T03:46:36.917+0000] {dag.py:2676} INFO - Sync 1 DAGs
[2023-01-03T03:46:37.080+0000] {logging_mixin.py:137} INFO - [2023-01-03T03:46:37.079+0000] {dag.py:3427} INFO - Setting next_dagrun for example_sensors to None, run_after=None
[2023-01-03T03:46:37.184+0000] {processor.py:175} INFO - Processing /home/airflow/.local/lib/python3.7/site-packages/airflow/example_dags/example_sensors.py took 0.564 seconds
[2023-01-03T03:47:08.217+0000] {processor.py:153} INFO - Started process (PID=390) to work on /home/airflow/.local/lib/python3.7/site-packages/airflow/example_dags/example_sensors.py
[2023-01-03T03:47:08.234+0000] {processor.py:743} INFO - Processing file /home/airflow/.local/lib/python3.7/site-packages/airflow/example_dags/example_sensors.py for tasks to queue
[2023-01-03T03:47:08.263+0000] {logging_mixin.py:137} INFO - [2023-01-03T03:47:08.249+0000] {dagbag.py:538} INFO - Filling up the DagBag from /home/airflow/.local/lib/python3.7/site-packages/airflow/example_dags/example_sensors.py
[2023-01-03T03:47:08.516+0000] {processor.py:753} INFO - DAG(s) dict_keys(['example_sensors']) retrieved from /home/airflow/.local/lib/python3.7/site-packages/airflow/example_dags/example_sensors.py
[2023-01-03T03:47:08.741+0000] {logging_mixin.py:137} INFO - [2023-01-03T03:47:08.741+0000] {dag.py:2676} INFO - Sync 1 DAGs
[2023-01-03T03:47:08.859+0000] {logging_mixin.py:137} INFO - [2023-01-03T03:47:08.858+0000] {dag.py:3427} INFO - Setting next_dagrun for example_sensors to None, run_after=None
[2023-01-03T03:47:08.915+0000] {processor.py:175} INFO - Processing /home/airflow/.local/lib/python3.7/site-packages/airflow/example_dags/example_sensors.py took 0.807 seconds
[2023-01-03T03:47:39.153+0000] {processor.py:153} INFO - Started process (PID=462) to work on /home/airflow/.local/lib/python3.7/site-packages/airflow/example_dags/example_sensors.py
[2023-01-03T03:47:39.155+0000] {processor.py:743} INFO - Processing file /home/airflow/.local/lib/python3.7/site-packages/airflow/example_dags/example_sensors.py for tasks to queue
[2023-01-03T03:47:39.159+0000] {logging_mixin.py:137} INFO - [2023-01-03T03:47:39.157+0000] {dagbag.py:538} INFO - Filling up the DagBag from /home/airflow/.local/lib/python3.7/site-packages/airflow/example_dags/example_sensors.py
[2023-01-03T03:47:39.267+0000] {processor.py:753} INFO - DAG(s) dict_keys(['example_sensors']) retrieved from /home/airflow/.local/lib/python3.7/site-packages/airflow/example_dags/example_sensors.py
[2023-01-03T03:47:39.438+0000] {logging_mixin.py:137} INFO - [2023-01-03T03:47:39.437+0000] {dag.py:2676} INFO - Sync 1 DAGs
[2023-01-03T03:47:39.533+0000] {logging_mixin.py:137} INFO - [2023-01-03T03:47:39.532+0000] {dag.py:3427} INFO - Setting next_dagrun for example_sensors to None, run_after=None
[2023-01-03T03:47:39.637+0000] {processor.py:175} INFO - Processing /home/airflow/.local/lib/python3.7/site-packages/airflow/example_dags/example_sensors.py took 0.495 seconds
[2023-01-03T03:48:13.520+0000] {processor.py:153} INFO - Started process (PID=514) to work on /home/airflow/.local/lib/python3.7/site-packages/airflow/example_dags/example_sensors.py
[2023-01-03T03:48:13.524+0000] {processor.py:743} INFO - Processing file /home/airflow/.local/lib/python3.7/site-packages/airflow/example_dags/example_sensors.py for tasks to queue
[2023-01-03T03:48:13.526+0000] {logging_mixin.py:137} INFO - [2023-01-03T03:48:13.526+0000] {dagbag.py:538} INFO - Filling up the DagBag from /home/airflow/.local/lib/python3.7/site-packages/airflow/example_dags/example_sensors.py
[2023-01-03T03:48:13.590+0000] {processor.py:753} INFO - DAG(s) dict_keys(['example_sensors']) retrieved from /home/airflow/.local/lib/python3.7/site-packages/airflow/example_dags/example_sensors.py
[2023-01-03T03:48:13.688+0000] {logging_mixin.py:137} INFO - [2023-01-03T03:48:13.688+0000] {dag.py:2676} INFO - Sync 1 DAGs
[2023-01-03T03:48:13.740+0000] {logging_mixin.py:137} INFO - [2023-01-03T03:48:13.739+0000] {dag.py:3427} INFO - Setting next_dagrun for example_sensors to None, run_after=None
[2023-01-03T03:48:13.785+0000] {processor.py:175} INFO - Processing /home/airflow/.local/lib/python3.7/site-packages/airflow/example_dags/example_sensors.py took 0.268 seconds
[2023-01-03T03:48:44.754+0000] {processor.py:153} INFO - Started process (PID=576) to work on /home/airflow/.local/lib/python3.7/site-packages/airflow/example_dags/example_sensors.py
[2023-01-03T03:48:44.758+0000] {processor.py:743} INFO - Processing file /home/airflow/.local/lib/python3.7/site-packages/airflow/example_dags/example_sensors.py for tasks to queue
[2023-01-03T03:48:44.759+0000] {logging_mixin.py:137} INFO - [2023-01-03T03:48:44.759+0000] {dagbag.py:538} INFO - Filling up the DagBag from /home/airflow/.local/lib/python3.7/site-packages/airflow/example_dags/example_sensors.py
[2023-01-03T03:48:44.796+0000] {processor.py:753} INFO - DAG(s) dict_keys(['example_sensors']) retrieved from /home/airflow/.local/lib/python3.7/site-packages/airflow/example_dags/example_sensors.py
[2023-01-03T03:48:44.844+0000] {logging_mixin.py:137} INFO - [2023-01-03T03:48:44.844+0000] {dag.py:2676} INFO - Sync 1 DAGs
[2023-01-03T03:48:44.872+0000] {logging_mixin.py:137} INFO - [2023-01-03T03:48:44.872+0000] {dag.py:3427} INFO - Setting next_dagrun for example_sensors to None, run_after=None
[2023-01-03T03:48:44.890+0000] {processor.py:175} INFO - Processing /home/airflow/.local/lib/python3.7/site-packages/airflow/example_dags/example_sensors.py took 0.140 seconds
[2023-01-03T03:49:15.430+0000] {processor.py:153} INFO - Started process (PID=638) to work on /home/airflow/.local/lib/python3.7/site-packages/airflow/example_dags/example_sensors.py
[2023-01-03T03:49:15.432+0000] {processor.py:743} INFO - Processing file /home/airflow/.local/lib/python3.7/site-packages/airflow/example_dags/example_sensors.py for tasks to queue
[2023-01-03T03:49:15.435+0000] {logging_mixin.py:137} INFO - [2023-01-03T03:49:15.435+0000] {dagbag.py:538} INFO - Filling up the DagBag from /home/airflow/.local/lib/python3.7/site-packages/airflow/example_dags/example_sensors.py
[2023-01-03T03:49:15.492+0000] {processor.py:753} INFO - DAG(s) dict_keys(['example_sensors']) retrieved from /home/airflow/.local/lib/python3.7/site-packages/airflow/example_dags/example_sensors.py
[2023-01-03T03:49:15.613+0000] {logging_mixin.py:137} INFO - [2023-01-03T03:49:15.613+0000] {dag.py:2676} INFO - Sync 1 DAGs
[2023-01-03T03:49:15.691+0000] {logging_mixin.py:137} INFO - [2023-01-03T03:49:15.691+0000] {dag.py:3427} INFO - Setting next_dagrun for example_sensors to None, run_after=None
[2023-01-03T03:49:15.748+0000] {processor.py:175} INFO - Processing /home/airflow/.local/lib/python3.7/site-packages/airflow/example_dags/example_sensors.py took 0.321 seconds
[2023-01-03T03:49:46.423+0000] {processor.py:153} INFO - Started process (PID=712) to work on /home/airflow/.local/lib/python3.7/site-packages/airflow/example_dags/example_sensors.py
[2023-01-03T03:49:46.427+0000] {processor.py:743} INFO - Processing file /home/airflow/.local/lib/python3.7/site-packages/airflow/example_dags/example_sensors.py for tasks to queue
[2023-01-03T03:49:46.430+0000] {logging_mixin.py:137} INFO - [2023-01-03T03:49:46.430+0000] {dagbag.py:538} INFO - Filling up the DagBag from /home/airflow/.local/lib/python3.7/site-packages/airflow/example_dags/example_sensors.py
[2023-01-03T03:49:46.466+0000] {processor.py:753} INFO - DAG(s) dict_keys(['example_sensors']) retrieved from /home/airflow/.local/lib/python3.7/site-packages/airflow/example_dags/example_sensors.py
[2023-01-03T03:49:46.532+0000] {logging_mixin.py:137} INFO - [2023-01-03T03:49:46.532+0000] {dag.py:2676} INFO - Sync 1 DAGs
[2023-01-03T03:49:46.571+0000] {logging_mixin.py:137} INFO - [2023-01-03T03:49:46.571+0000] {dag.py:3427} INFO - Setting next_dagrun for example_sensors to None, run_after=None
[2023-01-03T03:49:46.618+0000] {processor.py:175} INFO - Processing /home/airflow/.local/lib/python3.7/site-packages/airflow/example_dags/example_sensors.py took 0.198 seconds
[2023-01-03T03:50:17.425+0000] {processor.py:153} INFO - Started process (PID=774) to work on /home/airflow/.local/lib/python3.7/site-packages/airflow/example_dags/example_sensors.py
[2023-01-03T03:50:17.441+0000] {processor.py:743} INFO - Processing file /home/airflow/.local/lib/python3.7/site-packages/airflow/example_dags/example_sensors.py for tasks to queue
[2023-01-03T03:50:17.452+0000] {logging_mixin.py:137} INFO - [2023-01-03T03:50:17.450+0000] {dagbag.py:538} INFO - Filling up the DagBag from /home/airflow/.local/lib/python3.7/site-packages/airflow/example_dags/example_sensors.py
[2023-01-03T03:50:17.593+0000] {processor.py:753} INFO - DAG(s) dict_keys(['example_sensors']) retrieved from /home/airflow/.local/lib/python3.7/site-packages/airflow/example_dags/example_sensors.py
[2023-01-03T03:50:17.848+0000] {logging_mixin.py:137} INFO - [2023-01-03T03:50:17.848+0000] {dag.py:2676} INFO - Sync 1 DAGs
[2023-01-03T03:50:17.992+0000] {logging_mixin.py:137} INFO - [2023-01-03T03:50:17.991+0000] {dag.py:3427} INFO - Setting next_dagrun for example_sensors to None, run_after=None
[2023-01-03T03:50:18.164+0000] {processor.py:175} INFO - Processing /home/airflow/.local/lib/python3.7/site-packages/airflow/example_dags/example_sensors.py took 0.752 seconds
[2023-01-03T03:50:48.737+0000] {processor.py:153} INFO - Started process (PID=824) to work on /home/airflow/.local/lib/python3.7/site-packages/airflow/example_dags/example_sensors.py
[2023-01-03T03:50:48.740+0000] {processor.py:743} INFO - Processing file /home/airflow/.local/lib/python3.7/site-packages/airflow/example_dags/example_sensors.py for tasks to queue
[2023-01-03T03:50:48.743+0000] {logging_mixin.py:137} INFO - [2023-01-03T03:50:48.743+0000] {dagbag.py:538} INFO - Filling up the DagBag from /home/airflow/.local/lib/python3.7/site-packages/airflow/example_dags/example_sensors.py
[2023-01-03T03:50:48.816+0000] {processor.py:753} INFO - DAG(s) dict_keys(['example_sensors']) retrieved from /home/airflow/.local/lib/python3.7/site-packages/airflow/example_dags/example_sensors.py
[2023-01-03T03:50:48.915+0000] {logging_mixin.py:137} INFO - [2023-01-03T03:50:48.915+0000] {dag.py:2676} INFO - Sync 1 DAGs
[2023-01-03T03:50:48.976+0000] {logging_mixin.py:137} INFO - [2023-01-03T03:50:48.976+0000] {dag.py:3427} INFO - Setting next_dagrun for example_sensors to None, run_after=None
[2023-01-03T03:50:49.023+0000] {processor.py:175} INFO - Processing /home/airflow/.local/lib/python3.7/site-packages/airflow/example_dags/example_sensors.py took 0.289 seconds
[2023-01-03T03:51:19.850+0000] {processor.py:153} INFO - Started process (PID=899) to work on /home/airflow/.local/lib/python3.7/site-packages/airflow/example_dags/example_sensors.py
[2023-01-03T03:51:19.864+0000] {processor.py:743} INFO - Processing file /home/airflow/.local/lib/python3.7/site-packages/airflow/example_dags/example_sensors.py for tasks to queue
[2023-01-03T03:51:19.867+0000] {logging_mixin.py:137} INFO - [2023-01-03T03:51:19.866+0000] {dagbag.py:538} INFO - Filling up the DagBag from /home/airflow/.local/lib/python3.7/site-packages/airflow/example_dags/example_sensors.py
[2023-01-03T03:51:19.987+0000] {processor.py:753} INFO - DAG(s) dict_keys(['example_sensors']) retrieved from /home/airflow/.local/lib/python3.7/site-packages/airflow/example_dags/example_sensors.py
[2023-01-03T03:51:20.114+0000] {logging_mixin.py:137} INFO - [2023-01-03T03:51:20.114+0000] {dag.py:2676} INFO - Sync 1 DAGs
[2023-01-03T03:51:20.212+0000] {logging_mixin.py:137} INFO - [2023-01-03T03:51:20.212+0000] {dag.py:3427} INFO - Setting next_dagrun for example_sensors to None, run_after=None
[2023-01-03T03:51:20.249+0000] {processor.py:175} INFO - Processing /home/airflow/.local/lib/python3.7/site-packages/airflow/example_dags/example_sensors.py took 0.402 seconds
[2023-01-03T03:51:50.876+0000] {processor.py:153} INFO - Started process (PID=961) to work on /home/airflow/.local/lib/python3.7/site-packages/airflow/example_dags/example_sensors.py
[2023-01-03T03:51:50.882+0000] {processor.py:743} INFO - Processing file /home/airflow/.local/lib/python3.7/site-packages/airflow/example_dags/example_sensors.py for tasks to queue
[2023-01-03T03:51:50.933+0000] {logging_mixin.py:137} INFO - [2023-01-03T03:51:50.933+0000] {dagbag.py:538} INFO - Filling up the DagBag from /home/airflow/.local/lib/python3.7/site-packages/airflow/example_dags/example_sensors.py
[2023-01-03T03:51:51.041+0000] {processor.py:753} INFO - DAG(s) dict_keys(['example_sensors']) retrieved from /home/airflow/.local/lib/python3.7/site-packages/airflow/example_dags/example_sensors.py
[2023-01-03T03:51:51.156+0000] {logging_mixin.py:137} INFO - [2023-01-03T03:51:51.155+0000] {dag.py:2676} INFO - Sync 1 DAGs
[2023-01-03T03:51:51.227+0000] {logging_mixin.py:137} INFO - [2023-01-03T03:51:51.227+0000] {dag.py:3427} INFO - Setting next_dagrun for example_sensors to None, run_after=None
[2023-01-03T03:51:51.276+0000] {processor.py:175} INFO - Processing /home/airflow/.local/lib/python3.7/site-packages/airflow/example_dags/example_sensors.py took 0.418 seconds
[2023-01-03T03:52:21.504+0000] {processor.py:153} INFO - Started process (PID=1011) to work on /home/airflow/.local/lib/python3.7/site-packages/airflow/example_dags/example_sensors.py
[2023-01-03T03:52:21.506+0000] {processor.py:743} INFO - Processing file /home/airflow/.local/lib/python3.7/site-packages/airflow/example_dags/example_sensors.py for tasks to queue
[2023-01-03T03:52:21.507+0000] {logging_mixin.py:137} INFO - [2023-01-03T03:52:21.507+0000] {dagbag.py:538} INFO - Filling up the DagBag from /home/airflow/.local/lib/python3.7/site-packages/airflow/example_dags/example_sensors.py
[2023-01-03T03:52:21.527+0000] {processor.py:753} INFO - DAG(s) dict_keys(['example_sensors']) retrieved from /home/airflow/.local/lib/python3.7/site-packages/airflow/example_dags/example_sensors.py
[2023-01-03T03:52:21.568+0000] {logging_mixin.py:137} INFO - [2023-01-03T03:52:21.568+0000] {dag.py:2676} INFO - Sync 1 DAGs
[2023-01-03T03:52:21.589+0000] {logging_mixin.py:137} INFO - [2023-01-03T03:52:21.589+0000] {dag.py:3427} INFO - Setting next_dagrun for example_sensors to None, run_after=None
[2023-01-03T03:52:21.603+0000] {processor.py:175} INFO - Processing /home/airflow/.local/lib/python3.7/site-packages/airflow/example_dags/example_sensors.py took 0.102 seconds
[2023-01-03T03:53:00.208+0000] {processor.py:153} INFO - Started process (PID=1074) to work on /home/airflow/.local/lib/python3.7/site-packages/airflow/example_dags/example_sensors.py
[2023-01-03T03:53:00.210+0000] {processor.py:743} INFO - Processing file /home/airflow/.local/lib/python3.7/site-packages/airflow/example_dags/example_sensors.py for tasks to queue
[2023-01-03T03:53:00.211+0000] {logging_mixin.py:137} INFO - [2023-01-03T03:53:00.211+0000] {dagbag.py:538} INFO - Filling up the DagBag from /home/airflow/.local/lib/python3.7/site-packages/airflow/example_dags/example_sensors.py
[2023-01-03T03:53:00.294+0000] {processor.py:753} INFO - DAG(s) dict_keys(['example_sensors']) retrieved from /home/airflow/.local/lib/python3.7/site-packages/airflow/example_dags/example_sensors.py
[2023-01-03T03:53:00.456+0000] {logging_mixin.py:137} INFO - [2023-01-03T03:53:00.456+0000] {dag.py:2676} INFO - Sync 1 DAGs
[2023-01-03T03:53:00.511+0000] {logging_mixin.py:137} INFO - [2023-01-03T03:53:00.508+0000] {dag.py:3427} INFO - Setting next_dagrun for example_sensors to None, run_after=None
[2023-01-03T03:53:00.565+0000] {processor.py:175} INFO - Processing /home/airflow/.local/lib/python3.7/site-packages/airflow/example_dags/example_sensors.py took 0.358 seconds
[2023-01-03T03:53:46.869+0000] {processor.py:153} INFO - Started process (PID=1124) to work on /home/airflow/.local/lib/python3.7/site-packages/airflow/example_dags/example_sensors.py
[2023-01-03T03:53:46.876+0000] {processor.py:743} INFO - Processing file /home/airflow/.local/lib/python3.7/site-packages/airflow/example_dags/example_sensors.py for tasks to queue
[2023-01-03T03:53:46.877+0000] {logging_mixin.py:137} INFO - [2023-01-03T03:53:46.877+0000] {dagbag.py:538} INFO - Filling up the DagBag from /home/airflow/.local/lib/python3.7/site-packages/airflow/example_dags/example_sensors.py
[2023-01-03T03:53:46.919+0000] {processor.py:753} INFO - DAG(s) dict_keys(['example_sensors']) retrieved from /home/airflow/.local/lib/python3.7/site-packages/airflow/example_dags/example_sensors.py
[2023-01-03T03:53:46.989+0000] {logging_mixin.py:137} INFO - [2023-01-03T03:53:46.989+0000] {dag.py:2676} INFO - Sync 1 DAGs
[2023-01-03T03:53:47.073+0000] {logging_mixin.py:137} INFO - [2023-01-03T03:53:47.073+0000] {dag.py:3427} INFO - Setting next_dagrun for example_sensors to None, run_after=None
[2023-01-03T03:53:47.107+0000] {processor.py:175} INFO - Processing /home/airflow/.local/lib/python3.7/site-packages/airflow/example_dags/example_sensors.py took 0.275 seconds
[2023-01-03T03:54:19.984+0000] {processor.py:153} INFO - Started process (PID=1186) to work on /home/airflow/.local/lib/python3.7/site-packages/airflow/example_dags/example_sensors.py
[2023-01-03T03:54:19.995+0000] {processor.py:743} INFO - Processing file /home/airflow/.local/lib/python3.7/site-packages/airflow/example_dags/example_sensors.py for tasks to queue
[2023-01-03T03:54:19.996+0000] {logging_mixin.py:137} INFO - [2023-01-03T03:54:19.996+0000] {dagbag.py:538} INFO - Filling up the DagBag from /home/airflow/.local/lib/python3.7/site-packages/airflow/example_dags/example_sensors.py
[2023-01-03T03:54:20.056+0000] {processor.py:753} INFO - DAG(s) dict_keys(['example_sensors']) retrieved from /home/airflow/.local/lib/python3.7/site-packages/airflow/example_dags/example_sensors.py
[2023-01-03T03:54:20.143+0000] {logging_mixin.py:137} INFO - [2023-01-03T03:54:20.143+0000] {dag.py:2676} INFO - Sync 1 DAGs
[2023-01-03T03:54:20.179+0000] {logging_mixin.py:137} INFO - [2023-01-03T03:54:20.179+0000] {dag.py:3427} INFO - Setting next_dagrun for example_sensors to None, run_after=None
[2023-01-03T03:54:20.201+0000] {processor.py:175} INFO - Processing /home/airflow/.local/lib/python3.7/site-packages/airflow/example_dags/example_sensors.py took 0.220 seconds
[2023-01-03T03:55:58.222+0000] {processor.py:153} INFO - Started process (PID=1282) to work on /home/airflow/.local/lib/python3.7/site-packages/airflow/example_dags/example_sensors.py
[2023-01-03T03:55:58.284+0000] {processor.py:743} INFO - Processing file /home/airflow/.local/lib/python3.7/site-packages/airflow/example_dags/example_sensors.py for tasks to queue
[2023-01-03T03:55:58.297+0000] {logging_mixin.py:137} INFO - [2023-01-03T03:55:58.296+0000] {dagbag.py:538} INFO - Filling up the DagBag from /home/airflow/.local/lib/python3.7/site-packages/airflow/example_dags/example_sensors.py
[2023-01-03T03:55:59.047+0000] {processor.py:753} INFO - DAG(s) dict_keys(['example_sensors']) retrieved from /home/airflow/.local/lib/python3.7/site-packages/airflow/example_dags/example_sensors.py
[2023-01-03T03:56:19.893+0000] {logging_mixin.py:137} INFO - [2023-01-03T03:56:19.843+0000] {dag.py:2676} INFO - Sync 1 DAGs
[2023-01-03T03:56:28.071+0000] {logging_mixin.py:137} INFO - [2023-01-03T03:56:28.062+0000] {dag.py:3427} INFO - Setting next_dagrun for example_sensors to None, run_after=None
[2023-01-03T03:56:28.644+0000] {processor.py:175} INFO - Processing /home/airflow/.local/lib/python3.7/site-packages/airflow/example_dags/example_sensors.py took 30.535 seconds
[2023-01-03T04:04:26.617+0000] {processor.py:153} INFO - Started process (PID=182) to work on /home/airflow/.local/lib/python3.7/site-packages/airflow/example_dags/example_sensors.py
[2023-01-03T04:04:26.628+0000] {processor.py:743} INFO - Processing file /home/airflow/.local/lib/python3.7/site-packages/airflow/example_dags/example_sensors.py for tasks to queue
[2023-01-03T04:04:26.634+0000] {logging_mixin.py:137} INFO - [2023-01-03T04:04:26.634+0000] {dagbag.py:538} INFO - Filling up the DagBag from /home/airflow/.local/lib/python3.7/site-packages/airflow/example_dags/example_sensors.py
[2023-01-03T04:04:27.150+0000] {processor.py:753} INFO - DAG(s) dict_keys(['example_sensors']) retrieved from /home/airflow/.local/lib/python3.7/site-packages/airflow/example_dags/example_sensors.py
[2023-01-03T04:04:30.246+0000] {logging_mixin.py:137} INFO - [2023-01-03T04:04:30.104+0000] {dag.py:2676} INFO - Sync 1 DAGs
[2023-01-03T04:04:30.888+0000] {logging_mixin.py:137} INFO - [2023-01-03T04:04:30.887+0000] {dag.py:3427} INFO - Setting next_dagrun for example_sensors to None, run_after=None
[2023-01-03T04:04:31.762+0000] {processor.py:175} INFO - Processing /home/airflow/.local/lib/python3.7/site-packages/airflow/example_dags/example_sensors.py took 5.217 seconds
[2023-01-03T04:09:30.470+0000] {processor.py:153} INFO - Started process (PID=104) to work on /home/airflow/.local/lib/python3.7/site-packages/airflow/example_dags/example_sensors.py
[2023-01-03T04:09:30.477+0000] {processor.py:743} INFO - Processing file /home/airflow/.local/lib/python3.7/site-packages/airflow/example_dags/example_sensors.py for tasks to queue
[2023-01-03T04:09:30.479+0000] {logging_mixin.py:137} INFO - [2023-01-03T04:09:30.479+0000] {dagbag.py:538} INFO - Filling up the DagBag from /home/airflow/.local/lib/python3.7/site-packages/airflow/example_dags/example_sensors.py
[2023-01-03T04:09:30.575+0000] {processor.py:753} INFO - DAG(s) dict_keys(['example_sensors']) retrieved from /home/airflow/.local/lib/python3.7/site-packages/airflow/example_dags/example_sensors.py
[2023-01-03T04:09:30.704+0000] {logging_mixin.py:137} INFO - [2023-01-03T04:09:30.704+0000] {dag.py:2676} INFO - Sync 1 DAGs
[2023-01-03T04:09:30.758+0000] {logging_mixin.py:137} INFO - [2023-01-03T04:09:30.757+0000] {dag.py:3427} INFO - Setting next_dagrun for example_sensors to None, run_after=None
[2023-01-03T04:09:30.806+0000] {processor.py:175} INFO - Processing /home/airflow/.local/lib/python3.7/site-packages/airflow/example_dags/example_sensors.py took 0.346 seconds
[2023-01-03T04:10:01.373+0000] {processor.py:153} INFO - Started process (PID=166) to work on /home/airflow/.local/lib/python3.7/site-packages/airflow/example_dags/example_sensors.py
[2023-01-03T04:10:01.377+0000] {processor.py:743} INFO - Processing file /home/airflow/.local/lib/python3.7/site-packages/airflow/example_dags/example_sensors.py for tasks to queue
[2023-01-03T04:10:01.383+0000] {logging_mixin.py:137} INFO - [2023-01-03T04:10:01.383+0000] {dagbag.py:538} INFO - Filling up the DagBag from /home/airflow/.local/lib/python3.7/site-packages/airflow/example_dags/example_sensors.py
[2023-01-03T04:10:01.467+0000] {processor.py:753} INFO - DAG(s) dict_keys(['example_sensors']) retrieved from /home/airflow/.local/lib/python3.7/site-packages/airflow/example_dags/example_sensors.py
[2023-01-03T04:10:01.544+0000] {logging_mixin.py:137} INFO - [2023-01-03T04:10:01.544+0000] {dag.py:2676} INFO - Sync 1 DAGs
[2023-01-03T04:10:01.565+0000] {logging_mixin.py:137} INFO - [2023-01-03T04:10:01.565+0000] {dag.py:3427} INFO - Setting next_dagrun for example_sensors to None, run_after=None
[2023-01-03T04:10:01.580+0000] {processor.py:175} INFO - Processing /home/airflow/.local/lib/python3.7/site-packages/airflow/example_dags/example_sensors.py took 0.240 seconds
[2023-01-03T04:10:42.037+0000] {processor.py:153} INFO - Started process (PID=237) to work on /home/airflow/.local/lib/python3.7/site-packages/airflow/example_dags/example_sensors.py
[2023-01-03T04:10:42.075+0000] {processor.py:743} INFO - Processing file /home/airflow/.local/lib/python3.7/site-packages/airflow/example_dags/example_sensors.py for tasks to queue
[2023-01-03T04:10:42.076+0000] {logging_mixin.py:137} INFO - [2023-01-03T04:10:42.076+0000] {dagbag.py:538} INFO - Filling up the DagBag from /home/airflow/.local/lib/python3.7/site-packages/airflow/example_dags/example_sensors.py
[2023-01-03T04:10:42.189+0000] {processor.py:753} INFO - DAG(s) dict_keys(['example_sensors']) retrieved from /home/airflow/.local/lib/python3.7/site-packages/airflow/example_dags/example_sensors.py
[2023-01-03T04:10:42.508+0000] {logging_mixin.py:137} INFO - [2023-01-03T04:10:42.508+0000] {dag.py:2676} INFO - Sync 1 DAGs
[2023-01-03T04:10:42.635+0000] {logging_mixin.py:137} INFO - [2023-01-03T04:10:42.635+0000] {dag.py:3427} INFO - Setting next_dagrun for example_sensors to None, run_after=None
[2023-01-03T04:10:42.737+0000] {processor.py:175} INFO - Processing /home/airflow/.local/lib/python3.7/site-packages/airflow/example_dags/example_sensors.py took 0.705 seconds
[2023-01-03T04:11:13.274+0000] {processor.py:153} INFO - Started process (PID=289) to work on /home/airflow/.local/lib/python3.7/site-packages/airflow/example_dags/example_sensors.py
[2023-01-03T04:11:13.276+0000] {processor.py:743} INFO - Processing file /home/airflow/.local/lib/python3.7/site-packages/airflow/example_dags/example_sensors.py for tasks to queue
[2023-01-03T04:11:13.283+0000] {logging_mixin.py:137} INFO - [2023-01-03T04:11:13.282+0000] {dagbag.py:538} INFO - Filling up the DagBag from /home/airflow/.local/lib/python3.7/site-packages/airflow/example_dags/example_sensors.py
[2023-01-03T04:11:13.317+0000] {processor.py:753} INFO - DAG(s) dict_keys(['example_sensors']) retrieved from /home/airflow/.local/lib/python3.7/site-packages/airflow/example_dags/example_sensors.py
[2023-01-03T04:11:13.388+0000] {logging_mixin.py:137} INFO - [2023-01-03T04:11:13.387+0000] {dag.py:2676} INFO - Sync 1 DAGs
[2023-01-03T04:11:13.443+0000] {logging_mixin.py:137} INFO - [2023-01-03T04:11:13.443+0000] {dag.py:3427} INFO - Setting next_dagrun for example_sensors to None, run_after=None
[2023-01-03T04:11:13.475+0000] {processor.py:175} INFO - Processing /home/airflow/.local/lib/python3.7/site-packages/airflow/example_dags/example_sensors.py took 0.205 seconds
[2023-01-03T04:11:45.869+0000] {processor.py:153} INFO - Started process (PID=350) to work on /home/airflow/.local/lib/python3.7/site-packages/airflow/example_dags/example_sensors.py
[2023-01-03T04:11:45.879+0000] {processor.py:743} INFO - Processing file /home/airflow/.local/lib/python3.7/site-packages/airflow/example_dags/example_sensors.py for tasks to queue
[2023-01-03T04:11:45.883+0000] {logging_mixin.py:137} INFO - [2023-01-03T04:11:45.883+0000] {dagbag.py:538} INFO - Filling up the DagBag from /home/airflow/.local/lib/python3.7/site-packages/airflow/example_dags/example_sensors.py
[2023-01-03T04:11:46.031+0000] {processor.py:753} INFO - DAG(s) dict_keys(['example_sensors']) retrieved from /home/airflow/.local/lib/python3.7/site-packages/airflow/example_dags/example_sensors.py
[2023-01-03T04:11:46.219+0000] {logging_mixin.py:137} INFO - [2023-01-03T04:11:46.219+0000] {dag.py:2676} INFO - Sync 1 DAGs
[2023-01-03T04:11:46.322+0000] {logging_mixin.py:137} INFO - [2023-01-03T04:11:46.321+0000] {dag.py:3427} INFO - Setting next_dagrun for example_sensors to None, run_after=None
[2023-01-03T04:11:46.443+0000] {processor.py:175} INFO - Processing /home/airflow/.local/lib/python3.7/site-packages/airflow/example_dags/example_sensors.py took 0.578 seconds
[2023-01-03T04:13:37.945+0000] {processor.py:153} INFO - Started process (PID=446) to work on /home/airflow/.local/lib/python3.7/site-packages/airflow/example_dags/example_sensors.py
[2023-01-03T04:13:37.958+0000] {processor.py:743} INFO - Processing file /home/airflow/.local/lib/python3.7/site-packages/airflow/example_dags/example_sensors.py for tasks to queue
[2023-01-03T04:13:38.018+0000] {logging_mixin.py:137} INFO - [2023-01-03T04:13:38.018+0000] {dagbag.py:538} INFO - Filling up the DagBag from /home/airflow/.local/lib/python3.7/site-packages/airflow/example_dags/example_sensors.py
[2023-01-03T04:13:38.833+0000] {processor.py:753} INFO - DAG(s) dict_keys(['example_sensors']) retrieved from /home/airflow/.local/lib/python3.7/site-packages/airflow/example_dags/example_sensors.py
[2023-01-03T04:13:39.801+0000] {logging_mixin.py:137} INFO - [2023-01-03T04:13:39.801+0000] {dag.py:2676} INFO - Sync 1 DAGs
[2023-01-03T04:13:40.674+0000] {logging_mixin.py:137} INFO - [2023-01-03T04:13:40.626+0000] {dag.py:3427} INFO - Setting next_dagrun for example_sensors to None, run_after=None
[2023-01-03T04:13:41.243+0000] {processor.py:175} INFO - Processing /home/airflow/.local/lib/python3.7/site-packages/airflow/example_dags/example_sensors.py took 3.354 seconds
