[2023-01-03T03:44:36.291+0000] {processor.py:153} INFO - Started process (PID=77) to work on /home/airflow/.local/lib/python3.7/site-packages/airflow/example_dags/example_external_task_marker_dag.py
[2023-01-03T03:44:36.301+0000] {processor.py:743} INFO - Processing file /home/airflow/.local/lib/python3.7/site-packages/airflow/example_dags/example_external_task_marker_dag.py for tasks to queue
[2023-01-03T03:44:36.302+0000] {logging_mixin.py:137} INFO - [2023-01-03T03:44:36.302+0000] {dagbag.py:538} INFO - Filling up the DagBag from /home/airflow/.local/lib/python3.7/site-packages/airflow/example_dags/example_external_task_marker_dag.py
[2023-01-03T03:44:36.343+0000] {processor.py:753} INFO - DAG(s) dict_keys(['example_external_task_marker_child', 'example_external_task_marker_parent']) retrieved from /home/airflow/.local/lib/python3.7/site-packages/airflow/example_dags/example_external_task_marker_dag.py
[2023-01-03T03:44:36.430+0000] {logging_mixin.py:137} INFO - [2023-01-03T03:44:36.430+0000] {dag.py:2676} INFO - Sync 2 DAGs
[2023-01-03T03:44:36.515+0000] {logging_mixin.py:137} INFO - [2023-01-03T03:44:36.514+0000] {dag.py:3427} INFO - Setting next_dagrun for example_external_task_marker_child to None, run_after=None
[2023-01-03T03:44:36.519+0000] {logging_mixin.py:137} INFO - [2023-01-03T03:44:36.519+0000] {dag.py:3427} INFO - Setting next_dagrun for example_external_task_marker_parent to None, run_after=None
[2023-01-03T03:44:36.596+0000] {processor.py:175} INFO - Processing /home/airflow/.local/lib/python3.7/site-packages/airflow/example_dags/example_external_task_marker_dag.py took 0.308 seconds
[2023-01-03T03:45:07.746+0000] {processor.py:153} INFO - Started process (PID=150) to work on /home/airflow/.local/lib/python3.7/site-packages/airflow/example_dags/example_external_task_marker_dag.py
[2023-01-03T03:45:07.756+0000] {processor.py:743} INFO - Processing file /home/airflow/.local/lib/python3.7/site-packages/airflow/example_dags/example_external_task_marker_dag.py for tasks to queue
[2023-01-03T03:45:07.761+0000] {logging_mixin.py:137} INFO - [2023-01-03T03:45:07.760+0000] {dagbag.py:538} INFO - Filling up the DagBag from /home/airflow/.local/lib/python3.7/site-packages/airflow/example_dags/example_external_task_marker_dag.py
[2023-01-03T03:45:07.823+0000] {processor.py:753} INFO - DAG(s) dict_keys(['example_external_task_marker_child', 'example_external_task_marker_parent']) retrieved from /home/airflow/.local/lib/python3.7/site-packages/airflow/example_dags/example_external_task_marker_dag.py
[2023-01-03T03:45:07.968+0000] {logging_mixin.py:137} INFO - [2023-01-03T03:45:07.965+0000] {dag.py:2676} INFO - Sync 2 DAGs
[2023-01-03T03:45:08.057+0000] {logging_mixin.py:137} INFO - [2023-01-03T03:45:08.057+0000] {dag.py:3427} INFO - Setting next_dagrun for example_external_task_marker_child to None, run_after=None
[2023-01-03T03:45:08.061+0000] {logging_mixin.py:137} INFO - [2023-01-03T03:45:08.061+0000] {dag.py:3427} INFO - Setting next_dagrun for example_external_task_marker_parent to None, run_after=None
[2023-01-03T03:45:08.087+0000] {processor.py:175} INFO - Processing /home/airflow/.local/lib/python3.7/site-packages/airflow/example_dags/example_external_task_marker_dag.py took 0.344 seconds
[2023-01-03T03:45:38.536+0000] {processor.py:153} INFO - Started process (PID=212) to work on /home/airflow/.local/lib/python3.7/site-packages/airflow/example_dags/example_external_task_marker_dag.py
[2023-01-03T03:45:38.540+0000] {processor.py:743} INFO - Processing file /home/airflow/.local/lib/python3.7/site-packages/airflow/example_dags/example_external_task_marker_dag.py for tasks to queue
[2023-01-03T03:45:38.541+0000] {logging_mixin.py:137} INFO - [2023-01-03T03:45:38.541+0000] {dagbag.py:538} INFO - Filling up the DagBag from /home/airflow/.local/lib/python3.7/site-packages/airflow/example_dags/example_external_task_marker_dag.py
[2023-01-03T03:45:38.601+0000] {processor.py:753} INFO - DAG(s) dict_keys(['example_external_task_marker_child', 'example_external_task_marker_parent']) retrieved from /home/airflow/.local/lib/python3.7/site-packages/airflow/example_dags/example_external_task_marker_dag.py
[2023-01-03T03:45:38.678+0000] {logging_mixin.py:137} INFO - [2023-01-03T03:45:38.677+0000] {dag.py:2676} INFO - Sync 2 DAGs
[2023-01-03T03:45:38.709+0000] {logging_mixin.py:137} INFO - [2023-01-03T03:45:38.708+0000] {dag.py:3427} INFO - Setting next_dagrun for example_external_task_marker_child to None, run_after=None
[2023-01-03T03:45:38.713+0000] {logging_mixin.py:137} INFO - [2023-01-03T03:45:38.713+0000] {dag.py:3427} INFO - Setting next_dagrun for example_external_task_marker_parent to None, run_after=None
[2023-01-03T03:45:38.736+0000] {processor.py:175} INFO - Processing /home/airflow/.local/lib/python3.7/site-packages/airflow/example_dags/example_external_task_marker_dag.py took 0.206 seconds
[2023-01-03T03:46:09.684+0000] {processor.py:153} INFO - Started process (PID=275) to work on /home/airflow/.local/lib/python3.7/site-packages/airflow/example_dags/example_external_task_marker_dag.py
[2023-01-03T03:46:09.690+0000] {processor.py:743} INFO - Processing file /home/airflow/.local/lib/python3.7/site-packages/airflow/example_dags/example_external_task_marker_dag.py for tasks to queue
[2023-01-03T03:46:09.691+0000] {logging_mixin.py:137} INFO - [2023-01-03T03:46:09.691+0000] {dagbag.py:538} INFO - Filling up the DagBag from /home/airflow/.local/lib/python3.7/site-packages/airflow/example_dags/example_external_task_marker_dag.py
[2023-01-03T03:46:09.718+0000] {processor.py:753} INFO - DAG(s) dict_keys(['example_external_task_marker_parent', 'example_external_task_marker_child']) retrieved from /home/airflow/.local/lib/python3.7/site-packages/airflow/example_dags/example_external_task_marker_dag.py
[2023-01-03T03:46:09.838+0000] {logging_mixin.py:137} INFO - [2023-01-03T03:46:09.838+0000] {dag.py:2676} INFO - Sync 2 DAGs
[2023-01-03T03:46:09.881+0000] {logging_mixin.py:137} INFO - [2023-01-03T03:46:09.881+0000] {dag.py:3427} INFO - Setting next_dagrun for example_external_task_marker_child to None, run_after=None
[2023-01-03T03:46:09.892+0000] {logging_mixin.py:137} INFO - [2023-01-03T03:46:09.892+0000] {dag.py:3427} INFO - Setting next_dagrun for example_external_task_marker_parent to None, run_after=None
[2023-01-03T03:46:09.937+0000] {processor.py:175} INFO - Processing /home/airflow/.local/lib/python3.7/site-packages/airflow/example_dags/example_external_task_marker_dag.py took 0.260 seconds
[2023-01-03T03:46:41.241+0000] {processor.py:153} INFO - Started process (PID=345) to work on /home/airflow/.local/lib/python3.7/site-packages/airflow/example_dags/example_external_task_marker_dag.py
[2023-01-03T03:46:41.243+0000] {processor.py:743} INFO - Processing file /home/airflow/.local/lib/python3.7/site-packages/airflow/example_dags/example_external_task_marker_dag.py for tasks to queue
[2023-01-03T03:46:41.247+0000] {logging_mixin.py:137} INFO - [2023-01-03T03:46:41.247+0000] {dagbag.py:538} INFO - Filling up the DagBag from /home/airflow/.local/lib/python3.7/site-packages/airflow/example_dags/example_external_task_marker_dag.py
[2023-01-03T03:46:41.281+0000] {processor.py:753} INFO - DAG(s) dict_keys(['example_external_task_marker_child', 'example_external_task_marker_parent']) retrieved from /home/airflow/.local/lib/python3.7/site-packages/airflow/example_dags/example_external_task_marker_dag.py
[2023-01-03T03:46:41.407+0000] {logging_mixin.py:137} INFO - [2023-01-03T03:46:41.391+0000] {dag.py:2676} INFO - Sync 2 DAGs
[2023-01-03T03:46:41.438+0000] {logging_mixin.py:137} INFO - [2023-01-03T03:46:41.438+0000] {dag.py:3427} INFO - Setting next_dagrun for example_external_task_marker_child to None, run_after=None
[2023-01-03T03:46:41.450+0000] {logging_mixin.py:137} INFO - [2023-01-03T03:46:41.450+0000] {dag.py:3427} INFO - Setting next_dagrun for example_external_task_marker_parent to None, run_after=None
[2023-01-03T03:46:41.486+0000] {processor.py:175} INFO - Processing /home/airflow/.local/lib/python3.7/site-packages/airflow/example_dags/example_external_task_marker_dag.py took 0.248 seconds
[2023-01-03T03:47:12.555+0000] {processor.py:153} INFO - Started process (PID=410) to work on /home/airflow/.local/lib/python3.7/site-packages/airflow/example_dags/example_external_task_marker_dag.py
[2023-01-03T03:47:12.557+0000] {processor.py:743} INFO - Processing file /home/airflow/.local/lib/python3.7/site-packages/airflow/example_dags/example_external_task_marker_dag.py for tasks to queue
[2023-01-03T03:47:12.558+0000] {logging_mixin.py:137} INFO - [2023-01-03T03:47:12.558+0000] {dagbag.py:538} INFO - Filling up the DagBag from /home/airflow/.local/lib/python3.7/site-packages/airflow/example_dags/example_external_task_marker_dag.py
[2023-01-03T03:47:12.582+0000] {processor.py:753} INFO - DAG(s) dict_keys(['example_external_task_marker_child', 'example_external_task_marker_parent']) retrieved from /home/airflow/.local/lib/python3.7/site-packages/airflow/example_dags/example_external_task_marker_dag.py
[2023-01-03T03:47:12.659+0000] {logging_mixin.py:137} INFO - [2023-01-03T03:47:12.659+0000] {dag.py:2676} INFO - Sync 2 DAGs
[2023-01-03T03:47:12.686+0000] {logging_mixin.py:137} INFO - [2023-01-03T03:47:12.686+0000] {dag.py:3427} INFO - Setting next_dagrun for example_external_task_marker_child to None, run_after=None
[2023-01-03T03:47:12.690+0000] {logging_mixin.py:137} INFO - [2023-01-03T03:47:12.690+0000] {dag.py:3427} INFO - Setting next_dagrun for example_external_task_marker_parent to None, run_after=None
[2023-01-03T03:47:12.714+0000] {processor.py:175} INFO - Processing /home/airflow/.local/lib/python3.7/site-packages/airflow/example_dags/example_external_task_marker_dag.py took 0.171 seconds
[2023-01-03T03:47:43.794+0000] {processor.py:153} INFO - Started process (PID=472) to work on /home/airflow/.local/lib/python3.7/site-packages/airflow/example_dags/example_external_task_marker_dag.py
[2023-01-03T03:47:43.805+0000] {processor.py:743} INFO - Processing file /home/airflow/.local/lib/python3.7/site-packages/airflow/example_dags/example_external_task_marker_dag.py for tasks to queue
[2023-01-03T03:47:43.824+0000] {logging_mixin.py:137} INFO - [2023-01-03T03:47:43.823+0000] {dagbag.py:538} INFO - Filling up the DagBag from /home/airflow/.local/lib/python3.7/site-packages/airflow/example_dags/example_external_task_marker_dag.py
[2023-01-03T03:47:43.984+0000] {processor.py:753} INFO - DAG(s) dict_keys(['example_external_task_marker_child', 'example_external_task_marker_parent']) retrieved from /home/airflow/.local/lib/python3.7/site-packages/airflow/example_dags/example_external_task_marker_dag.py
[2023-01-03T03:47:44.191+0000] {logging_mixin.py:137} INFO - [2023-01-03T03:47:44.191+0000] {dag.py:2676} INFO - Sync 2 DAGs
[2023-01-03T03:47:44.333+0000] {logging_mixin.py:137} INFO - [2023-01-03T03:47:44.333+0000] {dag.py:3427} INFO - Setting next_dagrun for example_external_task_marker_child to None, run_after=None
[2023-01-03T03:47:44.341+0000] {logging_mixin.py:137} INFO - [2023-01-03T03:47:44.341+0000] {dag.py:3427} INFO - Setting next_dagrun for example_external_task_marker_parent to None, run_after=None
[2023-01-03T03:47:44.393+0000] {processor.py:175} INFO - Processing /home/airflow/.local/lib/python3.7/site-packages/airflow/example_dags/example_external_task_marker_dag.py took 0.607 seconds
[2023-01-03T03:48:15.481+0000] {processor.py:153} INFO - Started process (PID=522) to work on /home/airflow/.local/lib/python3.7/site-packages/airflow/example_dags/example_external_task_marker_dag.py
[2023-01-03T03:48:15.485+0000] {processor.py:743} INFO - Processing file /home/airflow/.local/lib/python3.7/site-packages/airflow/example_dags/example_external_task_marker_dag.py for tasks to queue
[2023-01-03T03:48:15.486+0000] {logging_mixin.py:137} INFO - [2023-01-03T03:48:15.486+0000] {dagbag.py:538} INFO - Filling up the DagBag from /home/airflow/.local/lib/python3.7/site-packages/airflow/example_dags/example_external_task_marker_dag.py
[2023-01-03T03:48:15.534+0000] {processor.py:753} INFO - DAG(s) dict_keys(['example_external_task_marker_child', 'example_external_task_marker_parent']) retrieved from /home/airflow/.local/lib/python3.7/site-packages/airflow/example_dags/example_external_task_marker_dag.py
[2023-01-03T03:48:15.720+0000] {logging_mixin.py:137} INFO - [2023-01-03T03:48:15.719+0000] {dag.py:2676} INFO - Sync 2 DAGs
[2023-01-03T03:48:15.762+0000] {logging_mixin.py:137} INFO - [2023-01-03T03:48:15.762+0000] {dag.py:3427} INFO - Setting next_dagrun for example_external_task_marker_child to None, run_after=None
[2023-01-03T03:48:15.773+0000] {logging_mixin.py:137} INFO - [2023-01-03T03:48:15.772+0000] {dag.py:3427} INFO - Setting next_dagrun for example_external_task_marker_parent to None, run_after=None
[2023-01-03T03:48:15.860+0000] {processor.py:175} INFO - Processing /home/airflow/.local/lib/python3.7/site-packages/airflow/example_dags/example_external_task_marker_dag.py took 0.383 seconds
[2023-01-03T03:48:46.042+0000] {processor.py:153} INFO - Started process (PID=584) to work on /home/airflow/.local/lib/python3.7/site-packages/airflow/example_dags/example_external_task_marker_dag.py
[2023-01-03T03:48:46.043+0000] {processor.py:743} INFO - Processing file /home/airflow/.local/lib/python3.7/site-packages/airflow/example_dags/example_external_task_marker_dag.py for tasks to queue
[2023-01-03T03:48:46.044+0000] {logging_mixin.py:137} INFO - [2023-01-03T03:48:46.044+0000] {dagbag.py:538} INFO - Filling up the DagBag from /home/airflow/.local/lib/python3.7/site-packages/airflow/example_dags/example_external_task_marker_dag.py
[2023-01-03T03:48:46.057+0000] {processor.py:753} INFO - DAG(s) dict_keys(['example_external_task_marker_parent', 'example_external_task_marker_child']) retrieved from /home/airflow/.local/lib/python3.7/site-packages/airflow/example_dags/example_external_task_marker_dag.py
[2023-01-03T03:48:46.111+0000] {logging_mixin.py:137} INFO - [2023-01-03T03:48:46.111+0000] {dag.py:2676} INFO - Sync 2 DAGs
[2023-01-03T03:48:46.137+0000] {logging_mixin.py:137} INFO - [2023-01-03T03:48:46.137+0000] {dag.py:3427} INFO - Setting next_dagrun for example_external_task_marker_child to None, run_after=None
[2023-01-03T03:48:46.140+0000] {logging_mixin.py:137} INFO - [2023-01-03T03:48:46.140+0000] {dag.py:3427} INFO - Setting next_dagrun for example_external_task_marker_parent to None, run_after=None
[2023-01-03T03:48:46.156+0000] {processor.py:175} INFO - Processing /home/airflow/.local/lib/python3.7/site-packages/airflow/example_dags/example_external_task_marker_dag.py took 0.120 seconds
[2023-01-03T03:49:16.845+0000] {processor.py:153} INFO - Started process (PID=646) to work on /home/airflow/.local/lib/python3.7/site-packages/airflow/example_dags/example_external_task_marker_dag.py
[2023-01-03T03:49:16.849+0000] {processor.py:743} INFO - Processing file /home/airflow/.local/lib/python3.7/site-packages/airflow/example_dags/example_external_task_marker_dag.py for tasks to queue
[2023-01-03T03:49:16.850+0000] {logging_mixin.py:137} INFO - [2023-01-03T03:49:16.850+0000] {dagbag.py:538} INFO - Filling up the DagBag from /home/airflow/.local/lib/python3.7/site-packages/airflow/example_dags/example_external_task_marker_dag.py
[2023-01-03T03:49:16.877+0000] {processor.py:753} INFO - DAG(s) dict_keys(['example_external_task_marker_parent', 'example_external_task_marker_child']) retrieved from /home/airflow/.local/lib/python3.7/site-packages/airflow/example_dags/example_external_task_marker_dag.py
[2023-01-03T03:49:16.953+0000] {logging_mixin.py:137} INFO - [2023-01-03T03:49:16.953+0000] {dag.py:2676} INFO - Sync 2 DAGs
[2023-01-03T03:49:16.991+0000] {logging_mixin.py:137} INFO - [2023-01-03T03:49:16.991+0000] {dag.py:3427} INFO - Setting next_dagrun for example_external_task_marker_child to None, run_after=None
[2023-01-03T03:49:17.001+0000] {logging_mixin.py:137} INFO - [2023-01-03T03:49:17.001+0000] {dag.py:3427} INFO - Setting next_dagrun for example_external_task_marker_parent to None, run_after=None
[2023-01-03T03:49:17.046+0000] {processor.py:175} INFO - Processing /home/airflow/.local/lib/python3.7/site-packages/airflow/example_dags/example_external_task_marker_dag.py took 0.204 seconds
[2023-01-03T03:49:48.307+0000] {processor.py:153} INFO - Started process (PID=720) to work on /home/airflow/.local/lib/python3.7/site-packages/airflow/example_dags/example_external_task_marker_dag.py
[2023-01-03T03:49:48.312+0000] {processor.py:743} INFO - Processing file /home/airflow/.local/lib/python3.7/site-packages/airflow/example_dags/example_external_task_marker_dag.py for tasks to queue
[2023-01-03T03:49:48.313+0000] {logging_mixin.py:137} INFO - [2023-01-03T03:49:48.313+0000] {dagbag.py:538} INFO - Filling up the DagBag from /home/airflow/.local/lib/python3.7/site-packages/airflow/example_dags/example_external_task_marker_dag.py
[2023-01-03T03:49:48.343+0000] {processor.py:753} INFO - DAG(s) dict_keys(['example_external_task_marker_child', 'example_external_task_marker_parent']) retrieved from /home/airflow/.local/lib/python3.7/site-packages/airflow/example_dags/example_external_task_marker_dag.py
[2023-01-03T03:49:48.448+0000] {logging_mixin.py:137} INFO - [2023-01-03T03:49:48.447+0000] {dag.py:2676} INFO - Sync 2 DAGs
[2023-01-03T03:49:48.502+0000] {logging_mixin.py:137} INFO - [2023-01-03T03:49:48.501+0000] {dag.py:3427} INFO - Setting next_dagrun for example_external_task_marker_child to None, run_after=None
[2023-01-03T03:49:48.507+0000] {logging_mixin.py:137} INFO - [2023-01-03T03:49:48.507+0000] {dag.py:3427} INFO - Setting next_dagrun for example_external_task_marker_parent to None, run_after=None
[2023-01-03T03:49:48.547+0000] {processor.py:175} INFO - Processing /home/airflow/.local/lib/python3.7/site-packages/airflow/example_dags/example_external_task_marker_dag.py took 0.242 seconds
[2023-01-03T03:50:19.598+0000] {processor.py:153} INFO - Started process (PID=782) to work on /home/airflow/.local/lib/python3.7/site-packages/airflow/example_dags/example_external_task_marker_dag.py
[2023-01-03T03:50:19.599+0000] {processor.py:743} INFO - Processing file /home/airflow/.local/lib/python3.7/site-packages/airflow/example_dags/example_external_task_marker_dag.py for tasks to queue
[2023-01-03T03:50:19.600+0000] {logging_mixin.py:137} INFO - [2023-01-03T03:50:19.600+0000] {dagbag.py:538} INFO - Filling up the DagBag from /home/airflow/.local/lib/python3.7/site-packages/airflow/example_dags/example_external_task_marker_dag.py
[2023-01-03T03:50:19.672+0000] {processor.py:753} INFO - DAG(s) dict_keys(['example_external_task_marker_child', 'example_external_task_marker_parent']) retrieved from /home/airflow/.local/lib/python3.7/site-packages/airflow/example_dags/example_external_task_marker_dag.py
[2023-01-03T03:50:19.817+0000] {logging_mixin.py:137} INFO - [2023-01-03T03:50:19.817+0000] {dag.py:2676} INFO - Sync 2 DAGs
[2023-01-03T03:50:19.892+0000] {logging_mixin.py:137} INFO - [2023-01-03T03:50:19.892+0000] {dag.py:3427} INFO - Setting next_dagrun for example_external_task_marker_child to None, run_after=None
[2023-01-03T03:50:19.901+0000] {logging_mixin.py:137} INFO - [2023-01-03T03:50:19.901+0000] {dag.py:3427} INFO - Setting next_dagrun for example_external_task_marker_parent to None, run_after=None
[2023-01-03T03:50:19.938+0000] {processor.py:175} INFO - Processing /home/airflow/.local/lib/python3.7/site-packages/airflow/example_dags/example_external_task_marker_dag.py took 0.351 seconds
[2023-01-03T03:50:50.244+0000] {processor.py:153} INFO - Started process (PID=839) to work on /home/airflow/.local/lib/python3.7/site-packages/airflow/example_dags/example_external_task_marker_dag.py
[2023-01-03T03:50:50.245+0000] {processor.py:743} INFO - Processing file /home/airflow/.local/lib/python3.7/site-packages/airflow/example_dags/example_external_task_marker_dag.py for tasks to queue
[2023-01-03T03:50:50.246+0000] {logging_mixin.py:137} INFO - [2023-01-03T03:50:50.246+0000] {dagbag.py:538} INFO - Filling up the DagBag from /home/airflow/.local/lib/python3.7/site-packages/airflow/example_dags/example_external_task_marker_dag.py
[2023-01-03T03:50:50.272+0000] {processor.py:753} INFO - DAG(s) dict_keys(['example_external_task_marker_parent', 'example_external_task_marker_child']) retrieved from /home/airflow/.local/lib/python3.7/site-packages/airflow/example_dags/example_external_task_marker_dag.py
[2023-01-03T03:50:50.344+0000] {logging_mixin.py:137} INFO - [2023-01-03T03:50:50.343+0000] {dag.py:2676} INFO - Sync 2 DAGs
[2023-01-03T03:50:50.379+0000] {logging_mixin.py:137} INFO - [2023-01-03T03:50:50.378+0000] {dag.py:3427} INFO - Setting next_dagrun for example_external_task_marker_child to None, run_after=None
[2023-01-03T03:50:50.382+0000] {logging_mixin.py:137} INFO - [2023-01-03T03:50:50.382+0000] {dag.py:3427} INFO - Setting next_dagrun for example_external_task_marker_parent to None, run_after=None
[2023-01-03T03:50:50.408+0000] {processor.py:175} INFO - Processing /home/airflow/.local/lib/python3.7/site-packages/airflow/example_dags/example_external_task_marker_dag.py took 0.173 seconds
[2023-01-03T03:51:21.719+0000] {processor.py:153} INFO - Started process (PID=907) to work on /home/airflow/.local/lib/python3.7/site-packages/airflow/example_dags/example_external_task_marker_dag.py
[2023-01-03T03:51:21.729+0000] {processor.py:743} INFO - Processing file /home/airflow/.local/lib/python3.7/site-packages/airflow/example_dags/example_external_task_marker_dag.py for tasks to queue
[2023-01-03T03:51:21.730+0000] {logging_mixin.py:137} INFO - [2023-01-03T03:51:21.730+0000] {dagbag.py:538} INFO - Filling up the DagBag from /home/airflow/.local/lib/python3.7/site-packages/airflow/example_dags/example_external_task_marker_dag.py
[2023-01-03T03:51:21.784+0000] {processor.py:753} INFO - DAG(s) dict_keys(['example_external_task_marker_child', 'example_external_task_marker_parent']) retrieved from /home/airflow/.local/lib/python3.7/site-packages/airflow/example_dags/example_external_task_marker_dag.py
[2023-01-03T03:51:21.943+0000] {logging_mixin.py:137} INFO - [2023-01-03T03:51:21.942+0000] {dag.py:2676} INFO - Sync 2 DAGs
[2023-01-03T03:51:22.022+0000] {logging_mixin.py:137} INFO - [2023-01-03T03:51:22.022+0000] {dag.py:3427} INFO - Setting next_dagrun for example_external_task_marker_child to None, run_after=None
[2023-01-03T03:51:22.026+0000] {logging_mixin.py:137} INFO - [2023-01-03T03:51:22.026+0000] {dag.py:3427} INFO - Setting next_dagrun for example_external_task_marker_parent to None, run_after=None
[2023-01-03T03:51:22.083+0000] {processor.py:175} INFO - Processing /home/airflow/.local/lib/python3.7/site-packages/airflow/example_dags/example_external_task_marker_dag.py took 0.367 seconds
[2023-01-03T03:51:53.271+0000] {processor.py:153} INFO - Started process (PID=969) to work on /home/airflow/.local/lib/python3.7/site-packages/airflow/example_dags/example_external_task_marker_dag.py
[2023-01-03T03:51:53.275+0000] {processor.py:743} INFO - Processing file /home/airflow/.local/lib/python3.7/site-packages/airflow/example_dags/example_external_task_marker_dag.py for tasks to queue
[2023-01-03T03:51:53.276+0000] {logging_mixin.py:137} INFO - [2023-01-03T03:51:53.276+0000] {dagbag.py:538} INFO - Filling up the DagBag from /home/airflow/.local/lib/python3.7/site-packages/airflow/example_dags/example_external_task_marker_dag.py
[2023-01-03T03:51:53.313+0000] {processor.py:753} INFO - DAG(s) dict_keys(['example_external_task_marker_parent', 'example_external_task_marker_child']) retrieved from /home/airflow/.local/lib/python3.7/site-packages/airflow/example_dags/example_external_task_marker_dag.py
[2023-01-03T03:51:53.630+0000] {logging_mixin.py:137} INFO - [2023-01-03T03:51:53.627+0000] {dag.py:2676} INFO - Sync 2 DAGs
[2023-01-03T03:51:53.735+0000] {logging_mixin.py:137} INFO - [2023-01-03T03:51:53.735+0000] {dag.py:3427} INFO - Setting next_dagrun for example_external_task_marker_child to None, run_after=None
[2023-01-03T03:51:53.755+0000] {logging_mixin.py:137} INFO - [2023-01-03T03:51:53.754+0000] {dag.py:3427} INFO - Setting next_dagrun for example_external_task_marker_parent to None, run_after=None
[2023-01-03T03:51:53.819+0000] {processor.py:175} INFO - Processing /home/airflow/.local/lib/python3.7/site-packages/airflow/example_dags/example_external_task_marker_dag.py took 0.553 seconds
[2023-01-03T03:52:24.416+0000] {processor.py:153} INFO - Started process (PID=1018) to work on /home/airflow/.local/lib/python3.7/site-packages/airflow/example_dags/example_external_task_marker_dag.py
[2023-01-03T03:52:24.421+0000] {processor.py:743} INFO - Processing file /home/airflow/.local/lib/python3.7/site-packages/airflow/example_dags/example_external_task_marker_dag.py for tasks to queue
[2023-01-03T03:52:24.422+0000] {logging_mixin.py:137} INFO - [2023-01-03T03:52:24.422+0000] {dagbag.py:538} INFO - Filling up the DagBag from /home/airflow/.local/lib/python3.7/site-packages/airflow/example_dags/example_external_task_marker_dag.py
[2023-01-03T03:52:24.455+0000] {processor.py:753} INFO - DAG(s) dict_keys(['example_external_task_marker_child', 'example_external_task_marker_parent']) retrieved from /home/airflow/.local/lib/python3.7/site-packages/airflow/example_dags/example_external_task_marker_dag.py
[2023-01-03T03:52:24.549+0000] {logging_mixin.py:137} INFO - [2023-01-03T03:52:24.549+0000] {dag.py:2676} INFO - Sync 2 DAGs
[2023-01-03T03:52:24.594+0000] {logging_mixin.py:137} INFO - [2023-01-03T03:52:24.594+0000] {dag.py:3427} INFO - Setting next_dagrun for example_external_task_marker_child to None, run_after=None
[2023-01-03T03:52:24.600+0000] {logging_mixin.py:137} INFO - [2023-01-03T03:52:24.600+0000] {dag.py:3427} INFO - Setting next_dagrun for example_external_task_marker_parent to None, run_after=None
[2023-01-03T03:52:24.622+0000] {processor.py:175} INFO - Processing /home/airflow/.local/lib/python3.7/site-packages/airflow/example_dags/example_external_task_marker_dag.py took 0.208 seconds
[2023-01-03T03:53:03.771+0000] {processor.py:153} INFO - Started process (PID=1082) to work on /home/airflow/.local/lib/python3.7/site-packages/airflow/example_dags/example_external_task_marker_dag.py
[2023-01-03T03:53:03.784+0000] {processor.py:743} INFO - Processing file /home/airflow/.local/lib/python3.7/site-packages/airflow/example_dags/example_external_task_marker_dag.py for tasks to queue
[2023-01-03T03:53:03.785+0000] {logging_mixin.py:137} INFO - [2023-01-03T03:53:03.785+0000] {dagbag.py:538} INFO - Filling up the DagBag from /home/airflow/.local/lib/python3.7/site-packages/airflow/example_dags/example_external_task_marker_dag.py
[2023-01-03T03:53:03.895+0000] {processor.py:753} INFO - DAG(s) dict_keys(['example_external_task_marker_parent', 'example_external_task_marker_child']) retrieved from /home/airflow/.local/lib/python3.7/site-packages/airflow/example_dags/example_external_task_marker_dag.py
[2023-01-03T03:53:04.064+0000] {logging_mixin.py:137} INFO - [2023-01-03T03:53:04.063+0000] {dag.py:2676} INFO - Sync 2 DAGs
[2023-01-03T03:53:04.180+0000] {logging_mixin.py:137} INFO - [2023-01-03T03:53:04.178+0000] {dag.py:3427} INFO - Setting next_dagrun for example_external_task_marker_child to None, run_after=None
[2023-01-03T03:53:04.190+0000] {logging_mixin.py:137} INFO - [2023-01-03T03:53:04.190+0000] {dag.py:3427} INFO - Setting next_dagrun for example_external_task_marker_parent to None, run_after=None
[2023-01-03T03:53:04.251+0000] {processor.py:175} INFO - Processing /home/airflow/.local/lib/python3.7/site-packages/airflow/example_dags/example_external_task_marker_dag.py took 0.484 seconds
[2023-01-03T03:53:48.341+0000] {processor.py:153} INFO - Started process (PID=1132) to work on /home/airflow/.local/lib/python3.7/site-packages/airflow/example_dags/example_external_task_marker_dag.py
[2023-01-03T03:53:48.347+0000] {processor.py:743} INFO - Processing file /home/airflow/.local/lib/python3.7/site-packages/airflow/example_dags/example_external_task_marker_dag.py for tasks to queue
[2023-01-03T03:53:48.365+0000] {logging_mixin.py:137} INFO - [2023-01-03T03:53:48.365+0000] {dagbag.py:538} INFO - Filling up the DagBag from /home/airflow/.local/lib/python3.7/site-packages/airflow/example_dags/example_external_task_marker_dag.py
[2023-01-03T03:53:48.418+0000] {processor.py:753} INFO - DAG(s) dict_keys(['example_external_task_marker_parent', 'example_external_task_marker_child']) retrieved from /home/airflow/.local/lib/python3.7/site-packages/airflow/example_dags/example_external_task_marker_dag.py
[2023-01-03T03:53:48.476+0000] {logging_mixin.py:137} INFO - [2023-01-03T03:53:48.475+0000] {dag.py:2676} INFO - Sync 2 DAGs
[2023-01-03T03:53:48.497+0000] {logging_mixin.py:137} INFO - [2023-01-03T03:53:48.497+0000] {dag.py:3427} INFO - Setting next_dagrun for example_external_task_marker_child to None, run_after=None
[2023-01-03T03:53:48.500+0000] {logging_mixin.py:137} INFO - [2023-01-03T03:53:48.500+0000] {dag.py:3427} INFO - Setting next_dagrun for example_external_task_marker_parent to None, run_after=None
[2023-01-03T03:53:48.517+0000] {processor.py:175} INFO - Processing /home/airflow/.local/lib/python3.7/site-packages/airflow/example_dags/example_external_task_marker_dag.py took 0.178 seconds
[2023-01-03T03:54:21.484+0000] {processor.py:153} INFO - Started process (PID=1194) to work on /home/airflow/.local/lib/python3.7/site-packages/airflow/example_dags/example_external_task_marker_dag.py
[2023-01-03T03:54:21.485+0000] {processor.py:743} INFO - Processing file /home/airflow/.local/lib/python3.7/site-packages/airflow/example_dags/example_external_task_marker_dag.py for tasks to queue
[2023-01-03T03:54:21.487+0000] {logging_mixin.py:137} INFO - [2023-01-03T03:54:21.487+0000] {dagbag.py:538} INFO - Filling up the DagBag from /home/airflow/.local/lib/python3.7/site-packages/airflow/example_dags/example_external_task_marker_dag.py
[2023-01-03T03:54:21.521+0000] {processor.py:753} INFO - DAG(s) dict_keys(['example_external_task_marker_parent', 'example_external_task_marker_child']) retrieved from /home/airflow/.local/lib/python3.7/site-packages/airflow/example_dags/example_external_task_marker_dag.py
[2023-01-03T03:54:21.617+0000] {logging_mixin.py:137} INFO - [2023-01-03T03:54:21.616+0000] {dag.py:2676} INFO - Sync 2 DAGs
[2023-01-03T03:54:21.655+0000] {logging_mixin.py:137} INFO - [2023-01-03T03:54:21.654+0000] {dag.py:3427} INFO - Setting next_dagrun for example_external_task_marker_child to None, run_after=None
[2023-01-03T03:54:21.670+0000] {logging_mixin.py:137} INFO - [2023-01-03T03:54:21.670+0000] {dag.py:3427} INFO - Setting next_dagrun for example_external_task_marker_parent to None, run_after=None
[2023-01-03T03:54:21.728+0000] {processor.py:175} INFO - Processing /home/airflow/.local/lib/python3.7/site-packages/airflow/example_dags/example_external_task_marker_dag.py took 0.247 seconds
[2023-01-03T03:58:09.373+0000] {processor.py:153} INFO - Started process (PID=1347) to work on /home/airflow/.local/lib/python3.7/site-packages/airflow/example_dags/example_external_task_marker_dag.py
[2023-01-03T03:58:09.455+0000] {processor.py:743} INFO - Processing file /home/airflow/.local/lib/python3.7/site-packages/airflow/example_dags/example_external_task_marker_dag.py for tasks to queue
[2023-01-03T03:58:09.541+0000] {logging_mixin.py:137} INFO - [2023-01-03T03:58:09.485+0000] {dagbag.py:538} INFO - Filling up the DagBag from /home/airflow/.local/lib/python3.7/site-packages/airflow/example_dags/example_external_task_marker_dag.py
[2023-01-03T03:58:25.069+0000] {processor.py:753} INFO - DAG(s) dict_keys(['example_external_task_marker_parent', 'example_external_task_marker_child']) retrieved from /home/airflow/.local/lib/python3.7/site-packages/airflow/example_dags/example_external_task_marker_dag.py
[2023-01-03T03:58:44.651+0000] {logging_mixin.py:137} INFO - [2023-01-03T03:58:44.650+0000] {dag.py:2676} INFO - Sync 2 DAGs
[2023-01-03T03:58:47.399+0000] {logging_mixin.py:137} INFO - [2023-01-03T03:58:47.398+0000] {dag.py:3427} INFO - Setting next_dagrun for example_external_task_marker_child to None, run_after=None
[2023-01-03T03:58:47.562+0000] {logging_mixin.py:137} INFO - [2023-01-03T03:58:47.562+0000] {dag.py:3427} INFO - Setting next_dagrun for example_external_task_marker_parent to None, run_after=None
[2023-01-03T03:58:48.693+0000] {processor.py:175} INFO - Processing /home/airflow/.local/lib/python3.7/site-packages/airflow/example_dags/example_external_task_marker_dag.py took 39.377 seconds
[2023-01-03T04:09:32.450+0000] {processor.py:153} INFO - Started process (PID=112) to work on /home/airflow/.local/lib/python3.7/site-packages/airflow/example_dags/example_external_task_marker_dag.py
[2023-01-03T04:09:32.460+0000] {processor.py:743} INFO - Processing file /home/airflow/.local/lib/python3.7/site-packages/airflow/example_dags/example_external_task_marker_dag.py for tasks to queue
[2023-01-03T04:09:32.463+0000] {logging_mixin.py:137} INFO - [2023-01-03T04:09:32.463+0000] {dagbag.py:538} INFO - Filling up the DagBag from /home/airflow/.local/lib/python3.7/site-packages/airflow/example_dags/example_external_task_marker_dag.py
[2023-01-03T04:09:32.555+0000] {processor.py:753} INFO - DAG(s) dict_keys(['example_external_task_marker_parent', 'example_external_task_marker_child']) retrieved from /home/airflow/.local/lib/python3.7/site-packages/airflow/example_dags/example_external_task_marker_dag.py
[2023-01-03T04:09:32.759+0000] {logging_mixin.py:137} INFO - [2023-01-03T04:09:32.759+0000] {dag.py:2676} INFO - Sync 2 DAGs
[2023-01-03T04:09:32.866+0000] {logging_mixin.py:137} INFO - [2023-01-03T04:09:32.866+0000] {dag.py:3427} INFO - Setting next_dagrun for example_external_task_marker_child to None, run_after=None
[2023-01-03T04:09:32.902+0000] {logging_mixin.py:137} INFO - [2023-01-03T04:09:32.902+0000] {dag.py:3427} INFO - Setting next_dagrun for example_external_task_marker_parent to None, run_after=None
[2023-01-03T04:09:32.943+0000] {processor.py:175} INFO - Processing /home/airflow/.local/lib/python3.7/site-packages/airflow/example_dags/example_external_task_marker_dag.py took 0.508 seconds
[2023-01-03T04:10:03.589+0000] {processor.py:153} INFO - Started process (PID=174) to work on /home/airflow/.local/lib/python3.7/site-packages/airflow/example_dags/example_external_task_marker_dag.py
[2023-01-03T04:10:03.596+0000] {processor.py:743} INFO - Processing file /home/airflow/.local/lib/python3.7/site-packages/airflow/example_dags/example_external_task_marker_dag.py for tasks to queue
[2023-01-03T04:10:03.598+0000] {logging_mixin.py:137} INFO - [2023-01-03T04:10:03.597+0000] {dagbag.py:538} INFO - Filling up the DagBag from /home/airflow/.local/lib/python3.7/site-packages/airflow/example_dags/example_external_task_marker_dag.py
[2023-01-03T04:10:03.640+0000] {processor.py:753} INFO - DAG(s) dict_keys(['example_external_task_marker_child', 'example_external_task_marker_parent']) retrieved from /home/airflow/.local/lib/python3.7/site-packages/airflow/example_dags/example_external_task_marker_dag.py
[2023-01-03T04:10:03.809+0000] {logging_mixin.py:137} INFO - [2023-01-03T04:10:03.809+0000] {dag.py:2676} INFO - Sync 2 DAGs
[2023-01-03T04:10:03.883+0000] {logging_mixin.py:137} INFO - [2023-01-03T04:10:03.883+0000] {dag.py:3427} INFO - Setting next_dagrun for example_external_task_marker_child to None, run_after=None
[2023-01-03T04:10:03.921+0000] {logging_mixin.py:137} INFO - [2023-01-03T04:10:03.921+0000] {dag.py:3427} INFO - Setting next_dagrun for example_external_task_marker_parent to None, run_after=None
[2023-01-03T04:10:03.976+0000] {processor.py:175} INFO - Processing /home/airflow/.local/lib/python3.7/site-packages/airflow/example_dags/example_external_task_marker_dag.py took 0.397 seconds
[2023-01-03T04:10:45.813+0000] {processor.py:153} INFO - Started process (PID=245) to work on /home/airflow/.local/lib/python3.7/site-packages/airflow/example_dags/example_external_task_marker_dag.py
[2023-01-03T04:10:45.815+0000] {processor.py:743} INFO - Processing file /home/airflow/.local/lib/python3.7/site-packages/airflow/example_dags/example_external_task_marker_dag.py for tasks to queue
[2023-01-03T04:10:45.816+0000] {logging_mixin.py:137} INFO - [2023-01-03T04:10:45.816+0000] {dagbag.py:538} INFO - Filling up the DagBag from /home/airflow/.local/lib/python3.7/site-packages/airflow/example_dags/example_external_task_marker_dag.py
[2023-01-03T04:10:45.875+0000] {processor.py:753} INFO - DAG(s) dict_keys(['example_external_task_marker_child', 'example_external_task_marker_parent']) retrieved from /home/airflow/.local/lib/python3.7/site-packages/airflow/example_dags/example_external_task_marker_dag.py
[2023-01-03T04:10:46.153+0000] {logging_mixin.py:137} INFO - [2023-01-03T04:10:46.153+0000] {dag.py:2676} INFO - Sync 2 DAGs
[2023-01-03T04:10:46.291+0000] {logging_mixin.py:137} INFO - [2023-01-03T04:10:46.291+0000] {dag.py:3427} INFO - Setting next_dagrun for example_external_task_marker_child to None, run_after=None
[2023-01-03T04:10:46.338+0000] {logging_mixin.py:137} INFO - [2023-01-03T04:10:46.338+0000] {dag.py:3427} INFO - Setting next_dagrun for example_external_task_marker_parent to None, run_after=None
[2023-01-03T04:10:46.395+0000] {processor.py:175} INFO - Processing /home/airflow/.local/lib/python3.7/site-packages/airflow/example_dags/example_external_task_marker_dag.py took 0.617 seconds
[2023-01-03T04:11:37.474+0000] {processor.py:153} INFO - Started process (PID=326) to work on /home/airflow/.local/lib/python3.7/site-packages/airflow/example_dags/example_external_task_marker_dag.py
[2023-01-03T04:11:37.482+0000] {processor.py:743} INFO - Processing file /home/airflow/.local/lib/python3.7/site-packages/airflow/example_dags/example_external_task_marker_dag.py for tasks to queue
[2023-01-03T04:11:37.483+0000] {logging_mixin.py:137} INFO - [2023-01-03T04:11:37.483+0000] {dagbag.py:538} INFO - Filling up the DagBag from /home/airflow/.local/lib/python3.7/site-packages/airflow/example_dags/example_external_task_marker_dag.py
[2023-01-03T04:11:37.591+0000] {processor.py:753} INFO - DAG(s) dict_keys(['example_external_task_marker_child', 'example_external_task_marker_parent']) retrieved from /home/airflow/.local/lib/python3.7/site-packages/airflow/example_dags/example_external_task_marker_dag.py
[2023-01-03T04:11:37.920+0000] {logging_mixin.py:137} INFO - [2023-01-03T04:11:37.920+0000] {dag.py:2676} INFO - Sync 2 DAGs
[2023-01-03T04:11:38.100+0000] {logging_mixin.py:137} INFO - [2023-01-03T04:11:38.100+0000] {dag.py:3427} INFO - Setting next_dagrun for example_external_task_marker_child to None, run_after=None
[2023-01-03T04:11:38.137+0000] {logging_mixin.py:137} INFO - [2023-01-03T04:11:38.137+0000] {dag.py:3427} INFO - Setting next_dagrun for example_external_task_marker_parent to None, run_after=None
[2023-01-03T04:11:38.261+0000] {processor.py:175} INFO - Processing /home/airflow/.local/lib/python3.7/site-packages/airflow/example_dags/example_external_task_marker_dag.py took 0.818 seconds
[2023-01-03T04:12:09.808+0000] {processor.py:153} INFO - Started process (PID=382) to work on /home/airflow/.local/lib/python3.7/site-packages/airflow/example_dags/example_external_task_marker_dag.py
[2023-01-03T04:12:09.828+0000] {processor.py:743} INFO - Processing file /home/airflow/.local/lib/python3.7/site-packages/airflow/example_dags/example_external_task_marker_dag.py for tasks to queue
[2023-01-03T04:12:09.840+0000] {logging_mixin.py:137} INFO - [2023-01-03T04:12:09.840+0000] {dagbag.py:538} INFO - Filling up the DagBag from /home/airflow/.local/lib/python3.7/site-packages/airflow/example_dags/example_external_task_marker_dag.py
[2023-01-03T04:12:10.127+0000] {processor.py:753} INFO - DAG(s) dict_keys(['example_external_task_marker_child', 'example_external_task_marker_parent']) retrieved from /home/airflow/.local/lib/python3.7/site-packages/airflow/example_dags/example_external_task_marker_dag.py
[2023-01-03T04:12:20.975+0000] {logging_mixin.py:137} INFO - [2023-01-03T04:12:20.971+0000] {dag.py:2676} INFO - Sync 2 DAGs
[2023-01-03T04:12:22.716+0000] {logging_mixin.py:137} INFO - [2023-01-03T04:12:22.701+0000] {dag.py:3427} INFO - Setting next_dagrun for example_external_task_marker_child to None, run_after=None
[2023-01-03T04:12:23.145+0000] {logging_mixin.py:137} INFO - [2023-01-03T04:12:23.145+0000] {dag.py:3427} INFO - Setting next_dagrun for example_external_task_marker_parent to None, run_after=None
[2023-01-03T04:12:43.222+0000] {processor.py:175} INFO - Processing /home/airflow/.local/lib/python3.7/site-packages/airflow/example_dags/example_external_task_marker_dag.py took 33.972 seconds
