[2023-01-03T03:44:34.812+0000] {processor.py:153} INFO - Started process (PID=74) to work on /home/airflow/.local/lib/python3.7/site-packages/airflow/example_dags/example_datasets.py
[2023-01-03T03:44:34.814+0000] {processor.py:743} INFO - Processing file /home/airflow/.local/lib/python3.7/site-packages/airflow/example_dags/example_datasets.py for tasks to queue
[2023-01-03T03:44:34.816+0000] {logging_mixin.py:137} INFO - [2023-01-03T03:44:34.816+0000] {dagbag.py:538} INFO - Filling up the DagBag from /home/airflow/.local/lib/python3.7/site-packages/airflow/example_dags/example_datasets.py
[2023-01-03T03:44:34.893+0000] {processor.py:753} INFO - DAG(s) dict_keys(['dataset_produces_2', 'dataset_consumes_1_and_2', 'dataset_consumes_unknown_never_scheduled', 'dataset_consumes_1_never_scheduled', 'dataset_produces_1', 'dataset_consumes_1']) retrieved from /home/airflow/.local/lib/python3.7/site-packages/airflow/example_dags/example_datasets.py
[2023-01-03T03:44:35.313+0000] {logging_mixin.py:137} INFO - [2023-01-03T03:44:35.313+0000] {dag.py:2676} INFO - Sync 6 DAGs
[2023-01-03T03:44:35.513+0000] {logging_mixin.py:137} INFO - [2023-01-03T03:44:35.513+0000] {dag.py:3427} INFO - Setting next_dagrun for dataset_consumes_1 to None, run_after=None
[2023-01-03T03:44:35.522+0000] {logging_mixin.py:137} INFO - [2023-01-03T03:44:35.522+0000] {dag.py:3427} INFO - Setting next_dagrun for dataset_consumes_1_and_2 to None, run_after=None
[2023-01-03T03:44:35.529+0000] {logging_mixin.py:137} INFO - [2023-01-03T03:44:35.528+0000] {dag.py:3427} INFO - Setting next_dagrun for dataset_consumes_1_never_scheduled to None, run_after=None
[2023-01-03T03:44:35.538+0000] {logging_mixin.py:137} INFO - [2023-01-03T03:44:35.538+0000] {dag.py:3427} INFO - Setting next_dagrun for dataset_consumes_unknown_never_scheduled to None, run_after=None
[2023-01-03T03:44:35.548+0000] {logging_mixin.py:137} INFO - [2023-01-03T03:44:35.547+0000] {dag.py:3427} INFO - Setting next_dagrun for dataset_produces_1 to 2023-01-02T00:00:00+00:00, run_after=2023-01-03T00:00:00+00:00
[2023-01-03T03:44:35.554+0000] {logging_mixin.py:137} INFO - [2023-01-03T03:44:35.554+0000] {dag.py:3427} INFO - Setting next_dagrun for dataset_produces_2 to None, run_after=None
[2023-01-03T03:44:35.792+0000] {processor.py:175} INFO - Processing /home/airflow/.local/lib/python3.7/site-packages/airflow/example_dags/example_datasets.py took 1.007 seconds
[2023-01-03T03:45:06.005+0000] {processor.py:153} INFO - Started process (PID=135) to work on /home/airflow/.local/lib/python3.7/site-packages/airflow/example_dags/example_datasets.py
[2023-01-03T03:45:06.006+0000] {processor.py:743} INFO - Processing file /home/airflow/.local/lib/python3.7/site-packages/airflow/example_dags/example_datasets.py for tasks to queue
[2023-01-03T03:45:06.008+0000] {logging_mixin.py:137} INFO - [2023-01-03T03:45:06.007+0000] {dagbag.py:538} INFO - Filling up the DagBag from /home/airflow/.local/lib/python3.7/site-packages/airflow/example_dags/example_datasets.py
[2023-01-03T03:45:06.033+0000] {processor.py:753} INFO - DAG(s) dict_keys(['dataset_consumes_unknown_never_scheduled', 'dataset_consumes_1', 'dataset_consumes_1_never_scheduled', 'dataset_consumes_1_and_2', 'dataset_produces_2', 'dataset_produces_1']) retrieved from /home/airflow/.local/lib/python3.7/site-packages/airflow/example_dags/example_datasets.py
[2023-01-03T03:45:06.088+0000] {logging_mixin.py:137} INFO - [2023-01-03T03:45:06.088+0000] {dag.py:2676} INFO - Sync 6 DAGs
[2023-01-03T03:45:06.111+0000] {logging_mixin.py:137} INFO - [2023-01-03T03:45:06.111+0000] {dag.py:3427} INFO - Setting next_dagrun for dataset_consumes_1 to None, run_after=None
[2023-01-03T03:45:06.116+0000] {logging_mixin.py:137} INFO - [2023-01-03T03:45:06.115+0000] {dag.py:3427} INFO - Setting next_dagrun for dataset_consumes_1_and_2 to None, run_after=None
[2023-01-03T03:45:06.117+0000] {logging_mixin.py:137} INFO - [2023-01-03T03:45:06.117+0000] {dag.py:3427} INFO - Setting next_dagrun for dataset_consumes_1_never_scheduled to None, run_after=None
[2023-01-03T03:45:06.121+0000] {logging_mixin.py:137} INFO - [2023-01-03T03:45:06.121+0000] {dag.py:3427} INFO - Setting next_dagrun for dataset_consumes_unknown_never_scheduled to None, run_after=None
[2023-01-03T03:45:06.124+0000] {logging_mixin.py:137} INFO - [2023-01-03T03:45:06.124+0000] {dag.py:3427} INFO - Setting next_dagrun for dataset_produces_1 to 2023-01-02T00:00:00+00:00, run_after=2023-01-03T00:00:00+00:00
[2023-01-03T03:45:06.125+0000] {logging_mixin.py:137} INFO - [2023-01-03T03:45:06.125+0000] {dag.py:3427} INFO - Setting next_dagrun for dataset_produces_2 to None, run_after=None
[2023-01-03T03:45:06.161+0000] {processor.py:175} INFO - Processing /home/airflow/.local/lib/python3.7/site-packages/airflow/example_dags/example_datasets.py took 0.159 seconds
[2023-01-03T03:45:36.786+0000] {processor.py:153} INFO - Started process (PID=209) to work on /home/airflow/.local/lib/python3.7/site-packages/airflow/example_dags/example_datasets.py
[2023-01-03T03:45:36.796+0000] {processor.py:743} INFO - Processing file /home/airflow/.local/lib/python3.7/site-packages/airflow/example_dags/example_datasets.py for tasks to queue
[2023-01-03T03:45:36.808+0000] {logging_mixin.py:137} INFO - [2023-01-03T03:45:36.808+0000] {dagbag.py:538} INFO - Filling up the DagBag from /home/airflow/.local/lib/python3.7/site-packages/airflow/example_dags/example_datasets.py
[2023-01-03T03:45:36.883+0000] {processor.py:753} INFO - DAG(s) dict_keys(['dataset_produces_1', 'dataset_consumes_1_never_scheduled', 'dataset_consumes_1', 'dataset_consumes_1_and_2', 'dataset_consumes_unknown_never_scheduled', 'dataset_produces_2']) retrieved from /home/airflow/.local/lib/python3.7/site-packages/airflow/example_dags/example_datasets.py
[2023-01-03T03:45:37.039+0000] {logging_mixin.py:137} INFO - [2023-01-03T03:45:37.039+0000] {dag.py:2676} INFO - Sync 6 DAGs
[2023-01-03T03:45:37.097+0000] {logging_mixin.py:137} INFO - [2023-01-03T03:45:37.097+0000] {dag.py:3427} INFO - Setting next_dagrun for dataset_consumes_1 to None, run_after=None
[2023-01-03T03:45:37.111+0000] {logging_mixin.py:137} INFO - [2023-01-03T03:45:37.111+0000] {dag.py:3427} INFO - Setting next_dagrun for dataset_consumes_1_and_2 to None, run_after=None
[2023-01-03T03:45:37.116+0000] {logging_mixin.py:137} INFO - [2023-01-03T03:45:37.116+0000] {dag.py:3427} INFO - Setting next_dagrun for dataset_consumes_1_never_scheduled to None, run_after=None
[2023-01-03T03:45:37.121+0000] {logging_mixin.py:137} INFO - [2023-01-03T03:45:37.120+0000] {dag.py:3427} INFO - Setting next_dagrun for dataset_consumes_unknown_never_scheduled to None, run_after=None
[2023-01-03T03:45:37.130+0000] {logging_mixin.py:137} INFO - [2023-01-03T03:45:37.130+0000] {dag.py:3427} INFO - Setting next_dagrun for dataset_produces_1 to 2023-01-02T00:00:00+00:00, run_after=2023-01-03T00:00:00+00:00
[2023-01-03T03:45:37.147+0000] {logging_mixin.py:137} INFO - [2023-01-03T03:45:37.146+0000] {dag.py:3427} INFO - Setting next_dagrun for dataset_produces_2 to None, run_after=None
[2023-01-03T03:45:37.228+0000] {processor.py:175} INFO - Processing /home/airflow/.local/lib/python3.7/site-packages/airflow/example_dags/example_datasets.py took 0.449 seconds
[2023-01-03T03:46:07.791+0000] {processor.py:153} INFO - Started process (PID=272) to work on /home/airflow/.local/lib/python3.7/site-packages/airflow/example_dags/example_datasets.py
[2023-01-03T03:46:07.794+0000] {processor.py:743} INFO - Processing file /home/airflow/.local/lib/python3.7/site-packages/airflow/example_dags/example_datasets.py for tasks to queue
[2023-01-03T03:46:07.798+0000] {logging_mixin.py:137} INFO - [2023-01-03T03:46:07.798+0000] {dagbag.py:538} INFO - Filling up the DagBag from /home/airflow/.local/lib/python3.7/site-packages/airflow/example_dags/example_datasets.py
[2023-01-03T03:46:07.847+0000] {processor.py:753} INFO - DAG(s) dict_keys(['dataset_produces_2', 'dataset_consumes_1', 'dataset_consumes_1_and_2', 'dataset_produces_1', 'dataset_consumes_unknown_never_scheduled', 'dataset_consumes_1_never_scheduled']) retrieved from /home/airflow/.local/lib/python3.7/site-packages/airflow/example_dags/example_datasets.py
[2023-01-03T03:46:08.006+0000] {logging_mixin.py:137} INFO - [2023-01-03T03:46:08.006+0000] {dag.py:2676} INFO - Sync 6 DAGs
[2023-01-03T03:46:08.070+0000] {logging_mixin.py:137} INFO - [2023-01-03T03:46:08.069+0000] {dag.py:3427} INFO - Setting next_dagrun for dataset_consumes_1 to None, run_after=None
[2023-01-03T03:46:08.076+0000] {logging_mixin.py:137} INFO - [2023-01-03T03:46:08.076+0000] {dag.py:3427} INFO - Setting next_dagrun for dataset_consumes_1_and_2 to None, run_after=None
[2023-01-03T03:46:08.078+0000] {logging_mixin.py:137} INFO - [2023-01-03T03:46:08.078+0000] {dag.py:3427} INFO - Setting next_dagrun for dataset_consumes_1_never_scheduled to None, run_after=None
[2023-01-03T03:46:08.080+0000] {logging_mixin.py:137} INFO - [2023-01-03T03:46:08.080+0000] {dag.py:3427} INFO - Setting next_dagrun for dataset_consumes_unknown_never_scheduled to None, run_after=None
[2023-01-03T03:46:08.089+0000] {logging_mixin.py:137} INFO - [2023-01-03T03:46:08.089+0000] {dag.py:3427} INFO - Setting next_dagrun for dataset_produces_1 to 2023-01-02T00:00:00+00:00, run_after=2023-01-03T00:00:00+00:00
[2023-01-03T03:46:08.096+0000] {logging_mixin.py:137} INFO - [2023-01-03T03:46:08.095+0000] {dag.py:3427} INFO - Setting next_dagrun for dataset_produces_2 to None, run_after=None
[2023-01-03T03:46:08.219+0000] {processor.py:175} INFO - Processing /home/airflow/.local/lib/python3.7/site-packages/airflow/example_dags/example_datasets.py took 0.431 seconds
[2023-01-03T03:46:38.837+0000] {processor.py:153} INFO - Started process (PID=333) to work on /home/airflow/.local/lib/python3.7/site-packages/airflow/example_dags/example_datasets.py
[2023-01-03T03:46:38.840+0000] {processor.py:743} INFO - Processing file /home/airflow/.local/lib/python3.7/site-packages/airflow/example_dags/example_datasets.py for tasks to queue
[2023-01-03T03:46:38.842+0000] {logging_mixin.py:137} INFO - [2023-01-03T03:46:38.841+0000] {dagbag.py:538} INFO - Filling up the DagBag from /home/airflow/.local/lib/python3.7/site-packages/airflow/example_dags/example_datasets.py
[2023-01-03T03:46:39.014+0000] {processor.py:753} INFO - DAG(s) dict_keys(['dataset_produces_1', 'dataset_consumes_1_never_scheduled', 'dataset_consumes_1_and_2', 'dataset_consumes_1', 'dataset_consumes_unknown_never_scheduled', 'dataset_produces_2']) retrieved from /home/airflow/.local/lib/python3.7/site-packages/airflow/example_dags/example_datasets.py
[2023-01-03T03:46:39.201+0000] {logging_mixin.py:137} INFO - [2023-01-03T03:46:39.200+0000] {dag.py:2676} INFO - Sync 6 DAGs
[2023-01-03T03:46:39.291+0000] {logging_mixin.py:137} INFO - [2023-01-03T03:46:39.291+0000] {dag.py:3427} INFO - Setting next_dagrun for dataset_consumes_1 to None, run_after=None
[2023-01-03T03:46:39.295+0000] {logging_mixin.py:137} INFO - [2023-01-03T03:46:39.295+0000] {dag.py:3427} INFO - Setting next_dagrun for dataset_consumes_1_and_2 to None, run_after=None
[2023-01-03T03:46:39.296+0000] {logging_mixin.py:137} INFO - [2023-01-03T03:46:39.296+0000] {dag.py:3427} INFO - Setting next_dagrun for dataset_consumes_1_never_scheduled to None, run_after=None
[2023-01-03T03:46:39.297+0000] {logging_mixin.py:137} INFO - [2023-01-03T03:46:39.297+0000] {dag.py:3427} INFO - Setting next_dagrun for dataset_consumes_unknown_never_scheduled to None, run_after=None
[2023-01-03T03:46:39.300+0000] {logging_mixin.py:137} INFO - [2023-01-03T03:46:39.300+0000] {dag.py:3427} INFO - Setting next_dagrun for dataset_produces_1 to 2023-01-02T00:00:00+00:00, run_after=2023-01-03T00:00:00+00:00
[2023-01-03T03:46:39.301+0000] {logging_mixin.py:137} INFO - [2023-01-03T03:46:39.301+0000] {dag.py:3427} INFO - Setting next_dagrun for dataset_produces_2 to None, run_after=None
[2023-01-03T03:46:39.340+0000] {processor.py:175} INFO - Processing /home/airflow/.local/lib/python3.7/site-packages/airflow/example_dags/example_datasets.py took 0.519 seconds
[2023-01-03T03:47:09.451+0000] {processor.py:153} INFO - Started process (PID=402) to work on /home/airflow/.local/lib/python3.7/site-packages/airflow/example_dags/example_datasets.py
[2023-01-03T03:47:09.465+0000] {processor.py:743} INFO - Processing file /home/airflow/.local/lib/python3.7/site-packages/airflow/example_dags/example_datasets.py for tasks to queue
[2023-01-03T03:47:09.473+0000] {logging_mixin.py:137} INFO - [2023-01-03T03:47:09.471+0000] {dagbag.py:538} INFO - Filling up the DagBag from /home/airflow/.local/lib/python3.7/site-packages/airflow/example_dags/example_datasets.py
[2023-01-03T03:47:09.539+0000] {processor.py:753} INFO - DAG(s) dict_keys(['dataset_consumes_1', 'dataset_produces_1', 'dataset_consumes_1_never_scheduled', 'dataset_produces_2', 'dataset_consumes_1_and_2', 'dataset_consumes_unknown_never_scheduled']) retrieved from /home/airflow/.local/lib/python3.7/site-packages/airflow/example_dags/example_datasets.py
[2023-01-03T03:47:09.790+0000] {logging_mixin.py:137} INFO - [2023-01-03T03:47:09.790+0000] {dag.py:2676} INFO - Sync 6 DAGs
[2023-01-03T03:47:09.872+0000] {logging_mixin.py:137} INFO - [2023-01-03T03:47:09.871+0000] {dag.py:3427} INFO - Setting next_dagrun for dataset_consumes_1 to None, run_after=None
[2023-01-03T03:47:09.876+0000] {logging_mixin.py:137} INFO - [2023-01-03T03:47:09.876+0000] {dag.py:3427} INFO - Setting next_dagrun for dataset_consumes_1_and_2 to None, run_after=None
[2023-01-03T03:47:09.878+0000] {logging_mixin.py:137} INFO - [2023-01-03T03:47:09.878+0000] {dag.py:3427} INFO - Setting next_dagrun for dataset_consumes_1_never_scheduled to None, run_after=None
[2023-01-03T03:47:09.880+0000] {logging_mixin.py:137} INFO - [2023-01-03T03:47:09.880+0000] {dag.py:3427} INFO - Setting next_dagrun for dataset_consumes_unknown_never_scheduled to None, run_after=None
[2023-01-03T03:47:09.883+0000] {logging_mixin.py:137} INFO - [2023-01-03T03:47:09.883+0000] {dag.py:3427} INFO - Setting next_dagrun for dataset_produces_1 to 2023-01-02T00:00:00+00:00, run_after=2023-01-03T00:00:00+00:00
[2023-01-03T03:47:09.885+0000] {logging_mixin.py:137} INFO - [2023-01-03T03:47:09.885+0000] {dag.py:3427} INFO - Setting next_dagrun for dataset_produces_2 to None, run_after=None
[2023-01-03T03:47:09.919+0000] {processor.py:175} INFO - Processing /home/airflow/.local/lib/python3.7/site-packages/airflow/example_dags/example_datasets.py took 0.473 seconds
[2023-01-03T03:47:42.027+0000] {processor.py:153} INFO - Started process (PID=469) to work on /home/airflow/.local/lib/python3.7/site-packages/airflow/example_dags/example_datasets.py
[2023-01-03T03:47:42.030+0000] {processor.py:743} INFO - Processing file /home/airflow/.local/lib/python3.7/site-packages/airflow/example_dags/example_datasets.py for tasks to queue
[2023-01-03T03:47:42.036+0000] {logging_mixin.py:137} INFO - [2023-01-03T03:47:42.034+0000] {dagbag.py:538} INFO - Filling up the DagBag from /home/airflow/.local/lib/python3.7/site-packages/airflow/example_dags/example_datasets.py
[2023-01-03T03:47:42.225+0000] {processor.py:753} INFO - DAG(s) dict_keys(['dataset_consumes_1_and_2', 'dataset_consumes_1_never_scheduled', 'dataset_produces_1', 'dataset_produces_2', 'dataset_consumes_1', 'dataset_consumes_unknown_never_scheduled']) retrieved from /home/airflow/.local/lib/python3.7/site-packages/airflow/example_dags/example_datasets.py
[2023-01-03T03:47:42.648+0000] {logging_mixin.py:137} INFO - [2023-01-03T03:47:42.648+0000] {dag.py:2676} INFO - Sync 6 DAGs
[2023-01-03T03:47:42.764+0000] {logging_mixin.py:137} INFO - [2023-01-03T03:47:42.760+0000] {dag.py:3427} INFO - Setting next_dagrun for dataset_consumes_1 to None, run_after=None
[2023-01-03T03:47:42.799+0000] {logging_mixin.py:137} INFO - [2023-01-03T03:47:42.799+0000] {dag.py:3427} INFO - Setting next_dagrun for dataset_consumes_1_and_2 to None, run_after=None
[2023-01-03T03:47:42.811+0000] {logging_mixin.py:137} INFO - [2023-01-03T03:47:42.807+0000] {dag.py:3427} INFO - Setting next_dagrun for dataset_consumes_1_never_scheduled to None, run_after=None
[2023-01-03T03:47:42.840+0000] {logging_mixin.py:137} INFO - [2023-01-03T03:47:42.840+0000] {dag.py:3427} INFO - Setting next_dagrun for dataset_consumes_unknown_never_scheduled to None, run_after=None
[2023-01-03T03:47:42.852+0000] {logging_mixin.py:137} INFO - [2023-01-03T03:47:42.852+0000] {dag.py:3427} INFO - Setting next_dagrun for dataset_produces_1 to 2023-01-02T00:00:00+00:00, run_after=2023-01-03T00:00:00+00:00
[2023-01-03T03:47:42.871+0000] {logging_mixin.py:137} INFO - [2023-01-03T03:47:42.871+0000] {dag.py:3427} INFO - Setting next_dagrun for dataset_produces_2 to None, run_after=None
[2023-01-03T03:47:43.065+0000] {processor.py:175} INFO - Processing /home/airflow/.local/lib/python3.7/site-packages/airflow/example_dags/example_datasets.py took 1.060 seconds
[2023-01-03T03:48:14.367+0000] {processor.py:153} INFO - Started process (PID=519) to work on /home/airflow/.local/lib/python3.7/site-packages/airflow/example_dags/example_datasets.py
[2023-01-03T03:48:14.371+0000] {processor.py:743} INFO - Processing file /home/airflow/.local/lib/python3.7/site-packages/airflow/example_dags/example_datasets.py for tasks to queue
[2023-01-03T03:48:14.376+0000] {logging_mixin.py:137} INFO - [2023-01-03T03:48:14.376+0000] {dagbag.py:538} INFO - Filling up the DagBag from /home/airflow/.local/lib/python3.7/site-packages/airflow/example_dags/example_datasets.py
[2023-01-03T03:48:14.431+0000] {processor.py:753} INFO - DAG(s) dict_keys(['dataset_produces_2', 'dataset_consumes_unknown_never_scheduled', 'dataset_consumes_1', 'dataset_consumes_1_and_2', 'dataset_produces_1', 'dataset_consumes_1_never_scheduled']) retrieved from /home/airflow/.local/lib/python3.7/site-packages/airflow/example_dags/example_datasets.py
[2023-01-03T03:48:14.596+0000] {logging_mixin.py:137} INFO - [2023-01-03T03:48:14.596+0000] {dag.py:2676} INFO - Sync 6 DAGs
[2023-01-03T03:48:14.648+0000] {logging_mixin.py:137} INFO - [2023-01-03T03:48:14.648+0000] {dag.py:3427} INFO - Setting next_dagrun for dataset_consumes_1 to None, run_after=None
[2023-01-03T03:48:14.661+0000] {logging_mixin.py:137} INFO - [2023-01-03T03:48:14.661+0000] {dag.py:3427} INFO - Setting next_dagrun for dataset_consumes_1_and_2 to None, run_after=None
[2023-01-03T03:48:14.664+0000] {logging_mixin.py:137} INFO - [2023-01-03T03:48:14.664+0000] {dag.py:3427} INFO - Setting next_dagrun for dataset_consumes_1_never_scheduled to None, run_after=None
[2023-01-03T03:48:14.666+0000] {logging_mixin.py:137} INFO - [2023-01-03T03:48:14.666+0000] {dag.py:3427} INFO - Setting next_dagrun for dataset_consumes_unknown_never_scheduled to None, run_after=None
[2023-01-03T03:48:14.669+0000] {logging_mixin.py:137} INFO - [2023-01-03T03:48:14.669+0000] {dag.py:3427} INFO - Setting next_dagrun for dataset_produces_1 to 2023-01-02T00:00:00+00:00, run_after=2023-01-03T00:00:00+00:00
[2023-01-03T03:48:14.671+0000] {logging_mixin.py:137} INFO - [2023-01-03T03:48:14.671+0000] {dag.py:3427} INFO - Setting next_dagrun for dataset_produces_2 to None, run_after=None
[2023-01-03T03:48:14.872+0000] {processor.py:175} INFO - Processing /home/airflow/.local/lib/python3.7/site-packages/airflow/example_dags/example_datasets.py took 0.514 seconds
[2023-01-03T03:48:45.528+0000] {processor.py:153} INFO - Started process (PID=581) to work on /home/airflow/.local/lib/python3.7/site-packages/airflow/example_dags/example_datasets.py
[2023-01-03T03:48:45.529+0000] {processor.py:743} INFO - Processing file /home/airflow/.local/lib/python3.7/site-packages/airflow/example_dags/example_datasets.py for tasks to queue
[2023-01-03T03:48:45.530+0000] {logging_mixin.py:137} INFO - [2023-01-03T03:48:45.530+0000] {dagbag.py:538} INFO - Filling up the DagBag from /home/airflow/.local/lib/python3.7/site-packages/airflow/example_dags/example_datasets.py
[2023-01-03T03:48:45.553+0000] {processor.py:753} INFO - DAG(s) dict_keys(['dataset_produces_2', 'dataset_consumes_unknown_never_scheduled', 'dataset_consumes_1', 'dataset_consumes_1_and_2', 'dataset_consumes_1_never_scheduled', 'dataset_produces_1']) retrieved from /home/airflow/.local/lib/python3.7/site-packages/airflow/example_dags/example_datasets.py
[2023-01-03T03:48:45.638+0000] {logging_mixin.py:137} INFO - [2023-01-03T03:48:45.637+0000] {dag.py:2676} INFO - Sync 6 DAGs
[2023-01-03T03:48:45.663+0000] {logging_mixin.py:137} INFO - [2023-01-03T03:48:45.662+0000] {dag.py:3427} INFO - Setting next_dagrun for dataset_consumes_1 to None, run_after=None
[2023-01-03T03:48:45.666+0000] {logging_mixin.py:137} INFO - [2023-01-03T03:48:45.666+0000] {dag.py:3427} INFO - Setting next_dagrun for dataset_consumes_1_and_2 to None, run_after=None
[2023-01-03T03:48:45.667+0000] {logging_mixin.py:137} INFO - [2023-01-03T03:48:45.667+0000] {dag.py:3427} INFO - Setting next_dagrun for dataset_consumes_1_never_scheduled to None, run_after=None
[2023-01-03T03:48:45.668+0000] {logging_mixin.py:137} INFO - [2023-01-03T03:48:45.668+0000] {dag.py:3427} INFO - Setting next_dagrun for dataset_consumes_unknown_never_scheduled to None, run_after=None
[2023-01-03T03:48:45.669+0000] {logging_mixin.py:137} INFO - [2023-01-03T03:48:45.669+0000] {dag.py:3427} INFO - Setting next_dagrun for dataset_produces_1 to 2023-01-02T00:00:00+00:00, run_after=2023-01-03T00:00:00+00:00
[2023-01-03T03:48:45.673+0000] {logging_mixin.py:137} INFO - [2023-01-03T03:48:45.673+0000] {dag.py:3427} INFO - Setting next_dagrun for dataset_produces_2 to None, run_after=None
[2023-01-03T03:48:45.709+0000] {processor.py:175} INFO - Processing /home/airflow/.local/lib/python3.7/site-packages/airflow/example_dags/example_datasets.py took 0.185 seconds
[2023-01-03T03:49:16.412+0000] {processor.py:153} INFO - Started process (PID=643) to work on /home/airflow/.local/lib/python3.7/site-packages/airflow/example_dags/example_datasets.py
[2023-01-03T03:49:16.425+0000] {processor.py:743} INFO - Processing file /home/airflow/.local/lib/python3.7/site-packages/airflow/example_dags/example_datasets.py for tasks to queue
[2023-01-03T03:49:16.426+0000] {logging_mixin.py:137} INFO - [2023-01-03T03:49:16.426+0000] {dagbag.py:538} INFO - Filling up the DagBag from /home/airflow/.local/lib/python3.7/site-packages/airflow/example_dags/example_datasets.py
[2023-01-03T03:49:16.464+0000] {processor.py:753} INFO - DAG(s) dict_keys(['dataset_consumes_1_and_2', 'dataset_consumes_1_never_scheduled', 'dataset_consumes_unknown_never_scheduled', 'dataset_produces_2', 'dataset_produces_1', 'dataset_consumes_1']) retrieved from /home/airflow/.local/lib/python3.7/site-packages/airflow/example_dags/example_datasets.py
[2023-01-03T03:49:16.572+0000] {logging_mixin.py:137} INFO - [2023-01-03T03:49:16.572+0000] {dag.py:2676} INFO - Sync 6 DAGs
[2023-01-03T03:49:16.622+0000] {logging_mixin.py:137} INFO - [2023-01-03T03:49:16.622+0000] {dag.py:3427} INFO - Setting next_dagrun for dataset_consumes_1 to None, run_after=None
[2023-01-03T03:49:16.628+0000] {logging_mixin.py:137} INFO - [2023-01-03T03:49:16.628+0000] {dag.py:3427} INFO - Setting next_dagrun for dataset_consumes_1_and_2 to None, run_after=None
[2023-01-03T03:49:16.630+0000] {logging_mixin.py:137} INFO - [2023-01-03T03:49:16.630+0000] {dag.py:3427} INFO - Setting next_dagrun for dataset_consumes_1_never_scheduled to None, run_after=None
[2023-01-03T03:49:16.634+0000] {logging_mixin.py:137} INFO - [2023-01-03T03:49:16.633+0000] {dag.py:3427} INFO - Setting next_dagrun for dataset_consumes_unknown_never_scheduled to None, run_after=None
[2023-01-03T03:49:16.643+0000] {logging_mixin.py:137} INFO - [2023-01-03T03:49:16.643+0000] {dag.py:3427} INFO - Setting next_dagrun for dataset_produces_1 to 2023-01-02T00:00:00+00:00, run_after=2023-01-03T00:00:00+00:00
[2023-01-03T03:49:16.645+0000] {logging_mixin.py:137} INFO - [2023-01-03T03:49:16.644+0000] {dag.py:3427} INFO - Setting next_dagrun for dataset_produces_2 to None, run_after=None
[2023-01-03T03:49:16.688+0000] {processor.py:175} INFO - Processing /home/airflow/.local/lib/python3.7/site-packages/airflow/example_dags/example_datasets.py took 0.279 seconds
[2023-01-03T03:49:47.720+0000] {processor.py:153} INFO - Started process (PID=717) to work on /home/airflow/.local/lib/python3.7/site-packages/airflow/example_dags/example_datasets.py
[2023-01-03T03:49:47.728+0000] {processor.py:743} INFO - Processing file /home/airflow/.local/lib/python3.7/site-packages/airflow/example_dags/example_datasets.py for tasks to queue
[2023-01-03T03:49:47.731+0000] {logging_mixin.py:137} INFO - [2023-01-03T03:49:47.731+0000] {dagbag.py:538} INFO - Filling up the DagBag from /home/airflow/.local/lib/python3.7/site-packages/airflow/example_dags/example_datasets.py
[2023-01-03T03:49:47.790+0000] {processor.py:753} INFO - DAG(s) dict_keys(['dataset_consumes_unknown_never_scheduled', 'dataset_consumes_1_never_scheduled', 'dataset_consumes_1', 'dataset_consumes_1_and_2', 'dataset_produces_1', 'dataset_produces_2']) retrieved from /home/airflow/.local/lib/python3.7/site-packages/airflow/example_dags/example_datasets.py
[2023-01-03T03:49:48.004+0000] {logging_mixin.py:137} INFO - [2023-01-03T03:49:47.996+0000] {dag.py:2676} INFO - Sync 6 DAGs
[2023-01-03T03:49:48.069+0000] {logging_mixin.py:137} INFO - [2023-01-03T03:49:48.069+0000] {dag.py:3427} INFO - Setting next_dagrun for dataset_consumes_1 to None, run_after=None
[2023-01-03T03:49:48.078+0000] {logging_mixin.py:137} INFO - [2023-01-03T03:49:48.078+0000] {dag.py:3427} INFO - Setting next_dagrun for dataset_consumes_1_and_2 to None, run_after=None
[2023-01-03T03:49:48.092+0000] {logging_mixin.py:137} INFO - [2023-01-03T03:49:48.092+0000] {dag.py:3427} INFO - Setting next_dagrun for dataset_consumes_1_never_scheduled to None, run_after=None
[2023-01-03T03:49:48.094+0000] {logging_mixin.py:137} INFO - [2023-01-03T03:49:48.094+0000] {dag.py:3427} INFO - Setting next_dagrun for dataset_consumes_unknown_never_scheduled to None, run_after=None
[2023-01-03T03:49:48.096+0000] {logging_mixin.py:137} INFO - [2023-01-03T03:49:48.096+0000] {dag.py:3427} INFO - Setting next_dagrun for dataset_produces_1 to 2023-01-02T00:00:00+00:00, run_after=2023-01-03T00:00:00+00:00
[2023-01-03T03:49:48.099+0000] {logging_mixin.py:137} INFO - [2023-01-03T03:49:48.099+0000] {dag.py:3427} INFO - Setting next_dagrun for dataset_produces_2 to None, run_after=None
[2023-01-03T03:49:48.184+0000] {processor.py:175} INFO - Processing /home/airflow/.local/lib/python3.7/site-packages/airflow/example_dags/example_datasets.py took 0.467 seconds
[2023-01-03T03:50:18.891+0000] {processor.py:153} INFO - Started process (PID=779) to work on /home/airflow/.local/lib/python3.7/site-packages/airflow/example_dags/example_datasets.py
[2023-01-03T03:50:18.896+0000] {processor.py:743} INFO - Processing file /home/airflow/.local/lib/python3.7/site-packages/airflow/example_dags/example_datasets.py for tasks to queue
[2023-01-03T03:50:18.900+0000] {logging_mixin.py:137} INFO - [2023-01-03T03:50:18.900+0000] {dagbag.py:538} INFO - Filling up the DagBag from /home/airflow/.local/lib/python3.7/site-packages/airflow/example_dags/example_datasets.py
[2023-01-03T03:50:18.973+0000] {processor.py:753} INFO - DAG(s) dict_keys(['dataset_consumes_1_and_2', 'dataset_consumes_unknown_never_scheduled', 'dataset_consumes_1', 'dataset_produces_1', 'dataset_consumes_1_never_scheduled', 'dataset_produces_2']) retrieved from /home/airflow/.local/lib/python3.7/site-packages/airflow/example_dags/example_datasets.py
[2023-01-03T03:50:19.251+0000] {logging_mixin.py:137} INFO - [2023-01-03T03:50:19.251+0000] {dag.py:2676} INFO - Sync 6 DAGs
[2023-01-03T03:50:19.324+0000] {logging_mixin.py:137} INFO - [2023-01-03T03:50:19.324+0000] {dag.py:3427} INFO - Setting next_dagrun for dataset_consumes_1 to None, run_after=None
[2023-01-03T03:50:19.334+0000] {logging_mixin.py:137} INFO - [2023-01-03T03:50:19.334+0000] {dag.py:3427} INFO - Setting next_dagrun for dataset_consumes_1_and_2 to None, run_after=None
[2023-01-03T03:50:19.339+0000] {logging_mixin.py:137} INFO - [2023-01-03T03:50:19.339+0000] {dag.py:3427} INFO - Setting next_dagrun for dataset_consumes_1_never_scheduled to None, run_after=None
[2023-01-03T03:50:19.343+0000] {logging_mixin.py:137} INFO - [2023-01-03T03:50:19.343+0000] {dag.py:3427} INFO - Setting next_dagrun for dataset_consumes_unknown_never_scheduled to None, run_after=None
[2023-01-03T03:50:19.346+0000] {logging_mixin.py:137} INFO - [2023-01-03T03:50:19.346+0000] {dag.py:3427} INFO - Setting next_dagrun for dataset_produces_1 to 2023-01-02T00:00:00+00:00, run_after=2023-01-03T00:00:00+00:00
[2023-01-03T03:50:19.350+0000] {logging_mixin.py:137} INFO - [2023-01-03T03:50:19.350+0000] {dag.py:3427} INFO - Setting next_dagrun for dataset_produces_2 to None, run_after=None
[2023-01-03T03:50:19.431+0000] {processor.py:175} INFO - Processing /home/airflow/.local/lib/python3.7/site-packages/airflow/example_dags/example_datasets.py took 0.555 seconds
[2023-01-03T03:50:49.541+0000] {processor.py:153} INFO - Started process (PID=829) to work on /home/airflow/.local/lib/python3.7/site-packages/airflow/example_dags/example_datasets.py
[2023-01-03T03:50:49.544+0000] {processor.py:743} INFO - Processing file /home/airflow/.local/lib/python3.7/site-packages/airflow/example_dags/example_datasets.py for tasks to queue
[2023-01-03T03:50:49.545+0000] {logging_mixin.py:137} INFO - [2023-01-03T03:50:49.545+0000] {dagbag.py:538} INFO - Filling up the DagBag from /home/airflow/.local/lib/python3.7/site-packages/airflow/example_dags/example_datasets.py
[2023-01-03T03:50:49.599+0000] {processor.py:753} INFO - DAG(s) dict_keys(['dataset_produces_1', 'dataset_produces_2', 'dataset_consumes_unknown_never_scheduled', 'dataset_consumes_1_never_scheduled', 'dataset_consumes_1_and_2', 'dataset_consumes_1']) retrieved from /home/airflow/.local/lib/python3.7/site-packages/airflow/example_dags/example_datasets.py
[2023-01-03T03:50:49.830+0000] {logging_mixin.py:137} INFO - [2023-01-03T03:50:49.830+0000] {dag.py:2676} INFO - Sync 6 DAGs
[2023-01-03T03:50:49.861+0000] {logging_mixin.py:137} INFO - [2023-01-03T03:50:49.861+0000] {dag.py:3427} INFO - Setting next_dagrun for dataset_consumes_1 to None, run_after=None
[2023-01-03T03:50:49.866+0000] {logging_mixin.py:137} INFO - [2023-01-03T03:50:49.866+0000] {dag.py:3427} INFO - Setting next_dagrun for dataset_consumes_1_and_2 to None, run_after=None
[2023-01-03T03:50:49.868+0000] {logging_mixin.py:137} INFO - [2023-01-03T03:50:49.868+0000] {dag.py:3427} INFO - Setting next_dagrun for dataset_consumes_1_never_scheduled to None, run_after=None
[2023-01-03T03:50:49.869+0000] {logging_mixin.py:137} INFO - [2023-01-03T03:50:49.869+0000] {dag.py:3427} INFO - Setting next_dagrun for dataset_consumes_unknown_never_scheduled to None, run_after=None
[2023-01-03T03:50:49.870+0000] {logging_mixin.py:137} INFO - [2023-01-03T03:50:49.870+0000] {dag.py:3427} INFO - Setting next_dagrun for dataset_produces_1 to 2023-01-02T00:00:00+00:00, run_after=2023-01-03T00:00:00+00:00
[2023-01-03T03:50:49.872+0000] {logging_mixin.py:137} INFO - [2023-01-03T03:50:49.872+0000] {dag.py:3427} INFO - Setting next_dagrun for dataset_produces_2 to None, run_after=None
[2023-01-03T03:50:49.908+0000] {processor.py:175} INFO - Processing /home/airflow/.local/lib/python3.7/site-packages/airflow/example_dags/example_datasets.py took 0.370 seconds
[2023-01-03T03:51:20.788+0000] {processor.py:153} INFO - Started process (PID=904) to work on /home/airflow/.local/lib/python3.7/site-packages/airflow/example_dags/example_datasets.py
[2023-01-03T03:51:20.801+0000] {processor.py:743} INFO - Processing file /home/airflow/.local/lib/python3.7/site-packages/airflow/example_dags/example_datasets.py for tasks to queue
[2023-01-03T03:51:20.805+0000] {logging_mixin.py:137} INFO - [2023-01-03T03:51:20.805+0000] {dagbag.py:538} INFO - Filling up the DagBag from /home/airflow/.local/lib/python3.7/site-packages/airflow/example_dags/example_datasets.py
[2023-01-03T03:51:20.875+0000] {processor.py:753} INFO - DAG(s) dict_keys(['dataset_consumes_1_and_2', 'dataset_produces_2', 'dataset_produces_1', 'dataset_consumes_unknown_never_scheduled', 'dataset_consumes_1', 'dataset_consumes_1_never_scheduled']) retrieved from /home/airflow/.local/lib/python3.7/site-packages/airflow/example_dags/example_datasets.py
[2023-01-03T03:51:21.162+0000] {logging_mixin.py:137} INFO - [2023-01-03T03:51:21.162+0000] {dag.py:2676} INFO - Sync 6 DAGs
[2023-01-03T03:51:21.195+0000] {logging_mixin.py:137} INFO - [2023-01-03T03:51:21.195+0000] {dag.py:3427} INFO - Setting next_dagrun for dataset_consumes_1 to None, run_after=None
[2023-01-03T03:51:21.199+0000] {logging_mixin.py:137} INFO - [2023-01-03T03:51:21.199+0000] {dag.py:3427} INFO - Setting next_dagrun for dataset_consumes_1_and_2 to None, run_after=None
[2023-01-03T03:51:21.204+0000] {logging_mixin.py:137} INFO - [2023-01-03T03:51:21.203+0000] {dag.py:3427} INFO - Setting next_dagrun for dataset_consumes_1_never_scheduled to None, run_after=None
[2023-01-03T03:51:21.207+0000] {logging_mixin.py:137} INFO - [2023-01-03T03:51:21.207+0000] {dag.py:3427} INFO - Setting next_dagrun for dataset_consumes_unknown_never_scheduled to None, run_after=None
[2023-01-03T03:51:21.212+0000] {logging_mixin.py:137} INFO - [2023-01-03T03:51:21.212+0000] {dag.py:3427} INFO - Setting next_dagrun for dataset_produces_1 to 2023-01-02T00:00:00+00:00, run_after=2023-01-03T00:00:00+00:00
[2023-01-03T03:51:21.221+0000] {logging_mixin.py:137} INFO - [2023-01-03T03:51:21.221+0000] {dag.py:3427} INFO - Setting next_dagrun for dataset_produces_2 to None, run_after=None
[2023-01-03T03:51:21.276+0000] {processor.py:175} INFO - Processing /home/airflow/.local/lib/python3.7/site-packages/airflow/example_dags/example_datasets.py took 0.492 seconds
[2023-01-03T03:51:52.038+0000] {processor.py:153} INFO - Started process (PID=966) to work on /home/airflow/.local/lib/python3.7/site-packages/airflow/example_dags/example_datasets.py
[2023-01-03T03:51:52.040+0000] {processor.py:743} INFO - Processing file /home/airflow/.local/lib/python3.7/site-packages/airflow/example_dags/example_datasets.py for tasks to queue
[2023-01-03T03:51:52.041+0000] {logging_mixin.py:137} INFO - [2023-01-03T03:51:52.041+0000] {dagbag.py:538} INFO - Filling up the DagBag from /home/airflow/.local/lib/python3.7/site-packages/airflow/example_dags/example_datasets.py
[2023-01-03T03:51:52.108+0000] {processor.py:753} INFO - DAG(s) dict_keys(['dataset_consumes_1', 'dataset_produces_1', 'dataset_consumes_unknown_never_scheduled', 'dataset_produces_2', 'dataset_consumes_1_never_scheduled', 'dataset_consumes_1_and_2']) retrieved from /home/airflow/.local/lib/python3.7/site-packages/airflow/example_dags/example_datasets.py
[2023-01-03T03:51:52.325+0000] {logging_mixin.py:137} INFO - [2023-01-03T03:51:52.325+0000] {dag.py:2676} INFO - Sync 6 DAGs
[2023-01-03T03:51:52.441+0000] {logging_mixin.py:137} INFO - [2023-01-03T03:51:52.441+0000] {dag.py:3427} INFO - Setting next_dagrun for dataset_consumes_1 to None, run_after=None
[2023-01-03T03:51:52.456+0000] {logging_mixin.py:137} INFO - [2023-01-03T03:51:52.456+0000] {dag.py:3427} INFO - Setting next_dagrun for dataset_consumes_1_and_2 to None, run_after=None
[2023-01-03T03:51:52.462+0000] {logging_mixin.py:137} INFO - [2023-01-03T03:51:52.462+0000] {dag.py:3427} INFO - Setting next_dagrun for dataset_consumes_1_never_scheduled to None, run_after=None
[2023-01-03T03:51:52.468+0000] {logging_mixin.py:137} INFO - [2023-01-03T03:51:52.467+0000] {dag.py:3427} INFO - Setting next_dagrun for dataset_consumes_unknown_never_scheduled to None, run_after=None
[2023-01-03T03:51:52.476+0000] {logging_mixin.py:137} INFO - [2023-01-03T03:51:52.475+0000] {dag.py:3427} INFO - Setting next_dagrun for dataset_produces_1 to 2023-01-02T00:00:00+00:00, run_after=2023-01-03T00:00:00+00:00
[2023-01-03T03:51:52.496+0000] {logging_mixin.py:137} INFO - [2023-01-03T03:51:52.496+0000] {dag.py:3427} INFO - Setting next_dagrun for dataset_produces_2 to None, run_after=None
[2023-01-03T03:51:52.635+0000] {processor.py:175} INFO - Processing /home/airflow/.local/lib/python3.7/site-packages/airflow/example_dags/example_datasets.py took 0.610 seconds
[2023-01-03T03:52:23.018+0000] {processor.py:153} INFO - Started process (PID=1015) to work on /home/airflow/.local/lib/python3.7/site-packages/airflow/example_dags/example_datasets.py
[2023-01-03T03:52:23.022+0000] {processor.py:743} INFO - Processing file /home/airflow/.local/lib/python3.7/site-packages/airflow/example_dags/example_datasets.py for tasks to queue
[2023-01-03T03:52:23.025+0000] {logging_mixin.py:137} INFO - [2023-01-03T03:52:23.025+0000] {dagbag.py:538} INFO - Filling up the DagBag from /home/airflow/.local/lib/python3.7/site-packages/airflow/example_dags/example_datasets.py
[2023-01-03T03:52:23.051+0000] {processor.py:753} INFO - DAG(s) dict_keys(['dataset_consumes_1', 'dataset_produces_2', 'dataset_consumes_1_and_2', 'dataset_produces_1', 'dataset_consumes_unknown_never_scheduled', 'dataset_consumes_1_never_scheduled']) retrieved from /home/airflow/.local/lib/python3.7/site-packages/airflow/example_dags/example_datasets.py
[2023-01-03T03:52:23.119+0000] {logging_mixin.py:137} INFO - [2023-01-03T03:52:23.119+0000] {dag.py:2676} INFO - Sync 6 DAGs
[2023-01-03T03:52:23.147+0000] {logging_mixin.py:137} INFO - [2023-01-03T03:52:23.147+0000] {dag.py:3427} INFO - Setting next_dagrun for dataset_consumes_1 to None, run_after=None
[2023-01-03T03:52:23.151+0000] {logging_mixin.py:137} INFO - [2023-01-03T03:52:23.151+0000] {dag.py:3427} INFO - Setting next_dagrun for dataset_consumes_1_and_2 to None, run_after=None
[2023-01-03T03:52:23.155+0000] {logging_mixin.py:137} INFO - [2023-01-03T03:52:23.155+0000] {dag.py:3427} INFO - Setting next_dagrun for dataset_consumes_1_never_scheduled to None, run_after=None
[2023-01-03T03:52:23.156+0000] {logging_mixin.py:137} INFO - [2023-01-03T03:52:23.156+0000] {dag.py:3427} INFO - Setting next_dagrun for dataset_consumes_unknown_never_scheduled to None, run_after=None
[2023-01-03T03:52:23.158+0000] {logging_mixin.py:137} INFO - [2023-01-03T03:52:23.158+0000] {dag.py:3427} INFO - Setting next_dagrun for dataset_produces_1 to 2023-01-02T00:00:00+00:00, run_after=2023-01-03T00:00:00+00:00
[2023-01-03T03:52:23.159+0000] {logging_mixin.py:137} INFO - [2023-01-03T03:52:23.159+0000] {dag.py:3427} INFO - Setting next_dagrun for dataset_produces_2 to None, run_after=None
[2023-01-03T03:52:23.189+0000] {processor.py:175} INFO - Processing /home/airflow/.local/lib/python3.7/site-packages/airflow/example_dags/example_datasets.py took 0.174 seconds
[2023-01-03T03:53:01.090+0000] {processor.py:153} INFO - Started process (PID=1079) to work on /home/airflow/.local/lib/python3.7/site-packages/airflow/example_dags/example_datasets.py
[2023-01-03T03:53:01.097+0000] {processor.py:743} INFO - Processing file /home/airflow/.local/lib/python3.7/site-packages/airflow/example_dags/example_datasets.py for tasks to queue
[2023-01-03T03:53:01.101+0000] {logging_mixin.py:137} INFO - [2023-01-03T03:53:01.101+0000] {dagbag.py:538} INFO - Filling up the DagBag from /home/airflow/.local/lib/python3.7/site-packages/airflow/example_dags/example_datasets.py
[2023-01-03T03:53:01.141+0000] {processor.py:753} INFO - DAG(s) dict_keys(['dataset_consumes_1_and_2', 'dataset_consumes_1_never_scheduled', 'dataset_produces_2', 'dataset_produces_1', 'dataset_consumes_1', 'dataset_consumes_unknown_never_scheduled']) retrieved from /home/airflow/.local/lib/python3.7/site-packages/airflow/example_dags/example_datasets.py
[2023-01-03T03:53:01.245+0000] {logging_mixin.py:137} INFO - [2023-01-03T03:53:01.244+0000] {dag.py:2676} INFO - Sync 6 DAGs
[2023-01-03T03:53:01.313+0000] {logging_mixin.py:137} INFO - [2023-01-03T03:53:01.313+0000] {dag.py:3427} INFO - Setting next_dagrun for dataset_consumes_1 to None, run_after=None
[2023-01-03T03:53:01.323+0000] {logging_mixin.py:137} INFO - [2023-01-03T03:53:01.323+0000] {dag.py:3427} INFO - Setting next_dagrun for dataset_consumes_1_and_2 to None, run_after=None
[2023-01-03T03:53:01.328+0000] {logging_mixin.py:137} INFO - [2023-01-03T03:53:01.328+0000] {dag.py:3427} INFO - Setting next_dagrun for dataset_consumes_1_never_scheduled to None, run_after=None
[2023-01-03T03:53:01.331+0000] {logging_mixin.py:137} INFO - [2023-01-03T03:53:01.331+0000] {dag.py:3427} INFO - Setting next_dagrun for dataset_consumes_unknown_never_scheduled to None, run_after=None
[2023-01-03T03:53:01.336+0000] {logging_mixin.py:137} INFO - [2023-01-03T03:53:01.336+0000] {dag.py:3427} INFO - Setting next_dagrun for dataset_produces_1 to 2023-01-02T00:00:00+00:00, run_after=2023-01-03T00:00:00+00:00
[2023-01-03T03:53:01.346+0000] {logging_mixin.py:137} INFO - [2023-01-03T03:53:01.346+0000] {dag.py:3427} INFO - Setting next_dagrun for dataset_produces_2 to None, run_after=None
[2023-01-03T03:53:02.362+0000] {processor.py:175} INFO - Processing /home/airflow/.local/lib/python3.7/site-packages/airflow/example_dags/example_datasets.py took 1.276 seconds
[2023-01-03T03:53:47.746+0000] {processor.py:153} INFO - Started process (PID=1129) to work on /home/airflow/.local/lib/python3.7/site-packages/airflow/example_dags/example_datasets.py
[2023-01-03T03:53:47.749+0000] {processor.py:743} INFO - Processing file /home/airflow/.local/lib/python3.7/site-packages/airflow/example_dags/example_datasets.py for tasks to queue
[2023-01-03T03:53:47.752+0000] {logging_mixin.py:137} INFO - [2023-01-03T03:53:47.752+0000] {dagbag.py:538} INFO - Filling up the DagBag from /home/airflow/.local/lib/python3.7/site-packages/airflow/example_dags/example_datasets.py
[2023-01-03T03:53:47.804+0000] {processor.py:753} INFO - DAG(s) dict_keys(['dataset_consumes_1_never_scheduled', 'dataset_consumes_unknown_never_scheduled', 'dataset_produces_2', 'dataset_consumes_1', 'dataset_consumes_1_and_2', 'dataset_produces_1']) retrieved from /home/airflow/.local/lib/python3.7/site-packages/airflow/example_dags/example_datasets.py
[2023-01-03T03:53:48.017+0000] {logging_mixin.py:137} INFO - [2023-01-03T03:53:48.017+0000] {dag.py:2676} INFO - Sync 6 DAGs
[2023-01-03T03:53:48.084+0000] {logging_mixin.py:137} INFO - [2023-01-03T03:53:48.084+0000] {dag.py:3427} INFO - Setting next_dagrun for dataset_consumes_1 to None, run_after=None
[2023-01-03T03:53:48.099+0000] {logging_mixin.py:137} INFO - [2023-01-03T03:53:48.099+0000] {dag.py:3427} INFO - Setting next_dagrun for dataset_consumes_1_and_2 to None, run_after=None
[2023-01-03T03:53:48.105+0000] {logging_mixin.py:137} INFO - [2023-01-03T03:53:48.105+0000] {dag.py:3427} INFO - Setting next_dagrun for dataset_consumes_1_never_scheduled to None, run_after=None
[2023-01-03T03:53:48.114+0000] {logging_mixin.py:137} INFO - [2023-01-03T03:53:48.114+0000] {dag.py:3427} INFO - Setting next_dagrun for dataset_consumes_unknown_never_scheduled to None, run_after=None
[2023-01-03T03:53:48.116+0000] {logging_mixin.py:137} INFO - [2023-01-03T03:53:48.116+0000] {dag.py:3427} INFO - Setting next_dagrun for dataset_produces_1 to 2023-01-02T00:00:00+00:00, run_after=2023-01-03T00:00:00+00:00
[2023-01-03T03:53:48.124+0000] {logging_mixin.py:137} INFO - [2023-01-03T03:53:48.124+0000] {dag.py:3427} INFO - Setting next_dagrun for dataset_produces_2 to None, run_after=None
[2023-01-03T03:53:48.196+0000] {processor.py:175} INFO - Processing /home/airflow/.local/lib/python3.7/site-packages/airflow/example_dags/example_datasets.py took 0.453 seconds
[2023-01-03T03:54:21.037+0000] {processor.py:153} INFO - Started process (PID=1191) to work on /home/airflow/.local/lib/python3.7/site-packages/airflow/example_dags/example_datasets.py
[2023-01-03T03:54:21.041+0000] {processor.py:743} INFO - Processing file /home/airflow/.local/lib/python3.7/site-packages/airflow/example_dags/example_datasets.py for tasks to queue
[2023-01-03T03:54:21.042+0000] {logging_mixin.py:137} INFO - [2023-01-03T03:54:21.041+0000] {dagbag.py:538} INFO - Filling up the DagBag from /home/airflow/.local/lib/python3.7/site-packages/airflow/example_dags/example_datasets.py
[2023-01-03T03:54:21.093+0000] {processor.py:753} INFO - DAG(s) dict_keys(['dataset_produces_1', 'dataset_produces_2', 'dataset_consumes_1_never_scheduled', 'dataset_consumes_1_and_2', 'dataset_consumes_1', 'dataset_consumes_unknown_never_scheduled']) retrieved from /home/airflow/.local/lib/python3.7/site-packages/airflow/example_dags/example_datasets.py
[2023-01-03T03:54:21.205+0000] {logging_mixin.py:137} INFO - [2023-01-03T03:54:21.204+0000] {dag.py:2676} INFO - Sync 6 DAGs
[2023-01-03T03:54:21.255+0000] {logging_mixin.py:137} INFO - [2023-01-03T03:54:21.255+0000] {dag.py:3427} INFO - Setting next_dagrun for dataset_consumes_1 to None, run_after=None
[2023-01-03T03:54:21.263+0000] {logging_mixin.py:137} INFO - [2023-01-03T03:54:21.263+0000] {dag.py:3427} INFO - Setting next_dagrun for dataset_consumes_1_and_2 to None, run_after=None
[2023-01-03T03:54:21.266+0000] {logging_mixin.py:137} INFO - [2023-01-03T03:54:21.265+0000] {dag.py:3427} INFO - Setting next_dagrun for dataset_consumes_1_never_scheduled to None, run_after=None
[2023-01-03T03:54:21.267+0000] {logging_mixin.py:137} INFO - [2023-01-03T03:54:21.267+0000] {dag.py:3427} INFO - Setting next_dagrun for dataset_consumes_unknown_never_scheduled to None, run_after=None
[2023-01-03T03:54:21.271+0000] {logging_mixin.py:137} INFO - [2023-01-03T03:54:21.271+0000] {dag.py:3427} INFO - Setting next_dagrun for dataset_produces_1 to 2023-01-02T00:00:00+00:00, run_after=2023-01-03T00:00:00+00:00
[2023-01-03T03:54:21.276+0000] {logging_mixin.py:137} INFO - [2023-01-03T03:54:21.276+0000] {dag.py:3427} INFO - Setting next_dagrun for dataset_produces_2 to None, run_after=None
[2023-01-03T03:54:21.329+0000] {processor.py:175} INFO - Processing /home/airflow/.local/lib/python3.7/site-packages/airflow/example_dags/example_datasets.py took 0.300 seconds
[2023-01-03T03:57:33.370+0000] {processor.py:153} INFO - Started process (PID=1331) to work on /home/airflow/.local/lib/python3.7/site-packages/airflow/example_dags/example_datasets.py
[2023-01-03T03:57:33.448+0000] {processor.py:743} INFO - Processing file /home/airflow/.local/lib/python3.7/site-packages/airflow/example_dags/example_datasets.py for tasks to queue
[2023-01-03T03:57:33.485+0000] {logging_mixin.py:137} INFO - [2023-01-03T03:57:33.482+0000] {dagbag.py:538} INFO - Filling up the DagBag from /home/airflow/.local/lib/python3.7/site-packages/airflow/example_dags/example_datasets.py
[2023-01-03T03:57:39.326+0000] {processor.py:753} INFO - DAG(s) dict_keys(['dataset_consumes_1', 'dataset_consumes_1_never_scheduled', 'dataset_produces_2', 'dataset_consumes_1_and_2', 'dataset_consumes_unknown_never_scheduled', 'dataset_produces_1']) retrieved from /home/airflow/.local/lib/python3.7/site-packages/airflow/example_dags/example_datasets.py
[2023-01-03T03:57:58.036+0000] {logging_mixin.py:137} INFO - [2023-01-03T03:57:58.035+0000] {dag.py:2676} INFO - Sync 6 DAGs
[2023-01-03T03:58:03.257+0000] {logging_mixin.py:137} INFO - [2023-01-03T03:58:03.183+0000] {dag.py:3427} INFO - Setting next_dagrun for dataset_consumes_1 to None, run_after=None
[2023-01-03T03:58:05.828+0000] {logging_mixin.py:137} INFO - [2023-01-03T03:58:05.827+0000] {dag.py:3427} INFO - Setting next_dagrun for dataset_consumes_1_and_2 to None, run_after=None
[2023-01-03T03:58:05.968+0000] {logging_mixin.py:137} INFO - [2023-01-03T03:58:05.900+0000] {dag.py:3427} INFO - Setting next_dagrun for dataset_consumes_1_never_scheduled to None, run_after=None
[2023-01-03T03:58:06.084+0000] {logging_mixin.py:137} INFO - [2023-01-03T03:58:06.084+0000] {dag.py:3427} INFO - Setting next_dagrun for dataset_consumes_unknown_never_scheduled to None, run_after=None
[2023-01-03T03:58:06.335+0000] {logging_mixin.py:137} INFO - [2023-01-03T03:58:06.328+0000] {dag.py:3427} INFO - Setting next_dagrun for dataset_produces_1 to 2023-01-02T00:00:00+00:00, run_after=2023-01-03T00:00:00+00:00
[2023-01-03T03:58:06.394+0000] {logging_mixin.py:137} INFO - [2023-01-03T03:58:06.393+0000] {dag.py:3427} INFO - Setting next_dagrun for dataset_produces_2 to None, run_after=None
[2023-01-03T03:58:08.558+0000] {processor.py:175} INFO - Processing /home/airflow/.local/lib/python3.7/site-packages/airflow/example_dags/example_datasets.py took 35.388 seconds
[2023-01-03T04:09:31.679+0000] {processor.py:153} INFO - Started process (PID=109) to work on /home/airflow/.local/lib/python3.7/site-packages/airflow/example_dags/example_datasets.py
[2023-01-03T04:09:31.681+0000] {processor.py:743} INFO - Processing file /home/airflow/.local/lib/python3.7/site-packages/airflow/example_dags/example_datasets.py for tasks to queue
[2023-01-03T04:09:31.682+0000] {logging_mixin.py:137} INFO - [2023-01-03T04:09:31.681+0000] {dagbag.py:538} INFO - Filling up the DagBag from /home/airflow/.local/lib/python3.7/site-packages/airflow/example_dags/example_datasets.py
[2023-01-03T04:09:31.714+0000] {processor.py:753} INFO - DAG(s) dict_keys(['dataset_consumes_unknown_never_scheduled', 'dataset_consumes_1', 'dataset_consumes_1_never_scheduled', 'dataset_produces_2', 'dataset_consumes_1_and_2', 'dataset_produces_1']) retrieved from /home/airflow/.local/lib/python3.7/site-packages/airflow/example_dags/example_datasets.py
[2023-01-03T04:09:31.939+0000] {logging_mixin.py:137} INFO - [2023-01-03T04:09:31.939+0000] {dag.py:2676} INFO - Sync 6 DAGs
[2023-01-03T04:09:31.971+0000] {logging_mixin.py:137} INFO - [2023-01-03T04:09:31.971+0000] {dag.py:3427} INFO - Setting next_dagrun for dataset_consumes_1 to None, run_after=None
[2023-01-03T04:09:31.974+0000] {logging_mixin.py:137} INFO - [2023-01-03T04:09:31.974+0000] {dag.py:3427} INFO - Setting next_dagrun for dataset_consumes_1_and_2 to None, run_after=None
[2023-01-03T04:09:31.978+0000] {logging_mixin.py:137} INFO - [2023-01-03T04:09:31.978+0000] {dag.py:3427} INFO - Setting next_dagrun for dataset_consumes_1_never_scheduled to None, run_after=None
[2023-01-03T04:09:31.980+0000] {logging_mixin.py:137} INFO - [2023-01-03T04:09:31.980+0000] {dag.py:3427} INFO - Setting next_dagrun for dataset_consumes_unknown_never_scheduled to None, run_after=None
[2023-01-03T04:09:31.985+0000] {logging_mixin.py:137} INFO - [2023-01-03T04:09:31.984+0000] {dag.py:3427} INFO - Setting next_dagrun for dataset_produces_1 to 2023-01-02T00:00:00+00:00, run_after=2023-01-03T00:00:00+00:00
[2023-01-03T04:09:31.993+0000] {logging_mixin.py:137} INFO - [2023-01-03T04:09:31.993+0000] {dag.py:3427} INFO - Setting next_dagrun for dataset_produces_2 to None, run_after=None
[2023-01-03T04:09:32.069+0000] {processor.py:175} INFO - Processing /home/airflow/.local/lib/python3.7/site-packages/airflow/example_dags/example_datasets.py took 0.393 seconds
[2023-01-03T04:10:02.199+0000] {processor.py:153} INFO - Started process (PID=171) to work on /home/airflow/.local/lib/python3.7/site-packages/airflow/example_dags/example_datasets.py
[2023-01-03T04:10:02.205+0000] {processor.py:743} INFO - Processing file /home/airflow/.local/lib/python3.7/site-packages/airflow/example_dags/example_datasets.py for tasks to queue
[2023-01-03T04:10:02.207+0000] {logging_mixin.py:137} INFO - [2023-01-03T04:10:02.207+0000] {dagbag.py:538} INFO - Filling up the DagBag from /home/airflow/.local/lib/python3.7/site-packages/airflow/example_dags/example_datasets.py
[2023-01-03T04:10:02.235+0000] {processor.py:753} INFO - DAG(s) dict_keys(['dataset_produces_2', 'dataset_produces_1', 'dataset_consumes_1_and_2', 'dataset_consumes_1_never_scheduled', 'dataset_consumes_unknown_never_scheduled', 'dataset_consumes_1']) retrieved from /home/airflow/.local/lib/python3.7/site-packages/airflow/example_dags/example_datasets.py
[2023-01-03T04:10:02.326+0000] {logging_mixin.py:137} INFO - [2023-01-03T04:10:02.325+0000] {dag.py:2676} INFO - Sync 6 DAGs
[2023-01-03T04:10:02.380+0000] {logging_mixin.py:137} INFO - [2023-01-03T04:10:02.380+0000] {dag.py:3427} INFO - Setting next_dagrun for dataset_consumes_1 to None, run_after=None
[2023-01-03T04:10:02.384+0000] {logging_mixin.py:137} INFO - [2023-01-03T04:10:02.384+0000] {dag.py:3427} INFO - Setting next_dagrun for dataset_consumes_1_and_2 to None, run_after=None
[2023-01-03T04:10:02.386+0000] {logging_mixin.py:137} INFO - [2023-01-03T04:10:02.386+0000] {dag.py:3427} INFO - Setting next_dagrun for dataset_consumes_1_never_scheduled to None, run_after=None
[2023-01-03T04:10:02.388+0000] {logging_mixin.py:137} INFO - [2023-01-03T04:10:02.388+0000] {dag.py:3427} INFO - Setting next_dagrun for dataset_consumes_unknown_never_scheduled to None, run_after=None
[2023-01-03T04:10:02.395+0000] {logging_mixin.py:137} INFO - [2023-01-03T04:10:02.395+0000] {dag.py:3427} INFO - Setting next_dagrun for dataset_produces_1 to 2023-01-02T00:00:00+00:00, run_after=2023-01-03T00:00:00+00:00
[2023-01-03T04:10:02.404+0000] {logging_mixin.py:137} INFO - [2023-01-03T04:10:02.404+0000] {dag.py:3427} INFO - Setting next_dagrun for dataset_produces_2 to None, run_after=None
[2023-01-03T04:10:02.463+0000] {processor.py:175} INFO - Processing /home/airflow/.local/lib/python3.7/site-packages/airflow/example_dags/example_datasets.py took 0.271 seconds
[2023-01-03T04:10:44.529+0000] {processor.py:153} INFO - Started process (PID=242) to work on /home/airflow/.local/lib/python3.7/site-packages/airflow/example_dags/example_datasets.py
[2023-01-03T04:10:44.548+0000] {processor.py:743} INFO - Processing file /home/airflow/.local/lib/python3.7/site-packages/airflow/example_dags/example_datasets.py for tasks to queue
[2023-01-03T04:10:44.550+0000] {logging_mixin.py:137} INFO - [2023-01-03T04:10:44.550+0000] {dagbag.py:538} INFO - Filling up the DagBag from /home/airflow/.local/lib/python3.7/site-packages/airflow/example_dags/example_datasets.py
[2023-01-03T04:10:44.602+0000] {processor.py:753} INFO - DAG(s) dict_keys(['dataset_produces_1', 'dataset_consumes_1_and_2', 'dataset_consumes_1_never_scheduled', 'dataset_consumes_unknown_never_scheduled', 'dataset_consumes_1', 'dataset_produces_2']) retrieved from /home/airflow/.local/lib/python3.7/site-packages/airflow/example_dags/example_datasets.py
[2023-01-03T04:10:44.896+0000] {logging_mixin.py:137} INFO - [2023-01-03T04:10:44.896+0000] {dag.py:2676} INFO - Sync 6 DAGs
[2023-01-03T04:10:45.021+0000] {logging_mixin.py:137} INFO - [2023-01-03T04:10:45.020+0000] {dag.py:3427} INFO - Setting next_dagrun for dataset_consumes_1 to None, run_after=None
[2023-01-03T04:10:45.032+0000] {logging_mixin.py:137} INFO - [2023-01-03T04:10:45.031+0000] {dag.py:3427} INFO - Setting next_dagrun for dataset_consumes_1_and_2 to None, run_after=None
[2023-01-03T04:10:45.038+0000] {logging_mixin.py:137} INFO - [2023-01-03T04:10:45.038+0000] {dag.py:3427} INFO - Setting next_dagrun for dataset_consumes_1_never_scheduled to None, run_after=None
[2023-01-03T04:10:45.049+0000] {logging_mixin.py:137} INFO - [2023-01-03T04:10:45.048+0000] {dag.py:3427} INFO - Setting next_dagrun for dataset_consumes_unknown_never_scheduled to None, run_after=None
[2023-01-03T04:10:45.069+0000] {logging_mixin.py:137} INFO - [2023-01-03T04:10:45.069+0000] {dag.py:3427} INFO - Setting next_dagrun for dataset_produces_1 to 2023-01-02T00:00:00+00:00, run_after=2023-01-03T00:00:00+00:00
[2023-01-03T04:10:45.081+0000] {logging_mixin.py:137} INFO - [2023-01-03T04:10:45.081+0000] {dag.py:3427} INFO - Setting next_dagrun for dataset_produces_2 to None, run_after=None
[2023-01-03T04:10:45.318+0000] {processor.py:175} INFO - Processing /home/airflow/.local/lib/python3.7/site-packages/airflow/example_dags/example_datasets.py took 0.794 seconds
[2023-01-03T04:11:16.886+0000] {processor.py:153} INFO - Started process (PID=294) to work on /home/airflow/.local/lib/python3.7/site-packages/airflow/example_dags/example_datasets.py
[2023-01-03T04:11:16.890+0000] {processor.py:743} INFO - Processing file /home/airflow/.local/lib/python3.7/site-packages/airflow/example_dags/example_datasets.py for tasks to queue
[2023-01-03T04:11:16.892+0000] {logging_mixin.py:137} INFO - [2023-01-03T04:11:16.891+0000] {dagbag.py:538} INFO - Filling up the DagBag from /home/airflow/.local/lib/python3.7/site-packages/airflow/example_dags/example_datasets.py
[2023-01-03T04:11:17.326+0000] {processor.py:753} INFO - DAG(s) dict_keys(['dataset_consumes_1_and_2', 'dataset_consumes_unknown_never_scheduled', 'dataset_consumes_1_never_scheduled', 'dataset_consumes_1', 'dataset_produces_2', 'dataset_produces_1']) retrieved from /home/airflow/.local/lib/python3.7/site-packages/airflow/example_dags/example_datasets.py
[2023-01-03T04:11:26.871+0000] {logging_mixin.py:137} INFO - [2023-01-03T04:11:26.866+0000] {dag.py:2676} INFO - Sync 6 DAGs
[2023-01-03T04:11:30.469+0000] {logging_mixin.py:137} INFO - [2023-01-03T04:11:30.463+0000] {dag.py:3427} INFO - Setting next_dagrun for dataset_consumes_1 to None, run_after=None
[2023-01-03T04:11:30.538+0000] {logging_mixin.py:137} INFO - [2023-01-03T04:11:30.538+0000] {dag.py:3427} INFO - Setting next_dagrun for dataset_consumes_1_and_2 to None, run_after=None
[2023-01-03T04:11:30.568+0000] {logging_mixin.py:137} INFO - [2023-01-03T04:11:30.568+0000] {dag.py:3427} INFO - Setting next_dagrun for dataset_consumes_1_never_scheduled to None, run_after=None
[2023-01-03T04:11:30.584+0000] {logging_mixin.py:137} INFO - [2023-01-03T04:11:30.584+0000] {dag.py:3427} INFO - Setting next_dagrun for dataset_consumes_unknown_never_scheduled to None, run_after=None
[2023-01-03T04:11:30.594+0000] {logging_mixin.py:137} INFO - [2023-01-03T04:11:30.593+0000] {dag.py:3427} INFO - Setting next_dagrun for dataset_produces_1 to 2023-01-02T00:00:00+00:00, run_after=2023-01-03T00:00:00+00:00
[2023-01-03T04:11:30.605+0000] {logging_mixin.py:137} INFO - [2023-01-03T04:11:30.605+0000] {dag.py:3427} INFO - Setting next_dagrun for dataset_produces_2 to None, run_after=None
[2023-01-03T04:11:31.068+0000] {processor.py:175} INFO - Processing /home/airflow/.local/lib/python3.7/site-packages/airflow/example_dags/example_datasets.py took 14.316 seconds
[2023-01-03T04:12:01.749+0000] {processor.py:153} INFO - Started process (PID=368) to work on /home/airflow/.local/lib/python3.7/site-packages/airflow/example_dags/example_datasets.py
[2023-01-03T04:12:01.751+0000] {processor.py:743} INFO - Processing file /home/airflow/.local/lib/python3.7/site-packages/airflow/example_dags/example_datasets.py for tasks to queue
[2023-01-03T04:12:01.759+0000] {logging_mixin.py:137} INFO - [2023-01-03T04:12:01.759+0000] {dagbag.py:538} INFO - Filling up the DagBag from /home/airflow/.local/lib/python3.7/site-packages/airflow/example_dags/example_datasets.py
[2023-01-03T04:12:01.978+0000] {processor.py:753} INFO - DAG(s) dict_keys(['dataset_produces_1', 'dataset_produces_2', 'dataset_consumes_1_and_2', 'dataset_consumes_1_never_scheduled', 'dataset_consumes_unknown_never_scheduled', 'dataset_consumes_1']) retrieved from /home/airflow/.local/lib/python3.7/site-packages/airflow/example_dags/example_datasets.py
[2023-01-03T04:12:02.193+0000] {logging_mixin.py:137} INFO - [2023-01-03T04:12:02.192+0000] {dag.py:2676} INFO - Sync 6 DAGs
[2023-01-03T04:12:02.387+0000] {logging_mixin.py:137} INFO - [2023-01-03T04:12:02.386+0000] {dag.py:3427} INFO - Setting next_dagrun for dataset_consumes_1 to None, run_after=None
[2023-01-03T04:12:02.411+0000] {logging_mixin.py:137} INFO - [2023-01-03T04:12:02.411+0000] {dag.py:3427} INFO - Setting next_dagrun for dataset_consumes_1_and_2 to None, run_after=None
[2023-01-03T04:12:02.438+0000] {logging_mixin.py:137} INFO - [2023-01-03T04:12:02.438+0000] {dag.py:3427} INFO - Setting next_dagrun for dataset_consumes_1_never_scheduled to None, run_after=None
[2023-01-03T04:12:02.441+0000] {logging_mixin.py:137} INFO - [2023-01-03T04:12:02.441+0000] {dag.py:3427} INFO - Setting next_dagrun for dataset_consumes_unknown_never_scheduled to None, run_after=None
[2023-01-03T04:12:02.451+0000] {logging_mixin.py:137} INFO - [2023-01-03T04:12:02.450+0000] {dag.py:3427} INFO - Setting next_dagrun for dataset_produces_1 to 2023-01-02T00:00:00+00:00, run_after=2023-01-03T00:00:00+00:00
[2023-01-03T04:12:02.454+0000] {logging_mixin.py:137} INFO - [2023-01-03T04:12:02.454+0000] {dag.py:3427} INFO - Setting next_dagrun for dataset_produces_2 to None, run_after=None
[2023-01-03T04:12:02.707+0000] {processor.py:175} INFO - Processing /home/airflow/.local/lib/python3.7/site-packages/airflow/example_dags/example_datasets.py took 0.975 seconds
[2023-01-03T04:13:51.637+0000] {processor.py:153} INFO - Started process (PID=460) to work on /home/airflow/.local/lib/python3.7/site-packages/airflow/example_dags/example_datasets.py
[2023-01-03T04:13:51.652+0000] {processor.py:743} INFO - Processing file /home/airflow/.local/lib/python3.7/site-packages/airflow/example_dags/example_datasets.py for tasks to queue
[2023-01-03T04:13:51.668+0000] {logging_mixin.py:137} INFO - [2023-01-03T04:13:51.668+0000] {dagbag.py:538} INFO - Filling up the DagBag from /home/airflow/.local/lib/python3.7/site-packages/airflow/example_dags/example_datasets.py
[2023-01-03T04:13:52.541+0000] {processor.py:753} INFO - DAG(s) dict_keys(['dataset_produces_1', 'dataset_consumes_1_and_2', 'dataset_consumes_unknown_never_scheduled', 'dataset_consumes_1_never_scheduled', 'dataset_produces_2', 'dataset_consumes_1']) retrieved from /home/airflow/.local/lib/python3.7/site-packages/airflow/example_dags/example_datasets.py
[2023-01-03T04:13:54.584+0000] {logging_mixin.py:137} INFO - [2023-01-03T04:13:54.567+0000] {dag.py:2676} INFO - Sync 6 DAGs
[2023-01-03T04:13:55.018+0000] {logging_mixin.py:137} INFO - [2023-01-03T04:13:55.010+0000] {dag.py:3427} INFO - Setting next_dagrun for dataset_consumes_1 to None, run_after=None
[2023-01-03T04:13:55.075+0000] {logging_mixin.py:137} INFO - [2023-01-03T04:13:55.075+0000] {dag.py:3427} INFO - Setting next_dagrun for dataset_consumes_1_and_2 to None, run_after=None
[2023-01-03T04:13:55.098+0000] {logging_mixin.py:137} INFO - [2023-01-03T04:13:55.097+0000] {dag.py:3427} INFO - Setting next_dagrun for dataset_consumes_1_never_scheduled to None, run_after=None
[2023-01-03T04:13:55.109+0000] {logging_mixin.py:137} INFO - [2023-01-03T04:13:55.109+0000] {dag.py:3427} INFO - Setting next_dagrun for dataset_consumes_unknown_never_scheduled to None, run_after=None
[2023-01-03T04:13:55.182+0000] {logging_mixin.py:137} INFO - [2023-01-03T04:13:55.182+0000] {dag.py:3427} INFO - Setting next_dagrun for dataset_produces_1 to 2023-01-02T00:00:00+00:00, run_after=2023-01-03T00:00:00+00:00
[2023-01-03T04:13:55.200+0000] {logging_mixin.py:137} INFO - [2023-01-03T04:13:55.200+0000] {dag.py:3427} INFO - Setting next_dagrun for dataset_produces_2 to None, run_after=None
[2023-01-03T04:13:55.844+0000] {processor.py:175} INFO - Processing /home/airflow/.local/lib/python3.7/site-packages/airflow/example_dags/example_datasets.py took 4.236 seconds
