[2023-01-03T03:44:27.471+0000] {processor.py:153} INFO - Started process (PID=51) to work on /home/airflow/.local/lib/python3.7/site-packages/airflow/example_dags/example_latest_only_with_trigger.py
[2023-01-03T03:44:27.473+0000] {processor.py:743} INFO - Processing file /home/airflow/.local/lib/python3.7/site-packages/airflow/example_dags/example_latest_only_with_trigger.py for tasks to queue
[2023-01-03T03:44:27.478+0000] {logging_mixin.py:137} INFO - [2023-01-03T03:44:27.477+0000] {dagbag.py:538} INFO - Filling up the DagBag from /home/airflow/.local/lib/python3.7/site-packages/airflow/example_dags/example_latest_only_with_trigger.py
[2023-01-03T03:44:27.678+0000] {processor.py:753} INFO - DAG(s) dict_keys(['latest_only_with_trigger']) retrieved from /home/airflow/.local/lib/python3.7/site-packages/airflow/example_dags/example_latest_only_with_trigger.py
[2023-01-03T03:44:27.948+0000] {logging_mixin.py:137} INFO - [2023-01-03T03:44:27.948+0000] {dag.py:2676} INFO - Sync 1 DAGs
[2023-01-03T03:44:28.130+0000] {logging_mixin.py:137} INFO - [2023-01-03T03:44:28.130+0000] {dag.py:3427} INFO - Setting next_dagrun for latest_only_with_trigger to 2023-01-02T23:44:28.130324+00:00, run_after=2023-01-03T03:44:28.130324+00:00
[2023-01-03T03:44:28.228+0000] {processor.py:175} INFO - Processing /home/airflow/.local/lib/python3.7/site-packages/airflow/example_dags/example_latest_only_with_trigger.py took 0.766 seconds
[2023-01-03T03:44:58.336+0000] {processor.py:153} INFO - Started process (PID=112) to work on /home/airflow/.local/lib/python3.7/site-packages/airflow/example_dags/example_latest_only_with_trigger.py
[2023-01-03T03:44:58.338+0000] {processor.py:743} INFO - Processing file /home/airflow/.local/lib/python3.7/site-packages/airflow/example_dags/example_latest_only_with_trigger.py for tasks to queue
[2023-01-03T03:44:58.339+0000] {logging_mixin.py:137} INFO - [2023-01-03T03:44:58.339+0000] {dagbag.py:538} INFO - Filling up the DagBag from /home/airflow/.local/lib/python3.7/site-packages/airflow/example_dags/example_latest_only_with_trigger.py
[2023-01-03T03:44:58.363+0000] {processor.py:753} INFO - DAG(s) dict_keys(['latest_only_with_trigger']) retrieved from /home/airflow/.local/lib/python3.7/site-packages/airflow/example_dags/example_latest_only_with_trigger.py
[2023-01-03T03:44:58.417+0000] {logging_mixin.py:137} INFO - [2023-01-03T03:44:58.416+0000] {dag.py:2676} INFO - Sync 1 DAGs
[2023-01-03T03:44:58.442+0000] {logging_mixin.py:137} INFO - [2023-01-03T03:44:58.442+0000] {dag.py:3427} INFO - Setting next_dagrun for latest_only_with_trigger to 2023-01-02T23:44:58.442624+00:00, run_after=2023-01-03T03:44:58.442624+00:00
[2023-01-03T03:44:58.459+0000] {processor.py:175} INFO - Processing /home/airflow/.local/lib/python3.7/site-packages/airflow/example_dags/example_latest_only_with_trigger.py took 0.127 seconds
[2023-01-03T03:45:29.298+0000] {processor.py:153} INFO - Started process (PID=174) to work on /home/airflow/.local/lib/python3.7/site-packages/airflow/example_dags/example_latest_only_with_trigger.py
[2023-01-03T03:45:29.302+0000] {processor.py:743} INFO - Processing file /home/airflow/.local/lib/python3.7/site-packages/airflow/example_dags/example_latest_only_with_trigger.py for tasks to queue
[2023-01-03T03:45:29.305+0000] {logging_mixin.py:137} INFO - [2023-01-03T03:45:29.305+0000] {dagbag.py:538} INFO - Filling up the DagBag from /home/airflow/.local/lib/python3.7/site-packages/airflow/example_dags/example_latest_only_with_trigger.py
[2023-01-03T03:45:29.345+0000] {processor.py:753} INFO - DAG(s) dict_keys(['latest_only_with_trigger']) retrieved from /home/airflow/.local/lib/python3.7/site-packages/airflow/example_dags/example_latest_only_with_trigger.py
[2023-01-03T03:45:29.444+0000] {logging_mixin.py:137} INFO - [2023-01-03T03:45:29.444+0000] {dag.py:2676} INFO - Sync 1 DAGs
[2023-01-03T03:45:29.502+0000] {logging_mixin.py:137} INFO - [2023-01-03T03:45:29.502+0000] {dag.py:3427} INFO - Setting next_dagrun for latest_only_with_trigger to 2023-01-02T23:45:29.502245+00:00, run_after=2023-01-03T03:45:29.502245+00:00
[2023-01-03T03:45:29.540+0000] {processor.py:175} INFO - Processing /home/airflow/.local/lib/python3.7/site-packages/airflow/example_dags/example_latest_only_with_trigger.py took 0.255 seconds
[2023-01-03T03:46:00.071+0000] {processor.py:153} INFO - Started process (PID=249) to work on /home/airflow/.local/lib/python3.7/site-packages/airflow/example_dags/example_latest_only_with_trigger.py
[2023-01-03T03:46:00.093+0000] {processor.py:743} INFO - Processing file /home/airflow/.local/lib/python3.7/site-packages/airflow/example_dags/example_latest_only_with_trigger.py for tasks to queue
[2023-01-03T03:46:00.098+0000] {logging_mixin.py:137} INFO - [2023-01-03T03:46:00.097+0000] {dagbag.py:538} INFO - Filling up the DagBag from /home/airflow/.local/lib/python3.7/site-packages/airflow/example_dags/example_latest_only_with_trigger.py
[2023-01-03T03:46:00.197+0000] {processor.py:753} INFO - DAG(s) dict_keys(['latest_only_with_trigger']) retrieved from /home/airflow/.local/lib/python3.7/site-packages/airflow/example_dags/example_latest_only_with_trigger.py
[2023-01-03T03:46:00.327+0000] {logging_mixin.py:137} INFO - [2023-01-03T03:46:00.327+0000] {dag.py:2676} INFO - Sync 1 DAGs
[2023-01-03T03:46:00.382+0000] {logging_mixin.py:137} INFO - [2023-01-03T03:46:00.382+0000] {dag.py:3427} INFO - Setting next_dagrun for latest_only_with_trigger to 2023-01-02T23:46:00.382368+00:00, run_after=2023-01-03T03:46:00.382368+00:00
[2023-01-03T03:46:00.420+0000] {processor.py:175} INFO - Processing /home/airflow/.local/lib/python3.7/site-packages/airflow/example_dags/example_latest_only_with_trigger.py took 0.357 seconds
[2023-01-03T03:46:30.771+0000] {processor.py:153} INFO - Started process (PID=310) to work on /home/airflow/.local/lib/python3.7/site-packages/airflow/example_dags/example_latest_only_with_trigger.py
[2023-01-03T03:46:30.789+0000] {processor.py:743} INFO - Processing file /home/airflow/.local/lib/python3.7/site-packages/airflow/example_dags/example_latest_only_with_trigger.py for tasks to queue
[2023-01-03T03:46:30.792+0000] {logging_mixin.py:137} INFO - [2023-01-03T03:46:30.792+0000] {dagbag.py:538} INFO - Filling up the DagBag from /home/airflow/.local/lib/python3.7/site-packages/airflow/example_dags/example_latest_only_with_trigger.py
[2023-01-03T03:46:30.896+0000] {processor.py:753} INFO - DAG(s) dict_keys(['latest_only_with_trigger']) retrieved from /home/airflow/.local/lib/python3.7/site-packages/airflow/example_dags/example_latest_only_with_trigger.py
[2023-01-03T03:46:31.010+0000] {logging_mixin.py:137} INFO - [2023-01-03T03:46:31.010+0000] {dag.py:2676} INFO - Sync 1 DAGs
[2023-01-03T03:46:31.065+0000] {logging_mixin.py:137} INFO - [2023-01-03T03:46:31.064+0000] {dag.py:3427} INFO - Setting next_dagrun for latest_only_with_trigger to 2023-01-02T23:46:31.064409+00:00, run_after=2023-01-03T03:46:31.064409+00:00
[2023-01-03T03:46:31.100+0000] {processor.py:175} INFO - Processing /home/airflow/.local/lib/python3.7/site-packages/airflow/example_dags/example_latest_only_with_trigger.py took 0.334 seconds
[2023-01-03T03:47:03.157+0000] {processor.py:153} INFO - Started process (PID=372) to work on /home/airflow/.local/lib/python3.7/site-packages/airflow/example_dags/example_latest_only_with_trigger.py
[2023-01-03T03:47:03.164+0000] {processor.py:743} INFO - Processing file /home/airflow/.local/lib/python3.7/site-packages/airflow/example_dags/example_latest_only_with_trigger.py for tasks to queue
[2023-01-03T03:47:03.166+0000] {logging_mixin.py:137} INFO - [2023-01-03T03:47:03.166+0000] {dagbag.py:538} INFO - Filling up the DagBag from /home/airflow/.local/lib/python3.7/site-packages/airflow/example_dags/example_latest_only_with_trigger.py
[2023-01-03T03:47:03.236+0000] {processor.py:753} INFO - DAG(s) dict_keys(['latest_only_with_trigger']) retrieved from /home/airflow/.local/lib/python3.7/site-packages/airflow/example_dags/example_latest_only_with_trigger.py
[2023-01-03T03:47:03.452+0000] {logging_mixin.py:137} INFO - [2023-01-03T03:47:03.452+0000] {dag.py:2676} INFO - Sync 1 DAGs
[2023-01-03T03:47:03.542+0000] {logging_mixin.py:137} INFO - [2023-01-03T03:47:03.542+0000] {dag.py:3427} INFO - Setting next_dagrun for latest_only_with_trigger to 2023-01-02T23:47:03.540115+00:00, run_after=2023-01-03T03:47:03.540115+00:00
[2023-01-03T03:47:03.620+0000] {processor.py:175} INFO - Processing /home/airflow/.local/lib/python3.7/site-packages/airflow/example_dags/example_latest_only_with_trigger.py took 0.472 seconds
[2023-01-03T03:47:34.275+0000] {processor.py:153} INFO - Started process (PID=434) to work on /home/airflow/.local/lib/python3.7/site-packages/airflow/example_dags/example_latest_only_with_trigger.py
[2023-01-03T03:47:34.282+0000] {processor.py:743} INFO - Processing file /home/airflow/.local/lib/python3.7/site-packages/airflow/example_dags/example_latest_only_with_trigger.py for tasks to queue
[2023-01-03T03:47:34.284+0000] {logging_mixin.py:137} INFO - [2023-01-03T03:47:34.284+0000] {dagbag.py:538} INFO - Filling up the DagBag from /home/airflow/.local/lib/python3.7/site-packages/airflow/example_dags/example_latest_only_with_trigger.py
[2023-01-03T03:47:34.325+0000] {processor.py:753} INFO - DAG(s) dict_keys(['latest_only_with_trigger']) retrieved from /home/airflow/.local/lib/python3.7/site-packages/airflow/example_dags/example_latest_only_with_trigger.py
[2023-01-03T03:47:34.398+0000] {logging_mixin.py:137} INFO - [2023-01-03T03:47:34.398+0000] {dag.py:2676} INFO - Sync 1 DAGs
[2023-01-03T03:47:34.440+0000] {logging_mixin.py:137} INFO - [2023-01-03T03:47:34.440+0000] {dag.py:3427} INFO - Setting next_dagrun for latest_only_with_trigger to 2023-01-02T23:47:34.440148+00:00, run_after=2023-01-03T03:47:34.440148+00:00
[2023-01-03T03:47:34.469+0000] {processor.py:175} INFO - Processing /home/airflow/.local/lib/python3.7/site-packages/airflow/example_dags/example_latest_only_with_trigger.py took 0.198 seconds
[2023-01-03T03:48:07.083+0000] {processor.py:153} INFO - Started process (PID=496) to work on /home/airflow/.local/lib/python3.7/site-packages/airflow/example_dags/example_latest_only_with_trigger.py
[2023-01-03T03:48:07.085+0000] {processor.py:743} INFO - Processing file /home/airflow/.local/lib/python3.7/site-packages/airflow/example_dags/example_latest_only_with_trigger.py for tasks to queue
[2023-01-03T03:48:07.087+0000] {logging_mixin.py:137} INFO - [2023-01-03T03:48:07.087+0000] {dagbag.py:538} INFO - Filling up the DagBag from /home/airflow/.local/lib/python3.7/site-packages/airflow/example_dags/example_latest_only_with_trigger.py
[2023-01-03T03:48:07.220+0000] {processor.py:753} INFO - DAG(s) dict_keys(['latest_only_with_trigger']) retrieved from /home/airflow/.local/lib/python3.7/site-packages/airflow/example_dags/example_latest_only_with_trigger.py
[2023-01-03T03:48:07.369+0000] {logging_mixin.py:137} INFO - [2023-01-03T03:48:07.369+0000] {dag.py:2676} INFO - Sync 1 DAGs
[2023-01-03T03:48:07.486+0000] {logging_mixin.py:137} INFO - [2023-01-03T03:48:07.486+0000] {dag.py:3427} INFO - Setting next_dagrun for latest_only_with_trigger to 2023-01-02T23:48:07.486583+00:00, run_after=2023-01-03T03:48:07.486583+00:00
[2023-01-03T03:48:07.568+0000] {processor.py:175} INFO - Processing /home/airflow/.local/lib/python3.7/site-packages/airflow/example_dags/example_latest_only_with_trigger.py took 0.489 seconds
[2023-01-03T03:48:38.208+0000] {processor.py:153} INFO - Started process (PID=558) to work on /home/airflow/.local/lib/python3.7/site-packages/airflow/example_dags/example_latest_only_with_trigger.py
[2023-01-03T03:48:38.214+0000] {processor.py:743} INFO - Processing file /home/airflow/.local/lib/python3.7/site-packages/airflow/example_dags/example_latest_only_with_trigger.py for tasks to queue
[2023-01-03T03:48:38.224+0000] {logging_mixin.py:137} INFO - [2023-01-03T03:48:38.224+0000] {dagbag.py:538} INFO - Filling up the DagBag from /home/airflow/.local/lib/python3.7/site-packages/airflow/example_dags/example_latest_only_with_trigger.py
[2023-01-03T03:48:38.313+0000] {processor.py:753} INFO - DAG(s) dict_keys(['latest_only_with_trigger']) retrieved from /home/airflow/.local/lib/python3.7/site-packages/airflow/example_dags/example_latest_only_with_trigger.py
[2023-01-03T03:48:38.497+0000] {logging_mixin.py:137} INFO - [2023-01-03T03:48:38.496+0000] {dag.py:2676} INFO - Sync 1 DAGs
[2023-01-03T03:48:38.634+0000] {logging_mixin.py:137} INFO - [2023-01-03T03:48:38.634+0000] {dag.py:3427} INFO - Setting next_dagrun for latest_only_with_trigger to 2023-01-02T23:48:38.634148+00:00, run_after=2023-01-03T03:48:38.634148+00:00
[2023-01-03T03:48:38.732+0000] {processor.py:175} INFO - Processing /home/airflow/.local/lib/python3.7/site-packages/airflow/example_dags/example_latest_only_with_trigger.py took 0.537 seconds
[2023-01-03T03:49:09.012+0000] {processor.py:153} INFO - Started process (PID=620) to work on /home/airflow/.local/lib/python3.7/site-packages/airflow/example_dags/example_latest_only_with_trigger.py
[2023-01-03T03:49:09.014+0000] {processor.py:743} INFO - Processing file /home/airflow/.local/lib/python3.7/site-packages/airflow/example_dags/example_latest_only_with_trigger.py for tasks to queue
[2023-01-03T03:49:09.014+0000] {logging_mixin.py:137} INFO - [2023-01-03T03:49:09.014+0000] {dagbag.py:538} INFO - Filling up the DagBag from /home/airflow/.local/lib/python3.7/site-packages/airflow/example_dags/example_latest_only_with_trigger.py
[2023-01-03T03:49:09.040+0000] {processor.py:753} INFO - DAG(s) dict_keys(['latest_only_with_trigger']) retrieved from /home/airflow/.local/lib/python3.7/site-packages/airflow/example_dags/example_latest_only_with_trigger.py
[2023-01-03T03:49:09.109+0000] {logging_mixin.py:137} INFO - [2023-01-03T03:49:09.109+0000] {dag.py:2676} INFO - Sync 1 DAGs
[2023-01-03T03:49:09.142+0000] {logging_mixin.py:137} INFO - [2023-01-03T03:49:09.142+0000] {dag.py:3427} INFO - Setting next_dagrun for latest_only_with_trigger to 2023-01-02T23:49:09.142452+00:00, run_after=2023-01-03T03:49:09.142452+00:00
[2023-01-03T03:49:09.164+0000] {processor.py:175} INFO - Processing /home/airflow/.local/lib/python3.7/site-packages/airflow/example_dags/example_latest_only_with_trigger.py took 0.162 seconds
[2023-01-03T03:49:39.456+0000] {processor.py:153} INFO - Started process (PID=682) to work on /home/airflow/.local/lib/python3.7/site-packages/airflow/example_dags/example_latest_only_with_trigger.py
[2023-01-03T03:49:39.463+0000] {processor.py:743} INFO - Processing file /home/airflow/.local/lib/python3.7/site-packages/airflow/example_dags/example_latest_only_with_trigger.py for tasks to queue
[2023-01-03T03:49:39.464+0000] {logging_mixin.py:137} INFO - [2023-01-03T03:49:39.464+0000] {dagbag.py:538} INFO - Filling up the DagBag from /home/airflow/.local/lib/python3.7/site-packages/airflow/example_dags/example_latest_only_with_trigger.py
[2023-01-03T03:49:39.513+0000] {processor.py:753} INFO - DAG(s) dict_keys(['latest_only_with_trigger']) retrieved from /home/airflow/.local/lib/python3.7/site-packages/airflow/example_dags/example_latest_only_with_trigger.py
[2023-01-03T03:49:39.621+0000] {logging_mixin.py:137} INFO - [2023-01-03T03:49:39.621+0000] {dag.py:2676} INFO - Sync 1 DAGs
[2023-01-03T03:49:39.689+0000] {logging_mixin.py:137} INFO - [2023-01-03T03:49:39.689+0000] {dag.py:3427} INFO - Setting next_dagrun for latest_only_with_trigger to 2023-01-02T23:49:39.689109+00:00, run_after=2023-01-03T03:49:39.689109+00:00
[2023-01-03T03:49:39.746+0000] {processor.py:175} INFO - Processing /home/airflow/.local/lib/python3.7/site-packages/airflow/example_dags/example_latest_only_with_trigger.py took 0.303 seconds
[2023-01-03T03:50:10.479+0000] {processor.py:153} INFO - Started process (PID=744) to work on /home/airflow/.local/lib/python3.7/site-packages/airflow/example_dags/example_latest_only_with_trigger.py
[2023-01-03T03:50:10.482+0000] {processor.py:743} INFO - Processing file /home/airflow/.local/lib/python3.7/site-packages/airflow/example_dags/example_latest_only_with_trigger.py for tasks to queue
[2023-01-03T03:50:10.485+0000] {logging_mixin.py:137} INFO - [2023-01-03T03:50:10.485+0000] {dagbag.py:538} INFO - Filling up the DagBag from /home/airflow/.local/lib/python3.7/site-packages/airflow/example_dags/example_latest_only_with_trigger.py
[2023-01-03T03:50:10.584+0000] {processor.py:753} INFO - DAG(s) dict_keys(['latest_only_with_trigger']) retrieved from /home/airflow/.local/lib/python3.7/site-packages/airflow/example_dags/example_latest_only_with_trigger.py
[2023-01-03T03:50:10.671+0000] {logging_mixin.py:137} INFO - [2023-01-03T03:50:10.671+0000] {dag.py:2676} INFO - Sync 1 DAGs
[2023-01-03T03:50:10.747+0000] {logging_mixin.py:137} INFO - [2023-01-03T03:50:10.747+0000] {dag.py:3427} INFO - Setting next_dagrun for latest_only_with_trigger to 2023-01-02T23:50:10.746568+00:00, run_after=2023-01-03T03:50:10.746568+00:00
[2023-01-03T03:50:10.804+0000] {processor.py:175} INFO - Processing /home/airflow/.local/lib/python3.7/site-packages/airflow/example_dags/example_latest_only_with_trigger.py took 0.338 seconds
[2023-01-03T03:50:41.248+0000] {processor.py:153} INFO - Started process (PID=806) to work on /home/airflow/.local/lib/python3.7/site-packages/airflow/example_dags/example_latest_only_with_trigger.py
[2023-01-03T03:50:41.253+0000] {processor.py:743} INFO - Processing file /home/airflow/.local/lib/python3.7/site-packages/airflow/example_dags/example_latest_only_with_trigger.py for tasks to queue
[2023-01-03T03:50:41.254+0000] {logging_mixin.py:137} INFO - [2023-01-03T03:50:41.254+0000] {dagbag.py:538} INFO - Filling up the DagBag from /home/airflow/.local/lib/python3.7/site-packages/airflow/example_dags/example_latest_only_with_trigger.py
[2023-01-03T03:50:41.272+0000] {processor.py:753} INFO - DAG(s) dict_keys(['latest_only_with_trigger']) retrieved from /home/airflow/.local/lib/python3.7/site-packages/airflow/example_dags/example_latest_only_with_trigger.py
[2023-01-03T03:50:41.334+0000] {logging_mixin.py:137} INFO - [2023-01-03T03:50:41.334+0000] {dag.py:2676} INFO - Sync 1 DAGs
[2023-01-03T03:50:41.367+0000] {logging_mixin.py:137} INFO - [2023-01-03T03:50:41.367+0000] {dag.py:3427} INFO - Setting next_dagrun for latest_only_with_trigger to 2023-01-02T23:50:41.367613+00:00, run_after=2023-01-03T03:50:41.367613+00:00
[2023-01-03T03:50:41.395+0000] {processor.py:175} INFO - Processing /home/airflow/.local/lib/python3.7/site-packages/airflow/example_dags/example_latest_only_with_trigger.py took 0.152 seconds
[2023-01-03T03:51:12.348+0000] {processor.py:153} INFO - Started process (PID=869) to work on /home/airflow/.local/lib/python3.7/site-packages/airflow/example_dags/example_latest_only_with_trigger.py
[2023-01-03T03:51:12.355+0000] {processor.py:743} INFO - Processing file /home/airflow/.local/lib/python3.7/site-packages/airflow/example_dags/example_latest_only_with_trigger.py for tasks to queue
[2023-01-03T03:51:12.358+0000] {logging_mixin.py:137} INFO - [2023-01-03T03:51:12.358+0000] {dagbag.py:538} INFO - Filling up the DagBag from /home/airflow/.local/lib/python3.7/site-packages/airflow/example_dags/example_latest_only_with_trigger.py
[2023-01-03T03:51:12.404+0000] {processor.py:753} INFO - DAG(s) dict_keys(['latest_only_with_trigger']) retrieved from /home/airflow/.local/lib/python3.7/site-packages/airflow/example_dags/example_latest_only_with_trigger.py
[2023-01-03T03:51:12.494+0000] {logging_mixin.py:137} INFO - [2023-01-03T03:51:12.494+0000] {dag.py:2676} INFO - Sync 1 DAGs
[2023-01-03T03:51:12.535+0000] {logging_mixin.py:137} INFO - [2023-01-03T03:51:12.535+0000] {dag.py:3427} INFO - Setting next_dagrun for latest_only_with_trigger to 2023-01-02T23:51:12.535254+00:00, run_after=2023-01-03T03:51:12.535254+00:00
[2023-01-03T03:51:12.601+0000] {processor.py:175} INFO - Processing /home/airflow/.local/lib/python3.7/site-packages/airflow/example_dags/example_latest_only_with_trigger.py took 0.256 seconds
[2023-01-03T03:51:43.616+0000] {processor.py:153} INFO - Started process (PID=931) to work on /home/airflow/.local/lib/python3.7/site-packages/airflow/example_dags/example_latest_only_with_trigger.py
[2023-01-03T03:51:43.622+0000] {processor.py:743} INFO - Processing file /home/airflow/.local/lib/python3.7/site-packages/airflow/example_dags/example_latest_only_with_trigger.py for tasks to queue
[2023-01-03T03:51:43.624+0000] {logging_mixin.py:137} INFO - [2023-01-03T03:51:43.623+0000] {dagbag.py:538} INFO - Filling up the DagBag from /home/airflow/.local/lib/python3.7/site-packages/airflow/example_dags/example_latest_only_with_trigger.py
[2023-01-03T03:51:43.670+0000] {processor.py:753} INFO - DAG(s) dict_keys(['latest_only_with_trigger']) retrieved from /home/airflow/.local/lib/python3.7/site-packages/airflow/example_dags/example_latest_only_with_trigger.py
[2023-01-03T03:51:43.805+0000] {logging_mixin.py:137} INFO - [2023-01-03T03:51:43.805+0000] {dag.py:2676} INFO - Sync 1 DAGs
[2023-01-03T03:51:43.869+0000] {logging_mixin.py:137} INFO - [2023-01-03T03:51:43.869+0000] {dag.py:3427} INFO - Setting next_dagrun for latest_only_with_trigger to 2023-01-02T23:51:43.869345+00:00, run_after=2023-01-03T03:51:43.869345+00:00
[2023-01-03T03:51:43.917+0000] {processor.py:175} INFO - Processing /home/airflow/.local/lib/python3.7/site-packages/airflow/example_dags/example_latest_only_with_trigger.py took 0.312 seconds
[2023-01-03T03:52:14.539+0000] {processor.py:153} INFO - Started process (PID=992) to work on /home/airflow/.local/lib/python3.7/site-packages/airflow/example_dags/example_latest_only_with_trigger.py
[2023-01-03T03:52:14.540+0000] {processor.py:743} INFO - Processing file /home/airflow/.local/lib/python3.7/site-packages/airflow/example_dags/example_latest_only_with_trigger.py for tasks to queue
[2023-01-03T03:52:14.541+0000] {logging_mixin.py:137} INFO - [2023-01-03T03:52:14.541+0000] {dagbag.py:538} INFO - Filling up the DagBag from /home/airflow/.local/lib/python3.7/site-packages/airflow/example_dags/example_latest_only_with_trigger.py
[2023-01-03T03:52:14.602+0000] {processor.py:753} INFO - DAG(s) dict_keys(['latest_only_with_trigger']) retrieved from /home/airflow/.local/lib/python3.7/site-packages/airflow/example_dags/example_latest_only_with_trigger.py
[2023-01-03T03:52:14.730+0000] {logging_mixin.py:137} INFO - [2023-01-03T03:52:14.730+0000] {dag.py:2676} INFO - Sync 1 DAGs
[2023-01-03T03:52:14.806+0000] {logging_mixin.py:137} INFO - [2023-01-03T03:52:14.806+0000] {dag.py:3427} INFO - Setting next_dagrun for latest_only_with_trigger to 2023-01-02T23:52:14.806255+00:00, run_after=2023-01-03T03:52:14.806255+00:00
[2023-01-03T03:52:14.895+0000] {processor.py:175} INFO - Processing /home/airflow/.local/lib/python3.7/site-packages/airflow/example_dags/example_latest_only_with_trigger.py took 0.374 seconds
[2023-01-03T03:52:56.238+0000] {processor.py:153} INFO - Started process (PID=1056) to work on /home/airflow/.local/lib/python3.7/site-packages/airflow/example_dags/example_latest_only_with_trigger.py
[2023-01-03T03:52:56.250+0000] {processor.py:743} INFO - Processing file /home/airflow/.local/lib/python3.7/site-packages/airflow/example_dags/example_latest_only_with_trigger.py for tasks to queue
[2023-01-03T03:52:56.278+0000] {logging_mixin.py:137} INFO - [2023-01-03T03:52:56.268+0000] {dagbag.py:538} INFO - Filling up the DagBag from /home/airflow/.local/lib/python3.7/site-packages/airflow/example_dags/example_latest_only_with_trigger.py
[2023-01-03T03:52:56.375+0000] {processor.py:753} INFO - DAG(s) dict_keys(['latest_only_with_trigger']) retrieved from /home/airflow/.local/lib/python3.7/site-packages/airflow/example_dags/example_latest_only_with_trigger.py
[2023-01-03T03:52:56.472+0000] {logging_mixin.py:137} INFO - [2023-01-03T03:52:56.472+0000] {dag.py:2676} INFO - Sync 1 DAGs
[2023-01-03T03:52:56.529+0000] {logging_mixin.py:137} INFO - [2023-01-03T03:52:56.529+0000] {dag.py:3427} INFO - Setting next_dagrun for latest_only_with_trigger to 2023-01-02T23:52:56.528664+00:00, run_after=2023-01-03T03:52:56.528664+00:00
[2023-01-03T03:52:56.575+0000] {processor.py:175} INFO - Processing /home/airflow/.local/lib/python3.7/site-packages/airflow/example_dags/example_latest_only_with_trigger.py took 0.353 seconds
[2023-01-03T03:53:43.846+0000] {processor.py:153} INFO - Started process (PID=1106) to work on /home/airflow/.local/lib/python3.7/site-packages/airflow/example_dags/example_latest_only_with_trigger.py
[2023-01-03T03:53:43.859+0000] {processor.py:743} INFO - Processing file /home/airflow/.local/lib/python3.7/site-packages/airflow/example_dags/example_latest_only_with_trigger.py for tasks to queue
[2023-01-03T03:53:43.863+0000] {logging_mixin.py:137} INFO - [2023-01-03T03:53:43.862+0000] {dagbag.py:538} INFO - Filling up the DagBag from /home/airflow/.local/lib/python3.7/site-packages/airflow/example_dags/example_latest_only_with_trigger.py
[2023-01-03T03:53:43.917+0000] {processor.py:753} INFO - DAG(s) dict_keys(['latest_only_with_trigger']) retrieved from /home/airflow/.local/lib/python3.7/site-packages/airflow/example_dags/example_latest_only_with_trigger.py
[2023-01-03T03:53:44.014+0000] {logging_mixin.py:137} INFO - [2023-01-03T03:53:44.014+0000] {dag.py:2676} INFO - Sync 1 DAGs
[2023-01-03T03:53:44.101+0000] {logging_mixin.py:137} INFO - [2023-01-03T03:53:44.101+0000] {dag.py:3427} INFO - Setting next_dagrun for latest_only_with_trigger to 2023-01-02T23:53:44.101473+00:00, run_after=2023-01-03T03:53:44.101473+00:00
[2023-01-03T03:53:44.177+0000] {processor.py:175} INFO - Processing /home/airflow/.local/lib/python3.7/site-packages/airflow/example_dags/example_latest_only_with_trigger.py took 0.334 seconds
[2023-01-03T03:54:15.405+0000] {processor.py:153} INFO - Started process (PID=1168) to work on /home/airflow/.local/lib/python3.7/site-packages/airflow/example_dags/example_latest_only_with_trigger.py
[2023-01-03T03:54:15.411+0000] {processor.py:743} INFO - Processing file /home/airflow/.local/lib/python3.7/site-packages/airflow/example_dags/example_latest_only_with_trigger.py for tasks to queue
[2023-01-03T03:54:15.414+0000] {logging_mixin.py:137} INFO - [2023-01-03T03:54:15.414+0000] {dagbag.py:538} INFO - Filling up the DagBag from /home/airflow/.local/lib/python3.7/site-packages/airflow/example_dags/example_latest_only_with_trigger.py
[2023-01-03T03:54:15.497+0000] {processor.py:753} INFO - DAG(s) dict_keys(['latest_only_with_trigger']) retrieved from /home/airflow/.local/lib/python3.7/site-packages/airflow/example_dags/example_latest_only_with_trigger.py
[2023-01-03T03:54:15.643+0000] {logging_mixin.py:137} INFO - [2023-01-03T03:54:15.643+0000] {dag.py:2676} INFO - Sync 1 DAGs
[2023-01-03T03:54:15.776+0000] {logging_mixin.py:137} INFO - [2023-01-03T03:54:15.776+0000] {dag.py:3427} INFO - Setting next_dagrun for latest_only_with_trigger to 2023-01-02T23:54:15.776155+00:00, run_after=2023-01-03T03:54:15.776155+00:00
[2023-01-03T03:54:15.931+0000] {processor.py:175} INFO - Processing /home/airflow/.local/lib/python3.7/site-packages/airflow/example_dags/example_latest_only_with_trigger.py took 0.543 seconds
[2023-01-03T03:54:46.078+0000] {processor.py:153} INFO - Started process (PID=1229) to work on /home/airflow/.local/lib/python3.7/site-packages/airflow/example_dags/example_latest_only_with_trigger.py
[2023-01-03T03:54:46.080+0000] {processor.py:743} INFO - Processing file /home/airflow/.local/lib/python3.7/site-packages/airflow/example_dags/example_latest_only_with_trigger.py for tasks to queue
[2023-01-03T03:54:46.081+0000] {logging_mixin.py:137} INFO - [2023-01-03T03:54:46.081+0000] {dagbag.py:538} INFO - Filling up the DagBag from /home/airflow/.local/lib/python3.7/site-packages/airflow/example_dags/example_latest_only_with_trigger.py
[2023-01-03T03:54:46.116+0000] {processor.py:753} INFO - DAG(s) dict_keys(['latest_only_with_trigger']) retrieved from /home/airflow/.local/lib/python3.7/site-packages/airflow/example_dags/example_latest_only_with_trigger.py
[2023-01-03T03:54:46.224+0000] {logging_mixin.py:137} INFO - [2023-01-03T03:54:46.223+0000] {dag.py:2676} INFO - Sync 1 DAGs
[2023-01-03T03:54:46.320+0000] {logging_mixin.py:137} INFO - [2023-01-03T03:54:46.320+0000] {dag.py:3427} INFO - Setting next_dagrun for latest_only_with_trigger to 2023-01-02T23:54:46.320468+00:00, run_after=2023-01-03T03:54:46.320468+00:00
[2023-01-03T03:54:46.366+0000] {processor.py:175} INFO - Processing /home/airflow/.local/lib/python3.7/site-packages/airflow/example_dags/example_latest_only_with_trigger.py took 0.299 seconds
[2023-01-03T04:00:20.266+0000] {processor.py:153} INFO - Started process (PID=60) to work on /home/airflow/.local/lib/python3.7/site-packages/airflow/example_dags/example_latest_only_with_trigger.py
[2023-01-03T04:00:20.296+0000] {processor.py:743} INFO - Processing file /home/airflow/.local/lib/python3.7/site-packages/airflow/example_dags/example_latest_only_with_trigger.py for tasks to queue
[2023-01-03T04:00:20.307+0000] {logging_mixin.py:137} INFO - [2023-01-03T04:00:20.307+0000] {dagbag.py:538} INFO - Filling up the DagBag from /home/airflow/.local/lib/python3.7/site-packages/airflow/example_dags/example_latest_only_with_trigger.py
[2023-01-03T04:00:20.455+0000] {processor.py:753} INFO - DAG(s) dict_keys(['latest_only_with_trigger']) retrieved from /home/airflow/.local/lib/python3.7/site-packages/airflow/example_dags/example_latest_only_with_trigger.py
[2023-01-03T04:00:20.740+0000] {logging_mixin.py:137} INFO - [2023-01-03T04:00:20.740+0000] {dag.py:2676} INFO - Sync 1 DAGs
[2023-01-03T04:00:20.965+0000] {logging_mixin.py:137} INFO - [2023-01-03T04:00:20.965+0000] {dag.py:3427} INFO - Setting next_dagrun for latest_only_with_trigger to 2023-01-03T00:00:20.964677+00:00, run_after=2023-01-03T04:00:20.964677+00:00
[2023-01-03T04:00:21.119+0000] {processor.py:175} INFO - Processing /home/airflow/.local/lib/python3.7/site-packages/airflow/example_dags/example_latest_only_with_trigger.py took 0.873 seconds
[2023-01-03T04:03:11.430+0000] {processor.py:153} INFO - Started process (PID=113) to work on /home/airflow/.local/lib/python3.7/site-packages/airflow/example_dags/example_latest_only_with_trigger.py
[2023-01-03T04:03:11.471+0000] {processor.py:743} INFO - Processing file /home/airflow/.local/lib/python3.7/site-packages/airflow/example_dags/example_latest_only_with_trigger.py for tasks to queue
[2023-01-03T04:03:11.543+0000] {logging_mixin.py:137} INFO - [2023-01-03T04:03:11.543+0000] {dagbag.py:538} INFO - Filling up the DagBag from /home/airflow/.local/lib/python3.7/site-packages/airflow/example_dags/example_latest_only_with_trigger.py
[2023-01-03T04:03:12.074+0000] {processor.py:753} INFO - DAG(s) dict_keys(['latest_only_with_trigger']) retrieved from /home/airflow/.local/lib/python3.7/site-packages/airflow/example_dags/example_latest_only_with_trigger.py
[2023-01-03T04:03:13.091+0000] {logging_mixin.py:137} INFO - [2023-01-03T04:03:13.089+0000] {dag.py:2676} INFO - Sync 1 DAGs
[2023-01-03T04:03:14.131+0000] {logging_mixin.py:137} INFO - [2023-01-03T04:03:14.131+0000] {dag.py:3427} INFO - Setting next_dagrun for latest_only_with_trigger to 2023-01-03T00:03:14.130498+00:00, run_after=2023-01-03T04:03:14.130498+00:00
[2023-01-03T04:03:14.687+0000] {processor.py:175} INFO - Processing /home/airflow/.local/lib/python3.7/site-packages/airflow/example_dags/example_latest_only_with_trigger.py took 3.330 seconds
[2023-01-03T04:06:26.165+0000] {processor.py:153} INFO - Started process (PID=80) to work on /home/airflow/.local/lib/python3.7/site-packages/airflow/example_dags/example_latest_only_with_trigger.py
[2023-01-03T04:06:26.174+0000] {processor.py:743} INFO - Processing file /home/airflow/.local/lib/python3.7/site-packages/airflow/example_dags/example_latest_only_with_trigger.py for tasks to queue
[2023-01-03T04:06:26.232+0000] {logging_mixin.py:137} INFO - [2023-01-03T04:06:26.231+0000] {dagbag.py:538} INFO - Filling up the DagBag from /home/airflow/.local/lib/python3.7/site-packages/airflow/example_dags/example_latest_only_with_trigger.py
[2023-01-03T04:06:27.940+0000] {processor.py:753} INFO - DAG(s) dict_keys(['latest_only_with_trigger']) retrieved from /home/airflow/.local/lib/python3.7/site-packages/airflow/example_dags/example_latest_only_with_trigger.py
[2023-01-03T04:07:34.207+0000] {processor.py:153} INFO - Started process (PID=63) to work on /home/airflow/.local/lib/python3.7/site-packages/airflow/example_dags/example_latest_only_with_trigger.py
[2023-01-03T04:07:34.217+0000] {processor.py:743} INFO - Processing file /home/airflow/.local/lib/python3.7/site-packages/airflow/example_dags/example_latest_only_with_trigger.py for tasks to queue
[2023-01-03T04:07:34.227+0000] {logging_mixin.py:137} INFO - [2023-01-03T04:07:34.226+0000] {dagbag.py:538} INFO - Filling up the DagBag from /home/airflow/.local/lib/python3.7/site-packages/airflow/example_dags/example_latest_only_with_trigger.py
[2023-01-03T04:07:34.346+0000] {processor.py:753} INFO - DAG(s) dict_keys(['latest_only_with_trigger']) retrieved from /home/airflow/.local/lib/python3.7/site-packages/airflow/example_dags/example_latest_only_with_trigger.py
[2023-01-03T04:07:34.629+0000] {logging_mixin.py:137} INFO - [2023-01-03T04:07:34.629+0000] {dag.py:2676} INFO - Sync 1 DAGs
[2023-01-03T04:07:34.784+0000] {logging_mixin.py:137} INFO - [2023-01-03T04:07:34.784+0000] {dag.py:3427} INFO - Setting next_dagrun for latest_only_with_trigger to 2023-01-03T00:07:34.783737+00:00, run_after=2023-01-03T04:07:34.783737+00:00
[2023-01-03T04:07:35.167+0000] {processor.py:175} INFO - Processing /home/airflow/.local/lib/python3.7/site-packages/airflow/example_dags/example_latest_only_with_trigger.py took 0.982 seconds
[2023-01-03T04:09:22.425+0000] {processor.py:153} INFO - Started process (PID=86) to work on /home/airflow/.local/lib/python3.7/site-packages/airflow/example_dags/example_latest_only_with_trigger.py
[2023-01-03T04:09:22.444+0000] {processor.py:743} INFO - Processing file /home/airflow/.local/lib/python3.7/site-packages/airflow/example_dags/example_latest_only_with_trigger.py for tasks to queue
[2023-01-03T04:09:22.445+0000] {logging_mixin.py:137} INFO - [2023-01-03T04:09:22.445+0000] {dagbag.py:538} INFO - Filling up the DagBag from /home/airflow/.local/lib/python3.7/site-packages/airflow/example_dags/example_latest_only_with_trigger.py
[2023-01-03T04:09:22.560+0000] {processor.py:753} INFO - DAG(s) dict_keys(['latest_only_with_trigger']) retrieved from /home/airflow/.local/lib/python3.7/site-packages/airflow/example_dags/example_latest_only_with_trigger.py
[2023-01-03T04:09:22.725+0000] {logging_mixin.py:137} INFO - [2023-01-03T04:09:22.724+0000] {dag.py:2676} INFO - Sync 1 DAGs
[2023-01-03T04:09:22.810+0000] {logging_mixin.py:137} INFO - [2023-01-03T04:09:22.810+0000] {dag.py:3427} INFO - Setting next_dagrun for latest_only_with_trigger to 2023-01-03T00:09:22.810428+00:00, run_after=2023-01-03T04:09:22.810428+00:00
[2023-01-03T04:09:22.890+0000] {processor.py:175} INFO - Processing /home/airflow/.local/lib/python3.7/site-packages/airflow/example_dags/example_latest_only_with_trigger.py took 0.469 seconds
[2023-01-03T04:09:53.630+0000] {processor.py:153} INFO - Started process (PID=148) to work on /home/airflow/.local/lib/python3.7/site-packages/airflow/example_dags/example_latest_only_with_trigger.py
[2023-01-03T04:09:53.648+0000] {processor.py:743} INFO - Processing file /home/airflow/.local/lib/python3.7/site-packages/airflow/example_dags/example_latest_only_with_trigger.py for tasks to queue
[2023-01-03T04:09:53.653+0000] {logging_mixin.py:137} INFO - [2023-01-03T04:09:53.653+0000] {dagbag.py:538} INFO - Filling up the DagBag from /home/airflow/.local/lib/python3.7/site-packages/airflow/example_dags/example_latest_only_with_trigger.py
[2023-01-03T04:09:53.752+0000] {processor.py:753} INFO - DAG(s) dict_keys(['latest_only_with_trigger']) retrieved from /home/airflow/.local/lib/python3.7/site-packages/airflow/example_dags/example_latest_only_with_trigger.py
[2023-01-03T04:09:53.964+0000] {logging_mixin.py:137} INFO - [2023-01-03T04:09:53.964+0000] {dag.py:2676} INFO - Sync 1 DAGs
[2023-01-03T04:09:54.066+0000] {logging_mixin.py:137} INFO - [2023-01-03T04:09:54.066+0000] {dag.py:3427} INFO - Setting next_dagrun for latest_only_with_trigger to 2023-01-03T00:09:54.066466+00:00, run_after=2023-01-03T04:09:54.066466+00:00
[2023-01-03T04:09:54.090+0000] {processor.py:175} INFO - Processing /home/airflow/.local/lib/python3.7/site-packages/airflow/example_dags/example_latest_only_with_trigger.py took 0.479 seconds
[2023-01-03T04:10:26.666+0000] {processor.py:153} INFO - Started process (PID=210) to work on /home/airflow/.local/lib/python3.7/site-packages/airflow/example_dags/example_latest_only_with_trigger.py
[2023-01-03T04:10:26.686+0000] {processor.py:743} INFO - Processing file /home/airflow/.local/lib/python3.7/site-packages/airflow/example_dags/example_latest_only_with_trigger.py for tasks to queue
[2023-01-03T04:10:26.703+0000] {logging_mixin.py:137} INFO - [2023-01-03T04:10:26.700+0000] {dagbag.py:538} INFO - Filling up the DagBag from /home/airflow/.local/lib/python3.7/site-packages/airflow/example_dags/example_latest_only_with_trigger.py
[2023-01-03T04:10:26.889+0000] {processor.py:753} INFO - DAG(s) dict_keys(['latest_only_with_trigger']) retrieved from /home/airflow/.local/lib/python3.7/site-packages/airflow/example_dags/example_latest_only_with_trigger.py
[2023-01-03T04:10:27.350+0000] {logging_mixin.py:137} INFO - [2023-01-03T04:10:27.350+0000] {dag.py:2676} INFO - Sync 1 DAGs
[2023-01-03T04:10:27.488+0000] {logging_mixin.py:137} INFO - [2023-01-03T04:10:27.488+0000] {dag.py:3427} INFO - Setting next_dagrun for latest_only_with_trigger to 2023-01-03T00:10:27.487515+00:00, run_after=2023-01-03T04:10:27.487515+00:00
[2023-01-03T04:10:27.577+0000] {processor.py:175} INFO - Processing /home/airflow/.local/lib/python3.7/site-packages/airflow/example_dags/example_latest_only_with_trigger.py took 0.973 seconds
[2023-01-03T04:10:58.261+0000] {processor.py:153} INFO - Started process (PID=260) to work on /home/airflow/.local/lib/python3.7/site-packages/airflow/example_dags/example_latest_only_with_trigger.py
[2023-01-03T04:10:58.273+0000] {processor.py:743} INFO - Processing file /home/airflow/.local/lib/python3.7/site-packages/airflow/example_dags/example_latest_only_with_trigger.py for tasks to queue
[2023-01-03T04:10:58.277+0000] {logging_mixin.py:137} INFO - [2023-01-03T04:10:58.276+0000] {dagbag.py:538} INFO - Filling up the DagBag from /home/airflow/.local/lib/python3.7/site-packages/airflow/example_dags/example_latest_only_with_trigger.py
[2023-01-03T04:10:58.376+0000] {processor.py:753} INFO - DAG(s) dict_keys(['latest_only_with_trigger']) retrieved from /home/airflow/.local/lib/python3.7/site-packages/airflow/example_dags/example_latest_only_with_trigger.py
[2023-01-03T04:10:58.658+0000] {logging_mixin.py:137} INFO - [2023-01-03T04:10:58.657+0000] {dag.py:2676} INFO - Sync 1 DAGs
[2023-01-03T04:10:58.834+0000] {logging_mixin.py:137} INFO - [2023-01-03T04:10:58.826+0000] {dag.py:3427} INFO - Setting next_dagrun for latest_only_with_trigger to 2023-01-03T00:10:58.804973+00:00, run_after=2023-01-03T04:10:58.804973+00:00
[2023-01-03T04:10:59.018+0000] {processor.py:175} INFO - Processing /home/airflow/.local/lib/python3.7/site-packages/airflow/example_dags/example_latest_only_with_trigger.py took 0.780 seconds
[2023-01-03T04:11:34.935+0000] {processor.py:153} INFO - Started process (PID=311) to work on /home/airflow/.local/lib/python3.7/site-packages/airflow/example_dags/example_latest_only_with_trigger.py
[2023-01-03T04:11:34.953+0000] {processor.py:743} INFO - Processing file /home/airflow/.local/lib/python3.7/site-packages/airflow/example_dags/example_latest_only_with_trigger.py for tasks to queue
[2023-01-03T04:11:34.963+0000] {logging_mixin.py:137} INFO - [2023-01-03T04:11:34.963+0000] {dagbag.py:538} INFO - Filling up the DagBag from /home/airflow/.local/lib/python3.7/site-packages/airflow/example_dags/example_latest_only_with_trigger.py
[2023-01-03T04:11:35.091+0000] {processor.py:753} INFO - DAG(s) dict_keys(['latest_only_with_trigger']) retrieved from /home/airflow/.local/lib/python3.7/site-packages/airflow/example_dags/example_latest_only_with_trigger.py
[2023-01-03T04:11:35.247+0000] {logging_mixin.py:137} INFO - [2023-01-03T04:11:35.247+0000] {dag.py:2676} INFO - Sync 1 DAGs
[2023-01-03T04:11:35.377+0000] {logging_mixin.py:137} INFO - [2023-01-03T04:11:35.377+0000] {dag.py:3427} INFO - Setting next_dagrun for latest_only_with_trigger to 2023-01-03T00:11:35.377578+00:00, run_after=2023-01-03T04:11:35.377578+00:00
[2023-01-03T04:11:35.456+0000] {processor.py:175} INFO - Processing /home/airflow/.local/lib/python3.7/site-packages/airflow/example_dags/example_latest_only_with_trigger.py took 0.539 seconds
[2023-01-03T04:12:06.729+0000] {processor.py:153} INFO - Started process (PID=377) to work on /home/airflow/.local/lib/python3.7/site-packages/airflow/example_dags/example_latest_only_with_trigger.py
[2023-01-03T04:12:06.740+0000] {processor.py:743} INFO - Processing file /home/airflow/.local/lib/python3.7/site-packages/airflow/example_dags/example_latest_only_with_trigger.py for tasks to queue
[2023-01-03T04:12:06.754+0000] {logging_mixin.py:137} INFO - [2023-01-03T04:12:06.744+0000] {dagbag.py:538} INFO - Filling up the DagBag from /home/airflow/.local/lib/python3.7/site-packages/airflow/example_dags/example_latest_only_with_trigger.py
[2023-01-03T04:12:06.810+0000] {processor.py:753} INFO - DAG(s) dict_keys(['latest_only_with_trigger']) retrieved from /home/airflow/.local/lib/python3.7/site-packages/airflow/example_dags/example_latest_only_with_trigger.py
[2023-01-03T04:12:07.266+0000] {logging_mixin.py:137} INFO - [2023-01-03T04:12:07.264+0000] {dag.py:2676} INFO - Sync 1 DAGs
[2023-01-03T04:12:07.370+0000] {logging_mixin.py:137} INFO - [2023-01-03T04:12:07.369+0000] {dag.py:3427} INFO - Setting next_dagrun for latest_only_with_trigger to 2023-01-03T00:12:07.367940+00:00, run_after=2023-01-03T04:12:07.367940+00:00
[2023-01-03T04:12:07.494+0000] {processor.py:175} INFO - Processing /home/airflow/.local/lib/python3.7/site-packages/airflow/example_dags/example_latest_only_with_trigger.py took 0.772 seconds
[2023-01-03T04:12:48.625+0000] {processor.py:153} INFO - Started process (PID=401) to work on /home/airflow/.local/lib/python3.7/site-packages/airflow/example_dags/example_latest_only_with_trigger.py
[2023-01-03T04:12:48.633+0000] {processor.py:743} INFO - Processing file /home/airflow/.local/lib/python3.7/site-packages/airflow/example_dags/example_latest_only_with_trigger.py for tasks to queue
[2023-01-03T04:12:48.637+0000] {logging_mixin.py:137} INFO - [2023-01-03T04:12:48.636+0000] {dagbag.py:538} INFO - Filling up the DagBag from /home/airflow/.local/lib/python3.7/site-packages/airflow/example_dags/example_latest_only_with_trigger.py
[2023-01-03T04:12:48.714+0000] {processor.py:753} INFO - DAG(s) dict_keys(['latest_only_with_trigger']) retrieved from /home/airflow/.local/lib/python3.7/site-packages/airflow/example_dags/example_latest_only_with_trigger.py
[2023-01-03T04:12:48.957+0000] {logging_mixin.py:137} INFO - [2023-01-03T04:12:48.957+0000] {dag.py:2676} INFO - Sync 1 DAGs
[2023-01-03T04:12:49.351+0000] {logging_mixin.py:137} INFO - [2023-01-03T04:12:49.350+0000] {dag.py:3427} INFO - Setting next_dagrun for latest_only_with_trigger to 2023-01-03T00:12:49.260183+00:00, run_after=2023-01-03T04:12:49.260183+00:00
[2023-01-03T04:12:49.962+0000] {processor.py:175} INFO - Processing /home/airflow/.local/lib/python3.7/site-packages/airflow/example_dags/example_latest_only_with_trigger.py took 1.341 seconds
