[2023-01-03T03:44:25.357+0000] {processor.py:153} INFO - Started process (PID=46) to work on /home/airflow/.local/lib/python3.7/site-packages/airflow/example_dags/example_dag_decorator.py
[2023-01-03T03:44:25.388+0000] {processor.py:743} INFO - Processing file /home/airflow/.local/lib/python3.7/site-packages/airflow/example_dags/example_dag_decorator.py for tasks to queue
[2023-01-03T03:44:25.398+0000] {logging_mixin.py:137} INFO - [2023-01-03T03:44:25.397+0000] {dagbag.py:538} INFO - Filling up the DagBag from /home/airflow/.local/lib/python3.7/site-packages/airflow/example_dags/example_dag_decorator.py
[2023-01-03T03:44:25.686+0000] {logging_mixin.py:137} INFO - [2023-01-03T03:44:25.682+0000] {taskmixin.py:205} WARNING - Dependency <Task(_PythonDecoratedOperator): prepare_email>, send_email already registered for DAG: example_dag_decorator
[2023-01-03T03:44:25.689+0000] {logging_mixin.py:137} INFO - [2023-01-03T03:44:25.688+0000] {taskmixin.py:205} WARNING - Dependency <Task(EmailOperator): send_email>, prepare_email already registered for DAG: example_dag_decorator
[2023-01-03T03:44:25.837+0000] {processor.py:753} INFO - DAG(s) dict_keys(['example_dag_decorator']) retrieved from /home/airflow/.local/lib/python3.7/site-packages/airflow/example_dags/example_dag_decorator.py
[2023-01-03T03:44:25.977+0000] {logging_mixin.py:137} INFO - [2023-01-03T03:44:25.976+0000] {dag.py:2676} INFO - Sync 1 DAGs
[2023-01-03T03:44:26.069+0000] {logging_mixin.py:137} INFO - [2023-01-03T03:44:26.069+0000] {dag.py:3427} INFO - Setting next_dagrun for example_dag_decorator to None, run_after=None
[2023-01-03T03:44:26.131+0000] {processor.py:175} INFO - Processing /home/airflow/.local/lib/python3.7/site-packages/airflow/example_dags/example_dag_decorator.py took 0.828 seconds
[2023-01-03T03:44:56.747+0000] {processor.py:153} INFO - Started process (PID=107) to work on /home/airflow/.local/lib/python3.7/site-packages/airflow/example_dags/example_dag_decorator.py
[2023-01-03T03:44:56.755+0000] {processor.py:743} INFO - Processing file /home/airflow/.local/lib/python3.7/site-packages/airflow/example_dags/example_dag_decorator.py for tasks to queue
[2023-01-03T03:44:56.758+0000] {logging_mixin.py:137} INFO - [2023-01-03T03:44:56.758+0000] {dagbag.py:538} INFO - Filling up the DagBag from /home/airflow/.local/lib/python3.7/site-packages/airflow/example_dags/example_dag_decorator.py
[2023-01-03T03:44:56.853+0000] {logging_mixin.py:137} INFO - [2023-01-03T03:44:56.853+0000] {taskmixin.py:205} WARNING - Dependency <Task(_PythonDecoratedOperator): prepare_email>, send_email already registered for DAG: example_dag_decorator
[2023-01-03T03:44:56.854+0000] {logging_mixin.py:137} INFO - [2023-01-03T03:44:56.854+0000] {taskmixin.py:205} WARNING - Dependency <Task(EmailOperator): send_email>, prepare_email already registered for DAG: example_dag_decorator
[2023-01-03T03:44:56.894+0000] {processor.py:753} INFO - DAG(s) dict_keys(['example_dag_decorator']) retrieved from /home/airflow/.local/lib/python3.7/site-packages/airflow/example_dags/example_dag_decorator.py
[2023-01-03T03:44:57.050+0000] {logging_mixin.py:137} INFO - [2023-01-03T03:44:57.050+0000] {dag.py:2676} INFO - Sync 1 DAGs
[2023-01-03T03:44:57.079+0000] {logging_mixin.py:137} INFO - [2023-01-03T03:44:57.078+0000] {dag.py:3427} INFO - Setting next_dagrun for example_dag_decorator to None, run_after=None
[2023-01-03T03:44:57.098+0000] {processor.py:175} INFO - Processing /home/airflow/.local/lib/python3.7/site-packages/airflow/example_dags/example_dag_decorator.py took 0.354 seconds
[2023-01-03T03:45:28.007+0000] {processor.py:153} INFO - Started process (PID=169) to work on /home/airflow/.local/lib/python3.7/site-packages/airflow/example_dags/example_dag_decorator.py
[2023-01-03T03:45:28.009+0000] {processor.py:743} INFO - Processing file /home/airflow/.local/lib/python3.7/site-packages/airflow/example_dags/example_dag_decorator.py for tasks to queue
[2023-01-03T03:45:28.010+0000] {logging_mixin.py:137} INFO - [2023-01-03T03:45:28.010+0000] {dagbag.py:538} INFO - Filling up the DagBag from /home/airflow/.local/lib/python3.7/site-packages/airflow/example_dags/example_dag_decorator.py
[2023-01-03T03:45:28.109+0000] {logging_mixin.py:137} INFO - [2023-01-03T03:45:28.108+0000] {taskmixin.py:205} WARNING - Dependency <Task(_PythonDecoratedOperator): prepare_email>, send_email already registered for DAG: example_dag_decorator
[2023-01-03T03:45:28.110+0000] {logging_mixin.py:137} INFO - [2023-01-03T03:45:28.110+0000] {taskmixin.py:205} WARNING - Dependency <Task(EmailOperator): send_email>, prepare_email already registered for DAG: example_dag_decorator
[2023-01-03T03:45:28.157+0000] {processor.py:753} INFO - DAG(s) dict_keys(['example_dag_decorator']) retrieved from /home/airflow/.local/lib/python3.7/site-packages/airflow/example_dags/example_dag_decorator.py
[2023-01-03T03:45:28.398+0000] {logging_mixin.py:137} INFO - [2023-01-03T03:45:28.398+0000] {dag.py:2676} INFO - Sync 1 DAGs
[2023-01-03T03:45:28.434+0000] {logging_mixin.py:137} INFO - [2023-01-03T03:45:28.434+0000] {dag.py:3427} INFO - Setting next_dagrun for example_dag_decorator to None, run_after=None
[2023-01-03T03:45:28.457+0000] {processor.py:175} INFO - Processing /home/airflow/.local/lib/python3.7/site-packages/airflow/example_dags/example_dag_decorator.py took 0.519 seconds
[2023-01-03T03:45:58.806+0000] {processor.py:153} INFO - Started process (PID=241) to work on /home/airflow/.local/lib/python3.7/site-packages/airflow/example_dags/example_dag_decorator.py
[2023-01-03T03:45:58.819+0000] {processor.py:743} INFO - Processing file /home/airflow/.local/lib/python3.7/site-packages/airflow/example_dags/example_dag_decorator.py for tasks to queue
[2023-01-03T03:45:58.821+0000] {logging_mixin.py:137} INFO - [2023-01-03T03:45:58.821+0000] {dagbag.py:538} INFO - Filling up the DagBag from /home/airflow/.local/lib/python3.7/site-packages/airflow/example_dags/example_dag_decorator.py
[2023-01-03T03:45:58.875+0000] {logging_mixin.py:137} INFO - [2023-01-03T03:45:58.875+0000] {taskmixin.py:205} WARNING - Dependency <Task(_PythonDecoratedOperator): prepare_email>, send_email already registered for DAG: example_dag_decorator
[2023-01-03T03:45:58.876+0000] {logging_mixin.py:137} INFO - [2023-01-03T03:45:58.875+0000] {taskmixin.py:205} WARNING - Dependency <Task(EmailOperator): send_email>, prepare_email already registered for DAG: example_dag_decorator
[2023-01-03T03:45:58.926+0000] {processor.py:753} INFO - DAG(s) dict_keys(['example_dag_decorator']) retrieved from /home/airflow/.local/lib/python3.7/site-packages/airflow/example_dags/example_dag_decorator.py
[2023-01-03T03:45:59.146+0000] {logging_mixin.py:137} INFO - [2023-01-03T03:45:59.146+0000] {dag.py:2676} INFO - Sync 1 DAGs
[2023-01-03T03:45:59.188+0000] {logging_mixin.py:137} INFO - [2023-01-03T03:45:59.188+0000] {dag.py:3427} INFO - Setting next_dagrun for example_dag_decorator to None, run_after=None
[2023-01-03T03:45:59.237+0000] {processor.py:175} INFO - Processing /home/airflow/.local/lib/python3.7/site-packages/airflow/example_dags/example_dag_decorator.py took 0.433 seconds
[2023-01-03T03:46:29.638+0000] {processor.py:153} INFO - Started process (PID=305) to work on /home/airflow/.local/lib/python3.7/site-packages/airflow/example_dags/example_dag_decorator.py
[2023-01-03T03:46:29.641+0000] {processor.py:743} INFO - Processing file /home/airflow/.local/lib/python3.7/site-packages/airflow/example_dags/example_dag_decorator.py for tasks to queue
[2023-01-03T03:46:29.644+0000] {logging_mixin.py:137} INFO - [2023-01-03T03:46:29.644+0000] {dagbag.py:538} INFO - Filling up the DagBag from /home/airflow/.local/lib/python3.7/site-packages/airflow/example_dags/example_dag_decorator.py
[2023-01-03T03:46:29.695+0000] {logging_mixin.py:137} INFO - [2023-01-03T03:46:29.695+0000] {taskmixin.py:205} WARNING - Dependency <Task(_PythonDecoratedOperator): prepare_email>, send_email already registered for DAG: example_dag_decorator
[2023-01-03T03:46:29.696+0000] {logging_mixin.py:137} INFO - [2023-01-03T03:46:29.696+0000] {taskmixin.py:205} WARNING - Dependency <Task(EmailOperator): send_email>, prepare_email already registered for DAG: example_dag_decorator
[2023-01-03T03:46:29.733+0000] {processor.py:753} INFO - DAG(s) dict_keys(['example_dag_decorator']) retrieved from /home/airflow/.local/lib/python3.7/site-packages/airflow/example_dags/example_dag_decorator.py
[2023-01-03T03:46:29.981+0000] {logging_mixin.py:137} INFO - [2023-01-03T03:46:29.980+0000] {dag.py:2676} INFO - Sync 1 DAGs
[2023-01-03T03:46:30.042+0000] {logging_mixin.py:137} INFO - [2023-01-03T03:46:30.041+0000] {dag.py:3427} INFO - Setting next_dagrun for example_dag_decorator to None, run_after=None
[2023-01-03T03:46:30.183+0000] {processor.py:175} INFO - Processing /home/airflow/.local/lib/python3.7/site-packages/airflow/example_dags/example_dag_decorator.py took 0.548 seconds
[2023-01-03T03:47:00.768+0000] {processor.py:153} INFO - Started process (PID=367) to work on /home/airflow/.local/lib/python3.7/site-packages/airflow/example_dags/example_dag_decorator.py
[2023-01-03T03:47:00.774+0000] {processor.py:743} INFO - Processing file /home/airflow/.local/lib/python3.7/site-packages/airflow/example_dags/example_dag_decorator.py for tasks to queue
[2023-01-03T03:47:00.780+0000] {logging_mixin.py:137} INFO - [2023-01-03T03:47:00.780+0000] {dagbag.py:538} INFO - Filling up the DagBag from /home/airflow/.local/lib/python3.7/site-packages/airflow/example_dags/example_dag_decorator.py
[2023-01-03T03:47:00.889+0000] {logging_mixin.py:137} INFO - [2023-01-03T03:47:00.888+0000] {taskmixin.py:205} WARNING - Dependency <Task(_PythonDecoratedOperator): prepare_email>, send_email already registered for DAG: example_dag_decorator
[2023-01-03T03:47:00.892+0000] {logging_mixin.py:137} INFO - [2023-01-03T03:47:00.891+0000] {taskmixin.py:205} WARNING - Dependency <Task(EmailOperator): send_email>, prepare_email already registered for DAG: example_dag_decorator
[2023-01-03T03:47:00.979+0000] {processor.py:753} INFO - DAG(s) dict_keys(['example_dag_decorator']) retrieved from /home/airflow/.local/lib/python3.7/site-packages/airflow/example_dags/example_dag_decorator.py
[2023-01-03T03:47:01.788+0000] {logging_mixin.py:137} INFO - [2023-01-03T03:47:01.787+0000] {dag.py:2676} INFO - Sync 1 DAGs
[2023-01-03T03:47:01.982+0000] {logging_mixin.py:137} INFO - [2023-01-03T03:47:01.981+0000] {dag.py:3427} INFO - Setting next_dagrun for example_dag_decorator to None, run_after=None
[2023-01-03T03:47:02.100+0000] {processor.py:175} INFO - Processing /home/airflow/.local/lib/python3.7/site-packages/airflow/example_dags/example_dag_decorator.py took 1.351 seconds
[2023-01-03T03:47:32.844+0000] {processor.py:153} INFO - Started process (PID=430) to work on /home/airflow/.local/lib/python3.7/site-packages/airflow/example_dags/example_dag_decorator.py
[2023-01-03T03:47:32.845+0000] {processor.py:743} INFO - Processing file /home/airflow/.local/lib/python3.7/site-packages/airflow/example_dags/example_dag_decorator.py for tasks to queue
[2023-01-03T03:47:32.846+0000] {logging_mixin.py:137} INFO - [2023-01-03T03:47:32.846+0000] {dagbag.py:538} INFO - Filling up the DagBag from /home/airflow/.local/lib/python3.7/site-packages/airflow/example_dags/example_dag_decorator.py
[2023-01-03T03:47:32.868+0000] {logging_mixin.py:137} INFO - [2023-01-03T03:47:32.868+0000] {taskmixin.py:205} WARNING - Dependency <Task(_PythonDecoratedOperator): prepare_email>, send_email already registered for DAG: example_dag_decorator
[2023-01-03T03:47:32.869+0000] {logging_mixin.py:137} INFO - [2023-01-03T03:47:32.869+0000] {taskmixin.py:205} WARNING - Dependency <Task(EmailOperator): send_email>, prepare_email already registered for DAG: example_dag_decorator
[2023-01-03T03:47:32.908+0000] {processor.py:753} INFO - DAG(s) dict_keys(['example_dag_decorator']) retrieved from /home/airflow/.local/lib/python3.7/site-packages/airflow/example_dags/example_dag_decorator.py
[2023-01-03T03:47:32.993+0000] {logging_mixin.py:137} INFO - [2023-01-03T03:47:32.993+0000] {dag.py:2676} INFO - Sync 1 DAGs
[2023-01-03T03:47:33.011+0000] {logging_mixin.py:137} INFO - [2023-01-03T03:47:33.011+0000] {dag.py:3427} INFO - Setting next_dagrun for example_dag_decorator to None, run_after=None
[2023-01-03T03:47:33.033+0000] {processor.py:175} INFO - Processing /home/airflow/.local/lib/python3.7/site-packages/airflow/example_dags/example_dag_decorator.py took 0.192 seconds
[2023-01-03T03:48:04.448+0000] {processor.py:153} INFO - Started process (PID=492) to work on /home/airflow/.local/lib/python3.7/site-packages/airflow/example_dags/example_dag_decorator.py
[2023-01-03T03:48:04.459+0000] {processor.py:743} INFO - Processing file /home/airflow/.local/lib/python3.7/site-packages/airflow/example_dags/example_dag_decorator.py for tasks to queue
[2023-01-03T03:48:04.462+0000] {logging_mixin.py:137} INFO - [2023-01-03T03:48:04.462+0000] {dagbag.py:538} INFO - Filling up the DagBag from /home/airflow/.local/lib/python3.7/site-packages/airflow/example_dags/example_dag_decorator.py
[2023-01-03T03:48:04.690+0000] {logging_mixin.py:137} INFO - [2023-01-03T03:48:04.660+0000] {taskmixin.py:205} WARNING - Dependency <Task(_PythonDecoratedOperator): prepare_email>, send_email already registered for DAG: example_dag_decorator
[2023-01-03T03:48:04.709+0000] {logging_mixin.py:137} INFO - [2023-01-03T03:48:04.709+0000] {taskmixin.py:205} WARNING - Dependency <Task(EmailOperator): send_email>, prepare_email already registered for DAG: example_dag_decorator
[2023-01-03T03:48:04.957+0000] {processor.py:753} INFO - DAG(s) dict_keys(['example_dag_decorator']) retrieved from /home/airflow/.local/lib/python3.7/site-packages/airflow/example_dags/example_dag_decorator.py
[2023-01-03T03:48:05.558+0000] {logging_mixin.py:137} INFO - [2023-01-03T03:48:05.558+0000] {dag.py:2676} INFO - Sync 1 DAGs
[2023-01-03T03:48:05.736+0000] {logging_mixin.py:137} INFO - [2023-01-03T03:48:05.735+0000] {dag.py:3427} INFO - Setting next_dagrun for example_dag_decorator to None, run_after=None
[2023-01-03T03:48:06.008+0000] {processor.py:175} INFO - Processing /home/airflow/.local/lib/python3.7/site-packages/airflow/example_dags/example_dag_decorator.py took 1.570 seconds
[2023-01-03T03:48:36.435+0000] {processor.py:153} INFO - Started process (PID=551) to work on /home/airflow/.local/lib/python3.7/site-packages/airflow/example_dags/example_dag_decorator.py
[2023-01-03T03:48:36.437+0000] {processor.py:743} INFO - Processing file /home/airflow/.local/lib/python3.7/site-packages/airflow/example_dags/example_dag_decorator.py for tasks to queue
[2023-01-03T03:48:36.442+0000] {logging_mixin.py:137} INFO - [2023-01-03T03:48:36.442+0000] {dagbag.py:538} INFO - Filling up the DagBag from /home/airflow/.local/lib/python3.7/site-packages/airflow/example_dags/example_dag_decorator.py
[2023-01-03T03:48:36.472+0000] {logging_mixin.py:137} INFO - [2023-01-03T03:48:36.472+0000] {taskmixin.py:205} WARNING - Dependency <Task(_PythonDecoratedOperator): prepare_email>, send_email already registered for DAG: example_dag_decorator
[2023-01-03T03:48:36.473+0000] {logging_mixin.py:137} INFO - [2023-01-03T03:48:36.473+0000] {taskmixin.py:205} WARNING - Dependency <Task(EmailOperator): send_email>, prepare_email already registered for DAG: example_dag_decorator
[2023-01-03T03:48:36.492+0000] {processor.py:753} INFO - DAG(s) dict_keys(['example_dag_decorator']) retrieved from /home/airflow/.local/lib/python3.7/site-packages/airflow/example_dags/example_dag_decorator.py
[2023-01-03T03:48:36.592+0000] {logging_mixin.py:137} INFO - [2023-01-03T03:48:36.592+0000] {dag.py:2676} INFO - Sync 1 DAGs
[2023-01-03T03:48:36.618+0000] {logging_mixin.py:137} INFO - [2023-01-03T03:48:36.617+0000] {dag.py:3427} INFO - Setting next_dagrun for example_dag_decorator to None, run_after=None
[2023-01-03T03:48:36.646+0000] {processor.py:175} INFO - Processing /home/airflow/.local/lib/python3.7/site-packages/airflow/example_dags/example_dag_decorator.py took 0.214 seconds
[2023-01-03T03:49:07.482+0000] {processor.py:153} INFO - Started process (PID=616) to work on /home/airflow/.local/lib/python3.7/site-packages/airflow/example_dags/example_dag_decorator.py
[2023-01-03T03:49:07.483+0000] {processor.py:743} INFO - Processing file /home/airflow/.local/lib/python3.7/site-packages/airflow/example_dags/example_dag_decorator.py for tasks to queue
[2023-01-03T03:49:07.484+0000] {logging_mixin.py:137} INFO - [2023-01-03T03:49:07.484+0000] {dagbag.py:538} INFO - Filling up the DagBag from /home/airflow/.local/lib/python3.7/site-packages/airflow/example_dags/example_dag_decorator.py
[2023-01-03T03:49:07.506+0000] {logging_mixin.py:137} INFO - [2023-01-03T03:49:07.506+0000] {taskmixin.py:205} WARNING - Dependency <Task(_PythonDecoratedOperator): prepare_email>, send_email already registered for DAG: example_dag_decorator
[2023-01-03T03:49:07.510+0000] {logging_mixin.py:137} INFO - [2023-01-03T03:49:07.510+0000] {taskmixin.py:205} WARNING - Dependency <Task(EmailOperator): send_email>, prepare_email already registered for DAG: example_dag_decorator
[2023-01-03T03:49:07.528+0000] {processor.py:753} INFO - DAG(s) dict_keys(['example_dag_decorator']) retrieved from /home/airflow/.local/lib/python3.7/site-packages/airflow/example_dags/example_dag_decorator.py
[2023-01-03T03:49:07.650+0000] {logging_mixin.py:137} INFO - [2023-01-03T03:49:07.650+0000] {dag.py:2676} INFO - Sync 1 DAGs
[2023-01-03T03:49:07.673+0000] {logging_mixin.py:137} INFO - [2023-01-03T03:49:07.673+0000] {dag.py:3427} INFO - Setting next_dagrun for example_dag_decorator to None, run_after=None
[2023-01-03T03:49:07.697+0000] {processor.py:175} INFO - Processing /home/airflow/.local/lib/python3.7/site-packages/airflow/example_dags/example_dag_decorator.py took 0.218 seconds
[2023-01-03T03:49:38.684+0000] {processor.py:153} INFO - Started process (PID=678) to work on /home/airflow/.local/lib/python3.7/site-packages/airflow/example_dags/example_dag_decorator.py
[2023-01-03T03:49:38.686+0000] {processor.py:743} INFO - Processing file /home/airflow/.local/lib/python3.7/site-packages/airflow/example_dags/example_dag_decorator.py for tasks to queue
[2023-01-03T03:49:38.686+0000] {logging_mixin.py:137} INFO - [2023-01-03T03:49:38.686+0000] {dagbag.py:538} INFO - Filling up the DagBag from /home/airflow/.local/lib/python3.7/site-packages/airflow/example_dags/example_dag_decorator.py
[2023-01-03T03:49:38.698+0000] {logging_mixin.py:137} INFO - [2023-01-03T03:49:38.698+0000] {taskmixin.py:205} WARNING - Dependency <Task(_PythonDecoratedOperator): prepare_email>, send_email already registered for DAG: example_dag_decorator
[2023-01-03T03:49:38.715+0000] {logging_mixin.py:137} INFO - [2023-01-03T03:49:38.714+0000] {taskmixin.py:205} WARNING - Dependency <Task(EmailOperator): send_email>, prepare_email already registered for DAG: example_dag_decorator
[2023-01-03T03:49:38.728+0000] {processor.py:753} INFO - DAG(s) dict_keys(['example_dag_decorator']) retrieved from /home/airflow/.local/lib/python3.7/site-packages/airflow/example_dags/example_dag_decorator.py
[2023-01-03T03:49:38.871+0000] {logging_mixin.py:137} INFO - [2023-01-03T03:49:38.870+0000] {dag.py:2676} INFO - Sync 1 DAGs
[2023-01-03T03:49:38.907+0000] {logging_mixin.py:137} INFO - [2023-01-03T03:49:38.907+0000] {dag.py:3427} INFO - Setting next_dagrun for example_dag_decorator to None, run_after=None
[2023-01-03T03:49:38.924+0000] {processor.py:175} INFO - Processing /home/airflow/.local/lib/python3.7/site-packages/airflow/example_dags/example_dag_decorator.py took 0.243 seconds
[2023-01-03T03:50:09.581+0000] {processor.py:153} INFO - Started process (PID=740) to work on /home/airflow/.local/lib/python3.7/site-packages/airflow/example_dags/example_dag_decorator.py
[2023-01-03T03:50:09.584+0000] {processor.py:743} INFO - Processing file /home/airflow/.local/lib/python3.7/site-packages/airflow/example_dags/example_dag_decorator.py for tasks to queue
[2023-01-03T03:50:09.585+0000] {logging_mixin.py:137} INFO - [2023-01-03T03:50:09.585+0000] {dagbag.py:538} INFO - Filling up the DagBag from /home/airflow/.local/lib/python3.7/site-packages/airflow/example_dags/example_dag_decorator.py
[2023-01-03T03:50:09.619+0000] {logging_mixin.py:137} INFO - [2023-01-03T03:50:09.619+0000] {taskmixin.py:205} WARNING - Dependency <Task(_PythonDecoratedOperator): prepare_email>, send_email already registered for DAG: example_dag_decorator
[2023-01-03T03:50:09.628+0000] {logging_mixin.py:137} INFO - [2023-01-03T03:50:09.627+0000] {taskmixin.py:205} WARNING - Dependency <Task(EmailOperator): send_email>, prepare_email already registered for DAG: example_dag_decorator
[2023-01-03T03:50:09.671+0000] {processor.py:753} INFO - DAG(s) dict_keys(['example_dag_decorator']) retrieved from /home/airflow/.local/lib/python3.7/site-packages/airflow/example_dags/example_dag_decorator.py
[2023-01-03T03:50:09.986+0000] {logging_mixin.py:137} INFO - [2023-01-03T03:50:09.986+0000] {dag.py:2676} INFO - Sync 1 DAGs
[2023-01-03T03:50:10.050+0000] {logging_mixin.py:137} INFO - [2023-01-03T03:50:10.050+0000] {dag.py:3427} INFO - Setting next_dagrun for example_dag_decorator to None, run_after=None
[2023-01-03T03:50:10.092+0000] {processor.py:175} INFO - Processing /home/airflow/.local/lib/python3.7/site-packages/airflow/example_dags/example_dag_decorator.py took 0.516 seconds
[2023-01-03T03:50:40.673+0000] {processor.py:153} INFO - Started process (PID=802) to work on /home/airflow/.local/lib/python3.7/site-packages/airflow/example_dags/example_dag_decorator.py
[2023-01-03T03:50:40.676+0000] {processor.py:743} INFO - Processing file /home/airflow/.local/lib/python3.7/site-packages/airflow/example_dags/example_dag_decorator.py for tasks to queue
[2023-01-03T03:50:40.680+0000] {logging_mixin.py:137} INFO - [2023-01-03T03:50:40.680+0000] {dagbag.py:538} INFO - Filling up the DagBag from /home/airflow/.local/lib/python3.7/site-packages/airflow/example_dags/example_dag_decorator.py
[2023-01-03T03:50:40.740+0000] {logging_mixin.py:137} INFO - [2023-01-03T03:50:40.740+0000] {taskmixin.py:205} WARNING - Dependency <Task(_PythonDecoratedOperator): prepare_email>, send_email already registered for DAG: example_dag_decorator
[2023-01-03T03:50:40.748+0000] {logging_mixin.py:137} INFO - [2023-01-03T03:50:40.748+0000] {taskmixin.py:205} WARNING - Dependency <Task(EmailOperator): send_email>, prepare_email already registered for DAG: example_dag_decorator
[2023-01-03T03:50:40.771+0000] {processor.py:753} INFO - DAG(s) dict_keys(['example_dag_decorator']) retrieved from /home/airflow/.local/lib/python3.7/site-packages/airflow/example_dags/example_dag_decorator.py
[2023-01-03T03:50:40.894+0000] {logging_mixin.py:137} INFO - [2023-01-03T03:50:40.893+0000] {dag.py:2676} INFO - Sync 1 DAGs
[2023-01-03T03:50:40.935+0000] {logging_mixin.py:137} INFO - [2023-01-03T03:50:40.935+0000] {dag.py:3427} INFO - Setting next_dagrun for example_dag_decorator to None, run_after=None
[2023-01-03T03:50:40.958+0000] {processor.py:175} INFO - Processing /home/airflow/.local/lib/python3.7/site-packages/airflow/example_dags/example_dag_decorator.py took 0.288 seconds
[2023-01-03T03:51:11.541+0000] {processor.py:153} INFO - Started process (PID=865) to work on /home/airflow/.local/lib/python3.7/site-packages/airflow/example_dags/example_dag_decorator.py
[2023-01-03T03:51:11.543+0000] {processor.py:743} INFO - Processing file /home/airflow/.local/lib/python3.7/site-packages/airflow/example_dags/example_dag_decorator.py for tasks to queue
[2023-01-03T03:51:11.544+0000] {logging_mixin.py:137} INFO - [2023-01-03T03:51:11.544+0000] {dagbag.py:538} INFO - Filling up the DagBag from /home/airflow/.local/lib/python3.7/site-packages/airflow/example_dags/example_dag_decorator.py
[2023-01-03T03:51:11.619+0000] {logging_mixin.py:137} INFO - [2023-01-03T03:51:11.606+0000] {taskmixin.py:205} WARNING - Dependency <Task(_PythonDecoratedOperator): prepare_email>, send_email already registered for DAG: example_dag_decorator
[2023-01-03T03:51:11.620+0000] {logging_mixin.py:137} INFO - [2023-01-03T03:51:11.620+0000] {taskmixin.py:205} WARNING - Dependency <Task(EmailOperator): send_email>, prepare_email already registered for DAG: example_dag_decorator
[2023-01-03T03:51:11.660+0000] {processor.py:753} INFO - DAG(s) dict_keys(['example_dag_decorator']) retrieved from /home/airflow/.local/lib/python3.7/site-packages/airflow/example_dags/example_dag_decorator.py
[2023-01-03T03:51:11.867+0000] {logging_mixin.py:137} INFO - [2023-01-03T03:51:11.867+0000] {dag.py:2676} INFO - Sync 1 DAGs
[2023-01-03T03:51:11.912+0000] {logging_mixin.py:137} INFO - [2023-01-03T03:51:11.912+0000] {dag.py:3427} INFO - Setting next_dagrun for example_dag_decorator to None, run_after=None
[2023-01-03T03:51:11.968+0000] {processor.py:175} INFO - Processing /home/airflow/.local/lib/python3.7/site-packages/airflow/example_dags/example_dag_decorator.py took 0.432 seconds
[2023-01-03T03:51:42.197+0000] {processor.py:153} INFO - Started process (PID=928) to work on /home/airflow/.local/lib/python3.7/site-packages/airflow/example_dags/example_dag_decorator.py
[2023-01-03T03:51:42.205+0000] {processor.py:743} INFO - Processing file /home/airflow/.local/lib/python3.7/site-packages/airflow/example_dags/example_dag_decorator.py for tasks to queue
[2023-01-03T03:51:42.209+0000] {logging_mixin.py:137} INFO - [2023-01-03T03:51:42.209+0000] {dagbag.py:538} INFO - Filling up the DagBag from /home/airflow/.local/lib/python3.7/site-packages/airflow/example_dags/example_dag_decorator.py
[2023-01-03T03:51:42.236+0000] {logging_mixin.py:137} INFO - [2023-01-03T03:51:42.236+0000] {taskmixin.py:205} WARNING - Dependency <Task(_PythonDecoratedOperator): prepare_email>, send_email already registered for DAG: example_dag_decorator
[2023-01-03T03:51:42.238+0000] {logging_mixin.py:137} INFO - [2023-01-03T03:51:42.238+0000] {taskmixin.py:205} WARNING - Dependency <Task(EmailOperator): send_email>, prepare_email already registered for DAG: example_dag_decorator
[2023-01-03T03:51:42.256+0000] {processor.py:753} INFO - DAG(s) dict_keys(['example_dag_decorator']) retrieved from /home/airflow/.local/lib/python3.7/site-packages/airflow/example_dags/example_dag_decorator.py
[2023-01-03T03:51:42.833+0000] {logging_mixin.py:137} INFO - [2023-01-03T03:51:42.833+0000] {dag.py:2676} INFO - Sync 1 DAGs
[2023-01-03T03:51:42.927+0000] {logging_mixin.py:137} INFO - [2023-01-03T03:51:42.927+0000] {dag.py:3427} INFO - Setting next_dagrun for example_dag_decorator to None, run_after=None
[2023-01-03T03:51:43.042+0000] {processor.py:175} INFO - Processing /home/airflow/.local/lib/python3.7/site-packages/airflow/example_dags/example_dag_decorator.py took 0.848 seconds
[2023-01-03T03:52:13.185+0000] {processor.py:153} INFO - Started process (PID=989) to work on /home/airflow/.local/lib/python3.7/site-packages/airflow/example_dags/example_dag_decorator.py
[2023-01-03T03:52:13.186+0000] {processor.py:743} INFO - Processing file /home/airflow/.local/lib/python3.7/site-packages/airflow/example_dags/example_dag_decorator.py for tasks to queue
[2023-01-03T03:52:13.187+0000] {logging_mixin.py:137} INFO - [2023-01-03T03:52:13.187+0000] {dagbag.py:538} INFO - Filling up the DagBag from /home/airflow/.local/lib/python3.7/site-packages/airflow/example_dags/example_dag_decorator.py
[2023-01-03T03:52:13.213+0000] {logging_mixin.py:137} INFO - [2023-01-03T03:52:13.213+0000] {taskmixin.py:205} WARNING - Dependency <Task(_PythonDecoratedOperator): prepare_email>, send_email already registered for DAG: example_dag_decorator
[2023-01-03T03:52:13.214+0000] {logging_mixin.py:137} INFO - [2023-01-03T03:52:13.214+0000] {taskmixin.py:205} WARNING - Dependency <Task(EmailOperator): send_email>, prepare_email already registered for DAG: example_dag_decorator
[2023-01-03T03:52:13.312+0000] {processor.py:753} INFO - DAG(s) dict_keys(['example_dag_decorator']) retrieved from /home/airflow/.local/lib/python3.7/site-packages/airflow/example_dags/example_dag_decorator.py
[2023-01-03T03:52:13.674+0000] {logging_mixin.py:137} INFO - [2023-01-03T03:52:13.674+0000] {dag.py:2676} INFO - Sync 1 DAGs
[2023-01-03T03:52:13.713+0000] {logging_mixin.py:137} INFO - [2023-01-03T03:52:13.712+0000] {dag.py:3427} INFO - Setting next_dagrun for example_dag_decorator to None, run_after=None
[2023-01-03T03:52:13.796+0000] {processor.py:175} INFO - Processing /home/airflow/.local/lib/python3.7/site-packages/airflow/example_dags/example_dag_decorator.py took 0.620 seconds
[2023-01-03T03:52:54.784+0000] {processor.py:153} INFO - Started process (PID=1053) to work on /home/airflow/.local/lib/python3.7/site-packages/airflow/example_dags/example_dag_decorator.py
[2023-01-03T03:52:54.795+0000] {processor.py:743} INFO - Processing file /home/airflow/.local/lib/python3.7/site-packages/airflow/example_dags/example_dag_decorator.py for tasks to queue
[2023-01-03T03:52:54.800+0000] {logging_mixin.py:137} INFO - [2023-01-03T03:52:54.800+0000] {dagbag.py:538} INFO - Filling up the DagBag from /home/airflow/.local/lib/python3.7/site-packages/airflow/example_dags/example_dag_decorator.py
[2023-01-03T03:52:54.897+0000] {logging_mixin.py:137} INFO - [2023-01-03T03:52:54.897+0000] {taskmixin.py:205} WARNING - Dependency <Task(_PythonDecoratedOperator): prepare_email>, send_email already registered for DAG: example_dag_decorator
[2023-01-03T03:52:54.909+0000] {logging_mixin.py:137} INFO - [2023-01-03T03:52:54.909+0000] {taskmixin.py:205} WARNING - Dependency <Task(EmailOperator): send_email>, prepare_email already registered for DAG: example_dag_decorator
[2023-01-03T03:52:55.009+0000] {processor.py:753} INFO - DAG(s) dict_keys(['example_dag_decorator']) retrieved from /home/airflow/.local/lib/python3.7/site-packages/airflow/example_dags/example_dag_decorator.py
[2023-01-03T03:52:55.528+0000] {logging_mixin.py:137} INFO - [2023-01-03T03:52:55.514+0000] {dag.py:2676} INFO - Sync 1 DAGs
[2023-01-03T03:52:55.561+0000] {logging_mixin.py:137} INFO - [2023-01-03T03:52:55.561+0000] {dag.py:3427} INFO - Setting next_dagrun for example_dag_decorator to None, run_after=None
[2023-01-03T03:52:55.789+0000] {processor.py:175} INFO - Processing /home/airflow/.local/lib/python3.7/site-packages/airflow/example_dags/example_dag_decorator.py took 1.009 seconds
[2023-01-03T03:53:41.531+0000] {processor.py:153} INFO - Started process (PID=1101) to work on /home/airflow/.local/lib/python3.7/site-packages/airflow/example_dags/example_dag_decorator.py
[2023-01-03T03:53:41.582+0000] {processor.py:743} INFO - Processing file /home/airflow/.local/lib/python3.7/site-packages/airflow/example_dags/example_dag_decorator.py for tasks to queue
[2023-01-03T03:53:41.612+0000] {logging_mixin.py:137} INFO - [2023-01-03T03:53:41.612+0000] {dagbag.py:538} INFO - Filling up the DagBag from /home/airflow/.local/lib/python3.7/site-packages/airflow/example_dags/example_dag_decorator.py
[2023-01-03T03:53:42.029+0000] {logging_mixin.py:137} INFO - [2023-01-03T03:53:42.029+0000] {taskmixin.py:205} WARNING - Dependency <Task(_PythonDecoratedOperator): prepare_email>, send_email already registered for DAG: example_dag_decorator
[2023-01-03T03:53:42.034+0000] {logging_mixin.py:137} INFO - [2023-01-03T03:53:42.032+0000] {taskmixin.py:205} WARNING - Dependency <Task(EmailOperator): send_email>, prepare_email already registered for DAG: example_dag_decorator
[2023-01-03T03:53:42.183+0000] {processor.py:753} INFO - DAG(s) dict_keys(['example_dag_decorator']) retrieved from /home/airflow/.local/lib/python3.7/site-packages/airflow/example_dags/example_dag_decorator.py
[2023-01-03T03:53:42.719+0000] {logging_mixin.py:137} INFO - [2023-01-03T03:53:42.719+0000] {dag.py:2676} INFO - Sync 1 DAGs
[2023-01-03T03:53:42.826+0000] {logging_mixin.py:137} INFO - [2023-01-03T03:53:42.826+0000] {dag.py:3427} INFO - Setting next_dagrun for example_dag_decorator to None, run_after=None
[2023-01-03T03:53:42.929+0000] {processor.py:175} INFO - Processing /home/airflow/.local/lib/python3.7/site-packages/airflow/example_dags/example_dag_decorator.py took 1.455 seconds
[2023-01-03T03:54:13.569+0000] {processor.py:153} INFO - Started process (PID=1160) to work on /home/airflow/.local/lib/python3.7/site-packages/airflow/example_dags/example_dag_decorator.py
[2023-01-03T03:54:13.580+0000] {processor.py:743} INFO - Processing file /home/airflow/.local/lib/python3.7/site-packages/airflow/example_dags/example_dag_decorator.py for tasks to queue
[2023-01-03T03:54:13.585+0000] {logging_mixin.py:137} INFO - [2023-01-03T03:54:13.585+0000] {dagbag.py:538} INFO - Filling up the DagBag from /home/airflow/.local/lib/python3.7/site-packages/airflow/example_dags/example_dag_decorator.py
[2023-01-03T03:54:13.687+0000] {logging_mixin.py:137} INFO - [2023-01-03T03:54:13.679+0000] {taskmixin.py:205} WARNING - Dependency <Task(_PythonDecoratedOperator): prepare_email>, send_email already registered for DAG: example_dag_decorator
[2023-01-03T03:54:13.691+0000] {logging_mixin.py:137} INFO - [2023-01-03T03:54:13.688+0000] {taskmixin.py:205} WARNING - Dependency <Task(EmailOperator): send_email>, prepare_email already registered for DAG: example_dag_decorator
[2023-01-03T03:54:13.775+0000] {processor.py:753} INFO - DAG(s) dict_keys(['example_dag_decorator']) retrieved from /home/airflow/.local/lib/python3.7/site-packages/airflow/example_dags/example_dag_decorator.py
[2023-01-03T03:54:14.341+0000] {logging_mixin.py:137} INFO - [2023-01-03T03:54:14.341+0000] {dag.py:2676} INFO - Sync 1 DAGs
[2023-01-03T03:54:14.452+0000] {logging_mixin.py:137} INFO - [2023-01-03T03:54:14.452+0000] {dag.py:3427} INFO - Setting next_dagrun for example_dag_decorator to None, run_after=None
[2023-01-03T03:54:14.487+0000] {processor.py:175} INFO - Processing /home/airflow/.local/lib/python3.7/site-packages/airflow/example_dags/example_dag_decorator.py took 0.930 seconds
[2023-01-03T03:54:44.940+0000] {processor.py:153} INFO - Started process (PID=1222) to work on /home/airflow/.local/lib/python3.7/site-packages/airflow/example_dags/example_dag_decorator.py
[2023-01-03T03:54:44.941+0000] {processor.py:743} INFO - Processing file /home/airflow/.local/lib/python3.7/site-packages/airflow/example_dags/example_dag_decorator.py for tasks to queue
[2023-01-03T03:54:44.942+0000] {logging_mixin.py:137} INFO - [2023-01-03T03:54:44.942+0000] {dagbag.py:538} INFO - Filling up the DagBag from /home/airflow/.local/lib/python3.7/site-packages/airflow/example_dags/example_dag_decorator.py
[2023-01-03T03:54:45.002+0000] {logging_mixin.py:137} INFO - [2023-01-03T03:54:45.002+0000] {taskmixin.py:205} WARNING - Dependency <Task(_PythonDecoratedOperator): prepare_email>, send_email already registered for DAG: example_dag_decorator
[2023-01-03T03:54:45.003+0000] {logging_mixin.py:137} INFO - [2023-01-03T03:54:45.003+0000] {taskmixin.py:205} WARNING - Dependency <Task(EmailOperator): send_email>, prepare_email already registered for DAG: example_dag_decorator
[2023-01-03T03:54:45.040+0000] {processor.py:753} INFO - DAG(s) dict_keys(['example_dag_decorator']) retrieved from /home/airflow/.local/lib/python3.7/site-packages/airflow/example_dags/example_dag_decorator.py
[2023-01-03T03:54:45.343+0000] {logging_mixin.py:137} INFO - [2023-01-03T03:54:45.343+0000] {dag.py:2676} INFO - Sync 1 DAGs
[2023-01-03T03:54:45.424+0000] {logging_mixin.py:137} INFO - [2023-01-03T03:54:45.424+0000] {dag.py:3427} INFO - Setting next_dagrun for example_dag_decorator to None, run_after=None
[2023-01-03T03:54:45.478+0000] {processor.py:175} INFO - Processing /home/airflow/.local/lib/python3.7/site-packages/airflow/example_dags/example_dag_decorator.py took 0.544 seconds
[2023-01-03T03:55:17.661+0000] {processor.py:153} INFO - Started process (PID=1256) to work on /home/airflow/.local/lib/python3.7/site-packages/airflow/example_dags/example_dag_decorator.py
[2023-01-03T03:55:17.682+0000] {processor.py:743} INFO - Processing file /home/airflow/.local/lib/python3.7/site-packages/airflow/example_dags/example_dag_decorator.py for tasks to queue
[2023-01-03T03:55:17.688+0000] {logging_mixin.py:137} INFO - [2023-01-03T03:55:17.687+0000] {dagbag.py:538} INFO - Filling up the DagBag from /home/airflow/.local/lib/python3.7/site-packages/airflow/example_dags/example_dag_decorator.py
[2023-01-03T03:55:18.536+0000] {logging_mixin.py:137} INFO - [2023-01-03T03:55:18.525+0000] {taskmixin.py:205} WARNING - Dependency <Task(_PythonDecoratedOperator): prepare_email>, send_email already registered for DAG: example_dag_decorator
[2023-01-03T03:55:18.538+0000] {logging_mixin.py:137} INFO - [2023-01-03T03:55:18.538+0000] {taskmixin.py:205} WARNING - Dependency <Task(EmailOperator): send_email>, prepare_email already registered for DAG: example_dag_decorator
[2023-01-03T03:55:25.690+0000] {processor.py:753} INFO - DAG(s) dict_keys(['example_dag_decorator']) retrieved from /home/airflow/.local/lib/python3.7/site-packages/airflow/example_dags/example_dag_decorator.py
[2023-01-03T03:55:27.745+0000] {logging_mixin.py:137} INFO - [2023-01-03T03:55:27.736+0000] {dag.py:2676} INFO - Sync 1 DAGs
[2023-01-03T03:55:28.228+0000] {logging_mixin.py:137} INFO - [2023-01-03T03:55:28.224+0000] {dag.py:3427} INFO - Setting next_dagrun for example_dag_decorator to None, run_after=None
[2023-01-03T03:55:29.734+0000] {processor.py:175} INFO - Processing /home/airflow/.local/lib/python3.7/site-packages/airflow/example_dags/example_dag_decorator.py took 12.092 seconds
[2023-01-03T04:00:05.744+0000] {processor.py:153} INFO - Started process (PID=46) to work on /home/airflow/.local/lib/python3.7/site-packages/airflow/example_dags/example_dag_decorator.py
[2023-01-03T04:00:05.765+0000] {processor.py:743} INFO - Processing file /home/airflow/.local/lib/python3.7/site-packages/airflow/example_dags/example_dag_decorator.py for tasks to queue
[2023-01-03T04:00:05.767+0000] {logging_mixin.py:137} INFO - [2023-01-03T04:00:05.766+0000] {dagbag.py:538} INFO - Filling up the DagBag from /home/airflow/.local/lib/python3.7/site-packages/airflow/example_dags/example_dag_decorator.py
[2023-01-03T04:00:06.269+0000] {logging_mixin.py:137} INFO - [2023-01-03T04:00:06.269+0000] {taskmixin.py:205} WARNING - Dependency <Task(_PythonDecoratedOperator): prepare_email>, send_email already registered for DAG: example_dag_decorator
[2023-01-03T04:00:06.282+0000] {logging_mixin.py:137} INFO - [2023-01-03T04:00:06.282+0000] {taskmixin.py:205} WARNING - Dependency <Task(EmailOperator): send_email>, prepare_email already registered for DAG: example_dag_decorator
[2023-01-03T04:00:06.480+0000] {processor.py:753} INFO - DAG(s) dict_keys(['example_dag_decorator']) retrieved from /home/airflow/.local/lib/python3.7/site-packages/airflow/example_dags/example_dag_decorator.py
[2023-01-03T04:00:16.816+0000] {logging_mixin.py:137} INFO - [2023-01-03T04:00:16.809+0000] {dag.py:2676} INFO - Sync 1 DAGs
[2023-01-03T04:00:17.219+0000] {logging_mixin.py:137} INFO - [2023-01-03T04:00:17.219+0000] {dag.py:3427} INFO - Setting next_dagrun for example_dag_decorator to None, run_after=None
[2023-01-03T04:00:17.499+0000] {processor.py:175} INFO - Processing /home/airflow/.local/lib/python3.7/site-packages/airflow/example_dags/example_dag_decorator.py took 11.817 seconds
[2023-01-03T04:02:09.736+0000] {processor.py:153} INFO - Started process (PID=90) to work on /home/airflow/.local/lib/python3.7/site-packages/airflow/example_dags/example_dag_decorator.py
[2023-01-03T04:02:09.753+0000] {processor.py:743} INFO - Processing file /home/airflow/.local/lib/python3.7/site-packages/airflow/example_dags/example_dag_decorator.py for tasks to queue
[2023-01-03T04:02:09.768+0000] {logging_mixin.py:137} INFO - [2023-01-03T04:02:09.762+0000] {dagbag.py:538} INFO - Filling up the DagBag from /home/airflow/.local/lib/python3.7/site-packages/airflow/example_dags/example_dag_decorator.py
[2023-01-03T04:02:10.817+0000] {logging_mixin.py:137} INFO - [2023-01-03T04:02:10.816+0000] {taskmixin.py:205} WARNING - Dependency <Task(_PythonDecoratedOperator): prepare_email>, send_email already registered for DAG: example_dag_decorator
[2023-01-03T04:02:10.819+0000] {logging_mixin.py:137} INFO - [2023-01-03T04:02:10.819+0000] {taskmixin.py:205} WARNING - Dependency <Task(EmailOperator): send_email>, prepare_email already registered for DAG: example_dag_decorator
[2023-01-03T04:02:11.182+0000] {processor.py:753} INFO - DAG(s) dict_keys(['example_dag_decorator']) retrieved from /home/airflow/.local/lib/python3.7/site-packages/airflow/example_dags/example_dag_decorator.py
[2023-01-03T04:02:13.894+0000] {logging_mixin.py:137} INFO - [2023-01-03T04:02:13.893+0000] {dag.py:2676} INFO - Sync 1 DAGs
[2023-01-03T04:02:14.474+0000] {logging_mixin.py:137} INFO - [2023-01-03T04:02:14.473+0000] {dag.py:3427} INFO - Setting next_dagrun for example_dag_decorator to None, run_after=None
[2023-01-03T04:02:14.906+0000] {processor.py:175} INFO - Processing /home/airflow/.local/lib/python3.7/site-packages/airflow/example_dags/example_dag_decorator.py took 5.206 seconds
[2023-01-03T04:06:15.485+0000] {processor.py:153} INFO - Started process (PID=67) to work on /home/airflow/.local/lib/python3.7/site-packages/airflow/example_dags/example_dag_decorator.py
[2023-01-03T04:06:15.493+0000] {processor.py:743} INFO - Processing file /home/airflow/.local/lib/python3.7/site-packages/airflow/example_dags/example_dag_decorator.py for tasks to queue
[2023-01-03T04:06:15.495+0000] {logging_mixin.py:137} INFO - [2023-01-03T04:06:15.495+0000] {dagbag.py:538} INFO - Filling up the DagBag from /home/airflow/.local/lib/python3.7/site-packages/airflow/example_dags/example_dag_decorator.py
[2023-01-03T04:06:15.797+0000] {logging_mixin.py:137} INFO - [2023-01-03T04:06:15.796+0000] {taskmixin.py:205} WARNING - Dependency <Task(_PythonDecoratedOperator): prepare_email>, send_email already registered for DAG: example_dag_decorator
[2023-01-03T04:06:15.820+0000] {logging_mixin.py:137} INFO - [2023-01-03T04:06:15.817+0000] {taskmixin.py:205} WARNING - Dependency <Task(EmailOperator): send_email>, prepare_email already registered for DAG: example_dag_decorator
[2023-01-03T04:06:16.098+0000] {processor.py:753} INFO - DAG(s) dict_keys(['example_dag_decorator']) retrieved from /home/airflow/.local/lib/python3.7/site-packages/airflow/example_dags/example_dag_decorator.py
[2023-01-03T04:06:16.855+0000] {logging_mixin.py:137} INFO - [2023-01-03T04:06:16.849+0000] {dag.py:2676} INFO - Sync 1 DAGs
[2023-01-03T04:06:17.304+0000] {logging_mixin.py:137} INFO - [2023-01-03T04:06:17.303+0000] {dag.py:3427} INFO - Setting next_dagrun for example_dag_decorator to None, run_after=None
[2023-01-03T04:06:17.479+0000] {processor.py:175} INFO - Processing /home/airflow/.local/lib/python3.7/site-packages/airflow/example_dags/example_dag_decorator.py took 2.025 seconds
[2023-01-03T04:07:28.790+0000] {processor.py:153} INFO - Started process (PID=55) to work on /home/airflow/.local/lib/python3.7/site-packages/airflow/example_dags/example_dag_decorator.py
[2023-01-03T04:07:28.795+0000] {processor.py:743} INFO - Processing file /home/airflow/.local/lib/python3.7/site-packages/airflow/example_dags/example_dag_decorator.py for tasks to queue
[2023-01-03T04:07:28.802+0000] {logging_mixin.py:137} INFO - [2023-01-03T04:07:28.802+0000] {dagbag.py:538} INFO - Filling up the DagBag from /home/airflow/.local/lib/python3.7/site-packages/airflow/example_dags/example_dag_decorator.py
[2023-01-03T04:07:29.052+0000] {logging_mixin.py:137} INFO - [2023-01-03T04:07:29.051+0000] {taskmixin.py:205} WARNING - Dependency <Task(_PythonDecoratedOperator): prepare_email>, send_email already registered for DAG: example_dag_decorator
[2023-01-03T04:07:29.057+0000] {logging_mixin.py:137} INFO - [2023-01-03T04:07:29.057+0000] {taskmixin.py:205} WARNING - Dependency <Task(EmailOperator): send_email>, prepare_email already registered for DAG: example_dag_decorator
[2023-01-03T04:07:29.091+0000] {processor.py:753} INFO - DAG(s) dict_keys(['example_dag_decorator']) retrieved from /home/airflow/.local/lib/python3.7/site-packages/airflow/example_dags/example_dag_decorator.py
[2023-01-03T04:07:29.579+0000] {logging_mixin.py:137} INFO - [2023-01-03T04:07:29.579+0000] {dag.py:2676} INFO - Sync 1 DAGs
[2023-01-03T04:07:29.840+0000] {logging_mixin.py:137} INFO - [2023-01-03T04:07:29.840+0000] {dag.py:3427} INFO - Setting next_dagrun for example_dag_decorator to None, run_after=None
[2023-01-03T04:07:29.991+0000] {processor.py:175} INFO - Processing /home/airflow/.local/lib/python3.7/site-packages/airflow/example_dags/example_dag_decorator.py took 1.228 seconds
[2023-01-03T04:09:19.030+0000] {processor.py:153} INFO - Started process (PID=78) to work on /home/airflow/.local/lib/python3.7/site-packages/airflow/example_dags/example_dag_decorator.py
[2023-01-03T04:09:19.047+0000] {processor.py:743} INFO - Processing file /home/airflow/.local/lib/python3.7/site-packages/airflow/example_dags/example_dag_decorator.py for tasks to queue
[2023-01-03T04:09:19.049+0000] {logging_mixin.py:137} INFO - [2023-01-03T04:09:19.049+0000] {dagbag.py:538} INFO - Filling up the DagBag from /home/airflow/.local/lib/python3.7/site-packages/airflow/example_dags/example_dag_decorator.py
[2023-01-03T04:09:19.176+0000] {logging_mixin.py:137} INFO - [2023-01-03T04:09:19.176+0000] {taskmixin.py:205} WARNING - Dependency <Task(_PythonDecoratedOperator): prepare_email>, send_email already registered for DAG: example_dag_decorator
[2023-01-03T04:09:19.199+0000] {logging_mixin.py:137} INFO - [2023-01-03T04:09:19.199+0000] {taskmixin.py:205} WARNING - Dependency <Task(EmailOperator): send_email>, prepare_email already registered for DAG: example_dag_decorator
[2023-01-03T04:09:19.254+0000] {processor.py:753} INFO - DAG(s) dict_keys(['example_dag_decorator']) retrieved from /home/airflow/.local/lib/python3.7/site-packages/airflow/example_dags/example_dag_decorator.py
[2023-01-03T04:09:19.550+0000] {logging_mixin.py:137} INFO - [2023-01-03T04:09:19.550+0000] {dag.py:2676} INFO - Sync 1 DAGs
[2023-01-03T04:09:19.613+0000] {logging_mixin.py:137} INFO - [2023-01-03T04:09:19.613+0000] {dag.py:3427} INFO - Setting next_dagrun for example_dag_decorator to None, run_after=None
[2023-01-03T04:09:19.676+0000] {processor.py:175} INFO - Processing /home/airflow/.local/lib/python3.7/site-packages/airflow/example_dags/example_dag_decorator.py took 0.649 seconds
[2023-01-03T04:09:49.973+0000] {processor.py:153} INFO - Started process (PID=139) to work on /home/airflow/.local/lib/python3.7/site-packages/airflow/example_dags/example_dag_decorator.py
[2023-01-03T04:09:49.984+0000] {processor.py:743} INFO - Processing file /home/airflow/.local/lib/python3.7/site-packages/airflow/example_dags/example_dag_decorator.py for tasks to queue
[2023-01-03T04:09:49.986+0000] {logging_mixin.py:137} INFO - [2023-01-03T04:09:49.985+0000] {dagbag.py:538} INFO - Filling up the DagBag from /home/airflow/.local/lib/python3.7/site-packages/airflow/example_dags/example_dag_decorator.py
[2023-01-03T04:09:50.094+0000] {logging_mixin.py:137} INFO - [2023-01-03T04:09:50.094+0000] {taskmixin.py:205} WARNING - Dependency <Task(_PythonDecoratedOperator): prepare_email>, send_email already registered for DAG: example_dag_decorator
[2023-01-03T04:09:50.100+0000] {logging_mixin.py:137} INFO - [2023-01-03T04:09:50.100+0000] {taskmixin.py:205} WARNING - Dependency <Task(EmailOperator): send_email>, prepare_email already registered for DAG: example_dag_decorator
[2023-01-03T04:09:50.138+0000] {processor.py:753} INFO - DAG(s) dict_keys(['example_dag_decorator']) retrieved from /home/airflow/.local/lib/python3.7/site-packages/airflow/example_dags/example_dag_decorator.py
[2023-01-03T04:09:50.446+0000] {logging_mixin.py:137} INFO - [2023-01-03T04:09:50.446+0000] {dag.py:2676} INFO - Sync 1 DAGs
[2023-01-03T04:09:50.498+0000] {logging_mixin.py:137} INFO - [2023-01-03T04:09:50.498+0000] {dag.py:3427} INFO - Setting next_dagrun for example_dag_decorator to None, run_after=None
[2023-01-03T04:09:50.544+0000] {processor.py:175} INFO - Processing /home/airflow/.local/lib/python3.7/site-packages/airflow/example_dags/example_dag_decorator.py took 0.597 seconds
[2023-01-03T04:10:21.078+0000] {processor.py:153} INFO - Started process (PID=201) to work on /home/airflow/.local/lib/python3.7/site-packages/airflow/example_dags/example_dag_decorator.py
[2023-01-03T04:10:21.110+0000] {processor.py:743} INFO - Processing file /home/airflow/.local/lib/python3.7/site-packages/airflow/example_dags/example_dag_decorator.py for tasks to queue
[2023-01-03T04:10:21.115+0000] {logging_mixin.py:137} INFO - [2023-01-03T04:10:21.115+0000] {dagbag.py:538} INFO - Filling up the DagBag from /home/airflow/.local/lib/python3.7/site-packages/airflow/example_dags/example_dag_decorator.py
[2023-01-03T04:10:21.353+0000] {logging_mixin.py:137} INFO - [2023-01-03T04:10:21.353+0000] {taskmixin.py:205} WARNING - Dependency <Task(_PythonDecoratedOperator): prepare_email>, send_email already registered for DAG: example_dag_decorator
[2023-01-03T04:10:21.390+0000] {logging_mixin.py:137} INFO - [2023-01-03T04:10:21.389+0000] {taskmixin.py:205} WARNING - Dependency <Task(EmailOperator): send_email>, prepare_email already registered for DAG: example_dag_decorator
[2023-01-03T04:10:21.566+0000] {processor.py:753} INFO - DAG(s) dict_keys(['example_dag_decorator']) retrieved from /home/airflow/.local/lib/python3.7/site-packages/airflow/example_dags/example_dag_decorator.py
[2023-01-03T04:10:22.058+0000] {logging_mixin.py:137} INFO - [2023-01-03T04:10:22.058+0000] {dag.py:2676} INFO - Sync 1 DAGs
[2023-01-03T04:10:22.399+0000] {logging_mixin.py:137} INFO - [2023-01-03T04:10:22.357+0000] {dag.py:3427} INFO - Setting next_dagrun for example_dag_decorator to None, run_after=None
[2023-01-03T04:10:22.646+0000] {processor.py:175} INFO - Processing /home/airflow/.local/lib/python3.7/site-packages/airflow/example_dags/example_dag_decorator.py took 1.604 seconds
[2023-01-03T04:10:53.430+0000] {processor.py:153} INFO - Started process (PID=254) to work on /home/airflow/.local/lib/python3.7/site-packages/airflow/example_dags/example_dag_decorator.py
[2023-01-03T04:10:53.442+0000] {processor.py:743} INFO - Processing file /home/airflow/.local/lib/python3.7/site-packages/airflow/example_dags/example_dag_decorator.py for tasks to queue
[2023-01-03T04:10:53.454+0000] {logging_mixin.py:137} INFO - [2023-01-03T04:10:53.454+0000] {dagbag.py:538} INFO - Filling up the DagBag from /home/airflow/.local/lib/python3.7/site-packages/airflow/example_dags/example_dag_decorator.py
[2023-01-03T04:10:53.720+0000] {logging_mixin.py:137} INFO - [2023-01-03T04:10:53.719+0000] {taskmixin.py:205} WARNING - Dependency <Task(_PythonDecoratedOperator): prepare_email>, send_email already registered for DAG: example_dag_decorator
[2023-01-03T04:10:53.730+0000] {logging_mixin.py:137} INFO - [2023-01-03T04:10:53.729+0000] {taskmixin.py:205} WARNING - Dependency <Task(EmailOperator): send_email>, prepare_email already registered for DAG: example_dag_decorator
[2023-01-03T04:10:53.835+0000] {processor.py:753} INFO - DAG(s) dict_keys(['example_dag_decorator']) retrieved from /home/airflow/.local/lib/python3.7/site-packages/airflow/example_dags/example_dag_decorator.py
[2023-01-03T04:10:54.281+0000] {logging_mixin.py:137} INFO - [2023-01-03T04:10:54.281+0000] {dag.py:2676} INFO - Sync 1 DAGs
[2023-01-03T04:10:54.316+0000] {logging_mixin.py:137} INFO - [2023-01-03T04:10:54.316+0000] {dag.py:3427} INFO - Setting next_dagrun for example_dag_decorator to None, run_after=None
[2023-01-03T04:10:54.359+0000] {processor.py:175} INFO - Processing /home/airflow/.local/lib/python3.7/site-packages/airflow/example_dags/example_dag_decorator.py took 0.963 seconds
[2023-01-03T04:11:32.507+0000] {processor.py:153} INFO - Started process (PID=306) to work on /home/airflow/.local/lib/python3.7/site-packages/airflow/example_dags/example_dag_decorator.py
[2023-01-03T04:11:32.518+0000] {processor.py:743} INFO - Processing file /home/airflow/.local/lib/python3.7/site-packages/airflow/example_dags/example_dag_decorator.py for tasks to queue
[2023-01-03T04:11:32.536+0000] {logging_mixin.py:137} INFO - [2023-01-03T04:11:32.535+0000] {dagbag.py:538} INFO - Filling up the DagBag from /home/airflow/.local/lib/python3.7/site-packages/airflow/example_dags/example_dag_decorator.py
[2023-01-03T04:11:32.641+0000] {logging_mixin.py:137} INFO - [2023-01-03T04:11:32.640+0000] {taskmixin.py:205} WARNING - Dependency <Task(_PythonDecoratedOperator): prepare_email>, send_email already registered for DAG: example_dag_decorator
[2023-01-03T04:11:32.708+0000] {logging_mixin.py:137} INFO - [2023-01-03T04:11:32.708+0000] {taskmixin.py:205} WARNING - Dependency <Task(EmailOperator): send_email>, prepare_email already registered for DAG: example_dag_decorator
[2023-01-03T04:11:32.874+0000] {processor.py:753} INFO - DAG(s) dict_keys(['example_dag_decorator']) retrieved from /home/airflow/.local/lib/python3.7/site-packages/airflow/example_dags/example_dag_decorator.py
[2023-01-03T04:11:33.527+0000] {logging_mixin.py:137} INFO - [2023-01-03T04:11:33.527+0000] {dag.py:2676} INFO - Sync 1 DAGs
[2023-01-03T04:11:33.701+0000] {logging_mixin.py:137} INFO - [2023-01-03T04:11:33.701+0000] {dag.py:3427} INFO - Setting next_dagrun for example_dag_decorator to None, run_after=None
[2023-01-03T04:11:33.872+0000] {processor.py:175} INFO - Processing /home/airflow/.local/lib/python3.7/site-packages/airflow/example_dags/example_dag_decorator.py took 1.395 seconds
[2023-01-03T04:12:04.609+0000] {processor.py:153} INFO - Started process (PID=372) to work on /home/airflow/.local/lib/python3.7/site-packages/airflow/example_dags/example_dag_decorator.py
[2023-01-03T04:12:04.624+0000] {processor.py:743} INFO - Processing file /home/airflow/.local/lib/python3.7/site-packages/airflow/example_dags/example_dag_decorator.py for tasks to queue
[2023-01-03T04:12:04.629+0000] {logging_mixin.py:137} INFO - [2023-01-03T04:12:04.628+0000] {dagbag.py:538} INFO - Filling up the DagBag from /home/airflow/.local/lib/python3.7/site-packages/airflow/example_dags/example_dag_decorator.py
[2023-01-03T04:12:04.783+0000] {logging_mixin.py:137} INFO - [2023-01-03T04:12:04.783+0000] {taskmixin.py:205} WARNING - Dependency <Task(_PythonDecoratedOperator): prepare_email>, send_email already registered for DAG: example_dag_decorator
[2023-01-03T04:12:04.807+0000] {logging_mixin.py:137} INFO - [2023-01-03T04:12:04.807+0000] {taskmixin.py:205} WARNING - Dependency <Task(EmailOperator): send_email>, prepare_email already registered for DAG: example_dag_decorator
[2023-01-03T04:12:04.875+0000] {processor.py:753} INFO - DAG(s) dict_keys(['example_dag_decorator']) retrieved from /home/airflow/.local/lib/python3.7/site-packages/airflow/example_dags/example_dag_decorator.py
[2023-01-03T04:12:05.360+0000] {logging_mixin.py:137} INFO - [2023-01-03T04:12:05.360+0000] {dag.py:2676} INFO - Sync 1 DAGs
[2023-01-03T04:12:05.483+0000] {logging_mixin.py:137} INFO - [2023-01-03T04:12:05.483+0000] {dag.py:3427} INFO - Setting next_dagrun for example_dag_decorator to None, run_after=None
[2023-01-03T04:12:05.586+0000] {processor.py:175} INFO - Processing /home/airflow/.local/lib/python3.7/site-packages/airflow/example_dags/example_dag_decorator.py took 0.993 seconds
[2023-01-03T04:12:45.689+0000] {processor.py:153} INFO - Started process (PID=396) to work on /home/airflow/.local/lib/python3.7/site-packages/airflow/example_dags/example_dag_decorator.py
[2023-01-03T04:12:45.713+0000] {processor.py:743} INFO - Processing file /home/airflow/.local/lib/python3.7/site-packages/airflow/example_dags/example_dag_decorator.py for tasks to queue
[2023-01-03T04:12:45.718+0000] {logging_mixin.py:137} INFO - [2023-01-03T04:12:45.717+0000] {dagbag.py:538} INFO - Filling up the DagBag from /home/airflow/.local/lib/python3.7/site-packages/airflow/example_dags/example_dag_decorator.py
[2023-01-03T04:12:45.844+0000] {logging_mixin.py:137} INFO - [2023-01-03T04:12:45.843+0000] {taskmixin.py:205} WARNING - Dependency <Task(_PythonDecoratedOperator): prepare_email>, send_email already registered for DAG: example_dag_decorator
[2023-01-03T04:12:45.846+0000] {logging_mixin.py:137} INFO - [2023-01-03T04:12:45.846+0000] {taskmixin.py:205} WARNING - Dependency <Task(EmailOperator): send_email>, prepare_email already registered for DAG: example_dag_decorator
[2023-01-03T04:12:45.953+0000] {processor.py:753} INFO - DAG(s) dict_keys(['example_dag_decorator']) retrieved from /home/airflow/.local/lib/python3.7/site-packages/airflow/example_dags/example_dag_decorator.py
[2023-01-03T04:12:47.510+0000] {logging_mixin.py:137} INFO - [2023-01-03T04:12:47.508+0000] {dag.py:2676} INFO - Sync 1 DAGs
[2023-01-03T04:12:47.595+0000] {logging_mixin.py:137} INFO - [2023-01-03T04:12:47.594+0000] {dag.py:3427} INFO - Setting next_dagrun for example_dag_decorator to None, run_after=None
[2023-01-03T04:12:47.666+0000] {processor.py:175} INFO - Processing /home/airflow/.local/lib/python3.7/site-packages/airflow/example_dags/example_dag_decorator.py took 1.982 seconds
