[2023-01-03T03:44:26.706+0000] {processor.py:153} INFO - Started process (PID=49) to work on /home/airflow/.local/lib/python3.7/site-packages/airflow/example_dags/example_task_group_decorator.py
[2023-01-03T03:44:26.719+0000] {processor.py:743} INFO - Processing file /home/airflow/.local/lib/python3.7/site-packages/airflow/example_dags/example_task_group_decorator.py for tasks to queue
[2023-01-03T03:44:26.725+0000] {logging_mixin.py:137} INFO - [2023-01-03T03:44:26.724+0000] {dagbag.py:538} INFO - Filling up the DagBag from /home/airflow/.local/lib/python3.7/site-packages/airflow/example_dags/example_task_group_decorator.py
[2023-01-03T03:44:26.971+0000] {processor.py:753} INFO - DAG(s) dict_keys(['example_task_group_decorator']) retrieved from /home/airflow/.local/lib/python3.7/site-packages/airflow/example_dags/example_task_group_decorator.py
[2023-01-03T03:44:27.075+0000] {logging_mixin.py:137} INFO - [2023-01-03T03:44:27.074+0000] {dag.py:2676} INFO - Sync 1 DAGs
[2023-01-03T03:44:27.241+0000] {logging_mixin.py:137} INFO - [2023-01-03T03:44:27.241+0000] {dag.py:3427} INFO - Setting next_dagrun for example_task_group_decorator to 2023-01-02T03:44:27.240977+00:00, run_after=2023-01-03T03:44:27.240977+00:00
[2023-01-03T03:44:27.324+0000] {processor.py:175} INFO - Processing /home/airflow/.local/lib/python3.7/site-packages/airflow/example_dags/example_task_group_decorator.py took 0.634 seconds
[2023-01-03T03:44:58.158+0000] {processor.py:153} INFO - Started process (PID=110) to work on /home/airflow/.local/lib/python3.7/site-packages/airflow/example_dags/example_task_group_decorator.py
[2023-01-03T03:44:58.160+0000] {processor.py:743} INFO - Processing file /home/airflow/.local/lib/python3.7/site-packages/airflow/example_dags/example_task_group_decorator.py for tasks to queue
[2023-01-03T03:44:58.161+0000] {logging_mixin.py:137} INFO - [2023-01-03T03:44:58.161+0000] {dagbag.py:538} INFO - Filling up the DagBag from /home/airflow/.local/lib/python3.7/site-packages/airflow/example_dags/example_task_group_decorator.py
[2023-01-03T03:44:58.199+0000] {processor.py:753} INFO - DAG(s) dict_keys(['example_task_group_decorator']) retrieved from /home/airflow/.local/lib/python3.7/site-packages/airflow/example_dags/example_task_group_decorator.py
[2023-01-03T03:44:58.248+0000] {logging_mixin.py:137} INFO - [2023-01-03T03:44:58.248+0000] {dag.py:2676} INFO - Sync 1 DAGs
[2023-01-03T03:44:58.272+0000] {logging_mixin.py:137} INFO - [2023-01-03T03:44:58.272+0000] {dag.py:3427} INFO - Setting next_dagrun for example_task_group_decorator to 2023-01-02T03:44:58.272589+00:00, run_after=2023-01-03T03:44:58.272589+00:00
[2023-01-03T03:44:58.291+0000] {processor.py:175} INFO - Processing /home/airflow/.local/lib/python3.7/site-packages/airflow/example_dags/example_task_group_decorator.py took 0.136 seconds
[2023-01-03T03:45:28.790+0000] {processor.py:153} INFO - Started process (PID=172) to work on /home/airflow/.local/lib/python3.7/site-packages/airflow/example_dags/example_task_group_decorator.py
[2023-01-03T03:45:28.793+0000] {processor.py:743} INFO - Processing file /home/airflow/.local/lib/python3.7/site-packages/airflow/example_dags/example_task_group_decorator.py for tasks to queue
[2023-01-03T03:45:28.795+0000] {logging_mixin.py:137} INFO - [2023-01-03T03:45:28.795+0000] {dagbag.py:538} INFO - Filling up the DagBag from /home/airflow/.local/lib/python3.7/site-packages/airflow/example_dags/example_task_group_decorator.py
[2023-01-03T03:45:28.861+0000] {processor.py:753} INFO - DAG(s) dict_keys(['example_task_group_decorator']) retrieved from /home/airflow/.local/lib/python3.7/site-packages/airflow/example_dags/example_task_group_decorator.py
[2023-01-03T03:45:29.015+0000] {logging_mixin.py:137} INFO - [2023-01-03T03:45:29.014+0000] {dag.py:2676} INFO - Sync 1 DAGs
[2023-01-03T03:45:29.134+0000] {logging_mixin.py:137} INFO - [2023-01-03T03:45:29.134+0000] {dag.py:3427} INFO - Setting next_dagrun for example_task_group_decorator to 2023-01-02T03:45:29.133849+00:00, run_after=2023-01-03T03:45:29.133849+00:00
[2023-01-03T03:45:29.192+0000] {processor.py:175} INFO - Processing /home/airflow/.local/lib/python3.7/site-packages/airflow/example_dags/example_task_group_decorator.py took 0.411 seconds
[2023-01-03T03:45:59.455+0000] {processor.py:153} INFO - Started process (PID=244) to work on /home/airflow/.local/lib/python3.7/site-packages/airflow/example_dags/example_task_group_decorator.py
[2023-01-03T03:45:59.456+0000] {processor.py:743} INFO - Processing file /home/airflow/.local/lib/python3.7/site-packages/airflow/example_dags/example_task_group_decorator.py for tasks to queue
[2023-01-03T03:45:59.459+0000] {logging_mixin.py:137} INFO - [2023-01-03T03:45:59.459+0000] {dagbag.py:538} INFO - Filling up the DagBag from /home/airflow/.local/lib/python3.7/site-packages/airflow/example_dags/example_task_group_decorator.py
[2023-01-03T03:45:59.518+0000] {processor.py:753} INFO - DAG(s) dict_keys(['example_task_group_decorator']) retrieved from /home/airflow/.local/lib/python3.7/site-packages/airflow/example_dags/example_task_group_decorator.py
[2023-01-03T03:45:59.651+0000] {logging_mixin.py:137} INFO - [2023-01-03T03:45:59.651+0000] {dag.py:2676} INFO - Sync 1 DAGs
[2023-01-03T03:45:59.786+0000] {logging_mixin.py:137} INFO - [2023-01-03T03:45:59.786+0000] {dag.py:3427} INFO - Setting next_dagrun for example_task_group_decorator to 2023-01-02T03:45:59.785671+00:00, run_after=2023-01-03T03:45:59.785671+00:00
[2023-01-03T03:45:59.845+0000] {processor.py:175} INFO - Processing /home/airflow/.local/lib/python3.7/site-packages/airflow/example_dags/example_task_group_decorator.py took 0.393 seconds
[2023-01-03T03:46:30.466+0000] {processor.py:153} INFO - Started process (PID=308) to work on /home/airflow/.local/lib/python3.7/site-packages/airflow/example_dags/example_task_group_decorator.py
[2023-01-03T03:46:30.468+0000] {processor.py:743} INFO - Processing file /home/airflow/.local/lib/python3.7/site-packages/airflow/example_dags/example_task_group_decorator.py for tasks to queue
[2023-01-03T03:46:30.472+0000] {logging_mixin.py:137} INFO - [2023-01-03T03:46:30.472+0000] {dagbag.py:538} INFO - Filling up the DagBag from /home/airflow/.local/lib/python3.7/site-packages/airflow/example_dags/example_task_group_decorator.py
[2023-01-03T03:46:30.541+0000] {processor.py:753} INFO - DAG(s) dict_keys(['example_task_group_decorator']) retrieved from /home/airflow/.local/lib/python3.7/site-packages/airflow/example_dags/example_task_group_decorator.py
[2023-01-03T03:46:30.614+0000] {logging_mixin.py:137} INFO - [2023-01-03T03:46:30.614+0000] {dag.py:2676} INFO - Sync 1 DAGs
[2023-01-03T03:46:30.650+0000] {logging_mixin.py:137} INFO - [2023-01-03T03:46:30.650+0000] {dag.py:3427} INFO - Setting next_dagrun for example_task_group_decorator to 2023-01-02T03:46:30.649700+00:00, run_after=2023-01-03T03:46:30.649700+00:00
[2023-01-03T03:46:30.678+0000] {processor.py:175} INFO - Processing /home/airflow/.local/lib/python3.7/site-packages/airflow/example_dags/example_task_group_decorator.py took 0.218 seconds
[2023-01-03T03:47:02.319+0000] {processor.py:153} INFO - Started process (PID=370) to work on /home/airflow/.local/lib/python3.7/site-packages/airflow/example_dags/example_task_group_decorator.py
[2023-01-03T03:47:02.329+0000] {processor.py:743} INFO - Processing file /home/airflow/.local/lib/python3.7/site-packages/airflow/example_dags/example_task_group_decorator.py for tasks to queue
[2023-01-03T03:47:02.337+0000] {logging_mixin.py:137} INFO - [2023-01-03T03:47:02.336+0000] {dagbag.py:538} INFO - Filling up the DagBag from /home/airflow/.local/lib/python3.7/site-packages/airflow/example_dags/example_task_group_decorator.py
[2023-01-03T03:47:02.634+0000] {processor.py:753} INFO - DAG(s) dict_keys(['example_task_group_decorator']) retrieved from /home/airflow/.local/lib/python3.7/site-packages/airflow/example_dags/example_task_group_decorator.py
[2023-01-03T03:47:02.844+0000] {logging_mixin.py:137} INFO - [2023-01-03T03:47:02.844+0000] {dag.py:2676} INFO - Sync 1 DAGs
[2023-01-03T03:47:02.931+0000] {logging_mixin.py:137} INFO - [2023-01-03T03:47:02.930+0000] {dag.py:3427} INFO - Setting next_dagrun for example_task_group_decorator to 2023-01-02T03:47:02.928922+00:00, run_after=2023-01-03T03:47:02.928922+00:00
[2023-01-03T03:47:03.003+0000] {processor.py:175} INFO - Processing /home/airflow/.local/lib/python3.7/site-packages/airflow/example_dags/example_task_group_decorator.py took 0.705 seconds
[2023-01-03T03:47:33.113+0000] {processor.py:153} INFO - Started process (PID=432) to work on /home/airflow/.local/lib/python3.7/site-packages/airflow/example_dags/example_task_group_decorator.py
[2023-01-03T03:47:33.117+0000] {processor.py:743} INFO - Processing file /home/airflow/.local/lib/python3.7/site-packages/airflow/example_dags/example_task_group_decorator.py for tasks to queue
[2023-01-03T03:47:33.118+0000] {logging_mixin.py:137} INFO - [2023-01-03T03:47:33.118+0000] {dagbag.py:538} INFO - Filling up the DagBag from /home/airflow/.local/lib/python3.7/site-packages/airflow/example_dags/example_task_group_decorator.py
[2023-01-03T03:47:33.150+0000] {processor.py:753} INFO - DAG(s) dict_keys(['example_task_group_decorator']) retrieved from /home/airflow/.local/lib/python3.7/site-packages/airflow/example_dags/example_task_group_decorator.py
[2023-01-03T03:47:33.190+0000] {logging_mixin.py:137} INFO - [2023-01-03T03:47:33.190+0000] {dag.py:2676} INFO - Sync 1 DAGs
[2023-01-03T03:47:33.211+0000] {logging_mixin.py:137} INFO - [2023-01-03T03:47:33.211+0000] {dag.py:3427} INFO - Setting next_dagrun for example_task_group_decorator to 2023-01-02T03:47:33.211032+00:00, run_after=2023-01-03T03:47:33.211032+00:00
[2023-01-03T03:47:33.225+0000] {processor.py:175} INFO - Processing /home/airflow/.local/lib/python3.7/site-packages/airflow/example_dags/example_task_group_decorator.py took 0.117 seconds
[2023-01-03T03:48:06.382+0000] {processor.py:153} INFO - Started process (PID=494) to work on /home/airflow/.local/lib/python3.7/site-packages/airflow/example_dags/example_task_group_decorator.py
[2023-01-03T03:48:06.395+0000] {processor.py:743} INFO - Processing file /home/airflow/.local/lib/python3.7/site-packages/airflow/example_dags/example_task_group_decorator.py for tasks to queue
[2023-01-03T03:48:06.399+0000] {logging_mixin.py:137} INFO - [2023-01-03T03:48:06.399+0000] {dagbag.py:538} INFO - Filling up the DagBag from /home/airflow/.local/lib/python3.7/site-packages/airflow/example_dags/example_task_group_decorator.py
[2023-01-03T03:48:06.570+0000] {processor.py:753} INFO - DAG(s) dict_keys(['example_task_group_decorator']) retrieved from /home/airflow/.local/lib/python3.7/site-packages/airflow/example_dags/example_task_group_decorator.py
[2023-01-03T03:48:06.712+0000] {logging_mixin.py:137} INFO - [2023-01-03T03:48:06.712+0000] {dag.py:2676} INFO - Sync 1 DAGs
[2023-01-03T03:48:06.780+0000] {logging_mixin.py:137} INFO - [2023-01-03T03:48:06.779+0000] {dag.py:3427} INFO - Setting next_dagrun for example_task_group_decorator to 2023-01-02T03:48:06.772126+00:00, run_after=2023-01-03T03:48:06.772126+00:00
[2023-01-03T03:48:06.891+0000] {processor.py:175} INFO - Processing /home/airflow/.local/lib/python3.7/site-packages/airflow/example_dags/example_task_group_decorator.py took 0.517 seconds
[2023-01-03T03:48:37.487+0000] {processor.py:153} INFO - Started process (PID=556) to work on /home/airflow/.local/lib/python3.7/site-packages/airflow/example_dags/example_task_group_decorator.py
[2023-01-03T03:48:37.502+0000] {processor.py:743} INFO - Processing file /home/airflow/.local/lib/python3.7/site-packages/airflow/example_dags/example_task_group_decorator.py for tasks to queue
[2023-01-03T03:48:37.506+0000] {logging_mixin.py:137} INFO - [2023-01-03T03:48:37.506+0000] {dagbag.py:538} INFO - Filling up the DagBag from /home/airflow/.local/lib/python3.7/site-packages/airflow/example_dags/example_task_group_decorator.py
[2023-01-03T03:48:37.656+0000] {processor.py:753} INFO - DAG(s) dict_keys(['example_task_group_decorator']) retrieved from /home/airflow/.local/lib/python3.7/site-packages/airflow/example_dags/example_task_group_decorator.py
[2023-01-03T03:48:37.864+0000] {logging_mixin.py:137} INFO - [2023-01-03T03:48:37.863+0000] {dag.py:2676} INFO - Sync 1 DAGs
[2023-01-03T03:48:38.001+0000] {logging_mixin.py:137} INFO - [2023-01-03T03:48:38.001+0000] {dag.py:3427} INFO - Setting next_dagrun for example_task_group_decorator to 2023-01-02T03:48:38.001363+00:00, run_after=2023-01-03T03:48:38.001363+00:00
[2023-01-03T03:48:38.053+0000] {processor.py:175} INFO - Processing /home/airflow/.local/lib/python3.7/site-packages/airflow/example_dags/example_task_group_decorator.py took 0.570 seconds
[2023-01-03T03:49:08.566+0000] {processor.py:153} INFO - Started process (PID=618) to work on /home/airflow/.local/lib/python3.7/site-packages/airflow/example_dags/example_task_group_decorator.py
[2023-01-03T03:49:08.581+0000] {processor.py:743} INFO - Processing file /home/airflow/.local/lib/python3.7/site-packages/airflow/example_dags/example_task_group_decorator.py for tasks to queue
[2023-01-03T03:49:08.587+0000] {logging_mixin.py:137} INFO - [2023-01-03T03:49:08.587+0000] {dagbag.py:538} INFO - Filling up the DagBag from /home/airflow/.local/lib/python3.7/site-packages/airflow/example_dags/example_task_group_decorator.py
[2023-01-03T03:49:08.659+0000] {processor.py:753} INFO - DAG(s) dict_keys(['example_task_group_decorator']) retrieved from /home/airflow/.local/lib/python3.7/site-packages/airflow/example_dags/example_task_group_decorator.py
[2023-01-03T03:49:08.786+0000] {logging_mixin.py:137} INFO - [2023-01-03T03:49:08.786+0000] {dag.py:2676} INFO - Sync 1 DAGs
[2023-01-03T03:49:08.847+0000] {logging_mixin.py:137} INFO - [2023-01-03T03:49:08.847+0000] {dag.py:3427} INFO - Setting next_dagrun for example_task_group_decorator to 2023-01-02T03:49:08.846277+00:00, run_after=2023-01-03T03:49:08.846277+00:00
[2023-01-03T03:49:08.910+0000] {processor.py:175} INFO - Processing /home/airflow/.local/lib/python3.7/site-packages/airflow/example_dags/example_task_group_decorator.py took 0.361 seconds
[2023-01-03T03:49:39.187+0000] {processor.py:153} INFO - Started process (PID=680) to work on /home/airflow/.local/lib/python3.7/site-packages/airflow/example_dags/example_task_group_decorator.py
[2023-01-03T03:49:39.189+0000] {processor.py:743} INFO - Processing file /home/airflow/.local/lib/python3.7/site-packages/airflow/example_dags/example_task_group_decorator.py for tasks to queue
[2023-01-03T03:49:39.190+0000] {logging_mixin.py:137} INFO - [2023-01-03T03:49:39.190+0000] {dagbag.py:538} INFO - Filling up the DagBag from /home/airflow/.local/lib/python3.7/site-packages/airflow/example_dags/example_task_group_decorator.py
[2023-01-03T03:49:39.241+0000] {processor.py:753} INFO - DAG(s) dict_keys(['example_task_group_decorator']) retrieved from /home/airflow/.local/lib/python3.7/site-packages/airflow/example_dags/example_task_group_decorator.py
[2023-01-03T03:49:39.297+0000] {logging_mixin.py:137} INFO - [2023-01-03T03:49:39.297+0000] {dag.py:2676} INFO - Sync 1 DAGs
[2023-01-03T03:49:39.345+0000] {logging_mixin.py:137} INFO - [2023-01-03T03:49:39.344+0000] {dag.py:3427} INFO - Setting next_dagrun for example_task_group_decorator to 2023-01-02T03:49:39.344584+00:00, run_after=2023-01-03T03:49:39.344584+00:00
[2023-01-03T03:49:39.370+0000] {processor.py:175} INFO - Processing /home/airflow/.local/lib/python3.7/site-packages/airflow/example_dags/example_task_group_decorator.py took 0.186 seconds
[2023-01-03T03:50:10.096+0000] {processor.py:153} INFO - Started process (PID=742) to work on /home/airflow/.local/lib/python3.7/site-packages/airflow/example_dags/example_task_group_decorator.py
[2023-01-03T03:50:10.100+0000] {processor.py:743} INFO - Processing file /home/airflow/.local/lib/python3.7/site-packages/airflow/example_dags/example_task_group_decorator.py for tasks to queue
[2023-01-03T03:50:10.103+0000] {logging_mixin.py:137} INFO - [2023-01-03T03:50:10.103+0000] {dagbag.py:538} INFO - Filling up the DagBag from /home/airflow/.local/lib/python3.7/site-packages/airflow/example_dags/example_task_group_decorator.py
[2023-01-03T03:50:10.189+0000] {processor.py:753} INFO - DAG(s) dict_keys(['example_task_group_decorator']) retrieved from /home/airflow/.local/lib/python3.7/site-packages/airflow/example_dags/example_task_group_decorator.py
[2023-01-03T03:50:10.293+0000] {logging_mixin.py:137} INFO - [2023-01-03T03:50:10.293+0000] {dag.py:2676} INFO - Sync 1 DAGs
[2023-01-03T03:50:10.350+0000] {logging_mixin.py:137} INFO - [2023-01-03T03:50:10.350+0000] {dag.py:3427} INFO - Setting next_dagrun for example_task_group_decorator to 2023-01-02T03:50:10.350508+00:00, run_after=2023-01-03T03:50:10.350508+00:00
[2023-01-03T03:50:10.392+0000] {processor.py:175} INFO - Processing /home/airflow/.local/lib/python3.7/site-packages/airflow/example_dags/example_task_group_decorator.py took 0.299 seconds
[2023-01-03T03:50:41.013+0000] {processor.py:153} INFO - Started process (PID=804) to work on /home/airflow/.local/lib/python3.7/site-packages/airflow/example_dags/example_task_group_decorator.py
[2023-01-03T03:50:41.026+0000] {processor.py:743} INFO - Processing file /home/airflow/.local/lib/python3.7/site-packages/airflow/example_dags/example_task_group_decorator.py for tasks to queue
[2023-01-03T03:50:41.027+0000] {logging_mixin.py:137} INFO - [2023-01-03T03:50:41.027+0000] {dagbag.py:538} INFO - Filling up the DagBag from /home/airflow/.local/lib/python3.7/site-packages/airflow/example_dags/example_task_group_decorator.py
[2023-01-03T03:50:41.083+0000] {processor.py:753} INFO - DAG(s) dict_keys(['example_task_group_decorator']) retrieved from /home/airflow/.local/lib/python3.7/site-packages/airflow/example_dags/example_task_group_decorator.py
[2023-01-03T03:50:41.161+0000] {logging_mixin.py:137} INFO - [2023-01-03T03:50:41.161+0000] {dag.py:2676} INFO - Sync 1 DAGs
[2023-01-03T03:50:41.200+0000] {logging_mixin.py:137} INFO - [2023-01-03T03:50:41.199+0000] {dag.py:3427} INFO - Setting next_dagrun for example_task_group_decorator to 2023-01-02T03:50:41.198888+00:00, run_after=2023-01-03T03:50:41.198888+00:00
[2023-01-03T03:50:41.235+0000] {processor.py:175} INFO - Processing /home/airflow/.local/lib/python3.7/site-packages/airflow/example_dags/example_task_group_decorator.py took 0.224 seconds
[2023-01-03T03:51:11.890+0000] {processor.py:153} INFO - Started process (PID=867) to work on /home/airflow/.local/lib/python3.7/site-packages/airflow/example_dags/example_task_group_decorator.py
[2023-01-03T03:51:11.897+0000] {processor.py:743} INFO - Processing file /home/airflow/.local/lib/python3.7/site-packages/airflow/example_dags/example_task_group_decorator.py for tasks to queue
[2023-01-03T03:51:11.899+0000] {logging_mixin.py:137} INFO - [2023-01-03T03:51:11.899+0000] {dagbag.py:538} INFO - Filling up the DagBag from /home/airflow/.local/lib/python3.7/site-packages/airflow/example_dags/example_task_group_decorator.py
[2023-01-03T03:51:11.979+0000] {processor.py:753} INFO - DAG(s) dict_keys(['example_task_group_decorator']) retrieved from /home/airflow/.local/lib/python3.7/site-packages/airflow/example_dags/example_task_group_decorator.py
[2023-01-03T03:51:12.146+0000] {logging_mixin.py:137} INFO - [2023-01-03T03:51:12.146+0000] {dag.py:2676} INFO - Sync 1 DAGs
[2023-01-03T03:51:12.216+0000] {logging_mixin.py:137} INFO - [2023-01-03T03:51:12.216+0000] {dag.py:3427} INFO - Setting next_dagrun for example_task_group_decorator to 2023-01-02T03:51:12.216354+00:00, run_after=2023-01-03T03:51:12.216354+00:00
[2023-01-03T03:51:12.262+0000] {processor.py:175} INFO - Processing /home/airflow/.local/lib/python3.7/site-packages/airflow/example_dags/example_task_group_decorator.py took 0.376 seconds
[2023-01-03T03:51:43.133+0000] {processor.py:153} INFO - Started process (PID=929) to work on /home/airflow/.local/lib/python3.7/site-packages/airflow/example_dags/example_task_group_decorator.py
[2023-01-03T03:51:43.138+0000] {processor.py:743} INFO - Processing file /home/airflow/.local/lib/python3.7/site-packages/airflow/example_dags/example_task_group_decorator.py for tasks to queue
[2023-01-03T03:51:43.152+0000] {logging_mixin.py:137} INFO - [2023-01-03T03:51:43.146+0000] {dagbag.py:538} INFO - Filling up the DagBag from /home/airflow/.local/lib/python3.7/site-packages/airflow/example_dags/example_task_group_decorator.py
[2023-01-03T03:51:43.296+0000] {processor.py:753} INFO - DAG(s) dict_keys(['example_task_group_decorator']) retrieved from /home/airflow/.local/lib/python3.7/site-packages/airflow/example_dags/example_task_group_decorator.py
[2023-01-03T03:51:43.418+0000] {logging_mixin.py:137} INFO - [2023-01-03T03:51:43.418+0000] {dag.py:2676} INFO - Sync 1 DAGs
[2023-01-03T03:51:43.476+0000] {logging_mixin.py:137} INFO - [2023-01-03T03:51:43.476+0000] {dag.py:3427} INFO - Setting next_dagrun for example_task_group_decorator to 2023-01-02T03:51:43.476113+00:00, run_after=2023-01-03T03:51:43.476113+00:00
[2023-01-03T03:51:43.528+0000] {processor.py:175} INFO - Processing /home/airflow/.local/lib/python3.7/site-packages/airflow/example_dags/example_task_group_decorator.py took 0.399 seconds
[2023-01-03T03:52:13.927+0000] {processor.py:153} INFO - Started process (PID=990) to work on /home/airflow/.local/lib/python3.7/site-packages/airflow/example_dags/example_task_group_decorator.py
[2023-01-03T03:52:13.930+0000] {processor.py:743} INFO - Processing file /home/airflow/.local/lib/python3.7/site-packages/airflow/example_dags/example_task_group_decorator.py for tasks to queue
[2023-01-03T03:52:13.932+0000] {logging_mixin.py:137} INFO - [2023-01-03T03:52:13.931+0000] {dagbag.py:538} INFO - Filling up the DagBag from /home/airflow/.local/lib/python3.7/site-packages/airflow/example_dags/example_task_group_decorator.py
[2023-01-03T03:52:14.042+0000] {processor.py:753} INFO - DAG(s) dict_keys(['example_task_group_decorator']) retrieved from /home/airflow/.local/lib/python3.7/site-packages/airflow/example_dags/example_task_group_decorator.py
[2023-01-03T03:52:14.309+0000] {logging_mixin.py:137} INFO - [2023-01-03T03:52:14.309+0000] {dag.py:2676} INFO - Sync 1 DAGs
[2023-01-03T03:52:14.395+0000] {logging_mixin.py:137} INFO - [2023-01-03T03:52:14.395+0000] {dag.py:3427} INFO - Setting next_dagrun for example_task_group_decorator to 2023-01-02T03:52:14.394829+00:00, run_after=2023-01-03T03:52:14.394829+00:00
[2023-01-03T03:52:14.460+0000] {processor.py:175} INFO - Processing /home/airflow/.local/lib/python3.7/site-packages/airflow/example_dags/example_task_group_decorator.py took 0.542 seconds
[2023-01-03T03:52:55.162+0000] {processor.py:153} INFO - Started process (PID=1054) to work on /home/airflow/.local/lib/python3.7/site-packages/airflow/example_dags/example_task_group_decorator.py
[2023-01-03T03:52:55.166+0000] {processor.py:743} INFO - Processing file /home/airflow/.local/lib/python3.7/site-packages/airflow/example_dags/example_task_group_decorator.py for tasks to queue
[2023-01-03T03:52:55.167+0000] {logging_mixin.py:137} INFO - [2023-01-03T03:52:55.167+0000] {dagbag.py:538} INFO - Filling up the DagBag from /home/airflow/.local/lib/python3.7/site-packages/airflow/example_dags/example_task_group_decorator.py
[2023-01-03T03:52:55.382+0000] {processor.py:753} INFO - DAG(s) dict_keys(['example_task_group_decorator']) retrieved from /home/airflow/.local/lib/python3.7/site-packages/airflow/example_dags/example_task_group_decorator.py
[2023-01-03T03:52:55.743+0000] {logging_mixin.py:137} INFO - [2023-01-03T03:52:55.738+0000] {dag.py:2676} INFO - Sync 1 DAGs
[2023-01-03T03:52:55.981+0000] {logging_mixin.py:137} INFO - [2023-01-03T03:52:55.974+0000] {dag.py:3427} INFO - Setting next_dagrun for example_task_group_decorator to 2023-01-02T03:52:55.970450+00:00, run_after=2023-01-03T03:52:55.970450+00:00
[2023-01-03T03:52:56.080+0000] {processor.py:175} INFO - Processing /home/airflow/.local/lib/python3.7/site-packages/airflow/example_dags/example_task_group_decorator.py took 0.923 seconds
[2023-01-03T03:53:43.520+0000] {processor.py:153} INFO - Started process (PID=1104) to work on /home/airflow/.local/lib/python3.7/site-packages/airflow/example_dags/example_task_group_decorator.py
[2023-01-03T03:53:43.529+0000] {processor.py:743} INFO - Processing file /home/airflow/.local/lib/python3.7/site-packages/airflow/example_dags/example_task_group_decorator.py for tasks to queue
[2023-01-03T03:53:43.533+0000] {logging_mixin.py:137} INFO - [2023-01-03T03:53:43.533+0000] {dagbag.py:538} INFO - Filling up the DagBag from /home/airflow/.local/lib/python3.7/site-packages/airflow/example_dags/example_task_group_decorator.py
[2023-01-03T03:53:43.614+0000] {processor.py:753} INFO - DAG(s) dict_keys(['example_task_group_decorator']) retrieved from /home/airflow/.local/lib/python3.7/site-packages/airflow/example_dags/example_task_group_decorator.py
[2023-01-03T03:53:43.687+0000] {logging_mixin.py:137} INFO - [2023-01-03T03:53:43.687+0000] {dag.py:2676} INFO - Sync 1 DAGs
[2023-01-03T03:53:43.719+0000] {logging_mixin.py:137} INFO - [2023-01-03T03:53:43.719+0000] {dag.py:3427} INFO - Setting next_dagrun for example_task_group_decorator to 2023-01-02T03:53:43.718789+00:00, run_after=2023-01-03T03:53:43.718789+00:00
[2023-01-03T03:53:43.749+0000] {processor.py:175} INFO - Processing /home/airflow/.local/lib/python3.7/site-packages/airflow/example_dags/example_task_group_decorator.py took 0.242 seconds
[2023-01-03T03:54:14.637+0000] {processor.py:153} INFO - Started process (PID=1163) to work on /home/airflow/.local/lib/python3.7/site-packages/airflow/example_dags/example_task_group_decorator.py
[2023-01-03T03:54:14.642+0000] {processor.py:743} INFO - Processing file /home/airflow/.local/lib/python3.7/site-packages/airflow/example_dags/example_task_group_decorator.py for tasks to queue
[2023-01-03T03:54:14.644+0000] {logging_mixin.py:137} INFO - [2023-01-03T03:54:14.643+0000] {dagbag.py:538} INFO - Filling up the DagBag from /home/airflow/.local/lib/python3.7/site-packages/airflow/example_dags/example_task_group_decorator.py
[2023-01-03T03:54:14.798+0000] {processor.py:753} INFO - DAG(s) dict_keys(['example_task_group_decorator']) retrieved from /home/airflow/.local/lib/python3.7/site-packages/airflow/example_dags/example_task_group_decorator.py
[2023-01-03T03:54:14.945+0000] {logging_mixin.py:137} INFO - [2023-01-03T03:54:14.945+0000] {dag.py:2676} INFO - Sync 1 DAGs
[2023-01-03T03:54:15.089+0000] {logging_mixin.py:137} INFO - [2023-01-03T03:54:15.089+0000] {dag.py:3427} INFO - Setting next_dagrun for example_task_group_decorator to 2023-01-02T03:54:15.088898+00:00, run_after=2023-01-03T03:54:15.088898+00:00
[2023-01-03T03:54:15.210+0000] {processor.py:175} INFO - Processing /home/airflow/.local/lib/python3.7/site-packages/airflow/example_dags/example_task_group_decorator.py took 0.588 seconds
[2023-01-03T03:54:45.601+0000] {processor.py:153} INFO - Started process (PID=1225) to work on /home/airflow/.local/lib/python3.7/site-packages/airflow/example_dags/example_task_group_decorator.py
[2023-01-03T03:54:45.605+0000] {processor.py:743} INFO - Processing file /home/airflow/.local/lib/python3.7/site-packages/airflow/example_dags/example_task_group_decorator.py for tasks to queue
[2023-01-03T03:54:45.607+0000] {logging_mixin.py:137} INFO - [2023-01-03T03:54:45.607+0000] {dagbag.py:538} INFO - Filling up the DagBag from /home/airflow/.local/lib/python3.7/site-packages/airflow/example_dags/example_task_group_decorator.py
[2023-01-03T03:54:45.700+0000] {processor.py:753} INFO - DAG(s) dict_keys(['example_task_group_decorator']) retrieved from /home/airflow/.local/lib/python3.7/site-packages/airflow/example_dags/example_task_group_decorator.py
[2023-01-03T03:54:45.878+0000] {logging_mixin.py:137} INFO - [2023-01-03T03:54:45.878+0000] {dag.py:2676} INFO - Sync 1 DAGs
[2023-01-03T03:54:45.937+0000] {logging_mixin.py:137} INFO - [2023-01-03T03:54:45.937+0000] {dag.py:3427} INFO - Setting next_dagrun for example_task_group_decorator to 2023-01-02T03:54:45.936839+00:00, run_after=2023-01-03T03:54:45.936839+00:00
[2023-01-03T03:54:46.000+0000] {processor.py:175} INFO - Processing /home/airflow/.local/lib/python3.7/site-packages/airflow/example_dags/example_task_group_decorator.py took 0.402 seconds
[2023-01-03T03:55:55.055+0000] {processor.py:153} INFO - Started process (PID=1274) to work on /home/airflow/.local/lib/python3.7/site-packages/airflow/example_dags/example_task_group_decorator.py
[2023-01-03T03:55:55.086+0000] {processor.py:743} INFO - Processing file /home/airflow/.local/lib/python3.7/site-packages/airflow/example_dags/example_task_group_decorator.py for tasks to queue
[2023-01-03T03:55:55.095+0000] {logging_mixin.py:137} INFO - [2023-01-03T03:55:55.095+0000] {dagbag.py:538} INFO - Filling up the DagBag from /home/airflow/.local/lib/python3.7/site-packages/airflow/example_dags/example_task_group_decorator.py
[2023-01-03T03:55:55.992+0000] {processor.py:753} INFO - DAG(s) dict_keys(['example_task_group_decorator']) retrieved from /home/airflow/.local/lib/python3.7/site-packages/airflow/example_dags/example_task_group_decorator.py
[2023-01-03T03:55:56.952+0000] {logging_mixin.py:137} INFO - [2023-01-03T03:55:56.952+0000] {dag.py:2676} INFO - Sync 1 DAGs
[2023-01-03T03:55:57.233+0000] {logging_mixin.py:137} INFO - [2023-01-03T03:55:57.231+0000] {dag.py:3427} INFO - Setting next_dagrun for example_task_group_decorator to 2023-01-02T03:55:57.225740+00:00, run_after=2023-01-03T03:55:57.225740+00:00
[2023-01-03T03:55:57.514+0000] {processor.py:175} INFO - Processing /home/airflow/.local/lib/python3.7/site-packages/airflow/example_dags/example_task_group_decorator.py took 2.640 seconds
[2023-01-03T04:00:19.027+0000] {processor.py:153} INFO - Started process (PID=58) to work on /home/airflow/.local/lib/python3.7/site-packages/airflow/example_dags/example_task_group_decorator.py
[2023-01-03T04:00:19.071+0000] {processor.py:743} INFO - Processing file /home/airflow/.local/lib/python3.7/site-packages/airflow/example_dags/example_task_group_decorator.py for tasks to queue
[2023-01-03T04:00:19.074+0000] {logging_mixin.py:137} INFO - [2023-01-03T04:00:19.074+0000] {dagbag.py:538} INFO - Filling up the DagBag from /home/airflow/.local/lib/python3.7/site-packages/airflow/example_dags/example_task_group_decorator.py
[2023-01-03T04:00:19.301+0000] {processor.py:753} INFO - DAG(s) dict_keys(['example_task_group_decorator']) retrieved from /home/airflow/.local/lib/python3.7/site-packages/airflow/example_dags/example_task_group_decorator.py
[2023-01-03T04:00:19.771+0000] {logging_mixin.py:137} INFO - [2023-01-03T04:00:19.771+0000] {dag.py:2676} INFO - Sync 1 DAGs
[2023-01-03T04:00:19.937+0000] {logging_mixin.py:137} INFO - [2023-01-03T04:00:19.937+0000] {dag.py:3427} INFO - Setting next_dagrun for example_task_group_decorator to 2023-01-02T04:00:19.936678+00:00, run_after=2023-01-03T04:00:19.936678+00:00
[2023-01-03T04:00:20.079+0000] {processor.py:175} INFO - Processing /home/airflow/.local/lib/python3.7/site-packages/airflow/example_dags/example_task_group_decorator.py took 1.056 seconds
[2023-01-03T04:02:39.794+0000] {processor.py:153} INFO - Started process (PID=102) to work on /home/airflow/.local/lib/python3.7/site-packages/airflow/example_dags/example_task_group_decorator.py
[2023-01-03T04:02:39.845+0000] {processor.py:743} INFO - Processing file /home/airflow/.local/lib/python3.7/site-packages/airflow/example_dags/example_task_group_decorator.py for tasks to queue
[2023-01-03T04:02:40.161+0000] {logging_mixin.py:137} INFO - [2023-01-03T04:02:39.935+0000] {dagbag.py:538} INFO - Filling up the DagBag from /home/airflow/.local/lib/python3.7/site-packages/airflow/example_dags/example_task_group_decorator.py
[2023-01-03T04:02:43.584+0000] {processor.py:753} INFO - DAG(s) dict_keys(['example_task_group_decorator']) retrieved from /home/airflow/.local/lib/python3.7/site-packages/airflow/example_dags/example_task_group_decorator.py
[2023-01-03T04:03:08.957+0000] {logging_mixin.py:137} INFO - [2023-01-03T04:03:08.894+0000] {dag.py:2676} INFO - Sync 1 DAGs
[2023-01-03T04:03:09.639+0000] {logging_mixin.py:137} INFO - [2023-01-03T04:03:09.639+0000] {dag.py:3427} INFO - Setting next_dagrun for example_task_group_decorator to 2023-01-02T04:03:09.604290+00:00, run_after=2023-01-03T04:03:09.604290+00:00
[2023-01-03T04:03:10.169+0000] {processor.py:175} INFO - Processing /home/airflow/.local/lib/python3.7/site-packages/airflow/example_dags/example_task_group_decorator.py took 29.683 seconds
[2023-01-03T04:06:22.133+0000] {processor.py:153} INFO - Started process (PID=78) to work on /home/airflow/.local/lib/python3.7/site-packages/airflow/example_dags/example_task_group_decorator.py
[2023-01-03T04:06:22.173+0000] {processor.py:743} INFO - Processing file /home/airflow/.local/lib/python3.7/site-packages/airflow/example_dags/example_task_group_decorator.py for tasks to queue
[2023-01-03T04:06:22.184+0000] {logging_mixin.py:137} INFO - [2023-01-03T04:06:22.184+0000] {dagbag.py:538} INFO - Filling up the DagBag from /home/airflow/.local/lib/python3.7/site-packages/airflow/example_dags/example_task_group_decorator.py
[2023-01-03T04:06:23.197+0000] {processor.py:753} INFO - DAG(s) dict_keys(['example_task_group_decorator']) retrieved from /home/airflow/.local/lib/python3.7/site-packages/airflow/example_dags/example_task_group_decorator.py
[2023-01-03T04:06:24.303+0000] {logging_mixin.py:137} INFO - [2023-01-03T04:06:24.300+0000] {dag.py:2676} INFO - Sync 1 DAGs
[2023-01-03T04:06:24.584+0000] {logging_mixin.py:137} INFO - [2023-01-03T04:06:24.584+0000] {dag.py:3427} INFO - Setting next_dagrun for example_task_group_decorator to 2023-01-02T04:06:24.583982+00:00, run_after=2023-01-03T04:06:24.583982+00:00
[2023-01-03T04:06:25.128+0000] {processor.py:175} INFO - Processing /home/airflow/.local/lib/python3.7/site-packages/airflow/example_dags/example_task_group_decorator.py took 3.089 seconds
[2023-01-03T04:07:32.573+0000] {processor.py:153} INFO - Started process (PID=58) to work on /home/airflow/.local/lib/python3.7/site-packages/airflow/example_dags/example_task_group_decorator.py
[2023-01-03T04:07:32.664+0000] {processor.py:743} INFO - Processing file /home/airflow/.local/lib/python3.7/site-packages/airflow/example_dags/example_task_group_decorator.py for tasks to queue
[2023-01-03T04:07:32.670+0000] {logging_mixin.py:137} INFO - [2023-01-03T04:07:32.670+0000] {dagbag.py:538} INFO - Filling up the DagBag from /home/airflow/.local/lib/python3.7/site-packages/airflow/example_dags/example_task_group_decorator.py
[2023-01-03T04:07:33.112+0000] {processor.py:753} INFO - DAG(s) dict_keys(['example_task_group_decorator']) retrieved from /home/airflow/.local/lib/python3.7/site-packages/airflow/example_dags/example_task_group_decorator.py
[2023-01-03T04:07:33.546+0000] {logging_mixin.py:137} INFO - [2023-01-03T04:07:33.546+0000] {dag.py:2676} INFO - Sync 1 DAGs
[2023-01-03T04:07:33.740+0000] {logging_mixin.py:137} INFO - [2023-01-03T04:07:33.740+0000] {dag.py:3427} INFO - Setting next_dagrun for example_task_group_decorator to 2023-01-02T04:07:33.739641+00:00, run_after=2023-01-03T04:07:33.739641+00:00
[2023-01-03T04:07:33.884+0000] {processor.py:175} INFO - Processing /home/airflow/.local/lib/python3.7/site-packages/airflow/example_dags/example_task_group_decorator.py took 1.349 seconds
[2023-01-03T04:09:21.003+0000] {processor.py:153} INFO - Started process (PID=81) to work on /home/airflow/.local/lib/python3.7/site-packages/airflow/example_dags/example_task_group_decorator.py
[2023-01-03T04:09:21.020+0000] {processor.py:743} INFO - Processing file /home/airflow/.local/lib/python3.7/site-packages/airflow/example_dags/example_task_group_decorator.py for tasks to queue
[2023-01-03T04:09:21.037+0000] {logging_mixin.py:137} INFO - [2023-01-03T04:09:21.037+0000] {dagbag.py:538} INFO - Filling up the DagBag from /home/airflow/.local/lib/python3.7/site-packages/airflow/example_dags/example_task_group_decorator.py
[2023-01-03T04:09:21.490+0000] {processor.py:753} INFO - DAG(s) dict_keys(['example_task_group_decorator']) retrieved from /home/airflow/.local/lib/python3.7/site-packages/airflow/example_dags/example_task_group_decorator.py
[2023-01-03T04:09:21.940+0000] {logging_mixin.py:137} INFO - [2023-01-03T04:09:21.940+0000] {dag.py:2676} INFO - Sync 1 DAGs
[2023-01-03T04:09:22.190+0000] {logging_mixin.py:137} INFO - [2023-01-03T04:09:22.190+0000] {dag.py:3427} INFO - Setting next_dagrun for example_task_group_decorator to 2023-01-02T04:09:22.189670+00:00, run_after=2023-01-03T04:09:22.189670+00:00
[2023-01-03T04:09:22.307+0000] {processor.py:175} INFO - Processing /home/airflow/.local/lib/python3.7/site-packages/airflow/example_dags/example_task_group_decorator.py took 1.331 seconds
[2023-01-03T04:09:52.682+0000] {processor.py:153} INFO - Started process (PID=146) to work on /home/airflow/.local/lib/python3.7/site-packages/airflow/example_dags/example_task_group_decorator.py
[2023-01-03T04:09:52.704+0000] {processor.py:743} INFO - Processing file /home/airflow/.local/lib/python3.7/site-packages/airflow/example_dags/example_task_group_decorator.py for tasks to queue
[2023-01-03T04:09:52.707+0000] {logging_mixin.py:137} INFO - [2023-01-03T04:09:52.707+0000] {dagbag.py:538} INFO - Filling up the DagBag from /home/airflow/.local/lib/python3.7/site-packages/airflow/example_dags/example_task_group_decorator.py
[2023-01-03T04:09:52.933+0000] {processor.py:753} INFO - DAG(s) dict_keys(['example_task_group_decorator']) retrieved from /home/airflow/.local/lib/python3.7/site-packages/airflow/example_dags/example_task_group_decorator.py
[2023-01-03T04:09:53.191+0000] {logging_mixin.py:137} INFO - [2023-01-03T04:09:53.191+0000] {dag.py:2676} INFO - Sync 1 DAGs
[2023-01-03T04:09:53.335+0000] {logging_mixin.py:137} INFO - [2023-01-03T04:09:53.335+0000] {dag.py:3427} INFO - Setting next_dagrun for example_task_group_decorator to 2023-01-02T04:09:53.334650+00:00, run_after=2023-01-03T04:09:53.334650+00:00
[2023-01-03T04:09:53.443+0000] {processor.py:175} INFO - Processing /home/airflow/.local/lib/python3.7/site-packages/airflow/example_dags/example_task_group_decorator.py took 0.767 seconds
[2023-01-03T04:10:24.829+0000] {processor.py:153} INFO - Started process (PID=208) to work on /home/airflow/.local/lib/python3.7/site-packages/airflow/example_dags/example_task_group_decorator.py
[2023-01-03T04:10:24.844+0000] {processor.py:743} INFO - Processing file /home/airflow/.local/lib/python3.7/site-packages/airflow/example_dags/example_task_group_decorator.py for tasks to queue
[2023-01-03T04:10:24.847+0000] {logging_mixin.py:137} INFO - [2023-01-03T04:10:24.846+0000] {dagbag.py:538} INFO - Filling up the DagBag from /home/airflow/.local/lib/python3.7/site-packages/airflow/example_dags/example_task_group_decorator.py
[2023-01-03T04:10:25.074+0000] {processor.py:753} INFO - DAG(s) dict_keys(['example_task_group_decorator']) retrieved from /home/airflow/.local/lib/python3.7/site-packages/airflow/example_dags/example_task_group_decorator.py
[2023-01-03T04:10:25.582+0000] {logging_mixin.py:137} INFO - [2023-01-03T04:10:25.582+0000] {dag.py:2676} INFO - Sync 1 DAGs
[2023-01-03T04:10:25.967+0000] {logging_mixin.py:137} INFO - [2023-01-03T04:10:25.967+0000] {dag.py:3427} INFO - Setting next_dagrun for example_task_group_decorator to 2023-01-02T04:10:25.912576+00:00, run_after=2023-01-03T04:10:25.912576+00:00
[2023-01-03T04:10:26.264+0000] {processor.py:175} INFO - Processing /home/airflow/.local/lib/python3.7/site-packages/airflow/example_dags/example_task_group_decorator.py took 1.491 seconds
[2023-01-03T04:10:56.695+0000] {processor.py:153} INFO - Started process (PID=258) to work on /home/airflow/.local/lib/python3.7/site-packages/airflow/example_dags/example_task_group_decorator.py
[2023-01-03T04:10:56.708+0000] {processor.py:743} INFO - Processing file /home/airflow/.local/lib/python3.7/site-packages/airflow/example_dags/example_task_group_decorator.py for tasks to queue
[2023-01-03T04:10:56.710+0000] {logging_mixin.py:137} INFO - [2023-01-03T04:10:56.710+0000] {dagbag.py:538} INFO - Filling up the DagBag from /home/airflow/.local/lib/python3.7/site-packages/airflow/example_dags/example_task_group_decorator.py
[2023-01-03T04:10:56.800+0000] {processor.py:753} INFO - DAG(s) dict_keys(['example_task_group_decorator']) retrieved from /home/airflow/.local/lib/python3.7/site-packages/airflow/example_dags/example_task_group_decorator.py
[2023-01-03T04:10:56.969+0000] {logging_mixin.py:137} INFO - [2023-01-03T04:10:56.969+0000] {dag.py:2676} INFO - Sync 1 DAGs
[2023-01-03T04:10:57.043+0000] {logging_mixin.py:137} INFO - [2023-01-03T04:10:57.043+0000] {dag.py:3427} INFO - Setting next_dagrun for example_task_group_decorator to 2023-01-02T04:10:57.042454+00:00, run_after=2023-01-03T04:10:57.042454+00:00
[2023-01-03T04:10:57.136+0000] {processor.py:175} INFO - Processing /home/airflow/.local/lib/python3.7/site-packages/airflow/example_dags/example_task_group_decorator.py took 0.454 seconds
[2023-01-03T04:11:34.232+0000] {processor.py:153} INFO - Started process (PID=309) to work on /home/airflow/.local/lib/python3.7/site-packages/airflow/example_dags/example_task_group_decorator.py
[2023-01-03T04:11:34.237+0000] {processor.py:743} INFO - Processing file /home/airflow/.local/lib/python3.7/site-packages/airflow/example_dags/example_task_group_decorator.py for tasks to queue
[2023-01-03T04:11:34.239+0000] {logging_mixin.py:137} INFO - [2023-01-03T04:11:34.239+0000] {dagbag.py:538} INFO - Filling up the DagBag from /home/airflow/.local/lib/python3.7/site-packages/airflow/example_dags/example_task_group_decorator.py
[2023-01-03T04:11:34.366+0000] {processor.py:753} INFO - DAG(s) dict_keys(['example_task_group_decorator']) retrieved from /home/airflow/.local/lib/python3.7/site-packages/airflow/example_dags/example_task_group_decorator.py
[2023-01-03T04:11:34.653+0000] {logging_mixin.py:137} INFO - [2023-01-03T04:11:34.652+0000] {dag.py:2676} INFO - Sync 1 DAGs
[2023-01-03T04:11:34.765+0000] {logging_mixin.py:137} INFO - [2023-01-03T04:11:34.764+0000] {dag.py:3427} INFO - Setting next_dagrun for example_task_group_decorator to 2023-01-02T04:11:34.764615+00:00, run_after=2023-01-03T04:11:34.764615+00:00
[2023-01-03T04:11:34.824+0000] {processor.py:175} INFO - Processing /home/airflow/.local/lib/python3.7/site-packages/airflow/example_dags/example_task_group_decorator.py took 0.606 seconds
[2023-01-03T04:12:05.830+0000] {processor.py:153} INFO - Started process (PID=375) to work on /home/airflow/.local/lib/python3.7/site-packages/airflow/example_dags/example_task_group_decorator.py
[2023-01-03T04:12:05.832+0000] {processor.py:743} INFO - Processing file /home/airflow/.local/lib/python3.7/site-packages/airflow/example_dags/example_task_group_decorator.py for tasks to queue
[2023-01-03T04:12:05.833+0000] {logging_mixin.py:137} INFO - [2023-01-03T04:12:05.833+0000] {dagbag.py:538} INFO - Filling up the DagBag from /home/airflow/.local/lib/python3.7/site-packages/airflow/example_dags/example_task_group_decorator.py
[2023-01-03T04:12:06.065+0000] {processor.py:753} INFO - DAG(s) dict_keys(['example_task_group_decorator']) retrieved from /home/airflow/.local/lib/python3.7/site-packages/airflow/example_dags/example_task_group_decorator.py
[2023-01-03T04:12:06.351+0000] {logging_mixin.py:137} INFO - [2023-01-03T04:12:06.350+0000] {dag.py:2676} INFO - Sync 1 DAGs
[2023-01-03T04:12:06.469+0000] {logging_mixin.py:137} INFO - [2023-01-03T04:12:06.469+0000] {dag.py:3427} INFO - Setting next_dagrun for example_task_group_decorator to 2023-01-02T04:12:06.465695+00:00, run_after=2023-01-03T04:12:06.465695+00:00
[2023-01-03T04:12:06.556+0000] {processor.py:175} INFO - Processing /home/airflow/.local/lib/python3.7/site-packages/airflow/example_dags/example_task_group_decorator.py took 0.751 seconds
[2023-01-03T04:12:48.218+0000] {processor.py:153} INFO - Started process (PID=399) to work on /home/airflow/.local/lib/python3.7/site-packages/airflow/example_dags/example_task_group_decorator.py
[2023-01-03T04:12:48.222+0000] {processor.py:743} INFO - Processing file /home/airflow/.local/lib/python3.7/site-packages/airflow/example_dags/example_task_group_decorator.py for tasks to queue
[2023-01-03T04:12:48.224+0000] {logging_mixin.py:137} INFO - [2023-01-03T04:12:48.223+0000] {dagbag.py:538} INFO - Filling up the DagBag from /home/airflow/.local/lib/python3.7/site-packages/airflow/example_dags/example_task_group_decorator.py
[2023-01-03T04:12:48.295+0000] {processor.py:753} INFO - DAG(s) dict_keys(['example_task_group_decorator']) retrieved from /home/airflow/.local/lib/python3.7/site-packages/airflow/example_dags/example_task_group_decorator.py
[2023-01-03T04:12:48.414+0000] {logging_mixin.py:137} INFO - [2023-01-03T04:12:48.414+0000] {dag.py:2676} INFO - Sync 1 DAGs
[2023-01-03T04:12:48.463+0000] {logging_mixin.py:137} INFO - [2023-01-03T04:12:48.463+0000] {dag.py:3427} INFO - Setting next_dagrun for example_task_group_decorator to 2023-01-02T04:12:48.462786+00:00, run_after=2023-01-03T04:12:48.462786+00:00
[2023-01-03T04:12:48.488+0000] {processor.py:175} INFO - Processing /home/airflow/.local/lib/python3.7/site-packages/airflow/example_dags/example_task_group_decorator.py took 0.277 seconds
