[2023-01-03T03:44:29.732+0000] {processor.py:153} INFO - Started process (PID=58) to work on /home/airflow/.local/lib/python3.7/site-packages/airflow/example_dags/example_xcom.py
[2023-01-03T03:44:29.736+0000] {processor.py:743} INFO - Processing file /home/airflow/.local/lib/python3.7/site-packages/airflow/example_dags/example_xcom.py for tasks to queue
[2023-01-03T03:44:29.737+0000] {logging_mixin.py:137} INFO - [2023-01-03T03:44:29.737+0000] {dagbag.py:538} INFO - Filling up the DagBag from /home/airflow/.local/lib/python3.7/site-packages/airflow/example_dags/example_xcom.py
[2023-01-03T03:44:29.844+0000] {processor.py:753} INFO - DAG(s) dict_keys(['example_xcom']) retrieved from /home/airflow/.local/lib/python3.7/site-packages/airflow/example_dags/example_xcom.py
[2023-01-03T03:44:29.928+0000] {logging_mixin.py:137} INFO - [2023-01-03T03:44:29.928+0000] {dag.py:2676} INFO - Sync 1 DAGs
[2023-01-03T03:44:30.015+0000] {logging_mixin.py:137} INFO - [2023-01-03T03:44:30.015+0000] {dag.py:3427} INFO - Setting next_dagrun for example_xcom to 2021-01-01T00:00:00+00:00, run_after=2021-01-01T00:00:00+00:00
[2023-01-03T03:44:30.083+0000] {processor.py:175} INFO - Processing /home/airflow/.local/lib/python3.7/site-packages/airflow/example_dags/example_xcom.py took 0.364 seconds
[2023-01-03T03:45:00.472+0000] {processor.py:153} INFO - Started process (PID=119) to work on /home/airflow/.local/lib/python3.7/site-packages/airflow/example_dags/example_xcom.py
[2023-01-03T03:45:00.475+0000] {processor.py:743} INFO - Processing file /home/airflow/.local/lib/python3.7/site-packages/airflow/example_dags/example_xcom.py for tasks to queue
[2023-01-03T03:45:00.477+0000] {logging_mixin.py:137} INFO - [2023-01-03T03:45:00.476+0000] {dagbag.py:538} INFO - Filling up the DagBag from /home/airflow/.local/lib/python3.7/site-packages/airflow/example_dags/example_xcom.py
[2023-01-03T03:45:00.510+0000] {processor.py:753} INFO - DAG(s) dict_keys(['example_xcom']) retrieved from /home/airflow/.local/lib/python3.7/site-packages/airflow/example_dags/example_xcom.py
[2023-01-03T03:45:00.557+0000] {logging_mixin.py:137} INFO - [2023-01-03T03:45:00.557+0000] {dag.py:2676} INFO - Sync 1 DAGs
[2023-01-03T03:45:00.596+0000] {logging_mixin.py:137} INFO - [2023-01-03T03:45:00.596+0000] {dag.py:3427} INFO - Setting next_dagrun for example_xcom to 2021-01-01T00:00:00+00:00, run_after=2021-01-01T00:00:00+00:00
[2023-01-03T03:45:00.632+0000] {processor.py:175} INFO - Processing /home/airflow/.local/lib/python3.7/site-packages/airflow/example_dags/example_xcom.py took 0.163 seconds
[2023-01-03T03:45:31.531+0000] {processor.py:153} INFO - Started process (PID=181) to work on /home/airflow/.local/lib/python3.7/site-packages/airflow/example_dags/example_xcom.py
[2023-01-03T03:45:31.541+0000] {processor.py:743} INFO - Processing file /home/airflow/.local/lib/python3.7/site-packages/airflow/example_dags/example_xcom.py for tasks to queue
[2023-01-03T03:45:31.545+0000] {logging_mixin.py:137} INFO - [2023-01-03T03:45:31.545+0000] {dagbag.py:538} INFO - Filling up the DagBag from /home/airflow/.local/lib/python3.7/site-packages/airflow/example_dags/example_xcom.py
[2023-01-03T03:45:31.620+0000] {processor.py:753} INFO - DAG(s) dict_keys(['example_xcom']) retrieved from /home/airflow/.local/lib/python3.7/site-packages/airflow/example_dags/example_xcom.py
[2023-01-03T03:45:31.708+0000] {logging_mixin.py:137} INFO - [2023-01-03T03:45:31.708+0000] {dag.py:2676} INFO - Sync 1 DAGs
[2023-01-03T03:45:31.750+0000] {logging_mixin.py:137} INFO - [2023-01-03T03:45:31.750+0000] {dag.py:3427} INFO - Setting next_dagrun for example_xcom to 2021-01-01T00:00:00+00:00, run_after=2021-01-01T00:00:00+00:00
[2023-01-03T03:45:31.776+0000] {processor.py:175} INFO - Processing /home/airflow/.local/lib/python3.7/site-packages/airflow/example_dags/example_xcom.py took 0.252 seconds
[2023-01-03T03:46:02.369+0000] {processor.py:153} INFO - Started process (PID=256) to work on /home/airflow/.local/lib/python3.7/site-packages/airflow/example_dags/example_xcom.py
[2023-01-03T03:46:02.379+0000] {processor.py:743} INFO - Processing file /home/airflow/.local/lib/python3.7/site-packages/airflow/example_dags/example_xcom.py for tasks to queue
[2023-01-03T03:46:02.386+0000] {logging_mixin.py:137} INFO - [2023-01-03T03:46:02.385+0000] {dagbag.py:538} INFO - Filling up the DagBag from /home/airflow/.local/lib/python3.7/site-packages/airflow/example_dags/example_xcom.py
[2023-01-03T03:46:02.480+0000] {processor.py:753} INFO - DAG(s) dict_keys(['example_xcom']) retrieved from /home/airflow/.local/lib/python3.7/site-packages/airflow/example_dags/example_xcom.py
[2023-01-03T03:46:02.628+0000] {logging_mixin.py:137} INFO - [2023-01-03T03:46:02.628+0000] {dag.py:2676} INFO - Sync 1 DAGs
[2023-01-03T03:46:02.707+0000] {logging_mixin.py:137} INFO - [2023-01-03T03:46:02.707+0000] {dag.py:3427} INFO - Setting next_dagrun for example_xcom to 2021-01-01T00:00:00+00:00, run_after=2021-01-01T00:00:00+00:00
[2023-01-03T03:46:02.754+0000] {processor.py:175} INFO - Processing /home/airflow/.local/lib/python3.7/site-packages/airflow/example_dags/example_xcom.py took 0.393 seconds
[2023-01-03T03:46:33.405+0000] {processor.py:153} INFO - Started process (PID=317) to work on /home/airflow/.local/lib/python3.7/site-packages/airflow/example_dags/example_xcom.py
[2023-01-03T03:46:33.408+0000] {processor.py:743} INFO - Processing file /home/airflow/.local/lib/python3.7/site-packages/airflow/example_dags/example_xcom.py for tasks to queue
[2023-01-03T03:46:33.409+0000] {logging_mixin.py:137} INFO - [2023-01-03T03:46:33.409+0000] {dagbag.py:538} INFO - Filling up the DagBag from /home/airflow/.local/lib/python3.7/site-packages/airflow/example_dags/example_xcom.py
[2023-01-03T03:46:33.453+0000] {processor.py:753} INFO - DAG(s) dict_keys(['example_xcom']) retrieved from /home/airflow/.local/lib/python3.7/site-packages/airflow/example_dags/example_xcom.py
[2023-01-03T03:46:33.584+0000] {logging_mixin.py:137} INFO - [2023-01-03T03:46:33.584+0000] {dag.py:2676} INFO - Sync 1 DAGs
[2023-01-03T03:46:33.670+0000] {logging_mixin.py:137} INFO - [2023-01-03T03:46:33.670+0000] {dag.py:3427} INFO - Setting next_dagrun for example_xcom to 2021-01-01T00:00:00+00:00, run_after=2021-01-01T00:00:00+00:00
[2023-01-03T03:46:33.730+0000] {processor.py:175} INFO - Processing /home/airflow/.local/lib/python3.7/site-packages/airflow/example_dags/example_xcom.py took 0.328 seconds
[2023-01-03T03:47:04.999+0000] {processor.py:153} INFO - Started process (PID=379) to work on /home/airflow/.local/lib/python3.7/site-packages/airflow/example_dags/example_xcom.py
[2023-01-03T03:47:05.002+0000] {processor.py:743} INFO - Processing file /home/airflow/.local/lib/python3.7/site-packages/airflow/example_dags/example_xcom.py for tasks to queue
[2023-01-03T03:47:05.007+0000] {logging_mixin.py:137} INFO - [2023-01-03T03:47:05.007+0000] {dagbag.py:538} INFO - Filling up the DagBag from /home/airflow/.local/lib/python3.7/site-packages/airflow/example_dags/example_xcom.py
[2023-01-03T03:47:05.111+0000] {processor.py:753} INFO - DAG(s) dict_keys(['example_xcom']) retrieved from /home/airflow/.local/lib/python3.7/site-packages/airflow/example_dags/example_xcom.py
[2023-01-03T03:47:05.236+0000] {logging_mixin.py:137} INFO - [2023-01-03T03:47:05.235+0000] {dag.py:2676} INFO - Sync 1 DAGs
[2023-01-03T03:47:05.328+0000] {logging_mixin.py:137} INFO - [2023-01-03T03:47:05.328+0000] {dag.py:3427} INFO - Setting next_dagrun for example_xcom to 2021-01-01T00:00:00+00:00, run_after=2021-01-01T00:00:00+00:00
[2023-01-03T03:47:05.392+0000] {processor.py:175} INFO - Processing /home/airflow/.local/lib/python3.7/site-packages/airflow/example_dags/example_xcom.py took 0.396 seconds
[2023-01-03T03:47:36.319+0000] {processor.py:153} INFO - Started process (PID=441) to work on /home/airflow/.local/lib/python3.7/site-packages/airflow/example_dags/example_xcom.py
[2023-01-03T03:47:36.325+0000] {processor.py:743} INFO - Processing file /home/airflow/.local/lib/python3.7/site-packages/airflow/example_dags/example_xcom.py for tasks to queue
[2023-01-03T03:47:36.328+0000] {logging_mixin.py:137} INFO - [2023-01-03T03:47:36.328+0000] {dagbag.py:538} INFO - Filling up the DagBag from /home/airflow/.local/lib/python3.7/site-packages/airflow/example_dags/example_xcom.py
[2023-01-03T03:47:36.405+0000] {processor.py:753} INFO - DAG(s) dict_keys(['example_xcom']) retrieved from /home/airflow/.local/lib/python3.7/site-packages/airflow/example_dags/example_xcom.py
[2023-01-03T03:47:36.494+0000] {logging_mixin.py:137} INFO - [2023-01-03T03:47:36.494+0000] {dag.py:2676} INFO - Sync 1 DAGs
[2023-01-03T03:47:36.532+0000] {logging_mixin.py:137} INFO - [2023-01-03T03:47:36.532+0000] {dag.py:3427} INFO - Setting next_dagrun for example_xcom to 2021-01-01T00:00:00+00:00, run_after=2021-01-01T00:00:00+00:00
[2023-01-03T03:47:36.559+0000] {processor.py:175} INFO - Processing /home/airflow/.local/lib/python3.7/site-packages/airflow/example_dags/example_xcom.py took 0.243 seconds
[2023-01-03T03:48:09.334+0000] {processor.py:153} INFO - Started process (PID=503) to work on /home/airflow/.local/lib/python3.7/site-packages/airflow/example_dags/example_xcom.py
[2023-01-03T03:48:09.337+0000] {processor.py:743} INFO - Processing file /home/airflow/.local/lib/python3.7/site-packages/airflow/example_dags/example_xcom.py for tasks to queue
[2023-01-03T03:48:09.340+0000] {logging_mixin.py:137} INFO - [2023-01-03T03:48:09.340+0000] {dagbag.py:538} INFO - Filling up the DagBag from /home/airflow/.local/lib/python3.7/site-packages/airflow/example_dags/example_xcom.py
[2023-01-03T03:48:09.451+0000] {processor.py:753} INFO - DAG(s) dict_keys(['example_xcom']) retrieved from /home/airflow/.local/lib/python3.7/site-packages/airflow/example_dags/example_xcom.py
[2023-01-03T03:48:10.170+0000] {logging_mixin.py:137} INFO - [2023-01-03T03:48:10.169+0000] {dag.py:2676} INFO - Sync 1 DAGs
[2023-01-03T03:48:10.539+0000] {logging_mixin.py:137} INFO - [2023-01-03T03:48:10.536+0000] {dag.py:3427} INFO - Setting next_dagrun for example_xcom to 2021-01-01T00:00:00+00:00, run_after=2021-01-01T00:00:00+00:00
[2023-01-03T03:48:10.694+0000] {processor.py:175} INFO - Processing /home/airflow/.local/lib/python3.7/site-packages/airflow/example_dags/example_xcom.py took 1.365 seconds
[2023-01-03T03:48:40.988+0000] {processor.py:153} INFO - Started process (PID=565) to work on /home/airflow/.local/lib/python3.7/site-packages/airflow/example_dags/example_xcom.py
[2023-01-03T03:48:40.993+0000] {processor.py:743} INFO - Processing file /home/airflow/.local/lib/python3.7/site-packages/airflow/example_dags/example_xcom.py for tasks to queue
[2023-01-03T03:48:40.997+0000] {logging_mixin.py:137} INFO - [2023-01-03T03:48:40.997+0000] {dagbag.py:538} INFO - Filling up the DagBag from /home/airflow/.local/lib/python3.7/site-packages/airflow/example_dags/example_xcom.py
[2023-01-03T03:48:41.055+0000] {processor.py:753} INFO - DAG(s) dict_keys(['example_xcom']) retrieved from /home/airflow/.local/lib/python3.7/site-packages/airflow/example_dags/example_xcom.py
[2023-01-03T03:48:41.139+0000] {logging_mixin.py:137} INFO - [2023-01-03T03:48:41.139+0000] {dag.py:2676} INFO - Sync 1 DAGs
[2023-01-03T03:48:41.187+0000] {logging_mixin.py:137} INFO - [2023-01-03T03:48:41.187+0000] {dag.py:3427} INFO - Setting next_dagrun for example_xcom to 2021-01-01T00:00:00+00:00, run_after=2021-01-01T00:00:00+00:00
[2023-01-03T03:48:41.218+0000] {processor.py:175} INFO - Processing /home/airflow/.local/lib/python3.7/site-packages/airflow/example_dags/example_xcom.py took 0.232 seconds
[2023-01-03T03:49:11.767+0000] {processor.py:153} INFO - Started process (PID=627) to work on /home/airflow/.local/lib/python3.7/site-packages/airflow/example_dags/example_xcom.py
[2023-01-03T03:49:11.771+0000] {processor.py:743} INFO - Processing file /home/airflow/.local/lib/python3.7/site-packages/airflow/example_dags/example_xcom.py for tasks to queue
[2023-01-03T03:49:11.774+0000] {logging_mixin.py:137} INFO - [2023-01-03T03:49:11.774+0000] {dagbag.py:538} INFO - Filling up the DagBag from /home/airflow/.local/lib/python3.7/site-packages/airflow/example_dags/example_xcom.py
[2023-01-03T03:49:11.832+0000] {processor.py:753} INFO - DAG(s) dict_keys(['example_xcom']) retrieved from /home/airflow/.local/lib/python3.7/site-packages/airflow/example_dags/example_xcom.py
[2023-01-03T03:49:11.927+0000] {logging_mixin.py:137} INFO - [2023-01-03T03:49:11.927+0000] {dag.py:2676} INFO - Sync 1 DAGs
[2023-01-03T03:49:11.986+0000] {logging_mixin.py:137} INFO - [2023-01-03T03:49:11.985+0000] {dag.py:3427} INFO - Setting next_dagrun for example_xcom to 2021-01-01T00:00:00+00:00, run_after=2021-01-01T00:00:00+00:00
[2023-01-03T03:49:12.029+0000] {processor.py:175} INFO - Processing /home/airflow/.local/lib/python3.7/site-packages/airflow/example_dags/example_xcom.py took 0.273 seconds
[2023-01-03T03:49:42.415+0000] {processor.py:153} INFO - Started process (PID=689) to work on /home/airflow/.local/lib/python3.7/site-packages/airflow/example_dags/example_xcom.py
[2023-01-03T03:49:42.417+0000] {processor.py:743} INFO - Processing file /home/airflow/.local/lib/python3.7/site-packages/airflow/example_dags/example_xcom.py for tasks to queue
[2023-01-03T03:49:42.418+0000] {logging_mixin.py:137} INFO - [2023-01-03T03:49:42.418+0000] {dagbag.py:538} INFO - Filling up the DagBag from /home/airflow/.local/lib/python3.7/site-packages/airflow/example_dags/example_xcom.py
[2023-01-03T03:49:42.479+0000] {processor.py:753} INFO - DAG(s) dict_keys(['example_xcom']) retrieved from /home/airflow/.local/lib/python3.7/site-packages/airflow/example_dags/example_xcom.py
[2023-01-03T03:49:42.587+0000] {logging_mixin.py:137} INFO - [2023-01-03T03:49:42.560+0000] {dag.py:2676} INFO - Sync 1 DAGs
[2023-01-03T03:49:42.650+0000] {logging_mixin.py:137} INFO - [2023-01-03T03:49:42.650+0000] {dag.py:3427} INFO - Setting next_dagrun for example_xcom to 2021-01-01T00:00:00+00:00, run_after=2021-01-01T00:00:00+00:00
[2023-01-03T03:49:42.703+0000] {processor.py:175} INFO - Processing /home/airflow/.local/lib/python3.7/site-packages/airflow/example_dags/example_xcom.py took 0.291 seconds
[2023-01-03T03:50:12.996+0000] {processor.py:153} INFO - Started process (PID=760) to work on /home/airflow/.local/lib/python3.7/site-packages/airflow/example_dags/example_xcom.py
[2023-01-03T03:50:13.000+0000] {processor.py:743} INFO - Processing file /home/airflow/.local/lib/python3.7/site-packages/airflow/example_dags/example_xcom.py for tasks to queue
[2023-01-03T03:50:13.003+0000] {logging_mixin.py:137} INFO - [2023-01-03T03:50:13.003+0000] {dagbag.py:538} INFO - Filling up the DagBag from /home/airflow/.local/lib/python3.7/site-packages/airflow/example_dags/example_xcom.py
[2023-01-03T03:50:13.080+0000] {processor.py:753} INFO - DAG(s) dict_keys(['example_xcom']) retrieved from /home/airflow/.local/lib/python3.7/site-packages/airflow/example_dags/example_xcom.py
[2023-01-03T03:50:13.264+0000] {logging_mixin.py:137} INFO - [2023-01-03T03:50:13.264+0000] {dag.py:2676} INFO - Sync 1 DAGs
[2023-01-03T03:50:13.343+0000] {logging_mixin.py:137} INFO - [2023-01-03T03:50:13.343+0000] {dag.py:3427} INFO - Setting next_dagrun for example_xcom to 2021-01-01T00:00:00+00:00, run_after=2021-01-01T00:00:00+00:00
[2023-01-03T03:50:13.396+0000] {processor.py:175} INFO - Processing /home/airflow/.local/lib/python3.7/site-packages/airflow/example_dags/example_xcom.py took 0.402 seconds
[2023-01-03T03:50:43.763+0000] {processor.py:153} INFO - Started process (PID=813) to work on /home/airflow/.local/lib/python3.7/site-packages/airflow/example_dags/example_xcom.py
[2023-01-03T03:50:43.766+0000] {processor.py:743} INFO - Processing file /home/airflow/.local/lib/python3.7/site-packages/airflow/example_dags/example_xcom.py for tasks to queue
[2023-01-03T03:50:43.767+0000] {logging_mixin.py:137} INFO - [2023-01-03T03:50:43.767+0000] {dagbag.py:538} INFO - Filling up the DagBag from /home/airflow/.local/lib/python3.7/site-packages/airflow/example_dags/example_xcom.py
[2023-01-03T03:50:43.810+0000] {processor.py:753} INFO - DAG(s) dict_keys(['example_xcom']) retrieved from /home/airflow/.local/lib/python3.7/site-packages/airflow/example_dags/example_xcom.py
[2023-01-03T03:50:43.902+0000] {logging_mixin.py:137} INFO - [2023-01-03T03:50:43.902+0000] {dag.py:2676} INFO - Sync 1 DAGs
[2023-01-03T03:50:43.974+0000] {logging_mixin.py:137} INFO - [2023-01-03T03:50:43.974+0000] {dag.py:3427} INFO - Setting next_dagrun for example_xcom to 2021-01-01T00:00:00+00:00, run_after=2021-01-01T00:00:00+00:00
[2023-01-03T03:50:44.001+0000] {processor.py:175} INFO - Processing /home/airflow/.local/lib/python3.7/site-packages/airflow/example_dags/example_xcom.py took 0.242 seconds
[2023-01-03T03:51:14.351+0000] {processor.py:153} INFO - Started process (PID=876) to work on /home/airflow/.local/lib/python3.7/site-packages/airflow/example_dags/example_xcom.py
[2023-01-03T03:51:14.362+0000] {processor.py:743} INFO - Processing file /home/airflow/.local/lib/python3.7/site-packages/airflow/example_dags/example_xcom.py for tasks to queue
[2023-01-03T03:51:14.368+0000] {logging_mixin.py:137} INFO - [2023-01-03T03:51:14.368+0000] {dagbag.py:538} INFO - Filling up the DagBag from /home/airflow/.local/lib/python3.7/site-packages/airflow/example_dags/example_xcom.py
[2023-01-03T03:51:14.411+0000] {processor.py:753} INFO - DAG(s) dict_keys(['example_xcom']) retrieved from /home/airflow/.local/lib/python3.7/site-packages/airflow/example_dags/example_xcom.py
[2023-01-03T03:51:14.538+0000] {logging_mixin.py:137} INFO - [2023-01-03T03:51:14.537+0000] {dag.py:2676} INFO - Sync 1 DAGs
[2023-01-03T03:51:14.620+0000] {logging_mixin.py:137} INFO - [2023-01-03T03:51:14.620+0000] {dag.py:3427} INFO - Setting next_dagrun for example_xcom to 2021-01-01T00:00:00+00:00, run_after=2021-01-01T00:00:00+00:00
[2023-01-03T03:51:14.674+0000] {processor.py:175} INFO - Processing /home/airflow/.local/lib/python3.7/site-packages/airflow/example_dags/example_xcom.py took 0.328 seconds
[2023-01-03T03:51:44.843+0000] {processor.py:153} INFO - Started process (PID=938) to work on /home/airflow/.local/lib/python3.7/site-packages/airflow/example_dags/example_xcom.py
[2023-01-03T03:51:44.845+0000] {processor.py:743} INFO - Processing file /home/airflow/.local/lib/python3.7/site-packages/airflow/example_dags/example_xcom.py for tasks to queue
[2023-01-03T03:51:44.846+0000] {logging_mixin.py:137} INFO - [2023-01-03T03:51:44.846+0000] {dagbag.py:538} INFO - Filling up the DagBag from /home/airflow/.local/lib/python3.7/site-packages/airflow/example_dags/example_xcom.py
[2023-01-03T03:51:44.903+0000] {processor.py:753} INFO - DAG(s) dict_keys(['example_xcom']) retrieved from /home/airflow/.local/lib/python3.7/site-packages/airflow/example_dags/example_xcom.py
[2023-01-03T03:51:44.969+0000] {logging_mixin.py:137} INFO - [2023-01-03T03:51:44.969+0000] {dag.py:2676} INFO - Sync 1 DAGs
[2023-01-03T03:51:45.001+0000] {logging_mixin.py:137} INFO - [2023-01-03T03:51:45.001+0000] {dag.py:3427} INFO - Setting next_dagrun for example_xcom to 2021-01-01T00:00:00+00:00, run_after=2021-01-01T00:00:00+00:00
[2023-01-03T03:51:45.021+0000] {processor.py:175} INFO - Processing /home/airflow/.local/lib/python3.7/site-packages/airflow/example_dags/example_xcom.py took 0.190 seconds
[2023-01-03T03:52:16.646+0000] {processor.py:153} INFO - Started process (PID=999) to work on /home/airflow/.local/lib/python3.7/site-packages/airflow/example_dags/example_xcom.py
[2023-01-03T03:52:16.648+0000] {processor.py:743} INFO - Processing file /home/airflow/.local/lib/python3.7/site-packages/airflow/example_dags/example_xcom.py for tasks to queue
[2023-01-03T03:52:16.650+0000] {logging_mixin.py:137} INFO - [2023-01-03T03:52:16.649+0000] {dagbag.py:538} INFO - Filling up the DagBag from /home/airflow/.local/lib/python3.7/site-packages/airflow/example_dags/example_xcom.py
[2023-01-03T03:52:16.680+0000] {processor.py:753} INFO - DAG(s) dict_keys(['example_xcom']) retrieved from /home/airflow/.local/lib/python3.7/site-packages/airflow/example_dags/example_xcom.py
[2023-01-03T03:52:16.741+0000] {logging_mixin.py:137} INFO - [2023-01-03T03:52:16.741+0000] {dag.py:2676} INFO - Sync 1 DAGs
[2023-01-03T03:52:16.771+0000] {logging_mixin.py:137} INFO - [2023-01-03T03:52:16.771+0000] {dag.py:3427} INFO - Setting next_dagrun for example_xcom to 2021-01-01T00:00:00+00:00, run_after=2021-01-01T00:00:00+00:00
[2023-01-03T03:52:16.785+0000] {processor.py:175} INFO - Processing /home/airflow/.local/lib/python3.7/site-packages/airflow/example_dags/example_xcom.py took 0.143 seconds
[2023-01-03T03:52:58.014+0000] {processor.py:153} INFO - Started process (PID=1063) to work on /home/airflow/.local/lib/python3.7/site-packages/airflow/example_dags/example_xcom.py
[2023-01-03T03:52:58.023+0000] {processor.py:743} INFO - Processing file /home/airflow/.local/lib/python3.7/site-packages/airflow/example_dags/example_xcom.py for tasks to queue
[2023-01-03T03:52:58.026+0000] {logging_mixin.py:137} INFO - [2023-01-03T03:52:58.025+0000] {dagbag.py:538} INFO - Filling up the DagBag from /home/airflow/.local/lib/python3.7/site-packages/airflow/example_dags/example_xcom.py
[2023-01-03T03:52:58.158+0000] {processor.py:753} INFO - DAG(s) dict_keys(['example_xcom']) retrieved from /home/airflow/.local/lib/python3.7/site-packages/airflow/example_dags/example_xcom.py
[2023-01-03T03:52:58.284+0000] {logging_mixin.py:137} INFO - [2023-01-03T03:52:58.284+0000] {dag.py:2676} INFO - Sync 1 DAGs
[2023-01-03T03:52:58.354+0000] {logging_mixin.py:137} INFO - [2023-01-03T03:52:58.354+0000] {dag.py:3427} INFO - Setting next_dagrun for example_xcom to 2021-01-01T00:00:00+00:00, run_after=2021-01-01T00:00:00+00:00
[2023-01-03T03:52:58.400+0000] {processor.py:175} INFO - Processing /home/airflow/.local/lib/python3.7/site-packages/airflow/example_dags/example_xcom.py took 0.422 seconds
[2023-01-03T03:53:45.132+0000] {processor.py:153} INFO - Started process (PID=1113) to work on /home/airflow/.local/lib/python3.7/site-packages/airflow/example_dags/example_xcom.py
[2023-01-03T03:53:45.134+0000] {processor.py:743} INFO - Processing file /home/airflow/.local/lib/python3.7/site-packages/airflow/example_dags/example_xcom.py for tasks to queue
[2023-01-03T03:53:45.135+0000] {logging_mixin.py:137} INFO - [2023-01-03T03:53:45.135+0000] {dagbag.py:538} INFO - Filling up the DagBag from /home/airflow/.local/lib/python3.7/site-packages/airflow/example_dags/example_xcom.py
[2023-01-03T03:53:45.162+0000] {processor.py:753} INFO - DAG(s) dict_keys(['example_xcom']) retrieved from /home/airflow/.local/lib/python3.7/site-packages/airflow/example_dags/example_xcom.py
[2023-01-03T03:53:45.212+0000] {logging_mixin.py:137} INFO - [2023-01-03T03:53:45.212+0000] {dag.py:2676} INFO - Sync 1 DAGs
[2023-01-03T03:53:45.244+0000] {logging_mixin.py:137} INFO - [2023-01-03T03:53:45.244+0000] {dag.py:3427} INFO - Setting next_dagrun for example_xcom to 2021-01-01T00:00:00+00:00, run_after=2021-01-01T00:00:00+00:00
[2023-01-03T03:53:45.268+0000] {processor.py:175} INFO - Processing /home/airflow/.local/lib/python3.7/site-packages/airflow/example_dags/example_xcom.py took 0.141 seconds
[2023-01-03T03:54:17.385+0000] {processor.py:153} INFO - Started process (PID=1175) to work on /home/airflow/.local/lib/python3.7/site-packages/airflow/example_dags/example_xcom.py
[2023-01-03T03:54:17.391+0000] {processor.py:743} INFO - Processing file /home/airflow/.local/lib/python3.7/site-packages/airflow/example_dags/example_xcom.py for tasks to queue
[2023-01-03T03:54:17.401+0000] {logging_mixin.py:137} INFO - [2023-01-03T03:54:17.401+0000] {dagbag.py:538} INFO - Filling up the DagBag from /home/airflow/.local/lib/python3.7/site-packages/airflow/example_dags/example_xcom.py
[2023-01-03T03:54:17.492+0000] {processor.py:753} INFO - DAG(s) dict_keys(['example_xcom']) retrieved from /home/airflow/.local/lib/python3.7/site-packages/airflow/example_dags/example_xcom.py
[2023-01-03T03:54:17.634+0000] {logging_mixin.py:137} INFO - [2023-01-03T03:54:17.634+0000] {dag.py:2676} INFO - Sync 1 DAGs
[2023-01-03T03:54:17.703+0000] {logging_mixin.py:137} INFO - [2023-01-03T03:54:17.703+0000] {dag.py:3427} INFO - Setting next_dagrun for example_xcom to 2021-01-01T00:00:00+00:00, run_after=2021-01-01T00:00:00+00:00
[2023-01-03T03:54:17.740+0000] {processor.py:175} INFO - Processing /home/airflow/.local/lib/python3.7/site-packages/airflow/example_dags/example_xcom.py took 0.357 seconds
[2023-01-03T03:54:49.645+0000] {processor.py:153} INFO - Started process (PID=1237) to work on /home/airflow/.local/lib/python3.7/site-packages/airflow/example_dags/example_xcom.py
[2023-01-03T03:54:49.651+0000] {processor.py:743} INFO - Processing file /home/airflow/.local/lib/python3.7/site-packages/airflow/example_dags/example_xcom.py for tasks to queue
[2023-01-03T03:54:49.653+0000] {logging_mixin.py:137} INFO - [2023-01-03T03:54:49.652+0000] {dagbag.py:538} INFO - Filling up the DagBag from /home/airflow/.local/lib/python3.7/site-packages/airflow/example_dags/example_xcom.py
[2023-01-03T03:54:49.837+0000] {processor.py:753} INFO - DAG(s) dict_keys(['example_xcom']) retrieved from /home/airflow/.local/lib/python3.7/site-packages/airflow/example_dags/example_xcom.py
[2023-01-03T03:54:50.250+0000] {logging_mixin.py:137} INFO - [2023-01-03T03:54:50.224+0000] {dag.py:2676} INFO - Sync 1 DAGs
[2023-01-03T03:54:53.669+0000] {logging_mixin.py:137} INFO - [2023-01-03T03:54:53.641+0000] {dag.py:3427} INFO - Setting next_dagrun for example_xcom to 2021-01-01T00:00:00+00:00, run_after=2021-01-01T00:00:00+00:00
[2023-01-03T03:54:55.777+0000] {processor.py:175} INFO - Processing /home/airflow/.local/lib/python3.7/site-packages/airflow/example_dags/example_xcom.py took 6.136 seconds
[2023-01-03T04:03:32.109+0000] {processor.py:153} INFO - Started process (PID=136) to work on /home/airflow/.local/lib/python3.7/site-packages/airflow/example_dags/example_xcom.py
[2023-01-03T04:03:32.149+0000] {processor.py:743} INFO - Processing file /home/airflow/.local/lib/python3.7/site-packages/airflow/example_dags/example_xcom.py for tasks to queue
[2023-01-03T04:03:32.160+0000] {logging_mixin.py:137} INFO - [2023-01-03T04:03:32.160+0000] {dagbag.py:538} INFO - Filling up the DagBag from /home/airflow/.local/lib/python3.7/site-packages/airflow/example_dags/example_xcom.py
[2023-01-03T04:03:34.468+0000] {processor.py:753} INFO - DAG(s) dict_keys(['example_xcom']) retrieved from /home/airflow/.local/lib/python3.7/site-packages/airflow/example_dags/example_xcom.py
[2023-01-03T04:03:43.637+0000] {logging_mixin.py:137} INFO - [2023-01-03T04:03:43.624+0000] {dag.py:2676} INFO - Sync 1 DAGs
[2023-01-03T04:03:44.552+0000] {logging_mixin.py:137} INFO - [2023-01-03T04:03:44.540+0000] {dag.py:3427} INFO - Setting next_dagrun for example_xcom to 2021-01-01T00:00:00+00:00, run_after=2021-01-01T00:00:00+00:00
[2023-01-03T04:03:45.243+0000] {processor.py:175} INFO - Processing /home/airflow/.local/lib/python3.7/site-packages/airflow/example_dags/example_xcom.py took 13.872 seconds
[2023-01-03T04:09:25.054+0000] {processor.py:153} INFO - Started process (PID=93) to work on /home/airflow/.local/lib/python3.7/site-packages/airflow/example_dags/example_xcom.py
[2023-01-03T04:09:25.079+0000] {processor.py:743} INFO - Processing file /home/airflow/.local/lib/python3.7/site-packages/airflow/example_dags/example_xcom.py for tasks to queue
[2023-01-03T04:09:25.092+0000] {logging_mixin.py:137} INFO - [2023-01-03T04:09:25.092+0000] {dagbag.py:538} INFO - Filling up the DagBag from /home/airflow/.local/lib/python3.7/site-packages/airflow/example_dags/example_xcom.py
[2023-01-03T04:09:25.250+0000] {processor.py:753} INFO - DAG(s) dict_keys(['example_xcom']) retrieved from /home/airflow/.local/lib/python3.7/site-packages/airflow/example_dags/example_xcom.py
[2023-01-03T04:09:25.501+0000] {logging_mixin.py:137} INFO - [2023-01-03T04:09:25.500+0000] {dag.py:2676} INFO - Sync 1 DAGs
[2023-01-03T04:09:25.707+0000] {logging_mixin.py:137} INFO - [2023-01-03T04:09:25.707+0000] {dag.py:3427} INFO - Setting next_dagrun for example_xcom to 2021-01-01T00:00:00+00:00, run_after=2021-01-01T00:00:00+00:00
[2023-01-03T04:09:25.831+0000] {processor.py:175} INFO - Processing /home/airflow/.local/lib/python3.7/site-packages/airflow/example_dags/example_xcom.py took 0.796 seconds
[2023-01-03T04:09:56.130+0000] {processor.py:153} INFO - Started process (PID=155) to work on /home/airflow/.local/lib/python3.7/site-packages/airflow/example_dags/example_xcom.py
[2023-01-03T04:09:56.134+0000] {processor.py:743} INFO - Processing file /home/airflow/.local/lib/python3.7/site-packages/airflow/example_dags/example_xcom.py for tasks to queue
[2023-01-03T04:09:56.137+0000] {logging_mixin.py:137} INFO - [2023-01-03T04:09:56.136+0000] {dagbag.py:538} INFO - Filling up the DagBag from /home/airflow/.local/lib/python3.7/site-packages/airflow/example_dags/example_xcom.py
[2023-01-03T04:09:56.223+0000] {processor.py:753} INFO - DAG(s) dict_keys(['example_xcom']) retrieved from /home/airflow/.local/lib/python3.7/site-packages/airflow/example_dags/example_xcom.py
[2023-01-03T04:09:56.389+0000] {logging_mixin.py:137} INFO - [2023-01-03T04:09:56.389+0000] {dag.py:2676} INFO - Sync 1 DAGs
[2023-01-03T04:09:56.480+0000] {logging_mixin.py:137} INFO - [2023-01-03T04:09:56.480+0000] {dag.py:3427} INFO - Setting next_dagrun for example_xcom to 2021-01-01T00:00:00+00:00, run_after=2021-01-01T00:00:00+00:00
[2023-01-03T04:09:56.542+0000] {processor.py:175} INFO - Processing /home/airflow/.local/lib/python3.7/site-packages/airflow/example_dags/example_xcom.py took 0.417 seconds
[2023-01-03T04:10:30.996+0000] {processor.py:153} INFO - Started process (PID=217) to work on /home/airflow/.local/lib/python3.7/site-packages/airflow/example_dags/example_xcom.py
[2023-01-03T04:10:31.005+0000] {processor.py:743} INFO - Processing file /home/airflow/.local/lib/python3.7/site-packages/airflow/example_dags/example_xcom.py for tasks to queue
[2023-01-03T04:10:31.015+0000] {logging_mixin.py:137} INFO - [2023-01-03T04:10:31.015+0000] {dagbag.py:538} INFO - Filling up the DagBag from /home/airflow/.local/lib/python3.7/site-packages/airflow/example_dags/example_xcom.py
[2023-01-03T04:10:31.319+0000] {processor.py:753} INFO - DAG(s) dict_keys(['example_xcom']) retrieved from /home/airflow/.local/lib/python3.7/site-packages/airflow/example_dags/example_xcom.py
[2023-01-03T04:10:31.933+0000] {logging_mixin.py:137} INFO - [2023-01-03T04:10:31.932+0000] {dag.py:2676} INFO - Sync 1 DAGs
[2023-01-03T04:10:32.133+0000] {logging_mixin.py:137} INFO - [2023-01-03T04:10:32.132+0000] {dag.py:3427} INFO - Setting next_dagrun for example_xcom to 2021-01-01T00:00:00+00:00, run_after=2021-01-01T00:00:00+00:00
[2023-01-03T04:10:32.368+0000] {processor.py:175} INFO - Processing /home/airflow/.local/lib/python3.7/site-packages/airflow/example_dags/example_xcom.py took 1.419 seconds
[2023-01-03T04:11:02.892+0000] {processor.py:153} INFO - Started process (PID=275) to work on /home/airflow/.local/lib/python3.7/site-packages/airflow/example_dags/example_xcom.py
[2023-01-03T04:11:02.903+0000] {processor.py:743} INFO - Processing file /home/airflow/.local/lib/python3.7/site-packages/airflow/example_dags/example_xcom.py for tasks to queue
[2023-01-03T04:11:02.905+0000] {logging_mixin.py:137} INFO - [2023-01-03T04:11:02.905+0000] {dagbag.py:538} INFO - Filling up the DagBag from /home/airflow/.local/lib/python3.7/site-packages/airflow/example_dags/example_xcom.py
[2023-01-03T04:11:03.017+0000] {processor.py:753} INFO - DAG(s) dict_keys(['example_xcom']) retrieved from /home/airflow/.local/lib/python3.7/site-packages/airflow/example_dags/example_xcom.py
[2023-01-03T04:11:03.297+0000] {logging_mixin.py:137} INFO - [2023-01-03T04:11:03.297+0000] {dag.py:2676} INFO - Sync 1 DAGs
[2023-01-03T04:11:03.420+0000] {logging_mixin.py:137} INFO - [2023-01-03T04:11:03.419+0000] {dag.py:3427} INFO - Setting next_dagrun for example_xcom to 2021-01-01T00:00:00+00:00, run_after=2021-01-01T00:00:00+00:00
[2023-01-03T04:11:03.491+0000] {processor.py:175} INFO - Processing /home/airflow/.local/lib/python3.7/site-packages/airflow/example_dags/example_xcom.py took 0.605 seconds
[2023-01-03T04:11:40.935+0000] {processor.py:153} INFO - Started process (PID=336) to work on /home/airflow/.local/lib/python3.7/site-packages/airflow/example_dags/example_xcom.py
[2023-01-03T04:11:40.937+0000] {processor.py:743} INFO - Processing file /home/airflow/.local/lib/python3.7/site-packages/airflow/example_dags/example_xcom.py for tasks to queue
[2023-01-03T04:11:40.938+0000] {logging_mixin.py:137} INFO - [2023-01-03T04:11:40.938+0000] {dagbag.py:538} INFO - Filling up the DagBag from /home/airflow/.local/lib/python3.7/site-packages/airflow/example_dags/example_xcom.py
[2023-01-03T04:11:41.050+0000] {processor.py:753} INFO - DAG(s) dict_keys(['example_xcom']) retrieved from /home/airflow/.local/lib/python3.7/site-packages/airflow/example_dags/example_xcom.py
[2023-01-03T04:11:41.282+0000] {logging_mixin.py:137} INFO - [2023-01-03T04:11:41.281+0000] {dag.py:2676} INFO - Sync 1 DAGs
[2023-01-03T04:11:41.514+0000] {logging_mixin.py:137} INFO - [2023-01-03T04:11:41.513+0000] {dag.py:3427} INFO - Setting next_dagrun for example_xcom to 2021-01-01T00:00:00+00:00, run_after=2021-01-01T00:00:00+00:00
[2023-01-03T04:11:41.630+0000] {processor.py:175} INFO - Processing /home/airflow/.local/lib/python3.7/site-packages/airflow/example_dags/example_xcom.py took 0.713 seconds
[2023-01-03T04:13:13.205+0000] {processor.py:153} INFO - Started process (PID=417) to work on /home/airflow/.local/lib/python3.7/site-packages/airflow/example_dags/example_xcom.py
[2023-01-03T04:13:13.228+0000] {processor.py:743} INFO - Processing file /home/airflow/.local/lib/python3.7/site-packages/airflow/example_dags/example_xcom.py for tasks to queue
[2023-01-03T04:13:13.243+0000] {logging_mixin.py:137} INFO - [2023-01-03T04:13:13.242+0000] {dagbag.py:538} INFO - Filling up the DagBag from /home/airflow/.local/lib/python3.7/site-packages/airflow/example_dags/example_xcom.py
[2023-01-03T04:13:14.395+0000] {processor.py:753} INFO - DAG(s) dict_keys(['example_xcom']) retrieved from /home/airflow/.local/lib/python3.7/site-packages/airflow/example_dags/example_xcom.py
[2023-01-03T04:13:17.494+0000] {logging_mixin.py:137} INFO - [2023-01-03T04:13:17.443+0000] {dag.py:2676} INFO - Sync 1 DAGs
[2023-01-03T04:13:17.929+0000] {logging_mixin.py:137} INFO - [2023-01-03T04:13:17.928+0000] {dag.py:3427} INFO - Setting next_dagrun for example_xcom to 2021-01-01T00:00:00+00:00, run_after=2021-01-01T00:00:00+00:00
[2023-01-03T04:13:18.499+0000] {processor.py:175} INFO - Processing /home/airflow/.local/lib/python3.7/site-packages/airflow/example_dags/example_xcom.py took 5.306 seconds
