[2023-01-03T03:44:34.217+0000] {processor.py:153} INFO - Started process (PID=72) to work on /home/airflow/.local/lib/python3.7/site-packages/airflow/example_dags/example_latest_only.py
[2023-01-03T03:44:34.230+0000] {processor.py:743} INFO - Processing file /home/airflow/.local/lib/python3.7/site-packages/airflow/example_dags/example_latest_only.py for tasks to queue
[2023-01-03T03:44:34.236+0000] {logging_mixin.py:137} INFO - [2023-01-03T03:44:34.235+0000] {dagbag.py:538} INFO - Filling up the DagBag from /home/airflow/.local/lib/python3.7/site-packages/airflow/example_dags/example_latest_only.py
[2023-01-03T03:44:34.297+0000] {processor.py:753} INFO - DAG(s) dict_keys(['latest_only']) retrieved from /home/airflow/.local/lib/python3.7/site-packages/airflow/example_dags/example_latest_only.py
[2023-01-03T03:44:34.507+0000] {logging_mixin.py:137} INFO - [2023-01-03T03:44:34.507+0000] {dag.py:2676} INFO - Sync 1 DAGs
[2023-01-03T03:44:34.618+0000] {logging_mixin.py:137} INFO - [2023-01-03T03:44:34.618+0000] {dag.py:3427} INFO - Setting next_dagrun for latest_only to 2023-01-02T23:44:34.618472+00:00, run_after=2023-01-03T03:44:34.618472+00:00
[2023-01-03T03:44:34.676+0000] {processor.py:175} INFO - Processing /home/airflow/.local/lib/python3.7/site-packages/airflow/example_dags/example_latest_only.py took 0.466 seconds
[2023-01-03T03:45:04.806+0000] {processor.py:153} INFO - Started process (PID=133) to work on /home/airflow/.local/lib/python3.7/site-packages/airflow/example_dags/example_latest_only.py
[2023-01-03T03:45:04.808+0000] {processor.py:743} INFO - Processing file /home/airflow/.local/lib/python3.7/site-packages/airflow/example_dags/example_latest_only.py for tasks to queue
[2023-01-03T03:45:04.810+0000] {logging_mixin.py:137} INFO - [2023-01-03T03:45:04.810+0000] {dagbag.py:538} INFO - Filling up the DagBag from /home/airflow/.local/lib/python3.7/site-packages/airflow/example_dags/example_latest_only.py
[2023-01-03T03:45:04.841+0000] {processor.py:753} INFO - DAG(s) dict_keys(['latest_only']) retrieved from /home/airflow/.local/lib/python3.7/site-packages/airflow/example_dags/example_latest_only.py
[2023-01-03T03:45:04.907+0000] {logging_mixin.py:137} INFO - [2023-01-03T03:45:04.906+0000] {dag.py:2676} INFO - Sync 1 DAGs
[2023-01-03T03:45:04.942+0000] {logging_mixin.py:137} INFO - [2023-01-03T03:45:04.942+0000] {dag.py:3427} INFO - Setting next_dagrun for latest_only to 2023-01-02T23:45:04.941864+00:00, run_after=2023-01-03T03:45:04.941864+00:00
[2023-01-03T03:45:04.955+0000] {processor.py:175} INFO - Processing /home/airflow/.local/lib/python3.7/site-packages/airflow/example_dags/example_latest_only.py took 0.159 seconds
[2023-01-03T03:45:35.663+0000] {processor.py:153} INFO - Started process (PID=207) to work on /home/airflow/.local/lib/python3.7/site-packages/airflow/example_dags/example_latest_only.py
[2023-01-03T03:45:35.664+0000] {processor.py:743} INFO - Processing file /home/airflow/.local/lib/python3.7/site-packages/airflow/example_dags/example_latest_only.py for tasks to queue
[2023-01-03T03:45:35.665+0000] {logging_mixin.py:137} INFO - [2023-01-03T03:45:35.665+0000] {dagbag.py:538} INFO - Filling up the DagBag from /home/airflow/.local/lib/python3.7/site-packages/airflow/example_dags/example_latest_only.py
[2023-01-03T03:45:35.699+0000] {processor.py:753} INFO - DAG(s) dict_keys(['latest_only']) retrieved from /home/airflow/.local/lib/python3.7/site-packages/airflow/example_dags/example_latest_only.py
[2023-01-03T03:45:35.761+0000] {logging_mixin.py:137} INFO - [2023-01-03T03:45:35.761+0000] {dag.py:2676} INFO - Sync 1 DAGs
[2023-01-03T03:45:35.798+0000] {logging_mixin.py:137} INFO - [2023-01-03T03:45:35.797+0000] {dag.py:3427} INFO - Setting next_dagrun for latest_only to 2023-01-02T23:45:35.797671+00:00, run_after=2023-01-03T03:45:35.797671+00:00
[2023-01-03T03:45:35.813+0000] {processor.py:175} INFO - Processing /home/airflow/.local/lib/python3.7/site-packages/airflow/example_dags/example_latest_only.py took 0.156 seconds
[2023-01-03T03:46:06.643+0000] {processor.py:153} INFO - Started process (PID=270) to work on /home/airflow/.local/lib/python3.7/site-packages/airflow/example_dags/example_latest_only.py
[2023-01-03T03:46:06.650+0000] {processor.py:743} INFO - Processing file /home/airflow/.local/lib/python3.7/site-packages/airflow/example_dags/example_latest_only.py for tasks to queue
[2023-01-03T03:46:06.656+0000] {logging_mixin.py:137} INFO - [2023-01-03T03:46:06.656+0000] {dagbag.py:538} INFO - Filling up the DagBag from /home/airflow/.local/lib/python3.7/site-packages/airflow/example_dags/example_latest_only.py
[2023-01-03T03:46:06.685+0000] {processor.py:753} INFO - DAG(s) dict_keys(['latest_only']) retrieved from /home/airflow/.local/lib/python3.7/site-packages/airflow/example_dags/example_latest_only.py
[2023-01-03T03:46:06.778+0000] {logging_mixin.py:137} INFO - [2023-01-03T03:46:06.778+0000] {dag.py:2676} INFO - Sync 1 DAGs
[2023-01-03T03:46:06.814+0000] {logging_mixin.py:137} INFO - [2023-01-03T03:46:06.814+0000] {dag.py:3427} INFO - Setting next_dagrun for latest_only to 2023-01-02T23:46:06.814481+00:00, run_after=2023-01-03T03:46:06.814481+00:00
[2023-01-03T03:46:06.836+0000] {processor.py:175} INFO - Processing /home/airflow/.local/lib/python3.7/site-packages/airflow/example_dags/example_latest_only.py took 0.201 seconds
[2023-01-03T03:46:37.931+0000] {processor.py:153} INFO - Started process (PID=331) to work on /home/airflow/.local/lib/python3.7/site-packages/airflow/example_dags/example_latest_only.py
[2023-01-03T03:46:37.970+0000] {processor.py:743} INFO - Processing file /home/airflow/.local/lib/python3.7/site-packages/airflow/example_dags/example_latest_only.py for tasks to queue
[2023-01-03T03:46:37.972+0000] {logging_mixin.py:137} INFO - [2023-01-03T03:46:37.972+0000] {dagbag.py:538} INFO - Filling up the DagBag from /home/airflow/.local/lib/python3.7/site-packages/airflow/example_dags/example_latest_only.py
[2023-01-03T03:46:38.189+0000] {processor.py:753} INFO - DAG(s) dict_keys(['latest_only']) retrieved from /home/airflow/.local/lib/python3.7/site-packages/airflow/example_dags/example_latest_only.py
[2023-01-03T03:46:38.295+0000] {logging_mixin.py:137} INFO - [2023-01-03T03:46:38.295+0000] {dag.py:2676} INFO - Sync 1 DAGs
[2023-01-03T03:46:38.344+0000] {logging_mixin.py:137} INFO - [2023-01-03T03:46:38.343+0000] {dag.py:3427} INFO - Setting next_dagrun for latest_only to 2023-01-02T23:46:38.341074+00:00, run_after=2023-01-03T03:46:38.341074+00:00
[2023-01-03T03:46:38.432+0000] {processor.py:175} INFO - Processing /home/airflow/.local/lib/python3.7/site-packages/airflow/example_dags/example_latest_only.py took 0.505 seconds
[2023-01-03T03:47:09.060+0000] {processor.py:153} INFO - Started process (PID=399) to work on /home/airflow/.local/lib/python3.7/site-packages/airflow/example_dags/example_latest_only.py
[2023-01-03T03:47:09.068+0000] {processor.py:743} INFO - Processing file /home/airflow/.local/lib/python3.7/site-packages/airflow/example_dags/example_latest_only.py for tasks to queue
[2023-01-03T03:47:09.072+0000] {logging_mixin.py:137} INFO - [2023-01-03T03:47:09.072+0000] {dagbag.py:538} INFO - Filling up the DagBag from /home/airflow/.local/lib/python3.7/site-packages/airflow/example_dags/example_latest_only.py
[2023-01-03T03:47:09.121+0000] {processor.py:753} INFO - DAG(s) dict_keys(['latest_only']) retrieved from /home/airflow/.local/lib/python3.7/site-packages/airflow/example_dags/example_latest_only.py
[2023-01-03T03:47:09.267+0000] {logging_mixin.py:137} INFO - [2023-01-03T03:47:09.267+0000] {dag.py:2676} INFO - Sync 1 DAGs
[2023-01-03T03:47:09.323+0000] {logging_mixin.py:137} INFO - [2023-01-03T03:47:09.323+0000] {dag.py:3427} INFO - Setting next_dagrun for latest_only to 2023-01-02T23:47:09.323500+00:00, run_after=2023-01-03T03:47:09.323500+00:00
[2023-01-03T03:47:09.366+0000] {processor.py:175} INFO - Processing /home/airflow/.local/lib/python3.7/site-packages/airflow/example_dags/example_latest_only.py took 0.321 seconds
[2023-01-03T03:47:40.497+0000] {processor.py:153} INFO - Started process (PID=467) to work on /home/airflow/.local/lib/python3.7/site-packages/airflow/example_dags/example_latest_only.py
[2023-01-03T03:47:40.538+0000] {processor.py:743} INFO - Processing file /home/airflow/.local/lib/python3.7/site-packages/airflow/example_dags/example_latest_only.py for tasks to queue
[2023-01-03T03:47:40.559+0000] {logging_mixin.py:137} INFO - [2023-01-03T03:47:40.551+0000] {dagbag.py:538} INFO - Filling up the DagBag from /home/airflow/.local/lib/python3.7/site-packages/airflow/example_dags/example_latest_only.py
[2023-01-03T03:47:41.152+0000] {processor.py:753} INFO - DAG(s) dict_keys(['latest_only']) retrieved from /home/airflow/.local/lib/python3.7/site-packages/airflow/example_dags/example_latest_only.py
[2023-01-03T03:47:41.509+0000] {logging_mixin.py:137} INFO - [2023-01-03T03:47:41.506+0000] {dag.py:2676} INFO - Sync 1 DAGs
[2023-01-03T03:47:41.644+0000] {logging_mixin.py:137} INFO - [2023-01-03T03:47:41.644+0000] {dag.py:3427} INFO - Setting next_dagrun for latest_only to 2023-01-02T23:47:41.642006+00:00, run_after=2023-01-03T03:47:41.642006+00:00
[2023-01-03T03:47:41.745+0000] {processor.py:175} INFO - Processing /home/airflow/.local/lib/python3.7/site-packages/airflow/example_dags/example_latest_only.py took 1.311 seconds
[2023-01-03T03:48:14.041+0000] {processor.py:153} INFO - Started process (PID=517) to work on /home/airflow/.local/lib/python3.7/site-packages/airflow/example_dags/example_latest_only.py
[2023-01-03T03:48:14.044+0000] {processor.py:743} INFO - Processing file /home/airflow/.local/lib/python3.7/site-packages/airflow/example_dags/example_latest_only.py for tasks to queue
[2023-01-03T03:48:14.046+0000] {logging_mixin.py:137} INFO - [2023-01-03T03:48:14.046+0000] {dagbag.py:538} INFO - Filling up the DagBag from /home/airflow/.local/lib/python3.7/site-packages/airflow/example_dags/example_latest_only.py
[2023-01-03T03:48:14.088+0000] {processor.py:753} INFO - DAG(s) dict_keys(['latest_only']) retrieved from /home/airflow/.local/lib/python3.7/site-packages/airflow/example_dags/example_latest_only.py
[2023-01-03T03:48:14.204+0000] {logging_mixin.py:137} INFO - [2023-01-03T03:48:14.204+0000] {dag.py:2676} INFO - Sync 1 DAGs
[2023-01-03T03:48:14.238+0000] {logging_mixin.py:137} INFO - [2023-01-03T03:48:14.238+0000] {dag.py:3427} INFO - Setting next_dagrun for latest_only to 2023-01-02T23:48:14.237857+00:00, run_after=2023-01-03T03:48:14.237857+00:00
[2023-01-03T03:48:14.280+0000] {processor.py:175} INFO - Processing /home/airflow/.local/lib/python3.7/site-packages/airflow/example_dags/example_latest_only.py took 0.242 seconds
[2023-01-03T03:48:45.243+0000] {processor.py:153} INFO - Started process (PID=579) to work on /home/airflow/.local/lib/python3.7/site-packages/airflow/example_dags/example_latest_only.py
[2023-01-03T03:48:45.248+0000] {processor.py:743} INFO - Processing file /home/airflow/.local/lib/python3.7/site-packages/airflow/example_dags/example_latest_only.py for tasks to queue
[2023-01-03T03:48:45.250+0000] {logging_mixin.py:137} INFO - [2023-01-03T03:48:45.250+0000] {dagbag.py:538} INFO - Filling up the DagBag from /home/airflow/.local/lib/python3.7/site-packages/airflow/example_dags/example_latest_only.py
[2023-01-03T03:48:45.302+0000] {processor.py:753} INFO - DAG(s) dict_keys(['latest_only']) retrieved from /home/airflow/.local/lib/python3.7/site-packages/airflow/example_dags/example_latest_only.py
[2023-01-03T03:48:45.414+0000] {logging_mixin.py:137} INFO - [2023-01-03T03:48:45.414+0000] {dag.py:2676} INFO - Sync 1 DAGs
[2023-01-03T03:48:45.454+0000] {logging_mixin.py:137} INFO - [2023-01-03T03:48:45.454+0000] {dag.py:3427} INFO - Setting next_dagrun for latest_only to 2023-01-02T23:48:45.454460+00:00, run_after=2023-01-03T03:48:45.454460+00:00
[2023-01-03T03:48:45.477+0000] {processor.py:175} INFO - Processing /home/airflow/.local/lib/python3.7/site-packages/airflow/example_dags/example_latest_only.py took 0.239 seconds
[2023-01-03T03:49:16.072+0000] {processor.py:153} INFO - Started process (PID=641) to work on /home/airflow/.local/lib/python3.7/site-packages/airflow/example_dags/example_latest_only.py
[2023-01-03T03:49:16.076+0000] {processor.py:743} INFO - Processing file /home/airflow/.local/lib/python3.7/site-packages/airflow/example_dags/example_latest_only.py for tasks to queue
[2023-01-03T03:49:16.080+0000] {logging_mixin.py:137} INFO - [2023-01-03T03:49:16.080+0000] {dagbag.py:538} INFO - Filling up the DagBag from /home/airflow/.local/lib/python3.7/site-packages/airflow/example_dags/example_latest_only.py
[2023-01-03T03:49:16.125+0000] {processor.py:753} INFO - DAG(s) dict_keys(['latest_only']) retrieved from /home/airflow/.local/lib/python3.7/site-packages/airflow/example_dags/example_latest_only.py
[2023-01-03T03:49:16.198+0000] {logging_mixin.py:137} INFO - [2023-01-03T03:49:16.198+0000] {dag.py:2676} INFO - Sync 1 DAGs
[2023-01-03T03:49:16.242+0000] {logging_mixin.py:137} INFO - [2023-01-03T03:49:16.242+0000] {dag.py:3427} INFO - Setting next_dagrun for latest_only to 2023-01-02T23:49:16.242572+00:00, run_after=2023-01-03T03:49:16.242572+00:00
[2023-01-03T03:49:16.271+0000] {processor.py:175} INFO - Processing /home/airflow/.local/lib/python3.7/site-packages/airflow/example_dags/example_latest_only.py took 0.202 seconds
[2023-01-03T03:49:47.246+0000] {processor.py:153} INFO - Started process (PID=715) to work on /home/airflow/.local/lib/python3.7/site-packages/airflow/example_dags/example_latest_only.py
[2023-01-03T03:49:47.251+0000] {processor.py:743} INFO - Processing file /home/airflow/.local/lib/python3.7/site-packages/airflow/example_dags/example_latest_only.py for tasks to queue
[2023-01-03T03:49:47.259+0000] {logging_mixin.py:137} INFO - [2023-01-03T03:49:47.259+0000] {dagbag.py:538} INFO - Filling up the DagBag from /home/airflow/.local/lib/python3.7/site-packages/airflow/example_dags/example_latest_only.py
[2023-01-03T03:49:47.302+0000] {processor.py:753} INFO - DAG(s) dict_keys(['latest_only']) retrieved from /home/airflow/.local/lib/python3.7/site-packages/airflow/example_dags/example_latest_only.py
[2023-01-03T03:49:47.427+0000] {logging_mixin.py:137} INFO - [2023-01-03T03:49:47.427+0000] {dag.py:2676} INFO - Sync 1 DAGs
[2023-01-03T03:49:47.537+0000] {logging_mixin.py:137} INFO - [2023-01-03T03:49:47.537+0000] {dag.py:3427} INFO - Setting next_dagrun for latest_only to 2023-01-02T23:49:47.537004+00:00, run_after=2023-01-03T03:49:47.537004+00:00
[2023-01-03T03:49:47.593+0000] {processor.py:175} INFO - Processing /home/airflow/.local/lib/python3.7/site-packages/airflow/example_dags/example_latest_only.py took 0.361 seconds
[2023-01-03T03:50:18.293+0000] {processor.py:153} INFO - Started process (PID=777) to work on /home/airflow/.local/lib/python3.7/site-packages/airflow/example_dags/example_latest_only.py
[2023-01-03T03:50:18.305+0000] {processor.py:743} INFO - Processing file /home/airflow/.local/lib/python3.7/site-packages/airflow/example_dags/example_latest_only.py for tasks to queue
[2023-01-03T03:50:18.308+0000] {logging_mixin.py:137} INFO - [2023-01-03T03:50:18.308+0000] {dagbag.py:538} INFO - Filling up the DagBag from /home/airflow/.local/lib/python3.7/site-packages/airflow/example_dags/example_latest_only.py
[2023-01-03T03:50:18.407+0000] {processor.py:753} INFO - DAG(s) dict_keys(['latest_only']) retrieved from /home/airflow/.local/lib/python3.7/site-packages/airflow/example_dags/example_latest_only.py
[2023-01-03T03:50:18.583+0000] {logging_mixin.py:137} INFO - [2023-01-03T03:50:18.583+0000] {dag.py:2676} INFO - Sync 1 DAGs
[2023-01-03T03:50:18.667+0000] {logging_mixin.py:137} INFO - [2023-01-03T03:50:18.667+0000] {dag.py:3427} INFO - Setting next_dagrun for latest_only to 2023-01-02T23:50:18.664509+00:00, run_after=2023-01-03T03:50:18.664509+00:00
[2023-01-03T03:50:18.737+0000] {processor.py:175} INFO - Processing /home/airflow/.local/lib/python3.7/site-packages/airflow/example_dags/example_latest_only.py took 0.447 seconds
[2023-01-03T03:50:49.164+0000] {processor.py:153} INFO - Started process (PID=827) to work on /home/airflow/.local/lib/python3.7/site-packages/airflow/example_dags/example_latest_only.py
[2023-01-03T03:50:49.167+0000] {processor.py:743} INFO - Processing file /home/airflow/.local/lib/python3.7/site-packages/airflow/example_dags/example_latest_only.py for tasks to queue
[2023-01-03T03:50:49.170+0000] {logging_mixin.py:137} INFO - [2023-01-03T03:50:49.169+0000] {dagbag.py:538} INFO - Filling up the DagBag from /home/airflow/.local/lib/python3.7/site-packages/airflow/example_dags/example_latest_only.py
[2023-01-03T03:50:49.203+0000] {processor.py:753} INFO - DAG(s) dict_keys(['latest_only']) retrieved from /home/airflow/.local/lib/python3.7/site-packages/airflow/example_dags/example_latest_only.py
[2023-01-03T03:50:49.292+0000] {logging_mixin.py:137} INFO - [2023-01-03T03:50:49.292+0000] {dag.py:2676} INFO - Sync 1 DAGs
[2023-01-03T03:50:49.346+0000] {logging_mixin.py:137} INFO - [2023-01-03T03:50:49.345+0000] {dag.py:3427} INFO - Setting next_dagrun for latest_only to 2023-01-02T23:50:49.345739+00:00, run_after=2023-01-03T03:50:49.345739+00:00
[2023-01-03T03:50:49.401+0000] {processor.py:175} INFO - Processing /home/airflow/.local/lib/python3.7/site-packages/airflow/example_dags/example_latest_only.py took 0.276 seconds
[2023-01-03T03:51:20.356+0000] {processor.py:153} INFO - Started process (PID=902) to work on /home/airflow/.local/lib/python3.7/site-packages/airflow/example_dags/example_latest_only.py
[2023-01-03T03:51:20.358+0000] {processor.py:743} INFO - Processing file /home/airflow/.local/lib/python3.7/site-packages/airflow/example_dags/example_latest_only.py for tasks to queue
[2023-01-03T03:51:20.359+0000] {logging_mixin.py:137} INFO - [2023-01-03T03:51:20.359+0000] {dagbag.py:538} INFO - Filling up the DagBag from /home/airflow/.local/lib/python3.7/site-packages/airflow/example_dags/example_latest_only.py
[2023-01-03T03:51:20.380+0000] {processor.py:753} INFO - DAG(s) dict_keys(['latest_only']) retrieved from /home/airflow/.local/lib/python3.7/site-packages/airflow/example_dags/example_latest_only.py
[2023-01-03T03:51:20.471+0000] {logging_mixin.py:137} INFO - [2023-01-03T03:51:20.471+0000] {dag.py:2676} INFO - Sync 1 DAGs
[2023-01-03T03:51:20.508+0000] {logging_mixin.py:137} INFO - [2023-01-03T03:51:20.508+0000] {dag.py:3427} INFO - Setting next_dagrun for latest_only to 2023-01-02T23:51:20.508045+00:00, run_after=2023-01-03T03:51:20.508045+00:00
[2023-01-03T03:51:20.523+0000] {processor.py:175} INFO - Processing /home/airflow/.local/lib/python3.7/site-packages/airflow/example_dags/example_latest_only.py took 0.171 seconds
[2023-01-03T03:51:51.758+0000] {processor.py:153} INFO - Started process (PID=964) to work on /home/airflow/.local/lib/python3.7/site-packages/airflow/example_dags/example_latest_only.py
[2023-01-03T03:51:51.767+0000] {processor.py:743} INFO - Processing file /home/airflow/.local/lib/python3.7/site-packages/airflow/example_dags/example_latest_only.py for tasks to queue
[2023-01-03T03:51:51.768+0000] {logging_mixin.py:137} INFO - [2023-01-03T03:51:51.768+0000] {dagbag.py:538} INFO - Filling up the DagBag from /home/airflow/.local/lib/python3.7/site-packages/airflow/example_dags/example_latest_only.py
[2023-01-03T03:51:51.785+0000] {processor.py:753} INFO - DAG(s) dict_keys(['latest_only']) retrieved from /home/airflow/.local/lib/python3.7/site-packages/airflow/example_dags/example_latest_only.py
[2023-01-03T03:51:51.887+0000] {logging_mixin.py:137} INFO - [2023-01-03T03:51:51.887+0000] {dag.py:2676} INFO - Sync 1 DAGs
[2023-01-03T03:51:51.942+0000] {logging_mixin.py:137} INFO - [2023-01-03T03:51:51.942+0000] {dag.py:3427} INFO - Setting next_dagrun for latest_only to 2023-01-02T23:51:51.941994+00:00, run_after=2023-01-03T03:51:51.941994+00:00
[2023-01-03T03:51:51.959+0000] {processor.py:175} INFO - Processing /home/airflow/.local/lib/python3.7/site-packages/airflow/example_dags/example_latest_only.py took 0.205 seconds
[2023-01-03T03:52:22.530+0000] {processor.py:153} INFO - Started process (PID=1013) to work on /home/airflow/.local/lib/python3.7/site-packages/airflow/example_dags/example_latest_only.py
[2023-01-03T03:52:22.539+0000] {processor.py:743} INFO - Processing file /home/airflow/.local/lib/python3.7/site-packages/airflow/example_dags/example_latest_only.py for tasks to queue
[2023-01-03T03:52:22.541+0000] {logging_mixin.py:137} INFO - [2023-01-03T03:52:22.541+0000] {dagbag.py:538} INFO - Filling up the DagBag from /home/airflow/.local/lib/python3.7/site-packages/airflow/example_dags/example_latest_only.py
[2023-01-03T03:52:22.585+0000] {processor.py:753} INFO - DAG(s) dict_keys(['latest_only']) retrieved from /home/airflow/.local/lib/python3.7/site-packages/airflow/example_dags/example_latest_only.py
[2023-01-03T03:52:22.670+0000] {logging_mixin.py:137} INFO - [2023-01-03T03:52:22.670+0000] {dag.py:2676} INFO - Sync 1 DAGs
[2023-01-03T03:52:22.721+0000] {logging_mixin.py:137} INFO - [2023-01-03T03:52:22.721+0000] {dag.py:3427} INFO - Setting next_dagrun for latest_only to 2023-01-02T23:52:22.707482+00:00, run_after=2023-01-03T03:52:22.707482+00:00
[2023-01-03T03:52:22.762+0000] {processor.py:175} INFO - Processing /home/airflow/.local/lib/python3.7/site-packages/airflow/example_dags/example_latest_only.py took 0.235 seconds
[2023-01-03T03:53:00.767+0000] {processor.py:153} INFO - Started process (PID=1077) to work on /home/airflow/.local/lib/python3.7/site-packages/airflow/example_dags/example_latest_only.py
[2023-01-03T03:53:00.772+0000] {processor.py:743} INFO - Processing file /home/airflow/.local/lib/python3.7/site-packages/airflow/example_dags/example_latest_only.py for tasks to queue
[2023-01-03T03:53:00.774+0000] {logging_mixin.py:137} INFO - [2023-01-03T03:53:00.774+0000] {dagbag.py:538} INFO - Filling up the DagBag from /home/airflow/.local/lib/python3.7/site-packages/airflow/example_dags/example_latest_only.py
[2023-01-03T03:53:00.811+0000] {processor.py:753} INFO - DAG(s) dict_keys(['latest_only']) retrieved from /home/airflow/.local/lib/python3.7/site-packages/airflow/example_dags/example_latest_only.py
[2023-01-03T03:53:00.918+0000] {logging_mixin.py:137} INFO - [2023-01-03T03:53:00.918+0000] {dag.py:2676} INFO - Sync 1 DAGs
[2023-01-03T03:53:00.973+0000] {logging_mixin.py:137} INFO - [2023-01-03T03:53:00.973+0000] {dag.py:3427} INFO - Setting next_dagrun for latest_only to 2023-01-02T23:53:00.972849+00:00, run_after=2023-01-03T03:53:00.972849+00:00
[2023-01-03T03:53:01.005+0000] {processor.py:175} INFO - Processing /home/airflow/.local/lib/python3.7/site-packages/airflow/example_dags/example_latest_only.py took 0.244 seconds
[2023-01-03T03:53:47.559+0000] {processor.py:153} INFO - Started process (PID=1127) to work on /home/airflow/.local/lib/python3.7/site-packages/airflow/example_dags/example_latest_only.py
[2023-01-03T03:53:47.561+0000] {processor.py:743} INFO - Processing file /home/airflow/.local/lib/python3.7/site-packages/airflow/example_dags/example_latest_only.py for tasks to queue
[2023-01-03T03:53:47.562+0000] {logging_mixin.py:137} INFO - [2023-01-03T03:53:47.562+0000] {dagbag.py:538} INFO - Filling up the DagBag from /home/airflow/.local/lib/python3.7/site-packages/airflow/example_dags/example_latest_only.py
[2023-01-03T03:53:47.582+0000] {processor.py:753} INFO - DAG(s) dict_keys(['latest_only']) retrieved from /home/airflow/.local/lib/python3.7/site-packages/airflow/example_dags/example_latest_only.py
[2023-01-03T03:53:47.636+0000] {logging_mixin.py:137} INFO - [2023-01-03T03:53:47.636+0000] {dag.py:2676} INFO - Sync 1 DAGs
[2023-01-03T03:53:47.659+0000] {logging_mixin.py:137} INFO - [2023-01-03T03:53:47.659+0000] {dag.py:3427} INFO - Setting next_dagrun for latest_only to 2023-01-02T23:53:47.659210+00:00, run_after=2023-01-03T03:53:47.659210+00:00
[2023-01-03T03:53:47.679+0000] {processor.py:175} INFO - Processing /home/airflow/.local/lib/python3.7/site-packages/airflow/example_dags/example_latest_only.py took 0.134 seconds
[2023-01-03T03:54:20.709+0000] {processor.py:153} INFO - Started process (PID=1189) to work on /home/airflow/.local/lib/python3.7/site-packages/airflow/example_dags/example_latest_only.py
[2023-01-03T03:54:20.710+0000] {processor.py:743} INFO - Processing file /home/airflow/.local/lib/python3.7/site-packages/airflow/example_dags/example_latest_only.py for tasks to queue
[2023-01-03T03:54:20.712+0000] {logging_mixin.py:137} INFO - [2023-01-03T03:54:20.711+0000] {dagbag.py:538} INFO - Filling up the DagBag from /home/airflow/.local/lib/python3.7/site-packages/airflow/example_dags/example_latest_only.py
[2023-01-03T03:54:20.773+0000] {processor.py:753} INFO - DAG(s) dict_keys(['latest_only']) retrieved from /home/airflow/.local/lib/python3.7/site-packages/airflow/example_dags/example_latest_only.py
[2023-01-03T03:54:20.850+0000] {logging_mixin.py:137} INFO - [2023-01-03T03:54:20.850+0000] {dag.py:2676} INFO - Sync 1 DAGs
[2023-01-03T03:54:20.912+0000] {logging_mixin.py:137} INFO - [2023-01-03T03:54:20.912+0000] {dag.py:3427} INFO - Setting next_dagrun for latest_only to 2023-01-02T23:54:20.912024+00:00, run_after=2023-01-03T03:54:20.912024+00:00
[2023-01-03T03:54:20.965+0000] {processor.py:175} INFO - Processing /home/airflow/.local/lib/python3.7/site-packages/airflow/example_dags/example_latest_only.py took 0.259 seconds
[2023-01-03T03:56:59.999+0000] {processor.py:153} INFO - Started process (PID=1311) to work on /home/airflow/.local/lib/python3.7/site-packages/airflow/example_dags/example_latest_only.py
[2023-01-03T03:57:00.110+0000] {processor.py:743} INFO - Processing file /home/airflow/.local/lib/python3.7/site-packages/airflow/example_dags/example_latest_only.py for tasks to queue
[2023-01-03T03:57:00.189+0000] {logging_mixin.py:137} INFO - [2023-01-03T03:57:00.124+0000] {dagbag.py:538} INFO - Filling up the DagBag from /home/airflow/.local/lib/python3.7/site-packages/airflow/example_dags/example_latest_only.py
[2023-01-03T03:57:03.462+0000] {processor.py:753} INFO - DAG(s) dict_keys(['latest_only']) retrieved from /home/airflow/.local/lib/python3.7/site-packages/airflow/example_dags/example_latest_only.py
[2023-01-03T03:57:23.905+0000] {logging_mixin.py:137} INFO - [2023-01-03T03:57:23.846+0000] {dag.py:2676} INFO - Sync 1 DAGs
[2023-01-03T03:57:31.602+0000] {logging_mixin.py:137} INFO - [2023-01-03T03:57:31.601+0000] {dag.py:3427} INFO - Setting next_dagrun for latest_only to 2023-01-02T23:57:31.568303+00:00, run_after=2023-01-03T03:57:31.568303+00:00
[2023-01-03T03:57:32.306+0000] {processor.py:175} INFO - Processing /home/airflow/.local/lib/python3.7/site-packages/airflow/example_dags/example_latest_only.py took 32.935 seconds
[2023-01-03T04:04:34.454+0000] {processor.py:153} INFO - Started process (PID=194) to work on /home/airflow/.local/lib/python3.7/site-packages/airflow/example_dags/example_latest_only.py
[2023-01-03T04:04:34.485+0000] {processor.py:743} INFO - Processing file /home/airflow/.local/lib/python3.7/site-packages/airflow/example_dags/example_latest_only.py for tasks to queue
[2023-01-03T04:04:34.494+0000] {logging_mixin.py:137} INFO - [2023-01-03T04:04:34.493+0000] {dagbag.py:538} INFO - Filling up the DagBag from /home/airflow/.local/lib/python3.7/site-packages/airflow/example_dags/example_latest_only.py
[2023-01-03T04:04:36.317+0000] {processor.py:753} INFO - DAG(s) dict_keys(['latest_only']) retrieved from /home/airflow/.local/lib/python3.7/site-packages/airflow/example_dags/example_latest_only.py
[2023-01-03T04:04:39.642+0000] {logging_mixin.py:137} INFO - [2023-01-03T04:04:39.539+0000] {dag.py:2676} INFO - Sync 1 DAGs
[2023-01-03T04:09:31.294+0000] {processor.py:153} INFO - Started process (PID=107) to work on /home/airflow/.local/lib/python3.7/site-packages/airflow/example_dags/example_latest_only.py
[2023-01-03T04:09:31.310+0000] {processor.py:743} INFO - Processing file /home/airflow/.local/lib/python3.7/site-packages/airflow/example_dags/example_latest_only.py for tasks to queue
[2023-01-03T04:09:31.312+0000] {logging_mixin.py:137} INFO - [2023-01-03T04:09:31.312+0000] {dagbag.py:538} INFO - Filling up the DagBag from /home/airflow/.local/lib/python3.7/site-packages/airflow/example_dags/example_latest_only.py
[2023-01-03T04:09:31.362+0000] {processor.py:753} INFO - DAG(s) dict_keys(['latest_only']) retrieved from /home/airflow/.local/lib/python3.7/site-packages/airflow/example_dags/example_latest_only.py
[2023-01-03T04:09:31.471+0000] {logging_mixin.py:137} INFO - [2023-01-03T04:09:31.471+0000] {dag.py:2676} INFO - Sync 1 DAGs
[2023-01-03T04:09:31.537+0000] {logging_mixin.py:137} INFO - [2023-01-03T04:09:31.536+0000] {dag.py:3427} INFO - Setting next_dagrun for latest_only to 2023-01-03T00:09:31.536495+00:00, run_after=2023-01-03T04:09:31.536495+00:00
[2023-01-03T04:09:31.585+0000] {processor.py:175} INFO - Processing /home/airflow/.local/lib/python3.7/site-packages/airflow/example_dags/example_latest_only.py took 0.333 seconds
[2023-01-03T04:10:01.928+0000] {processor.py:153} INFO - Started process (PID=169) to work on /home/airflow/.local/lib/python3.7/site-packages/airflow/example_dags/example_latest_only.py
[2023-01-03T04:10:01.934+0000] {processor.py:743} INFO - Processing file /home/airflow/.local/lib/python3.7/site-packages/airflow/example_dags/example_latest_only.py for tasks to queue
[2023-01-03T04:10:01.937+0000] {logging_mixin.py:137} INFO - [2023-01-03T04:10:01.936+0000] {dagbag.py:538} INFO - Filling up the DagBag from /home/airflow/.local/lib/python3.7/site-packages/airflow/example_dags/example_latest_only.py
[2023-01-03T04:10:01.969+0000] {processor.py:753} INFO - DAG(s) dict_keys(['latest_only']) retrieved from /home/airflow/.local/lib/python3.7/site-packages/airflow/example_dags/example_latest_only.py
[2023-01-03T04:10:02.064+0000] {logging_mixin.py:137} INFO - [2023-01-03T04:10:02.063+0000] {dag.py:2676} INFO - Sync 1 DAGs
[2023-01-03T04:10:02.106+0000] {logging_mixin.py:137} INFO - [2023-01-03T04:10:02.106+0000] {dag.py:3427} INFO - Setting next_dagrun for latest_only to 2023-01-03T00:10:02.106334+00:00, run_after=2023-01-03T04:10:02.106334+00:00
[2023-01-03T04:10:02.134+0000] {processor.py:175} INFO - Processing /home/airflow/.local/lib/python3.7/site-packages/airflow/example_dags/example_latest_only.py took 0.210 seconds
[2023-01-03T04:10:43.734+0000] {processor.py:153} INFO - Started process (PID=240) to work on /home/airflow/.local/lib/python3.7/site-packages/airflow/example_dags/example_latest_only.py
[2023-01-03T04:10:43.737+0000] {processor.py:743} INFO - Processing file /home/airflow/.local/lib/python3.7/site-packages/airflow/example_dags/example_latest_only.py for tasks to queue
[2023-01-03T04:10:43.744+0000] {logging_mixin.py:137} INFO - [2023-01-03T04:10:43.744+0000] {dagbag.py:538} INFO - Filling up the DagBag from /home/airflow/.local/lib/python3.7/site-packages/airflow/example_dags/example_latest_only.py
[2023-01-03T04:10:43.874+0000] {processor.py:753} INFO - DAG(s) dict_keys(['latest_only']) retrieved from /home/airflow/.local/lib/python3.7/site-packages/airflow/example_dags/example_latest_only.py
[2023-01-03T04:10:44.077+0000] {logging_mixin.py:137} INFO - [2023-01-03T04:10:44.077+0000] {dag.py:2676} INFO - Sync 1 DAGs
[2023-01-03T04:10:44.219+0000] {logging_mixin.py:137} INFO - [2023-01-03T04:10:44.218+0000] {dag.py:3427} INFO - Setting next_dagrun for latest_only to 2023-01-03T00:10:44.218096+00:00, run_after=2023-01-03T04:10:44.218096+00:00
[2023-01-03T04:10:44.344+0000] {processor.py:175} INFO - Processing /home/airflow/.local/lib/python3.7/site-packages/airflow/example_dags/example_latest_only.py took 0.637 seconds
[2023-01-03T04:11:15.391+0000] {processor.py:153} INFO - Started process (PID=292) to work on /home/airflow/.local/lib/python3.7/site-packages/airflow/example_dags/example_latest_only.py
[2023-01-03T04:11:15.398+0000] {processor.py:743} INFO - Processing file /home/airflow/.local/lib/python3.7/site-packages/airflow/example_dags/example_latest_only.py for tasks to queue
[2023-01-03T04:11:15.401+0000] {logging_mixin.py:137} INFO - [2023-01-03T04:11:15.401+0000] {dagbag.py:538} INFO - Filling up the DagBag from /home/airflow/.local/lib/python3.7/site-packages/airflow/example_dags/example_latest_only.py
[2023-01-03T04:11:15.465+0000] {processor.py:753} INFO - DAG(s) dict_keys(['latest_only']) retrieved from /home/airflow/.local/lib/python3.7/site-packages/airflow/example_dags/example_latest_only.py
[2023-01-03T04:11:16.065+0000] {logging_mixin.py:137} INFO - [2023-01-03T04:11:16.062+0000] {dag.py:2676} INFO - Sync 1 DAGs
[2023-01-03T04:11:16.132+0000] {logging_mixin.py:137} INFO - [2023-01-03T04:11:16.131+0000] {dag.py:3427} INFO - Setting next_dagrun for latest_only to 2023-01-03T00:11:16.123390+00:00, run_after=2023-01-03T04:11:16.123390+00:00
[2023-01-03T04:11:16.277+0000] {processor.py:175} INFO - Processing /home/airflow/.local/lib/python3.7/site-packages/airflow/example_dags/example_latest_only.py took 0.892 seconds
[2023-01-03T04:11:47.359+0000] {processor.py:153} INFO - Started process (PID=353) to work on /home/airflow/.local/lib/python3.7/site-packages/airflow/example_dags/example_latest_only.py
[2023-01-03T04:11:47.364+0000] {processor.py:743} INFO - Processing file /home/airflow/.local/lib/python3.7/site-packages/airflow/example_dags/example_latest_only.py for tasks to queue
[2023-01-03T04:11:47.365+0000] {logging_mixin.py:137} INFO - [2023-01-03T04:11:47.365+0000] {dagbag.py:538} INFO - Filling up the DagBag from /home/airflow/.local/lib/python3.7/site-packages/airflow/example_dags/example_latest_only.py
[2023-01-03T04:11:47.441+0000] {processor.py:753} INFO - DAG(s) dict_keys(['latest_only']) retrieved from /home/airflow/.local/lib/python3.7/site-packages/airflow/example_dags/example_latest_only.py
[2023-01-03T04:11:47.608+0000] {logging_mixin.py:137} INFO - [2023-01-03T04:11:47.608+0000] {dag.py:2676} INFO - Sync 1 DAGs
[2023-01-03T04:11:47.666+0000] {logging_mixin.py:137} INFO - [2023-01-03T04:11:47.666+0000] {dag.py:3427} INFO - Setting next_dagrun for latest_only to 2023-01-03T00:11:47.666153+00:00, run_after=2023-01-03T04:11:47.666153+00:00
[2023-01-03T04:11:47.707+0000] {processor.py:175} INFO - Processing /home/airflow/.local/lib/python3.7/site-packages/airflow/example_dags/example_latest_only.py took 0.352 seconds
[2023-01-03T04:13:41.766+0000] {processor.py:153} INFO - Started process (PID=456) to work on /home/airflow/.local/lib/python3.7/site-packages/airflow/example_dags/example_latest_only.py
[2023-01-03T04:13:41.779+0000] {processor.py:743} INFO - Processing file /home/airflow/.local/lib/python3.7/site-packages/airflow/example_dags/example_latest_only.py for tasks to queue
[2023-01-03T04:13:41.785+0000] {logging_mixin.py:137} INFO - [2023-01-03T04:13:41.784+0000] {dagbag.py:538} INFO - Filling up the DagBag from /home/airflow/.local/lib/python3.7/site-packages/airflow/example_dags/example_latest_only.py
[2023-01-03T04:13:42.401+0000] {processor.py:753} INFO - DAG(s) dict_keys(['latest_only']) retrieved from /home/airflow/.local/lib/python3.7/site-packages/airflow/example_dags/example_latest_only.py
[2023-01-03T04:13:48.767+0000] {logging_mixin.py:137} INFO - [2023-01-03T04:13:48.763+0000] {dag.py:2676} INFO - Sync 1 DAGs
[2023-01-03T04:13:49.177+0000] {logging_mixin.py:137} INFO - [2023-01-03T04:13:49.177+0000] {dag.py:3427} INFO - Setting next_dagrun for latest_only to 2023-01-03T00:13:49.164572+00:00, run_after=2023-01-03T04:13:49.164572+00:00
[2023-01-03T04:13:49.637+0000] {processor.py:175} INFO - Processing /home/airflow/.local/lib/python3.7/site-packages/airflow/example_dags/example_latest_only.py took 7.920 seconds
