[2023-01-03T03:44:26.269+0000] {processor.py:153} INFO - Started process (PID=47) to work on /home/airflow/.local/lib/python3.7/site-packages/airflow/example_dags/example_task_group.py
[2023-01-03T03:44:26.280+0000] {processor.py:743} INFO - Processing file /home/airflow/.local/lib/python3.7/site-packages/airflow/example_dags/example_task_group.py for tasks to queue
[2023-01-03T03:44:26.281+0000] {logging_mixin.py:137} INFO - [2023-01-03T03:44:26.281+0000] {dagbag.py:538} INFO - Filling up the DagBag from /home/airflow/.local/lib/python3.7/site-packages/airflow/example_dags/example_task_group.py
[2023-01-03T03:44:26.332+0000] {processor.py:753} INFO - DAG(s) dict_keys(['example_task_group']) retrieved from /home/airflow/.local/lib/python3.7/site-packages/airflow/example_dags/example_task_group.py
[2023-01-03T03:44:26.406+0000] {logging_mixin.py:137} INFO - [2023-01-03T03:44:26.406+0000] {dag.py:2676} INFO - Sync 1 DAGs
[2023-01-03T03:44:26.438+0000] {logging_mixin.py:137} INFO - [2023-01-03T03:44:26.437+0000] {dag.py:3427} INFO - Setting next_dagrun for example_task_group to 2023-01-02T03:44:26.437644+00:00, run_after=2023-01-03T03:44:26.437644+00:00
[2023-01-03T03:44:26.459+0000] {processor.py:175} INFO - Processing /home/airflow/.local/lib/python3.7/site-packages/airflow/example_dags/example_task_group.py took 0.192 seconds
[2023-01-03T03:44:57.129+0000] {processor.py:153} INFO - Started process (PID=108) to work on /home/airflow/.local/lib/python3.7/site-packages/airflow/example_dags/example_task_group.py
[2023-01-03T03:44:57.134+0000] {processor.py:743} INFO - Processing file /home/airflow/.local/lib/python3.7/site-packages/airflow/example_dags/example_task_group.py for tasks to queue
[2023-01-03T03:44:57.137+0000] {logging_mixin.py:137} INFO - [2023-01-03T03:44:57.137+0000] {dagbag.py:538} INFO - Filling up the DagBag from /home/airflow/.local/lib/python3.7/site-packages/airflow/example_dags/example_task_group.py
[2023-01-03T03:44:57.170+0000] {processor.py:753} INFO - DAG(s) dict_keys(['example_task_group']) retrieved from /home/airflow/.local/lib/python3.7/site-packages/airflow/example_dags/example_task_group.py
[2023-01-03T03:44:57.240+0000] {logging_mixin.py:137} INFO - [2023-01-03T03:44:57.239+0000] {dag.py:2676} INFO - Sync 1 DAGs
[2023-01-03T03:44:57.287+0000] {logging_mixin.py:137} INFO - [2023-01-03T03:44:57.287+0000] {dag.py:3427} INFO - Setting next_dagrun for example_task_group to 2023-01-02T03:44:57.283286+00:00, run_after=2023-01-03T03:44:57.283286+00:00
[2023-01-03T03:44:57.324+0000] {processor.py:175} INFO - Processing /home/airflow/.local/lib/python3.7/site-packages/airflow/example_dags/example_task_group.py took 0.198 seconds
[2023-01-03T03:45:28.483+0000] {processor.py:153} INFO - Started process (PID=170) to work on /home/airflow/.local/lib/python3.7/site-packages/airflow/example_dags/example_task_group.py
[2023-01-03T03:45:28.516+0000] {processor.py:743} INFO - Processing file /home/airflow/.local/lib/python3.7/site-packages/airflow/example_dags/example_task_group.py for tasks to queue
[2023-01-03T03:45:28.518+0000] {logging_mixin.py:137} INFO - [2023-01-03T03:45:28.518+0000] {dagbag.py:538} INFO - Filling up the DagBag from /home/airflow/.local/lib/python3.7/site-packages/airflow/example_dags/example_task_group.py
[2023-01-03T03:45:28.558+0000] {processor.py:753} INFO - DAG(s) dict_keys(['example_task_group']) retrieved from /home/airflow/.local/lib/python3.7/site-packages/airflow/example_dags/example_task_group.py
[2023-01-03T03:45:28.673+0000] {logging_mixin.py:137} INFO - [2023-01-03T03:45:28.673+0000] {dag.py:2676} INFO - Sync 1 DAGs
[2023-01-03T03:45:28.779+0000] {logging_mixin.py:137} INFO - [2023-01-03T03:45:28.779+0000] {dag.py:3427} INFO - Setting next_dagrun for example_task_group to 2023-01-02T03:45:28.779527+00:00, run_after=2023-01-03T03:45:28.779527+00:00
[2023-01-03T03:45:28.820+0000] {processor.py:175} INFO - Processing /home/airflow/.local/lib/python3.7/site-packages/airflow/example_dags/example_task_group.py took 0.340 seconds
[2023-01-03T03:45:59.364+0000] {processor.py:153} INFO - Started process (PID=243) to work on /home/airflow/.local/lib/python3.7/site-packages/airflow/example_dags/example_task_group.py
[2023-01-03T03:45:59.368+0000] {processor.py:743} INFO - Processing file /home/airflow/.local/lib/python3.7/site-packages/airflow/example_dags/example_task_group.py for tasks to queue
[2023-01-03T03:45:59.369+0000] {logging_mixin.py:137} INFO - [2023-01-03T03:45:59.369+0000] {dagbag.py:538} INFO - Filling up the DagBag from /home/airflow/.local/lib/python3.7/site-packages/airflow/example_dags/example_task_group.py
[2023-01-03T03:45:59.411+0000] {processor.py:753} INFO - DAG(s) dict_keys(['example_task_group']) retrieved from /home/airflow/.local/lib/python3.7/site-packages/airflow/example_dags/example_task_group.py
[2023-01-03T03:45:59.458+0000] {logging_mixin.py:137} INFO - [2023-01-03T03:45:59.458+0000] {dag.py:2676} INFO - Sync 1 DAGs
[2023-01-03T03:45:59.476+0000] {logging_mixin.py:137} INFO - [2023-01-03T03:45:59.476+0000] {dag.py:3427} INFO - Setting next_dagrun for example_task_group to 2023-01-02T03:45:59.476553+00:00, run_after=2023-01-03T03:45:59.476553+00:00
[2023-01-03T03:45:59.489+0000] {processor.py:175} INFO - Processing /home/airflow/.local/lib/python3.7/site-packages/airflow/example_dags/example_task_group.py took 0.137 seconds
[2023-01-03T03:46:30.116+0000] {processor.py:153} INFO - Started process (PID=306) to work on /home/airflow/.local/lib/python3.7/site-packages/airflow/example_dags/example_task_group.py
[2023-01-03T03:46:30.122+0000] {processor.py:743} INFO - Processing file /home/airflow/.local/lib/python3.7/site-packages/airflow/example_dags/example_task_group.py for tasks to queue
[2023-01-03T03:46:30.128+0000] {logging_mixin.py:137} INFO - [2023-01-03T03:46:30.128+0000] {dagbag.py:538} INFO - Filling up the DagBag from /home/airflow/.local/lib/python3.7/site-packages/airflow/example_dags/example_task_group.py
[2023-01-03T03:46:30.182+0000] {processor.py:753} INFO - DAG(s) dict_keys(['example_task_group']) retrieved from /home/airflow/.local/lib/python3.7/site-packages/airflow/example_dags/example_task_group.py
[2023-01-03T03:46:30.279+0000] {logging_mixin.py:137} INFO - [2023-01-03T03:46:30.279+0000] {dag.py:2676} INFO - Sync 1 DAGs
[2023-01-03T03:46:30.348+0000] {logging_mixin.py:137} INFO - [2023-01-03T03:46:30.347+0000] {dag.py:3427} INFO - Setting next_dagrun for example_task_group to 2023-01-02T03:46:30.347667+00:00, run_after=2023-01-03T03:46:30.347667+00:00
[2023-01-03T03:46:30.389+0000] {processor.py:175} INFO - Processing /home/airflow/.local/lib/python3.7/site-packages/airflow/example_dags/example_task_group.py took 0.318 seconds
[2023-01-03T03:47:00.821+0000] {processor.py:153} INFO - Started process (PID=368) to work on /home/airflow/.local/lib/python3.7/site-packages/airflow/example_dags/example_task_group.py
[2023-01-03T03:47:00.831+0000] {processor.py:743} INFO - Processing file /home/airflow/.local/lib/python3.7/site-packages/airflow/example_dags/example_task_group.py for tasks to queue
[2023-01-03T03:47:00.840+0000] {logging_mixin.py:137} INFO - [2023-01-03T03:47:00.838+0000] {dagbag.py:538} INFO - Filling up the DagBag from /home/airflow/.local/lib/python3.7/site-packages/airflow/example_dags/example_task_group.py
[2023-01-03T03:47:00.932+0000] {processor.py:753} INFO - DAG(s) dict_keys(['example_task_group']) retrieved from /home/airflow/.local/lib/python3.7/site-packages/airflow/example_dags/example_task_group.py
[2023-01-03T03:47:01.253+0000] {logging_mixin.py:137} INFO - [2023-01-03T03:47:01.253+0000] {dag.py:2676} INFO - Sync 1 DAGs
[2023-01-03T03:47:01.471+0000] {logging_mixin.py:137} INFO - [2023-01-03T03:47:01.471+0000] {dag.py:3427} INFO - Setting next_dagrun for example_task_group to 2023-01-02T03:47:01.468250+00:00, run_after=2023-01-03T03:47:01.468250+00:00
[2023-01-03T03:47:01.552+0000] {processor.py:175} INFO - Processing /home/airflow/.local/lib/python3.7/site-packages/airflow/example_dags/example_task_group.py took 0.741 seconds
[2023-01-03T03:47:31.835+0000] {processor.py:153} INFO - Started process (PID=429) to work on /home/airflow/.local/lib/python3.7/site-packages/airflow/example_dags/example_task_group.py
[2023-01-03T03:47:31.838+0000] {processor.py:743} INFO - Processing file /home/airflow/.local/lib/python3.7/site-packages/airflow/example_dags/example_task_group.py for tasks to queue
[2023-01-03T03:47:31.849+0000] {logging_mixin.py:137} INFO - [2023-01-03T03:47:31.849+0000] {dagbag.py:538} INFO - Filling up the DagBag from /home/airflow/.local/lib/python3.7/site-packages/airflow/example_dags/example_task_group.py
[2023-01-03T03:47:31.899+0000] {processor.py:753} INFO - DAG(s) dict_keys(['example_task_group']) retrieved from /home/airflow/.local/lib/python3.7/site-packages/airflow/example_dags/example_task_group.py
[2023-01-03T03:47:32.011+0000] {logging_mixin.py:137} INFO - [2023-01-03T03:47:32.011+0000] {dag.py:2676} INFO - Sync 1 DAGs
[2023-01-03T03:47:32.044+0000] {logging_mixin.py:137} INFO - [2023-01-03T03:47:32.044+0000] {dag.py:3427} INFO - Setting next_dagrun for example_task_group to 2023-01-02T03:47:32.044188+00:00, run_after=2023-01-03T03:47:32.044188+00:00
[2023-01-03T03:47:32.075+0000] {processor.py:175} INFO - Processing /home/airflow/.local/lib/python3.7/site-packages/airflow/example_dags/example_task_group.py took 0.243 seconds
[2023-01-03T03:48:03.103+0000] {processor.py:153} INFO - Started process (PID=491) to work on /home/airflow/.local/lib/python3.7/site-packages/airflow/example_dags/example_task_group.py
[2023-01-03T03:48:03.115+0000] {processor.py:743} INFO - Processing file /home/airflow/.local/lib/python3.7/site-packages/airflow/example_dags/example_task_group.py for tasks to queue
[2023-01-03T03:48:03.219+0000] {logging_mixin.py:137} INFO - [2023-01-03T03:48:03.200+0000] {dagbag.py:538} INFO - Filling up the DagBag from /home/airflow/.local/lib/python3.7/site-packages/airflow/example_dags/example_task_group.py
[2023-01-03T03:48:04.058+0000] {processor.py:753} INFO - DAG(s) dict_keys(['example_task_group']) retrieved from /home/airflow/.local/lib/python3.7/site-packages/airflow/example_dags/example_task_group.py
[2023-01-03T03:48:04.509+0000] {logging_mixin.py:137} INFO - [2023-01-03T03:48:04.509+0000] {dag.py:2676} INFO - Sync 1 DAGs
[2023-01-03T03:48:04.805+0000] {logging_mixin.py:137} INFO - [2023-01-03T03:48:04.804+0000] {dag.py:3427} INFO - Setting next_dagrun for example_task_group to 2023-01-02T03:48:04.799604+00:00, run_after=2023-01-03T03:48:04.799604+00:00
[2023-01-03T03:48:04.964+0000] {processor.py:175} INFO - Processing /home/airflow/.local/lib/python3.7/site-packages/airflow/example_dags/example_task_group.py took 1.889 seconds
[2023-01-03T03:48:35.233+0000] {processor.py:153} INFO - Started process (PID=541) to work on /home/airflow/.local/lib/python3.7/site-packages/airflow/example_dags/example_task_group.py
[2023-01-03T03:48:35.237+0000] {processor.py:743} INFO - Processing file /home/airflow/.local/lib/python3.7/site-packages/airflow/example_dags/example_task_group.py for tasks to queue
[2023-01-03T03:48:35.238+0000] {logging_mixin.py:137} INFO - [2023-01-03T03:48:35.238+0000] {dagbag.py:538} INFO - Filling up the DagBag from /home/airflow/.local/lib/python3.7/site-packages/airflow/example_dags/example_task_group.py
[2023-01-03T03:48:35.261+0000] {processor.py:753} INFO - DAG(s) dict_keys(['example_task_group']) retrieved from /home/airflow/.local/lib/python3.7/site-packages/airflow/example_dags/example_task_group.py
[2023-01-03T03:48:35.329+0000] {logging_mixin.py:137} INFO - [2023-01-03T03:48:35.329+0000] {dag.py:2676} INFO - Sync 1 DAGs
[2023-01-03T03:48:35.360+0000] {logging_mixin.py:137} INFO - [2023-01-03T03:48:35.360+0000] {dag.py:3427} INFO - Setting next_dagrun for example_task_group to 2023-01-02T03:48:35.360034+00:00, run_after=2023-01-03T03:48:35.360034+00:00
[2023-01-03T03:48:35.380+0000] {processor.py:175} INFO - Processing /home/airflow/.local/lib/python3.7/site-packages/airflow/example_dags/example_task_group.py took 0.149 seconds
[2023-01-03T03:49:05.820+0000] {processor.py:153} INFO - Started process (PID=615) to work on /home/airflow/.local/lib/python3.7/site-packages/airflow/example_dags/example_task_group.py
[2023-01-03T03:49:05.835+0000] {processor.py:743} INFO - Processing file /home/airflow/.local/lib/python3.7/site-packages/airflow/example_dags/example_task_group.py for tasks to queue
[2023-01-03T03:49:05.836+0000] {logging_mixin.py:137} INFO - [2023-01-03T03:49:05.836+0000] {dagbag.py:538} INFO - Filling up the DagBag from /home/airflow/.local/lib/python3.7/site-packages/airflow/example_dags/example_task_group.py
[2023-01-03T03:49:05.947+0000] {processor.py:753} INFO - DAG(s) dict_keys(['example_task_group']) retrieved from /home/airflow/.local/lib/python3.7/site-packages/airflow/example_dags/example_task_group.py
[2023-01-03T03:49:06.196+0000] {logging_mixin.py:137} INFO - [2023-01-03T03:49:06.196+0000] {dag.py:2676} INFO - Sync 1 DAGs
[2023-01-03T03:49:06.327+0000] {logging_mixin.py:137} INFO - [2023-01-03T03:49:06.327+0000] {dag.py:3427} INFO - Setting next_dagrun for example_task_group to 2023-01-02T03:49:06.326734+00:00, run_after=2023-01-03T03:49:06.326734+00:00
[2023-01-03T03:49:06.400+0000] {processor.py:175} INFO - Processing /home/airflow/.local/lib/python3.7/site-packages/airflow/example_dags/example_task_group.py took 0.590 seconds
[2023-01-03T03:49:37.422+0000] {processor.py:153} INFO - Started process (PID=677) to work on /home/airflow/.local/lib/python3.7/site-packages/airflow/example_dags/example_task_group.py
[2023-01-03T03:49:37.429+0000] {processor.py:743} INFO - Processing file /home/airflow/.local/lib/python3.7/site-packages/airflow/example_dags/example_task_group.py for tasks to queue
[2023-01-03T03:49:37.432+0000] {logging_mixin.py:137} INFO - [2023-01-03T03:49:37.432+0000] {dagbag.py:538} INFO - Filling up the DagBag from /home/airflow/.local/lib/python3.7/site-packages/airflow/example_dags/example_task_group.py
[2023-01-03T03:49:37.483+0000] {processor.py:753} INFO - DAG(s) dict_keys(['example_task_group']) retrieved from /home/airflow/.local/lib/python3.7/site-packages/airflow/example_dags/example_task_group.py
[2023-01-03T03:49:37.570+0000] {logging_mixin.py:137} INFO - [2023-01-03T03:49:37.570+0000] {dag.py:2676} INFO - Sync 1 DAGs
[2023-01-03T03:49:37.626+0000] {logging_mixin.py:137} INFO - [2023-01-03T03:49:37.625+0000] {dag.py:3427} INFO - Setting next_dagrun for example_task_group to 2023-01-02T03:49:37.620357+00:00, run_after=2023-01-03T03:49:37.620357+00:00
[2023-01-03T03:49:37.651+0000] {processor.py:175} INFO - Processing /home/airflow/.local/lib/python3.7/site-packages/airflow/example_dags/example_task_group.py took 0.232 seconds
[2023-01-03T03:50:08.214+0000] {processor.py:153} INFO - Started process (PID=739) to work on /home/airflow/.local/lib/python3.7/site-packages/airflow/example_dags/example_task_group.py
[2023-01-03T03:50:08.219+0000] {processor.py:743} INFO - Processing file /home/airflow/.local/lib/python3.7/site-packages/airflow/example_dags/example_task_group.py for tasks to queue
[2023-01-03T03:50:08.222+0000] {logging_mixin.py:137} INFO - [2023-01-03T03:50:08.222+0000] {dagbag.py:538} INFO - Filling up the DagBag from /home/airflow/.local/lib/python3.7/site-packages/airflow/example_dags/example_task_group.py
[2023-01-03T03:50:08.295+0000] {processor.py:753} INFO - DAG(s) dict_keys(['example_task_group']) retrieved from /home/airflow/.local/lib/python3.7/site-packages/airflow/example_dags/example_task_group.py
[2023-01-03T03:50:08.436+0000] {logging_mixin.py:137} INFO - [2023-01-03T03:50:08.436+0000] {dag.py:2676} INFO - Sync 1 DAGs
[2023-01-03T03:50:08.515+0000] {logging_mixin.py:137} INFO - [2023-01-03T03:50:08.514+0000] {dag.py:3427} INFO - Setting next_dagrun for example_task_group to 2023-01-02T03:50:08.513915+00:00, run_after=2023-01-03T03:50:08.513915+00:00
[2023-01-03T03:50:08.563+0000] {processor.py:175} INFO - Processing /home/airflow/.local/lib/python3.7/site-packages/airflow/example_dags/example_task_group.py took 0.352 seconds
[2023-01-03T03:50:38.906+0000] {processor.py:153} INFO - Started process (PID=801) to work on /home/airflow/.local/lib/python3.7/site-packages/airflow/example_dags/example_task_group.py
[2023-01-03T03:50:38.907+0000] {processor.py:743} INFO - Processing file /home/airflow/.local/lib/python3.7/site-packages/airflow/example_dags/example_task_group.py for tasks to queue
[2023-01-03T03:50:38.909+0000] {logging_mixin.py:137} INFO - [2023-01-03T03:50:38.909+0000] {dagbag.py:538} INFO - Filling up the DagBag from /home/airflow/.local/lib/python3.7/site-packages/airflow/example_dags/example_task_group.py
[2023-01-03T03:50:39.103+0000] {processor.py:753} INFO - DAG(s) dict_keys(['example_task_group']) retrieved from /home/airflow/.local/lib/python3.7/site-packages/airflow/example_dags/example_task_group.py
[2023-01-03T03:50:39.440+0000] {logging_mixin.py:137} INFO - [2023-01-03T03:50:39.440+0000] {dag.py:2676} INFO - Sync 1 DAGs
[2023-01-03T03:50:39.556+0000] {logging_mixin.py:137} INFO - [2023-01-03T03:50:39.555+0000] {dag.py:3427} INFO - Setting next_dagrun for example_task_group to 2023-01-02T03:50:39.555652+00:00, run_after=2023-01-03T03:50:39.555652+00:00
[2023-01-03T03:50:39.654+0000] {processor.py:175} INFO - Processing /home/airflow/.local/lib/python3.7/site-packages/airflow/example_dags/example_task_group.py took 0.765 seconds
[2023-01-03T03:51:10.106+0000] {processor.py:153} INFO - Started process (PID=864) to work on /home/airflow/.local/lib/python3.7/site-packages/airflow/example_dags/example_task_group.py
[2023-01-03T03:51:10.112+0000] {processor.py:743} INFO - Processing file /home/airflow/.local/lib/python3.7/site-packages/airflow/example_dags/example_task_group.py for tasks to queue
[2023-01-03T03:51:10.113+0000] {logging_mixin.py:137} INFO - [2023-01-03T03:51:10.113+0000] {dagbag.py:538} INFO - Filling up the DagBag from /home/airflow/.local/lib/python3.7/site-packages/airflow/example_dags/example_task_group.py
[2023-01-03T03:51:10.184+0000] {processor.py:753} INFO - DAG(s) dict_keys(['example_task_group']) retrieved from /home/airflow/.local/lib/python3.7/site-packages/airflow/example_dags/example_task_group.py
[2023-01-03T03:51:10.316+0000] {logging_mixin.py:137} INFO - [2023-01-03T03:51:10.316+0000] {dag.py:2676} INFO - Sync 1 DAGs
[2023-01-03T03:51:10.470+0000] {logging_mixin.py:137} INFO - [2023-01-03T03:51:10.469+0000] {dag.py:3427} INFO - Setting next_dagrun for example_task_group to 2023-01-02T03:51:10.469541+00:00, run_after=2023-01-03T03:51:10.469541+00:00
[2023-01-03T03:51:10.507+0000] {processor.py:175} INFO - Processing /home/airflow/.local/lib/python3.7/site-packages/airflow/example_dags/example_task_group.py took 0.404 seconds
[2023-01-03T03:51:40.981+0000] {processor.py:153} INFO - Started process (PID=926) to work on /home/airflow/.local/lib/python3.7/site-packages/airflow/example_dags/example_task_group.py
[2023-01-03T03:51:40.989+0000] {processor.py:743} INFO - Processing file /home/airflow/.local/lib/python3.7/site-packages/airflow/example_dags/example_task_group.py for tasks to queue
[2023-01-03T03:51:40.993+0000] {logging_mixin.py:137} INFO - [2023-01-03T03:51:40.992+0000] {dagbag.py:538} INFO - Filling up the DagBag from /home/airflow/.local/lib/python3.7/site-packages/airflow/example_dags/example_task_group.py
[2023-01-03T03:51:41.094+0000] {processor.py:753} INFO - DAG(s) dict_keys(['example_task_group']) retrieved from /home/airflow/.local/lib/python3.7/site-packages/airflow/example_dags/example_task_group.py
[2023-01-03T03:51:41.240+0000] {logging_mixin.py:137} INFO - [2023-01-03T03:51:41.236+0000] {dag.py:2676} INFO - Sync 1 DAGs
[2023-01-03T03:51:41.320+0000] {logging_mixin.py:137} INFO - [2023-01-03T03:51:41.320+0000] {dag.py:3427} INFO - Setting next_dagrun for example_task_group to 2023-01-02T03:51:41.319490+00:00, run_after=2023-01-03T03:51:41.319490+00:00
[2023-01-03T03:51:41.366+0000] {processor.py:175} INFO - Processing /home/airflow/.local/lib/python3.7/site-packages/airflow/example_dags/example_task_group.py took 0.387 seconds
[2023-01-03T03:52:12.354+0000] {processor.py:153} INFO - Started process (PID=987) to work on /home/airflow/.local/lib/python3.7/site-packages/airflow/example_dags/example_task_group.py
[2023-01-03T03:52:12.355+0000] {processor.py:743} INFO - Processing file /home/airflow/.local/lib/python3.7/site-packages/airflow/example_dags/example_task_group.py for tasks to queue
[2023-01-03T03:52:12.368+0000] {logging_mixin.py:137} INFO - [2023-01-03T03:52:12.368+0000] {dagbag.py:538} INFO - Filling up the DagBag from /home/airflow/.local/lib/python3.7/site-packages/airflow/example_dags/example_task_group.py
[2023-01-03T03:52:12.469+0000] {processor.py:753} INFO - DAG(s) dict_keys(['example_task_group']) retrieved from /home/airflow/.local/lib/python3.7/site-packages/airflow/example_dags/example_task_group.py
[2023-01-03T03:52:12.632+0000] {logging_mixin.py:137} INFO - [2023-01-03T03:52:12.632+0000] {dag.py:2676} INFO - Sync 1 DAGs
[2023-01-03T03:52:12.715+0000] {logging_mixin.py:137} INFO - [2023-01-03T03:52:12.715+0000] {dag.py:3427} INFO - Setting next_dagrun for example_task_group to 2023-01-02T03:52:12.715270+00:00, run_after=2023-01-03T03:52:12.715270+00:00
[2023-01-03T03:52:12.788+0000] {processor.py:175} INFO - Processing /home/airflow/.local/lib/python3.7/site-packages/airflow/example_dags/example_task_group.py took 0.473 seconds
[2023-01-03T03:52:43.417+0000] {processor.py:153} INFO - Started process (PID=1051) to work on /home/airflow/.local/lib/python3.7/site-packages/airflow/example_dags/example_task_group.py
[2023-01-03T03:52:43.465+0000] {processor.py:743} INFO - Processing file /home/airflow/.local/lib/python3.7/site-packages/airflow/example_dags/example_task_group.py for tasks to queue
[2023-01-03T03:52:43.475+0000] {logging_mixin.py:137} INFO - [2023-01-03T03:52:43.475+0000] {dagbag.py:538} INFO - Filling up the DagBag from /home/airflow/.local/lib/python3.7/site-packages/airflow/example_dags/example_task_group.py
[2023-01-03T03:52:46.739+0000] {processor.py:753} INFO - DAG(s) dict_keys(['example_task_group']) retrieved from /home/airflow/.local/lib/python3.7/site-packages/airflow/example_dags/example_task_group.py
[2023-01-03T03:52:54.299+0000] {logging_mixin.py:137} INFO - [2023-01-03T03:52:54.299+0000] {dag.py:2676} INFO - Sync 1 DAGs
[2023-01-03T03:52:54.342+0000] {logging_mixin.py:137} INFO - [2023-01-03T03:52:54.342+0000] {dag.py:3427} INFO - Setting next_dagrun for example_task_group to 2023-01-02T03:52:54.338806+00:00, run_after=2023-01-03T03:52:54.338806+00:00
[2023-01-03T03:52:54.374+0000] {processor.py:175} INFO - Processing /home/airflow/.local/lib/python3.7/site-packages/airflow/example_dags/example_task_group.py took 11.089 seconds
[2023-01-03T03:53:42.926+0000] {processor.py:153} INFO - Started process (PID=1102) to work on /home/airflow/.local/lib/python3.7/site-packages/airflow/example_dags/example_task_group.py
[2023-01-03T03:53:42.933+0000] {processor.py:743} INFO - Processing file /home/airflow/.local/lib/python3.7/site-packages/airflow/example_dags/example_task_group.py for tasks to queue
[2023-01-03T03:53:42.934+0000] {logging_mixin.py:137} INFO - [2023-01-03T03:53:42.934+0000] {dagbag.py:538} INFO - Filling up the DagBag from /home/airflow/.local/lib/python3.7/site-packages/airflow/example_dags/example_task_group.py
[2023-01-03T03:53:43.073+0000] {processor.py:753} INFO - DAG(s) dict_keys(['example_task_group']) retrieved from /home/airflow/.local/lib/python3.7/site-packages/airflow/example_dags/example_task_group.py
[2023-01-03T03:53:43.264+0000] {logging_mixin.py:137} INFO - [2023-01-03T03:53:43.264+0000] {dag.py:2676} INFO - Sync 1 DAGs
[2023-01-03T03:53:43.351+0000] {logging_mixin.py:137} INFO - [2023-01-03T03:53:43.351+0000] {dag.py:3427} INFO - Setting next_dagrun for example_task_group to 2023-01-02T03:53:43.350742+00:00, run_after=2023-01-03T03:53:43.350742+00:00
[2023-01-03T03:53:43.416+0000] {processor.py:175} INFO - Processing /home/airflow/.local/lib/python3.7/site-packages/airflow/example_dags/example_task_group.py took 0.504 seconds
[2023-01-03T03:54:13.578+0000] {processor.py:153} INFO - Started process (PID=1161) to work on /home/airflow/.local/lib/python3.7/site-packages/airflow/example_dags/example_task_group.py
[2023-01-03T03:54:13.588+0000] {processor.py:743} INFO - Processing file /home/airflow/.local/lib/python3.7/site-packages/airflow/example_dags/example_task_group.py for tasks to queue
[2023-01-03T03:54:13.595+0000] {logging_mixin.py:137} INFO - [2023-01-03T03:54:13.595+0000] {dagbag.py:538} INFO - Filling up the DagBag from /home/airflow/.local/lib/python3.7/site-packages/airflow/example_dags/example_task_group.py
[2023-01-03T03:54:13.731+0000] {processor.py:753} INFO - DAG(s) dict_keys(['example_task_group']) retrieved from /home/airflow/.local/lib/python3.7/site-packages/airflow/example_dags/example_task_group.py
[2023-01-03T03:54:14.076+0000] {logging_mixin.py:137} INFO - [2023-01-03T03:54:14.075+0000] {dag.py:2676} INFO - Sync 1 DAGs
[2023-01-03T03:54:14.243+0000] {logging_mixin.py:137} INFO - [2023-01-03T03:54:14.243+0000] {dag.py:3427} INFO - Setting next_dagrun for example_task_group to 2023-01-02T03:54:14.243233+00:00, run_after=2023-01-03T03:54:14.243233+00:00
[2023-01-03T03:54:14.363+0000] {processor.py:175} INFO - Processing /home/airflow/.local/lib/python3.7/site-packages/airflow/example_dags/example_task_group.py took 0.804 seconds
[2023-01-03T03:54:44.975+0000] {processor.py:153} INFO - Started process (PID=1223) to work on /home/airflow/.local/lib/python3.7/site-packages/airflow/example_dags/example_task_group.py
[2023-01-03T03:54:44.976+0000] {processor.py:743} INFO - Processing file /home/airflow/.local/lib/python3.7/site-packages/airflow/example_dags/example_task_group.py for tasks to queue
[2023-01-03T03:54:44.978+0000] {logging_mixin.py:137} INFO - [2023-01-03T03:54:44.977+0000] {dagbag.py:538} INFO - Filling up the DagBag from /home/airflow/.local/lib/python3.7/site-packages/airflow/example_dags/example_task_group.py
[2023-01-03T03:54:45.030+0000] {processor.py:753} INFO - DAG(s) dict_keys(['example_task_group']) retrieved from /home/airflow/.local/lib/python3.7/site-packages/airflow/example_dags/example_task_group.py
[2023-01-03T03:54:45.137+0000] {logging_mixin.py:137} INFO - [2023-01-03T03:54:45.137+0000] {dag.py:2676} INFO - Sync 1 DAGs
[2023-01-03T03:54:45.184+0000] {logging_mixin.py:137} INFO - [2023-01-03T03:54:45.184+0000] {dag.py:3427} INFO - Setting next_dagrun for example_task_group to 2023-01-02T03:54:45.183904+00:00, run_after=2023-01-03T03:54:45.183904+00:00
[2023-01-03T03:54:45.236+0000] {processor.py:175} INFO - Processing /home/airflow/.local/lib/python3.7/site-packages/airflow/example_dags/example_task_group.py took 0.265 seconds
[2023-01-03T03:55:27.999+0000] {processor.py:153} INFO - Started process (PID=1263) to work on /home/airflow/.local/lib/python3.7/site-packages/airflow/example_dags/example_task_group.py
[2023-01-03T03:55:28.015+0000] {processor.py:743} INFO - Processing file /home/airflow/.local/lib/python3.7/site-packages/airflow/example_dags/example_task_group.py for tasks to queue
[2023-01-03T03:55:28.031+0000] {logging_mixin.py:137} INFO - [2023-01-03T03:55:28.029+0000] {dagbag.py:538} INFO - Filling up the DagBag from /home/airflow/.local/lib/python3.7/site-packages/airflow/example_dags/example_task_group.py
[2023-01-03T03:55:30.034+0000] {processor.py:753} INFO - DAG(s) dict_keys(['example_task_group']) retrieved from /home/airflow/.local/lib/python3.7/site-packages/airflow/example_dags/example_task_group.py
[2023-01-03T03:55:44.346+0000] {logging_mixin.py:137} INFO - [2023-01-03T03:55:44.331+0000] {dag.py:2676} INFO - Sync 1 DAGs
[2023-01-03T03:55:53.342+0000] {logging_mixin.py:137} INFO - [2023-01-03T03:55:53.283+0000] {dag.py:3427} INFO - Setting next_dagrun for example_task_group to 2023-01-02T03:55:53.185528+00:00, run_after=2023-01-03T03:55:53.185528+00:00
[2023-01-03T03:55:54.473+0000] {processor.py:175} INFO - Processing /home/airflow/.local/lib/python3.7/site-packages/airflow/example_dags/example_task_group.py took 26.538 seconds
[2023-01-03T04:00:17.913+0000] {processor.py:153} INFO - Started process (PID=56) to work on /home/airflow/.local/lib/python3.7/site-packages/airflow/example_dags/example_task_group.py
[2023-01-03T04:00:17.918+0000] {processor.py:743} INFO - Processing file /home/airflow/.local/lib/python3.7/site-packages/airflow/example_dags/example_task_group.py for tasks to queue
[2023-01-03T04:00:17.923+0000] {logging_mixin.py:137} INFO - [2023-01-03T04:00:17.923+0000] {dagbag.py:538} INFO - Filling up the DagBag from /home/airflow/.local/lib/python3.7/site-packages/airflow/example_dags/example_task_group.py
[2023-01-03T04:00:18.098+0000] {processor.py:753} INFO - DAG(s) dict_keys(['example_task_group']) retrieved from /home/airflow/.local/lib/python3.7/site-packages/airflow/example_dags/example_task_group.py
[2023-01-03T04:00:18.618+0000] {logging_mixin.py:137} INFO - [2023-01-03T04:00:18.617+0000] {dag.py:2676} INFO - Sync 1 DAGs
[2023-01-03T04:00:18.763+0000] {logging_mixin.py:137} INFO - [2023-01-03T04:00:18.763+0000] {dag.py:3427} INFO - Setting next_dagrun for example_task_group to 2023-01-02T04:00:18.762167+00:00, run_after=2023-01-03T04:00:18.762167+00:00
[2023-01-03T04:00:18.870+0000] {processor.py:175} INFO - Processing /home/airflow/.local/lib/python3.7/site-packages/airflow/example_dags/example_task_group.py took 0.974 seconds
[2023-01-03T04:02:14.333+0000] {processor.py:153} INFO - Started process (PID=93) to work on /home/airflow/.local/lib/python3.7/site-packages/airflow/example_dags/example_task_group.py
[2023-01-03T04:02:14.386+0000] {processor.py:743} INFO - Processing file /home/airflow/.local/lib/python3.7/site-packages/airflow/example_dags/example_task_group.py for tasks to queue
[2023-01-03T04:02:14.394+0000] {logging_mixin.py:137} INFO - [2023-01-03T04:02:14.394+0000] {dagbag.py:538} INFO - Filling up the DagBag from /home/airflow/.local/lib/python3.7/site-packages/airflow/example_dags/example_task_group.py
[2023-01-03T04:02:15.474+0000] {processor.py:753} INFO - DAG(s) dict_keys(['example_task_group']) retrieved from /home/airflow/.local/lib/python3.7/site-packages/airflow/example_dags/example_task_group.py
[2023-01-03T04:02:27.083+0000] {logging_mixin.py:137} INFO - [2023-01-03T04:02:27.069+0000] {dag.py:2676} INFO - Sync 1 DAGs
[2023-01-03T04:02:36.823+0000] {logging_mixin.py:137} INFO - [2023-01-03T04:02:36.761+0000] {dag.py:3427} INFO - Setting next_dagrun for example_task_group to 2023-01-02T04:02:36.715548+00:00, run_after=2023-01-03T04:02:36.715548+00:00
[2023-01-03T04:02:37.750+0000] {processor.py:175} INFO - Processing /home/airflow/.local/lib/python3.7/site-packages/airflow/example_dags/example_task_group.py took 23.992 seconds
[2023-01-03T04:06:18.161+0000] {processor.py:153} INFO - Started process (PID=74) to work on /home/airflow/.local/lib/python3.7/site-packages/airflow/example_dags/example_task_group.py
[2023-01-03T04:06:18.284+0000] {processor.py:743} INFO - Processing file /home/airflow/.local/lib/python3.7/site-packages/airflow/example_dags/example_task_group.py for tasks to queue
[2023-01-03T04:06:18.291+0000] {logging_mixin.py:137} INFO - [2023-01-03T04:06:18.291+0000] {dagbag.py:538} INFO - Filling up the DagBag from /home/airflow/.local/lib/python3.7/site-packages/airflow/example_dags/example_task_group.py
[2023-01-03T04:06:18.924+0000] {processor.py:753} INFO - DAG(s) dict_keys(['example_task_group']) retrieved from /home/airflow/.local/lib/python3.7/site-packages/airflow/example_dags/example_task_group.py
[2023-01-03T04:06:20.129+0000] {logging_mixin.py:137} INFO - [2023-01-03T04:06:20.129+0000] {dag.py:2676} INFO - Sync 1 DAGs
[2023-01-03T04:06:21.001+0000] {logging_mixin.py:137} INFO - [2023-01-03T04:06:21.001+0000] {dag.py:3427} INFO - Setting next_dagrun for example_task_group to 2023-01-02T04:06:20.965431+00:00, run_after=2023-01-03T04:06:20.965431+00:00
[2023-01-03T04:06:21.707+0000] {processor.py:175} INFO - Processing /home/airflow/.local/lib/python3.7/site-packages/airflow/example_dags/example_task_group.py took 3.605 seconds
[2023-01-03T04:07:30.227+0000] {processor.py:153} INFO - Started process (PID=56) to work on /home/airflow/.local/lib/python3.7/site-packages/airflow/example_dags/example_task_group.py
[2023-01-03T04:07:30.273+0000] {processor.py:743} INFO - Processing file /home/airflow/.local/lib/python3.7/site-packages/airflow/example_dags/example_task_group.py for tasks to queue
[2023-01-03T04:07:30.283+0000] {logging_mixin.py:137} INFO - [2023-01-03T04:07:30.282+0000] {dagbag.py:538} INFO - Filling up the DagBag from /home/airflow/.local/lib/python3.7/site-packages/airflow/example_dags/example_task_group.py
[2023-01-03T04:07:30.645+0000] {processor.py:753} INFO - DAG(s) dict_keys(['example_task_group']) retrieved from /home/airflow/.local/lib/python3.7/site-packages/airflow/example_dags/example_task_group.py
[2023-01-03T04:07:31.355+0000] {logging_mixin.py:137} INFO - [2023-01-03T04:07:31.355+0000] {dag.py:2676} INFO - Sync 1 DAGs
[2023-01-03T04:07:31.749+0000] {logging_mixin.py:137} INFO - [2023-01-03T04:07:31.749+0000] {dag.py:3427} INFO - Setting next_dagrun for example_task_group to 2023-01-02T04:07:31.748403+00:00, run_after=2023-01-03T04:07:31.748403+00:00
[2023-01-03T04:07:32.031+0000] {processor.py:175} INFO - Processing /home/airflow/.local/lib/python3.7/site-packages/airflow/example_dags/example_task_group.py took 1.814 seconds
[2023-01-03T04:09:19.923+0000] {processor.py:153} INFO - Started process (PID=79) to work on /home/airflow/.local/lib/python3.7/site-packages/airflow/example_dags/example_task_group.py
[2023-01-03T04:09:19.924+0000] {processor.py:743} INFO - Processing file /home/airflow/.local/lib/python3.7/site-packages/airflow/example_dags/example_task_group.py for tasks to queue
[2023-01-03T04:09:19.930+0000] {logging_mixin.py:137} INFO - [2023-01-03T04:09:19.930+0000] {dagbag.py:538} INFO - Filling up the DagBag from /home/airflow/.local/lib/python3.7/site-packages/airflow/example_dags/example_task_group.py
[2023-01-03T04:09:20.077+0000] {processor.py:753} INFO - DAG(s) dict_keys(['example_task_group']) retrieved from /home/airflow/.local/lib/python3.7/site-packages/airflow/example_dags/example_task_group.py
[2023-01-03T04:09:20.345+0000] {logging_mixin.py:137} INFO - [2023-01-03T04:09:20.341+0000] {dag.py:2676} INFO - Sync 1 DAGs
[2023-01-03T04:09:20.524+0000] {logging_mixin.py:137} INFO - [2023-01-03T04:09:20.524+0000] {dag.py:3427} INFO - Setting next_dagrun for example_task_group to 2023-01-02T04:09:20.521988+00:00, run_after=2023-01-03T04:09:20.521988+00:00
[2023-01-03T04:09:20.652+0000] {processor.py:175} INFO - Processing /home/airflow/.local/lib/python3.7/site-packages/airflow/example_dags/example_task_group.py took 0.808 seconds
[2023-01-03T04:09:51.111+0000] {processor.py:153} INFO - Started process (PID=144) to work on /home/airflow/.local/lib/python3.7/site-packages/airflow/example_dags/example_task_group.py
[2023-01-03T04:09:51.119+0000] {processor.py:743} INFO - Processing file /home/airflow/.local/lib/python3.7/site-packages/airflow/example_dags/example_task_group.py for tasks to queue
[2023-01-03T04:09:51.125+0000] {logging_mixin.py:137} INFO - [2023-01-03T04:09:51.125+0000] {dagbag.py:538} INFO - Filling up the DagBag from /home/airflow/.local/lib/python3.7/site-packages/airflow/example_dags/example_task_group.py
[2023-01-03T04:09:51.201+0000] {processor.py:753} INFO - DAG(s) dict_keys(['example_task_group']) retrieved from /home/airflow/.local/lib/python3.7/site-packages/airflow/example_dags/example_task_group.py
[2023-01-03T04:09:51.432+0000] {logging_mixin.py:137} INFO - [2023-01-03T04:09:51.432+0000] {dag.py:2676} INFO - Sync 1 DAGs
[2023-01-03T04:09:51.501+0000] {logging_mixin.py:137} INFO - [2023-01-03T04:09:51.501+0000] {dag.py:3427} INFO - Setting next_dagrun for example_task_group to 2023-01-02T04:09:51.500600+00:00, run_after=2023-01-03T04:09:51.500600+00:00
[2023-01-03T04:09:51.563+0000] {processor.py:175} INFO - Processing /home/airflow/.local/lib/python3.7/site-packages/airflow/example_dags/example_task_group.py took 0.475 seconds
[2023-01-03T04:10:23.057+0000] {processor.py:153} INFO - Started process (PID=206) to work on /home/airflow/.local/lib/python3.7/site-packages/airflow/example_dags/example_task_group.py
[2023-01-03T04:10:23.070+0000] {processor.py:743} INFO - Processing file /home/airflow/.local/lib/python3.7/site-packages/airflow/example_dags/example_task_group.py for tasks to queue
[2023-01-03T04:10:23.074+0000] {logging_mixin.py:137} INFO - [2023-01-03T04:10:23.074+0000] {dagbag.py:538} INFO - Filling up the DagBag from /home/airflow/.local/lib/python3.7/site-packages/airflow/example_dags/example_task_group.py
[2023-01-03T04:10:23.360+0000] {processor.py:753} INFO - DAG(s) dict_keys(['example_task_group']) retrieved from /home/airflow/.local/lib/python3.7/site-packages/airflow/example_dags/example_task_group.py
[2023-01-03T04:10:23.886+0000] {logging_mixin.py:137} INFO - [2023-01-03T04:10:23.885+0000] {dag.py:2676} INFO - Sync 1 DAGs
[2023-01-03T04:10:24.263+0000] {logging_mixin.py:137} INFO - [2023-01-03T04:10:24.263+0000] {dag.py:3427} INFO - Setting next_dagrun for example_task_group to 2023-01-02T04:10:24.239488+00:00, run_after=2023-01-03T04:10:24.239488+00:00
[2023-01-03T04:10:24.448+0000] {processor.py:175} INFO - Processing /home/airflow/.local/lib/python3.7/site-packages/airflow/example_dags/example_task_group.py took 1.448 seconds
[2023-01-03T04:10:55.172+0000] {processor.py:153} INFO - Started process (PID=256) to work on /home/airflow/.local/lib/python3.7/site-packages/airflow/example_dags/example_task_group.py
[2023-01-03T04:10:55.183+0000] {processor.py:743} INFO - Processing file /home/airflow/.local/lib/python3.7/site-packages/airflow/example_dags/example_task_group.py for tasks to queue
[2023-01-03T04:10:55.186+0000] {logging_mixin.py:137} INFO - [2023-01-03T04:10:55.185+0000] {dagbag.py:538} INFO - Filling up the DagBag from /home/airflow/.local/lib/python3.7/site-packages/airflow/example_dags/example_task_group.py
[2023-01-03T04:10:55.234+0000] {processor.py:753} INFO - DAG(s) dict_keys(['example_task_group']) retrieved from /home/airflow/.local/lib/python3.7/site-packages/airflow/example_dags/example_task_group.py
[2023-01-03T04:10:55.325+0000] {logging_mixin.py:137} INFO - [2023-01-03T04:10:55.325+0000] {dag.py:2676} INFO - Sync 1 DAGs
[2023-01-03T04:10:55.500+0000] {logging_mixin.py:137} INFO - [2023-01-03T04:10:55.500+0000] {dag.py:3427} INFO - Setting next_dagrun for example_task_group to 2023-01-02T04:10:55.499855+00:00, run_after=2023-01-03T04:10:55.499855+00:00
[2023-01-03T04:10:55.583+0000] {processor.py:175} INFO - Processing /home/airflow/.local/lib/python3.7/site-packages/airflow/example_dags/example_task_group.py took 0.416 seconds
[2023-01-03T04:11:33.150+0000] {processor.py:153} INFO - Started process (PID=307) to work on /home/airflow/.local/lib/python3.7/site-packages/airflow/example_dags/example_task_group.py
[2023-01-03T04:11:33.166+0000] {processor.py:743} INFO - Processing file /home/airflow/.local/lib/python3.7/site-packages/airflow/example_dags/example_task_group.py for tasks to queue
[2023-01-03T04:11:33.182+0000] {logging_mixin.py:137} INFO - [2023-01-03T04:11:33.182+0000] {dagbag.py:538} INFO - Filling up the DagBag from /home/airflow/.local/lib/python3.7/site-packages/airflow/example_dags/example_task_group.py
[2023-01-03T04:11:33.346+0000] {processor.py:753} INFO - DAG(s) dict_keys(['example_task_group']) retrieved from /home/airflow/.local/lib/python3.7/site-packages/airflow/example_dags/example_task_group.py
[2023-01-03T04:11:33.593+0000] {logging_mixin.py:137} INFO - [2023-01-03T04:11:33.592+0000] {dag.py:2676} INFO - Sync 1 DAGs
[2023-01-03T04:11:33.649+0000] {logging_mixin.py:137} INFO - [2023-01-03T04:11:33.649+0000] {dag.py:3427} INFO - Setting next_dagrun for example_task_group to 2023-01-02T04:11:33.649408+00:00, run_after=2023-01-03T04:11:33.649408+00:00
[2023-01-03T04:11:33.682+0000] {processor.py:175} INFO - Processing /home/airflow/.local/lib/python3.7/site-packages/airflow/example_dags/example_task_group.py took 0.536 seconds
[2023-01-03T04:12:04.746+0000] {processor.py:153} INFO - Started process (PID=373) to work on /home/airflow/.local/lib/python3.7/site-packages/airflow/example_dags/example_task_group.py
[2023-01-03T04:12:04.752+0000] {processor.py:743} INFO - Processing file /home/airflow/.local/lib/python3.7/site-packages/airflow/example_dags/example_task_group.py for tasks to queue
[2023-01-03T04:12:04.755+0000] {logging_mixin.py:137} INFO - [2023-01-03T04:12:04.755+0000] {dagbag.py:538} INFO - Filling up the DagBag from /home/airflow/.local/lib/python3.7/site-packages/airflow/example_dags/example_task_group.py
[2023-01-03T04:12:04.826+0000] {processor.py:753} INFO - DAG(s) dict_keys(['example_task_group']) retrieved from /home/airflow/.local/lib/python3.7/site-packages/airflow/example_dags/example_task_group.py
[2023-01-03T04:12:05.110+0000] {logging_mixin.py:137} INFO - [2023-01-03T04:12:05.109+0000] {dag.py:2676} INFO - Sync 1 DAGs
[2023-01-03T04:12:05.362+0000] {logging_mixin.py:137} INFO - [2023-01-03T04:12:05.362+0000] {dag.py:3427} INFO - Setting next_dagrun for example_task_group to 2023-01-02T04:12:05.362051+00:00, run_after=2023-01-03T04:12:05.362051+00:00
[2023-01-03T04:12:05.485+0000] {processor.py:175} INFO - Processing /home/airflow/.local/lib/python3.7/site-packages/airflow/example_dags/example_task_group.py took 0.784 seconds
[2023-01-03T04:12:47.477+0000] {processor.py:153} INFO - Started process (PID=397) to work on /home/airflow/.local/lib/python3.7/site-packages/airflow/example_dags/example_task_group.py
[2023-01-03T04:12:47.491+0000] {processor.py:743} INFO - Processing file /home/airflow/.local/lib/python3.7/site-packages/airflow/example_dags/example_task_group.py for tasks to queue
[2023-01-03T04:12:47.494+0000] {logging_mixin.py:137} INFO - [2023-01-03T04:12:47.493+0000] {dagbag.py:538} INFO - Filling up the DagBag from /home/airflow/.local/lib/python3.7/site-packages/airflow/example_dags/example_task_group.py
[2023-01-03T04:12:47.617+0000] {processor.py:753} INFO - DAG(s) dict_keys(['example_task_group']) retrieved from /home/airflow/.local/lib/python3.7/site-packages/airflow/example_dags/example_task_group.py
[2023-01-03T04:12:47.873+0000] {logging_mixin.py:137} INFO - [2023-01-03T04:12:47.872+0000] {dag.py:2676} INFO - Sync 1 DAGs
[2023-01-03T04:12:47.967+0000] {logging_mixin.py:137} INFO - [2023-01-03T04:12:47.966+0000] {dag.py:3427} INFO - Setting next_dagrun for example_task_group to 2023-01-02T04:12:47.959159+00:00, run_after=2023-01-03T04:12:47.959159+00:00
[2023-01-03T04:12:48.054+0000] {processor.py:175} INFO - Processing /home/airflow/.local/lib/python3.7/site-packages/airflow/example_dags/example_task_group.py took 0.600 seconds
