[2023-01-03T03:44:27.158+0000] {processor.py:153} INFO - Started process (PID=50) to work on /home/airflow/.local/lib/python3.7/site-packages/airflow/example_dags/example_subdag_operator.py
[2023-01-03T03:44:27.163+0000] {processor.py:743} INFO - Processing file /home/airflow/.local/lib/python3.7/site-packages/airflow/example_dags/example_subdag_operator.py for tasks to queue
[2023-01-03T03:44:27.167+0000] {logging_mixin.py:137} INFO - [2023-01-03T03:44:27.166+0000] {dagbag.py:538} INFO - Filling up the DagBag from /home/airflow/.local/lib/python3.7/site-packages/airflow/example_dags/example_subdag_operator.py
[2023-01-03T03:44:27.289+0000] {processor.py:753} INFO - DAG(s) dict_keys(['example_subdag_operator.section-1', 'example_subdag_operator.section-2', 'example_subdag_operator']) retrieved from /home/airflow/.local/lib/python3.7/site-packages/airflow/example_dags/example_subdag_operator.py
[2023-01-03T03:44:27.408+0000] {logging_mixin.py:137} INFO - [2023-01-03T03:44:27.408+0000] {dag.py:2676} INFO - Sync 3 DAGs
[2023-01-03T03:44:27.593+0000] {logging_mixin.py:137} INFO - [2023-01-03T03:44:27.593+0000] {dag.py:3427} INFO - Setting next_dagrun for example_subdag_operator to 2022-01-01T00:00:00+00:00, run_after=2022-01-01T00:00:00+00:00
[2023-01-03T03:44:27.633+0000] {logging_mixin.py:137} INFO - [2023-01-03T03:44:27.633+0000] {dag.py:3427} INFO - Setting next_dagrun for example_subdag_operator.section-1 to None, run_after=None
[2023-01-03T03:44:27.651+0000] {logging_mixin.py:137} INFO - [2023-01-03T03:44:27.650+0000] {dag.py:3427} INFO - Setting next_dagrun for example_subdag_operator.section-2 to None, run_after=None
[2023-01-03T03:44:27.752+0000] {logging_mixin.py:137} INFO - [2023-01-03T03:44:27.752+0000] {dag.py:2676} INFO - Sync 2 DAGs
[2023-01-03T03:44:27.770+0000] {logging_mixin.py:137} INFO - [2023-01-03T03:44:27.770+0000] {dag.py:3427} INFO - Setting next_dagrun for example_subdag_operator.section-1 to None, run_after=None
[2023-01-03T03:44:27.772+0000] {logging_mixin.py:137} INFO - [2023-01-03T03:44:27.772+0000] {dag.py:3427} INFO - Setting next_dagrun for example_subdag_operator.section-2 to None, run_after=None
[2023-01-03T03:44:27.831+0000] {processor.py:175} INFO - Processing /home/airflow/.local/lib/python3.7/site-packages/airflow/example_dags/example_subdag_operator.py took 0.676 seconds
[2023-01-03T03:44:58.164+0000] {processor.py:153} INFO - Started process (PID=111) to work on /home/airflow/.local/lib/python3.7/site-packages/airflow/example_dags/example_subdag_operator.py
[2023-01-03T03:44:58.172+0000] {processor.py:743} INFO - Processing file /home/airflow/.local/lib/python3.7/site-packages/airflow/example_dags/example_subdag_operator.py for tasks to queue
[2023-01-03T03:44:58.173+0000] {logging_mixin.py:137} INFO - [2023-01-03T03:44:58.173+0000] {dagbag.py:538} INFO - Filling up the DagBag from /home/airflow/.local/lib/python3.7/site-packages/airflow/example_dags/example_subdag_operator.py
[2023-01-03T03:44:58.264+0000] {processor.py:753} INFO - DAG(s) dict_keys(['example_subdag_operator.section-1', 'example_subdag_operator.section-2', 'example_subdag_operator']) retrieved from /home/airflow/.local/lib/python3.7/site-packages/airflow/example_dags/example_subdag_operator.py
[2023-01-03T03:44:58.330+0000] {logging_mixin.py:137} INFO - [2023-01-03T03:44:58.330+0000] {dag.py:2676} INFO - Sync 3 DAGs
[2023-01-03T03:44:58.373+0000] {logging_mixin.py:137} INFO - [2023-01-03T03:44:58.373+0000] {dag.py:3427} INFO - Setting next_dagrun for example_subdag_operator to 2022-01-01T00:00:00+00:00, run_after=2022-01-01T00:00:00+00:00
[2023-01-03T03:44:58.376+0000] {logging_mixin.py:137} INFO - [2023-01-03T03:44:58.376+0000] {dag.py:3427} INFO - Setting next_dagrun for example_subdag_operator.section-1 to None, run_after=None
[2023-01-03T03:44:58.379+0000] {logging_mixin.py:137} INFO - [2023-01-03T03:44:58.379+0000] {dag.py:3427} INFO - Setting next_dagrun for example_subdag_operator.section-2 to None, run_after=None
[2023-01-03T03:44:58.390+0000] {logging_mixin.py:137} INFO - [2023-01-03T03:44:58.389+0000] {dag.py:2676} INFO - Sync 2 DAGs
[2023-01-03T03:44:58.401+0000] {logging_mixin.py:137} INFO - [2023-01-03T03:44:58.401+0000] {dag.py:3427} INFO - Setting next_dagrun for example_subdag_operator.section-1 to None, run_after=None
[2023-01-03T03:44:58.406+0000] {logging_mixin.py:137} INFO - [2023-01-03T03:44:58.406+0000] {dag.py:3427} INFO - Setting next_dagrun for example_subdag_operator.section-2 to None, run_after=None
[2023-01-03T03:44:58.420+0000] {processor.py:175} INFO - Processing /home/airflow/.local/lib/python3.7/site-packages/airflow/example_dags/example_subdag_operator.py took 0.258 seconds
[2023-01-03T03:45:28.943+0000] {processor.py:153} INFO - Started process (PID=173) to work on /home/airflow/.local/lib/python3.7/site-packages/airflow/example_dags/example_subdag_operator.py
[2023-01-03T03:45:28.948+0000] {processor.py:743} INFO - Processing file /home/airflow/.local/lib/python3.7/site-packages/airflow/example_dags/example_subdag_operator.py for tasks to queue
[2023-01-03T03:45:28.949+0000] {logging_mixin.py:137} INFO - [2023-01-03T03:45:28.949+0000] {dagbag.py:538} INFO - Filling up the DagBag from /home/airflow/.local/lib/python3.7/site-packages/airflow/example_dags/example_subdag_operator.py
[2023-01-03T03:45:29.062+0000] {processor.py:753} INFO - DAG(s) dict_keys(['example_subdag_operator.section-1', 'example_subdag_operator.section-2', 'example_subdag_operator']) retrieved from /home/airflow/.local/lib/python3.7/site-packages/airflow/example_dags/example_subdag_operator.py
[2023-01-03T03:45:29.207+0000] {logging_mixin.py:137} INFO - [2023-01-03T03:45:29.207+0000] {dag.py:2676} INFO - Sync 3 DAGs
[2023-01-03T03:45:29.290+0000] {logging_mixin.py:137} INFO - [2023-01-03T03:45:29.290+0000] {dag.py:3427} INFO - Setting next_dagrun for example_subdag_operator to 2022-01-01T00:00:00+00:00, run_after=2022-01-01T00:00:00+00:00
[2023-01-03T03:45:29.295+0000] {logging_mixin.py:137} INFO - [2023-01-03T03:45:29.295+0000] {dag.py:3427} INFO - Setting next_dagrun for example_subdag_operator.section-1 to None, run_after=None
[2023-01-03T03:45:29.298+0000] {logging_mixin.py:137} INFO - [2023-01-03T03:45:29.298+0000] {dag.py:3427} INFO - Setting next_dagrun for example_subdag_operator.section-2 to None, run_after=None
[2023-01-03T03:45:29.324+0000] {logging_mixin.py:137} INFO - [2023-01-03T03:45:29.324+0000] {dag.py:2676} INFO - Sync 2 DAGs
[2023-01-03T03:45:29.340+0000] {logging_mixin.py:137} INFO - [2023-01-03T03:45:29.340+0000] {dag.py:3427} INFO - Setting next_dagrun for example_subdag_operator.section-1 to None, run_after=None
[2023-01-03T03:45:29.342+0000] {logging_mixin.py:137} INFO - [2023-01-03T03:45:29.342+0000] {dag.py:3427} INFO - Setting next_dagrun for example_subdag_operator.section-2 to None, run_after=None
[2023-01-03T03:45:29.392+0000] {processor.py:175} INFO - Processing /home/airflow/.local/lib/python3.7/site-packages/airflow/example_dags/example_subdag_operator.py took 0.453 seconds
[2023-01-03T03:45:59.544+0000] {processor.py:153} INFO - Started process (PID=245) to work on /home/airflow/.local/lib/python3.7/site-packages/airflow/example_dags/example_subdag_operator.py
[2023-01-03T03:45:59.545+0000] {processor.py:743} INFO - Processing file /home/airflow/.local/lib/python3.7/site-packages/airflow/example_dags/example_subdag_operator.py for tasks to queue
[2023-01-03T03:45:59.547+0000] {logging_mixin.py:137} INFO - [2023-01-03T03:45:59.547+0000] {dagbag.py:538} INFO - Filling up the DagBag from /home/airflow/.local/lib/python3.7/site-packages/airflow/example_dags/example_subdag_operator.py
[2023-01-03T03:45:59.678+0000] {processor.py:753} INFO - DAG(s) dict_keys(['example_subdag_operator.section-1', 'example_subdag_operator.section-2', 'example_subdag_operator']) retrieved from /home/airflow/.local/lib/python3.7/site-packages/airflow/example_dags/example_subdag_operator.py
[2023-01-03T03:45:59.876+0000] {logging_mixin.py:137} INFO - [2023-01-03T03:45:59.876+0000] {dag.py:2676} INFO - Sync 3 DAGs
[2023-01-03T03:45:59.988+0000] {logging_mixin.py:137} INFO - [2023-01-03T03:45:59.988+0000] {dag.py:3427} INFO - Setting next_dagrun for example_subdag_operator to 2022-01-01T00:00:00+00:00, run_after=2022-01-01T00:00:00+00:00
[2023-01-03T03:45:59.995+0000] {logging_mixin.py:137} INFO - [2023-01-03T03:45:59.995+0000] {dag.py:3427} INFO - Setting next_dagrun for example_subdag_operator.section-1 to None, run_after=None
[2023-01-03T03:46:00.004+0000] {logging_mixin.py:137} INFO - [2023-01-03T03:46:00.004+0000] {dag.py:3427} INFO - Setting next_dagrun for example_subdag_operator.section-2 to None, run_after=None
[2023-01-03T03:46:00.017+0000] {logging_mixin.py:137} INFO - [2023-01-03T03:46:00.017+0000] {dag.py:2676} INFO - Sync 2 DAGs
[2023-01-03T03:46:00.058+0000] {logging_mixin.py:137} INFO - [2023-01-03T03:46:00.058+0000] {dag.py:3427} INFO - Setting next_dagrun for example_subdag_operator.section-1 to None, run_after=None
[2023-01-03T03:46:00.059+0000] {logging_mixin.py:137} INFO - [2023-01-03T03:46:00.059+0000] {dag.py:3427} INFO - Setting next_dagrun for example_subdag_operator.section-2 to None, run_after=None
[2023-01-03T03:46:00.109+0000] {processor.py:175} INFO - Processing /home/airflow/.local/lib/python3.7/site-packages/airflow/example_dags/example_subdag_operator.py took 0.568 seconds
[2023-01-03T03:46:30.577+0000] {processor.py:153} INFO - Started process (PID=309) to work on /home/airflow/.local/lib/python3.7/site-packages/airflow/example_dags/example_subdag_operator.py
[2023-01-03T03:46:30.580+0000] {processor.py:743} INFO - Processing file /home/airflow/.local/lib/python3.7/site-packages/airflow/example_dags/example_subdag_operator.py for tasks to queue
[2023-01-03T03:46:30.584+0000] {logging_mixin.py:137} INFO - [2023-01-03T03:46:30.584+0000] {dagbag.py:538} INFO - Filling up the DagBag from /home/airflow/.local/lib/python3.7/site-packages/airflow/example_dags/example_subdag_operator.py
[2023-01-03T03:46:30.672+0000] {processor.py:753} INFO - DAG(s) dict_keys(['example_subdag_operator.section-1', 'example_subdag_operator.section-2', 'example_subdag_operator']) retrieved from /home/airflow/.local/lib/python3.7/site-packages/airflow/example_dags/example_subdag_operator.py
[2023-01-03T03:46:30.735+0000] {logging_mixin.py:137} INFO - [2023-01-03T03:46:30.734+0000] {dag.py:2676} INFO - Sync 3 DAGs
[2023-01-03T03:46:30.903+0000] {logging_mixin.py:137} INFO - [2023-01-03T03:46:30.903+0000] {dag.py:3427} INFO - Setting next_dagrun for example_subdag_operator to 2022-01-01T00:00:00+00:00, run_after=2022-01-01T00:00:00+00:00
[2023-01-03T03:46:30.916+0000] {logging_mixin.py:137} INFO - [2023-01-03T03:46:30.916+0000] {dag.py:3427} INFO - Setting next_dagrun for example_subdag_operator.section-1 to None, run_after=None
[2023-01-03T03:46:30.922+0000] {logging_mixin.py:137} INFO - [2023-01-03T03:46:30.921+0000] {dag.py:3427} INFO - Setting next_dagrun for example_subdag_operator.section-2 to None, run_after=None
[2023-01-03T03:46:30.953+0000] {logging_mixin.py:137} INFO - [2023-01-03T03:46:30.953+0000] {dag.py:2676} INFO - Sync 2 DAGs
[2023-01-03T03:46:30.964+0000] {logging_mixin.py:137} INFO - [2023-01-03T03:46:30.964+0000] {dag.py:3427} INFO - Setting next_dagrun for example_subdag_operator.section-1 to None, run_after=None
[2023-01-03T03:46:30.965+0000] {logging_mixin.py:137} INFO - [2023-01-03T03:46:30.965+0000] {dag.py:3427} INFO - Setting next_dagrun for example_subdag_operator.section-2 to None, run_after=None
[2023-01-03T03:46:30.980+0000] {processor.py:175} INFO - Processing /home/airflow/.local/lib/python3.7/site-packages/airflow/example_dags/example_subdag_operator.py took 0.412 seconds
[2023-01-03T03:47:02.544+0000] {processor.py:153} INFO - Started process (PID=371) to work on /home/airflow/.local/lib/python3.7/site-packages/airflow/example_dags/example_subdag_operator.py
[2023-01-03T03:47:02.550+0000] {processor.py:743} INFO - Processing file /home/airflow/.local/lib/python3.7/site-packages/airflow/example_dags/example_subdag_operator.py for tasks to queue
[2023-01-03T03:47:02.553+0000] {logging_mixin.py:137} INFO - [2023-01-03T03:47:02.552+0000] {dagbag.py:538} INFO - Filling up the DagBag from /home/airflow/.local/lib/python3.7/site-packages/airflow/example_dags/example_subdag_operator.py
[2023-01-03T03:47:02.739+0000] {processor.py:753} INFO - DAG(s) dict_keys(['example_subdag_operator.section-1', 'example_subdag_operator.section-2', 'example_subdag_operator']) retrieved from /home/airflow/.local/lib/python3.7/site-packages/airflow/example_dags/example_subdag_operator.py
[2023-01-03T03:47:02.907+0000] {logging_mixin.py:137} INFO - [2023-01-03T03:47:02.907+0000] {dag.py:2676} INFO - Sync 3 DAGs
[2023-01-03T03:47:03.032+0000] {logging_mixin.py:137} INFO - [2023-01-03T03:47:03.032+0000] {dag.py:3427} INFO - Setting next_dagrun for example_subdag_operator to 2022-01-01T00:00:00+00:00, run_after=2022-01-01T00:00:00+00:00
[2023-01-03T03:47:03.038+0000] {logging_mixin.py:137} INFO - [2023-01-03T03:47:03.038+0000] {dag.py:3427} INFO - Setting next_dagrun for example_subdag_operator.section-1 to None, run_after=None
[2023-01-03T03:47:03.044+0000] {logging_mixin.py:137} INFO - [2023-01-03T03:47:03.044+0000] {dag.py:3427} INFO - Setting next_dagrun for example_subdag_operator.section-2 to None, run_after=None
[2023-01-03T03:47:03.056+0000] {logging_mixin.py:137} INFO - [2023-01-03T03:47:03.056+0000] {dag.py:2676} INFO - Sync 2 DAGs
[2023-01-03T03:47:03.089+0000] {logging_mixin.py:137} INFO - [2023-01-03T03:47:03.089+0000] {dag.py:3427} INFO - Setting next_dagrun for example_subdag_operator.section-1 to None, run_after=None
[2023-01-03T03:47:03.092+0000] {logging_mixin.py:137} INFO - [2023-01-03T03:47:03.091+0000] {dag.py:3427} INFO - Setting next_dagrun for example_subdag_operator.section-2 to None, run_after=None
[2023-01-03T03:47:03.130+0000] {processor.py:175} INFO - Processing /home/airflow/.local/lib/python3.7/site-packages/airflow/example_dags/example_subdag_operator.py took 0.591 seconds
[2023-01-03T03:47:33.268+0000] {processor.py:153} INFO - Started process (PID=433) to work on /home/airflow/.local/lib/python3.7/site-packages/airflow/example_dags/example_subdag_operator.py
[2023-01-03T03:47:33.271+0000] {processor.py:743} INFO - Processing file /home/airflow/.local/lib/python3.7/site-packages/airflow/example_dags/example_subdag_operator.py for tasks to queue
[2023-01-03T03:47:33.275+0000] {logging_mixin.py:137} INFO - [2023-01-03T03:47:33.275+0000] {dagbag.py:538} INFO - Filling up the DagBag from /home/airflow/.local/lib/python3.7/site-packages/airflow/example_dags/example_subdag_operator.py
[2023-01-03T03:47:33.324+0000] {processor.py:753} INFO - DAG(s) dict_keys(['example_subdag_operator.section-1', 'example_subdag_operator.section-2', 'example_subdag_operator']) retrieved from /home/airflow/.local/lib/python3.7/site-packages/airflow/example_dags/example_subdag_operator.py
[2023-01-03T03:47:33.354+0000] {logging_mixin.py:137} INFO - [2023-01-03T03:47:33.354+0000] {dag.py:2676} INFO - Sync 3 DAGs
[2023-01-03T03:47:33.386+0000] {logging_mixin.py:137} INFO - [2023-01-03T03:47:33.385+0000] {dag.py:3427} INFO - Setting next_dagrun for example_subdag_operator to 2022-01-01T00:00:00+00:00, run_after=2022-01-01T00:00:00+00:00
[2023-01-03T03:47:33.395+0000] {logging_mixin.py:137} INFO - [2023-01-03T03:47:33.395+0000] {dag.py:3427} INFO - Setting next_dagrun for example_subdag_operator.section-1 to None, run_after=None
[2023-01-03T03:47:33.397+0000] {logging_mixin.py:137} INFO - [2023-01-03T03:47:33.397+0000] {dag.py:3427} INFO - Setting next_dagrun for example_subdag_operator.section-2 to None, run_after=None
[2023-01-03T03:47:33.404+0000] {logging_mixin.py:137} INFO - [2023-01-03T03:47:33.404+0000] {dag.py:2676} INFO - Sync 2 DAGs
[2023-01-03T03:47:33.414+0000] {logging_mixin.py:137} INFO - [2023-01-03T03:47:33.414+0000] {dag.py:3427} INFO - Setting next_dagrun for example_subdag_operator.section-1 to None, run_after=None
[2023-01-03T03:47:33.420+0000] {logging_mixin.py:137} INFO - [2023-01-03T03:47:33.420+0000] {dag.py:3427} INFO - Setting next_dagrun for example_subdag_operator.section-2 to None, run_after=None
[2023-01-03T03:47:33.437+0000] {processor.py:175} INFO - Processing /home/airflow/.local/lib/python3.7/site-packages/airflow/example_dags/example_subdag_operator.py took 0.172 seconds
[2023-01-03T03:48:06.745+0000] {processor.py:153} INFO - Started process (PID=495) to work on /home/airflow/.local/lib/python3.7/site-packages/airflow/example_dags/example_subdag_operator.py
[2023-01-03T03:48:06.763+0000] {processor.py:743} INFO - Processing file /home/airflow/.local/lib/python3.7/site-packages/airflow/example_dags/example_subdag_operator.py for tasks to queue
[2023-01-03T03:48:06.765+0000] {logging_mixin.py:137} INFO - [2023-01-03T03:48:06.764+0000] {dagbag.py:538} INFO - Filling up the DagBag from /home/airflow/.local/lib/python3.7/site-packages/airflow/example_dags/example_subdag_operator.py
[2023-01-03T03:48:06.898+0000] {processor.py:753} INFO - DAG(s) dict_keys(['example_subdag_operator.section-1', 'example_subdag_operator.section-2', 'example_subdag_operator']) retrieved from /home/airflow/.local/lib/python3.7/site-packages/airflow/example_dags/example_subdag_operator.py
[2023-01-03T03:48:07.077+0000] {logging_mixin.py:137} INFO - [2023-01-03T03:48:07.077+0000] {dag.py:2676} INFO - Sync 3 DAGs
[2023-01-03T03:48:07.207+0000] {logging_mixin.py:137} INFO - [2023-01-03T03:48:07.206+0000] {dag.py:3427} INFO - Setting next_dagrun for example_subdag_operator to 2022-01-01T00:00:00+00:00, run_after=2022-01-01T00:00:00+00:00
[2023-01-03T03:48:07.223+0000] {logging_mixin.py:137} INFO - [2023-01-03T03:48:07.223+0000] {dag.py:3427} INFO - Setting next_dagrun for example_subdag_operator.section-1 to None, run_after=None
[2023-01-03T03:48:07.225+0000] {logging_mixin.py:137} INFO - [2023-01-03T03:48:07.225+0000] {dag.py:3427} INFO - Setting next_dagrun for example_subdag_operator.section-2 to None, run_after=None
[2023-01-03T03:48:07.262+0000] {logging_mixin.py:137} INFO - [2023-01-03T03:48:07.262+0000] {dag.py:2676} INFO - Sync 2 DAGs
[2023-01-03T03:48:07.291+0000] {logging_mixin.py:137} INFO - [2023-01-03T03:48:07.290+0000] {dag.py:3427} INFO - Setting next_dagrun for example_subdag_operator.section-1 to None, run_after=None
[2023-01-03T03:48:07.292+0000] {logging_mixin.py:137} INFO - [2023-01-03T03:48:07.292+0000] {dag.py:3427} INFO - Setting next_dagrun for example_subdag_operator.section-2 to None, run_after=None
[2023-01-03T03:48:07.346+0000] {processor.py:175} INFO - Processing /home/airflow/.local/lib/python3.7/site-packages/airflow/example_dags/example_subdag_operator.py took 0.605 seconds
[2023-01-03T03:48:38.098+0000] {processor.py:153} INFO - Started process (PID=557) to work on /home/airflow/.local/lib/python3.7/site-packages/airflow/example_dags/example_subdag_operator.py
[2023-01-03T03:48:38.099+0000] {processor.py:743} INFO - Processing file /home/airflow/.local/lib/python3.7/site-packages/airflow/example_dags/example_subdag_operator.py for tasks to queue
[2023-01-03T03:48:38.101+0000] {logging_mixin.py:137} INFO - [2023-01-03T03:48:38.101+0000] {dagbag.py:538} INFO - Filling up the DagBag from /home/airflow/.local/lib/python3.7/site-packages/airflow/example_dags/example_subdag_operator.py
[2023-01-03T03:48:38.192+0000] {processor.py:753} INFO - DAG(s) dict_keys(['example_subdag_operator.section-1', 'example_subdag_operator.section-2', 'example_subdag_operator']) retrieved from /home/airflow/.local/lib/python3.7/site-packages/airflow/example_dags/example_subdag_operator.py
[2023-01-03T03:48:38.345+0000] {logging_mixin.py:137} INFO - [2023-01-03T03:48:38.345+0000] {dag.py:2676} INFO - Sync 3 DAGs
[2023-01-03T03:48:38.426+0000] {logging_mixin.py:137} INFO - [2023-01-03T03:48:38.426+0000] {dag.py:3427} INFO - Setting next_dagrun for example_subdag_operator to 2022-01-01T00:00:00+00:00, run_after=2022-01-01T00:00:00+00:00
[2023-01-03T03:48:38.431+0000] {logging_mixin.py:137} INFO - [2023-01-03T03:48:38.431+0000] {dag.py:3427} INFO - Setting next_dagrun for example_subdag_operator.section-1 to None, run_after=None
[2023-01-03T03:48:38.434+0000] {logging_mixin.py:137} INFO - [2023-01-03T03:48:38.434+0000] {dag.py:3427} INFO - Setting next_dagrun for example_subdag_operator.section-2 to None, run_after=None
[2023-01-03T03:48:38.459+0000] {logging_mixin.py:137} INFO - [2023-01-03T03:48:38.458+0000] {dag.py:2676} INFO - Sync 2 DAGs
[2023-01-03T03:48:38.478+0000] {logging_mixin.py:137} INFO - [2023-01-03T03:48:38.478+0000] {dag.py:3427} INFO - Setting next_dagrun for example_subdag_operator.section-1 to None, run_after=None
[2023-01-03T03:48:38.479+0000] {logging_mixin.py:137} INFO - [2023-01-03T03:48:38.479+0000] {dag.py:3427} INFO - Setting next_dagrun for example_subdag_operator.section-2 to None, run_after=None
[2023-01-03T03:48:38.513+0000] {processor.py:175} INFO - Processing /home/airflow/.local/lib/python3.7/site-packages/airflow/example_dags/example_subdag_operator.py took 0.448 seconds
[2023-01-03T03:49:08.860+0000] {processor.py:153} INFO - Started process (PID=619) to work on /home/airflow/.local/lib/python3.7/site-packages/airflow/example_dags/example_subdag_operator.py
[2023-01-03T03:49:08.873+0000] {processor.py:743} INFO - Processing file /home/airflow/.local/lib/python3.7/site-packages/airflow/example_dags/example_subdag_operator.py for tasks to queue
[2023-01-03T03:49:08.877+0000] {logging_mixin.py:137} INFO - [2023-01-03T03:49:08.877+0000] {dagbag.py:538} INFO - Filling up the DagBag from /home/airflow/.local/lib/python3.7/site-packages/airflow/example_dags/example_subdag_operator.py
[2023-01-03T03:49:09.005+0000] {processor.py:753} INFO - DAG(s) dict_keys(['example_subdag_operator.section-1', 'example_subdag_operator.section-2', 'example_subdag_operator']) retrieved from /home/airflow/.local/lib/python3.7/site-packages/airflow/example_dags/example_subdag_operator.py
[2023-01-03T03:49:09.095+0000] {logging_mixin.py:137} INFO - [2023-01-03T03:49:09.095+0000] {dag.py:2676} INFO - Sync 3 DAGs
[2023-01-03T03:49:09.146+0000] {logging_mixin.py:137} INFO - [2023-01-03T03:49:09.146+0000] {dag.py:3427} INFO - Setting next_dagrun for example_subdag_operator to 2022-01-01T00:00:00+00:00, run_after=2022-01-01T00:00:00+00:00
[2023-01-03T03:49:09.154+0000] {logging_mixin.py:137} INFO - [2023-01-03T03:49:09.154+0000] {dag.py:3427} INFO - Setting next_dagrun for example_subdag_operator.section-1 to None, run_after=None
[2023-01-03T03:49:09.163+0000] {logging_mixin.py:137} INFO - [2023-01-03T03:49:09.163+0000] {dag.py:3427} INFO - Setting next_dagrun for example_subdag_operator.section-2 to None, run_after=None
[2023-01-03T03:49:09.173+0000] {logging_mixin.py:137} INFO - [2023-01-03T03:49:09.173+0000] {dag.py:2676} INFO - Sync 2 DAGs
[2023-01-03T03:49:09.183+0000] {logging_mixin.py:137} INFO - [2023-01-03T03:49:09.183+0000] {dag.py:3427} INFO - Setting next_dagrun for example_subdag_operator.section-1 to None, run_after=None
[2023-01-03T03:49:09.184+0000] {logging_mixin.py:137} INFO - [2023-01-03T03:49:09.184+0000] {dag.py:3427} INFO - Setting next_dagrun for example_subdag_operator.section-2 to None, run_after=None
[2023-01-03T03:49:09.200+0000] {processor.py:175} INFO - Processing /home/airflow/.local/lib/python3.7/site-packages/airflow/example_dags/example_subdag_operator.py took 0.345 seconds
[2023-01-03T03:49:39.418+0000] {processor.py:153} INFO - Started process (PID=681) to work on /home/airflow/.local/lib/python3.7/site-packages/airflow/example_dags/example_subdag_operator.py
[2023-01-03T03:49:39.420+0000] {processor.py:743} INFO - Processing file /home/airflow/.local/lib/python3.7/site-packages/airflow/example_dags/example_subdag_operator.py for tasks to queue
[2023-01-03T03:49:39.420+0000] {logging_mixin.py:137} INFO - [2023-01-03T03:49:39.420+0000] {dagbag.py:538} INFO - Filling up the DagBag from /home/airflow/.local/lib/python3.7/site-packages/airflow/example_dags/example_subdag_operator.py
[2023-01-03T03:49:39.515+0000] {processor.py:753} INFO - DAG(s) dict_keys(['example_subdag_operator.section-1', 'example_subdag_operator.section-2', 'example_subdag_operator']) retrieved from /home/airflow/.local/lib/python3.7/site-packages/airflow/example_dags/example_subdag_operator.py
[2023-01-03T03:49:39.605+0000] {logging_mixin.py:137} INFO - [2023-01-03T03:49:39.605+0000] {dag.py:2676} INFO - Sync 3 DAGs
[2023-01-03T03:49:39.663+0000] {logging_mixin.py:137} INFO - [2023-01-03T03:49:39.663+0000] {dag.py:3427} INFO - Setting next_dagrun for example_subdag_operator to 2022-01-01T00:00:00+00:00, run_after=2022-01-01T00:00:00+00:00
[2023-01-03T03:49:39.674+0000] {logging_mixin.py:137} INFO - [2023-01-03T03:49:39.674+0000] {dag.py:3427} INFO - Setting next_dagrun for example_subdag_operator.section-1 to None, run_after=None
[2023-01-03T03:49:39.675+0000] {logging_mixin.py:137} INFO - [2023-01-03T03:49:39.675+0000] {dag.py:3427} INFO - Setting next_dagrun for example_subdag_operator.section-2 to None, run_after=None
[2023-01-03T03:49:39.696+0000] {logging_mixin.py:137} INFO - [2023-01-03T03:49:39.696+0000] {dag.py:2676} INFO - Sync 2 DAGs
[2023-01-03T03:49:39.708+0000] {logging_mixin.py:137} INFO - [2023-01-03T03:49:39.708+0000] {dag.py:3427} INFO - Setting next_dagrun for example_subdag_operator.section-1 to None, run_after=None
[2023-01-03T03:49:39.709+0000] {logging_mixin.py:137} INFO - [2023-01-03T03:49:39.709+0000] {dag.py:3427} INFO - Setting next_dagrun for example_subdag_operator.section-2 to None, run_after=None
[2023-01-03T03:49:39.734+0000] {processor.py:175} INFO - Processing /home/airflow/.local/lib/python3.7/site-packages/airflow/example_dags/example_subdag_operator.py took 0.319 seconds
[2023-01-03T03:50:10.173+0000] {processor.py:153} INFO - Started process (PID=743) to work on /home/airflow/.local/lib/python3.7/site-packages/airflow/example_dags/example_subdag_operator.py
[2023-01-03T03:50:10.175+0000] {processor.py:743} INFO - Processing file /home/airflow/.local/lib/python3.7/site-packages/airflow/example_dags/example_subdag_operator.py for tasks to queue
[2023-01-03T03:50:10.176+0000] {logging_mixin.py:137} INFO - [2023-01-03T03:50:10.176+0000] {dagbag.py:538} INFO - Filling up the DagBag from /home/airflow/.local/lib/python3.7/site-packages/airflow/example_dags/example_subdag_operator.py
[2023-01-03T03:50:10.276+0000] {processor.py:753} INFO - DAG(s) dict_keys(['example_subdag_operator.section-1', 'example_subdag_operator.section-2', 'example_subdag_operator']) retrieved from /home/airflow/.local/lib/python3.7/site-packages/airflow/example_dags/example_subdag_operator.py
[2023-01-03T03:50:10.381+0000] {logging_mixin.py:137} INFO - [2023-01-03T03:50:10.380+0000] {dag.py:2676} INFO - Sync 3 DAGs
[2023-01-03T03:50:10.444+0000] {logging_mixin.py:137} INFO - [2023-01-03T03:50:10.443+0000] {dag.py:3427} INFO - Setting next_dagrun for example_subdag_operator to 2022-01-01T00:00:00+00:00, run_after=2022-01-01T00:00:00+00:00
[2023-01-03T03:50:10.449+0000] {logging_mixin.py:137} INFO - [2023-01-03T03:50:10.449+0000] {dag.py:3427} INFO - Setting next_dagrun for example_subdag_operator.section-1 to None, run_after=None
[2023-01-03T03:50:10.452+0000] {logging_mixin.py:137} INFO - [2023-01-03T03:50:10.452+0000] {dag.py:3427} INFO - Setting next_dagrun for example_subdag_operator.section-2 to None, run_after=None
[2023-01-03T03:50:10.476+0000] {logging_mixin.py:137} INFO - [2023-01-03T03:50:10.475+0000] {dag.py:2676} INFO - Sync 2 DAGs
[2023-01-03T03:50:10.503+0000] {logging_mixin.py:137} INFO - [2023-01-03T03:50:10.502+0000] {dag.py:3427} INFO - Setting next_dagrun for example_subdag_operator.section-1 to None, run_after=None
[2023-01-03T03:50:10.509+0000] {logging_mixin.py:137} INFO - [2023-01-03T03:50:10.506+0000] {dag.py:3427} INFO - Setting next_dagrun for example_subdag_operator.section-2 to None, run_after=None
[2023-01-03T03:50:10.553+0000] {processor.py:175} INFO - Processing /home/airflow/.local/lib/python3.7/site-packages/airflow/example_dags/example_subdag_operator.py took 0.385 seconds
[2023-01-03T03:50:41.031+0000] {processor.py:153} INFO - Started process (PID=805) to work on /home/airflow/.local/lib/python3.7/site-packages/airflow/example_dags/example_subdag_operator.py
[2023-01-03T03:50:41.035+0000] {processor.py:743} INFO - Processing file /home/airflow/.local/lib/python3.7/site-packages/airflow/example_dags/example_subdag_operator.py for tasks to queue
[2023-01-03T03:50:41.036+0000] {logging_mixin.py:137} INFO - [2023-01-03T03:50:41.036+0000] {dagbag.py:538} INFO - Filling up the DagBag from /home/airflow/.local/lib/python3.7/site-packages/airflow/example_dags/example_subdag_operator.py
[2023-01-03T03:50:41.084+0000] {processor.py:753} INFO - DAG(s) dict_keys(['example_subdag_operator.section-1', 'example_subdag_operator.section-2', 'example_subdag_operator']) retrieved from /home/airflow/.local/lib/python3.7/site-packages/airflow/example_dags/example_subdag_operator.py
[2023-01-03T03:50:41.129+0000] {logging_mixin.py:137} INFO - [2023-01-03T03:50:41.129+0000] {dag.py:2676} INFO - Sync 3 DAGs
[2023-01-03T03:50:41.165+0000] {logging_mixin.py:137} INFO - [2023-01-03T03:50:41.165+0000] {dag.py:3427} INFO - Setting next_dagrun for example_subdag_operator to 2022-01-01T00:00:00+00:00, run_after=2022-01-01T00:00:00+00:00
[2023-01-03T03:50:41.171+0000] {logging_mixin.py:137} INFO - [2023-01-03T03:50:41.171+0000] {dag.py:3427} INFO - Setting next_dagrun for example_subdag_operator.section-1 to None, run_after=None
[2023-01-03T03:50:41.173+0000] {logging_mixin.py:137} INFO - [2023-01-03T03:50:41.173+0000] {dag.py:3427} INFO - Setting next_dagrun for example_subdag_operator.section-2 to None, run_after=None
[2023-01-03T03:50:41.184+0000] {logging_mixin.py:137} INFO - [2023-01-03T03:50:41.184+0000] {dag.py:2676} INFO - Sync 2 DAGs
[2023-01-03T03:50:41.188+0000] {logging_mixin.py:137} INFO - [2023-01-03T03:50:41.188+0000] {dag.py:3427} INFO - Setting next_dagrun for example_subdag_operator.section-1 to None, run_after=None
[2023-01-03T03:50:41.188+0000] {logging_mixin.py:137} INFO - [2023-01-03T03:50:41.188+0000] {dag.py:3427} INFO - Setting next_dagrun for example_subdag_operator.section-2 to None, run_after=None
[2023-01-03T03:50:41.199+0000] {processor.py:175} INFO - Processing /home/airflow/.local/lib/python3.7/site-packages/airflow/example_dags/example_subdag_operator.py took 0.171 seconds
[2023-01-03T03:51:12.080+0000] {processor.py:153} INFO - Started process (PID=868) to work on /home/airflow/.local/lib/python3.7/site-packages/airflow/example_dags/example_subdag_operator.py
[2023-01-03T03:51:12.093+0000] {processor.py:743} INFO - Processing file /home/airflow/.local/lib/python3.7/site-packages/airflow/example_dags/example_subdag_operator.py for tasks to queue
[2023-01-03T03:51:12.095+0000] {logging_mixin.py:137} INFO - [2023-01-03T03:51:12.095+0000] {dagbag.py:538} INFO - Filling up the DagBag from /home/airflow/.local/lib/python3.7/site-packages/airflow/example_dags/example_subdag_operator.py
[2023-01-03T03:51:12.185+0000] {processor.py:753} INFO - DAG(s) dict_keys(['example_subdag_operator.section-1', 'example_subdag_operator.section-2', 'example_subdag_operator']) retrieved from /home/airflow/.local/lib/python3.7/site-packages/airflow/example_dags/example_subdag_operator.py
[2023-01-03T03:51:12.247+0000] {logging_mixin.py:137} INFO - [2023-01-03T03:51:12.247+0000] {dag.py:2676} INFO - Sync 3 DAGs
[2023-01-03T03:51:12.283+0000] {logging_mixin.py:137} INFO - [2023-01-03T03:51:12.283+0000] {dag.py:3427} INFO - Setting next_dagrun for example_subdag_operator to 2022-01-01T00:00:00+00:00, run_after=2022-01-01T00:00:00+00:00
[2023-01-03T03:51:12.290+0000] {logging_mixin.py:137} INFO - [2023-01-03T03:51:12.290+0000] {dag.py:3427} INFO - Setting next_dagrun for example_subdag_operator.section-1 to None, run_after=None
[2023-01-03T03:51:12.293+0000] {logging_mixin.py:137} INFO - [2023-01-03T03:51:12.293+0000] {dag.py:3427} INFO - Setting next_dagrun for example_subdag_operator.section-2 to None, run_after=None
[2023-01-03T03:51:12.304+0000] {logging_mixin.py:137} INFO - [2023-01-03T03:51:12.304+0000] {dag.py:2676} INFO - Sync 2 DAGs
[2023-01-03T03:51:12.314+0000] {logging_mixin.py:137} INFO - [2023-01-03T03:51:12.314+0000] {dag.py:3427} INFO - Setting next_dagrun for example_subdag_operator.section-1 to None, run_after=None
[2023-01-03T03:51:12.318+0000] {logging_mixin.py:137} INFO - [2023-01-03T03:51:12.317+0000] {dag.py:3427} INFO - Setting next_dagrun for example_subdag_operator.section-2 to None, run_after=None
[2023-01-03T03:51:12.330+0000] {processor.py:175} INFO - Processing /home/airflow/.local/lib/python3.7/site-packages/airflow/example_dags/example_subdag_operator.py took 0.257 seconds
[2023-01-03T03:51:43.228+0000] {processor.py:153} INFO - Started process (PID=930) to work on /home/airflow/.local/lib/python3.7/site-packages/airflow/example_dags/example_subdag_operator.py
[2023-01-03T03:51:43.245+0000] {processor.py:743} INFO - Processing file /home/airflow/.local/lib/python3.7/site-packages/airflow/example_dags/example_subdag_operator.py for tasks to queue
[2023-01-03T03:51:43.247+0000] {logging_mixin.py:137} INFO - [2023-01-03T03:51:43.247+0000] {dagbag.py:538} INFO - Filling up the DagBag from /home/airflow/.local/lib/python3.7/site-packages/airflow/example_dags/example_subdag_operator.py
[2023-01-03T03:51:43.351+0000] {processor.py:753} INFO - DAG(s) dict_keys(['example_subdag_operator.section-1', 'example_subdag_operator.section-2', 'example_subdag_operator']) retrieved from /home/airflow/.local/lib/python3.7/site-packages/airflow/example_dags/example_subdag_operator.py
[2023-01-03T03:51:43.474+0000] {logging_mixin.py:137} INFO - [2023-01-03T03:51:43.474+0000] {dag.py:2676} INFO - Sync 3 DAGs
[2023-01-03T03:51:43.546+0000] {logging_mixin.py:137} INFO - [2023-01-03T03:51:43.545+0000] {dag.py:3427} INFO - Setting next_dagrun for example_subdag_operator to 2022-01-01T00:00:00+00:00, run_after=2022-01-01T00:00:00+00:00
[2023-01-03T03:51:43.556+0000] {logging_mixin.py:137} INFO - [2023-01-03T03:51:43.556+0000] {dag.py:3427} INFO - Setting next_dagrun for example_subdag_operator.section-1 to None, run_after=None
[2023-01-03T03:51:43.558+0000] {logging_mixin.py:137} INFO - [2023-01-03T03:51:43.558+0000] {dag.py:3427} INFO - Setting next_dagrun for example_subdag_operator.section-2 to None, run_after=None
[2023-01-03T03:51:43.593+0000] {logging_mixin.py:137} INFO - [2023-01-03T03:51:43.593+0000] {dag.py:2676} INFO - Sync 2 DAGs
[2023-01-03T03:51:43.609+0000] {logging_mixin.py:137} INFO - [2023-01-03T03:51:43.609+0000] {dag.py:3427} INFO - Setting next_dagrun for example_subdag_operator.section-1 to None, run_after=None
[2023-01-03T03:51:43.610+0000] {logging_mixin.py:137} INFO - [2023-01-03T03:51:43.610+0000] {dag.py:3427} INFO - Setting next_dagrun for example_subdag_operator.section-2 to None, run_after=None
[2023-01-03T03:51:43.630+0000] {processor.py:175} INFO - Processing /home/airflow/.local/lib/python3.7/site-packages/airflow/example_dags/example_subdag_operator.py took 0.409 seconds
[2023-01-03T03:52:13.963+0000] {processor.py:153} INFO - Started process (PID=991) to work on /home/airflow/.local/lib/python3.7/site-packages/airflow/example_dags/example_subdag_operator.py
[2023-01-03T03:52:13.967+0000] {processor.py:743} INFO - Processing file /home/airflow/.local/lib/python3.7/site-packages/airflow/example_dags/example_subdag_operator.py for tasks to queue
[2023-01-03T03:52:13.968+0000] {logging_mixin.py:137} INFO - [2023-01-03T03:52:13.968+0000] {dagbag.py:538} INFO - Filling up the DagBag from /home/airflow/.local/lib/python3.7/site-packages/airflow/example_dags/example_subdag_operator.py
[2023-01-03T03:52:14.271+0000] {processor.py:753} INFO - DAG(s) dict_keys(['example_subdag_operator.section-1', 'example_subdag_operator.section-2', 'example_subdag_operator']) retrieved from /home/airflow/.local/lib/python3.7/site-packages/airflow/example_dags/example_subdag_operator.py
[2023-01-03T03:52:14.341+0000] {logging_mixin.py:137} INFO - [2023-01-03T03:52:14.341+0000] {dag.py:2676} INFO - Sync 3 DAGs
[2023-01-03T03:52:14.384+0000] {logging_mixin.py:137} INFO - [2023-01-03T03:52:14.384+0000] {dag.py:3427} INFO - Setting next_dagrun for example_subdag_operator to 2022-01-01T00:00:00+00:00, run_after=2022-01-01T00:00:00+00:00
[2023-01-03T03:52:14.388+0000] {logging_mixin.py:137} INFO - [2023-01-03T03:52:14.388+0000] {dag.py:3427} INFO - Setting next_dagrun for example_subdag_operator.section-1 to None, run_after=None
[2023-01-03T03:52:14.392+0000] {logging_mixin.py:137} INFO - [2023-01-03T03:52:14.392+0000] {dag.py:3427} INFO - Setting next_dagrun for example_subdag_operator.section-2 to None, run_after=None
[2023-01-03T03:52:14.410+0000] {logging_mixin.py:137} INFO - [2023-01-03T03:52:14.410+0000] {dag.py:2676} INFO - Sync 2 DAGs
[2023-01-03T03:52:14.416+0000] {logging_mixin.py:137} INFO - [2023-01-03T03:52:14.416+0000] {dag.py:3427} INFO - Setting next_dagrun for example_subdag_operator.section-1 to None, run_after=None
[2023-01-03T03:52:14.417+0000] {logging_mixin.py:137} INFO - [2023-01-03T03:52:14.417+0000] {dag.py:3427} INFO - Setting next_dagrun for example_subdag_operator.section-2 to None, run_after=None
[2023-01-03T03:52:14.441+0000] {processor.py:175} INFO - Processing /home/airflow/.local/lib/python3.7/site-packages/airflow/example_dags/example_subdag_operator.py took 0.481 seconds
[2023-01-03T03:52:56.047+0000] {processor.py:153} INFO - Started process (PID=1055) to work on /home/airflow/.local/lib/python3.7/site-packages/airflow/example_dags/example_subdag_operator.py
[2023-01-03T03:52:56.049+0000] {processor.py:743} INFO - Processing file /home/airflow/.local/lib/python3.7/site-packages/airflow/example_dags/example_subdag_operator.py for tasks to queue
[2023-01-03T03:52:56.054+0000] {logging_mixin.py:137} INFO - [2023-01-03T03:52:56.053+0000] {dagbag.py:538} INFO - Filling up the DagBag from /home/airflow/.local/lib/python3.7/site-packages/airflow/example_dags/example_subdag_operator.py
[2023-01-03T03:52:56.317+0000] {processor.py:753} INFO - DAG(s) dict_keys(['example_subdag_operator.section-1', 'example_subdag_operator.section-2', 'example_subdag_operator']) retrieved from /home/airflow/.local/lib/python3.7/site-packages/airflow/example_dags/example_subdag_operator.py
[2023-01-03T03:52:56.448+0000] {logging_mixin.py:137} INFO - [2023-01-03T03:52:56.447+0000] {dag.py:2676} INFO - Sync 3 DAGs
[2023-01-03T03:52:56.527+0000] {logging_mixin.py:137} INFO - [2023-01-03T03:52:56.526+0000] {dag.py:3427} INFO - Setting next_dagrun for example_subdag_operator to 2022-01-01T00:00:00+00:00, run_after=2022-01-01T00:00:00+00:00
[2023-01-03T03:52:56.548+0000] {logging_mixin.py:137} INFO - [2023-01-03T03:52:56.548+0000] {dag.py:3427} INFO - Setting next_dagrun for example_subdag_operator.section-1 to None, run_after=None
[2023-01-03T03:52:56.550+0000] {logging_mixin.py:137} INFO - [2023-01-03T03:52:56.550+0000] {dag.py:3427} INFO - Setting next_dagrun for example_subdag_operator.section-2 to None, run_after=None
[2023-01-03T03:52:56.574+0000] {logging_mixin.py:137} INFO - [2023-01-03T03:52:56.574+0000] {dag.py:2676} INFO - Sync 2 DAGs
[2023-01-03T03:52:56.582+0000] {logging_mixin.py:137} INFO - [2023-01-03T03:52:56.581+0000] {dag.py:3427} INFO - Setting next_dagrun for example_subdag_operator.section-1 to None, run_after=None
[2023-01-03T03:52:56.583+0000] {logging_mixin.py:137} INFO - [2023-01-03T03:52:56.583+0000] {dag.py:3427} INFO - Setting next_dagrun for example_subdag_operator.section-2 to None, run_after=None
[2023-01-03T03:52:56.644+0000] {processor.py:175} INFO - Processing /home/airflow/.local/lib/python3.7/site-packages/airflow/example_dags/example_subdag_operator.py took 0.629 seconds
[2023-01-03T03:53:43.798+0000] {processor.py:153} INFO - Started process (PID=1105) to work on /home/airflow/.local/lib/python3.7/site-packages/airflow/example_dags/example_subdag_operator.py
[2023-01-03T03:53:43.800+0000] {processor.py:743} INFO - Processing file /home/airflow/.local/lib/python3.7/site-packages/airflow/example_dags/example_subdag_operator.py for tasks to queue
[2023-01-03T03:53:43.800+0000] {logging_mixin.py:137} INFO - [2023-01-03T03:53:43.800+0000] {dagbag.py:538} INFO - Filling up the DagBag from /home/airflow/.local/lib/python3.7/site-packages/airflow/example_dags/example_subdag_operator.py
[2023-01-03T03:53:43.879+0000] {processor.py:753} INFO - DAG(s) dict_keys(['example_subdag_operator.section-1', 'example_subdag_operator.section-2', 'example_subdag_operator']) retrieved from /home/airflow/.local/lib/python3.7/site-packages/airflow/example_dags/example_subdag_operator.py
[2023-01-03T03:53:43.973+0000] {logging_mixin.py:137} INFO - [2023-01-03T03:53:43.973+0000] {dag.py:2676} INFO - Sync 3 DAGs
[2023-01-03T03:53:44.031+0000] {logging_mixin.py:137} INFO - [2023-01-03T03:53:44.031+0000] {dag.py:3427} INFO - Setting next_dagrun for example_subdag_operator to 2022-01-01T00:00:00+00:00, run_after=2022-01-01T00:00:00+00:00
[2023-01-03T03:53:44.039+0000] {logging_mixin.py:137} INFO - [2023-01-03T03:53:44.039+0000] {dag.py:3427} INFO - Setting next_dagrun for example_subdag_operator.section-1 to None, run_after=None
[2023-01-03T03:53:44.045+0000] {logging_mixin.py:137} INFO - [2023-01-03T03:53:44.045+0000] {dag.py:3427} INFO - Setting next_dagrun for example_subdag_operator.section-2 to None, run_after=None
[2023-01-03T03:53:44.079+0000] {logging_mixin.py:137} INFO - [2023-01-03T03:53:44.078+0000] {dag.py:2676} INFO - Sync 2 DAGs
[2023-01-03T03:53:44.084+0000] {logging_mixin.py:137} INFO - [2023-01-03T03:53:44.084+0000] {dag.py:3427} INFO - Setting next_dagrun for example_subdag_operator.section-1 to None, run_after=None
[2023-01-03T03:53:44.085+0000] {logging_mixin.py:137} INFO - [2023-01-03T03:53:44.085+0000] {dag.py:3427} INFO - Setting next_dagrun for example_subdag_operator.section-2 to None, run_after=None
[2023-01-03T03:53:44.117+0000] {processor.py:175} INFO - Processing /home/airflow/.local/lib/python3.7/site-packages/airflow/example_dags/example_subdag_operator.py took 0.322 seconds
[2023-01-03T03:54:15.166+0000] {processor.py:153} INFO - Started process (PID=1164) to work on /home/airflow/.local/lib/python3.7/site-packages/airflow/example_dags/example_subdag_operator.py
[2023-01-03T03:54:15.179+0000] {processor.py:743} INFO - Processing file /home/airflow/.local/lib/python3.7/site-packages/airflow/example_dags/example_subdag_operator.py for tasks to queue
[2023-01-03T03:54:15.191+0000] {logging_mixin.py:137} INFO - [2023-01-03T03:54:15.191+0000] {dagbag.py:538} INFO - Filling up the DagBag from /home/airflow/.local/lib/python3.7/site-packages/airflow/example_dags/example_subdag_operator.py
[2023-01-03T03:54:15.391+0000] {processor.py:753} INFO - DAG(s) dict_keys(['example_subdag_operator.section-1', 'example_subdag_operator.section-2', 'example_subdag_operator']) retrieved from /home/airflow/.local/lib/python3.7/site-packages/airflow/example_dags/example_subdag_operator.py
[2023-01-03T03:54:15.544+0000] {logging_mixin.py:137} INFO - [2023-01-03T03:54:15.544+0000] {dag.py:2676} INFO - Sync 3 DAGs
[2023-01-03T03:54:15.736+0000] {logging_mixin.py:137} INFO - [2023-01-03T03:54:15.736+0000] {dag.py:3427} INFO - Setting next_dagrun for example_subdag_operator to 2022-01-01T00:00:00+00:00, run_after=2022-01-01T00:00:00+00:00
[2023-01-03T03:54:15.782+0000] {logging_mixin.py:137} INFO - [2023-01-03T03:54:15.782+0000] {dag.py:3427} INFO - Setting next_dagrun for example_subdag_operator.section-1 to None, run_after=None
[2023-01-03T03:54:15.823+0000] {logging_mixin.py:137} INFO - [2023-01-03T03:54:15.816+0000] {dag.py:3427} INFO - Setting next_dagrun for example_subdag_operator.section-2 to None, run_after=None
[2023-01-03T03:54:15.884+0000] {logging_mixin.py:137} INFO - [2023-01-03T03:54:15.884+0000] {dag.py:2676} INFO - Sync 2 DAGs
[2023-01-03T03:54:15.910+0000] {logging_mixin.py:137} INFO - [2023-01-03T03:54:15.910+0000] {dag.py:3427} INFO - Setting next_dagrun for example_subdag_operator.section-1 to None, run_after=None
[2023-01-03T03:54:15.911+0000] {logging_mixin.py:137} INFO - [2023-01-03T03:54:15.911+0000] {dag.py:3427} INFO - Setting next_dagrun for example_subdag_operator.section-2 to None, run_after=None
[2023-01-03T03:54:15.970+0000] {processor.py:175} INFO - Processing /home/airflow/.local/lib/python3.7/site-packages/airflow/example_dags/example_subdag_operator.py took 0.826 seconds
[2023-01-03T03:54:46.472+0000] {processor.py:153} INFO - Started process (PID=1230) to work on /home/airflow/.local/lib/python3.7/site-packages/airflow/example_dags/example_subdag_operator.py
[2023-01-03T03:54:46.473+0000] {processor.py:743} INFO - Processing file /home/airflow/.local/lib/python3.7/site-packages/airflow/example_dags/example_subdag_operator.py for tasks to queue
[2023-01-03T03:54:46.474+0000] {logging_mixin.py:137} INFO - [2023-01-03T03:54:46.474+0000] {dagbag.py:538} INFO - Filling up the DagBag from /home/airflow/.local/lib/python3.7/site-packages/airflow/example_dags/example_subdag_operator.py
[2023-01-03T03:54:46.716+0000] {processor.py:753} INFO - DAG(s) dict_keys(['example_subdag_operator.section-1', 'example_subdag_operator.section-2', 'example_subdag_operator']) retrieved from /home/airflow/.local/lib/python3.7/site-packages/airflow/example_dags/example_subdag_operator.py
[2023-01-03T03:54:46.809+0000] {logging_mixin.py:137} INFO - [2023-01-03T03:54:46.809+0000] {dag.py:2676} INFO - Sync 3 DAGs
[2023-01-03T03:54:46.920+0000] {logging_mixin.py:137} INFO - [2023-01-03T03:54:46.920+0000] {dag.py:3427} INFO - Setting next_dagrun for example_subdag_operator to 2022-01-01T00:00:00+00:00, run_after=2022-01-01T00:00:00+00:00
[2023-01-03T03:54:46.927+0000] {logging_mixin.py:137} INFO - [2023-01-03T03:54:46.927+0000] {dag.py:3427} INFO - Setting next_dagrun for example_subdag_operator.section-1 to None, run_after=None
[2023-01-03T03:54:46.932+0000] {logging_mixin.py:137} INFO - [2023-01-03T03:54:46.932+0000] {dag.py:3427} INFO - Setting next_dagrun for example_subdag_operator.section-2 to None, run_after=None
[2023-01-03T03:54:46.955+0000] {logging_mixin.py:137} INFO - [2023-01-03T03:54:46.955+0000] {dag.py:2676} INFO - Sync 2 DAGs
[2023-01-03T03:54:47.004+0000] {logging_mixin.py:137} INFO - [2023-01-03T03:54:47.004+0000] {dag.py:3427} INFO - Setting next_dagrun for example_subdag_operator.section-1 to None, run_after=None
[2023-01-03T03:54:47.008+0000] {logging_mixin.py:137} INFO - [2023-01-03T03:54:47.007+0000] {dag.py:3427} INFO - Setting next_dagrun for example_subdag_operator.section-2 to None, run_after=None
[2023-01-03T03:54:47.090+0000] {processor.py:175} INFO - Processing /home/airflow/.local/lib/python3.7/site-packages/airflow/example_dags/example_subdag_operator.py took 0.632 seconds
[2023-01-03T04:00:19.248+0000] {processor.py:153} INFO - Started process (PID=59) to work on /home/airflow/.local/lib/python3.7/site-packages/airflow/example_dags/example_subdag_operator.py
[2023-01-03T04:00:19.267+0000] {processor.py:743} INFO - Processing file /home/airflow/.local/lib/python3.7/site-packages/airflow/example_dags/example_subdag_operator.py for tasks to queue
[2023-01-03T04:00:19.269+0000] {logging_mixin.py:137} INFO - [2023-01-03T04:00:19.269+0000] {dagbag.py:538} INFO - Filling up the DagBag from /home/airflow/.local/lib/python3.7/site-packages/airflow/example_dags/example_subdag_operator.py
[2023-01-03T04:00:19.712+0000] {processor.py:753} INFO - DAG(s) dict_keys(['example_subdag_operator.section-1', 'example_subdag_operator.section-2', 'example_subdag_operator']) retrieved from /home/airflow/.local/lib/python3.7/site-packages/airflow/example_dags/example_subdag_operator.py
[2023-01-03T04:00:20.069+0000] {logging_mixin.py:137} INFO - [2023-01-03T04:00:20.069+0000] {dag.py:2676} INFO - Sync 3 DAGs
[2023-01-03T04:00:20.223+0000] {logging_mixin.py:137} INFO - [2023-01-03T04:00:20.222+0000] {dag.py:3427} INFO - Setting next_dagrun for example_subdag_operator to 2022-01-01T00:00:00+00:00, run_after=2022-01-01T00:00:00+00:00
[2023-01-03T04:00:20.264+0000] {logging_mixin.py:137} INFO - [2023-01-03T04:00:20.264+0000] {dag.py:3427} INFO - Setting next_dagrun for example_subdag_operator.section-1 to None, run_after=None
[2023-01-03T04:00:20.267+0000] {logging_mixin.py:137} INFO - [2023-01-03T04:00:20.267+0000] {dag.py:3427} INFO - Setting next_dagrun for example_subdag_operator.section-2 to None, run_after=None
[2023-01-03T04:00:20.312+0000] {logging_mixin.py:137} INFO - [2023-01-03T04:00:20.312+0000] {dag.py:2676} INFO - Sync 2 DAGs
[2023-01-03T04:00:20.321+0000] {logging_mixin.py:137} INFO - [2023-01-03T04:00:20.321+0000] {dag.py:3427} INFO - Setting next_dagrun for example_subdag_operator.section-1 to None, run_after=None
[2023-01-03T04:00:20.322+0000] {logging_mixin.py:137} INFO - [2023-01-03T04:00:20.322+0000] {dag.py:3427} INFO - Setting next_dagrun for example_subdag_operator.section-2 to None, run_after=None
[2023-01-03T04:00:20.358+0000] {processor.py:175} INFO - Processing /home/airflow/.local/lib/python3.7/site-packages/airflow/example_dags/example_subdag_operator.py took 1.124 seconds
[2023-01-03T04:02:42.148+0000] {processor.py:153} INFO - Started process (PID=103) to work on /home/airflow/.local/lib/python3.7/site-packages/airflow/example_dags/example_subdag_operator.py
[2023-01-03T04:02:42.230+0000] {processor.py:743} INFO - Processing file /home/airflow/.local/lib/python3.7/site-packages/airflow/example_dags/example_subdag_operator.py for tasks to queue
[2023-01-03T04:02:42.239+0000] {logging_mixin.py:137} INFO - [2023-01-03T04:02:42.239+0000] {dagbag.py:538} INFO - Filling up the DagBag from /home/airflow/.local/lib/python3.7/site-packages/airflow/example_dags/example_subdag_operator.py
[2023-01-03T04:02:47.946+0000] {processor.py:753} INFO - DAG(s) dict_keys(['example_subdag_operator.section-1', 'example_subdag_operator.section-2', 'example_subdag_operator']) retrieved from /home/airflow/.local/lib/python3.7/site-packages/airflow/example_dags/example_subdag_operator.py
[2023-01-03T04:03:08.837+0000] {logging_mixin.py:137} INFO - [2023-01-03T04:03:08.830+0000] {dag.py:2676} INFO - Sync 3 DAGs
[2023-01-03T04:03:09.579+0000] {logging_mixin.py:137} INFO - [2023-01-03T04:03:09.574+0000] {dag.py:3427} INFO - Setting next_dagrun for example_subdag_operator to 2022-01-01T00:00:00+00:00, run_after=2022-01-01T00:00:00+00:00
[2023-01-03T04:03:09.636+0000] {logging_mixin.py:137} INFO - [2023-01-03T04:03:09.636+0000] {dag.py:3427} INFO - Setting next_dagrun for example_subdag_operator.section-1 to None, run_after=None
[2023-01-03T04:03:09.690+0000] {logging_mixin.py:137} INFO - [2023-01-03T04:03:09.686+0000] {dag.py:3427} INFO - Setting next_dagrun for example_subdag_operator.section-2 to None, run_after=None
[2023-01-03T04:03:09.786+0000] {logging_mixin.py:137} INFO - [2023-01-03T04:03:09.776+0000] {dag.py:2676} INFO - Sync 2 DAGs
[2023-01-03T04:03:09.868+0000] {logging_mixin.py:137} INFO - [2023-01-03T04:03:09.868+0000] {dag.py:3427} INFO - Setting next_dagrun for example_subdag_operator.section-1 to None, run_after=None
[2023-01-03T04:03:09.874+0000] {logging_mixin.py:137} INFO - [2023-01-03T04:03:09.873+0000] {dag.py:3427} INFO - Setting next_dagrun for example_subdag_operator.section-2 to None, run_after=None
[2023-01-03T04:03:10.220+0000] {processor.py:175} INFO - Processing /home/airflow/.local/lib/python3.7/site-packages/airflow/example_dags/example_subdag_operator.py took 27.547 seconds
[2023-01-03T04:06:22.929+0000] {processor.py:153} INFO - Started process (PID=79) to work on /home/airflow/.local/lib/python3.7/site-packages/airflow/example_dags/example_subdag_operator.py
[2023-01-03T04:06:22.934+0000] {processor.py:743} INFO - Processing file /home/airflow/.local/lib/python3.7/site-packages/airflow/example_dags/example_subdag_operator.py for tasks to queue
[2023-01-03T04:06:22.944+0000] {logging_mixin.py:137} INFO - [2023-01-03T04:06:22.944+0000] {dagbag.py:538} INFO - Filling up the DagBag from /home/airflow/.local/lib/python3.7/site-packages/airflow/example_dags/example_subdag_operator.py
[2023-01-03T04:06:24.019+0000] {processor.py:753} INFO - DAG(s) dict_keys(['example_subdag_operator.section-1', 'example_subdag_operator.section-2', 'example_subdag_operator']) retrieved from /home/airflow/.local/lib/python3.7/site-packages/airflow/example_dags/example_subdag_operator.py
[2023-01-03T04:06:24.473+0000] {logging_mixin.py:137} INFO - [2023-01-03T04:06:24.473+0000] {dag.py:2676} INFO - Sync 3 DAGs
[2023-01-03T04:06:24.881+0000] {logging_mixin.py:137} INFO - [2023-01-03T04:06:24.880+0000] {dag.py:3427} INFO - Setting next_dagrun for example_subdag_operator to 2022-01-01T00:00:00+00:00, run_after=2022-01-01T00:00:00+00:00
[2023-01-03T04:06:24.934+0000] {logging_mixin.py:137} INFO - [2023-01-03T04:06:24.934+0000] {dag.py:3427} INFO - Setting next_dagrun for example_subdag_operator.section-1 to None, run_after=None
[2023-01-03T04:06:25.064+0000] {logging_mixin.py:137} INFO - [2023-01-03T04:06:25.063+0000] {dag.py:3427} INFO - Setting next_dagrun for example_subdag_operator.section-2 to None, run_after=None
[2023-01-03T04:06:25.335+0000] {logging_mixin.py:137} INFO - [2023-01-03T04:06:25.332+0000] {dag.py:2676} INFO - Sync 2 DAGs
[2023-01-03T04:06:25.500+0000] {logging_mixin.py:137} INFO - [2023-01-03T04:06:25.479+0000] {dag.py:3427} INFO - Setting next_dagrun for example_subdag_operator.section-1 to None, run_after=None
[2023-01-03T04:06:25.509+0000] {logging_mixin.py:137} INFO - [2023-01-03T04:06:25.508+0000] {dag.py:3427} INFO - Setting next_dagrun for example_subdag_operator.section-2 to None, run_after=None
[2023-01-03T04:06:25.829+0000] {processor.py:175} INFO - Processing /home/airflow/.local/lib/python3.7/site-packages/airflow/example_dags/example_subdag_operator.py took 3.030 seconds
[2023-01-03T04:07:32.776+0000] {processor.py:153} INFO - Started process (PID=62) to work on /home/airflow/.local/lib/python3.7/site-packages/airflow/example_dags/example_subdag_operator.py
[2023-01-03T04:07:32.786+0000] {processor.py:743} INFO - Processing file /home/airflow/.local/lib/python3.7/site-packages/airflow/example_dags/example_subdag_operator.py for tasks to queue
[2023-01-03T04:07:32.793+0000] {logging_mixin.py:137} INFO - [2023-01-03T04:07:32.793+0000] {dagbag.py:538} INFO - Filling up the DagBag from /home/airflow/.local/lib/python3.7/site-packages/airflow/example_dags/example_subdag_operator.py
[2023-01-03T04:07:33.400+0000] {processor.py:753} INFO - DAG(s) dict_keys(['example_subdag_operator.section-1', 'example_subdag_operator.section-2', 'example_subdag_operator']) retrieved from /home/airflow/.local/lib/python3.7/site-packages/airflow/example_dags/example_subdag_operator.py
[2023-01-03T04:07:33.747+0000] {logging_mixin.py:137} INFO - [2023-01-03T04:07:33.747+0000] {dag.py:2676} INFO - Sync 3 DAGs
[2023-01-03T04:07:33.927+0000] {logging_mixin.py:137} INFO - [2023-01-03T04:07:33.927+0000] {dag.py:3427} INFO - Setting next_dagrun for example_subdag_operator to 2022-01-01T00:00:00+00:00, run_after=2022-01-01T00:00:00+00:00
[2023-01-03T04:07:33.935+0000] {logging_mixin.py:137} INFO - [2023-01-03T04:07:33.935+0000] {dag.py:3427} INFO - Setting next_dagrun for example_subdag_operator.section-1 to None, run_after=None
[2023-01-03T04:07:33.942+0000] {logging_mixin.py:137} INFO - [2023-01-03T04:07:33.942+0000] {dag.py:3427} INFO - Setting next_dagrun for example_subdag_operator.section-2 to None, run_after=None
[2023-01-03T04:07:33.983+0000] {logging_mixin.py:137} INFO - [2023-01-03T04:07:33.983+0000] {dag.py:2676} INFO - Sync 2 DAGs
[2023-01-03T04:07:34.014+0000] {logging_mixin.py:137} INFO - [2023-01-03T04:07:34.014+0000] {dag.py:3427} INFO - Setting next_dagrun for example_subdag_operator.section-1 to None, run_after=None
[2023-01-03T04:07:34.015+0000] {logging_mixin.py:137} INFO - [2023-01-03T04:07:34.015+0000] {dag.py:3427} INFO - Setting next_dagrun for example_subdag_operator.section-2 to None, run_after=None
[2023-01-03T04:07:34.033+0000] {processor.py:175} INFO - Processing /home/airflow/.local/lib/python3.7/site-packages/airflow/example_dags/example_subdag_operator.py took 1.332 seconds
[2023-01-03T04:09:21.426+0000] {processor.py:153} INFO - Started process (PID=82) to work on /home/airflow/.local/lib/python3.7/site-packages/airflow/example_dags/example_subdag_operator.py
[2023-01-03T04:09:21.437+0000] {processor.py:743} INFO - Processing file /home/airflow/.local/lib/python3.7/site-packages/airflow/example_dags/example_subdag_operator.py for tasks to queue
[2023-01-03T04:09:21.441+0000] {logging_mixin.py:137} INFO - [2023-01-03T04:09:21.440+0000] {dagbag.py:538} INFO - Filling up the DagBag from /home/airflow/.local/lib/python3.7/site-packages/airflow/example_dags/example_subdag_operator.py
[2023-01-03T04:09:21.606+0000] {processor.py:753} INFO - DAG(s) dict_keys(['example_subdag_operator.section-1', 'example_subdag_operator.section-2', 'example_subdag_operator']) retrieved from /home/airflow/.local/lib/python3.7/site-packages/airflow/example_dags/example_subdag_operator.py
[2023-01-03T04:09:21.828+0000] {logging_mixin.py:137} INFO - [2023-01-03T04:09:21.828+0000] {dag.py:2676} INFO - Sync 3 DAGs
[2023-01-03T04:09:21.969+0000] {logging_mixin.py:137} INFO - [2023-01-03T04:09:21.969+0000] {dag.py:3427} INFO - Setting next_dagrun for example_subdag_operator to 2022-01-01T00:00:00+00:00, run_after=2022-01-01T00:00:00+00:00
[2023-01-03T04:09:22.015+0000] {logging_mixin.py:137} INFO - [2023-01-03T04:09:22.015+0000] {dag.py:3427} INFO - Setting next_dagrun for example_subdag_operator.section-1 to None, run_after=None
[2023-01-03T04:09:22.019+0000] {logging_mixin.py:137} INFO - [2023-01-03T04:09:22.019+0000] {dag.py:3427} INFO - Setting next_dagrun for example_subdag_operator.section-2 to None, run_after=None
[2023-01-03T04:09:22.087+0000] {logging_mixin.py:137} INFO - [2023-01-03T04:09:22.087+0000] {dag.py:2676} INFO - Sync 2 DAGs
[2023-01-03T04:09:22.117+0000] {logging_mixin.py:137} INFO - [2023-01-03T04:09:22.117+0000] {dag.py:3427} INFO - Setting next_dagrun for example_subdag_operator.section-1 to None, run_after=None
[2023-01-03T04:09:22.119+0000] {logging_mixin.py:137} INFO - [2023-01-03T04:09:22.119+0000] {dag.py:3427} INFO - Setting next_dagrun for example_subdag_operator.section-2 to None, run_after=None
[2023-01-03T04:09:22.198+0000] {processor.py:175} INFO - Processing /home/airflow/.local/lib/python3.7/site-packages/airflow/example_dags/example_subdag_operator.py took 0.795 seconds
[2023-01-03T04:09:52.801+0000] {processor.py:153} INFO - Started process (PID=147) to work on /home/airflow/.local/lib/python3.7/site-packages/airflow/example_dags/example_subdag_operator.py
[2023-01-03T04:09:52.822+0000] {processor.py:743} INFO - Processing file /home/airflow/.local/lib/python3.7/site-packages/airflow/example_dags/example_subdag_operator.py for tasks to queue
[2023-01-03T04:09:52.824+0000] {logging_mixin.py:137} INFO - [2023-01-03T04:09:52.823+0000] {dagbag.py:538} INFO - Filling up the DagBag from /home/airflow/.local/lib/python3.7/site-packages/airflow/example_dags/example_subdag_operator.py
[2023-01-03T04:09:53.086+0000] {processor.py:753} INFO - DAG(s) dict_keys(['example_subdag_operator.section-1', 'example_subdag_operator.section-2', 'example_subdag_operator']) retrieved from /home/airflow/.local/lib/python3.7/site-packages/airflow/example_dags/example_subdag_operator.py
[2023-01-03T04:09:53.299+0000] {logging_mixin.py:137} INFO - [2023-01-03T04:09:53.291+0000] {dag.py:2676} INFO - Sync 3 DAGs
[2023-01-03T04:09:53.449+0000] {logging_mixin.py:137} INFO - [2023-01-03T04:09:53.449+0000] {dag.py:3427} INFO - Setting next_dagrun for example_subdag_operator to 2022-01-01T00:00:00+00:00, run_after=2022-01-01T00:00:00+00:00
[2023-01-03T04:09:53.486+0000] {logging_mixin.py:137} INFO - [2023-01-03T04:09:53.486+0000] {dag.py:3427} INFO - Setting next_dagrun for example_subdag_operator.section-1 to None, run_after=None
[2023-01-03T04:09:53.493+0000] {logging_mixin.py:137} INFO - [2023-01-03T04:09:53.493+0000] {dag.py:3427} INFO - Setting next_dagrun for example_subdag_operator.section-2 to None, run_after=None
[2023-01-03T04:09:53.506+0000] {logging_mixin.py:137} INFO - [2023-01-03T04:09:53.506+0000] {dag.py:2676} INFO - Sync 2 DAGs
[2023-01-03T04:09:53.557+0000] {logging_mixin.py:137} INFO - [2023-01-03T04:09:53.557+0000] {dag.py:3427} INFO - Setting next_dagrun for example_subdag_operator.section-1 to None, run_after=None
[2023-01-03T04:09:53.558+0000] {logging_mixin.py:137} INFO - [2023-01-03T04:09:53.558+0000] {dag.py:3427} INFO - Setting next_dagrun for example_subdag_operator.section-2 to None, run_after=None
[2023-01-03T04:09:53.597+0000] {processor.py:175} INFO - Processing /home/airflow/.local/lib/python3.7/site-packages/airflow/example_dags/example_subdag_operator.py took 0.838 seconds
[2023-01-03T04:10:25.525+0000] {processor.py:153} INFO - Started process (PID=209) to work on /home/airflow/.local/lib/python3.7/site-packages/airflow/example_dags/example_subdag_operator.py
[2023-01-03T04:10:25.530+0000] {processor.py:743} INFO - Processing file /home/airflow/.local/lib/python3.7/site-packages/airflow/example_dags/example_subdag_operator.py for tasks to queue
[2023-01-03T04:10:25.534+0000] {logging_mixin.py:137} INFO - [2023-01-03T04:10:25.533+0000] {dagbag.py:538} INFO - Filling up the DagBag from /home/airflow/.local/lib/python3.7/site-packages/airflow/example_dags/example_subdag_operator.py
[2023-01-03T04:10:25.956+0000] {processor.py:753} INFO - DAG(s) dict_keys(['example_subdag_operator.section-1', 'example_subdag_operator.section-2', 'example_subdag_operator']) retrieved from /home/airflow/.local/lib/python3.7/site-packages/airflow/example_dags/example_subdag_operator.py
[2023-01-03T04:10:26.394+0000] {logging_mixin.py:137} INFO - [2023-01-03T04:10:26.393+0000] {dag.py:2676} INFO - Sync 3 DAGs
[2023-01-03T04:10:26.558+0000] {logging_mixin.py:137} INFO - [2023-01-03T04:10:26.558+0000] {dag.py:3427} INFO - Setting next_dagrun for example_subdag_operator to 2022-01-01T00:00:00+00:00, run_after=2022-01-01T00:00:00+00:00
[2023-01-03T04:10:26.580+0000] {logging_mixin.py:137} INFO - [2023-01-03T04:10:26.580+0000] {dag.py:3427} INFO - Setting next_dagrun for example_subdag_operator.section-1 to None, run_after=None
[2023-01-03T04:10:26.595+0000] {logging_mixin.py:137} INFO - [2023-01-03T04:10:26.593+0000] {dag.py:3427} INFO - Setting next_dagrun for example_subdag_operator.section-2 to None, run_after=None
[2023-01-03T04:10:26.655+0000] {logging_mixin.py:137} INFO - [2023-01-03T04:10:26.655+0000] {dag.py:2676} INFO - Sync 2 DAGs
[2023-01-03T04:10:26.676+0000] {logging_mixin.py:137} INFO - [2023-01-03T04:10:26.676+0000] {dag.py:3427} INFO - Setting next_dagrun for example_subdag_operator.section-1 to None, run_after=None
[2023-01-03T04:10:26.677+0000] {logging_mixin.py:137} INFO - [2023-01-03T04:10:26.677+0000] {dag.py:3427} INFO - Setting next_dagrun for example_subdag_operator.section-2 to None, run_after=None
[2023-01-03T04:10:26.782+0000] {processor.py:175} INFO - Processing /home/airflow/.local/lib/python3.7/site-packages/airflow/example_dags/example_subdag_operator.py took 1.568 seconds
[2023-01-03T04:10:57.210+0000] {processor.py:153} INFO - Started process (PID=259) to work on /home/airflow/.local/lib/python3.7/site-packages/airflow/example_dags/example_subdag_operator.py
[2023-01-03T04:10:57.215+0000] {processor.py:743} INFO - Processing file /home/airflow/.local/lib/python3.7/site-packages/airflow/example_dags/example_subdag_operator.py for tasks to queue
[2023-01-03T04:10:57.216+0000] {logging_mixin.py:137} INFO - [2023-01-03T04:10:57.216+0000] {dagbag.py:538} INFO - Filling up the DagBag from /home/airflow/.local/lib/python3.7/site-packages/airflow/example_dags/example_subdag_operator.py
[2023-01-03T04:10:57.304+0000] {processor.py:753} INFO - DAG(s) dict_keys(['example_subdag_operator.section-1', 'example_subdag_operator.section-2', 'example_subdag_operator']) retrieved from /home/airflow/.local/lib/python3.7/site-packages/airflow/example_dags/example_subdag_operator.py
[2023-01-03T04:10:57.401+0000] {logging_mixin.py:137} INFO - [2023-01-03T04:10:57.401+0000] {dag.py:2676} INFO - Sync 3 DAGs
[2023-01-03T04:10:57.473+0000] {logging_mixin.py:137} INFO - [2023-01-03T04:10:57.473+0000] {dag.py:3427} INFO - Setting next_dagrun for example_subdag_operator to 2022-01-01T00:00:00+00:00, run_after=2022-01-01T00:00:00+00:00
[2023-01-03T04:10:57.491+0000] {logging_mixin.py:137} INFO - [2023-01-03T04:10:57.491+0000] {dag.py:3427} INFO - Setting next_dagrun for example_subdag_operator.section-1 to None, run_after=None
[2023-01-03T04:10:57.492+0000] {logging_mixin.py:137} INFO - [2023-01-03T04:10:57.492+0000] {dag.py:3427} INFO - Setting next_dagrun for example_subdag_operator.section-2 to None, run_after=None
[2023-01-03T04:10:57.503+0000] {logging_mixin.py:137} INFO - [2023-01-03T04:10:57.503+0000] {dag.py:2676} INFO - Sync 2 DAGs
[2023-01-03T04:10:57.534+0000] {logging_mixin.py:137} INFO - [2023-01-03T04:10:57.534+0000] {dag.py:3427} INFO - Setting next_dagrun for example_subdag_operator.section-1 to None, run_after=None
[2023-01-03T04:10:57.535+0000] {logging_mixin.py:137} INFO - [2023-01-03T04:10:57.535+0000] {dag.py:3427} INFO - Setting next_dagrun for example_subdag_operator.section-2 to None, run_after=None
[2023-01-03T04:10:57.546+0000] {processor.py:175} INFO - Processing /home/airflow/.local/lib/python3.7/site-packages/airflow/example_dags/example_subdag_operator.py took 0.339 seconds
[2023-01-03T04:11:34.459+0000] {processor.py:153} INFO - Started process (PID=310) to work on /home/airflow/.local/lib/python3.7/site-packages/airflow/example_dags/example_subdag_operator.py
[2023-01-03T04:11:34.509+0000] {processor.py:743} INFO - Processing file /home/airflow/.local/lib/python3.7/site-packages/airflow/example_dags/example_subdag_operator.py for tasks to queue
[2023-01-03T04:11:34.513+0000] {logging_mixin.py:137} INFO - [2023-01-03T04:11:34.512+0000] {dagbag.py:538} INFO - Filling up the DagBag from /home/airflow/.local/lib/python3.7/site-packages/airflow/example_dags/example_subdag_operator.py
[2023-01-03T04:11:34.743+0000] {processor.py:753} INFO - DAG(s) dict_keys(['example_subdag_operator.section-1', 'example_subdag_operator.section-2', 'example_subdag_operator']) retrieved from /home/airflow/.local/lib/python3.7/site-packages/airflow/example_dags/example_subdag_operator.py
[2023-01-03T04:11:34.888+0000] {logging_mixin.py:137} INFO - [2023-01-03T04:11:34.888+0000] {dag.py:2676} INFO - Sync 3 DAGs
[2023-01-03T04:11:35.041+0000] {logging_mixin.py:137} INFO - [2023-01-03T04:11:35.040+0000] {dag.py:3427} INFO - Setting next_dagrun for example_subdag_operator to 2022-01-01T00:00:00+00:00, run_after=2022-01-01T00:00:00+00:00
[2023-01-03T04:11:35.088+0000] {logging_mixin.py:137} INFO - [2023-01-03T04:11:35.088+0000] {dag.py:3427} INFO - Setting next_dagrun for example_subdag_operator.section-1 to None, run_after=None
[2023-01-03T04:11:35.097+0000] {logging_mixin.py:137} INFO - [2023-01-03T04:11:35.097+0000] {dag.py:3427} INFO - Setting next_dagrun for example_subdag_operator.section-2 to None, run_after=None
[2023-01-03T04:11:35.126+0000] {logging_mixin.py:137} INFO - [2023-01-03T04:11:35.126+0000] {dag.py:2676} INFO - Sync 2 DAGs
[2023-01-03T04:11:35.177+0000] {logging_mixin.py:137} INFO - [2023-01-03T04:11:35.176+0000] {dag.py:3427} INFO - Setting next_dagrun for example_subdag_operator.section-1 to None, run_after=None
[2023-01-03T04:11:35.178+0000] {logging_mixin.py:137} INFO - [2023-01-03T04:11:35.178+0000] {dag.py:3427} INFO - Setting next_dagrun for example_subdag_operator.section-2 to None, run_after=None
[2023-01-03T04:11:35.233+0000] {processor.py:175} INFO - Processing /home/airflow/.local/lib/python3.7/site-packages/airflow/example_dags/example_subdag_operator.py took 0.789 seconds
[2023-01-03T04:12:06.473+0000] {processor.py:153} INFO - Started process (PID=376) to work on /home/airflow/.local/lib/python3.7/site-packages/airflow/example_dags/example_subdag_operator.py
[2023-01-03T04:12:06.488+0000] {processor.py:743} INFO - Processing file /home/airflow/.local/lib/python3.7/site-packages/airflow/example_dags/example_subdag_operator.py for tasks to queue
[2023-01-03T04:12:06.498+0000] {logging_mixin.py:137} INFO - [2023-01-03T04:12:06.497+0000] {dagbag.py:538} INFO - Filling up the DagBag from /home/airflow/.local/lib/python3.7/site-packages/airflow/example_dags/example_subdag_operator.py
[2023-01-03T04:12:06.814+0000] {processor.py:753} INFO - DAG(s) dict_keys(['example_subdag_operator.section-1', 'example_subdag_operator.section-2', 'example_subdag_operator']) retrieved from /home/airflow/.local/lib/python3.7/site-packages/airflow/example_dags/example_subdag_operator.py
[2023-01-03T04:12:07.133+0000] {logging_mixin.py:137} INFO - [2023-01-03T04:12:07.133+0000] {dag.py:2676} INFO - Sync 3 DAGs
[2023-01-03T04:12:07.237+0000] {logging_mixin.py:137} INFO - [2023-01-03T04:12:07.237+0000] {dag.py:3427} INFO - Setting next_dagrun for example_subdag_operator to 2022-01-01T00:00:00+00:00, run_after=2022-01-01T00:00:00+00:00
[2023-01-03T04:12:07.263+0000] {logging_mixin.py:137} INFO - [2023-01-03T04:12:07.263+0000] {dag.py:3427} INFO - Setting next_dagrun for example_subdag_operator.section-1 to None, run_after=None
[2023-01-03T04:12:07.266+0000] {logging_mixin.py:137} INFO - [2023-01-03T04:12:07.265+0000] {dag.py:3427} INFO - Setting next_dagrun for example_subdag_operator.section-2 to None, run_after=None
[2023-01-03T04:12:07.308+0000] {logging_mixin.py:137} INFO - [2023-01-03T04:12:07.308+0000] {dag.py:2676} INFO - Sync 2 DAGs
[2023-01-03T04:12:07.355+0000] {logging_mixin.py:137} INFO - [2023-01-03T04:12:07.355+0000] {dag.py:3427} INFO - Setting next_dagrun for example_subdag_operator.section-1 to None, run_after=None
[2023-01-03T04:12:07.356+0000] {logging_mixin.py:137} INFO - [2023-01-03T04:12:07.356+0000] {dag.py:3427} INFO - Setting next_dagrun for example_subdag_operator.section-2 to None, run_after=None
[2023-01-03T04:12:07.403+0000] {processor.py:175} INFO - Processing /home/airflow/.local/lib/python3.7/site-packages/airflow/example_dags/example_subdag_operator.py took 0.941 seconds
[2023-01-03T04:12:48.583+0000] {processor.py:153} INFO - Started process (PID=400) to work on /home/airflow/.local/lib/python3.7/site-packages/airflow/example_dags/example_subdag_operator.py
[2023-01-03T04:12:48.585+0000] {processor.py:743} INFO - Processing file /home/airflow/.local/lib/python3.7/site-packages/airflow/example_dags/example_subdag_operator.py for tasks to queue
[2023-01-03T04:12:48.587+0000] {logging_mixin.py:137} INFO - [2023-01-03T04:12:48.586+0000] {dagbag.py:538} INFO - Filling up the DagBag from /home/airflow/.local/lib/python3.7/site-packages/airflow/example_dags/example_subdag_operator.py
[2023-01-03T04:12:48.721+0000] {processor.py:753} INFO - DAG(s) dict_keys(['example_subdag_operator.section-1', 'example_subdag_operator.section-2', 'example_subdag_operator']) retrieved from /home/airflow/.local/lib/python3.7/site-packages/airflow/example_dags/example_subdag_operator.py
[2023-01-03T04:12:48.869+0000] {logging_mixin.py:137} INFO - [2023-01-03T04:12:48.869+0000] {dag.py:2676} INFO - Sync 3 DAGs
[2023-01-03T04:12:48.971+0000] {logging_mixin.py:137} INFO - [2023-01-03T04:12:48.971+0000] {dag.py:3427} INFO - Setting next_dagrun for example_subdag_operator to 2022-01-01T00:00:00+00:00, run_after=2022-01-01T00:00:00+00:00
[2023-01-03T04:12:48.999+0000] {logging_mixin.py:137} INFO - [2023-01-03T04:12:48.998+0000] {dag.py:3427} INFO - Setting next_dagrun for example_subdag_operator.section-1 to None, run_after=None
[2023-01-03T04:12:49.006+0000] {logging_mixin.py:137} INFO - [2023-01-03T04:12:49.006+0000] {dag.py:3427} INFO - Setting next_dagrun for example_subdag_operator.section-2 to None, run_after=None
[2023-01-03T04:12:49.086+0000] {logging_mixin.py:137} INFO - [2023-01-03T04:12:49.085+0000] {dag.py:2676} INFO - Sync 2 DAGs
[2023-01-03T04:12:49.228+0000] {logging_mixin.py:137} INFO - [2023-01-03T04:12:49.228+0000] {dag.py:3427} INFO - Setting next_dagrun for example_subdag_operator.section-1 to None, run_after=None
[2023-01-03T04:12:49.234+0000] {logging_mixin.py:137} INFO - [2023-01-03T04:12:49.233+0000] {dag.py:3427} INFO - Setting next_dagrun for example_subdag_operator.section-2 to None, run_after=None
[2023-01-03T04:12:49.926+0000] {processor.py:175} INFO - Processing /home/airflow/.local/lib/python3.7/site-packages/airflow/example_dags/example_subdag_operator.py took 1.361 seconds
