[2023-01-03T03:44:28.321+0000] {processor.py:153} INFO - Started process (PID=53) to work on /home/airflow/.local/lib/python3.7/site-packages/airflow/example_dags/tutorial_dag.py
[2023-01-03T03:44:28.328+0000] {processor.py:743} INFO - Processing file /home/airflow/.local/lib/python3.7/site-packages/airflow/example_dags/tutorial_dag.py for tasks to queue
[2023-01-03T03:44:28.332+0000] {logging_mixin.py:137} INFO - [2023-01-03T03:44:28.332+0000] {dagbag.py:538} INFO - Filling up the DagBag from /home/airflow/.local/lib/python3.7/site-packages/airflow/example_dags/tutorial_dag.py
[2023-01-03T03:44:28.380+0000] {processor.py:753} INFO - DAG(s) dict_keys(['tutorial_dag']) retrieved from /home/airflow/.local/lib/python3.7/site-packages/airflow/example_dags/tutorial_dag.py
[2023-01-03T03:44:28.488+0000] {logging_mixin.py:137} INFO - [2023-01-03T03:44:28.487+0000] {dag.py:2676} INFO - Sync 1 DAGs
[2023-01-03T03:44:28.609+0000] {logging_mixin.py:137} INFO - [2023-01-03T03:44:28.609+0000] {dag.py:3427} INFO - Setting next_dagrun for tutorial_dag to None, run_after=None
[2023-01-03T03:44:28.669+0000] {processor.py:175} INFO - Processing /home/airflow/.local/lib/python3.7/site-packages/airflow/example_dags/tutorial_dag.py took 0.351 seconds
[2023-01-03T03:44:59.508+0000] {processor.py:153} INFO - Started process (PID=114) to work on /home/airflow/.local/lib/python3.7/site-packages/airflow/example_dags/tutorial_dag.py
[2023-01-03T03:44:59.512+0000] {processor.py:743} INFO - Processing file /home/airflow/.local/lib/python3.7/site-packages/airflow/example_dags/tutorial_dag.py for tasks to queue
[2023-01-03T03:44:59.513+0000] {logging_mixin.py:137} INFO - [2023-01-03T03:44:59.513+0000] {dagbag.py:538} INFO - Filling up the DagBag from /home/airflow/.local/lib/python3.7/site-packages/airflow/example_dags/tutorial_dag.py
[2023-01-03T03:44:59.532+0000] {processor.py:753} INFO - DAG(s) dict_keys(['tutorial_dag']) retrieved from /home/airflow/.local/lib/python3.7/site-packages/airflow/example_dags/tutorial_dag.py
[2023-01-03T03:44:59.598+0000] {logging_mixin.py:137} INFO - [2023-01-03T03:44:59.597+0000] {dag.py:2676} INFO - Sync 1 DAGs
[2023-01-03T03:44:59.623+0000] {logging_mixin.py:137} INFO - [2023-01-03T03:44:59.623+0000] {dag.py:3427} INFO - Setting next_dagrun for tutorial_dag to None, run_after=None
[2023-01-03T03:44:59.640+0000] {processor.py:175} INFO - Processing /home/airflow/.local/lib/python3.7/site-packages/airflow/example_dags/tutorial_dag.py took 0.134 seconds
[2023-01-03T03:45:30.489+0000] {processor.py:153} INFO - Started process (PID=176) to work on /home/airflow/.local/lib/python3.7/site-packages/airflow/example_dags/tutorial_dag.py
[2023-01-03T03:45:30.490+0000] {processor.py:743} INFO - Processing file /home/airflow/.local/lib/python3.7/site-packages/airflow/example_dags/tutorial_dag.py for tasks to queue
[2023-01-03T03:45:30.494+0000] {logging_mixin.py:137} INFO - [2023-01-03T03:45:30.493+0000] {dagbag.py:538} INFO - Filling up the DagBag from /home/airflow/.local/lib/python3.7/site-packages/airflow/example_dags/tutorial_dag.py
[2023-01-03T03:45:30.537+0000] {processor.py:753} INFO - DAG(s) dict_keys(['tutorial_dag']) retrieved from /home/airflow/.local/lib/python3.7/site-packages/airflow/example_dags/tutorial_dag.py
[2023-01-03T03:45:30.662+0000] {logging_mixin.py:137} INFO - [2023-01-03T03:45:30.662+0000] {dag.py:2676} INFO - Sync 1 DAGs
[2023-01-03T03:45:30.743+0000] {logging_mixin.py:137} INFO - [2023-01-03T03:45:30.743+0000] {dag.py:3427} INFO - Setting next_dagrun for tutorial_dag to None, run_after=None
[2023-01-03T03:45:30.768+0000] {processor.py:175} INFO - Processing /home/airflow/.local/lib/python3.7/site-packages/airflow/example_dags/tutorial_dag.py took 0.282 seconds
[2023-01-03T03:46:01.290+0000] {processor.py:153} INFO - Started process (PID=251) to work on /home/airflow/.local/lib/python3.7/site-packages/airflow/example_dags/tutorial_dag.py
[2023-01-03T03:46:01.301+0000] {processor.py:743} INFO - Processing file /home/airflow/.local/lib/python3.7/site-packages/airflow/example_dags/tutorial_dag.py for tasks to queue
[2023-01-03T03:46:01.303+0000] {logging_mixin.py:137} INFO - [2023-01-03T03:46:01.303+0000] {dagbag.py:538} INFO - Filling up the DagBag from /home/airflow/.local/lib/python3.7/site-packages/airflow/example_dags/tutorial_dag.py
[2023-01-03T03:46:01.353+0000] {processor.py:753} INFO - DAG(s) dict_keys(['tutorial_dag']) retrieved from /home/airflow/.local/lib/python3.7/site-packages/airflow/example_dags/tutorial_dag.py
[2023-01-03T03:46:01.468+0000] {logging_mixin.py:137} INFO - [2023-01-03T03:46:01.468+0000] {dag.py:2676} INFO - Sync 1 DAGs
[2023-01-03T03:46:01.532+0000] {logging_mixin.py:137} INFO - [2023-01-03T03:46:01.532+0000] {dag.py:3427} INFO - Setting next_dagrun for tutorial_dag to None, run_after=None
[2023-01-03T03:46:01.561+0000] {processor.py:175} INFO - Processing /home/airflow/.local/lib/python3.7/site-packages/airflow/example_dags/tutorial_dag.py took 0.277 seconds
[2023-01-03T03:46:32.096+0000] {processor.py:153} INFO - Started process (PID=312) to work on /home/airflow/.local/lib/python3.7/site-packages/airflow/example_dags/tutorial_dag.py
[2023-01-03T03:46:32.103+0000] {processor.py:743} INFO - Processing file /home/airflow/.local/lib/python3.7/site-packages/airflow/example_dags/tutorial_dag.py for tasks to queue
[2023-01-03T03:46:32.105+0000] {logging_mixin.py:137} INFO - [2023-01-03T03:46:32.105+0000] {dagbag.py:538} INFO - Filling up the DagBag from /home/airflow/.local/lib/python3.7/site-packages/airflow/example_dags/tutorial_dag.py
[2023-01-03T03:46:32.160+0000] {processor.py:753} INFO - DAG(s) dict_keys(['tutorial_dag']) retrieved from /home/airflow/.local/lib/python3.7/site-packages/airflow/example_dags/tutorial_dag.py
[2023-01-03T03:46:32.384+0000] {logging_mixin.py:137} INFO - [2023-01-03T03:46:32.384+0000] {dag.py:2676} INFO - Sync 1 DAGs
[2023-01-03T03:46:32.442+0000] {logging_mixin.py:137} INFO - [2023-01-03T03:46:32.442+0000] {dag.py:3427} INFO - Setting next_dagrun for tutorial_dag to None, run_after=None
[2023-01-03T03:46:32.506+0000] {processor.py:175} INFO - Processing /home/airflow/.local/lib/python3.7/site-packages/airflow/example_dags/tutorial_dag.py took 0.416 seconds
[2023-01-03T03:47:03.707+0000] {processor.py:153} INFO - Started process (PID=374) to work on /home/airflow/.local/lib/python3.7/site-packages/airflow/example_dags/tutorial_dag.py
[2023-01-03T03:47:03.710+0000] {processor.py:743} INFO - Processing file /home/airflow/.local/lib/python3.7/site-packages/airflow/example_dags/tutorial_dag.py for tasks to queue
[2023-01-03T03:47:03.712+0000] {logging_mixin.py:137} INFO - [2023-01-03T03:47:03.712+0000] {dagbag.py:538} INFO - Filling up the DagBag from /home/airflow/.local/lib/python3.7/site-packages/airflow/example_dags/tutorial_dag.py
[2023-01-03T03:47:03.769+0000] {processor.py:753} INFO - DAG(s) dict_keys(['tutorial_dag']) retrieved from /home/airflow/.local/lib/python3.7/site-packages/airflow/example_dags/tutorial_dag.py
[2023-01-03T03:47:03.941+0000] {logging_mixin.py:137} INFO - [2023-01-03T03:47:03.940+0000] {dag.py:2676} INFO - Sync 1 DAGs
[2023-01-03T03:47:04.000+0000] {logging_mixin.py:137} INFO - [2023-01-03T03:47:04.000+0000] {dag.py:3427} INFO - Setting next_dagrun for tutorial_dag to None, run_after=None
[2023-01-03T03:47:04.059+0000] {processor.py:175} INFO - Processing /home/airflow/.local/lib/python3.7/site-packages/airflow/example_dags/tutorial_dag.py took 0.355 seconds
[2023-01-03T03:47:34.506+0000] {processor.py:153} INFO - Started process (PID=436) to work on /home/airflow/.local/lib/python3.7/site-packages/airflow/example_dags/tutorial_dag.py
[2023-01-03T03:47:34.508+0000] {processor.py:743} INFO - Processing file /home/airflow/.local/lib/python3.7/site-packages/airflow/example_dags/tutorial_dag.py for tasks to queue
[2023-01-03T03:47:34.509+0000] {logging_mixin.py:137} INFO - [2023-01-03T03:47:34.509+0000] {dagbag.py:538} INFO - Filling up the DagBag from /home/airflow/.local/lib/python3.7/site-packages/airflow/example_dags/tutorial_dag.py
[2023-01-03T03:47:34.525+0000] {processor.py:753} INFO - DAG(s) dict_keys(['tutorial_dag']) retrieved from /home/airflow/.local/lib/python3.7/site-packages/airflow/example_dags/tutorial_dag.py
[2023-01-03T03:47:34.561+0000] {logging_mixin.py:137} INFO - [2023-01-03T03:47:34.561+0000] {dag.py:2676} INFO - Sync 1 DAGs
[2023-01-03T03:47:34.580+0000] {logging_mixin.py:137} INFO - [2023-01-03T03:47:34.580+0000] {dag.py:3427} INFO - Setting next_dagrun for tutorial_dag to None, run_after=None
[2023-01-03T03:47:34.599+0000] {processor.py:175} INFO - Processing /home/airflow/.local/lib/python3.7/site-packages/airflow/example_dags/tutorial_dag.py took 0.096 seconds
[2023-01-03T03:48:07.727+0000] {processor.py:153} INFO - Started process (PID=498) to work on /home/airflow/.local/lib/python3.7/site-packages/airflow/example_dags/tutorial_dag.py
[2023-01-03T03:48:07.733+0000] {processor.py:743} INFO - Processing file /home/airflow/.local/lib/python3.7/site-packages/airflow/example_dags/tutorial_dag.py for tasks to queue
[2023-01-03T03:48:07.734+0000] {logging_mixin.py:137} INFO - [2023-01-03T03:48:07.734+0000] {dagbag.py:538} INFO - Filling up the DagBag from /home/airflow/.local/lib/python3.7/site-packages/airflow/example_dags/tutorial_dag.py
[2023-01-03T03:48:07.766+0000] {processor.py:753} INFO - DAG(s) dict_keys(['tutorial_dag']) retrieved from /home/airflow/.local/lib/python3.7/site-packages/airflow/example_dags/tutorial_dag.py
[2023-01-03T03:48:08.031+0000] {logging_mixin.py:137} INFO - [2023-01-03T03:48:08.031+0000] {dag.py:2676} INFO - Sync 1 DAGs
[2023-01-03T03:48:08.223+0000] {logging_mixin.py:137} INFO - [2023-01-03T03:48:08.222+0000] {dag.py:3427} INFO - Setting next_dagrun for tutorial_dag to None, run_after=None
[2023-01-03T03:48:08.309+0000] {processor.py:175} INFO - Processing /home/airflow/.local/lib/python3.7/site-packages/airflow/example_dags/tutorial_dag.py took 0.590 seconds
[2023-01-03T03:48:38.876+0000] {processor.py:153} INFO - Started process (PID=560) to work on /home/airflow/.local/lib/python3.7/site-packages/airflow/example_dags/tutorial_dag.py
[2023-01-03T03:48:38.878+0000] {processor.py:743} INFO - Processing file /home/airflow/.local/lib/python3.7/site-packages/airflow/example_dags/tutorial_dag.py for tasks to queue
[2023-01-03T03:48:38.880+0000] {logging_mixin.py:137} INFO - [2023-01-03T03:48:38.880+0000] {dagbag.py:538} INFO - Filling up the DagBag from /home/airflow/.local/lib/python3.7/site-packages/airflow/example_dags/tutorial_dag.py
[2023-01-03T03:48:38.964+0000] {processor.py:753} INFO - DAG(s) dict_keys(['tutorial_dag']) retrieved from /home/airflow/.local/lib/python3.7/site-packages/airflow/example_dags/tutorial_dag.py
[2023-01-03T03:48:39.116+0000] {logging_mixin.py:137} INFO - [2023-01-03T03:48:39.116+0000] {dag.py:2676} INFO - Sync 1 DAGs
[2023-01-03T03:48:39.212+0000] {logging_mixin.py:137} INFO - [2023-01-03T03:48:39.212+0000] {dag.py:3427} INFO - Setting next_dagrun for tutorial_dag to None, run_after=None
[2023-01-03T03:48:39.258+0000] {processor.py:175} INFO - Processing /home/airflow/.local/lib/python3.7/site-packages/airflow/example_dags/tutorial_dag.py took 0.397 seconds
[2023-01-03T03:49:09.377+0000] {processor.py:153} INFO - Started process (PID=622) to work on /home/airflow/.local/lib/python3.7/site-packages/airflow/example_dags/tutorial_dag.py
[2023-01-03T03:49:09.378+0000] {processor.py:743} INFO - Processing file /home/airflow/.local/lib/python3.7/site-packages/airflow/example_dags/tutorial_dag.py for tasks to queue
[2023-01-03T03:49:09.379+0000] {logging_mixin.py:137} INFO - [2023-01-03T03:49:09.379+0000] {dagbag.py:538} INFO - Filling up the DagBag from /home/airflow/.local/lib/python3.7/site-packages/airflow/example_dags/tutorial_dag.py
[2023-01-03T03:49:09.389+0000] {processor.py:753} INFO - DAG(s) dict_keys(['tutorial_dag']) retrieved from /home/airflow/.local/lib/python3.7/site-packages/airflow/example_dags/tutorial_dag.py
[2023-01-03T03:49:09.424+0000] {logging_mixin.py:137} INFO - [2023-01-03T03:49:09.424+0000] {dag.py:2676} INFO - Sync 1 DAGs
[2023-01-03T03:49:09.442+0000] {logging_mixin.py:137} INFO - [2023-01-03T03:49:09.442+0000] {dag.py:3427} INFO - Setting next_dagrun for tutorial_dag to None, run_after=None
[2023-01-03T03:49:09.456+0000] {processor.py:175} INFO - Processing /home/airflow/.local/lib/python3.7/site-packages/airflow/example_dags/tutorial_dag.py took 0.082 seconds
[2023-01-03T03:49:40.108+0000] {processor.py:153} INFO - Started process (PID=684) to work on /home/airflow/.local/lib/python3.7/site-packages/airflow/example_dags/tutorial_dag.py
[2023-01-03T03:49:40.112+0000] {processor.py:743} INFO - Processing file /home/airflow/.local/lib/python3.7/site-packages/airflow/example_dags/tutorial_dag.py for tasks to queue
[2023-01-03T03:49:40.115+0000] {logging_mixin.py:137} INFO - [2023-01-03T03:49:40.115+0000] {dagbag.py:538} INFO - Filling up the DagBag from /home/airflow/.local/lib/python3.7/site-packages/airflow/example_dags/tutorial_dag.py
[2023-01-03T03:49:40.134+0000] {processor.py:753} INFO - DAG(s) dict_keys(['tutorial_dag']) retrieved from /home/airflow/.local/lib/python3.7/site-packages/airflow/example_dags/tutorial_dag.py
[2023-01-03T03:49:40.200+0000] {logging_mixin.py:137} INFO - [2023-01-03T03:49:40.200+0000] {dag.py:2676} INFO - Sync 1 DAGs
[2023-01-03T03:49:40.225+0000] {logging_mixin.py:137} INFO - [2023-01-03T03:49:40.225+0000] {dag.py:3427} INFO - Setting next_dagrun for tutorial_dag to None, run_after=None
[2023-01-03T03:49:40.245+0000] {processor.py:175} INFO - Processing /home/airflow/.local/lib/python3.7/site-packages/airflow/example_dags/tutorial_dag.py took 0.140 seconds
[2023-01-03T03:50:10.908+0000] {processor.py:153} INFO - Started process (PID=746) to work on /home/airflow/.local/lib/python3.7/site-packages/airflow/example_dags/tutorial_dag.py
[2023-01-03T03:50:10.922+0000] {processor.py:743} INFO - Processing file /home/airflow/.local/lib/python3.7/site-packages/airflow/example_dags/tutorial_dag.py for tasks to queue
[2023-01-03T03:50:10.925+0000] {logging_mixin.py:137} INFO - [2023-01-03T03:50:10.925+0000] {dagbag.py:538} INFO - Filling up the DagBag from /home/airflow/.local/lib/python3.7/site-packages/airflow/example_dags/tutorial_dag.py
[2023-01-03T03:50:10.952+0000] {processor.py:753} INFO - DAG(s) dict_keys(['tutorial_dag']) retrieved from /home/airflow/.local/lib/python3.7/site-packages/airflow/example_dags/tutorial_dag.py
[2023-01-03T03:50:11.129+0000] {logging_mixin.py:137} INFO - [2023-01-03T03:50:11.129+0000] {dag.py:2676} INFO - Sync 1 DAGs
[2023-01-03T03:50:11.331+0000] {logging_mixin.py:137} INFO - [2023-01-03T03:50:11.331+0000] {dag.py:3427} INFO - Setting next_dagrun for tutorial_dag to None, run_after=None
[2023-01-03T03:50:11.362+0000] {processor.py:175} INFO - Processing /home/airflow/.local/lib/python3.7/site-packages/airflow/example_dags/tutorial_dag.py took 0.457 seconds
[2023-01-03T03:50:41.454+0000] {processor.py:153} INFO - Started process (PID=808) to work on /home/airflow/.local/lib/python3.7/site-packages/airflow/example_dags/tutorial_dag.py
[2023-01-03T03:50:41.462+0000] {processor.py:743} INFO - Processing file /home/airflow/.local/lib/python3.7/site-packages/airflow/example_dags/tutorial_dag.py for tasks to queue
[2023-01-03T03:50:41.464+0000] {logging_mixin.py:137} INFO - [2023-01-03T03:50:41.463+0000] {dagbag.py:538} INFO - Filling up the DagBag from /home/airflow/.local/lib/python3.7/site-packages/airflow/example_dags/tutorial_dag.py
[2023-01-03T03:50:41.497+0000] {processor.py:753} INFO - DAG(s) dict_keys(['tutorial_dag']) retrieved from /home/airflow/.local/lib/python3.7/site-packages/airflow/example_dags/tutorial_dag.py
[2023-01-03T03:50:41.566+0000] {logging_mixin.py:137} INFO - [2023-01-03T03:50:41.565+0000] {dag.py:2676} INFO - Sync 1 DAGs
[2023-01-03T03:50:41.604+0000] {logging_mixin.py:137} INFO - [2023-01-03T03:50:41.604+0000] {dag.py:3427} INFO - Setting next_dagrun for tutorial_dag to None, run_after=None
[2023-01-03T03:50:41.637+0000] {processor.py:175} INFO - Processing /home/airflow/.local/lib/python3.7/site-packages/airflow/example_dags/tutorial_dag.py took 0.189 seconds
[2023-01-03T03:51:12.721+0000] {processor.py:153} INFO - Started process (PID=871) to work on /home/airflow/.local/lib/python3.7/site-packages/airflow/example_dags/tutorial_dag.py
[2023-01-03T03:51:12.728+0000] {processor.py:743} INFO - Processing file /home/airflow/.local/lib/python3.7/site-packages/airflow/example_dags/tutorial_dag.py for tasks to queue
[2023-01-03T03:51:12.730+0000] {logging_mixin.py:137} INFO - [2023-01-03T03:51:12.729+0000] {dagbag.py:538} INFO - Filling up the DagBag from /home/airflow/.local/lib/python3.7/site-packages/airflow/example_dags/tutorial_dag.py
[2023-01-03T03:51:12.741+0000] {processor.py:753} INFO - DAG(s) dict_keys(['tutorial_dag']) retrieved from /home/airflow/.local/lib/python3.7/site-packages/airflow/example_dags/tutorial_dag.py
[2023-01-03T03:51:12.874+0000] {logging_mixin.py:137} INFO - [2023-01-03T03:51:12.874+0000] {dag.py:2676} INFO - Sync 1 DAGs
[2023-01-03T03:51:12.940+0000] {logging_mixin.py:137} INFO - [2023-01-03T03:51:12.940+0000] {dag.py:3427} INFO - Setting next_dagrun for tutorial_dag to None, run_after=None
[2023-01-03T03:51:13.022+0000] {processor.py:175} INFO - Processing /home/airflow/.local/lib/python3.7/site-packages/airflow/example_dags/tutorial_dag.py took 0.304 seconds
[2023-01-03T03:51:43.952+0000] {processor.py:153} INFO - Started process (PID=933) to work on /home/airflow/.local/lib/python3.7/site-packages/airflow/example_dags/tutorial_dag.py
[2023-01-03T03:51:43.960+0000] {processor.py:743} INFO - Processing file /home/airflow/.local/lib/python3.7/site-packages/airflow/example_dags/tutorial_dag.py for tasks to queue
[2023-01-03T03:51:43.963+0000] {logging_mixin.py:137} INFO - [2023-01-03T03:51:43.963+0000] {dagbag.py:538} INFO - Filling up the DagBag from /home/airflow/.local/lib/python3.7/site-packages/airflow/example_dags/tutorial_dag.py
[2023-01-03T03:51:44.001+0000] {processor.py:753} INFO - DAG(s) dict_keys(['tutorial_dag']) retrieved from /home/airflow/.local/lib/python3.7/site-packages/airflow/example_dags/tutorial_dag.py
[2023-01-03T03:51:44.109+0000] {logging_mixin.py:137} INFO - [2023-01-03T03:51:44.109+0000] {dag.py:2676} INFO - Sync 1 DAGs
[2023-01-03T03:51:44.177+0000] {logging_mixin.py:137} INFO - [2023-01-03T03:51:44.177+0000] {dag.py:3427} INFO - Setting next_dagrun for tutorial_dag to None, run_after=None
[2023-01-03T03:51:44.222+0000] {processor.py:175} INFO - Processing /home/airflow/.local/lib/python3.7/site-packages/airflow/example_dags/tutorial_dag.py took 0.274 seconds
[2023-01-03T03:52:14.963+0000] {processor.py:153} INFO - Started process (PID=994) to work on /home/airflow/.local/lib/python3.7/site-packages/airflow/example_dags/tutorial_dag.py
[2023-01-03T03:52:14.974+0000] {processor.py:743} INFO - Processing file /home/airflow/.local/lib/python3.7/site-packages/airflow/example_dags/tutorial_dag.py for tasks to queue
[2023-01-03T03:52:14.974+0000] {logging_mixin.py:137} INFO - [2023-01-03T03:52:14.974+0000] {dagbag.py:538} INFO - Filling up the DagBag from /home/airflow/.local/lib/python3.7/site-packages/airflow/example_dags/tutorial_dag.py
[2023-01-03T03:52:15.017+0000] {processor.py:753} INFO - DAG(s) dict_keys(['tutorial_dag']) retrieved from /home/airflow/.local/lib/python3.7/site-packages/airflow/example_dags/tutorial_dag.py
[2023-01-03T03:52:15.126+0000] {logging_mixin.py:137} INFO - [2023-01-03T03:52:15.126+0000] {dag.py:2676} INFO - Sync 1 DAGs
[2023-01-03T03:52:15.158+0000] {logging_mixin.py:137} INFO - [2023-01-03T03:52:15.158+0000] {dag.py:3427} INFO - Setting next_dagrun for tutorial_dag to None, run_after=None
[2023-01-03T03:52:15.214+0000] {processor.py:175} INFO - Processing /home/airflow/.local/lib/python3.7/site-packages/airflow/example_dags/tutorial_dag.py took 0.254 seconds
[2023-01-03T03:52:56.743+0000] {processor.py:153} INFO - Started process (PID=1058) to work on /home/airflow/.local/lib/python3.7/site-packages/airflow/example_dags/tutorial_dag.py
[2023-01-03T03:52:56.745+0000] {processor.py:743} INFO - Processing file /home/airflow/.local/lib/python3.7/site-packages/airflow/example_dags/tutorial_dag.py for tasks to queue
[2023-01-03T03:52:56.745+0000] {logging_mixin.py:137} INFO - [2023-01-03T03:52:56.745+0000] {dagbag.py:538} INFO - Filling up the DagBag from /home/airflow/.local/lib/python3.7/site-packages/airflow/example_dags/tutorial_dag.py
[2023-01-03T03:52:56.780+0000] {processor.py:753} INFO - DAG(s) dict_keys(['tutorial_dag']) retrieved from /home/airflow/.local/lib/python3.7/site-packages/airflow/example_dags/tutorial_dag.py
[2023-01-03T03:52:56.965+0000] {logging_mixin.py:137} INFO - [2023-01-03T03:52:56.965+0000] {dag.py:2676} INFO - Sync 1 DAGs
[2023-01-03T03:52:57.048+0000] {logging_mixin.py:137} INFO - [2023-01-03T03:52:57.047+0000] {dag.py:3427} INFO - Setting next_dagrun for tutorial_dag to None, run_after=None
[2023-01-03T03:52:57.112+0000] {processor.py:175} INFO - Processing /home/airflow/.local/lib/python3.7/site-packages/airflow/example_dags/tutorial_dag.py took 0.375 seconds
[2023-01-03T03:53:44.266+0000] {processor.py:153} INFO - Started process (PID=1108) to work on /home/airflow/.local/lib/python3.7/site-packages/airflow/example_dags/tutorial_dag.py
[2023-01-03T03:53:44.269+0000] {processor.py:743} INFO - Processing file /home/airflow/.local/lib/python3.7/site-packages/airflow/example_dags/tutorial_dag.py for tasks to queue
[2023-01-03T03:53:44.271+0000] {logging_mixin.py:137} INFO - [2023-01-03T03:53:44.271+0000] {dagbag.py:538} INFO - Filling up the DagBag from /home/airflow/.local/lib/python3.7/site-packages/airflow/example_dags/tutorial_dag.py
[2023-01-03T03:53:44.297+0000] {processor.py:753} INFO - DAG(s) dict_keys(['tutorial_dag']) retrieved from /home/airflow/.local/lib/python3.7/site-packages/airflow/example_dags/tutorial_dag.py
[2023-01-03T03:53:44.397+0000] {logging_mixin.py:137} INFO - [2023-01-03T03:53:44.397+0000] {dag.py:2676} INFO - Sync 1 DAGs
[2023-01-03T03:53:44.448+0000] {logging_mixin.py:137} INFO - [2023-01-03T03:53:44.448+0000] {dag.py:3427} INFO - Setting next_dagrun for tutorial_dag to None, run_after=None
[2023-01-03T03:53:44.481+0000] {processor.py:175} INFO - Processing /home/airflow/.local/lib/python3.7/site-packages/airflow/example_dags/tutorial_dag.py took 0.223 seconds
[2023-01-03T03:54:16.065+0000] {processor.py:153} INFO - Started process (PID=1169) to work on /home/airflow/.local/lib/python3.7/site-packages/airflow/example_dags/tutorial_dag.py
[2023-01-03T03:54:16.094+0000] {processor.py:743} INFO - Processing file /home/airflow/.local/lib/python3.7/site-packages/airflow/example_dags/tutorial_dag.py for tasks to queue
[2023-01-03T03:54:16.098+0000] {logging_mixin.py:137} INFO - [2023-01-03T03:54:16.098+0000] {dagbag.py:538} INFO - Filling up the DagBag from /home/airflow/.local/lib/python3.7/site-packages/airflow/example_dags/tutorial_dag.py
[2023-01-03T03:54:16.174+0000] {processor.py:753} INFO - DAG(s) dict_keys(['tutorial_dag']) retrieved from /home/airflow/.local/lib/python3.7/site-packages/airflow/example_dags/tutorial_dag.py
[2023-01-03T03:54:16.252+0000] {logging_mixin.py:137} INFO - [2023-01-03T03:54:16.252+0000] {dag.py:2676} INFO - Sync 1 DAGs
[2023-01-03T03:54:16.306+0000] {logging_mixin.py:137} INFO - [2023-01-03T03:54:16.306+0000] {dag.py:3427} INFO - Setting next_dagrun for tutorial_dag to None, run_after=None
[2023-01-03T03:54:16.359+0000] {processor.py:175} INFO - Processing /home/airflow/.local/lib/python3.7/site-packages/airflow/example_dags/tutorial_dag.py took 0.299 seconds
[2023-01-03T03:54:46.474+0000] {processor.py:153} INFO - Started process (PID=1231) to work on /home/airflow/.local/lib/python3.7/site-packages/airflow/example_dags/tutorial_dag.py
[2023-01-03T03:54:46.496+0000] {processor.py:743} INFO - Processing file /home/airflow/.local/lib/python3.7/site-packages/airflow/example_dags/tutorial_dag.py for tasks to queue
[2023-01-03T03:54:46.499+0000] {logging_mixin.py:137} INFO - [2023-01-03T03:54:46.498+0000] {dagbag.py:538} INFO - Filling up the DagBag from /home/airflow/.local/lib/python3.7/site-packages/airflow/example_dags/tutorial_dag.py
[2023-01-03T03:54:46.624+0000] {processor.py:753} INFO - DAG(s) dict_keys(['tutorial_dag']) retrieved from /home/airflow/.local/lib/python3.7/site-packages/airflow/example_dags/tutorial_dag.py
[2023-01-03T03:54:46.899+0000] {logging_mixin.py:137} INFO - [2023-01-03T03:54:46.899+0000] {dag.py:2676} INFO - Sync 1 DAGs
[2023-01-03T03:54:47.028+0000] {logging_mixin.py:137} INFO - [2023-01-03T03:54:47.027+0000] {dag.py:3427} INFO - Setting next_dagrun for tutorial_dag to None, run_after=None
[2023-01-03T03:54:47.138+0000] {processor.py:175} INFO - Processing /home/airflow/.local/lib/python3.7/site-packages/airflow/example_dags/tutorial_dag.py took 0.670 seconds
[2023-01-03T04:00:21.364+0000] {processor.py:153} INFO - Started process (PID=62) to work on /home/airflow/.local/lib/python3.7/site-packages/airflow/example_dags/tutorial_dag.py
[2023-01-03T04:00:21.382+0000] {processor.py:743} INFO - Processing file /home/airflow/.local/lib/python3.7/site-packages/airflow/example_dags/tutorial_dag.py for tasks to queue
[2023-01-03T04:00:21.395+0000] {logging_mixin.py:137} INFO - [2023-01-03T04:00:21.394+0000] {dagbag.py:538} INFO - Filling up the DagBag from /home/airflow/.local/lib/python3.7/site-packages/airflow/example_dags/tutorial_dag.py
[2023-01-03T04:00:21.897+0000] {processor.py:753} INFO - DAG(s) dict_keys(['tutorial_dag']) retrieved from /home/airflow/.local/lib/python3.7/site-packages/airflow/example_dags/tutorial_dag.py
[2023-01-03T04:00:23.721+0000] {logging_mixin.py:137} INFO - [2023-01-03T04:00:23.720+0000] {dag.py:2676} INFO - Sync 1 DAGs
[2023-01-03T04:00:24.122+0000] {logging_mixin.py:137} INFO - [2023-01-03T04:00:24.122+0000] {dag.py:3427} INFO - Setting next_dagrun for tutorial_dag to None, run_after=None
[2023-01-03T04:00:24.724+0000] {processor.py:175} INFO - Processing /home/airflow/.local/lib/python3.7/site-packages/airflow/example_dags/tutorial_dag.py took 3.407 seconds
[2023-01-03T04:03:16.021+0000] {processor.py:153} INFO - Started process (PID=123) to work on /home/airflow/.local/lib/python3.7/site-packages/airflow/example_dags/tutorial_dag.py
[2023-01-03T04:03:16.118+0000] {processor.py:743} INFO - Processing file /home/airflow/.local/lib/python3.7/site-packages/airflow/example_dags/tutorial_dag.py for tasks to queue
[2023-01-03T04:03:16.162+0000] {logging_mixin.py:137} INFO - [2023-01-03T04:03:16.150+0000] {dagbag.py:538} INFO - Filling up the DagBag from /home/airflow/.local/lib/python3.7/site-packages/airflow/example_dags/tutorial_dag.py
[2023-01-03T04:03:16.901+0000] {processor.py:753} INFO - DAG(s) dict_keys(['tutorial_dag']) retrieved from /home/airflow/.local/lib/python3.7/site-packages/airflow/example_dags/tutorial_dag.py
[2023-01-03T04:03:18.561+0000] {logging_mixin.py:137} INFO - [2023-01-03T04:03:18.560+0000] {dag.py:2676} INFO - Sync 1 DAGs
[2023-01-03T04:03:19.230+0000] {logging_mixin.py:137} INFO - [2023-01-03T04:03:19.230+0000] {dag.py:3427} INFO - Setting next_dagrun for tutorial_dag to None, run_after=None
[2023-01-03T04:03:20.088+0000] {processor.py:175} INFO - Processing /home/airflow/.local/lib/python3.7/site-packages/airflow/example_dags/tutorial_dag.py took 4.238 seconds
[2023-01-03T04:07:36.115+0000] {processor.py:153} INFO - Started process (PID=71) to work on /home/airflow/.local/lib/python3.7/site-packages/airflow/example_dags/tutorial_dag.py
[2023-01-03T04:07:36.130+0000] {processor.py:743} INFO - Processing file /home/airflow/.local/lib/python3.7/site-packages/airflow/example_dags/tutorial_dag.py for tasks to queue
[2023-01-03T04:07:36.138+0000] {logging_mixin.py:137} INFO - [2023-01-03T04:07:36.138+0000] {dagbag.py:538} INFO - Filling up the DagBag from /home/airflow/.local/lib/python3.7/site-packages/airflow/example_dags/tutorial_dag.py
[2023-01-03T04:07:37.003+0000] {processor.py:753} INFO - DAG(s) dict_keys(['tutorial_dag']) retrieved from /home/airflow/.local/lib/python3.7/site-packages/airflow/example_dags/tutorial_dag.py
[2023-01-03T04:07:41.867+0000] {logging_mixin.py:137} INFO - [2023-01-03T04:07:41.789+0000] {dag.py:2676} INFO - Sync 1 DAGs
[2023-01-03T04:09:23.046+0000] {processor.py:153} INFO - Started process (PID=88) to work on /home/airflow/.local/lib/python3.7/site-packages/airflow/example_dags/tutorial_dag.py
[2023-01-03T04:09:23.051+0000] {processor.py:743} INFO - Processing file /home/airflow/.local/lib/python3.7/site-packages/airflow/example_dags/tutorial_dag.py for tasks to queue
[2023-01-03T04:09:23.056+0000] {logging_mixin.py:137} INFO - [2023-01-03T04:09:23.056+0000] {dagbag.py:538} INFO - Filling up the DagBag from /home/airflow/.local/lib/python3.7/site-packages/airflow/example_dags/tutorial_dag.py
[2023-01-03T04:09:23.176+0000] {processor.py:753} INFO - DAG(s) dict_keys(['tutorial_dag']) retrieved from /home/airflow/.local/lib/python3.7/site-packages/airflow/example_dags/tutorial_dag.py
[2023-01-03T04:09:23.394+0000] {logging_mixin.py:137} INFO - [2023-01-03T04:09:23.394+0000] {dag.py:2676} INFO - Sync 1 DAGs
[2023-01-03T04:09:23.600+0000] {logging_mixin.py:137} INFO - [2023-01-03T04:09:23.599+0000] {dag.py:3427} INFO - Setting next_dagrun for tutorial_dag to None, run_after=None
[2023-01-03T04:09:23.706+0000] {processor.py:175} INFO - Processing /home/airflow/.local/lib/python3.7/site-packages/airflow/example_dags/tutorial_dag.py took 0.679 seconds
[2023-01-03T04:09:54.164+0000] {processor.py:153} INFO - Started process (PID=150) to work on /home/airflow/.local/lib/python3.7/site-packages/airflow/example_dags/tutorial_dag.py
[2023-01-03T04:09:54.166+0000] {processor.py:743} INFO - Processing file /home/airflow/.local/lib/python3.7/site-packages/airflow/example_dags/tutorial_dag.py for tasks to queue
[2023-01-03T04:09:54.167+0000] {logging_mixin.py:137} INFO - [2023-01-03T04:09:54.167+0000] {dagbag.py:538} INFO - Filling up the DagBag from /home/airflow/.local/lib/python3.7/site-packages/airflow/example_dags/tutorial_dag.py
[2023-01-03T04:09:54.186+0000] {processor.py:753} INFO - DAG(s) dict_keys(['tutorial_dag']) retrieved from /home/airflow/.local/lib/python3.7/site-packages/airflow/example_dags/tutorial_dag.py
[2023-01-03T04:09:54.236+0000] {logging_mixin.py:137} INFO - [2023-01-03T04:09:54.236+0000] {dag.py:2676} INFO - Sync 1 DAGs
[2023-01-03T04:09:54.276+0000] {logging_mixin.py:137} INFO - [2023-01-03T04:09:54.276+0000] {dag.py:3427} INFO - Setting next_dagrun for tutorial_dag to None, run_after=None
[2023-01-03T04:09:54.327+0000] {processor.py:175} INFO - Processing /home/airflow/.local/lib/python3.7/site-packages/airflow/example_dags/tutorial_dag.py took 0.166 seconds
[2023-01-03T04:10:27.744+0000] {processor.py:153} INFO - Started process (PID=212) to work on /home/airflow/.local/lib/python3.7/site-packages/airflow/example_dags/tutorial_dag.py
[2023-01-03T04:10:27.764+0000] {processor.py:743} INFO - Processing file /home/airflow/.local/lib/python3.7/site-packages/airflow/example_dags/tutorial_dag.py for tasks to queue
[2023-01-03T04:10:27.771+0000] {logging_mixin.py:137} INFO - [2023-01-03T04:10:27.771+0000] {dagbag.py:538} INFO - Filling up the DagBag from /home/airflow/.local/lib/python3.7/site-packages/airflow/example_dags/tutorial_dag.py
[2023-01-03T04:10:27.885+0000] {processor.py:753} INFO - DAG(s) dict_keys(['tutorial_dag']) retrieved from /home/airflow/.local/lib/python3.7/site-packages/airflow/example_dags/tutorial_dag.py
[2023-01-03T04:10:28.099+0000] {logging_mixin.py:137} INFO - [2023-01-03T04:10:28.099+0000] {dag.py:2676} INFO - Sync 1 DAGs
[2023-01-03T04:10:28.225+0000] {logging_mixin.py:137} INFO - [2023-01-03T04:10:28.225+0000] {dag.py:3427} INFO - Setting next_dagrun for tutorial_dag to None, run_after=None
[2023-01-03T04:10:28.453+0000] {processor.py:175} INFO - Processing /home/airflow/.local/lib/python3.7/site-packages/airflow/example_dags/tutorial_dag.py took 0.746 seconds
[2023-01-03T04:10:59.171+0000] {processor.py:153} INFO - Started process (PID=262) to work on /home/airflow/.local/lib/python3.7/site-packages/airflow/example_dags/tutorial_dag.py
[2023-01-03T04:10:59.176+0000] {processor.py:743} INFO - Processing file /home/airflow/.local/lib/python3.7/site-packages/airflow/example_dags/tutorial_dag.py for tasks to queue
[2023-01-03T04:10:59.179+0000] {logging_mixin.py:137} INFO - [2023-01-03T04:10:59.178+0000] {dagbag.py:538} INFO - Filling up the DagBag from /home/airflow/.local/lib/python3.7/site-packages/airflow/example_dags/tutorial_dag.py
[2023-01-03T04:10:59.217+0000] {processor.py:753} INFO - DAG(s) dict_keys(['tutorial_dag']) retrieved from /home/airflow/.local/lib/python3.7/site-packages/airflow/example_dags/tutorial_dag.py
[2023-01-03T04:10:59.380+0000] {logging_mixin.py:137} INFO - [2023-01-03T04:10:59.380+0000] {dag.py:2676} INFO - Sync 1 DAGs
[2023-01-03T04:10:59.432+0000] {logging_mixin.py:137} INFO - [2023-01-03T04:10:59.432+0000] {dag.py:3427} INFO - Setting next_dagrun for tutorial_dag to None, run_after=None
[2023-01-03T04:10:59.524+0000] {processor.py:175} INFO - Processing /home/airflow/.local/lib/python3.7/site-packages/airflow/example_dags/tutorial_dag.py took 0.358 seconds
[2023-01-03T04:11:35.682+0000] {processor.py:153} INFO - Started process (PID=313) to work on /home/airflow/.local/lib/python3.7/site-packages/airflow/example_dags/tutorial_dag.py
[2023-01-03T04:11:35.725+0000] {processor.py:743} INFO - Processing file /home/airflow/.local/lib/python3.7/site-packages/airflow/example_dags/tutorial_dag.py for tasks to queue
[2023-01-03T04:11:35.727+0000] {logging_mixin.py:137} INFO - [2023-01-03T04:11:35.727+0000] {dagbag.py:538} INFO - Filling up the DagBag from /home/airflow/.local/lib/python3.7/site-packages/airflow/example_dags/tutorial_dag.py
[2023-01-03T04:11:35.973+0000] {processor.py:753} INFO - DAG(s) dict_keys(['tutorial_dag']) retrieved from /home/airflow/.local/lib/python3.7/site-packages/airflow/example_dags/tutorial_dag.py
[2023-01-03T04:11:36.429+0000] {logging_mixin.py:137} INFO - [2023-01-03T04:11:36.428+0000] {dag.py:2676} INFO - Sync 1 DAGs
[2023-01-03T04:11:36.624+0000] {logging_mixin.py:137} INFO - [2023-01-03T04:11:36.623+0000] {dag.py:3427} INFO - Setting next_dagrun for tutorial_dag to None, run_after=None
[2023-01-03T04:11:36.737+0000] {processor.py:175} INFO - Processing /home/airflow/.local/lib/python3.7/site-packages/airflow/example_dags/tutorial_dag.py took 1.093 seconds
[2023-01-03T04:12:07.667+0000] {processor.py:153} INFO - Started process (PID=379) to work on /home/airflow/.local/lib/python3.7/site-packages/airflow/example_dags/tutorial_dag.py
[2023-01-03T04:12:07.670+0000] {processor.py:743} INFO - Processing file /home/airflow/.local/lib/python3.7/site-packages/airflow/example_dags/tutorial_dag.py for tasks to queue
[2023-01-03T04:12:07.674+0000] {logging_mixin.py:137} INFO - [2023-01-03T04:12:07.674+0000] {dagbag.py:538} INFO - Filling up the DagBag from /home/airflow/.local/lib/python3.7/site-packages/airflow/example_dags/tutorial_dag.py
[2023-01-03T04:12:07.754+0000] {processor.py:753} INFO - DAG(s) dict_keys(['tutorial_dag']) retrieved from /home/airflow/.local/lib/python3.7/site-packages/airflow/example_dags/tutorial_dag.py
[2023-01-03T04:12:08.158+0000] {logging_mixin.py:137} INFO - [2023-01-03T04:12:08.136+0000] {dag.py:2676} INFO - Sync 1 DAGs
[2023-01-03T04:12:08.390+0000] {logging_mixin.py:137} INFO - [2023-01-03T04:12:08.388+0000] {dag.py:3427} INFO - Setting next_dagrun for tutorial_dag to None, run_after=None
[2023-01-03T04:12:08.598+0000] {processor.py:175} INFO - Processing /home/airflow/.local/lib/python3.7/site-packages/airflow/example_dags/tutorial_dag.py took 0.934 seconds
[2023-01-03T04:12:50.982+0000] {processor.py:153} INFO - Started process (PID=406) to work on /home/airflow/.local/lib/python3.7/site-packages/airflow/example_dags/tutorial_dag.py
[2023-01-03T04:12:51.002+0000] {processor.py:743} INFO - Processing file /home/airflow/.local/lib/python3.7/site-packages/airflow/example_dags/tutorial_dag.py for tasks to queue
[2023-01-03T04:12:51.012+0000] {logging_mixin.py:137} INFO - [2023-01-03T04:12:51.005+0000] {dagbag.py:538} INFO - Filling up the DagBag from /home/airflow/.local/lib/python3.7/site-packages/airflow/example_dags/tutorial_dag.py
[2023-01-03T04:12:51.260+0000] {processor.py:753} INFO - DAG(s) dict_keys(['tutorial_dag']) retrieved from /home/airflow/.local/lib/python3.7/site-packages/airflow/example_dags/tutorial_dag.py
[2023-01-03T04:12:51.843+0000] {logging_mixin.py:137} INFO - [2023-01-03T04:12:51.836+0000] {dag.py:2676} INFO - Sync 1 DAGs
[2023-01-03T04:12:52.217+0000] {logging_mixin.py:137} INFO - [2023-01-03T04:12:52.217+0000] {dag.py:3427} INFO - Setting next_dagrun for tutorial_dag to None, run_after=None
[2023-01-03T04:12:52.424+0000] {processor.py:175} INFO - Processing /home/airflow/.local/lib/python3.7/site-packages/airflow/example_dags/tutorial_dag.py took 1.457 seconds
