[2023-05-26T20:28:33.863+0000] {processor.py:157} INFO - Started process (PID=57) to work on /home/airflow/.local/lib/python3.7/site-packages/airflow/example_dags/example_bash_operator.py
[2023-05-26T20:28:33.865+0000] {processor.py:826} INFO - Processing file /home/airflow/.local/lib/python3.7/site-packages/airflow/example_dags/example_bash_operator.py for tasks to queue
[2023-05-26T20:28:33.866+0000] {logging_mixin.py:149} INFO - [2023-05-26T20:28:33.866+0000] {dagbag.py:541} INFO - Filling up the DagBag from /home/airflow/.local/lib/python3.7/site-packages/airflow/example_dags/example_bash_operator.py
[2023-05-26T20:28:33.887+0000] {processor.py:836} INFO - DAG(s) dict_keys(['example_bash_operator']) retrieved from /home/airflow/.local/lib/python3.7/site-packages/airflow/example_dags/example_bash_operator.py
[2023-05-26T20:28:34.062+0000] {logging_mixin.py:149} INFO - [2023-05-26T20:28:34.062+0000] {manager.py:504} INFO - Created Permission View: can delete on DAG:example_bash_operator
[2023-05-26T20:28:34.070+0000] {logging_mixin.py:149} INFO - [2023-05-26T20:28:34.070+0000] {manager.py:504} INFO - Created Permission View: can read on DAG:example_bash_operator
[2023-05-26T20:28:34.076+0000] {logging_mixin.py:149} INFO - [2023-05-26T20:28:34.076+0000] {manager.py:504} INFO - Created Permission View: can edit on DAG:example_bash_operator
[2023-05-26T20:28:34.077+0000] {logging_mixin.py:149} INFO - [2023-05-26T20:28:34.077+0000] {dag.py:2726} INFO - Sync 1 DAGs
[2023-05-26T20:28:34.096+0000] {logging_mixin.py:149} INFO - [2023-05-26T20:28:34.096+0000] {dag.py:2747} INFO - Creating ORM DAG for example_bash_operator
[2023-05-26T20:28:34.147+0000] {logging_mixin.py:149} INFO - [2023-05-26T20:28:34.147+0000] {dag.py:3490} INFO - Setting next_dagrun for example_bash_operator to 2023-05-25T00:00:00+00:00, run_after=2023-05-26T00:00:00+00:00
[2023-05-26T20:28:34.244+0000] {processor.py:179} INFO - Processing /home/airflow/.local/lib/python3.7/site-packages/airflow/example_dags/example_bash_operator.py took 0.387 seconds
[2023-05-26T20:29:05.168+0000] {processor.py:157} INFO - Started process (PID=112) to work on /home/airflow/.local/lib/python3.7/site-packages/airflow/example_dags/example_bash_operator.py
[2023-05-26T20:29:05.170+0000] {processor.py:826} INFO - Processing file /home/airflow/.local/lib/python3.7/site-packages/airflow/example_dags/example_bash_operator.py for tasks to queue
[2023-05-26T20:29:05.171+0000] {logging_mixin.py:149} INFO - [2023-05-26T20:29:05.171+0000] {dagbag.py:541} INFO - Filling up the DagBag from /home/airflow/.local/lib/python3.7/site-packages/airflow/example_dags/example_bash_operator.py
[2023-05-26T20:29:05.184+0000] {processor.py:836} INFO - DAG(s) dict_keys(['example_bash_operator']) retrieved from /home/airflow/.local/lib/python3.7/site-packages/airflow/example_dags/example_bash_operator.py
[2023-05-26T20:29:05.212+0000] {logging_mixin.py:149} INFO - [2023-05-26T20:29:05.212+0000] {dag.py:2726} INFO - Sync 1 DAGs
[2023-05-26T20:29:05.227+0000] {logging_mixin.py:149} INFO - [2023-05-26T20:29:05.227+0000] {dag.py:3490} INFO - Setting next_dagrun for example_bash_operator to 2023-05-25T00:00:00+00:00, run_after=2023-05-26T00:00:00+00:00
[2023-05-26T20:29:05.238+0000] {processor.py:179} INFO - Processing /home/airflow/.local/lib/python3.7/site-packages/airflow/example_dags/example_bash_operator.py took 0.075 seconds
[2023-05-26T20:29:35.994+0000] {processor.py:157} INFO - Started process (PID=168) to work on /home/airflow/.local/lib/python3.7/site-packages/airflow/example_dags/example_bash_operator.py
[2023-05-26T20:29:35.995+0000] {processor.py:826} INFO - Processing file /home/airflow/.local/lib/python3.7/site-packages/airflow/example_dags/example_bash_operator.py for tasks to queue
[2023-05-26T20:29:35.996+0000] {logging_mixin.py:149} INFO - [2023-05-26T20:29:35.996+0000] {dagbag.py:541} INFO - Filling up the DagBag from /home/airflow/.local/lib/python3.7/site-packages/airflow/example_dags/example_bash_operator.py
[2023-05-26T20:29:36.006+0000] {processor.py:836} INFO - DAG(s) dict_keys(['example_bash_operator']) retrieved from /home/airflow/.local/lib/python3.7/site-packages/airflow/example_dags/example_bash_operator.py
[2023-05-26T20:29:36.030+0000] {logging_mixin.py:149} INFO - [2023-05-26T20:29:36.030+0000] {dag.py:2726} INFO - Sync 1 DAGs
[2023-05-26T20:29:36.047+0000] {logging_mixin.py:149} INFO - [2023-05-26T20:29:36.046+0000] {dag.py:3490} INFO - Setting next_dagrun for example_bash_operator to 2023-05-25T00:00:00+00:00, run_after=2023-05-26T00:00:00+00:00
[2023-05-26T20:29:36.057+0000] {processor.py:179} INFO - Processing /home/airflow/.local/lib/python3.7/site-packages/airflow/example_dags/example_bash_operator.py took 0.067 seconds
[2023-05-26T20:30:06.343+0000] {processor.py:157} INFO - Started process (PID=224) to work on /home/airflow/.local/lib/python3.7/site-packages/airflow/example_dags/example_bash_operator.py
[2023-05-26T20:30:06.346+0000] {processor.py:826} INFO - Processing file /home/airflow/.local/lib/python3.7/site-packages/airflow/example_dags/example_bash_operator.py for tasks to queue
[2023-05-26T20:30:06.348+0000] {logging_mixin.py:149} INFO - [2023-05-26T20:30:06.348+0000] {dagbag.py:541} INFO - Filling up the DagBag from /home/airflow/.local/lib/python3.7/site-packages/airflow/example_dags/example_bash_operator.py
[2023-05-26T20:30:06.361+0000] {processor.py:836} INFO - DAG(s) dict_keys(['example_bash_operator']) retrieved from /home/airflow/.local/lib/python3.7/site-packages/airflow/example_dags/example_bash_operator.py
[2023-05-26T20:30:06.387+0000] {logging_mixin.py:149} INFO - [2023-05-26T20:30:06.387+0000] {dag.py:2726} INFO - Sync 1 DAGs
[2023-05-26T20:30:06.403+0000] {logging_mixin.py:149} INFO - [2023-05-26T20:30:06.403+0000] {dag.py:3490} INFO - Setting next_dagrun for example_bash_operator to 2023-05-25T00:00:00+00:00, run_after=2023-05-26T00:00:00+00:00
[2023-05-26T20:30:06.414+0000] {processor.py:179} INFO - Processing /home/airflow/.local/lib/python3.7/site-packages/airflow/example_dags/example_bash_operator.py took 0.079 seconds
[2023-05-26T20:30:36.672+0000] {processor.py:157} INFO - Started process (PID=280) to work on /home/airflow/.local/lib/python3.7/site-packages/airflow/example_dags/example_bash_operator.py
[2023-05-26T20:30:36.675+0000] {processor.py:826} INFO - Processing file /home/airflow/.local/lib/python3.7/site-packages/airflow/example_dags/example_bash_operator.py for tasks to queue
[2023-05-26T20:30:36.676+0000] {logging_mixin.py:149} INFO - [2023-05-26T20:30:36.676+0000] {dagbag.py:541} INFO - Filling up the DagBag from /home/airflow/.local/lib/python3.7/site-packages/airflow/example_dags/example_bash_operator.py
[2023-05-26T20:30:36.693+0000] {processor.py:836} INFO - DAG(s) dict_keys(['example_bash_operator']) retrieved from /home/airflow/.local/lib/python3.7/site-packages/airflow/example_dags/example_bash_operator.py
[2023-05-26T20:30:36.723+0000] {logging_mixin.py:149} INFO - [2023-05-26T20:30:36.722+0000] {dag.py:2726} INFO - Sync 1 DAGs
[2023-05-26T20:30:36.738+0000] {logging_mixin.py:149} INFO - [2023-05-26T20:30:36.738+0000] {dag.py:3490} INFO - Setting next_dagrun for example_bash_operator to 2023-05-25T00:00:00+00:00, run_after=2023-05-26T00:00:00+00:00
[2023-05-26T20:30:36.750+0000] {processor.py:179} INFO - Processing /home/airflow/.local/lib/python3.7/site-packages/airflow/example_dags/example_bash_operator.py took 0.085 seconds
[2023-05-26T20:31:07.226+0000] {processor.py:157} INFO - Started process (PID=336) to work on /home/airflow/.local/lib/python3.7/site-packages/airflow/example_dags/example_bash_operator.py
[2023-05-26T20:31:07.229+0000] {processor.py:826} INFO - Processing file /home/airflow/.local/lib/python3.7/site-packages/airflow/example_dags/example_bash_operator.py for tasks to queue
[2023-05-26T20:31:07.230+0000] {logging_mixin.py:149} INFO - [2023-05-26T20:31:07.230+0000] {dagbag.py:541} INFO - Filling up the DagBag from /home/airflow/.local/lib/python3.7/site-packages/airflow/example_dags/example_bash_operator.py
[2023-05-26T20:31:07.247+0000] {processor.py:836} INFO - DAG(s) dict_keys(['example_bash_operator']) retrieved from /home/airflow/.local/lib/python3.7/site-packages/airflow/example_dags/example_bash_operator.py
[2023-05-26T20:31:07.277+0000] {logging_mixin.py:149} INFO - [2023-05-26T20:31:07.277+0000] {dag.py:2726} INFO - Sync 1 DAGs
[2023-05-26T20:31:07.293+0000] {logging_mixin.py:149} INFO - [2023-05-26T20:31:07.293+0000] {dag.py:3490} INFO - Setting next_dagrun for example_bash_operator to 2023-05-25T00:00:00+00:00, run_after=2023-05-26T00:00:00+00:00
[2023-05-26T20:31:07.311+0000] {processor.py:179} INFO - Processing /home/airflow/.local/lib/python3.7/site-packages/airflow/example_dags/example_bash_operator.py took 0.090 seconds
[2023-05-26T20:31:37.932+0000] {processor.py:157} INFO - Started process (PID=392) to work on /home/airflow/.local/lib/python3.7/site-packages/airflow/example_dags/example_bash_operator.py
[2023-05-26T20:31:37.934+0000] {processor.py:826} INFO - Processing file /home/airflow/.local/lib/python3.7/site-packages/airflow/example_dags/example_bash_operator.py for tasks to queue
[2023-05-26T20:31:37.935+0000] {logging_mixin.py:149} INFO - [2023-05-26T20:31:37.935+0000] {dagbag.py:541} INFO - Filling up the DagBag from /home/airflow/.local/lib/python3.7/site-packages/airflow/example_dags/example_bash_operator.py
[2023-05-26T20:31:37.945+0000] {processor.py:836} INFO - DAG(s) dict_keys(['example_bash_operator']) retrieved from /home/airflow/.local/lib/python3.7/site-packages/airflow/example_dags/example_bash_operator.py
[2023-05-26T20:31:37.972+0000] {logging_mixin.py:149} INFO - [2023-05-26T20:31:37.972+0000] {dag.py:2726} INFO - Sync 1 DAGs
[2023-05-26T20:31:37.988+0000] {logging_mixin.py:149} INFO - [2023-05-26T20:31:37.988+0000] {dag.py:3490} INFO - Setting next_dagrun for example_bash_operator to 2023-05-25T00:00:00+00:00, run_after=2023-05-26T00:00:00+00:00
[2023-05-26T20:31:38.001+0000] {processor.py:179} INFO - Processing /home/airflow/.local/lib/python3.7/site-packages/airflow/example_dags/example_bash_operator.py took 0.071 seconds
[2023-05-26T20:32:08.298+0000] {processor.py:157} INFO - Started process (PID=448) to work on /home/airflow/.local/lib/python3.7/site-packages/airflow/example_dags/example_bash_operator.py
[2023-05-26T20:32:08.301+0000] {processor.py:826} INFO - Processing file /home/airflow/.local/lib/python3.7/site-packages/airflow/example_dags/example_bash_operator.py for tasks to queue
[2023-05-26T20:32:08.305+0000] {logging_mixin.py:149} INFO - [2023-05-26T20:32:08.305+0000] {dagbag.py:541} INFO - Filling up the DagBag from /home/airflow/.local/lib/python3.7/site-packages/airflow/example_dags/example_bash_operator.py
[2023-05-26T20:32:08.328+0000] {processor.py:836} INFO - DAG(s) dict_keys(['example_bash_operator']) retrieved from /home/airflow/.local/lib/python3.7/site-packages/airflow/example_dags/example_bash_operator.py
[2023-05-26T20:32:08.355+0000] {logging_mixin.py:149} INFO - [2023-05-26T20:32:08.355+0000] {dag.py:2726} INFO - Sync 1 DAGs
[2023-05-26T20:32:08.372+0000] {logging_mixin.py:149} INFO - [2023-05-26T20:32:08.372+0000] {dag.py:3490} INFO - Setting next_dagrun for example_bash_operator to 2023-05-25T00:00:00+00:00, run_after=2023-05-26T00:00:00+00:00
[2023-05-26T20:32:08.386+0000] {processor.py:179} INFO - Processing /home/airflow/.local/lib/python3.7/site-packages/airflow/example_dags/example_bash_operator.py took 0.092 seconds
[2023-05-26T20:32:38.747+0000] {processor.py:157} INFO - Started process (PID=504) to work on /home/airflow/.local/lib/python3.7/site-packages/airflow/example_dags/example_bash_operator.py
[2023-05-26T20:32:38.749+0000] {processor.py:826} INFO - Processing file /home/airflow/.local/lib/python3.7/site-packages/airflow/example_dags/example_bash_operator.py for tasks to queue
[2023-05-26T20:32:38.750+0000] {logging_mixin.py:149} INFO - [2023-05-26T20:32:38.750+0000] {dagbag.py:541} INFO - Filling up the DagBag from /home/airflow/.local/lib/python3.7/site-packages/airflow/example_dags/example_bash_operator.py
[2023-05-26T20:32:38.759+0000] {processor.py:836} INFO - DAG(s) dict_keys(['example_bash_operator']) retrieved from /home/airflow/.local/lib/python3.7/site-packages/airflow/example_dags/example_bash_operator.py
[2023-05-26T20:32:38.785+0000] {logging_mixin.py:149} INFO - [2023-05-26T20:32:38.785+0000] {dag.py:2726} INFO - Sync 1 DAGs
[2023-05-26T20:32:38.801+0000] {logging_mixin.py:149} INFO - [2023-05-26T20:32:38.801+0000] {dag.py:3490} INFO - Setting next_dagrun for example_bash_operator to 2023-05-25T00:00:00+00:00, run_after=2023-05-26T00:00:00+00:00
[2023-05-26T20:32:38.813+0000] {processor.py:179} INFO - Processing /home/airflow/.local/lib/python3.7/site-packages/airflow/example_dags/example_bash_operator.py took 0.069 seconds
[2023-05-26T20:33:09.214+0000] {processor.py:157} INFO - Started process (PID=560) to work on /home/airflow/.local/lib/python3.7/site-packages/airflow/example_dags/example_bash_operator.py
[2023-05-26T20:33:09.216+0000] {processor.py:826} INFO - Processing file /home/airflow/.local/lib/python3.7/site-packages/airflow/example_dags/example_bash_operator.py for tasks to queue
[2023-05-26T20:33:09.217+0000] {logging_mixin.py:149} INFO - [2023-05-26T20:33:09.217+0000] {dagbag.py:541} INFO - Filling up the DagBag from /home/airflow/.local/lib/python3.7/site-packages/airflow/example_dags/example_bash_operator.py
[2023-05-26T20:33:09.231+0000] {processor.py:836} INFO - DAG(s) dict_keys(['example_bash_operator']) retrieved from /home/airflow/.local/lib/python3.7/site-packages/airflow/example_dags/example_bash_operator.py
[2023-05-26T20:33:09.259+0000] {logging_mixin.py:149} INFO - [2023-05-26T20:33:09.259+0000] {dag.py:2726} INFO - Sync 1 DAGs
[2023-05-26T20:33:09.275+0000] {logging_mixin.py:149} INFO - [2023-05-26T20:33:09.275+0000] {dag.py:3490} INFO - Setting next_dagrun for example_bash_operator to 2023-05-25T00:00:00+00:00, run_after=2023-05-26T00:00:00+00:00
[2023-05-26T20:33:09.287+0000] {processor.py:179} INFO - Processing /home/airflow/.local/lib/python3.7/site-packages/airflow/example_dags/example_bash_operator.py took 0.078 seconds
[2023-05-26T20:33:39.741+0000] {processor.py:157} INFO - Started process (PID=616) to work on /home/airflow/.local/lib/python3.7/site-packages/airflow/example_dags/example_bash_operator.py
[2023-05-26T20:33:39.744+0000] {processor.py:826} INFO - Processing file /home/airflow/.local/lib/python3.7/site-packages/airflow/example_dags/example_bash_operator.py for tasks to queue
[2023-05-26T20:33:39.746+0000] {logging_mixin.py:149} INFO - [2023-05-26T20:33:39.746+0000] {dagbag.py:541} INFO - Filling up the DagBag from /home/airflow/.local/lib/python3.7/site-packages/airflow/example_dags/example_bash_operator.py
[2023-05-26T20:33:39.763+0000] {processor.py:836} INFO - DAG(s) dict_keys(['example_bash_operator']) retrieved from /home/airflow/.local/lib/python3.7/site-packages/airflow/example_dags/example_bash_operator.py
[2023-05-26T20:33:39.791+0000] {logging_mixin.py:149} INFO - [2023-05-26T20:33:39.791+0000] {dag.py:2726} INFO - Sync 1 DAGs
[2023-05-26T20:33:39.807+0000] {logging_mixin.py:149} INFO - [2023-05-26T20:33:39.807+0000] {dag.py:3490} INFO - Setting next_dagrun for example_bash_operator to 2023-05-25T00:00:00+00:00, run_after=2023-05-26T00:00:00+00:00
[2023-05-26T20:33:39.820+0000] {processor.py:179} INFO - Processing /home/airflow/.local/lib/python3.7/site-packages/airflow/example_dags/example_bash_operator.py took 0.086 seconds
[2023-05-26T20:34:10.217+0000] {processor.py:157} INFO - Started process (PID=672) to work on /home/airflow/.local/lib/python3.7/site-packages/airflow/example_dags/example_bash_operator.py
[2023-05-26T20:34:10.219+0000] {processor.py:826} INFO - Processing file /home/airflow/.local/lib/python3.7/site-packages/airflow/example_dags/example_bash_operator.py for tasks to queue
[2023-05-26T20:34:10.220+0000] {logging_mixin.py:149} INFO - [2023-05-26T20:34:10.220+0000] {dagbag.py:541} INFO - Filling up the DagBag from /home/airflow/.local/lib/python3.7/site-packages/airflow/example_dags/example_bash_operator.py
[2023-05-26T20:34:10.232+0000] {processor.py:836} INFO - DAG(s) dict_keys(['example_bash_operator']) retrieved from /home/airflow/.local/lib/python3.7/site-packages/airflow/example_dags/example_bash_operator.py
[2023-05-26T20:34:10.256+0000] {logging_mixin.py:149} INFO - [2023-05-26T20:34:10.256+0000] {dag.py:2726} INFO - Sync 1 DAGs
[2023-05-26T20:34:10.272+0000] {logging_mixin.py:149} INFO - [2023-05-26T20:34:10.272+0000] {dag.py:3490} INFO - Setting next_dagrun for example_bash_operator to 2023-05-25T00:00:00+00:00, run_after=2023-05-26T00:00:00+00:00
[2023-05-26T20:34:10.282+0000] {processor.py:179} INFO - Processing /home/airflow/.local/lib/python3.7/site-packages/airflow/example_dags/example_bash_operator.py took 0.069 seconds
[2023-05-26T20:34:40.662+0000] {processor.py:157} INFO - Started process (PID=728) to work on /home/airflow/.local/lib/python3.7/site-packages/airflow/example_dags/example_bash_operator.py
[2023-05-26T20:34:40.664+0000] {processor.py:826} INFO - Processing file /home/airflow/.local/lib/python3.7/site-packages/airflow/example_dags/example_bash_operator.py for tasks to queue
[2023-05-26T20:34:40.665+0000] {logging_mixin.py:149} INFO - [2023-05-26T20:34:40.665+0000] {dagbag.py:541} INFO - Filling up the DagBag from /home/airflow/.local/lib/python3.7/site-packages/airflow/example_dags/example_bash_operator.py
[2023-05-26T20:34:40.675+0000] {processor.py:836} INFO - DAG(s) dict_keys(['example_bash_operator']) retrieved from /home/airflow/.local/lib/python3.7/site-packages/airflow/example_dags/example_bash_operator.py
[2023-05-26T20:34:40.700+0000] {logging_mixin.py:149} INFO - [2023-05-26T20:34:40.700+0000] {dag.py:2726} INFO - Sync 1 DAGs
[2023-05-26T20:34:40.716+0000] {logging_mixin.py:149} INFO - [2023-05-26T20:34:40.716+0000] {dag.py:3490} INFO - Setting next_dagrun for example_bash_operator to 2023-05-25T00:00:00+00:00, run_after=2023-05-26T00:00:00+00:00
[2023-05-26T20:34:40.728+0000] {processor.py:179} INFO - Processing /home/airflow/.local/lib/python3.7/site-packages/airflow/example_dags/example_bash_operator.py took 0.069 seconds
[2023-05-26T20:35:11.042+0000] {processor.py:157} INFO - Started process (PID=785) to work on /home/airflow/.local/lib/python3.7/site-packages/airflow/example_dags/example_bash_operator.py
[2023-05-26T20:35:11.043+0000] {processor.py:826} INFO - Processing file /home/airflow/.local/lib/python3.7/site-packages/airflow/example_dags/example_bash_operator.py for tasks to queue
[2023-05-26T20:35:11.044+0000] {logging_mixin.py:149} INFO - [2023-05-26T20:35:11.044+0000] {dagbag.py:541} INFO - Filling up the DagBag from /home/airflow/.local/lib/python3.7/site-packages/airflow/example_dags/example_bash_operator.py
[2023-05-26T20:35:11.055+0000] {processor.py:836} INFO - DAG(s) dict_keys(['example_bash_operator']) retrieved from /home/airflow/.local/lib/python3.7/site-packages/airflow/example_dags/example_bash_operator.py
[2023-05-26T20:35:11.079+0000] {logging_mixin.py:149} INFO - [2023-05-26T20:35:11.079+0000] {dag.py:2726} INFO - Sync 1 DAGs
[2023-05-26T20:35:11.095+0000] {logging_mixin.py:149} INFO - [2023-05-26T20:35:11.095+0000] {dag.py:3490} INFO - Setting next_dagrun for example_bash_operator to 2023-05-25T00:00:00+00:00, run_after=2023-05-26T00:00:00+00:00
[2023-05-26T20:35:11.106+0000] {processor.py:179} INFO - Processing /home/airflow/.local/lib/python3.7/site-packages/airflow/example_dags/example_bash_operator.py took 0.067 seconds
[2023-05-26T20:35:41.604+0000] {processor.py:157} INFO - Started process (PID=841) to work on /home/airflow/.local/lib/python3.7/site-packages/airflow/example_dags/example_bash_operator.py
[2023-05-26T20:35:41.618+0000] {processor.py:826} INFO - Processing file /home/airflow/.local/lib/python3.7/site-packages/airflow/example_dags/example_bash_operator.py for tasks to queue
[2023-05-26T20:35:41.621+0000] {logging_mixin.py:149} INFO - [2023-05-26T20:35:41.621+0000] {dagbag.py:541} INFO - Filling up the DagBag from /home/airflow/.local/lib/python3.7/site-packages/airflow/example_dags/example_bash_operator.py
[2023-05-26T20:35:41.637+0000] {processor.py:836} INFO - DAG(s) dict_keys(['example_bash_operator']) retrieved from /home/airflow/.local/lib/python3.7/site-packages/airflow/example_dags/example_bash_operator.py
[2023-05-26T20:35:41.665+0000] {logging_mixin.py:149} INFO - [2023-05-26T20:35:41.665+0000] {dag.py:2726} INFO - Sync 1 DAGs
[2023-05-26T20:35:41.681+0000] {logging_mixin.py:149} INFO - [2023-05-26T20:35:41.681+0000] {dag.py:3490} INFO - Setting next_dagrun for example_bash_operator to 2023-05-25T00:00:00+00:00, run_after=2023-05-26T00:00:00+00:00
[2023-05-26T20:35:41.695+0000] {processor.py:179} INFO - Processing /home/airflow/.local/lib/python3.7/site-packages/airflow/example_dags/example_bash_operator.py took 0.098 seconds
[2023-05-26T20:36:11.935+0000] {processor.py:157} INFO - Started process (PID=897) to work on /home/airflow/.local/lib/python3.7/site-packages/airflow/example_dags/example_bash_operator.py
[2023-05-26T20:36:11.937+0000] {processor.py:826} INFO - Processing file /home/airflow/.local/lib/python3.7/site-packages/airflow/example_dags/example_bash_operator.py for tasks to queue
[2023-05-26T20:36:11.939+0000] {logging_mixin.py:149} INFO - [2023-05-26T20:36:11.939+0000] {dagbag.py:541} INFO - Filling up the DagBag from /home/airflow/.local/lib/python3.7/site-packages/airflow/example_dags/example_bash_operator.py
[2023-05-26T20:36:11.953+0000] {processor.py:836} INFO - DAG(s) dict_keys(['example_bash_operator']) retrieved from /home/airflow/.local/lib/python3.7/site-packages/airflow/example_dags/example_bash_operator.py
[2023-05-26T20:36:11.979+0000] {logging_mixin.py:149} INFO - [2023-05-26T20:36:11.979+0000] {dag.py:2726} INFO - Sync 1 DAGs
[2023-05-26T20:36:11.997+0000] {logging_mixin.py:149} INFO - [2023-05-26T20:36:11.997+0000] {dag.py:3490} INFO - Setting next_dagrun for example_bash_operator to 2023-05-25T00:00:00+00:00, run_after=2023-05-26T00:00:00+00:00
[2023-05-26T20:36:12.009+0000] {processor.py:179} INFO - Processing /home/airflow/.local/lib/python3.7/site-packages/airflow/example_dags/example_bash_operator.py took 0.080 seconds
[2023-05-26T20:36:42.285+0000] {processor.py:157} INFO - Started process (PID=953) to work on /home/airflow/.local/lib/python3.7/site-packages/airflow/example_dags/example_bash_operator.py
[2023-05-26T20:36:42.287+0000] {processor.py:826} INFO - Processing file /home/airflow/.local/lib/python3.7/site-packages/airflow/example_dags/example_bash_operator.py for tasks to queue
[2023-05-26T20:36:42.289+0000] {logging_mixin.py:149} INFO - [2023-05-26T20:36:42.288+0000] {dagbag.py:541} INFO - Filling up the DagBag from /home/airflow/.local/lib/python3.7/site-packages/airflow/example_dags/example_bash_operator.py
[2023-05-26T20:36:42.301+0000] {processor.py:836} INFO - DAG(s) dict_keys(['example_bash_operator']) retrieved from /home/airflow/.local/lib/python3.7/site-packages/airflow/example_dags/example_bash_operator.py
[2023-05-26T20:36:42.327+0000] {logging_mixin.py:149} INFO - [2023-05-26T20:36:42.327+0000] {dag.py:2726} INFO - Sync 1 DAGs
[2023-05-26T20:36:42.343+0000] {logging_mixin.py:149} INFO - [2023-05-26T20:36:42.342+0000] {dag.py:3490} INFO - Setting next_dagrun for example_bash_operator to 2023-05-25T00:00:00+00:00, run_after=2023-05-26T00:00:00+00:00
[2023-05-26T20:36:42.354+0000] {processor.py:179} INFO - Processing /home/airflow/.local/lib/python3.7/site-packages/airflow/example_dags/example_bash_operator.py took 0.074 seconds
[2023-05-26T20:37:12.628+0000] {processor.py:157} INFO - Started process (PID=1009) to work on /home/airflow/.local/lib/python3.7/site-packages/airflow/example_dags/example_bash_operator.py
[2023-05-26T20:37:12.631+0000] {processor.py:826} INFO - Processing file /home/airflow/.local/lib/python3.7/site-packages/airflow/example_dags/example_bash_operator.py for tasks to queue
[2023-05-26T20:37:12.633+0000] {logging_mixin.py:149} INFO - [2023-05-26T20:37:12.632+0000] {dagbag.py:541} INFO - Filling up the DagBag from /home/airflow/.local/lib/python3.7/site-packages/airflow/example_dags/example_bash_operator.py
[2023-05-26T20:37:12.647+0000] {processor.py:836} INFO - DAG(s) dict_keys(['example_bash_operator']) retrieved from /home/airflow/.local/lib/python3.7/site-packages/airflow/example_dags/example_bash_operator.py
[2023-05-26T20:37:12.672+0000] {logging_mixin.py:149} INFO - [2023-05-26T20:37:12.672+0000] {dag.py:2726} INFO - Sync 1 DAGs
[2023-05-26T20:37:12.688+0000] {logging_mixin.py:149} INFO - [2023-05-26T20:37:12.688+0000] {dag.py:3490} INFO - Setting next_dagrun for example_bash_operator to 2023-05-25T00:00:00+00:00, run_after=2023-05-26T00:00:00+00:00
[2023-05-26T20:37:12.700+0000] {processor.py:179} INFO - Processing /home/airflow/.local/lib/python3.7/site-packages/airflow/example_dags/example_bash_operator.py took 0.080 seconds
[2023-05-26T20:37:42.984+0000] {processor.py:157} INFO - Started process (PID=1065) to work on /home/airflow/.local/lib/python3.7/site-packages/airflow/example_dags/example_bash_operator.py
[2023-05-26T20:37:42.987+0000] {processor.py:826} INFO - Processing file /home/airflow/.local/lib/python3.7/site-packages/airflow/example_dags/example_bash_operator.py for tasks to queue
[2023-05-26T20:37:42.988+0000] {logging_mixin.py:149} INFO - [2023-05-26T20:37:42.988+0000] {dagbag.py:541} INFO - Filling up the DagBag from /home/airflow/.local/lib/python3.7/site-packages/airflow/example_dags/example_bash_operator.py
[2023-05-26T20:37:43.002+0000] {processor.py:836} INFO - DAG(s) dict_keys(['example_bash_operator']) retrieved from /home/airflow/.local/lib/python3.7/site-packages/airflow/example_dags/example_bash_operator.py
[2023-05-26T20:37:43.033+0000] {logging_mixin.py:149} INFO - [2023-05-26T20:37:43.033+0000] {dag.py:2726} INFO - Sync 1 DAGs
[2023-05-26T20:37:43.051+0000] {logging_mixin.py:149} INFO - [2023-05-26T20:37:43.051+0000] {dag.py:3490} INFO - Setting next_dagrun for example_bash_operator to 2023-05-25T00:00:00+00:00, run_after=2023-05-26T00:00:00+00:00
[2023-05-26T20:37:43.065+0000] {processor.py:179} INFO - Processing /home/airflow/.local/lib/python3.7/site-packages/airflow/example_dags/example_bash_operator.py took 0.088 seconds
[2023-05-26T20:38:13.263+0000] {processor.py:157} INFO - Started process (PID=1121) to work on /home/airflow/.local/lib/python3.7/site-packages/airflow/example_dags/example_bash_operator.py
[2023-05-26T20:38:13.265+0000] {processor.py:826} INFO - Processing file /home/airflow/.local/lib/python3.7/site-packages/airflow/example_dags/example_bash_operator.py for tasks to queue
[2023-05-26T20:38:13.266+0000] {logging_mixin.py:149} INFO - [2023-05-26T20:38:13.266+0000] {dagbag.py:541} INFO - Filling up the DagBag from /home/airflow/.local/lib/python3.7/site-packages/airflow/example_dags/example_bash_operator.py
[2023-05-26T20:38:13.280+0000] {processor.py:836} INFO - DAG(s) dict_keys(['example_bash_operator']) retrieved from /home/airflow/.local/lib/python3.7/site-packages/airflow/example_dags/example_bash_operator.py
[2023-05-26T20:38:13.310+0000] {logging_mixin.py:149} INFO - [2023-05-26T20:38:13.310+0000] {dag.py:2726} INFO - Sync 1 DAGs
[2023-05-26T20:38:13.325+0000] {logging_mixin.py:149} INFO - [2023-05-26T20:38:13.325+0000] {dag.py:3490} INFO - Setting next_dagrun for example_bash_operator to 2023-05-25T00:00:00+00:00, run_after=2023-05-26T00:00:00+00:00
[2023-05-26T20:38:13.336+0000] {processor.py:179} INFO - Processing /home/airflow/.local/lib/python3.7/site-packages/airflow/example_dags/example_bash_operator.py took 0.077 seconds
[2023-05-26T20:38:43.715+0000] {processor.py:157} INFO - Started process (PID=1178) to work on /home/airflow/.local/lib/python3.7/site-packages/airflow/example_dags/example_bash_operator.py
[2023-05-26T20:38:43.717+0000] {processor.py:826} INFO - Processing file /home/airflow/.local/lib/python3.7/site-packages/airflow/example_dags/example_bash_operator.py for tasks to queue
[2023-05-26T20:38:43.717+0000] {logging_mixin.py:149} INFO - [2023-05-26T20:38:43.717+0000] {dagbag.py:541} INFO - Filling up the DagBag from /home/airflow/.local/lib/python3.7/site-packages/airflow/example_dags/example_bash_operator.py
[2023-05-26T20:38:43.728+0000] {processor.py:836} INFO - DAG(s) dict_keys(['example_bash_operator']) retrieved from /home/airflow/.local/lib/python3.7/site-packages/airflow/example_dags/example_bash_operator.py
[2023-05-26T20:38:43.755+0000] {logging_mixin.py:149} INFO - [2023-05-26T20:38:43.755+0000] {dag.py:2726} INFO - Sync 1 DAGs
[2023-05-26T20:38:43.771+0000] {logging_mixin.py:149} INFO - [2023-05-26T20:38:43.771+0000] {dag.py:3490} INFO - Setting next_dagrun for example_bash_operator to 2023-05-25T00:00:00+00:00, run_after=2023-05-26T00:00:00+00:00
[2023-05-26T20:38:43.783+0000] {processor.py:179} INFO - Processing /home/airflow/.local/lib/python3.7/site-packages/airflow/example_dags/example_bash_operator.py took 0.071 seconds
[2023-05-26T20:39:14.072+0000] {processor.py:157} INFO - Started process (PID=1234) to work on /home/airflow/.local/lib/python3.7/site-packages/airflow/example_dags/example_bash_operator.py
[2023-05-26T20:39:14.074+0000] {processor.py:826} INFO - Processing file /home/airflow/.local/lib/python3.7/site-packages/airflow/example_dags/example_bash_operator.py for tasks to queue
[2023-05-26T20:39:14.075+0000] {logging_mixin.py:149} INFO - [2023-05-26T20:39:14.075+0000] {dagbag.py:541} INFO - Filling up the DagBag from /home/airflow/.local/lib/python3.7/site-packages/airflow/example_dags/example_bash_operator.py
[2023-05-26T20:39:14.085+0000] {processor.py:836} INFO - DAG(s) dict_keys(['example_bash_operator']) retrieved from /home/airflow/.local/lib/python3.7/site-packages/airflow/example_dags/example_bash_operator.py
[2023-05-26T20:39:14.116+0000] {logging_mixin.py:149} INFO - [2023-05-26T20:39:14.116+0000] {dag.py:2726} INFO - Sync 1 DAGs
[2023-05-26T20:39:14.132+0000] {logging_mixin.py:149} INFO - [2023-05-26T20:39:14.132+0000] {dag.py:3490} INFO - Setting next_dagrun for example_bash_operator to 2023-05-25T00:00:00+00:00, run_after=2023-05-26T00:00:00+00:00
[2023-05-26T20:39:14.144+0000] {processor.py:179} INFO - Processing /home/airflow/.local/lib/python3.7/site-packages/airflow/example_dags/example_bash_operator.py took 0.075 seconds
[2023-05-26T20:39:44.362+0000] {processor.py:157} INFO - Started process (PID=1290) to work on /home/airflow/.local/lib/python3.7/site-packages/airflow/example_dags/example_bash_operator.py
[2023-05-26T20:39:44.365+0000] {processor.py:826} INFO - Processing file /home/airflow/.local/lib/python3.7/site-packages/airflow/example_dags/example_bash_operator.py for tasks to queue
[2023-05-26T20:39:44.366+0000] {logging_mixin.py:149} INFO - [2023-05-26T20:39:44.366+0000] {dagbag.py:541} INFO - Filling up the DagBag from /home/airflow/.local/lib/python3.7/site-packages/airflow/example_dags/example_bash_operator.py
[2023-05-26T20:39:44.380+0000] {processor.py:836} INFO - DAG(s) dict_keys(['example_bash_operator']) retrieved from /home/airflow/.local/lib/python3.7/site-packages/airflow/example_dags/example_bash_operator.py
[2023-05-26T20:39:44.408+0000] {logging_mixin.py:149} INFO - [2023-05-26T20:39:44.408+0000] {dag.py:2726} INFO - Sync 1 DAGs
[2023-05-26T20:39:44.423+0000] {logging_mixin.py:149} INFO - [2023-05-26T20:39:44.423+0000] {dag.py:3490} INFO - Setting next_dagrun for example_bash_operator to 2023-05-25T00:00:00+00:00, run_after=2023-05-26T00:00:00+00:00
[2023-05-26T20:39:44.434+0000] {processor.py:179} INFO - Processing /home/airflow/.local/lib/python3.7/site-packages/airflow/example_dags/example_bash_operator.py took 0.080 seconds
[2023-05-26T20:40:14.757+0000] {processor.py:157} INFO - Started process (PID=1347) to work on /home/airflow/.local/lib/python3.7/site-packages/airflow/example_dags/example_bash_operator.py
[2023-05-26T20:40:14.759+0000] {processor.py:826} INFO - Processing file /home/airflow/.local/lib/python3.7/site-packages/airflow/example_dags/example_bash_operator.py for tasks to queue
[2023-05-26T20:40:14.763+0000] {logging_mixin.py:149} INFO - [2023-05-26T20:40:14.763+0000] {dagbag.py:541} INFO - Filling up the DagBag from /home/airflow/.local/lib/python3.7/site-packages/airflow/example_dags/example_bash_operator.py
[2023-05-26T20:40:14.778+0000] {processor.py:836} INFO - DAG(s) dict_keys(['example_bash_operator']) retrieved from /home/airflow/.local/lib/python3.7/site-packages/airflow/example_dags/example_bash_operator.py
[2023-05-26T20:40:14.804+0000] {logging_mixin.py:149} INFO - [2023-05-26T20:40:14.804+0000] {dag.py:2726} INFO - Sync 1 DAGs
[2023-05-26T20:40:14.822+0000] {logging_mixin.py:149} INFO - [2023-05-26T20:40:14.822+0000] {dag.py:3490} INFO - Setting next_dagrun for example_bash_operator to 2023-05-25T00:00:00+00:00, run_after=2023-05-26T00:00:00+00:00
[2023-05-26T20:40:14.839+0000] {processor.py:179} INFO - Processing /home/airflow/.local/lib/python3.7/site-packages/airflow/example_dags/example_bash_operator.py took 0.085 seconds
[2023-05-26T20:40:45.325+0000] {processor.py:157} INFO - Started process (PID=1403) to work on /home/airflow/.local/lib/python3.7/site-packages/airflow/example_dags/example_bash_operator.py
[2023-05-26T20:40:45.327+0000] {processor.py:826} INFO - Processing file /home/airflow/.local/lib/python3.7/site-packages/airflow/example_dags/example_bash_operator.py for tasks to queue
[2023-05-26T20:40:45.329+0000] {logging_mixin.py:149} INFO - [2023-05-26T20:40:45.328+0000] {dagbag.py:541} INFO - Filling up the DagBag from /home/airflow/.local/lib/python3.7/site-packages/airflow/example_dags/example_bash_operator.py
[2023-05-26T20:40:45.345+0000] {processor.py:836} INFO - DAG(s) dict_keys(['example_bash_operator']) retrieved from /home/airflow/.local/lib/python3.7/site-packages/airflow/example_dags/example_bash_operator.py
[2023-05-26T20:40:45.373+0000] {logging_mixin.py:149} INFO - [2023-05-26T20:40:45.373+0000] {dag.py:2726} INFO - Sync 1 DAGs
[2023-05-26T20:40:45.389+0000] {logging_mixin.py:149} INFO - [2023-05-26T20:40:45.388+0000] {dag.py:3490} INFO - Setting next_dagrun for example_bash_operator to 2023-05-25T00:00:00+00:00, run_after=2023-05-26T00:00:00+00:00
[2023-05-26T20:40:45.400+0000] {processor.py:179} INFO - Processing /home/airflow/.local/lib/python3.7/site-packages/airflow/example_dags/example_bash_operator.py took 0.081 seconds
[2023-05-26T20:41:15.745+0000] {processor.py:157} INFO - Started process (PID=1460) to work on /home/airflow/.local/lib/python3.7/site-packages/airflow/example_dags/example_bash_operator.py
[2023-05-26T20:41:15.748+0000] {processor.py:826} INFO - Processing file /home/airflow/.local/lib/python3.7/site-packages/airflow/example_dags/example_bash_operator.py for tasks to queue
[2023-05-26T20:41:15.750+0000] {logging_mixin.py:149} INFO - [2023-05-26T20:41:15.749+0000] {dagbag.py:541} INFO - Filling up the DagBag from /home/airflow/.local/lib/python3.7/site-packages/airflow/example_dags/example_bash_operator.py
[2023-05-26T20:41:15.765+0000] {processor.py:836} INFO - DAG(s) dict_keys(['example_bash_operator']) retrieved from /home/airflow/.local/lib/python3.7/site-packages/airflow/example_dags/example_bash_operator.py
[2023-05-26T20:41:15.791+0000] {logging_mixin.py:149} INFO - [2023-05-26T20:41:15.790+0000] {dag.py:2726} INFO - Sync 1 DAGs
[2023-05-26T20:41:15.806+0000] {logging_mixin.py:149} INFO - [2023-05-26T20:41:15.806+0000] {dag.py:3490} INFO - Setting next_dagrun for example_bash_operator to 2023-05-25T00:00:00+00:00, run_after=2023-05-26T00:00:00+00:00
[2023-05-26T20:41:15.817+0000] {processor.py:179} INFO - Processing /home/airflow/.local/lib/python3.7/site-packages/airflow/example_dags/example_bash_operator.py took 0.080 seconds
[2023-05-26T20:41:46.074+0000] {processor.py:157} INFO - Started process (PID=1516) to work on /home/airflow/.local/lib/python3.7/site-packages/airflow/example_dags/example_bash_operator.py
[2023-05-26T20:41:46.076+0000] {processor.py:826} INFO - Processing file /home/airflow/.local/lib/python3.7/site-packages/airflow/example_dags/example_bash_operator.py for tasks to queue
[2023-05-26T20:41:46.077+0000] {logging_mixin.py:149} INFO - [2023-05-26T20:41:46.076+0000] {dagbag.py:541} INFO - Filling up the DagBag from /home/airflow/.local/lib/python3.7/site-packages/airflow/example_dags/example_bash_operator.py
[2023-05-26T20:41:46.087+0000] {processor.py:836} INFO - DAG(s) dict_keys(['example_bash_operator']) retrieved from /home/airflow/.local/lib/python3.7/site-packages/airflow/example_dags/example_bash_operator.py
[2023-05-26T20:41:46.112+0000] {logging_mixin.py:149} INFO - [2023-05-26T20:41:46.112+0000] {dag.py:2726} INFO - Sync 1 DAGs
[2023-05-26T20:41:46.128+0000] {logging_mixin.py:149} INFO - [2023-05-26T20:41:46.128+0000] {dag.py:3490} INFO - Setting next_dagrun for example_bash_operator to 2023-05-25T00:00:00+00:00, run_after=2023-05-26T00:00:00+00:00
[2023-05-26T20:41:46.139+0000] {processor.py:179} INFO - Processing /home/airflow/.local/lib/python3.7/site-packages/airflow/example_dags/example_bash_operator.py took 0.068 seconds
[2023-05-26T20:42:16.394+0000] {processor.py:157} INFO - Started process (PID=1572) to work on /home/airflow/.local/lib/python3.7/site-packages/airflow/example_dags/example_bash_operator.py
[2023-05-26T20:42:16.398+0000] {processor.py:826} INFO - Processing file /home/airflow/.local/lib/python3.7/site-packages/airflow/example_dags/example_bash_operator.py for tasks to queue
[2023-05-26T20:42:16.400+0000] {logging_mixin.py:149} INFO - [2023-05-26T20:42:16.399+0000] {dagbag.py:541} INFO - Filling up the DagBag from /home/airflow/.local/lib/python3.7/site-packages/airflow/example_dags/example_bash_operator.py
[2023-05-26T20:42:16.414+0000] {processor.py:836} INFO - DAG(s) dict_keys(['example_bash_operator']) retrieved from /home/airflow/.local/lib/python3.7/site-packages/airflow/example_dags/example_bash_operator.py
[2023-05-26T20:42:16.442+0000] {logging_mixin.py:149} INFO - [2023-05-26T20:42:16.442+0000] {dag.py:2726} INFO - Sync 1 DAGs
[2023-05-26T20:42:16.457+0000] {logging_mixin.py:149} INFO - [2023-05-26T20:42:16.457+0000] {dag.py:3490} INFO - Setting next_dagrun for example_bash_operator to 2023-05-25T00:00:00+00:00, run_after=2023-05-26T00:00:00+00:00
[2023-05-26T20:42:16.468+0000] {processor.py:179} INFO - Processing /home/airflow/.local/lib/python3.7/site-packages/airflow/example_dags/example_bash_operator.py took 0.081 seconds
[2023-05-26T20:42:46.995+0000] {processor.py:157} INFO - Started process (PID=1628) to work on /home/airflow/.local/lib/python3.7/site-packages/airflow/example_dags/example_bash_operator.py
[2023-05-26T20:42:46.997+0000] {processor.py:826} INFO - Processing file /home/airflow/.local/lib/python3.7/site-packages/airflow/example_dags/example_bash_operator.py for tasks to queue
[2023-05-26T20:42:46.999+0000] {logging_mixin.py:149} INFO - [2023-05-26T20:42:46.999+0000] {dagbag.py:541} INFO - Filling up the DagBag from /home/airflow/.local/lib/python3.7/site-packages/airflow/example_dags/example_bash_operator.py
[2023-05-26T20:42:47.017+0000] {processor.py:836} INFO - DAG(s) dict_keys(['example_bash_operator']) retrieved from /home/airflow/.local/lib/python3.7/site-packages/airflow/example_dags/example_bash_operator.py
[2023-05-26T20:42:47.044+0000] {logging_mixin.py:149} INFO - [2023-05-26T20:42:47.044+0000] {dag.py:2726} INFO - Sync 1 DAGs
[2023-05-26T20:42:47.060+0000] {logging_mixin.py:149} INFO - [2023-05-26T20:42:47.060+0000] {dag.py:3490} INFO - Setting next_dagrun for example_bash_operator to 2023-05-25T00:00:00+00:00, run_after=2023-05-26T00:00:00+00:00
[2023-05-26T20:42:47.071+0000] {processor.py:179} INFO - Processing /home/airflow/.local/lib/python3.7/site-packages/airflow/example_dags/example_bash_operator.py took 0.084 seconds
[2023-05-26T20:43:17.414+0000] {processor.py:157} INFO - Started process (PID=1684) to work on /home/airflow/.local/lib/python3.7/site-packages/airflow/example_dags/example_bash_operator.py
[2023-05-26T20:43:17.416+0000] {processor.py:826} INFO - Processing file /home/airflow/.local/lib/python3.7/site-packages/airflow/example_dags/example_bash_operator.py for tasks to queue
[2023-05-26T20:43:17.417+0000] {logging_mixin.py:149} INFO - [2023-05-26T20:43:17.417+0000] {dagbag.py:541} INFO - Filling up the DagBag from /home/airflow/.local/lib/python3.7/site-packages/airflow/example_dags/example_bash_operator.py
[2023-05-26T20:43:17.431+0000] {processor.py:836} INFO - DAG(s) dict_keys(['example_bash_operator']) retrieved from /home/airflow/.local/lib/python3.7/site-packages/airflow/example_dags/example_bash_operator.py
[2023-05-26T20:43:17.459+0000] {logging_mixin.py:149} INFO - [2023-05-26T20:43:17.459+0000] {dag.py:2726} INFO - Sync 1 DAGs
[2023-05-26T20:43:17.474+0000] {logging_mixin.py:149} INFO - [2023-05-26T20:43:17.474+0000] {dag.py:3490} INFO - Setting next_dagrun for example_bash_operator to 2023-05-25T00:00:00+00:00, run_after=2023-05-26T00:00:00+00:00
[2023-05-26T20:43:17.485+0000] {processor.py:179} INFO - Processing /home/airflow/.local/lib/python3.7/site-packages/airflow/example_dags/example_bash_operator.py took 0.076 seconds
[2023-05-26T20:43:47.796+0000] {processor.py:157} INFO - Started process (PID=1740) to work on /home/airflow/.local/lib/python3.7/site-packages/airflow/example_dags/example_bash_operator.py
[2023-05-26T20:43:47.799+0000] {processor.py:826} INFO - Processing file /home/airflow/.local/lib/python3.7/site-packages/airflow/example_dags/example_bash_operator.py for tasks to queue
[2023-05-26T20:43:47.800+0000] {logging_mixin.py:149} INFO - [2023-05-26T20:43:47.800+0000] {dagbag.py:541} INFO - Filling up the DagBag from /home/airflow/.local/lib/python3.7/site-packages/airflow/example_dags/example_bash_operator.py
[2023-05-26T20:43:47.817+0000] {processor.py:836} INFO - DAG(s) dict_keys(['example_bash_operator']) retrieved from /home/airflow/.local/lib/python3.7/site-packages/airflow/example_dags/example_bash_operator.py
[2023-05-26T20:43:47.844+0000] {logging_mixin.py:149} INFO - [2023-05-26T20:43:47.844+0000] {dag.py:2726} INFO - Sync 1 DAGs
[2023-05-26T20:43:47.860+0000] {logging_mixin.py:149} INFO - [2023-05-26T20:43:47.860+0000] {dag.py:3490} INFO - Setting next_dagrun for example_bash_operator to 2023-05-25T00:00:00+00:00, run_after=2023-05-26T00:00:00+00:00
[2023-05-26T20:43:47.871+0000] {processor.py:179} INFO - Processing /home/airflow/.local/lib/python3.7/site-packages/airflow/example_dags/example_bash_operator.py took 0.081 seconds
[2023-05-26T20:44:18.108+0000] {processor.py:157} INFO - Started process (PID=1796) to work on /home/airflow/.local/lib/python3.7/site-packages/airflow/example_dags/example_bash_operator.py
[2023-05-26T20:44:18.111+0000] {processor.py:826} INFO - Processing file /home/airflow/.local/lib/python3.7/site-packages/airflow/example_dags/example_bash_operator.py for tasks to queue
[2023-05-26T20:44:18.113+0000] {logging_mixin.py:149} INFO - [2023-05-26T20:44:18.113+0000] {dagbag.py:541} INFO - Filling up the DagBag from /home/airflow/.local/lib/python3.7/site-packages/airflow/example_dags/example_bash_operator.py
[2023-05-26T20:44:18.130+0000] {processor.py:836} INFO - DAG(s) dict_keys(['example_bash_operator']) retrieved from /home/airflow/.local/lib/python3.7/site-packages/airflow/example_dags/example_bash_operator.py
[2023-05-26T20:44:18.157+0000] {logging_mixin.py:149} INFO - [2023-05-26T20:44:18.157+0000] {dag.py:2726} INFO - Sync 1 DAGs
[2023-05-26T20:44:18.172+0000] {logging_mixin.py:149} INFO - [2023-05-26T20:44:18.172+0000] {dag.py:3490} INFO - Setting next_dagrun for example_bash_operator to 2023-05-25T00:00:00+00:00, run_after=2023-05-26T00:00:00+00:00
[2023-05-26T20:44:18.184+0000] {processor.py:179} INFO - Processing /home/airflow/.local/lib/python3.7/site-packages/airflow/example_dags/example_bash_operator.py took 0.083 seconds
[2023-05-26T20:44:48.510+0000] {processor.py:157} INFO - Started process (PID=1853) to work on /home/airflow/.local/lib/python3.7/site-packages/airflow/example_dags/example_bash_operator.py
[2023-05-26T20:44:48.513+0000] {processor.py:826} INFO - Processing file /home/airflow/.local/lib/python3.7/site-packages/airflow/example_dags/example_bash_operator.py for tasks to queue
[2023-05-26T20:44:48.514+0000] {logging_mixin.py:149} INFO - [2023-05-26T20:44:48.514+0000] {dagbag.py:541} INFO - Filling up the DagBag from /home/airflow/.local/lib/python3.7/site-packages/airflow/example_dags/example_bash_operator.py
[2023-05-26T20:44:48.528+0000] {processor.py:836} INFO - DAG(s) dict_keys(['example_bash_operator']) retrieved from /home/airflow/.local/lib/python3.7/site-packages/airflow/example_dags/example_bash_operator.py
[2023-05-26T20:44:48.554+0000] {logging_mixin.py:149} INFO - [2023-05-26T20:44:48.554+0000] {dag.py:2726} INFO - Sync 1 DAGs
[2023-05-26T20:44:48.570+0000] {logging_mixin.py:149} INFO - [2023-05-26T20:44:48.570+0000] {dag.py:3490} INFO - Setting next_dagrun for example_bash_operator to 2023-05-25T00:00:00+00:00, run_after=2023-05-26T00:00:00+00:00
[2023-05-26T20:44:48.583+0000] {processor.py:179} INFO - Processing /home/airflow/.local/lib/python3.7/site-packages/airflow/example_dags/example_bash_operator.py took 0.079 seconds
[2023-05-26T20:45:18.874+0000] {processor.py:157} INFO - Started process (PID=1909) to work on /home/airflow/.local/lib/python3.7/site-packages/airflow/example_dags/example_bash_operator.py
[2023-05-26T20:45:18.877+0000] {processor.py:826} INFO - Processing file /home/airflow/.local/lib/python3.7/site-packages/airflow/example_dags/example_bash_operator.py for tasks to queue
[2023-05-26T20:45:18.878+0000] {logging_mixin.py:149} INFO - [2023-05-26T20:45:18.878+0000] {dagbag.py:541} INFO - Filling up the DagBag from /home/airflow/.local/lib/python3.7/site-packages/airflow/example_dags/example_bash_operator.py
[2023-05-26T20:45:18.892+0000] {processor.py:836} INFO - DAG(s) dict_keys(['example_bash_operator']) retrieved from /home/airflow/.local/lib/python3.7/site-packages/airflow/example_dags/example_bash_operator.py
[2023-05-26T20:45:18.921+0000] {logging_mixin.py:149} INFO - [2023-05-26T20:45:18.920+0000] {dag.py:2726} INFO - Sync 1 DAGs
[2023-05-26T20:45:18.936+0000] {logging_mixin.py:149} INFO - [2023-05-26T20:45:18.936+0000] {dag.py:3490} INFO - Setting next_dagrun for example_bash_operator to 2023-05-25T00:00:00+00:00, run_after=2023-05-26T00:00:00+00:00
[2023-05-26T20:45:18.948+0000] {processor.py:179} INFO - Processing /home/airflow/.local/lib/python3.7/site-packages/airflow/example_dags/example_bash_operator.py took 0.079 seconds
[2023-05-26T20:45:49.271+0000] {processor.py:157} INFO - Started process (PID=1965) to work on /home/airflow/.local/lib/python3.7/site-packages/airflow/example_dags/example_bash_operator.py
[2023-05-26T20:45:49.274+0000] {processor.py:826} INFO - Processing file /home/airflow/.local/lib/python3.7/site-packages/airflow/example_dags/example_bash_operator.py for tasks to queue
[2023-05-26T20:45:49.276+0000] {logging_mixin.py:149} INFO - [2023-05-26T20:45:49.276+0000] {dagbag.py:541} INFO - Filling up the DagBag from /home/airflow/.local/lib/python3.7/site-packages/airflow/example_dags/example_bash_operator.py
[2023-05-26T20:45:49.291+0000] {processor.py:836} INFO - DAG(s) dict_keys(['example_bash_operator']) retrieved from /home/airflow/.local/lib/python3.7/site-packages/airflow/example_dags/example_bash_operator.py
[2023-05-26T20:45:49.321+0000] {logging_mixin.py:149} INFO - [2023-05-26T20:45:49.320+0000] {dag.py:2726} INFO - Sync 1 DAGs
[2023-05-26T20:45:49.336+0000] {logging_mixin.py:149} INFO - [2023-05-26T20:45:49.335+0000] {dag.py:3490} INFO - Setting next_dagrun for example_bash_operator to 2023-05-25T00:00:00+00:00, run_after=2023-05-26T00:00:00+00:00
[2023-05-26T20:45:49.347+0000] {processor.py:179} INFO - Processing /home/airflow/.local/lib/python3.7/site-packages/airflow/example_dags/example_bash_operator.py took 0.082 seconds
[2023-05-26T20:46:19.936+0000] {processor.py:157} INFO - Started process (PID=2021) to work on /home/airflow/.local/lib/python3.7/site-packages/airflow/example_dags/example_bash_operator.py
[2023-05-26T20:46:19.939+0000] {processor.py:826} INFO - Processing file /home/airflow/.local/lib/python3.7/site-packages/airflow/example_dags/example_bash_operator.py for tasks to queue
[2023-05-26T20:46:19.941+0000] {logging_mixin.py:149} INFO - [2023-05-26T20:46:19.940+0000] {dagbag.py:541} INFO - Filling up the DagBag from /home/airflow/.local/lib/python3.7/site-packages/airflow/example_dags/example_bash_operator.py
[2023-05-26T20:46:19.956+0000] {processor.py:836} INFO - DAG(s) dict_keys(['example_bash_operator']) retrieved from /home/airflow/.local/lib/python3.7/site-packages/airflow/example_dags/example_bash_operator.py
[2023-05-26T20:46:19.988+0000] {logging_mixin.py:149} INFO - [2023-05-26T20:46:19.988+0000] {dag.py:2726} INFO - Sync 1 DAGs
[2023-05-26T20:46:20.005+0000] {logging_mixin.py:149} INFO - [2023-05-26T20:46:20.005+0000] {dag.py:3490} INFO - Setting next_dagrun for example_bash_operator to 2023-05-25T00:00:00+00:00, run_after=2023-05-26T00:00:00+00:00
[2023-05-26T20:46:20.017+0000] {processor.py:179} INFO - Processing /home/airflow/.local/lib/python3.7/site-packages/airflow/example_dags/example_bash_operator.py took 0.087 seconds
[2023-05-26T20:46:50.535+0000] {processor.py:157} INFO - Started process (PID=2077) to work on /home/airflow/.local/lib/python3.7/site-packages/airflow/example_dags/example_bash_operator.py
[2023-05-26T20:46:50.538+0000] {processor.py:826} INFO - Processing file /home/airflow/.local/lib/python3.7/site-packages/airflow/example_dags/example_bash_operator.py for tasks to queue
[2023-05-26T20:46:50.540+0000] {logging_mixin.py:149} INFO - [2023-05-26T20:46:50.539+0000] {dagbag.py:541} INFO - Filling up the DagBag from /home/airflow/.local/lib/python3.7/site-packages/airflow/example_dags/example_bash_operator.py
[2023-05-26T20:46:50.555+0000] {processor.py:836} INFO - DAG(s) dict_keys(['example_bash_operator']) retrieved from /home/airflow/.local/lib/python3.7/site-packages/airflow/example_dags/example_bash_operator.py
[2023-05-26T20:46:50.584+0000] {logging_mixin.py:149} INFO - [2023-05-26T20:46:50.584+0000] {dag.py:2726} INFO - Sync 1 DAGs
[2023-05-26T20:46:50.599+0000] {logging_mixin.py:149} INFO - [2023-05-26T20:46:50.599+0000] {dag.py:3490} INFO - Setting next_dagrun for example_bash_operator to 2023-05-25T00:00:00+00:00, run_after=2023-05-26T00:00:00+00:00
[2023-05-26T20:46:50.614+0000] {processor.py:179} INFO - Processing /home/airflow/.local/lib/python3.7/site-packages/airflow/example_dags/example_bash_operator.py took 0.085 seconds
[2023-05-26T20:47:21.229+0000] {processor.py:157} INFO - Started process (PID=2133) to work on /home/airflow/.local/lib/python3.7/site-packages/airflow/example_dags/example_bash_operator.py
[2023-05-26T20:47:21.231+0000] {processor.py:826} INFO - Processing file /home/airflow/.local/lib/python3.7/site-packages/airflow/example_dags/example_bash_operator.py for tasks to queue
[2023-05-26T20:47:21.232+0000] {logging_mixin.py:149} INFO - [2023-05-26T20:47:21.232+0000] {dagbag.py:541} INFO - Filling up the DagBag from /home/airflow/.local/lib/python3.7/site-packages/airflow/example_dags/example_bash_operator.py
[2023-05-26T20:47:21.247+0000] {processor.py:836} INFO - DAG(s) dict_keys(['example_bash_operator']) retrieved from /home/airflow/.local/lib/python3.7/site-packages/airflow/example_dags/example_bash_operator.py
[2023-05-26T20:47:21.274+0000] {logging_mixin.py:149} INFO - [2023-05-26T20:47:21.274+0000] {dag.py:2726} INFO - Sync 1 DAGs
[2023-05-26T20:47:21.290+0000] {logging_mixin.py:149} INFO - [2023-05-26T20:47:21.290+0000] {dag.py:3490} INFO - Setting next_dagrun for example_bash_operator to 2023-05-25T00:00:00+00:00, run_after=2023-05-26T00:00:00+00:00
[2023-05-26T20:47:21.302+0000] {processor.py:179} INFO - Processing /home/airflow/.local/lib/python3.7/site-packages/airflow/example_dags/example_bash_operator.py took 0.079 seconds
[2023-05-26T20:47:51.983+0000] {processor.py:157} INFO - Started process (PID=2189) to work on /home/airflow/.local/lib/python3.7/site-packages/airflow/example_dags/example_bash_operator.py
[2023-05-26T20:47:51.985+0000] {processor.py:826} INFO - Processing file /home/airflow/.local/lib/python3.7/site-packages/airflow/example_dags/example_bash_operator.py for tasks to queue
[2023-05-26T20:47:51.987+0000] {logging_mixin.py:149} INFO - [2023-05-26T20:47:51.987+0000] {dagbag.py:541} INFO - Filling up the DagBag from /home/airflow/.local/lib/python3.7/site-packages/airflow/example_dags/example_bash_operator.py
[2023-05-26T20:47:52.001+0000] {processor.py:836} INFO - DAG(s) dict_keys(['example_bash_operator']) retrieved from /home/airflow/.local/lib/python3.7/site-packages/airflow/example_dags/example_bash_operator.py
[2023-05-26T20:47:52.030+0000] {logging_mixin.py:149} INFO - [2023-05-26T20:47:52.030+0000] {dag.py:2726} INFO - Sync 1 DAGs
[2023-05-26T20:47:52.047+0000] {logging_mixin.py:149} INFO - [2023-05-26T20:47:52.047+0000] {dag.py:3490} INFO - Setting next_dagrun for example_bash_operator to 2023-05-25T00:00:00+00:00, run_after=2023-05-26T00:00:00+00:00
[2023-05-26T20:47:52.060+0000] {processor.py:179} INFO - Processing /home/airflow/.local/lib/python3.7/site-packages/airflow/example_dags/example_bash_operator.py took 0.085 seconds
[2023-05-26T20:48:22.354+0000] {processor.py:157} INFO - Started process (PID=2245) to work on /home/airflow/.local/lib/python3.7/site-packages/airflow/example_dags/example_bash_operator.py
[2023-05-26T20:48:22.357+0000] {processor.py:826} INFO - Processing file /home/airflow/.local/lib/python3.7/site-packages/airflow/example_dags/example_bash_operator.py for tasks to queue
[2023-05-26T20:48:22.358+0000] {logging_mixin.py:149} INFO - [2023-05-26T20:48:22.358+0000] {dagbag.py:541} INFO - Filling up the DagBag from /home/airflow/.local/lib/python3.7/site-packages/airflow/example_dags/example_bash_operator.py
[2023-05-26T20:48:22.375+0000] {processor.py:836} INFO - DAG(s) dict_keys(['example_bash_operator']) retrieved from /home/airflow/.local/lib/python3.7/site-packages/airflow/example_dags/example_bash_operator.py
[2023-05-26T20:48:22.405+0000] {logging_mixin.py:149} INFO - [2023-05-26T20:48:22.405+0000] {dag.py:2726} INFO - Sync 1 DAGs
[2023-05-26T20:48:22.422+0000] {logging_mixin.py:149} INFO - [2023-05-26T20:48:22.422+0000] {dag.py:3490} INFO - Setting next_dagrun for example_bash_operator to 2023-05-25T00:00:00+00:00, run_after=2023-05-26T00:00:00+00:00
[2023-05-26T20:48:22.435+0000] {processor.py:179} INFO - Processing /home/airflow/.local/lib/python3.7/site-packages/airflow/example_dags/example_bash_operator.py took 0.087 seconds
[2023-05-26T20:48:53.001+0000] {processor.py:157} INFO - Started process (PID=2302) to work on /home/airflow/.local/lib/python3.7/site-packages/airflow/example_dags/example_bash_operator.py
[2023-05-26T20:48:53.004+0000] {processor.py:826} INFO - Processing file /home/airflow/.local/lib/python3.7/site-packages/airflow/example_dags/example_bash_operator.py for tasks to queue
[2023-05-26T20:48:53.006+0000] {logging_mixin.py:149} INFO - [2023-05-26T20:48:53.005+0000] {dagbag.py:541} INFO - Filling up the DagBag from /home/airflow/.local/lib/python3.7/site-packages/airflow/example_dags/example_bash_operator.py
[2023-05-26T20:48:53.022+0000] {processor.py:836} INFO - DAG(s) dict_keys(['example_bash_operator']) retrieved from /home/airflow/.local/lib/python3.7/site-packages/airflow/example_dags/example_bash_operator.py
[2023-05-26T20:48:53.054+0000] {logging_mixin.py:149} INFO - [2023-05-26T20:48:53.054+0000] {dag.py:2726} INFO - Sync 1 DAGs
[2023-05-26T20:48:53.076+0000] {logging_mixin.py:149} INFO - [2023-05-26T20:48:53.076+0000] {dag.py:3490} INFO - Setting next_dagrun for example_bash_operator to 2023-05-25T00:00:00+00:00, run_after=2023-05-26T00:00:00+00:00
[2023-05-26T20:48:53.088+0000] {processor.py:179} INFO - Processing /home/airflow/.local/lib/python3.7/site-packages/airflow/example_dags/example_bash_operator.py took 0.093 seconds
[2023-05-26T20:49:23.709+0000] {processor.py:157} INFO - Started process (PID=2357) to work on /home/airflow/.local/lib/python3.7/site-packages/airflow/example_dags/example_bash_operator.py
[2023-05-26T20:49:23.711+0000] {processor.py:826} INFO - Processing file /home/airflow/.local/lib/python3.7/site-packages/airflow/example_dags/example_bash_operator.py for tasks to queue
[2023-05-26T20:49:23.713+0000] {logging_mixin.py:149} INFO - [2023-05-26T20:49:23.713+0000] {dagbag.py:541} INFO - Filling up the DagBag from /home/airflow/.local/lib/python3.7/site-packages/airflow/example_dags/example_bash_operator.py
[2023-05-26T20:49:23.726+0000] {processor.py:836} INFO - DAG(s) dict_keys(['example_bash_operator']) retrieved from /home/airflow/.local/lib/python3.7/site-packages/airflow/example_dags/example_bash_operator.py
[2023-05-26T20:49:23.754+0000] {logging_mixin.py:149} INFO - [2023-05-26T20:49:23.754+0000] {dag.py:2726} INFO - Sync 1 DAGs
[2023-05-26T20:49:23.770+0000] {logging_mixin.py:149} INFO - [2023-05-26T20:49:23.770+0000] {dag.py:3490} INFO - Setting next_dagrun for example_bash_operator to 2023-05-25T00:00:00+00:00, run_after=2023-05-26T00:00:00+00:00
[2023-05-26T20:49:23.781+0000] {processor.py:179} INFO - Processing /home/airflow/.local/lib/python3.7/site-packages/airflow/example_dags/example_bash_operator.py took 0.078 seconds
[2023-05-26T20:49:54.201+0000] {processor.py:157} INFO - Started process (PID=2413) to work on /home/airflow/.local/lib/python3.7/site-packages/airflow/example_dags/example_bash_operator.py
[2023-05-26T20:49:54.203+0000] {processor.py:826} INFO - Processing file /home/airflow/.local/lib/python3.7/site-packages/airflow/example_dags/example_bash_operator.py for tasks to queue
[2023-05-26T20:49:54.204+0000] {logging_mixin.py:149} INFO - [2023-05-26T20:49:54.204+0000] {dagbag.py:541} INFO - Filling up the DagBag from /home/airflow/.local/lib/python3.7/site-packages/airflow/example_dags/example_bash_operator.py
[2023-05-26T20:49:54.220+0000] {processor.py:836} INFO - DAG(s) dict_keys(['example_bash_operator']) retrieved from /home/airflow/.local/lib/python3.7/site-packages/airflow/example_dags/example_bash_operator.py
[2023-05-26T20:49:54.252+0000] {logging_mixin.py:149} INFO - [2023-05-26T20:49:54.252+0000] {dag.py:2726} INFO - Sync 1 DAGs
[2023-05-26T20:49:54.269+0000] {logging_mixin.py:149} INFO - [2023-05-26T20:49:54.269+0000] {dag.py:3490} INFO - Setting next_dagrun for example_bash_operator to 2023-05-25T00:00:00+00:00, run_after=2023-05-26T00:00:00+00:00
[2023-05-26T20:49:54.280+0000] {processor.py:179} INFO - Processing /home/airflow/.local/lib/python3.7/site-packages/airflow/example_dags/example_bash_operator.py took 0.083 seconds
[2023-05-26T20:50:24.791+0000] {processor.py:157} INFO - Started process (PID=2469) to work on /home/airflow/.local/lib/python3.7/site-packages/airflow/example_dags/example_bash_operator.py
[2023-05-26T20:50:24.793+0000] {processor.py:826} INFO - Processing file /home/airflow/.local/lib/python3.7/site-packages/airflow/example_dags/example_bash_operator.py for tasks to queue
[2023-05-26T20:50:24.794+0000] {logging_mixin.py:149} INFO - [2023-05-26T20:50:24.794+0000] {dagbag.py:541} INFO - Filling up the DagBag from /home/airflow/.local/lib/python3.7/site-packages/airflow/example_dags/example_bash_operator.py
[2023-05-26T20:50:24.806+0000] {processor.py:836} INFO - DAG(s) dict_keys(['example_bash_operator']) retrieved from /home/airflow/.local/lib/python3.7/site-packages/airflow/example_dags/example_bash_operator.py
[2023-05-26T20:50:24.834+0000] {logging_mixin.py:149} INFO - [2023-05-26T20:50:24.834+0000] {dag.py:2726} INFO - Sync 1 DAGs
[2023-05-26T20:50:24.851+0000] {logging_mixin.py:149} INFO - [2023-05-26T20:50:24.851+0000] {dag.py:3490} INFO - Setting next_dagrun for example_bash_operator to 2023-05-25T00:00:00+00:00, run_after=2023-05-26T00:00:00+00:00
[2023-05-26T20:50:24.866+0000] {processor.py:179} INFO - Processing /home/airflow/.local/lib/python3.7/site-packages/airflow/example_dags/example_bash_operator.py took 0.078 seconds
[2023-05-26T20:50:55.079+0000] {processor.py:157} INFO - Started process (PID=2526) to work on /home/airflow/.local/lib/python3.7/site-packages/airflow/example_dags/example_bash_operator.py
[2023-05-26T20:50:55.082+0000] {processor.py:826} INFO - Processing file /home/airflow/.local/lib/python3.7/site-packages/airflow/example_dags/example_bash_operator.py for tasks to queue
[2023-05-26T20:50:55.084+0000] {logging_mixin.py:149} INFO - [2023-05-26T20:50:55.083+0000] {dagbag.py:541} INFO - Filling up the DagBag from /home/airflow/.local/lib/python3.7/site-packages/airflow/example_dags/example_bash_operator.py
[2023-05-26T20:50:55.100+0000] {processor.py:836} INFO - DAG(s) dict_keys(['example_bash_operator']) retrieved from /home/airflow/.local/lib/python3.7/site-packages/airflow/example_dags/example_bash_operator.py
[2023-05-26T20:50:55.130+0000] {logging_mixin.py:149} INFO - [2023-05-26T20:50:55.130+0000] {dag.py:2726} INFO - Sync 1 DAGs
[2023-05-26T20:50:55.147+0000] {logging_mixin.py:149} INFO - [2023-05-26T20:50:55.146+0000] {dag.py:3490} INFO - Setting next_dagrun for example_bash_operator to 2023-05-25T00:00:00+00:00, run_after=2023-05-26T00:00:00+00:00
[2023-05-26T20:50:55.159+0000] {processor.py:179} INFO - Processing /home/airflow/.local/lib/python3.7/site-packages/airflow/example_dags/example_bash_operator.py took 0.086 seconds
[2023-05-26T20:51:25.578+0000] {processor.py:157} INFO - Started process (PID=2582) to work on /home/airflow/.local/lib/python3.7/site-packages/airflow/example_dags/example_bash_operator.py
[2023-05-26T20:51:25.581+0000] {processor.py:826} INFO - Processing file /home/airflow/.local/lib/python3.7/site-packages/airflow/example_dags/example_bash_operator.py for tasks to queue
[2023-05-26T20:51:25.583+0000] {logging_mixin.py:149} INFO - [2023-05-26T20:51:25.583+0000] {dagbag.py:541} INFO - Filling up the DagBag from /home/airflow/.local/lib/python3.7/site-packages/airflow/example_dags/example_bash_operator.py
[2023-05-26T20:51:25.598+0000] {processor.py:836} INFO - DAG(s) dict_keys(['example_bash_operator']) retrieved from /home/airflow/.local/lib/python3.7/site-packages/airflow/example_dags/example_bash_operator.py
[2023-05-26T20:51:25.629+0000] {logging_mixin.py:149} INFO - [2023-05-26T20:51:25.629+0000] {dag.py:2726} INFO - Sync 1 DAGs
[2023-05-26T20:51:25.646+0000] {logging_mixin.py:149} INFO - [2023-05-26T20:51:25.645+0000] {dag.py:3490} INFO - Setting next_dagrun for example_bash_operator to 2023-05-25T00:00:00+00:00, run_after=2023-05-26T00:00:00+00:00
[2023-05-26T20:51:25.662+0000] {processor.py:179} INFO - Processing /home/airflow/.local/lib/python3.7/site-packages/airflow/example_dags/example_bash_operator.py took 0.090 seconds
[2023-05-26T20:51:56.223+0000] {processor.py:157} INFO - Started process (PID=2638) to work on /home/airflow/.local/lib/python3.7/site-packages/airflow/example_dags/example_bash_operator.py
[2023-05-26T20:51:56.226+0000] {processor.py:826} INFO - Processing file /home/airflow/.local/lib/python3.7/site-packages/airflow/example_dags/example_bash_operator.py for tasks to queue
[2023-05-26T20:51:56.227+0000] {logging_mixin.py:149} INFO - [2023-05-26T20:51:56.227+0000] {dagbag.py:541} INFO - Filling up the DagBag from /home/airflow/.local/lib/python3.7/site-packages/airflow/example_dags/example_bash_operator.py
[2023-05-26T20:51:56.242+0000] {processor.py:836} INFO - DAG(s) dict_keys(['example_bash_operator']) retrieved from /home/airflow/.local/lib/python3.7/site-packages/airflow/example_dags/example_bash_operator.py
[2023-05-26T20:51:56.269+0000] {logging_mixin.py:149} INFO - [2023-05-26T20:51:56.269+0000] {dag.py:2726} INFO - Sync 1 DAGs
[2023-05-26T20:51:56.285+0000] {logging_mixin.py:149} INFO - [2023-05-26T20:51:56.285+0000] {dag.py:3490} INFO - Setting next_dagrun for example_bash_operator to 2023-05-25T00:00:00+00:00, run_after=2023-05-26T00:00:00+00:00
[2023-05-26T20:51:56.296+0000] {processor.py:179} INFO - Processing /home/airflow/.local/lib/python3.7/site-packages/airflow/example_dags/example_bash_operator.py took 0.081 seconds
[2023-05-26T20:52:26.827+0000] {processor.py:157} INFO - Started process (PID=2694) to work on /home/airflow/.local/lib/python3.7/site-packages/airflow/example_dags/example_bash_operator.py
[2023-05-26T20:52:26.830+0000] {processor.py:826} INFO - Processing file /home/airflow/.local/lib/python3.7/site-packages/airflow/example_dags/example_bash_operator.py for tasks to queue
[2023-05-26T20:52:26.831+0000] {logging_mixin.py:149} INFO - [2023-05-26T20:52:26.831+0000] {dagbag.py:541} INFO - Filling up the DagBag from /home/airflow/.local/lib/python3.7/site-packages/airflow/example_dags/example_bash_operator.py
[2023-05-26T20:52:26.846+0000] {processor.py:836} INFO - DAG(s) dict_keys(['example_bash_operator']) retrieved from /home/airflow/.local/lib/python3.7/site-packages/airflow/example_dags/example_bash_operator.py
[2023-05-26T20:52:26.875+0000] {logging_mixin.py:149} INFO - [2023-05-26T20:52:26.875+0000] {dag.py:2726} INFO - Sync 1 DAGs
[2023-05-26T20:52:26.890+0000] {logging_mixin.py:149} INFO - [2023-05-26T20:52:26.890+0000] {dag.py:3490} INFO - Setting next_dagrun for example_bash_operator to 2023-05-25T00:00:00+00:00, run_after=2023-05-26T00:00:00+00:00
[2023-05-26T20:52:26.902+0000] {processor.py:179} INFO - Processing /home/airflow/.local/lib/python3.7/site-packages/airflow/example_dags/example_bash_operator.py took 0.080 seconds
[2023-05-26T20:52:57.429+0000] {processor.py:157} INFO - Started process (PID=2750) to work on /home/airflow/.local/lib/python3.7/site-packages/airflow/example_dags/example_bash_operator.py
[2023-05-26T20:52:57.432+0000] {processor.py:826} INFO - Processing file /home/airflow/.local/lib/python3.7/site-packages/airflow/example_dags/example_bash_operator.py for tasks to queue
[2023-05-26T20:52:57.433+0000] {logging_mixin.py:149} INFO - [2023-05-26T20:52:57.433+0000] {dagbag.py:541} INFO - Filling up the DagBag from /home/airflow/.local/lib/python3.7/site-packages/airflow/example_dags/example_bash_operator.py
[2023-05-26T20:52:57.448+0000] {processor.py:836} INFO - DAG(s) dict_keys(['example_bash_operator']) retrieved from /home/airflow/.local/lib/python3.7/site-packages/airflow/example_dags/example_bash_operator.py
[2023-05-26T20:52:57.477+0000] {logging_mixin.py:149} INFO - [2023-05-26T20:52:57.477+0000] {dag.py:2726} INFO - Sync 1 DAGs
[2023-05-26T20:52:57.492+0000] {logging_mixin.py:149} INFO - [2023-05-26T20:52:57.492+0000] {dag.py:3490} INFO - Setting next_dagrun for example_bash_operator to 2023-05-25T00:00:00+00:00, run_after=2023-05-26T00:00:00+00:00
[2023-05-26T20:52:57.506+0000] {processor.py:179} INFO - Processing /home/airflow/.local/lib/python3.7/site-packages/airflow/example_dags/example_bash_operator.py took 0.084 seconds
[2023-05-26T20:53:28.127+0000] {processor.py:157} INFO - Started process (PID=2806) to work on /home/airflow/.local/lib/python3.7/site-packages/airflow/example_dags/example_bash_operator.py
[2023-05-26T20:53:28.130+0000] {processor.py:826} INFO - Processing file /home/airflow/.local/lib/python3.7/site-packages/airflow/example_dags/example_bash_operator.py for tasks to queue
[2023-05-26T20:53:28.131+0000] {logging_mixin.py:149} INFO - [2023-05-26T20:53:28.131+0000] {dagbag.py:541} INFO - Filling up the DagBag from /home/airflow/.local/lib/python3.7/site-packages/airflow/example_dags/example_bash_operator.py
[2023-05-26T20:53:28.149+0000] {processor.py:836} INFO - DAG(s) dict_keys(['example_bash_operator']) retrieved from /home/airflow/.local/lib/python3.7/site-packages/airflow/example_dags/example_bash_operator.py
[2023-05-26T20:53:28.179+0000] {logging_mixin.py:149} INFO - [2023-05-26T20:53:28.179+0000] {dag.py:2726} INFO - Sync 1 DAGs
[2023-05-26T20:53:28.196+0000] {logging_mixin.py:149} INFO - [2023-05-26T20:53:28.196+0000] {dag.py:3490} INFO - Setting next_dagrun for example_bash_operator to 2023-05-25T00:00:00+00:00, run_after=2023-05-26T00:00:00+00:00
[2023-05-26T20:53:28.207+0000] {processor.py:179} INFO - Processing /home/airflow/.local/lib/python3.7/site-packages/airflow/example_dags/example_bash_operator.py took 0.087 seconds
[2023-05-26T20:53:58.805+0000] {processor.py:157} INFO - Started process (PID=2862) to work on /home/airflow/.local/lib/python3.7/site-packages/airflow/example_dags/example_bash_operator.py
[2023-05-26T20:53:58.808+0000] {processor.py:826} INFO - Processing file /home/airflow/.local/lib/python3.7/site-packages/airflow/example_dags/example_bash_operator.py for tasks to queue
[2023-05-26T20:53:58.810+0000] {logging_mixin.py:149} INFO - [2023-05-26T20:53:58.810+0000] {dagbag.py:541} INFO - Filling up the DagBag from /home/airflow/.local/lib/python3.7/site-packages/airflow/example_dags/example_bash_operator.py
[2023-05-26T20:53:58.825+0000] {processor.py:836} INFO - DAG(s) dict_keys(['example_bash_operator']) retrieved from /home/airflow/.local/lib/python3.7/site-packages/airflow/example_dags/example_bash_operator.py
[2023-05-26T20:53:58.855+0000] {logging_mixin.py:149} INFO - [2023-05-26T20:53:58.855+0000] {dag.py:2726} INFO - Sync 1 DAGs
[2023-05-26T20:53:58.872+0000] {logging_mixin.py:149} INFO - [2023-05-26T20:53:58.872+0000] {dag.py:3490} INFO - Setting next_dagrun for example_bash_operator to 2023-05-25T00:00:00+00:00, run_after=2023-05-26T00:00:00+00:00
[2023-05-26T20:53:58.884+0000] {processor.py:179} INFO - Processing /home/airflow/.local/lib/python3.7/site-packages/airflow/example_dags/example_bash_operator.py took 0.087 seconds
[2023-05-26T20:54:29.393+0000] {processor.py:157} INFO - Started process (PID=2924) to work on /home/airflow/.local/lib/python3.7/site-packages/airflow/example_dags/example_bash_operator.py
[2023-05-26T20:54:29.396+0000] {processor.py:826} INFO - Processing file /home/airflow/.local/lib/python3.7/site-packages/airflow/example_dags/example_bash_operator.py for tasks to queue
[2023-05-26T20:54:29.398+0000] {logging_mixin.py:149} INFO - [2023-05-26T20:54:29.398+0000] {dagbag.py:541} INFO - Filling up the DagBag from /home/airflow/.local/lib/python3.7/site-packages/airflow/example_dags/example_bash_operator.py
[2023-05-26T20:54:29.416+0000] {processor.py:836} INFO - DAG(s) dict_keys(['example_bash_operator']) retrieved from /home/airflow/.local/lib/python3.7/site-packages/airflow/example_dags/example_bash_operator.py
[2023-05-26T20:54:29.448+0000] {logging_mixin.py:149} INFO - [2023-05-26T20:54:29.448+0000] {dag.py:2726} INFO - Sync 1 DAGs
[2023-05-26T20:54:29.465+0000] {logging_mixin.py:149} INFO - [2023-05-26T20:54:29.465+0000] {dag.py:3490} INFO - Setting next_dagrun for example_bash_operator to 2023-05-25T00:00:00+00:00, run_after=2023-05-26T00:00:00+00:00
[2023-05-26T20:54:29.480+0000] {processor.py:179} INFO - Processing /home/airflow/.local/lib/python3.7/site-packages/airflow/example_dags/example_bash_operator.py took 0.092 seconds
[2023-05-26T20:54:59.895+0000] {processor.py:157} INFO - Started process (PID=2980) to work on /home/airflow/.local/lib/python3.7/site-packages/airflow/example_dags/example_bash_operator.py
[2023-05-26T20:54:59.897+0000] {processor.py:826} INFO - Processing file /home/airflow/.local/lib/python3.7/site-packages/airflow/example_dags/example_bash_operator.py for tasks to queue
[2023-05-26T20:54:59.898+0000] {logging_mixin.py:149} INFO - [2023-05-26T20:54:59.898+0000] {dagbag.py:541} INFO - Filling up the DagBag from /home/airflow/.local/lib/python3.7/site-packages/airflow/example_dags/example_bash_operator.py
[2023-05-26T20:54:59.911+0000] {processor.py:836} INFO - DAG(s) dict_keys(['example_bash_operator']) retrieved from /home/airflow/.local/lib/python3.7/site-packages/airflow/example_dags/example_bash_operator.py
[2023-05-26T20:54:59.945+0000] {logging_mixin.py:149} INFO - [2023-05-26T20:54:59.945+0000] {dag.py:2726} INFO - Sync 1 DAGs
[2023-05-26T20:54:59.966+0000] {logging_mixin.py:149} INFO - [2023-05-26T20:54:59.965+0000] {dag.py:3490} INFO - Setting next_dagrun for example_bash_operator to 2023-05-25T00:00:00+00:00, run_after=2023-05-26T00:00:00+00:00
[2023-05-26T20:54:59.979+0000] {processor.py:179} INFO - Processing /home/airflow/.local/lib/python3.7/site-packages/airflow/example_dags/example_bash_operator.py took 0.087 seconds
[2023-05-26T20:55:30.586+0000] {processor.py:157} INFO - Started process (PID=3037) to work on /home/airflow/.local/lib/python3.7/site-packages/airflow/example_dags/example_bash_operator.py
[2023-05-26T20:55:30.588+0000] {processor.py:826} INFO - Processing file /home/airflow/.local/lib/python3.7/site-packages/airflow/example_dags/example_bash_operator.py for tasks to queue
[2023-05-26T20:55:30.589+0000] {logging_mixin.py:149} INFO - [2023-05-26T20:55:30.589+0000] {dagbag.py:541} INFO - Filling up the DagBag from /home/airflow/.local/lib/python3.7/site-packages/airflow/example_dags/example_bash_operator.py
[2023-05-26T20:55:30.600+0000] {processor.py:836} INFO - DAG(s) dict_keys(['example_bash_operator']) retrieved from /home/airflow/.local/lib/python3.7/site-packages/airflow/example_dags/example_bash_operator.py
[2023-05-26T20:55:30.625+0000] {logging_mixin.py:149} INFO - [2023-05-26T20:55:30.625+0000] {dag.py:2726} INFO - Sync 1 DAGs
[2023-05-26T20:55:30.643+0000] {logging_mixin.py:149} INFO - [2023-05-26T20:55:30.643+0000] {dag.py:3490} INFO - Setting next_dagrun for example_bash_operator to 2023-05-25T00:00:00+00:00, run_after=2023-05-26T00:00:00+00:00
[2023-05-26T20:55:30.657+0000] {processor.py:179} INFO - Processing /home/airflow/.local/lib/python3.7/site-packages/airflow/example_dags/example_bash_operator.py took 0.074 seconds
[2023-05-26T20:56:01.343+0000] {processor.py:157} INFO - Started process (PID=3093) to work on /home/airflow/.local/lib/python3.7/site-packages/airflow/example_dags/example_bash_operator.py
[2023-05-26T20:56:01.346+0000] {processor.py:826} INFO - Processing file /home/airflow/.local/lib/python3.7/site-packages/airflow/example_dags/example_bash_operator.py for tasks to queue
[2023-05-26T20:56:01.348+0000] {logging_mixin.py:149} INFO - [2023-05-26T20:56:01.347+0000] {dagbag.py:541} INFO - Filling up the DagBag from /home/airflow/.local/lib/python3.7/site-packages/airflow/example_dags/example_bash_operator.py
[2023-05-26T20:56:01.363+0000] {processor.py:836} INFO - DAG(s) dict_keys(['example_bash_operator']) retrieved from /home/airflow/.local/lib/python3.7/site-packages/airflow/example_dags/example_bash_operator.py
[2023-05-26T20:56:01.393+0000] {logging_mixin.py:149} INFO - [2023-05-26T20:56:01.392+0000] {dag.py:2726} INFO - Sync 1 DAGs
[2023-05-26T20:56:01.409+0000] {logging_mixin.py:149} INFO - [2023-05-26T20:56:01.408+0000] {dag.py:3490} INFO - Setting next_dagrun for example_bash_operator to 2023-05-25T00:00:00+00:00, run_after=2023-05-26T00:00:00+00:00
[2023-05-26T20:56:01.420+0000] {processor.py:179} INFO - Processing /home/airflow/.local/lib/python3.7/site-packages/airflow/example_dags/example_bash_operator.py took 0.085 seconds
[2023-05-26T20:56:32.231+0000] {processor.py:157} INFO - Started process (PID=3149) to work on /home/airflow/.local/lib/python3.7/site-packages/airflow/example_dags/example_bash_operator.py
[2023-05-26T20:56:32.234+0000] {processor.py:826} INFO - Processing file /home/airflow/.local/lib/python3.7/site-packages/airflow/example_dags/example_bash_operator.py for tasks to queue
[2023-05-26T20:56:32.235+0000] {logging_mixin.py:149} INFO - [2023-05-26T20:56:32.235+0000] {dagbag.py:541} INFO - Filling up the DagBag from /home/airflow/.local/lib/python3.7/site-packages/airflow/example_dags/example_bash_operator.py
[2023-05-26T20:56:32.250+0000] {processor.py:836} INFO - DAG(s) dict_keys(['example_bash_operator']) retrieved from /home/airflow/.local/lib/python3.7/site-packages/airflow/example_dags/example_bash_operator.py
[2023-05-26T20:56:32.277+0000] {logging_mixin.py:149} INFO - [2023-05-26T20:56:32.277+0000] {dag.py:2726} INFO - Sync 1 DAGs
[2023-05-26T20:56:32.294+0000] {logging_mixin.py:149} INFO - [2023-05-26T20:56:32.294+0000] {dag.py:3490} INFO - Setting next_dagrun for example_bash_operator to 2023-05-25T00:00:00+00:00, run_after=2023-05-26T00:00:00+00:00
[2023-05-26T20:56:32.306+0000] {processor.py:179} INFO - Processing /home/airflow/.local/lib/python3.7/site-packages/airflow/example_dags/example_bash_operator.py took 0.082 seconds
[2023-05-26T20:57:02.806+0000] {processor.py:157} INFO - Started process (PID=3205) to work on /home/airflow/.local/lib/python3.7/site-packages/airflow/example_dags/example_bash_operator.py
[2023-05-26T20:57:02.809+0000] {processor.py:826} INFO - Processing file /home/airflow/.local/lib/python3.7/site-packages/airflow/example_dags/example_bash_operator.py for tasks to queue
[2023-05-26T20:57:02.811+0000] {logging_mixin.py:149} INFO - [2023-05-26T20:57:02.811+0000] {dagbag.py:541} INFO - Filling up the DagBag from /home/airflow/.local/lib/python3.7/site-packages/airflow/example_dags/example_bash_operator.py
[2023-05-26T20:57:02.826+0000] {processor.py:836} INFO - DAG(s) dict_keys(['example_bash_operator']) retrieved from /home/airflow/.local/lib/python3.7/site-packages/airflow/example_dags/example_bash_operator.py
[2023-05-26T20:57:02.853+0000] {logging_mixin.py:149} INFO - [2023-05-26T20:57:02.853+0000] {dag.py:2726} INFO - Sync 1 DAGs
[2023-05-26T20:57:02.869+0000] {logging_mixin.py:149} INFO - [2023-05-26T20:57:02.869+0000] {dag.py:3490} INFO - Setting next_dagrun for example_bash_operator to 2023-05-25T00:00:00+00:00, run_after=2023-05-26T00:00:00+00:00
[2023-05-26T20:57:02.881+0000] {processor.py:179} INFO - Processing /home/airflow/.local/lib/python3.7/site-packages/airflow/example_dags/example_bash_operator.py took 0.082 seconds
[2023-05-26T20:57:33.263+0000] {processor.py:157} INFO - Started process (PID=3261) to work on /home/airflow/.local/lib/python3.7/site-packages/airflow/example_dags/example_bash_operator.py
[2023-05-26T20:57:33.269+0000] {processor.py:826} INFO - Processing file /home/airflow/.local/lib/python3.7/site-packages/airflow/example_dags/example_bash_operator.py for tasks to queue
[2023-05-26T20:57:33.270+0000] {logging_mixin.py:149} INFO - [2023-05-26T20:57:33.270+0000] {dagbag.py:541} INFO - Filling up the DagBag from /home/airflow/.local/lib/python3.7/site-packages/airflow/example_dags/example_bash_operator.py
[2023-05-26T20:57:33.283+0000] {processor.py:836} INFO - DAG(s) dict_keys(['example_bash_operator']) retrieved from /home/airflow/.local/lib/python3.7/site-packages/airflow/example_dags/example_bash_operator.py
[2023-05-26T20:57:33.316+0000] {logging_mixin.py:149} INFO - [2023-05-26T20:57:33.316+0000] {dag.py:2726} INFO - Sync 1 DAGs
[2023-05-26T20:57:33.347+0000] {logging_mixin.py:149} INFO - [2023-05-26T20:57:33.347+0000] {dag.py:3490} INFO - Setting next_dagrun for example_bash_operator to 2023-05-25T00:00:00+00:00, run_after=2023-05-26T00:00:00+00:00
[2023-05-26T20:57:33.363+0000] {processor.py:179} INFO - Processing /home/airflow/.local/lib/python3.7/site-packages/airflow/example_dags/example_bash_operator.py took 0.103 seconds
[2023-05-26T21:01:24.766+0000] {processor.py:157} INFO - Started process (PID=3302) to work on /home/airflow/.local/lib/python3.7/site-packages/airflow/example_dags/example_bash_operator.py
[2023-05-26T21:01:24.768+0000] {processor.py:826} INFO - Processing file /home/airflow/.local/lib/python3.7/site-packages/airflow/example_dags/example_bash_operator.py for tasks to queue
[2023-05-26T21:01:24.769+0000] {logging_mixin.py:149} INFO - [2023-05-26T21:01:24.769+0000] {dagbag.py:541} INFO - Filling up the DagBag from /home/airflow/.local/lib/python3.7/site-packages/airflow/example_dags/example_bash_operator.py
[2023-05-26T21:01:24.781+0000] {processor.py:836} INFO - DAG(s) dict_keys(['example_bash_operator']) retrieved from /home/airflow/.local/lib/python3.7/site-packages/airflow/example_dags/example_bash_operator.py
[2023-05-26T21:01:24.820+0000] {logging_mixin.py:149} INFO - [2023-05-26T21:01:24.820+0000] {dag.py:2726} INFO - Sync 1 DAGs
[2023-05-26T21:01:24.842+0000] {logging_mixin.py:149} INFO - [2023-05-26T21:01:24.842+0000] {dag.py:3490} INFO - Setting next_dagrun for example_bash_operator to 2023-05-25T00:00:00+00:00, run_after=2023-05-26T00:00:00+00:00
[2023-05-26T21:01:24.858+0000] {processor.py:179} INFO - Processing /home/airflow/.local/lib/python3.7/site-packages/airflow/example_dags/example_bash_operator.py took 0.095 seconds
[2023-05-26T21:01:55.858+0000] {processor.py:157} INFO - Started process (PID=3358) to work on /home/airflow/.local/lib/python3.7/site-packages/airflow/example_dags/example_bash_operator.py
[2023-05-26T21:01:55.860+0000] {processor.py:826} INFO - Processing file /home/airflow/.local/lib/python3.7/site-packages/airflow/example_dags/example_bash_operator.py for tasks to queue
[2023-05-26T21:01:55.861+0000] {logging_mixin.py:149} INFO - [2023-05-26T21:01:55.861+0000] {dagbag.py:541} INFO - Filling up the DagBag from /home/airflow/.local/lib/python3.7/site-packages/airflow/example_dags/example_bash_operator.py
[2023-05-26T21:01:55.872+0000] {processor.py:836} INFO - DAG(s) dict_keys(['example_bash_operator']) retrieved from /home/airflow/.local/lib/python3.7/site-packages/airflow/example_dags/example_bash_operator.py
[2023-05-26T21:01:55.902+0000] {logging_mixin.py:149} INFO - [2023-05-26T21:01:55.901+0000] {dag.py:2726} INFO - Sync 1 DAGs
[2023-05-26T21:01:55.923+0000] {logging_mixin.py:149} INFO - [2023-05-26T21:01:55.923+0000] {dag.py:3490} INFO - Setting next_dagrun for example_bash_operator to 2023-05-25T00:00:00+00:00, run_after=2023-05-26T00:00:00+00:00
[2023-05-26T21:01:55.945+0000] {processor.py:179} INFO - Processing /home/airflow/.local/lib/python3.7/site-packages/airflow/example_dags/example_bash_operator.py took 0.090 seconds
[2023-05-26T21:02:25.988+0000] {processor.py:157} INFO - Started process (PID=3414) to work on /home/airflow/.local/lib/python3.7/site-packages/airflow/example_dags/example_bash_operator.py
[2023-05-26T21:02:25.990+0000] {processor.py:826} INFO - Processing file /home/airflow/.local/lib/python3.7/site-packages/airflow/example_dags/example_bash_operator.py for tasks to queue
[2023-05-26T21:02:25.991+0000] {logging_mixin.py:149} INFO - [2023-05-26T21:02:25.991+0000] {dagbag.py:541} INFO - Filling up the DagBag from /home/airflow/.local/lib/python3.7/site-packages/airflow/example_dags/example_bash_operator.py
[2023-05-26T21:02:26.001+0000] {processor.py:836} INFO - DAG(s) dict_keys(['example_bash_operator']) retrieved from /home/airflow/.local/lib/python3.7/site-packages/airflow/example_dags/example_bash_operator.py
[2023-05-26T21:02:26.026+0000] {logging_mixin.py:149} INFO - [2023-05-26T21:02:26.026+0000] {dag.py:2726} INFO - Sync 1 DAGs
[2023-05-26T21:02:26.045+0000] {logging_mixin.py:149} INFO - [2023-05-26T21:02:26.045+0000] {dag.py:3490} INFO - Setting next_dagrun for example_bash_operator to 2023-05-25T00:00:00+00:00, run_after=2023-05-26T00:00:00+00:00
[2023-05-26T21:02:26.065+0000] {processor.py:179} INFO - Processing /home/airflow/.local/lib/python3.7/site-packages/airflow/example_dags/example_bash_operator.py took 0.080 seconds
[2023-05-26T21:02:56.649+0000] {processor.py:157} INFO - Started process (PID=3470) to work on /home/airflow/.local/lib/python3.7/site-packages/airflow/example_dags/example_bash_operator.py
[2023-05-26T21:02:56.651+0000] {processor.py:826} INFO - Processing file /home/airflow/.local/lib/python3.7/site-packages/airflow/example_dags/example_bash_operator.py for tasks to queue
[2023-05-26T21:02:56.652+0000] {logging_mixin.py:149} INFO - [2023-05-26T21:02:56.652+0000] {dagbag.py:541} INFO - Filling up the DagBag from /home/airflow/.local/lib/python3.7/site-packages/airflow/example_dags/example_bash_operator.py
[2023-05-26T21:02:56.661+0000] {processor.py:836} INFO - DAG(s) dict_keys(['example_bash_operator']) retrieved from /home/airflow/.local/lib/python3.7/site-packages/airflow/example_dags/example_bash_operator.py
[2023-05-26T21:02:56.686+0000] {logging_mixin.py:149} INFO - [2023-05-26T21:02:56.686+0000] {dag.py:2726} INFO - Sync 1 DAGs
[2023-05-26T21:02:56.703+0000] {logging_mixin.py:149} INFO - [2023-05-26T21:02:56.702+0000] {dag.py:3490} INFO - Setting next_dagrun for example_bash_operator to 2023-05-25T00:00:00+00:00, run_after=2023-05-26T00:00:00+00:00
[2023-05-26T21:02:56.714+0000] {processor.py:179} INFO - Processing /home/airflow/.local/lib/python3.7/site-packages/airflow/example_dags/example_bash_operator.py took 0.068 seconds
[2023-05-26T21:03:27.381+0000] {processor.py:157} INFO - Started process (PID=3526) to work on /home/airflow/.local/lib/python3.7/site-packages/airflow/example_dags/example_bash_operator.py
[2023-05-26T21:03:27.383+0000] {processor.py:826} INFO - Processing file /home/airflow/.local/lib/python3.7/site-packages/airflow/example_dags/example_bash_operator.py for tasks to queue
[2023-05-26T21:03:27.383+0000] {logging_mixin.py:149} INFO - [2023-05-26T21:03:27.383+0000] {dagbag.py:541} INFO - Filling up the DagBag from /home/airflow/.local/lib/python3.7/site-packages/airflow/example_dags/example_bash_operator.py
[2023-05-26T21:03:27.393+0000] {processor.py:836} INFO - DAG(s) dict_keys(['example_bash_operator']) retrieved from /home/airflow/.local/lib/python3.7/site-packages/airflow/example_dags/example_bash_operator.py
[2023-05-26T21:03:27.418+0000] {logging_mixin.py:149} INFO - [2023-05-26T21:03:27.418+0000] {dag.py:2726} INFO - Sync 1 DAGs
[2023-05-26T21:03:27.436+0000] {logging_mixin.py:149} INFO - [2023-05-26T21:03:27.436+0000] {dag.py:3490} INFO - Setting next_dagrun for example_bash_operator to 2023-05-25T00:00:00+00:00, run_after=2023-05-26T00:00:00+00:00
[2023-05-26T21:03:27.457+0000] {processor.py:179} INFO - Processing /home/airflow/.local/lib/python3.7/site-packages/airflow/example_dags/example_bash_operator.py took 0.079 seconds
[2023-05-26T21:03:58.250+0000] {processor.py:157} INFO - Started process (PID=3583) to work on /home/airflow/.local/lib/python3.7/site-packages/airflow/example_dags/example_bash_operator.py
[2023-05-26T21:03:58.252+0000] {processor.py:826} INFO - Processing file /home/airflow/.local/lib/python3.7/site-packages/airflow/example_dags/example_bash_operator.py for tasks to queue
[2023-05-26T21:03:58.253+0000] {logging_mixin.py:149} INFO - [2023-05-26T21:03:58.253+0000] {dagbag.py:541} INFO - Filling up the DagBag from /home/airflow/.local/lib/python3.7/site-packages/airflow/example_dags/example_bash_operator.py
[2023-05-26T21:03:58.264+0000] {processor.py:836} INFO - DAG(s) dict_keys(['example_bash_operator']) retrieved from /home/airflow/.local/lib/python3.7/site-packages/airflow/example_dags/example_bash_operator.py
[2023-05-26T21:03:58.290+0000] {logging_mixin.py:149} INFO - [2023-05-26T21:03:58.290+0000] {dag.py:2726} INFO - Sync 1 DAGs
[2023-05-26T21:03:58.307+0000] {logging_mixin.py:149} INFO - [2023-05-26T21:03:58.307+0000] {dag.py:3490} INFO - Setting next_dagrun for example_bash_operator to 2023-05-25T00:00:00+00:00, run_after=2023-05-26T00:00:00+00:00
[2023-05-26T21:03:58.321+0000] {processor.py:179} INFO - Processing /home/airflow/.local/lib/python3.7/site-packages/airflow/example_dags/example_bash_operator.py took 0.075 seconds
[2023-05-26T21:04:29.294+0000] {processor.py:157} INFO - Started process (PID=3639) to work on /home/airflow/.local/lib/python3.7/site-packages/airflow/example_dags/example_bash_operator.py
[2023-05-26T21:04:29.295+0000] {processor.py:826} INFO - Processing file /home/airflow/.local/lib/python3.7/site-packages/airflow/example_dags/example_bash_operator.py for tasks to queue
[2023-05-26T21:04:29.296+0000] {logging_mixin.py:149} INFO - [2023-05-26T21:04:29.296+0000] {dagbag.py:541} INFO - Filling up the DagBag from /home/airflow/.local/lib/python3.7/site-packages/airflow/example_dags/example_bash_operator.py
[2023-05-26T21:04:29.306+0000] {processor.py:836} INFO - DAG(s) dict_keys(['example_bash_operator']) retrieved from /home/airflow/.local/lib/python3.7/site-packages/airflow/example_dags/example_bash_operator.py
[2023-05-26T21:04:29.331+0000] {logging_mixin.py:149} INFO - [2023-05-26T21:04:29.331+0000] {dag.py:2726} INFO - Sync 1 DAGs
[2023-05-26T21:04:29.347+0000] {logging_mixin.py:149} INFO - [2023-05-26T21:04:29.347+0000] {dag.py:3490} INFO - Setting next_dagrun for example_bash_operator to 2023-05-25T00:00:00+00:00, run_after=2023-05-26T00:00:00+00:00
[2023-05-26T21:04:29.359+0000] {processor.py:179} INFO - Processing /home/airflow/.local/lib/python3.7/site-packages/airflow/example_dags/example_bash_operator.py took 0.068 seconds
[2023-05-26T21:05:01.976+0000] {processor.py:157} INFO - Started process (PID=56) to work on /home/airflow/.local/lib/python3.7/site-packages/airflow/example_dags/example_bash_operator.py
[2023-05-26T21:05:01.979+0000] {processor.py:826} INFO - Processing file /home/airflow/.local/lib/python3.7/site-packages/airflow/example_dags/example_bash_operator.py for tasks to queue
[2023-05-26T21:05:01.980+0000] {logging_mixin.py:149} INFO - [2023-05-26T21:05:01.980+0000] {dagbag.py:541} INFO - Filling up the DagBag from /home/airflow/.local/lib/python3.7/site-packages/airflow/example_dags/example_bash_operator.py
[2023-05-26T21:05:02.002+0000] {processor.py:836} INFO - DAG(s) dict_keys(['example_bash_operator']) retrieved from /home/airflow/.local/lib/python3.7/site-packages/airflow/example_dags/example_bash_operator.py
[2023-05-26T21:05:02.032+0000] {logging_mixin.py:149} INFO - [2023-05-26T21:05:02.032+0000] {dag.py:2726} INFO - Sync 1 DAGs
[2023-05-26T21:05:02.083+0000] {logging_mixin.py:149} INFO - [2023-05-26T21:05:02.083+0000] {dag.py:3490} INFO - Setting next_dagrun for example_bash_operator to 2023-05-25T00:00:00+00:00, run_after=2023-05-26T00:00:00+00:00
[2023-05-26T21:05:02.113+0000] {processor.py:179} INFO - Processing /home/airflow/.local/lib/python3.7/site-packages/airflow/example_dags/example_bash_operator.py took 0.140 seconds
[2023-05-26T21:05:32.843+0000] {processor.py:157} INFO - Started process (PID=112) to work on /home/airflow/.local/lib/python3.7/site-packages/airflow/example_dags/example_bash_operator.py
[2023-05-26T21:05:32.845+0000] {processor.py:826} INFO - Processing file /home/airflow/.local/lib/python3.7/site-packages/airflow/example_dags/example_bash_operator.py for tasks to queue
[2023-05-26T21:05:32.846+0000] {logging_mixin.py:149} INFO - [2023-05-26T21:05:32.846+0000] {dagbag.py:541} INFO - Filling up the DagBag from /home/airflow/.local/lib/python3.7/site-packages/airflow/example_dags/example_bash_operator.py
[2023-05-26T21:05:32.855+0000] {processor.py:836} INFO - DAG(s) dict_keys(['example_bash_operator']) retrieved from /home/airflow/.local/lib/python3.7/site-packages/airflow/example_dags/example_bash_operator.py
[2023-05-26T21:05:32.880+0000] {logging_mixin.py:149} INFO - [2023-05-26T21:05:32.880+0000] {dag.py:2726} INFO - Sync 1 DAGs
[2023-05-26T21:05:32.895+0000] {logging_mixin.py:149} INFO - [2023-05-26T21:05:32.895+0000] {dag.py:3490} INFO - Setting next_dagrun for example_bash_operator to 2023-05-25T00:00:00+00:00, run_after=2023-05-26T00:00:00+00:00
[2023-05-26T21:05:32.906+0000] {processor.py:179} INFO - Processing /home/airflow/.local/lib/python3.7/site-packages/airflow/example_dags/example_bash_operator.py took 0.065 seconds
[2023-05-26T21:06:03.427+0000] {processor.py:157} INFO - Started process (PID=168) to work on /home/airflow/.local/lib/python3.7/site-packages/airflow/example_dags/example_bash_operator.py
[2023-05-26T21:06:03.429+0000] {processor.py:826} INFO - Processing file /home/airflow/.local/lib/python3.7/site-packages/airflow/example_dags/example_bash_operator.py for tasks to queue
[2023-05-26T21:06:03.429+0000] {logging_mixin.py:149} INFO - [2023-05-26T21:06:03.429+0000] {dagbag.py:541} INFO - Filling up the DagBag from /home/airflow/.local/lib/python3.7/site-packages/airflow/example_dags/example_bash_operator.py
[2023-05-26T21:06:03.439+0000] {processor.py:836} INFO - DAG(s) dict_keys(['example_bash_operator']) retrieved from /home/airflow/.local/lib/python3.7/site-packages/airflow/example_dags/example_bash_operator.py
[2023-05-26T21:06:03.465+0000] {logging_mixin.py:149} INFO - [2023-05-26T21:06:03.465+0000] {dag.py:2726} INFO - Sync 1 DAGs
[2023-05-26T21:06:03.482+0000] {logging_mixin.py:149} INFO - [2023-05-26T21:06:03.482+0000] {dag.py:3490} INFO - Setting next_dagrun for example_bash_operator to 2023-05-25T00:00:00+00:00, run_after=2023-05-26T00:00:00+00:00
[2023-05-26T21:06:03.510+0000] {processor.py:179} INFO - Processing /home/airflow/.local/lib/python3.7/site-packages/airflow/example_dags/example_bash_operator.py took 0.086 seconds
[2023-05-26T21:06:40.310+0000] {processor.py:157} INFO - Started process (PID=224) to work on /home/airflow/.local/lib/python3.7/site-packages/airflow/example_dags/example_bash_operator.py
[2023-05-26T21:06:40.312+0000] {processor.py:826} INFO - Processing file /home/airflow/.local/lib/python3.7/site-packages/airflow/example_dags/example_bash_operator.py for tasks to queue
[2023-05-26T21:06:40.313+0000] {logging_mixin.py:149} INFO - [2023-05-26T21:06:40.313+0000] {dagbag.py:541} INFO - Filling up the DagBag from /home/airflow/.local/lib/python3.7/site-packages/airflow/example_dags/example_bash_operator.py
[2023-05-26T21:06:40.325+0000] {processor.py:836} INFO - DAG(s) dict_keys(['example_bash_operator']) retrieved from /home/airflow/.local/lib/python3.7/site-packages/airflow/example_dags/example_bash_operator.py
[2023-05-26T21:06:40.340+0000] {logging_mixin.py:149} INFO - [2023-05-26T21:06:40.339+0000] {dag.py:2726} INFO - Sync 1 DAGs
[2023-05-26T21:06:40.359+0000] {logging_mixin.py:149} INFO - [2023-05-26T21:06:40.359+0000] {dag.py:3490} INFO - Setting next_dagrun for example_bash_operator to 2023-05-25T00:00:00+00:00, run_after=2023-05-26T00:00:00+00:00
[2023-05-26T21:06:40.372+0000] {processor.py:179} INFO - Processing /home/airflow/.local/lib/python3.7/site-packages/airflow/example_dags/example_bash_operator.py took 0.065 seconds
[2023-05-26T21:07:10.891+0000] {processor.py:157} INFO - Started process (PID=281) to work on /home/airflow/.local/lib/python3.7/site-packages/airflow/example_dags/example_bash_operator.py
[2023-05-26T21:07:10.893+0000] {processor.py:826} INFO - Processing file /home/airflow/.local/lib/python3.7/site-packages/airflow/example_dags/example_bash_operator.py for tasks to queue
[2023-05-26T21:07:10.894+0000] {logging_mixin.py:149} INFO - [2023-05-26T21:07:10.894+0000] {dagbag.py:541} INFO - Filling up the DagBag from /home/airflow/.local/lib/python3.7/site-packages/airflow/example_dags/example_bash_operator.py
[2023-05-26T21:07:10.904+0000] {processor.py:836} INFO - DAG(s) dict_keys(['example_bash_operator']) retrieved from /home/airflow/.local/lib/python3.7/site-packages/airflow/example_dags/example_bash_operator.py
[2023-05-26T21:07:10.929+0000] {logging_mixin.py:149} INFO - [2023-05-26T21:07:10.929+0000] {dag.py:2726} INFO - Sync 1 DAGs
[2023-05-26T21:07:10.946+0000] {logging_mixin.py:149} INFO - [2023-05-26T21:07:10.946+0000] {dag.py:3490} INFO - Setting next_dagrun for example_bash_operator to 2023-05-25T00:00:00+00:00, run_after=2023-05-26T00:00:00+00:00
[2023-05-26T21:07:10.958+0000] {processor.py:179} INFO - Processing /home/airflow/.local/lib/python3.7/site-packages/airflow/example_dags/example_bash_operator.py took 0.070 seconds
[2023-05-26T21:07:41.598+0000] {processor.py:157} INFO - Started process (PID=337) to work on /home/airflow/.local/lib/python3.7/site-packages/airflow/example_dags/example_bash_operator.py
[2023-05-26T21:07:41.599+0000] {processor.py:826} INFO - Processing file /home/airflow/.local/lib/python3.7/site-packages/airflow/example_dags/example_bash_operator.py for tasks to queue
[2023-05-26T21:07:41.600+0000] {logging_mixin.py:149} INFO - [2023-05-26T21:07:41.600+0000] {dagbag.py:541} INFO - Filling up the DagBag from /home/airflow/.local/lib/python3.7/site-packages/airflow/example_dags/example_bash_operator.py
[2023-05-26T21:07:41.611+0000] {processor.py:836} INFO - DAG(s) dict_keys(['example_bash_operator']) retrieved from /home/airflow/.local/lib/python3.7/site-packages/airflow/example_dags/example_bash_operator.py
[2023-05-26T21:07:41.636+0000] {logging_mixin.py:149} INFO - [2023-05-26T21:07:41.636+0000] {dag.py:2726} INFO - Sync 1 DAGs
[2023-05-26T21:07:41.653+0000] {logging_mixin.py:149} INFO - [2023-05-26T21:07:41.653+0000] {dag.py:3490} INFO - Setting next_dagrun for example_bash_operator to 2023-05-25T00:00:00+00:00, run_after=2023-05-26T00:00:00+00:00
[2023-05-26T21:07:41.666+0000] {processor.py:179} INFO - Processing /home/airflow/.local/lib/python3.7/site-packages/airflow/example_dags/example_bash_operator.py took 0.071 seconds
[2023-05-26T21:08:12.010+0000] {processor.py:157} INFO - Started process (PID=393) to work on /home/airflow/.local/lib/python3.7/site-packages/airflow/example_dags/example_bash_operator.py
[2023-05-26T21:08:12.012+0000] {processor.py:826} INFO - Processing file /home/airflow/.local/lib/python3.7/site-packages/airflow/example_dags/example_bash_operator.py for tasks to queue
[2023-05-26T21:08:12.013+0000] {logging_mixin.py:149} INFO - [2023-05-26T21:08:12.013+0000] {dagbag.py:541} INFO - Filling up the DagBag from /home/airflow/.local/lib/python3.7/site-packages/airflow/example_dags/example_bash_operator.py
[2023-05-26T21:08:12.024+0000] {processor.py:836} INFO - DAG(s) dict_keys(['example_bash_operator']) retrieved from /home/airflow/.local/lib/python3.7/site-packages/airflow/example_dags/example_bash_operator.py
[2023-05-26T21:08:12.049+0000] {logging_mixin.py:149} INFO - [2023-05-26T21:08:12.049+0000] {dag.py:2726} INFO - Sync 1 DAGs
[2023-05-26T21:08:12.066+0000] {logging_mixin.py:149} INFO - [2023-05-26T21:08:12.066+0000] {dag.py:3490} INFO - Setting next_dagrun for example_bash_operator to 2023-05-25T00:00:00+00:00, run_after=2023-05-26T00:00:00+00:00
[2023-05-26T21:08:12.078+0000] {processor.py:179} INFO - Processing /home/airflow/.local/lib/python3.7/site-packages/airflow/example_dags/example_bash_operator.py took 0.071 seconds
