[2023-05-26T20:28:31.112+0000] {processor.py:157} INFO - Started process (PID=35) to work on /home/airflow/.local/lib/python3.7/site-packages/airflow/example_dags/example_branch_labels.py
[2023-05-26T20:28:31.113+0000] {processor.py:826} INFO - Processing file /home/airflow/.local/lib/python3.7/site-packages/airflow/example_dags/example_branch_labels.py for tasks to queue
[2023-05-26T20:28:31.114+0000] {logging_mixin.py:149} INFO - [2023-05-26T20:28:31.114+0000] {dagbag.py:541} INFO - Filling up the DagBag from /home/airflow/.local/lib/python3.7/site-packages/airflow/example_dags/example_branch_labels.py
[2023-05-26T20:28:31.129+0000] {processor.py:836} INFO - DAG(s) dict_keys(['example_branch_labels']) retrieved from /home/airflow/.local/lib/python3.7/site-packages/airflow/example_dags/example_branch_labels.py
[2023-05-26T20:28:31.224+0000] {logging_mixin.py:149} INFO - [2023-05-26T20:28:31.224+0000] {manager.py:504} INFO - Created Permission View: can delete on DAG:example_branch_labels
[2023-05-26T20:28:31.231+0000] {logging_mixin.py:149} INFO - [2023-05-26T20:28:31.231+0000] {manager.py:504} INFO - Created Permission View: can read on DAG:example_branch_labels
[2023-05-26T20:28:31.239+0000] {logging_mixin.py:149} INFO - [2023-05-26T20:28:31.239+0000] {manager.py:504} INFO - Created Permission View: can edit on DAG:example_branch_labels
[2023-05-26T20:28:31.241+0000] {logging_mixin.py:149} INFO - [2023-05-26T20:28:31.240+0000] {dag.py:2726} INFO - Sync 1 DAGs
[2023-05-26T20:28:31.250+0000] {logging_mixin.py:149} INFO - [2023-05-26T20:28:31.250+0000] {dag.py:2747} INFO - Creating ORM DAG for example_branch_labels
[2023-05-26T20:28:31.259+0000] {logging_mixin.py:149} INFO - [2023-05-26T20:28:31.259+0000] {dag.py:3490} INFO - Setting next_dagrun for example_branch_labels to 2023-05-25T00:00:00+00:00, run_after=2023-05-26T00:00:00+00:00
[2023-05-26T20:28:31.277+0000] {processor.py:179} INFO - Processing /home/airflow/.local/lib/python3.7/site-packages/airflow/example_dags/example_branch_labels.py took 0.167 seconds
[2023-05-26T20:29:01.907+0000] {processor.py:157} INFO - Started process (PID=90) to work on /home/airflow/.local/lib/python3.7/site-packages/airflow/example_dags/example_branch_labels.py
[2023-05-26T20:29:01.908+0000] {processor.py:826} INFO - Processing file /home/airflow/.local/lib/python3.7/site-packages/airflow/example_dags/example_branch_labels.py for tasks to queue
[2023-05-26T20:29:01.909+0000] {logging_mixin.py:149} INFO - [2023-05-26T20:29:01.909+0000] {dagbag.py:541} INFO - Filling up the DagBag from /home/airflow/.local/lib/python3.7/site-packages/airflow/example_dags/example_branch_labels.py
[2023-05-26T20:29:01.915+0000] {processor.py:836} INFO - DAG(s) dict_keys(['example_branch_labels']) retrieved from /home/airflow/.local/lib/python3.7/site-packages/airflow/example_dags/example_branch_labels.py
[2023-05-26T20:29:01.934+0000] {logging_mixin.py:149} INFO - [2023-05-26T20:29:01.933+0000] {dag.py:2726} INFO - Sync 1 DAGs
[2023-05-26T20:29:01.949+0000] {logging_mixin.py:149} INFO - [2023-05-26T20:29:01.949+0000] {dag.py:3490} INFO - Setting next_dagrun for example_branch_labels to 2023-05-25T00:00:00+00:00, run_after=2023-05-26T00:00:00+00:00
[2023-05-26T20:29:01.961+0000] {processor.py:179} INFO - Processing /home/airflow/.local/lib/python3.7/site-packages/airflow/example_dags/example_branch_labels.py took 0.056 seconds
[2023-05-26T20:29:32.700+0000] {processor.py:157} INFO - Started process (PID=146) to work on /home/airflow/.local/lib/python3.7/site-packages/airflow/example_dags/example_branch_labels.py
[2023-05-26T20:29:32.702+0000] {processor.py:826} INFO - Processing file /home/airflow/.local/lib/python3.7/site-packages/airflow/example_dags/example_branch_labels.py for tasks to queue
[2023-05-26T20:29:32.703+0000] {logging_mixin.py:149} INFO - [2023-05-26T20:29:32.703+0000] {dagbag.py:541} INFO - Filling up the DagBag from /home/airflow/.local/lib/python3.7/site-packages/airflow/example_dags/example_branch_labels.py
[2023-05-26T20:29:32.709+0000] {processor.py:836} INFO - DAG(s) dict_keys(['example_branch_labels']) retrieved from /home/airflow/.local/lib/python3.7/site-packages/airflow/example_dags/example_branch_labels.py
[2023-05-26T20:29:32.733+0000] {logging_mixin.py:149} INFO - [2023-05-26T20:29:32.733+0000] {dag.py:2726} INFO - Sync 1 DAGs
[2023-05-26T20:29:32.753+0000] {logging_mixin.py:149} INFO - [2023-05-26T20:29:32.753+0000] {dag.py:3490} INFO - Setting next_dagrun for example_branch_labels to 2023-05-25T00:00:00+00:00, run_after=2023-05-26T00:00:00+00:00
[2023-05-26T20:29:32.767+0000] {processor.py:179} INFO - Processing /home/airflow/.local/lib/python3.7/site-packages/airflow/example_dags/example_branch_labels.py took 0.070 seconds
[2023-05-26T20:30:04.311+0000] {processor.py:157} INFO - Started process (PID=202) to work on /home/airflow/.local/lib/python3.7/site-packages/airflow/example_dags/example_branch_labels.py
[2023-05-26T20:30:04.313+0000] {processor.py:826} INFO - Processing file /home/airflow/.local/lib/python3.7/site-packages/airflow/example_dags/example_branch_labels.py for tasks to queue
[2023-05-26T20:30:04.314+0000] {logging_mixin.py:149} INFO - [2023-05-26T20:30:04.314+0000] {dagbag.py:541} INFO - Filling up the DagBag from /home/airflow/.local/lib/python3.7/site-packages/airflow/example_dags/example_branch_labels.py
[2023-05-26T20:30:04.321+0000] {processor.py:836} INFO - DAG(s) dict_keys(['example_branch_labels']) retrieved from /home/airflow/.local/lib/python3.7/site-packages/airflow/example_dags/example_branch_labels.py
[2023-05-26T20:30:04.341+0000] {logging_mixin.py:149} INFO - [2023-05-26T20:30:04.341+0000] {dag.py:2726} INFO - Sync 1 DAGs
[2023-05-26T20:30:04.358+0000] {logging_mixin.py:149} INFO - [2023-05-26T20:30:04.358+0000] {dag.py:3490} INFO - Setting next_dagrun for example_branch_labels to 2023-05-25T00:00:00+00:00, run_after=2023-05-26T00:00:00+00:00
[2023-05-26T20:30:04.370+0000] {processor.py:179} INFO - Processing /home/airflow/.local/lib/python3.7/site-packages/airflow/example_dags/example_branch_labels.py took 0.061 seconds
[2023-05-26T20:30:34.676+0000] {processor.py:157} INFO - Started process (PID=258) to work on /home/airflow/.local/lib/python3.7/site-packages/airflow/example_dags/example_branch_labels.py
[2023-05-26T20:30:34.678+0000] {processor.py:826} INFO - Processing file /home/airflow/.local/lib/python3.7/site-packages/airflow/example_dags/example_branch_labels.py for tasks to queue
[2023-05-26T20:30:34.680+0000] {logging_mixin.py:149} INFO - [2023-05-26T20:30:34.680+0000] {dagbag.py:541} INFO - Filling up the DagBag from /home/airflow/.local/lib/python3.7/site-packages/airflow/example_dags/example_branch_labels.py
[2023-05-26T20:30:34.688+0000] {processor.py:836} INFO - DAG(s) dict_keys(['example_branch_labels']) retrieved from /home/airflow/.local/lib/python3.7/site-packages/airflow/example_dags/example_branch_labels.py
[2023-05-26T20:30:34.712+0000] {logging_mixin.py:149} INFO - [2023-05-26T20:30:34.712+0000] {dag.py:2726} INFO - Sync 1 DAGs
[2023-05-26T20:30:34.730+0000] {logging_mixin.py:149} INFO - [2023-05-26T20:30:34.729+0000] {dag.py:3490} INFO - Setting next_dagrun for example_branch_labels to 2023-05-25T00:00:00+00:00, run_after=2023-05-26T00:00:00+00:00
[2023-05-26T20:30:34.742+0000] {processor.py:179} INFO - Processing /home/airflow/.local/lib/python3.7/site-packages/airflow/example_dags/example_branch_labels.py took 0.070 seconds
[2023-05-26T20:31:04.987+0000] {processor.py:157} INFO - Started process (PID=314) to work on /home/airflow/.local/lib/python3.7/site-packages/airflow/example_dags/example_branch_labels.py
[2023-05-26T20:31:04.989+0000] {processor.py:826} INFO - Processing file /home/airflow/.local/lib/python3.7/site-packages/airflow/example_dags/example_branch_labels.py for tasks to queue
[2023-05-26T20:31:04.990+0000] {logging_mixin.py:149} INFO - [2023-05-26T20:31:04.990+0000] {dagbag.py:541} INFO - Filling up the DagBag from /home/airflow/.local/lib/python3.7/site-packages/airflow/example_dags/example_branch_labels.py
[2023-05-26T20:31:04.996+0000] {processor.py:836} INFO - DAG(s) dict_keys(['example_branch_labels']) retrieved from /home/airflow/.local/lib/python3.7/site-packages/airflow/example_dags/example_branch_labels.py
[2023-05-26T20:31:05.019+0000] {logging_mixin.py:149} INFO - [2023-05-26T20:31:05.019+0000] {dag.py:2726} INFO - Sync 1 DAGs
[2023-05-26T20:31:05.036+0000] {logging_mixin.py:149} INFO - [2023-05-26T20:31:05.036+0000] {dag.py:3490} INFO - Setting next_dagrun for example_branch_labels to 2023-05-25T00:00:00+00:00, run_after=2023-05-26T00:00:00+00:00
[2023-05-26T20:31:05.048+0000] {processor.py:179} INFO - Processing /home/airflow/.local/lib/python3.7/site-packages/airflow/example_dags/example_branch_labels.py took 0.064 seconds
[2023-05-26T20:31:35.760+0000] {processor.py:157} INFO - Started process (PID=370) to work on /home/airflow/.local/lib/python3.7/site-packages/airflow/example_dags/example_branch_labels.py
[2023-05-26T20:31:35.762+0000] {processor.py:826} INFO - Processing file /home/airflow/.local/lib/python3.7/site-packages/airflow/example_dags/example_branch_labels.py for tasks to queue
[2023-05-26T20:31:35.763+0000] {logging_mixin.py:149} INFO - [2023-05-26T20:31:35.763+0000] {dagbag.py:541} INFO - Filling up the DagBag from /home/airflow/.local/lib/python3.7/site-packages/airflow/example_dags/example_branch_labels.py
[2023-05-26T20:31:35.769+0000] {processor.py:836} INFO - DAG(s) dict_keys(['example_branch_labels']) retrieved from /home/airflow/.local/lib/python3.7/site-packages/airflow/example_dags/example_branch_labels.py
[2023-05-26T20:31:35.797+0000] {logging_mixin.py:149} INFO - [2023-05-26T20:31:35.797+0000] {dag.py:2726} INFO - Sync 1 DAGs
[2023-05-26T20:31:35.816+0000] {logging_mixin.py:149} INFO - [2023-05-26T20:31:35.816+0000] {dag.py:3490} INFO - Setting next_dagrun for example_branch_labels to 2023-05-25T00:00:00+00:00, run_after=2023-05-26T00:00:00+00:00
[2023-05-26T20:31:35.841+0000] {processor.py:179} INFO - Processing /home/airflow/.local/lib/python3.7/site-packages/airflow/example_dags/example_branch_labels.py took 0.084 seconds
[2023-05-26T20:32:06.341+0000] {processor.py:157} INFO - Started process (PID=426) to work on /home/airflow/.local/lib/python3.7/site-packages/airflow/example_dags/example_branch_labels.py
[2023-05-26T20:32:06.343+0000] {processor.py:826} INFO - Processing file /home/airflow/.local/lib/python3.7/site-packages/airflow/example_dags/example_branch_labels.py for tasks to queue
[2023-05-26T20:32:06.343+0000] {logging_mixin.py:149} INFO - [2023-05-26T20:32:06.343+0000] {dagbag.py:541} INFO - Filling up the DagBag from /home/airflow/.local/lib/python3.7/site-packages/airflow/example_dags/example_branch_labels.py
[2023-05-26T20:32:06.350+0000] {processor.py:836} INFO - DAG(s) dict_keys(['example_branch_labels']) retrieved from /home/airflow/.local/lib/python3.7/site-packages/airflow/example_dags/example_branch_labels.py
[2023-05-26T20:32:06.371+0000] {logging_mixin.py:149} INFO - [2023-05-26T20:32:06.371+0000] {dag.py:2726} INFO - Sync 1 DAGs
[2023-05-26T20:32:06.387+0000] {logging_mixin.py:149} INFO - [2023-05-26T20:32:06.387+0000] {dag.py:3490} INFO - Setting next_dagrun for example_branch_labels to 2023-05-25T00:00:00+00:00, run_after=2023-05-26T00:00:00+00:00
[2023-05-26T20:32:06.398+0000] {processor.py:179} INFO - Processing /home/airflow/.local/lib/python3.7/site-packages/airflow/example_dags/example_branch_labels.py took 0.061 seconds
[2023-05-26T20:32:36.725+0000] {processor.py:157} INFO - Started process (PID=482) to work on /home/airflow/.local/lib/python3.7/site-packages/airflow/example_dags/example_branch_labels.py
[2023-05-26T20:32:36.727+0000] {processor.py:826} INFO - Processing file /home/airflow/.local/lib/python3.7/site-packages/airflow/example_dags/example_branch_labels.py for tasks to queue
[2023-05-26T20:32:36.728+0000] {logging_mixin.py:149} INFO - [2023-05-26T20:32:36.728+0000] {dagbag.py:541} INFO - Filling up the DagBag from /home/airflow/.local/lib/python3.7/site-packages/airflow/example_dags/example_branch_labels.py
[2023-05-26T20:32:36.734+0000] {processor.py:836} INFO - DAG(s) dict_keys(['example_branch_labels']) retrieved from /home/airflow/.local/lib/python3.7/site-packages/airflow/example_dags/example_branch_labels.py
[2023-05-26T20:32:36.758+0000] {logging_mixin.py:149} INFO - [2023-05-26T20:32:36.758+0000] {dag.py:2726} INFO - Sync 1 DAGs
[2023-05-26T20:32:36.775+0000] {logging_mixin.py:149} INFO - [2023-05-26T20:32:36.775+0000] {dag.py:3490} INFO - Setting next_dagrun for example_branch_labels to 2023-05-25T00:00:00+00:00, run_after=2023-05-26T00:00:00+00:00
[2023-05-26T20:32:36.787+0000] {processor.py:179} INFO - Processing /home/airflow/.local/lib/python3.7/site-packages/airflow/example_dags/example_branch_labels.py took 0.064 seconds
[2023-05-26T20:33:07.138+0000] {processor.py:157} INFO - Started process (PID=538) to work on /home/airflow/.local/lib/python3.7/site-packages/airflow/example_dags/example_branch_labels.py
[2023-05-26T20:33:07.140+0000] {processor.py:826} INFO - Processing file /home/airflow/.local/lib/python3.7/site-packages/airflow/example_dags/example_branch_labels.py for tasks to queue
[2023-05-26T20:33:07.140+0000] {logging_mixin.py:149} INFO - [2023-05-26T20:33:07.140+0000] {dagbag.py:541} INFO - Filling up the DagBag from /home/airflow/.local/lib/python3.7/site-packages/airflow/example_dags/example_branch_labels.py
[2023-05-26T20:33:07.146+0000] {processor.py:836} INFO - DAG(s) dict_keys(['example_branch_labels']) retrieved from /home/airflow/.local/lib/python3.7/site-packages/airflow/example_dags/example_branch_labels.py
[2023-05-26T20:33:07.168+0000] {logging_mixin.py:149} INFO - [2023-05-26T20:33:07.168+0000] {dag.py:2726} INFO - Sync 1 DAGs
[2023-05-26T20:33:07.184+0000] {logging_mixin.py:149} INFO - [2023-05-26T20:33:07.184+0000] {dag.py:3490} INFO - Setting next_dagrun for example_branch_labels to 2023-05-25T00:00:00+00:00, run_after=2023-05-26T00:00:00+00:00
[2023-05-26T20:33:07.196+0000] {processor.py:179} INFO - Processing /home/airflow/.local/lib/python3.7/site-packages/airflow/example_dags/example_branch_labels.py took 0.061 seconds
[2023-05-26T20:33:37.651+0000] {processor.py:157} INFO - Started process (PID=594) to work on /home/airflow/.local/lib/python3.7/site-packages/airflow/example_dags/example_branch_labels.py
[2023-05-26T20:33:37.652+0000] {processor.py:826} INFO - Processing file /home/airflow/.local/lib/python3.7/site-packages/airflow/example_dags/example_branch_labels.py for tasks to queue
[2023-05-26T20:33:37.653+0000] {logging_mixin.py:149} INFO - [2023-05-26T20:33:37.653+0000] {dagbag.py:541} INFO - Filling up the DagBag from /home/airflow/.local/lib/python3.7/site-packages/airflow/example_dags/example_branch_labels.py
[2023-05-26T20:33:37.659+0000] {processor.py:836} INFO - DAG(s) dict_keys(['example_branch_labels']) retrieved from /home/airflow/.local/lib/python3.7/site-packages/airflow/example_dags/example_branch_labels.py
[2023-05-26T20:33:37.682+0000] {logging_mixin.py:149} INFO - [2023-05-26T20:33:37.682+0000] {dag.py:2726} INFO - Sync 1 DAGs
[2023-05-26T20:33:37.699+0000] {logging_mixin.py:149} INFO - [2023-05-26T20:33:37.699+0000] {dag.py:3490} INFO - Setting next_dagrun for example_branch_labels to 2023-05-25T00:00:00+00:00, run_after=2023-05-26T00:00:00+00:00
[2023-05-26T20:33:37.712+0000] {processor.py:179} INFO - Processing /home/airflow/.local/lib/python3.7/site-packages/airflow/example_dags/example_branch_labels.py took 0.064 seconds
[2023-05-26T20:34:08.171+0000] {processor.py:157} INFO - Started process (PID=650) to work on /home/airflow/.local/lib/python3.7/site-packages/airflow/example_dags/example_branch_labels.py
[2023-05-26T20:34:08.173+0000] {processor.py:826} INFO - Processing file /home/airflow/.local/lib/python3.7/site-packages/airflow/example_dags/example_branch_labels.py for tasks to queue
[2023-05-26T20:34:08.174+0000] {logging_mixin.py:149} INFO - [2023-05-26T20:34:08.173+0000] {dagbag.py:541} INFO - Filling up the DagBag from /home/airflow/.local/lib/python3.7/site-packages/airflow/example_dags/example_branch_labels.py
[2023-05-26T20:34:08.180+0000] {processor.py:836} INFO - DAG(s) dict_keys(['example_branch_labels']) retrieved from /home/airflow/.local/lib/python3.7/site-packages/airflow/example_dags/example_branch_labels.py
[2023-05-26T20:34:08.202+0000] {logging_mixin.py:149} INFO - [2023-05-26T20:34:08.202+0000] {dag.py:2726} INFO - Sync 1 DAGs
[2023-05-26T20:34:08.218+0000] {logging_mixin.py:149} INFO - [2023-05-26T20:34:08.218+0000] {dag.py:3490} INFO - Setting next_dagrun for example_branch_labels to 2023-05-25T00:00:00+00:00, run_after=2023-05-26T00:00:00+00:00
[2023-05-26T20:34:08.229+0000] {processor.py:179} INFO - Processing /home/airflow/.local/lib/python3.7/site-packages/airflow/example_dags/example_branch_labels.py took 0.061 seconds
[2023-05-26T20:34:38.684+0000] {processor.py:157} INFO - Started process (PID=706) to work on /home/airflow/.local/lib/python3.7/site-packages/airflow/example_dags/example_branch_labels.py
[2023-05-26T20:34:38.687+0000] {processor.py:826} INFO - Processing file /home/airflow/.local/lib/python3.7/site-packages/airflow/example_dags/example_branch_labels.py for tasks to queue
[2023-05-26T20:34:38.688+0000] {logging_mixin.py:149} INFO - [2023-05-26T20:34:38.688+0000] {dagbag.py:541} INFO - Filling up the DagBag from /home/airflow/.local/lib/python3.7/site-packages/airflow/example_dags/example_branch_labels.py
[2023-05-26T20:34:38.695+0000] {processor.py:836} INFO - DAG(s) dict_keys(['example_branch_labels']) retrieved from /home/airflow/.local/lib/python3.7/site-packages/airflow/example_dags/example_branch_labels.py
[2023-05-26T20:34:38.715+0000] {logging_mixin.py:149} INFO - [2023-05-26T20:34:38.715+0000] {dag.py:2726} INFO - Sync 1 DAGs
[2023-05-26T20:34:38.730+0000] {logging_mixin.py:149} INFO - [2023-05-26T20:34:38.730+0000] {dag.py:3490} INFO - Setting next_dagrun for example_branch_labels to 2023-05-25T00:00:00+00:00, run_after=2023-05-26T00:00:00+00:00
[2023-05-26T20:34:38.742+0000] {processor.py:179} INFO - Processing /home/airflow/.local/lib/python3.7/site-packages/airflow/example_dags/example_branch_labels.py took 0.061 seconds
[2023-05-26T20:35:09.093+0000] {processor.py:157} INFO - Started process (PID=763) to work on /home/airflow/.local/lib/python3.7/site-packages/airflow/example_dags/example_branch_labels.py
[2023-05-26T20:35:09.104+0000] {processor.py:826} INFO - Processing file /home/airflow/.local/lib/python3.7/site-packages/airflow/example_dags/example_branch_labels.py for tasks to queue
[2023-05-26T20:35:09.105+0000] {logging_mixin.py:149} INFO - [2023-05-26T20:35:09.105+0000] {dagbag.py:541} INFO - Filling up the DagBag from /home/airflow/.local/lib/python3.7/site-packages/airflow/example_dags/example_branch_labels.py
[2023-05-26T20:35:09.112+0000] {processor.py:836} INFO - DAG(s) dict_keys(['example_branch_labels']) retrieved from /home/airflow/.local/lib/python3.7/site-packages/airflow/example_dags/example_branch_labels.py
[2023-05-26T20:35:09.133+0000] {logging_mixin.py:149} INFO - [2023-05-26T20:35:09.133+0000] {dag.py:2726} INFO - Sync 1 DAGs
[2023-05-26T20:35:09.150+0000] {logging_mixin.py:149} INFO - [2023-05-26T20:35:09.150+0000] {dag.py:3490} INFO - Setting next_dagrun for example_branch_labels to 2023-05-25T00:00:00+00:00, run_after=2023-05-26T00:00:00+00:00
[2023-05-26T20:35:09.161+0000] {processor.py:179} INFO - Processing /home/airflow/.local/lib/python3.7/site-packages/airflow/example_dags/example_branch_labels.py took 0.071 seconds
[2023-05-26T20:35:39.538+0000] {processor.py:157} INFO - Started process (PID=819) to work on /home/airflow/.local/lib/python3.7/site-packages/airflow/example_dags/example_branch_labels.py
[2023-05-26T20:35:39.542+0000] {processor.py:826} INFO - Processing file /home/airflow/.local/lib/python3.7/site-packages/airflow/example_dags/example_branch_labels.py for tasks to queue
[2023-05-26T20:35:39.543+0000] {logging_mixin.py:149} INFO - [2023-05-26T20:35:39.543+0000] {dagbag.py:541} INFO - Filling up the DagBag from /home/airflow/.local/lib/python3.7/site-packages/airflow/example_dags/example_branch_labels.py
[2023-05-26T20:35:39.549+0000] {processor.py:836} INFO - DAG(s) dict_keys(['example_branch_labels']) retrieved from /home/airflow/.local/lib/python3.7/site-packages/airflow/example_dags/example_branch_labels.py
[2023-05-26T20:35:39.572+0000] {logging_mixin.py:149} INFO - [2023-05-26T20:35:39.572+0000] {dag.py:2726} INFO - Sync 1 DAGs
[2023-05-26T20:35:39.588+0000] {logging_mixin.py:149} INFO - [2023-05-26T20:35:39.588+0000] {dag.py:3490} INFO - Setting next_dagrun for example_branch_labels to 2023-05-25T00:00:00+00:00, run_after=2023-05-26T00:00:00+00:00
[2023-05-26T20:35:39.599+0000] {processor.py:179} INFO - Processing /home/airflow/.local/lib/python3.7/site-packages/airflow/example_dags/example_branch_labels.py took 0.063 seconds
[2023-05-26T20:36:09.930+0000] {processor.py:157} INFO - Started process (PID=875) to work on /home/airflow/.local/lib/python3.7/site-packages/airflow/example_dags/example_branch_labels.py
[2023-05-26T20:36:09.931+0000] {processor.py:826} INFO - Processing file /home/airflow/.local/lib/python3.7/site-packages/airflow/example_dags/example_branch_labels.py for tasks to queue
[2023-05-26T20:36:09.932+0000] {logging_mixin.py:149} INFO - [2023-05-26T20:36:09.932+0000] {dagbag.py:541} INFO - Filling up the DagBag from /home/airflow/.local/lib/python3.7/site-packages/airflow/example_dags/example_branch_labels.py
[2023-05-26T20:36:09.938+0000] {processor.py:836} INFO - DAG(s) dict_keys(['example_branch_labels']) retrieved from /home/airflow/.local/lib/python3.7/site-packages/airflow/example_dags/example_branch_labels.py
[2023-05-26T20:36:09.961+0000] {logging_mixin.py:149} INFO - [2023-05-26T20:36:09.961+0000] {dag.py:2726} INFO - Sync 1 DAGs
[2023-05-26T20:36:09.977+0000] {logging_mixin.py:149} INFO - [2023-05-26T20:36:09.977+0000] {dag.py:3490} INFO - Setting next_dagrun for example_branch_labels to 2023-05-25T00:00:00+00:00, run_after=2023-05-26T00:00:00+00:00
[2023-05-26T20:36:09.993+0000] {processor.py:179} INFO - Processing /home/airflow/.local/lib/python3.7/site-packages/airflow/example_dags/example_branch_labels.py took 0.065 seconds
[2023-05-26T20:36:40.294+0000] {processor.py:157} INFO - Started process (PID=931) to work on /home/airflow/.local/lib/python3.7/site-packages/airflow/example_dags/example_branch_labels.py
[2023-05-26T20:36:40.296+0000] {processor.py:826} INFO - Processing file /home/airflow/.local/lib/python3.7/site-packages/airflow/example_dags/example_branch_labels.py for tasks to queue
[2023-05-26T20:36:40.297+0000] {logging_mixin.py:149} INFO - [2023-05-26T20:36:40.297+0000] {dagbag.py:541} INFO - Filling up the DagBag from /home/airflow/.local/lib/python3.7/site-packages/airflow/example_dags/example_branch_labels.py
[2023-05-26T20:36:40.303+0000] {processor.py:836} INFO - DAG(s) dict_keys(['example_branch_labels']) retrieved from /home/airflow/.local/lib/python3.7/site-packages/airflow/example_dags/example_branch_labels.py
[2023-05-26T20:36:40.328+0000] {logging_mixin.py:149} INFO - [2023-05-26T20:36:40.328+0000] {dag.py:2726} INFO - Sync 1 DAGs
[2023-05-26T20:36:40.345+0000] {logging_mixin.py:149} INFO - [2023-05-26T20:36:40.345+0000] {dag.py:3490} INFO - Setting next_dagrun for example_branch_labels to 2023-05-25T00:00:00+00:00, run_after=2023-05-26T00:00:00+00:00
[2023-05-26T20:36:40.357+0000] {processor.py:179} INFO - Processing /home/airflow/.local/lib/python3.7/site-packages/airflow/example_dags/example_branch_labels.py took 0.066 seconds
[2023-05-26T20:37:10.617+0000] {processor.py:157} INFO - Started process (PID=987) to work on /home/airflow/.local/lib/python3.7/site-packages/airflow/example_dags/example_branch_labels.py
[2023-05-26T20:37:10.618+0000] {processor.py:826} INFO - Processing file /home/airflow/.local/lib/python3.7/site-packages/airflow/example_dags/example_branch_labels.py for tasks to queue
[2023-05-26T20:37:10.621+0000] {logging_mixin.py:149} INFO - [2023-05-26T20:37:10.621+0000] {dagbag.py:541} INFO - Filling up the DagBag from /home/airflow/.local/lib/python3.7/site-packages/airflow/example_dags/example_branch_labels.py
[2023-05-26T20:37:10.628+0000] {processor.py:836} INFO - DAG(s) dict_keys(['example_branch_labels']) retrieved from /home/airflow/.local/lib/python3.7/site-packages/airflow/example_dags/example_branch_labels.py
[2023-05-26T20:37:10.647+0000] {logging_mixin.py:149} INFO - [2023-05-26T20:37:10.647+0000] {dag.py:2726} INFO - Sync 1 DAGs
[2023-05-26T20:37:10.664+0000] {logging_mixin.py:149} INFO - [2023-05-26T20:37:10.664+0000] {dag.py:3490} INFO - Setting next_dagrun for example_branch_labels to 2023-05-25T00:00:00+00:00, run_after=2023-05-26T00:00:00+00:00
[2023-05-26T20:37:10.676+0000] {processor.py:179} INFO - Processing /home/airflow/.local/lib/python3.7/site-packages/airflow/example_dags/example_branch_labels.py took 0.062 seconds
[2023-05-26T20:37:40.978+0000] {processor.py:157} INFO - Started process (PID=1043) to work on /home/airflow/.local/lib/python3.7/site-packages/airflow/example_dags/example_branch_labels.py
[2023-05-26T20:37:40.981+0000] {processor.py:826} INFO - Processing file /home/airflow/.local/lib/python3.7/site-packages/airflow/example_dags/example_branch_labels.py for tasks to queue
[2023-05-26T20:37:40.982+0000] {logging_mixin.py:149} INFO - [2023-05-26T20:37:40.982+0000] {dagbag.py:541} INFO - Filling up the DagBag from /home/airflow/.local/lib/python3.7/site-packages/airflow/example_dags/example_branch_labels.py
[2023-05-26T20:37:40.989+0000] {processor.py:836} INFO - DAG(s) dict_keys(['example_branch_labels']) retrieved from /home/airflow/.local/lib/python3.7/site-packages/airflow/example_dags/example_branch_labels.py
[2023-05-26T20:37:41.010+0000] {logging_mixin.py:149} INFO - [2023-05-26T20:37:41.010+0000] {dag.py:2726} INFO - Sync 1 DAGs
[2023-05-26T20:37:41.025+0000] {logging_mixin.py:149} INFO - [2023-05-26T20:37:41.025+0000] {dag.py:3490} INFO - Setting next_dagrun for example_branch_labels to 2023-05-25T00:00:00+00:00, run_after=2023-05-26T00:00:00+00:00
[2023-05-26T20:37:41.037+0000] {processor.py:179} INFO - Processing /home/airflow/.local/lib/python3.7/site-packages/airflow/example_dags/example_branch_labels.py took 0.062 seconds
[2023-05-26T20:38:11.307+0000] {processor.py:157} INFO - Started process (PID=1099) to work on /home/airflow/.local/lib/python3.7/site-packages/airflow/example_dags/example_branch_labels.py
[2023-05-26T20:38:11.308+0000] {processor.py:826} INFO - Processing file /home/airflow/.local/lib/python3.7/site-packages/airflow/example_dags/example_branch_labels.py for tasks to queue
[2023-05-26T20:38:11.309+0000] {logging_mixin.py:149} INFO - [2023-05-26T20:38:11.309+0000] {dagbag.py:541} INFO - Filling up the DagBag from /home/airflow/.local/lib/python3.7/site-packages/airflow/example_dags/example_branch_labels.py
[2023-05-26T20:38:11.315+0000] {processor.py:836} INFO - DAG(s) dict_keys(['example_branch_labels']) retrieved from /home/airflow/.local/lib/python3.7/site-packages/airflow/example_dags/example_branch_labels.py
[2023-05-26T20:38:11.336+0000] {logging_mixin.py:149} INFO - [2023-05-26T20:38:11.336+0000] {dag.py:2726} INFO - Sync 1 DAGs
[2023-05-26T20:38:11.351+0000] {logging_mixin.py:149} INFO - [2023-05-26T20:38:11.351+0000] {dag.py:3490} INFO - Setting next_dagrun for example_branch_labels to 2023-05-25T00:00:00+00:00, run_after=2023-05-26T00:00:00+00:00
[2023-05-26T20:38:11.363+0000] {processor.py:179} INFO - Processing /home/airflow/.local/lib/python3.7/site-packages/airflow/example_dags/example_branch_labels.py took 0.058 seconds
[2023-05-26T20:38:41.724+0000] {processor.py:157} INFO - Started process (PID=1156) to work on /home/airflow/.local/lib/python3.7/site-packages/airflow/example_dags/example_branch_labels.py
[2023-05-26T20:38:41.726+0000] {processor.py:826} INFO - Processing file /home/airflow/.local/lib/python3.7/site-packages/airflow/example_dags/example_branch_labels.py for tasks to queue
[2023-05-26T20:38:41.727+0000] {logging_mixin.py:149} INFO - [2023-05-26T20:38:41.727+0000] {dagbag.py:541} INFO - Filling up the DagBag from /home/airflow/.local/lib/python3.7/site-packages/airflow/example_dags/example_branch_labels.py
[2023-05-26T20:38:41.733+0000] {processor.py:836} INFO - DAG(s) dict_keys(['example_branch_labels']) retrieved from /home/airflow/.local/lib/python3.7/site-packages/airflow/example_dags/example_branch_labels.py
[2023-05-26T20:38:41.754+0000] {logging_mixin.py:149} INFO - [2023-05-26T20:38:41.754+0000] {dag.py:2726} INFO - Sync 1 DAGs
[2023-05-26T20:38:41.770+0000] {logging_mixin.py:149} INFO - [2023-05-26T20:38:41.770+0000] {dag.py:3490} INFO - Setting next_dagrun for example_branch_labels to 2023-05-25T00:00:00+00:00, run_after=2023-05-26T00:00:00+00:00
[2023-05-26T20:38:41.781+0000] {processor.py:179} INFO - Processing /home/airflow/.local/lib/python3.7/site-packages/airflow/example_dags/example_branch_labels.py took 0.059 seconds
[2023-05-26T20:39:12.065+0000] {processor.py:157} INFO - Started process (PID=1212) to work on /home/airflow/.local/lib/python3.7/site-packages/airflow/example_dags/example_branch_labels.py
[2023-05-26T20:39:12.067+0000] {processor.py:826} INFO - Processing file /home/airflow/.local/lib/python3.7/site-packages/airflow/example_dags/example_branch_labels.py for tasks to queue
[2023-05-26T20:39:12.068+0000] {logging_mixin.py:149} INFO - [2023-05-26T20:39:12.067+0000] {dagbag.py:541} INFO - Filling up the DagBag from /home/airflow/.local/lib/python3.7/site-packages/airflow/example_dags/example_branch_labels.py
[2023-05-26T20:39:12.074+0000] {processor.py:836} INFO - DAG(s) dict_keys(['example_branch_labels']) retrieved from /home/airflow/.local/lib/python3.7/site-packages/airflow/example_dags/example_branch_labels.py
[2023-05-26T20:39:12.095+0000] {logging_mixin.py:149} INFO - [2023-05-26T20:39:12.095+0000] {dag.py:2726} INFO - Sync 1 DAGs
[2023-05-26T20:39:12.112+0000] {logging_mixin.py:149} INFO - [2023-05-26T20:39:12.112+0000] {dag.py:3490} INFO - Setting next_dagrun for example_branch_labels to 2023-05-25T00:00:00+00:00, run_after=2023-05-26T00:00:00+00:00
[2023-05-26T20:39:12.123+0000] {processor.py:179} INFO - Processing /home/airflow/.local/lib/python3.7/site-packages/airflow/example_dags/example_branch_labels.py took 0.061 seconds
[2023-05-26T20:39:42.393+0000] {processor.py:157} INFO - Started process (PID=1268) to work on /home/airflow/.local/lib/python3.7/site-packages/airflow/example_dags/example_branch_labels.py
[2023-05-26T20:39:42.395+0000] {processor.py:826} INFO - Processing file /home/airflow/.local/lib/python3.7/site-packages/airflow/example_dags/example_branch_labels.py for tasks to queue
[2023-05-26T20:39:42.395+0000] {logging_mixin.py:149} INFO - [2023-05-26T20:39:42.395+0000] {dagbag.py:541} INFO - Filling up the DagBag from /home/airflow/.local/lib/python3.7/site-packages/airflow/example_dags/example_branch_labels.py
[2023-05-26T20:39:42.402+0000] {processor.py:836} INFO - DAG(s) dict_keys(['example_branch_labels']) retrieved from /home/airflow/.local/lib/python3.7/site-packages/airflow/example_dags/example_branch_labels.py
[2023-05-26T20:39:42.423+0000] {logging_mixin.py:149} INFO - [2023-05-26T20:39:42.422+0000] {dag.py:2726} INFO - Sync 1 DAGs
[2023-05-26T20:39:42.440+0000] {logging_mixin.py:149} INFO - [2023-05-26T20:39:42.440+0000] {dag.py:3490} INFO - Setting next_dagrun for example_branch_labels to 2023-05-25T00:00:00+00:00, run_after=2023-05-26T00:00:00+00:00
[2023-05-26T20:39:42.453+0000] {processor.py:179} INFO - Processing /home/airflow/.local/lib/python3.7/site-packages/airflow/example_dags/example_branch_labels.py took 0.063 seconds
[2023-05-26T20:40:12.690+0000] {processor.py:157} INFO - Started process (PID=1325) to work on /home/airflow/.local/lib/python3.7/site-packages/airflow/example_dags/example_branch_labels.py
[2023-05-26T20:40:12.692+0000] {processor.py:826} INFO - Processing file /home/airflow/.local/lib/python3.7/site-packages/airflow/example_dags/example_branch_labels.py for tasks to queue
[2023-05-26T20:40:12.692+0000] {logging_mixin.py:149} INFO - [2023-05-26T20:40:12.692+0000] {dagbag.py:541} INFO - Filling up the DagBag from /home/airflow/.local/lib/python3.7/site-packages/airflow/example_dags/example_branch_labels.py
[2023-05-26T20:40:12.699+0000] {processor.py:836} INFO - DAG(s) dict_keys(['example_branch_labels']) retrieved from /home/airflow/.local/lib/python3.7/site-packages/airflow/example_dags/example_branch_labels.py
[2023-05-26T20:40:12.721+0000] {logging_mixin.py:149} INFO - [2023-05-26T20:40:12.721+0000] {dag.py:2726} INFO - Sync 1 DAGs
[2023-05-26T20:40:12.739+0000] {logging_mixin.py:149} INFO - [2023-05-26T20:40:12.739+0000] {dag.py:3490} INFO - Setting next_dagrun for example_branch_labels to 2023-05-25T00:00:00+00:00, run_after=2023-05-26T00:00:00+00:00
[2023-05-26T20:40:12.750+0000] {processor.py:179} INFO - Processing /home/airflow/.local/lib/python3.7/site-packages/airflow/example_dags/example_branch_labels.py took 0.063 seconds
[2023-05-26T20:40:43.241+0000] {processor.py:157} INFO - Started process (PID=1381) to work on /home/airflow/.local/lib/python3.7/site-packages/airflow/example_dags/example_branch_labels.py
[2023-05-26T20:40:43.242+0000] {processor.py:826} INFO - Processing file /home/airflow/.local/lib/python3.7/site-packages/airflow/example_dags/example_branch_labels.py for tasks to queue
[2023-05-26T20:40:43.243+0000] {logging_mixin.py:149} INFO - [2023-05-26T20:40:43.242+0000] {dagbag.py:541} INFO - Filling up the DagBag from /home/airflow/.local/lib/python3.7/site-packages/airflow/example_dags/example_branch_labels.py
[2023-05-26T20:40:43.248+0000] {processor.py:836} INFO - DAG(s) dict_keys(['example_branch_labels']) retrieved from /home/airflow/.local/lib/python3.7/site-packages/airflow/example_dags/example_branch_labels.py
[2023-05-26T20:40:43.269+0000] {logging_mixin.py:149} INFO - [2023-05-26T20:40:43.269+0000] {dag.py:2726} INFO - Sync 1 DAGs
[2023-05-26T20:40:43.284+0000] {logging_mixin.py:149} INFO - [2023-05-26T20:40:43.284+0000] {dag.py:3490} INFO - Setting next_dagrun for example_branch_labels to 2023-05-25T00:00:00+00:00, run_after=2023-05-26T00:00:00+00:00
[2023-05-26T20:40:43.296+0000] {processor.py:179} INFO - Processing /home/airflow/.local/lib/python3.7/site-packages/airflow/example_dags/example_branch_labels.py took 0.058 seconds
[2023-05-26T20:41:13.729+0000] {processor.py:157} INFO - Started process (PID=1438) to work on /home/airflow/.local/lib/python3.7/site-packages/airflow/example_dags/example_branch_labels.py
[2023-05-26T20:41:13.730+0000] {processor.py:826} INFO - Processing file /home/airflow/.local/lib/python3.7/site-packages/airflow/example_dags/example_branch_labels.py for tasks to queue
[2023-05-26T20:41:13.731+0000] {logging_mixin.py:149} INFO - [2023-05-26T20:41:13.731+0000] {dagbag.py:541} INFO - Filling up the DagBag from /home/airflow/.local/lib/python3.7/site-packages/airflow/example_dags/example_branch_labels.py
[2023-05-26T20:41:13.737+0000] {processor.py:836} INFO - DAG(s) dict_keys(['example_branch_labels']) retrieved from /home/airflow/.local/lib/python3.7/site-packages/airflow/example_dags/example_branch_labels.py
[2023-05-26T20:41:13.759+0000] {logging_mixin.py:149} INFO - [2023-05-26T20:41:13.758+0000] {dag.py:2726} INFO - Sync 1 DAGs
[2023-05-26T20:41:13.773+0000] {logging_mixin.py:149} INFO - [2023-05-26T20:41:13.773+0000] {dag.py:3490} INFO - Setting next_dagrun for example_branch_labels to 2023-05-25T00:00:00+00:00, run_after=2023-05-26T00:00:00+00:00
[2023-05-26T20:41:13.785+0000] {processor.py:179} INFO - Processing /home/airflow/.local/lib/python3.7/site-packages/airflow/example_dags/example_branch_labels.py took 0.059 seconds
[2023-05-26T20:41:44.125+0000] {processor.py:157} INFO - Started process (PID=1494) to work on /home/airflow/.local/lib/python3.7/site-packages/airflow/example_dags/example_branch_labels.py
[2023-05-26T20:41:44.127+0000] {processor.py:826} INFO - Processing file /home/airflow/.local/lib/python3.7/site-packages/airflow/example_dags/example_branch_labels.py for tasks to queue
[2023-05-26T20:41:44.128+0000] {logging_mixin.py:149} INFO - [2023-05-26T20:41:44.128+0000] {dagbag.py:541} INFO - Filling up the DagBag from /home/airflow/.local/lib/python3.7/site-packages/airflow/example_dags/example_branch_labels.py
[2023-05-26T20:41:44.135+0000] {processor.py:836} INFO - DAG(s) dict_keys(['example_branch_labels']) retrieved from /home/airflow/.local/lib/python3.7/site-packages/airflow/example_dags/example_branch_labels.py
[2023-05-26T20:41:44.157+0000] {logging_mixin.py:149} INFO - [2023-05-26T20:41:44.157+0000] {dag.py:2726} INFO - Sync 1 DAGs
[2023-05-26T20:41:44.174+0000] {logging_mixin.py:149} INFO - [2023-05-26T20:41:44.174+0000] {dag.py:3490} INFO - Setting next_dagrun for example_branch_labels to 2023-05-25T00:00:00+00:00, run_after=2023-05-26T00:00:00+00:00
[2023-05-26T20:41:44.186+0000] {processor.py:179} INFO - Processing /home/airflow/.local/lib/python3.7/site-packages/airflow/example_dags/example_branch_labels.py took 0.064 seconds
[2023-05-26T20:42:14.439+0000] {processor.py:157} INFO - Started process (PID=1550) to work on /home/airflow/.local/lib/python3.7/site-packages/airflow/example_dags/example_branch_labels.py
[2023-05-26T20:42:14.441+0000] {processor.py:826} INFO - Processing file /home/airflow/.local/lib/python3.7/site-packages/airflow/example_dags/example_branch_labels.py for tasks to queue
[2023-05-26T20:42:14.442+0000] {logging_mixin.py:149} INFO - [2023-05-26T20:42:14.442+0000] {dagbag.py:541} INFO - Filling up the DagBag from /home/airflow/.local/lib/python3.7/site-packages/airflow/example_dags/example_branch_labels.py
[2023-05-26T20:42:14.449+0000] {processor.py:836} INFO - DAG(s) dict_keys(['example_branch_labels']) retrieved from /home/airflow/.local/lib/python3.7/site-packages/airflow/example_dags/example_branch_labels.py
[2023-05-26T20:42:14.470+0000] {logging_mixin.py:149} INFO - [2023-05-26T20:42:14.470+0000] {dag.py:2726} INFO - Sync 1 DAGs
[2023-05-26T20:42:14.485+0000] {logging_mixin.py:149} INFO - [2023-05-26T20:42:14.485+0000] {dag.py:3490} INFO - Setting next_dagrun for example_branch_labels to 2023-05-25T00:00:00+00:00, run_after=2023-05-26T00:00:00+00:00
[2023-05-26T20:42:14.496+0000] {processor.py:179} INFO - Processing /home/airflow/.local/lib/python3.7/site-packages/airflow/example_dags/example_branch_labels.py took 0.060 seconds
[2023-05-26T20:42:44.900+0000] {processor.py:157} INFO - Started process (PID=1606) to work on /home/airflow/.local/lib/python3.7/site-packages/airflow/example_dags/example_branch_labels.py
[2023-05-26T20:42:44.901+0000] {processor.py:826} INFO - Processing file /home/airflow/.local/lib/python3.7/site-packages/airflow/example_dags/example_branch_labels.py for tasks to queue
[2023-05-26T20:42:44.901+0000] {logging_mixin.py:149} INFO - [2023-05-26T20:42:44.901+0000] {dagbag.py:541} INFO - Filling up the DagBag from /home/airflow/.local/lib/python3.7/site-packages/airflow/example_dags/example_branch_labels.py
[2023-05-26T20:42:44.908+0000] {processor.py:836} INFO - DAG(s) dict_keys(['example_branch_labels']) retrieved from /home/airflow/.local/lib/python3.7/site-packages/airflow/example_dags/example_branch_labels.py
[2023-05-26T20:42:44.929+0000] {logging_mixin.py:149} INFO - [2023-05-26T20:42:44.929+0000] {dag.py:2726} INFO - Sync 1 DAGs
[2023-05-26T20:42:44.944+0000] {logging_mixin.py:149} INFO - [2023-05-26T20:42:44.944+0000] {dag.py:3490} INFO - Setting next_dagrun for example_branch_labels to 2023-05-25T00:00:00+00:00, run_after=2023-05-26T00:00:00+00:00
[2023-05-26T20:42:44.959+0000] {processor.py:179} INFO - Processing /home/airflow/.local/lib/python3.7/site-packages/airflow/example_dags/example_branch_labels.py took 0.062 seconds
[2023-05-26T20:43:15.394+0000] {processor.py:157} INFO - Started process (PID=1662) to work on /home/airflow/.local/lib/python3.7/site-packages/airflow/example_dags/example_branch_labels.py
[2023-05-26T20:43:15.395+0000] {processor.py:826} INFO - Processing file /home/airflow/.local/lib/python3.7/site-packages/airflow/example_dags/example_branch_labels.py for tasks to queue
[2023-05-26T20:43:15.396+0000] {logging_mixin.py:149} INFO - [2023-05-26T20:43:15.396+0000] {dagbag.py:541} INFO - Filling up the DagBag from /home/airflow/.local/lib/python3.7/site-packages/airflow/example_dags/example_branch_labels.py
[2023-05-26T20:43:15.402+0000] {processor.py:836} INFO - DAG(s) dict_keys(['example_branch_labels']) retrieved from /home/airflow/.local/lib/python3.7/site-packages/airflow/example_dags/example_branch_labels.py
[2023-05-26T20:43:15.423+0000] {logging_mixin.py:149} INFO - [2023-05-26T20:43:15.423+0000] {dag.py:2726} INFO - Sync 1 DAGs
[2023-05-26T20:43:15.439+0000] {logging_mixin.py:149} INFO - [2023-05-26T20:43:15.439+0000] {dag.py:3490} INFO - Setting next_dagrun for example_branch_labels to 2023-05-25T00:00:00+00:00, run_after=2023-05-26T00:00:00+00:00
[2023-05-26T20:43:15.450+0000] {processor.py:179} INFO - Processing /home/airflow/.local/lib/python3.7/site-packages/airflow/example_dags/example_branch_labels.py took 0.059 seconds
[2023-05-26T20:43:45.829+0000] {processor.py:157} INFO - Started process (PID=1718) to work on /home/airflow/.local/lib/python3.7/site-packages/airflow/example_dags/example_branch_labels.py
[2023-05-26T20:43:45.830+0000] {processor.py:826} INFO - Processing file /home/airflow/.local/lib/python3.7/site-packages/airflow/example_dags/example_branch_labels.py for tasks to queue
[2023-05-26T20:43:45.831+0000] {logging_mixin.py:149} INFO - [2023-05-26T20:43:45.831+0000] {dagbag.py:541} INFO - Filling up the DagBag from /home/airflow/.local/lib/python3.7/site-packages/airflow/example_dags/example_branch_labels.py
[2023-05-26T20:43:45.838+0000] {processor.py:836} INFO - DAG(s) dict_keys(['example_branch_labels']) retrieved from /home/airflow/.local/lib/python3.7/site-packages/airflow/example_dags/example_branch_labels.py
[2023-05-26T20:43:45.859+0000] {logging_mixin.py:149} INFO - [2023-05-26T20:43:45.859+0000] {dag.py:2726} INFO - Sync 1 DAGs
[2023-05-26T20:43:45.876+0000] {logging_mixin.py:149} INFO - [2023-05-26T20:43:45.876+0000] {dag.py:3490} INFO - Setting next_dagrun for example_branch_labels to 2023-05-25T00:00:00+00:00, run_after=2023-05-26T00:00:00+00:00
[2023-05-26T20:43:45.892+0000] {processor.py:179} INFO - Processing /home/airflow/.local/lib/python3.7/site-packages/airflow/example_dags/example_branch_labels.py took 0.066 seconds
[2023-05-26T20:44:16.095+0000] {processor.py:157} INFO - Started process (PID=1774) to work on /home/airflow/.local/lib/python3.7/site-packages/airflow/example_dags/example_branch_labels.py
[2023-05-26T20:44:16.097+0000] {processor.py:826} INFO - Processing file /home/airflow/.local/lib/python3.7/site-packages/airflow/example_dags/example_branch_labels.py for tasks to queue
[2023-05-26T20:44:16.098+0000] {logging_mixin.py:149} INFO - [2023-05-26T20:44:16.098+0000] {dagbag.py:541} INFO - Filling up the DagBag from /home/airflow/.local/lib/python3.7/site-packages/airflow/example_dags/example_branch_labels.py
[2023-05-26T20:44:16.104+0000] {processor.py:836} INFO - DAG(s) dict_keys(['example_branch_labels']) retrieved from /home/airflow/.local/lib/python3.7/site-packages/airflow/example_dags/example_branch_labels.py
[2023-05-26T20:44:16.126+0000] {logging_mixin.py:149} INFO - [2023-05-26T20:44:16.126+0000] {dag.py:2726} INFO - Sync 1 DAGs
[2023-05-26T20:44:16.142+0000] {logging_mixin.py:149} INFO - [2023-05-26T20:44:16.141+0000] {dag.py:3490} INFO - Setting next_dagrun for example_branch_labels to 2023-05-25T00:00:00+00:00, run_after=2023-05-26T00:00:00+00:00
[2023-05-26T20:44:16.153+0000] {processor.py:179} INFO - Processing /home/airflow/.local/lib/python3.7/site-packages/airflow/example_dags/example_branch_labels.py took 0.061 seconds
[2023-05-26T20:44:46.500+0000] {processor.py:157} INFO - Started process (PID=1831) to work on /home/airflow/.local/lib/python3.7/site-packages/airflow/example_dags/example_branch_labels.py
[2023-05-26T20:44:46.502+0000] {processor.py:826} INFO - Processing file /home/airflow/.local/lib/python3.7/site-packages/airflow/example_dags/example_branch_labels.py for tasks to queue
[2023-05-26T20:44:46.503+0000] {logging_mixin.py:149} INFO - [2023-05-26T20:44:46.503+0000] {dagbag.py:541} INFO - Filling up the DagBag from /home/airflow/.local/lib/python3.7/site-packages/airflow/example_dags/example_branch_labels.py
[2023-05-26T20:44:46.509+0000] {processor.py:836} INFO - DAG(s) dict_keys(['example_branch_labels']) retrieved from /home/airflow/.local/lib/python3.7/site-packages/airflow/example_dags/example_branch_labels.py
[2023-05-26T20:44:46.530+0000] {logging_mixin.py:149} INFO - [2023-05-26T20:44:46.530+0000] {dag.py:2726} INFO - Sync 1 DAGs
[2023-05-26T20:44:46.547+0000] {logging_mixin.py:149} INFO - [2023-05-26T20:44:46.547+0000] {dag.py:3490} INFO - Setting next_dagrun for example_branch_labels to 2023-05-25T00:00:00+00:00, run_after=2023-05-26T00:00:00+00:00
[2023-05-26T20:44:46.559+0000] {processor.py:179} INFO - Processing /home/airflow/.local/lib/python3.7/site-packages/airflow/example_dags/example_branch_labels.py took 0.061 seconds
[2023-05-26T20:45:16.895+0000] {processor.py:157} INFO - Started process (PID=1887) to work on /home/airflow/.local/lib/python3.7/site-packages/airflow/example_dags/example_branch_labels.py
[2023-05-26T20:45:16.896+0000] {processor.py:826} INFO - Processing file /home/airflow/.local/lib/python3.7/site-packages/airflow/example_dags/example_branch_labels.py for tasks to queue
[2023-05-26T20:45:16.897+0000] {logging_mixin.py:149} INFO - [2023-05-26T20:45:16.897+0000] {dagbag.py:541} INFO - Filling up the DagBag from /home/airflow/.local/lib/python3.7/site-packages/airflow/example_dags/example_branch_labels.py
[2023-05-26T20:45:16.905+0000] {processor.py:836} INFO - DAG(s) dict_keys(['example_branch_labels']) retrieved from /home/airflow/.local/lib/python3.7/site-packages/airflow/example_dags/example_branch_labels.py
[2023-05-26T20:45:16.925+0000] {logging_mixin.py:149} INFO - [2023-05-26T20:45:16.925+0000] {dag.py:2726} INFO - Sync 1 DAGs
[2023-05-26T20:45:16.942+0000] {logging_mixin.py:149} INFO - [2023-05-26T20:45:16.942+0000] {dag.py:3490} INFO - Setting next_dagrun for example_branch_labels to 2023-05-25T00:00:00+00:00, run_after=2023-05-26T00:00:00+00:00
[2023-05-26T20:45:16.953+0000] {processor.py:179} INFO - Processing /home/airflow/.local/lib/python3.7/site-packages/airflow/example_dags/example_branch_labels.py took 0.061 seconds
[2023-05-26T20:45:47.275+0000] {processor.py:157} INFO - Started process (PID=1943) to work on /home/airflow/.local/lib/python3.7/site-packages/airflow/example_dags/example_branch_labels.py
[2023-05-26T20:45:47.277+0000] {processor.py:826} INFO - Processing file /home/airflow/.local/lib/python3.7/site-packages/airflow/example_dags/example_branch_labels.py for tasks to queue
[2023-05-26T20:45:47.278+0000] {logging_mixin.py:149} INFO - [2023-05-26T20:45:47.278+0000] {dagbag.py:541} INFO - Filling up the DagBag from /home/airflow/.local/lib/python3.7/site-packages/airflow/example_dags/example_branch_labels.py
[2023-05-26T20:45:47.284+0000] {processor.py:836} INFO - DAG(s) dict_keys(['example_branch_labels']) retrieved from /home/airflow/.local/lib/python3.7/site-packages/airflow/example_dags/example_branch_labels.py
[2023-05-26T20:45:47.307+0000] {logging_mixin.py:149} INFO - [2023-05-26T20:45:47.306+0000] {dag.py:2726} INFO - Sync 1 DAGs
[2023-05-26T20:45:47.322+0000] {logging_mixin.py:149} INFO - [2023-05-26T20:45:47.322+0000] {dag.py:3490} INFO - Setting next_dagrun for example_branch_labels to 2023-05-25T00:00:00+00:00, run_after=2023-05-26T00:00:00+00:00
[2023-05-26T20:45:47.333+0000] {processor.py:179} INFO - Processing /home/airflow/.local/lib/python3.7/site-packages/airflow/example_dags/example_branch_labels.py took 0.061 seconds
[2023-05-26T20:46:17.816+0000] {processor.py:157} INFO - Started process (PID=1999) to work on /home/airflow/.local/lib/python3.7/site-packages/airflow/example_dags/example_branch_labels.py
[2023-05-26T20:46:17.817+0000] {processor.py:826} INFO - Processing file /home/airflow/.local/lib/python3.7/site-packages/airflow/example_dags/example_branch_labels.py for tasks to queue
[2023-05-26T20:46:17.818+0000] {logging_mixin.py:149} INFO - [2023-05-26T20:46:17.818+0000] {dagbag.py:541} INFO - Filling up the DagBag from /home/airflow/.local/lib/python3.7/site-packages/airflow/example_dags/example_branch_labels.py
[2023-05-26T20:46:17.826+0000] {processor.py:836} INFO - DAG(s) dict_keys(['example_branch_labels']) retrieved from /home/airflow/.local/lib/python3.7/site-packages/airflow/example_dags/example_branch_labels.py
[2023-05-26T20:46:17.850+0000] {logging_mixin.py:149} INFO - [2023-05-26T20:46:17.849+0000] {dag.py:2726} INFO - Sync 1 DAGs
[2023-05-26T20:46:17.867+0000] {logging_mixin.py:149} INFO - [2023-05-26T20:46:17.867+0000] {dag.py:3490} INFO - Setting next_dagrun for example_branch_labels to 2023-05-25T00:00:00+00:00, run_after=2023-05-26T00:00:00+00:00
[2023-05-26T20:46:17.880+0000] {processor.py:179} INFO - Processing /home/airflow/.local/lib/python3.7/site-packages/airflow/example_dags/example_branch_labels.py took 0.068 seconds
[2023-05-26T20:46:48.452+0000] {processor.py:157} INFO - Started process (PID=2055) to work on /home/airflow/.local/lib/python3.7/site-packages/airflow/example_dags/example_branch_labels.py
[2023-05-26T20:46:48.454+0000] {processor.py:826} INFO - Processing file /home/airflow/.local/lib/python3.7/site-packages/airflow/example_dags/example_branch_labels.py for tasks to queue
[2023-05-26T20:46:48.455+0000] {logging_mixin.py:149} INFO - [2023-05-26T20:46:48.455+0000] {dagbag.py:541} INFO - Filling up the DagBag from /home/airflow/.local/lib/python3.7/site-packages/airflow/example_dags/example_branch_labels.py
[2023-05-26T20:46:48.461+0000] {processor.py:836} INFO - DAG(s) dict_keys(['example_branch_labels']) retrieved from /home/airflow/.local/lib/python3.7/site-packages/airflow/example_dags/example_branch_labels.py
[2023-05-26T20:46:48.483+0000] {logging_mixin.py:149} INFO - [2023-05-26T20:46:48.483+0000] {dag.py:2726} INFO - Sync 1 DAGs
[2023-05-26T20:46:48.500+0000] {logging_mixin.py:149} INFO - [2023-05-26T20:46:48.500+0000] {dag.py:3490} INFO - Setting next_dagrun for example_branch_labels to 2023-05-25T00:00:00+00:00, run_after=2023-05-26T00:00:00+00:00
[2023-05-26T20:46:48.512+0000] {processor.py:179} INFO - Processing /home/airflow/.local/lib/python3.7/site-packages/airflow/example_dags/example_branch_labels.py took 0.062 seconds
[2023-05-26T20:47:19.180+0000] {processor.py:157} INFO - Started process (PID=2111) to work on /home/airflow/.local/lib/python3.7/site-packages/airflow/example_dags/example_branch_labels.py
[2023-05-26T20:47:19.181+0000] {processor.py:826} INFO - Processing file /home/airflow/.local/lib/python3.7/site-packages/airflow/example_dags/example_branch_labels.py for tasks to queue
[2023-05-26T20:47:19.182+0000] {logging_mixin.py:149} INFO - [2023-05-26T20:47:19.182+0000] {dagbag.py:541} INFO - Filling up the DagBag from /home/airflow/.local/lib/python3.7/site-packages/airflow/example_dags/example_branch_labels.py
[2023-05-26T20:47:19.189+0000] {processor.py:836} INFO - DAG(s) dict_keys(['example_branch_labels']) retrieved from /home/airflow/.local/lib/python3.7/site-packages/airflow/example_dags/example_branch_labels.py
[2023-05-26T20:47:19.210+0000] {logging_mixin.py:149} INFO - [2023-05-26T20:47:19.210+0000] {dag.py:2726} INFO - Sync 1 DAGs
[2023-05-26T20:47:19.227+0000] {logging_mixin.py:149} INFO - [2023-05-26T20:47:19.227+0000] {dag.py:3490} INFO - Setting next_dagrun for example_branch_labels to 2023-05-25T00:00:00+00:00, run_after=2023-05-26T00:00:00+00:00
[2023-05-26T20:47:19.240+0000] {processor.py:179} INFO - Processing /home/airflow/.local/lib/python3.7/site-packages/airflow/example_dags/example_branch_labels.py took 0.063 seconds
[2023-05-26T20:47:49.901+0000] {processor.py:157} INFO - Started process (PID=2167) to work on /home/airflow/.local/lib/python3.7/site-packages/airflow/example_dags/example_branch_labels.py
[2023-05-26T20:47:49.908+0000] {processor.py:826} INFO - Processing file /home/airflow/.local/lib/python3.7/site-packages/airflow/example_dags/example_branch_labels.py for tasks to queue
[2023-05-26T20:47:49.909+0000] {logging_mixin.py:149} INFO - [2023-05-26T20:47:49.909+0000] {dagbag.py:541} INFO - Filling up the DagBag from /home/airflow/.local/lib/python3.7/site-packages/airflow/example_dags/example_branch_labels.py
[2023-05-26T20:47:49.915+0000] {processor.py:836} INFO - DAG(s) dict_keys(['example_branch_labels']) retrieved from /home/airflow/.local/lib/python3.7/site-packages/airflow/example_dags/example_branch_labels.py
[2023-05-26T20:47:49.937+0000] {logging_mixin.py:149} INFO - [2023-05-26T20:47:49.937+0000] {dag.py:2726} INFO - Sync 1 DAGs
[2023-05-26T20:47:49.953+0000] {logging_mixin.py:149} INFO - [2023-05-26T20:47:49.953+0000] {dag.py:3490} INFO - Setting next_dagrun for example_branch_labels to 2023-05-25T00:00:00+00:00, run_after=2023-05-26T00:00:00+00:00
[2023-05-26T20:47:49.965+0000] {processor.py:179} INFO - Processing /home/airflow/.local/lib/python3.7/site-packages/airflow/example_dags/example_branch_labels.py took 0.066 seconds
[2023-05-26T20:48:20.289+0000] {processor.py:157} INFO - Started process (PID=2223) to work on /home/airflow/.local/lib/python3.7/site-packages/airflow/example_dags/example_branch_labels.py
[2023-05-26T20:48:20.291+0000] {processor.py:826} INFO - Processing file /home/airflow/.local/lib/python3.7/site-packages/airflow/example_dags/example_branch_labels.py for tasks to queue
[2023-05-26T20:48:20.291+0000] {logging_mixin.py:149} INFO - [2023-05-26T20:48:20.291+0000] {dagbag.py:541} INFO - Filling up the DagBag from /home/airflow/.local/lib/python3.7/site-packages/airflow/example_dags/example_branch_labels.py
[2023-05-26T20:48:20.299+0000] {processor.py:836} INFO - DAG(s) dict_keys(['example_branch_labels']) retrieved from /home/airflow/.local/lib/python3.7/site-packages/airflow/example_dags/example_branch_labels.py
[2023-05-26T20:48:20.319+0000] {logging_mixin.py:149} INFO - [2023-05-26T20:48:20.319+0000] {dag.py:2726} INFO - Sync 1 DAGs
[2023-05-26T20:48:20.335+0000] {logging_mixin.py:149} INFO - [2023-05-26T20:48:20.335+0000] {dag.py:3490} INFO - Setting next_dagrun for example_branch_labels to 2023-05-25T00:00:00+00:00, run_after=2023-05-26T00:00:00+00:00
[2023-05-26T20:48:20.347+0000] {processor.py:179} INFO - Processing /home/airflow/.local/lib/python3.7/site-packages/airflow/example_dags/example_branch_labels.py took 0.060 seconds
[2023-05-26T20:48:50.914+0000] {processor.py:157} INFO - Started process (PID=2280) to work on /home/airflow/.local/lib/python3.7/site-packages/airflow/example_dags/example_branch_labels.py
[2023-05-26T20:48:50.917+0000] {processor.py:826} INFO - Processing file /home/airflow/.local/lib/python3.7/site-packages/airflow/example_dags/example_branch_labels.py for tasks to queue
[2023-05-26T20:48:50.917+0000] {logging_mixin.py:149} INFO - [2023-05-26T20:48:50.917+0000] {dagbag.py:541} INFO - Filling up the DagBag from /home/airflow/.local/lib/python3.7/site-packages/airflow/example_dags/example_branch_labels.py
[2023-05-26T20:48:50.923+0000] {processor.py:836} INFO - DAG(s) dict_keys(['example_branch_labels']) retrieved from /home/airflow/.local/lib/python3.7/site-packages/airflow/example_dags/example_branch_labels.py
[2023-05-26T20:48:50.945+0000] {logging_mixin.py:149} INFO - [2023-05-26T20:48:50.944+0000] {dag.py:2726} INFO - Sync 1 DAGs
[2023-05-26T20:48:50.961+0000] {logging_mixin.py:149} INFO - [2023-05-26T20:48:50.961+0000] {dag.py:3490} INFO - Setting next_dagrun for example_branch_labels to 2023-05-25T00:00:00+00:00, run_after=2023-05-26T00:00:00+00:00
[2023-05-26T20:48:50.973+0000] {processor.py:179} INFO - Processing /home/airflow/.local/lib/python3.7/site-packages/airflow/example_dags/example_branch_labels.py took 0.063 seconds
[2023-05-26T20:49:21.608+0000] {processor.py:157} INFO - Started process (PID=2335) to work on /home/airflow/.local/lib/python3.7/site-packages/airflow/example_dags/example_branch_labels.py
[2023-05-26T20:49:21.610+0000] {processor.py:826} INFO - Processing file /home/airflow/.local/lib/python3.7/site-packages/airflow/example_dags/example_branch_labels.py for tasks to queue
[2023-05-26T20:49:21.611+0000] {logging_mixin.py:149} INFO - [2023-05-26T20:49:21.610+0000] {dagbag.py:541} INFO - Filling up the DagBag from /home/airflow/.local/lib/python3.7/site-packages/airflow/example_dags/example_branch_labels.py
[2023-05-26T20:49:21.617+0000] {processor.py:836} INFO - DAG(s) dict_keys(['example_branch_labels']) retrieved from /home/airflow/.local/lib/python3.7/site-packages/airflow/example_dags/example_branch_labels.py
[2023-05-26T20:49:21.637+0000] {logging_mixin.py:149} INFO - [2023-05-26T20:49:21.637+0000] {dag.py:2726} INFO - Sync 1 DAGs
[2023-05-26T20:49:21.654+0000] {logging_mixin.py:149} INFO - [2023-05-26T20:49:21.654+0000] {dag.py:3490} INFO - Setting next_dagrun for example_branch_labels to 2023-05-25T00:00:00+00:00, run_after=2023-05-26T00:00:00+00:00
[2023-05-26T20:49:21.665+0000] {processor.py:179} INFO - Processing /home/airflow/.local/lib/python3.7/site-packages/airflow/example_dags/example_branch_labels.py took 0.060 seconds
[2023-05-26T20:49:52.141+0000] {processor.py:157} INFO - Started process (PID=2391) to work on /home/airflow/.local/lib/python3.7/site-packages/airflow/example_dags/example_branch_labels.py
[2023-05-26T20:49:52.143+0000] {processor.py:826} INFO - Processing file /home/airflow/.local/lib/python3.7/site-packages/airflow/example_dags/example_branch_labels.py for tasks to queue
[2023-05-26T20:49:52.144+0000] {logging_mixin.py:149} INFO - [2023-05-26T20:49:52.144+0000] {dagbag.py:541} INFO - Filling up the DagBag from /home/airflow/.local/lib/python3.7/site-packages/airflow/example_dags/example_branch_labels.py
[2023-05-26T20:49:52.152+0000] {processor.py:836} INFO - DAG(s) dict_keys(['example_branch_labels']) retrieved from /home/airflow/.local/lib/python3.7/site-packages/airflow/example_dags/example_branch_labels.py
[2023-05-26T20:49:52.173+0000] {logging_mixin.py:149} INFO - [2023-05-26T20:49:52.172+0000] {dag.py:2726} INFO - Sync 1 DAGs
[2023-05-26T20:49:52.189+0000] {logging_mixin.py:149} INFO - [2023-05-26T20:49:52.189+0000] {dag.py:3490} INFO - Setting next_dagrun for example_branch_labels to 2023-05-25T00:00:00+00:00, run_after=2023-05-26T00:00:00+00:00
[2023-05-26T20:49:52.201+0000] {processor.py:179} INFO - Processing /home/airflow/.local/lib/python3.7/site-packages/airflow/example_dags/example_branch_labels.py took 0.062 seconds
[2023-05-26T20:50:22.797+0000] {processor.py:157} INFO - Started process (PID=2447) to work on /home/airflow/.local/lib/python3.7/site-packages/airflow/example_dags/example_branch_labels.py
[2023-05-26T20:50:22.799+0000] {processor.py:826} INFO - Processing file /home/airflow/.local/lib/python3.7/site-packages/airflow/example_dags/example_branch_labels.py for tasks to queue
[2023-05-26T20:50:22.800+0000] {logging_mixin.py:149} INFO - [2023-05-26T20:50:22.799+0000] {dagbag.py:541} INFO - Filling up the DagBag from /home/airflow/.local/lib/python3.7/site-packages/airflow/example_dags/example_branch_labels.py
[2023-05-26T20:50:22.805+0000] {processor.py:836} INFO - DAG(s) dict_keys(['example_branch_labels']) retrieved from /home/airflow/.local/lib/python3.7/site-packages/airflow/example_dags/example_branch_labels.py
[2023-05-26T20:50:22.830+0000] {logging_mixin.py:149} INFO - [2023-05-26T20:50:22.830+0000] {dag.py:2726} INFO - Sync 1 DAGs
[2023-05-26T20:50:22.848+0000] {logging_mixin.py:149} INFO - [2023-05-26T20:50:22.848+0000] {dag.py:3490} INFO - Setting next_dagrun for example_branch_labels to 2023-05-25T00:00:00+00:00, run_after=2023-05-26T00:00:00+00:00
[2023-05-26T20:50:22.859+0000] {processor.py:179} INFO - Processing /home/airflow/.local/lib/python3.7/site-packages/airflow/example_dags/example_branch_labels.py took 0.065 seconds
[2023-05-26T20:50:53.008+0000] {processor.py:157} INFO - Started process (PID=2504) to work on /home/airflow/.local/lib/python3.7/site-packages/airflow/example_dags/example_branch_labels.py
[2023-05-26T20:50:53.010+0000] {processor.py:826} INFO - Processing file /home/airflow/.local/lib/python3.7/site-packages/airflow/example_dags/example_branch_labels.py for tasks to queue
[2023-05-26T20:50:53.010+0000] {logging_mixin.py:149} INFO - [2023-05-26T20:50:53.010+0000] {dagbag.py:541} INFO - Filling up the DagBag from /home/airflow/.local/lib/python3.7/site-packages/airflow/example_dags/example_branch_labels.py
[2023-05-26T20:50:53.017+0000] {processor.py:836} INFO - DAG(s) dict_keys(['example_branch_labels']) retrieved from /home/airflow/.local/lib/python3.7/site-packages/airflow/example_dags/example_branch_labels.py
[2023-05-26T20:50:53.039+0000] {logging_mixin.py:149} INFO - [2023-05-26T20:50:53.038+0000] {dag.py:2726} INFO - Sync 1 DAGs
[2023-05-26T20:50:53.055+0000] {logging_mixin.py:149} INFO - [2023-05-26T20:50:53.055+0000] {dag.py:3490} INFO - Setting next_dagrun for example_branch_labels to 2023-05-25T00:00:00+00:00, run_after=2023-05-26T00:00:00+00:00
[2023-05-26T20:50:53.067+0000] {processor.py:179} INFO - Processing /home/airflow/.local/lib/python3.7/site-packages/airflow/example_dags/example_branch_labels.py took 0.062 seconds
[2023-05-26T20:51:23.555+0000] {processor.py:157} INFO - Started process (PID=2560) to work on /home/airflow/.local/lib/python3.7/site-packages/airflow/example_dags/example_branch_labels.py
[2023-05-26T20:51:23.557+0000] {processor.py:826} INFO - Processing file /home/airflow/.local/lib/python3.7/site-packages/airflow/example_dags/example_branch_labels.py for tasks to queue
[2023-05-26T20:51:23.558+0000] {logging_mixin.py:149} INFO - [2023-05-26T20:51:23.557+0000] {dagbag.py:541} INFO - Filling up the DagBag from /home/airflow/.local/lib/python3.7/site-packages/airflow/example_dags/example_branch_labels.py
[2023-05-26T20:51:23.566+0000] {processor.py:836} INFO - DAG(s) dict_keys(['example_branch_labels']) retrieved from /home/airflow/.local/lib/python3.7/site-packages/airflow/example_dags/example_branch_labels.py
[2023-05-26T20:51:23.587+0000] {logging_mixin.py:149} INFO - [2023-05-26T20:51:23.587+0000] {dag.py:2726} INFO - Sync 1 DAGs
[2023-05-26T20:51:23.605+0000] {logging_mixin.py:149} INFO - [2023-05-26T20:51:23.605+0000] {dag.py:3490} INFO - Setting next_dagrun for example_branch_labels to 2023-05-25T00:00:00+00:00, run_after=2023-05-26T00:00:00+00:00
[2023-05-26T20:51:23.616+0000] {processor.py:179} INFO - Processing /home/airflow/.local/lib/python3.7/site-packages/airflow/example_dags/example_branch_labels.py took 0.064 seconds
[2023-05-26T20:51:54.168+0000] {processor.py:157} INFO - Started process (PID=2616) to work on /home/airflow/.local/lib/python3.7/site-packages/airflow/example_dags/example_branch_labels.py
[2023-05-26T20:51:54.170+0000] {processor.py:826} INFO - Processing file /home/airflow/.local/lib/python3.7/site-packages/airflow/example_dags/example_branch_labels.py for tasks to queue
[2023-05-26T20:51:54.171+0000] {logging_mixin.py:149} INFO - [2023-05-26T20:51:54.171+0000] {dagbag.py:541} INFO - Filling up the DagBag from /home/airflow/.local/lib/python3.7/site-packages/airflow/example_dags/example_branch_labels.py
[2023-05-26T20:51:54.177+0000] {processor.py:836} INFO - DAG(s) dict_keys(['example_branch_labels']) retrieved from /home/airflow/.local/lib/python3.7/site-packages/airflow/example_dags/example_branch_labels.py
[2023-05-26T20:51:54.200+0000] {logging_mixin.py:149} INFO - [2023-05-26T20:51:54.200+0000] {dag.py:2726} INFO - Sync 1 DAGs
[2023-05-26T20:51:54.216+0000] {logging_mixin.py:149} INFO - [2023-05-26T20:51:54.216+0000] {dag.py:3490} INFO - Setting next_dagrun for example_branch_labels to 2023-05-25T00:00:00+00:00, run_after=2023-05-26T00:00:00+00:00
[2023-05-26T20:51:54.228+0000] {processor.py:179} INFO - Processing /home/airflow/.local/lib/python3.7/site-packages/airflow/example_dags/example_branch_labels.py took 0.062 seconds
[2023-05-26T20:52:24.858+0000] {processor.py:157} INFO - Started process (PID=2672) to work on /home/airflow/.local/lib/python3.7/site-packages/airflow/example_dags/example_branch_labels.py
[2023-05-26T20:52:24.860+0000] {processor.py:826} INFO - Processing file /home/airflow/.local/lib/python3.7/site-packages/airflow/example_dags/example_branch_labels.py for tasks to queue
[2023-05-26T20:52:24.861+0000] {logging_mixin.py:149} INFO - [2023-05-26T20:52:24.861+0000] {dagbag.py:541} INFO - Filling up the DagBag from /home/airflow/.local/lib/python3.7/site-packages/airflow/example_dags/example_branch_labels.py
[2023-05-26T20:52:24.867+0000] {processor.py:836} INFO - DAG(s) dict_keys(['example_branch_labels']) retrieved from /home/airflow/.local/lib/python3.7/site-packages/airflow/example_dags/example_branch_labels.py
[2023-05-26T20:52:24.889+0000] {logging_mixin.py:149} INFO - [2023-05-26T20:52:24.889+0000] {dag.py:2726} INFO - Sync 1 DAGs
[2023-05-26T20:52:24.906+0000] {logging_mixin.py:149} INFO - [2023-05-26T20:52:24.906+0000] {dag.py:3490} INFO - Setting next_dagrun for example_branch_labels to 2023-05-25T00:00:00+00:00, run_after=2023-05-26T00:00:00+00:00
[2023-05-26T20:52:24.919+0000] {processor.py:179} INFO - Processing /home/airflow/.local/lib/python3.7/site-packages/airflow/example_dags/example_branch_labels.py took 0.063 seconds
[2023-05-26T20:52:55.296+0000] {processor.py:157} INFO - Started process (PID=2728) to work on /home/airflow/.local/lib/python3.7/site-packages/airflow/example_dags/example_branch_labels.py
[2023-05-26T20:52:55.298+0000] {processor.py:826} INFO - Processing file /home/airflow/.local/lib/python3.7/site-packages/airflow/example_dags/example_branch_labels.py for tasks to queue
[2023-05-26T20:52:55.299+0000] {logging_mixin.py:149} INFO - [2023-05-26T20:52:55.299+0000] {dagbag.py:541} INFO - Filling up the DagBag from /home/airflow/.local/lib/python3.7/site-packages/airflow/example_dags/example_branch_labels.py
[2023-05-26T20:52:55.305+0000] {processor.py:836} INFO - DAG(s) dict_keys(['example_branch_labels']) retrieved from /home/airflow/.local/lib/python3.7/site-packages/airflow/example_dags/example_branch_labels.py
[2023-05-26T20:52:55.327+0000] {logging_mixin.py:149} INFO - [2023-05-26T20:52:55.327+0000] {dag.py:2726} INFO - Sync 1 DAGs
[2023-05-26T20:52:55.343+0000] {logging_mixin.py:149} INFO - [2023-05-26T20:52:55.343+0000] {dag.py:3490} INFO - Setting next_dagrun for example_branch_labels to 2023-05-25T00:00:00+00:00, run_after=2023-05-26T00:00:00+00:00
[2023-05-26T20:52:55.355+0000] {processor.py:179} INFO - Processing /home/airflow/.local/lib/python3.7/site-packages/airflow/example_dags/example_branch_labels.py took 0.062 seconds
[2023-05-26T20:53:26.065+0000] {processor.py:157} INFO - Started process (PID=2784) to work on /home/airflow/.local/lib/python3.7/site-packages/airflow/example_dags/example_branch_labels.py
[2023-05-26T20:53:26.067+0000] {processor.py:826} INFO - Processing file /home/airflow/.local/lib/python3.7/site-packages/airflow/example_dags/example_branch_labels.py for tasks to queue
[2023-05-26T20:53:26.068+0000] {logging_mixin.py:149} INFO - [2023-05-26T20:53:26.068+0000] {dagbag.py:541} INFO - Filling up the DagBag from /home/airflow/.local/lib/python3.7/site-packages/airflow/example_dags/example_branch_labels.py
[2023-05-26T20:53:26.076+0000] {processor.py:836} INFO - DAG(s) dict_keys(['example_branch_labels']) retrieved from /home/airflow/.local/lib/python3.7/site-packages/airflow/example_dags/example_branch_labels.py
[2023-05-26T20:53:26.100+0000] {logging_mixin.py:149} INFO - [2023-05-26T20:53:26.099+0000] {dag.py:2726} INFO - Sync 1 DAGs
[2023-05-26T20:53:26.119+0000] {logging_mixin.py:149} INFO - [2023-05-26T20:53:26.119+0000] {dag.py:3490} INFO - Setting next_dagrun for example_branch_labels to 2023-05-25T00:00:00+00:00, run_after=2023-05-26T00:00:00+00:00
[2023-05-26T20:53:26.132+0000] {processor.py:179} INFO - Processing /home/airflow/.local/lib/python3.7/site-packages/airflow/example_dags/example_branch_labels.py took 0.070 seconds
[2023-05-26T20:53:56.693+0000] {processor.py:157} INFO - Started process (PID=2840) to work on /home/airflow/.local/lib/python3.7/site-packages/airflow/example_dags/example_branch_labels.py
[2023-05-26T20:53:56.695+0000] {processor.py:826} INFO - Processing file /home/airflow/.local/lib/python3.7/site-packages/airflow/example_dags/example_branch_labels.py for tasks to queue
[2023-05-26T20:53:56.698+0000] {logging_mixin.py:149} INFO - [2023-05-26T20:53:56.698+0000] {dagbag.py:541} INFO - Filling up the DagBag from /home/airflow/.local/lib/python3.7/site-packages/airflow/example_dags/example_branch_labels.py
[2023-05-26T20:53:56.705+0000] {processor.py:836} INFO - DAG(s) dict_keys(['example_branch_labels']) retrieved from /home/airflow/.local/lib/python3.7/site-packages/airflow/example_dags/example_branch_labels.py
[2023-05-26T20:53:56.725+0000] {logging_mixin.py:149} INFO - [2023-05-26T20:53:56.725+0000] {dag.py:2726} INFO - Sync 1 DAGs
[2023-05-26T20:53:56.742+0000] {logging_mixin.py:149} INFO - [2023-05-26T20:53:56.741+0000] {dag.py:3490} INFO - Setting next_dagrun for example_branch_labels to 2023-05-25T00:00:00+00:00, run_after=2023-05-26T00:00:00+00:00
[2023-05-26T20:53:56.754+0000] {processor.py:179} INFO - Processing /home/airflow/.local/lib/python3.7/site-packages/airflow/example_dags/example_branch_labels.py took 0.063 seconds
[2023-05-26T20:54:27.328+0000] {processor.py:157} INFO - Started process (PID=2895) to work on /home/airflow/.local/lib/python3.7/site-packages/airflow/example_dags/example_branch_labels.py
[2023-05-26T20:54:27.329+0000] {processor.py:826} INFO - Processing file /home/airflow/.local/lib/python3.7/site-packages/airflow/example_dags/example_branch_labels.py for tasks to queue
[2023-05-26T20:54:27.330+0000] {logging_mixin.py:149} INFO - [2023-05-26T20:54:27.330+0000] {dagbag.py:541} INFO - Filling up the DagBag from /home/airflow/.local/lib/python3.7/site-packages/airflow/example_dags/example_branch_labels.py
[2023-05-26T20:54:27.337+0000] {processor.py:836} INFO - DAG(s) dict_keys(['example_branch_labels']) retrieved from /home/airflow/.local/lib/python3.7/site-packages/airflow/example_dags/example_branch_labels.py
[2023-05-26T20:54:27.358+0000] {logging_mixin.py:149} INFO - [2023-05-26T20:54:27.357+0000] {dag.py:2726} INFO - Sync 1 DAGs
[2023-05-26T20:54:27.374+0000] {logging_mixin.py:149} INFO - [2023-05-26T20:54:27.374+0000] {dag.py:3490} INFO - Setting next_dagrun for example_branch_labels to 2023-05-25T00:00:00+00:00, run_after=2023-05-26T00:00:00+00:00
[2023-05-26T20:54:27.386+0000] {processor.py:179} INFO - Processing /home/airflow/.local/lib/python3.7/site-packages/airflow/example_dags/example_branch_labels.py took 0.061 seconds
[2023-05-26T20:54:57.886+0000] {processor.py:157} INFO - Started process (PID=2951) to work on /home/airflow/.local/lib/python3.7/site-packages/airflow/example_dags/example_branch_labels.py
[2023-05-26T20:54:57.887+0000] {processor.py:826} INFO - Processing file /home/airflow/.local/lib/python3.7/site-packages/airflow/example_dags/example_branch_labels.py for tasks to queue
[2023-05-26T20:54:57.888+0000] {logging_mixin.py:149} INFO - [2023-05-26T20:54:57.888+0000] {dagbag.py:541} INFO - Filling up the DagBag from /home/airflow/.local/lib/python3.7/site-packages/airflow/example_dags/example_branch_labels.py
[2023-05-26T20:54:57.894+0000] {processor.py:836} INFO - DAG(s) dict_keys(['example_branch_labels']) retrieved from /home/airflow/.local/lib/python3.7/site-packages/airflow/example_dags/example_branch_labels.py
[2023-05-26T20:54:57.916+0000] {logging_mixin.py:149} INFO - [2023-05-26T20:54:57.916+0000] {dag.py:2726} INFO - Sync 1 DAGs
[2023-05-26T20:54:57.932+0000] {logging_mixin.py:149} INFO - [2023-05-26T20:54:57.932+0000] {dag.py:3490} INFO - Setting next_dagrun for example_branch_labels to 2023-05-25T00:00:00+00:00, run_after=2023-05-26T00:00:00+00:00
[2023-05-26T20:54:57.944+0000] {processor.py:179} INFO - Processing /home/airflow/.local/lib/python3.7/site-packages/airflow/example_dags/example_branch_labels.py took 0.061 seconds
[2023-05-26T20:55:28.559+0000] {processor.py:157} INFO - Started process (PID=3007) to work on /home/airflow/.local/lib/python3.7/site-packages/airflow/example_dags/example_branch_labels.py
[2023-05-26T20:55:28.560+0000] {processor.py:826} INFO - Processing file /home/airflow/.local/lib/python3.7/site-packages/airflow/example_dags/example_branch_labels.py for tasks to queue
[2023-05-26T20:55:28.561+0000] {logging_mixin.py:149} INFO - [2023-05-26T20:55:28.561+0000] {dagbag.py:541} INFO - Filling up the DagBag from /home/airflow/.local/lib/python3.7/site-packages/airflow/example_dags/example_branch_labels.py
[2023-05-26T20:55:28.568+0000] {processor.py:836} INFO - DAG(s) dict_keys(['example_branch_labels']) retrieved from /home/airflow/.local/lib/python3.7/site-packages/airflow/example_dags/example_branch_labels.py
[2023-05-26T20:55:28.589+0000] {logging_mixin.py:149} INFO - [2023-05-26T20:55:28.589+0000] {dag.py:2726} INFO - Sync 1 DAGs
[2023-05-26T20:55:28.605+0000] {logging_mixin.py:149} INFO - [2023-05-26T20:55:28.605+0000] {dag.py:3490} INFO - Setting next_dagrun for example_branch_labels to 2023-05-25T00:00:00+00:00, run_after=2023-05-26T00:00:00+00:00
[2023-05-26T20:55:28.618+0000] {processor.py:179} INFO - Processing /home/airflow/.local/lib/python3.7/site-packages/airflow/example_dags/example_branch_labels.py took 0.062 seconds
[2023-05-26T20:55:59.311+0000] {processor.py:157} INFO - Started process (PID=3071) to work on /home/airflow/.local/lib/python3.7/site-packages/airflow/example_dags/example_branch_labels.py
[2023-05-26T20:55:59.313+0000] {processor.py:826} INFO - Processing file /home/airflow/.local/lib/python3.7/site-packages/airflow/example_dags/example_branch_labels.py for tasks to queue
[2023-05-26T20:55:59.314+0000] {logging_mixin.py:149} INFO - [2023-05-26T20:55:59.313+0000] {dagbag.py:541} INFO - Filling up the DagBag from /home/airflow/.local/lib/python3.7/site-packages/airflow/example_dags/example_branch_labels.py
[2023-05-26T20:55:59.320+0000] {processor.py:836} INFO - DAG(s) dict_keys(['example_branch_labels']) retrieved from /home/airflow/.local/lib/python3.7/site-packages/airflow/example_dags/example_branch_labels.py
[2023-05-26T20:55:59.341+0000] {logging_mixin.py:149} INFO - [2023-05-26T20:55:59.341+0000] {dag.py:2726} INFO - Sync 1 DAGs
[2023-05-26T20:55:59.358+0000] {logging_mixin.py:149} INFO - [2023-05-26T20:55:59.358+0000] {dag.py:3490} INFO - Setting next_dagrun for example_branch_labels to 2023-05-25T00:00:00+00:00, run_after=2023-05-26T00:00:00+00:00
[2023-05-26T20:55:59.369+0000] {processor.py:179} INFO - Processing /home/airflow/.local/lib/python3.7/site-packages/airflow/example_dags/example_branch_labels.py took 0.061 seconds
[2023-05-26T20:56:30.120+0000] {processor.py:157} INFO - Started process (PID=3127) to work on /home/airflow/.local/lib/python3.7/site-packages/airflow/example_dags/example_branch_labels.py
[2023-05-26T20:56:30.122+0000] {processor.py:826} INFO - Processing file /home/airflow/.local/lib/python3.7/site-packages/airflow/example_dags/example_branch_labels.py for tasks to queue
[2023-05-26T20:56:30.123+0000] {logging_mixin.py:149} INFO - [2023-05-26T20:56:30.123+0000] {dagbag.py:541} INFO - Filling up the DagBag from /home/airflow/.local/lib/python3.7/site-packages/airflow/example_dags/example_branch_labels.py
[2023-05-26T20:56:30.129+0000] {processor.py:836} INFO - DAG(s) dict_keys(['example_branch_labels']) retrieved from /home/airflow/.local/lib/python3.7/site-packages/airflow/example_dags/example_branch_labels.py
[2023-05-26T20:56:30.151+0000] {logging_mixin.py:149} INFO - [2023-05-26T20:56:30.151+0000] {dag.py:2726} INFO - Sync 1 DAGs
[2023-05-26T20:56:30.167+0000] {logging_mixin.py:149} INFO - [2023-05-26T20:56:30.167+0000] {dag.py:3490} INFO - Setting next_dagrun for example_branch_labels to 2023-05-25T00:00:00+00:00, run_after=2023-05-26T00:00:00+00:00
[2023-05-26T20:56:30.179+0000] {processor.py:179} INFO - Processing /home/airflow/.local/lib/python3.7/site-packages/airflow/example_dags/example_branch_labels.py took 0.061 seconds
[2023-05-26T20:57:00.791+0000] {processor.py:157} INFO - Started process (PID=3183) to work on /home/airflow/.local/lib/python3.7/site-packages/airflow/example_dags/example_branch_labels.py
[2023-05-26T20:57:00.793+0000] {processor.py:826} INFO - Processing file /home/airflow/.local/lib/python3.7/site-packages/airflow/example_dags/example_branch_labels.py for tasks to queue
[2023-05-26T20:57:00.794+0000] {logging_mixin.py:149} INFO - [2023-05-26T20:57:00.793+0000] {dagbag.py:541} INFO - Filling up the DagBag from /home/airflow/.local/lib/python3.7/site-packages/airflow/example_dags/example_branch_labels.py
[2023-05-26T20:57:00.801+0000] {processor.py:836} INFO - DAG(s) dict_keys(['example_branch_labels']) retrieved from /home/airflow/.local/lib/python3.7/site-packages/airflow/example_dags/example_branch_labels.py
[2023-05-26T20:57:00.821+0000] {logging_mixin.py:149} INFO - [2023-05-26T20:57:00.821+0000] {dag.py:2726} INFO - Sync 1 DAGs
[2023-05-26T20:57:00.838+0000] {logging_mixin.py:149} INFO - [2023-05-26T20:57:00.838+0000] {dag.py:3490} INFO - Setting next_dagrun for example_branch_labels to 2023-05-25T00:00:00+00:00, run_after=2023-05-26T00:00:00+00:00
[2023-05-26T20:57:00.850+0000] {processor.py:179} INFO - Processing /home/airflow/.local/lib/python3.7/site-packages/airflow/example_dags/example_branch_labels.py took 0.062 seconds
[2023-05-26T20:57:31.775+0000] {processor.py:157} INFO - Started process (PID=3239) to work on /home/airflow/.local/lib/python3.7/site-packages/airflow/example_dags/example_branch_labels.py
[2023-05-26T20:57:31.778+0000] {processor.py:826} INFO - Processing file /home/airflow/.local/lib/python3.7/site-packages/airflow/example_dags/example_branch_labels.py for tasks to queue
[2023-05-26T20:57:31.780+0000] {logging_mixin.py:149} INFO - [2023-05-26T20:57:31.779+0000] {dagbag.py:541} INFO - Filling up the DagBag from /home/airflow/.local/lib/python3.7/site-packages/airflow/example_dags/example_branch_labels.py
[2023-05-26T20:57:31.788+0000] {processor.py:836} INFO - DAG(s) dict_keys(['example_branch_labels']) retrieved from /home/airflow/.local/lib/python3.7/site-packages/airflow/example_dags/example_branch_labels.py
[2023-05-26T20:57:31.812+0000] {logging_mixin.py:149} INFO - [2023-05-26T20:57:31.812+0000] {dag.py:2726} INFO - Sync 1 DAGs
[2023-05-26T20:57:31.830+0000] {logging_mixin.py:149} INFO - [2023-05-26T20:57:31.830+0000] {dag.py:3490} INFO - Setting next_dagrun for example_branch_labels to 2023-05-25T00:00:00+00:00, run_after=2023-05-26T00:00:00+00:00
[2023-05-26T20:57:31.845+0000] {processor.py:179} INFO - Processing /home/airflow/.local/lib/python3.7/site-packages/airflow/example_dags/example_branch_labels.py took 0.073 seconds
[2023-05-26T21:01:23.190+0000] {processor.py:157} INFO - Started process (PID=3280) to work on /home/airflow/.local/lib/python3.7/site-packages/airflow/example_dags/example_branch_labels.py
[2023-05-26T21:01:23.194+0000] {processor.py:826} INFO - Processing file /home/airflow/.local/lib/python3.7/site-packages/airflow/example_dags/example_branch_labels.py for tasks to queue
[2023-05-26T21:01:23.196+0000] {logging_mixin.py:149} INFO - [2023-05-26T21:01:23.195+0000] {dagbag.py:541} INFO - Filling up the DagBag from /home/airflow/.local/lib/python3.7/site-packages/airflow/example_dags/example_branch_labels.py
[2023-05-26T21:01:23.211+0000] {processor.py:836} INFO - DAG(s) dict_keys(['example_branch_labels']) retrieved from /home/airflow/.local/lib/python3.7/site-packages/airflow/example_dags/example_branch_labels.py
[2023-05-26T21:01:23.259+0000] {logging_mixin.py:149} INFO - [2023-05-26T21:01:23.259+0000] {dag.py:2726} INFO - Sync 1 DAGs
[2023-05-26T21:01:23.298+0000] {logging_mixin.py:149} INFO - [2023-05-26T21:01:23.298+0000] {dag.py:3490} INFO - Setting next_dagrun for example_branch_labels to 2023-05-25T00:00:00+00:00, run_after=2023-05-26T00:00:00+00:00
[2023-05-26T21:01:23.322+0000] {processor.py:179} INFO - Processing /home/airflow/.local/lib/python3.7/site-packages/airflow/example_dags/example_branch_labels.py took 0.136 seconds
[2023-05-26T21:01:53.429+0000] {processor.py:157} INFO - Started process (PID=3336) to work on /home/airflow/.local/lib/python3.7/site-packages/airflow/example_dags/example_branch_labels.py
[2023-05-26T21:01:53.431+0000] {processor.py:826} INFO - Processing file /home/airflow/.local/lib/python3.7/site-packages/airflow/example_dags/example_branch_labels.py for tasks to queue
[2023-05-26T21:01:53.431+0000] {logging_mixin.py:149} INFO - [2023-05-26T21:01:53.431+0000] {dagbag.py:541} INFO - Filling up the DagBag from /home/airflow/.local/lib/python3.7/site-packages/airflow/example_dags/example_branch_labels.py
[2023-05-26T21:01:53.438+0000] {processor.py:836} INFO - DAG(s) dict_keys(['example_branch_labels']) retrieved from /home/airflow/.local/lib/python3.7/site-packages/airflow/example_dags/example_branch_labels.py
[2023-05-26T21:01:53.457+0000] {logging_mixin.py:149} INFO - [2023-05-26T21:01:53.457+0000] {dag.py:2726} INFO - Sync 1 DAGs
[2023-05-26T21:01:53.473+0000] {logging_mixin.py:149} INFO - [2023-05-26T21:01:53.473+0000] {dag.py:3490} INFO - Setting next_dagrun for example_branch_labels to 2023-05-25T00:00:00+00:00, run_after=2023-05-26T00:00:00+00:00
[2023-05-26T21:01:53.485+0000] {processor.py:179} INFO - Processing /home/airflow/.local/lib/python3.7/site-packages/airflow/example_dags/example_branch_labels.py took 0.059 seconds
[2023-05-26T21:02:23.949+0000] {processor.py:157} INFO - Started process (PID=3392) to work on /home/airflow/.local/lib/python3.7/site-packages/airflow/example_dags/example_branch_labels.py
[2023-05-26T21:02:23.951+0000] {processor.py:826} INFO - Processing file /home/airflow/.local/lib/python3.7/site-packages/airflow/example_dags/example_branch_labels.py for tasks to queue
[2023-05-26T21:02:23.952+0000] {logging_mixin.py:149} INFO - [2023-05-26T21:02:23.952+0000] {dagbag.py:541} INFO - Filling up the DagBag from /home/airflow/.local/lib/python3.7/site-packages/airflow/example_dags/example_branch_labels.py
[2023-05-26T21:02:23.958+0000] {processor.py:836} INFO - DAG(s) dict_keys(['example_branch_labels']) retrieved from /home/airflow/.local/lib/python3.7/site-packages/airflow/example_dags/example_branch_labels.py
[2023-05-26T21:02:23.978+0000] {logging_mixin.py:149} INFO - [2023-05-26T21:02:23.978+0000] {dag.py:2726} INFO - Sync 1 DAGs
[2023-05-26T21:02:23.994+0000] {logging_mixin.py:149} INFO - [2023-05-26T21:02:23.994+0000] {dag.py:3490} INFO - Setting next_dagrun for example_branch_labels to 2023-05-25T00:00:00+00:00, run_after=2023-05-26T00:00:00+00:00
[2023-05-26T21:02:24.005+0000] {processor.py:179} INFO - Processing /home/airflow/.local/lib/python3.7/site-packages/airflow/example_dags/example_branch_labels.py took 0.059 seconds
[2023-05-26T21:02:54.652+0000] {processor.py:157} INFO - Started process (PID=3448) to work on /home/airflow/.local/lib/python3.7/site-packages/airflow/example_dags/example_branch_labels.py
[2023-05-26T21:02:54.657+0000] {processor.py:826} INFO - Processing file /home/airflow/.local/lib/python3.7/site-packages/airflow/example_dags/example_branch_labels.py for tasks to queue
[2023-05-26T21:02:54.658+0000] {logging_mixin.py:149} INFO - [2023-05-26T21:02:54.658+0000] {dagbag.py:541} INFO - Filling up the DagBag from /home/airflow/.local/lib/python3.7/site-packages/airflow/example_dags/example_branch_labels.py
[2023-05-26T21:02:54.665+0000] {processor.py:836} INFO - DAG(s) dict_keys(['example_branch_labels']) retrieved from /home/airflow/.local/lib/python3.7/site-packages/airflow/example_dags/example_branch_labels.py
[2023-05-26T21:02:54.685+0000] {logging_mixin.py:149} INFO - [2023-05-26T21:02:54.684+0000] {dag.py:2726} INFO - Sync 1 DAGs
[2023-05-26T21:02:54.701+0000] {logging_mixin.py:149} INFO - [2023-05-26T21:02:54.701+0000] {dag.py:3490} INFO - Setting next_dagrun for example_branch_labels to 2023-05-25T00:00:00+00:00, run_after=2023-05-26T00:00:00+00:00
[2023-05-26T21:02:54.712+0000] {processor.py:179} INFO - Processing /home/airflow/.local/lib/python3.7/site-packages/airflow/example_dags/example_branch_labels.py took 0.063 seconds
[2023-05-26T21:03:25.341+0000] {processor.py:157} INFO - Started process (PID=3504) to work on /home/airflow/.local/lib/python3.7/site-packages/airflow/example_dags/example_branch_labels.py
[2023-05-26T21:03:25.343+0000] {processor.py:826} INFO - Processing file /home/airflow/.local/lib/python3.7/site-packages/airflow/example_dags/example_branch_labels.py for tasks to queue
[2023-05-26T21:03:25.343+0000] {logging_mixin.py:149} INFO - [2023-05-26T21:03:25.343+0000] {dagbag.py:541} INFO - Filling up the DagBag from /home/airflow/.local/lib/python3.7/site-packages/airflow/example_dags/example_branch_labels.py
[2023-05-26T21:03:25.349+0000] {processor.py:836} INFO - DAG(s) dict_keys(['example_branch_labels']) retrieved from /home/airflow/.local/lib/python3.7/site-packages/airflow/example_dags/example_branch_labels.py
[2023-05-26T21:03:25.369+0000] {logging_mixin.py:149} INFO - [2023-05-26T21:03:25.368+0000] {dag.py:2726} INFO - Sync 1 DAGs
[2023-05-26T21:03:25.384+0000] {logging_mixin.py:149} INFO - [2023-05-26T21:03:25.384+0000] {dag.py:3490} INFO - Setting next_dagrun for example_branch_labels to 2023-05-25T00:00:00+00:00, run_after=2023-05-26T00:00:00+00:00
[2023-05-26T21:03:25.396+0000] {processor.py:179} INFO - Processing /home/airflow/.local/lib/python3.7/site-packages/airflow/example_dags/example_branch_labels.py took 0.057 seconds
[2023-05-26T21:03:55.957+0000] {processor.py:157} INFO - Started process (PID=3561) to work on /home/airflow/.local/lib/python3.7/site-packages/airflow/example_dags/example_branch_labels.py
[2023-05-26T21:03:55.958+0000] {processor.py:826} INFO - Processing file /home/airflow/.local/lib/python3.7/site-packages/airflow/example_dags/example_branch_labels.py for tasks to queue
[2023-05-26T21:03:55.960+0000] {logging_mixin.py:149} INFO - [2023-05-26T21:03:55.960+0000] {dagbag.py:541} INFO - Filling up the DagBag from /home/airflow/.local/lib/python3.7/site-packages/airflow/example_dags/example_branch_labels.py
[2023-05-26T21:03:55.967+0000] {processor.py:836} INFO - DAG(s) dict_keys(['example_branch_labels']) retrieved from /home/airflow/.local/lib/python3.7/site-packages/airflow/example_dags/example_branch_labels.py
[2023-05-26T21:03:55.991+0000] {logging_mixin.py:149} INFO - [2023-05-26T21:03:55.991+0000] {dag.py:2726} INFO - Sync 1 DAGs
[2023-05-26T21:03:56.009+0000] {logging_mixin.py:149} INFO - [2023-05-26T21:03:56.009+0000] {dag.py:3490} INFO - Setting next_dagrun for example_branch_labels to 2023-05-25T00:00:00+00:00, run_after=2023-05-26T00:00:00+00:00
[2023-05-26T21:03:56.031+0000] {processor.py:179} INFO - Processing /home/airflow/.local/lib/python3.7/site-packages/airflow/example_dags/example_branch_labels.py took 0.077 seconds
[2023-05-26T21:04:26.070+0000] {processor.py:157} INFO - Started process (PID=3617) to work on /home/airflow/.local/lib/python3.7/site-packages/airflow/example_dags/example_branch_labels.py
[2023-05-26T21:04:26.072+0000] {processor.py:826} INFO - Processing file /home/airflow/.local/lib/python3.7/site-packages/airflow/example_dags/example_branch_labels.py for tasks to queue
[2023-05-26T21:04:26.073+0000] {logging_mixin.py:149} INFO - [2023-05-26T21:04:26.072+0000] {dagbag.py:541} INFO - Filling up the DagBag from /home/airflow/.local/lib/python3.7/site-packages/airflow/example_dags/example_branch_labels.py
[2023-05-26T21:04:26.078+0000] {processor.py:836} INFO - DAG(s) dict_keys(['example_branch_labels']) retrieved from /home/airflow/.local/lib/python3.7/site-packages/airflow/example_dags/example_branch_labels.py
[2023-05-26T21:04:26.098+0000] {logging_mixin.py:149} INFO - [2023-05-26T21:04:26.098+0000] {dag.py:2726} INFO - Sync 1 DAGs
[2023-05-26T21:04:26.113+0000] {logging_mixin.py:149} INFO - [2023-05-26T21:04:26.112+0000] {dag.py:3490} INFO - Setting next_dagrun for example_branch_labels to 2023-05-25T00:00:00+00:00, run_after=2023-05-26T00:00:00+00:00
[2023-05-26T21:04:26.124+0000] {processor.py:179} INFO - Processing /home/airflow/.local/lib/python3.7/site-packages/airflow/example_dags/example_branch_labels.py took 0.056 seconds
[2023-05-26T21:05:00.403+0000] {processor.py:157} INFO - Started process (PID=34) to work on /home/airflow/.local/lib/python3.7/site-packages/airflow/example_dags/example_branch_labels.py
[2023-05-26T21:05:00.406+0000] {processor.py:826} INFO - Processing file /home/airflow/.local/lib/python3.7/site-packages/airflow/example_dags/example_branch_labels.py for tasks to queue
[2023-05-26T21:05:00.407+0000] {logging_mixin.py:149} INFO - [2023-05-26T21:05:00.407+0000] {dagbag.py:541} INFO - Filling up the DagBag from /home/airflow/.local/lib/python3.7/site-packages/airflow/example_dags/example_branch_labels.py
[2023-05-26T21:05:00.416+0000] {processor.py:836} INFO - DAG(s) dict_keys(['example_branch_labels']) retrieved from /home/airflow/.local/lib/python3.7/site-packages/airflow/example_dags/example_branch_labels.py
[2023-05-26T21:05:00.436+0000] {logging_mixin.py:149} INFO - [2023-05-26T21:05:00.436+0000] {dag.py:2726} INFO - Sync 1 DAGs
[2023-05-26T21:05:00.463+0000] {logging_mixin.py:149} INFO - [2023-05-26T21:05:00.463+0000] {dag.py:3490} INFO - Setting next_dagrun for example_branch_labels to 2023-05-25T00:00:00+00:00, run_after=2023-05-26T00:00:00+00:00
[2023-05-26T21:05:00.499+0000] {processor.py:179} INFO - Processing /home/airflow/.local/lib/python3.7/site-packages/airflow/example_dags/example_branch_labels.py took 0.099 seconds
[2023-05-26T21:05:30.572+0000] {processor.py:157} INFO - Started process (PID=90) to work on /home/airflow/.local/lib/python3.7/site-packages/airflow/example_dags/example_branch_labels.py
[2023-05-26T21:05:30.574+0000] {processor.py:826} INFO - Processing file /home/airflow/.local/lib/python3.7/site-packages/airflow/example_dags/example_branch_labels.py for tasks to queue
[2023-05-26T21:05:30.575+0000] {logging_mixin.py:149} INFO - [2023-05-26T21:05:30.575+0000] {dagbag.py:541} INFO - Filling up the DagBag from /home/airflow/.local/lib/python3.7/site-packages/airflow/example_dags/example_branch_labels.py
[2023-05-26T21:05:30.581+0000] {processor.py:836} INFO - DAG(s) dict_keys(['example_branch_labels']) retrieved from /home/airflow/.local/lib/python3.7/site-packages/airflow/example_dags/example_branch_labels.py
[2023-05-26T21:05:30.601+0000] {logging_mixin.py:149} INFO - [2023-05-26T21:05:30.601+0000] {dag.py:2726} INFO - Sync 1 DAGs
[2023-05-26T21:05:30.622+0000] {logging_mixin.py:149} INFO - [2023-05-26T21:05:30.621+0000] {dag.py:3490} INFO - Setting next_dagrun for example_branch_labels to 2023-05-25T00:00:00+00:00, run_after=2023-05-26T00:00:00+00:00
[2023-05-26T21:05:30.633+0000] {processor.py:179} INFO - Processing /home/airflow/.local/lib/python3.7/site-packages/airflow/example_dags/example_branch_labels.py took 0.063 seconds
[2023-05-26T21:06:01.365+0000] {processor.py:157} INFO - Started process (PID=146) to work on /home/airflow/.local/lib/python3.7/site-packages/airflow/example_dags/example_branch_labels.py
[2023-05-26T21:06:01.367+0000] {processor.py:826} INFO - Processing file /home/airflow/.local/lib/python3.7/site-packages/airflow/example_dags/example_branch_labels.py for tasks to queue
[2023-05-26T21:06:01.367+0000] {logging_mixin.py:149} INFO - [2023-05-26T21:06:01.367+0000] {dagbag.py:541} INFO - Filling up the DagBag from /home/airflow/.local/lib/python3.7/site-packages/airflow/example_dags/example_branch_labels.py
[2023-05-26T21:06:01.373+0000] {processor.py:836} INFO - DAG(s) dict_keys(['example_branch_labels']) retrieved from /home/airflow/.local/lib/python3.7/site-packages/airflow/example_dags/example_branch_labels.py
[2023-05-26T21:06:01.392+0000] {logging_mixin.py:149} INFO - [2023-05-26T21:06:01.392+0000] {dag.py:2726} INFO - Sync 1 DAGs
[2023-05-26T21:06:01.408+0000] {logging_mixin.py:149} INFO - [2023-05-26T21:06:01.408+0000] {dag.py:3490} INFO - Setting next_dagrun for example_branch_labels to 2023-05-25T00:00:00+00:00, run_after=2023-05-26T00:00:00+00:00
[2023-05-26T21:06:01.418+0000] {processor.py:179} INFO - Processing /home/airflow/.local/lib/python3.7/site-packages/airflow/example_dags/example_branch_labels.py took 0.056 seconds
[2023-05-26T21:06:31.938+0000] {processor.py:157} INFO - Started process (PID=202) to work on /home/airflow/.local/lib/python3.7/site-packages/airflow/example_dags/example_branch_labels.py
[2023-05-26T21:06:31.940+0000] {processor.py:826} INFO - Processing file /home/airflow/.local/lib/python3.7/site-packages/airflow/example_dags/example_branch_labels.py for tasks to queue
[2023-05-26T21:06:31.941+0000] {logging_mixin.py:149} INFO - [2023-05-26T21:06:31.941+0000] {dagbag.py:541} INFO - Filling up the DagBag from /home/airflow/.local/lib/python3.7/site-packages/airflow/example_dags/example_branch_labels.py
[2023-05-26T21:06:31.948+0000] {processor.py:836} INFO - DAG(s) dict_keys(['example_branch_labels']) retrieved from /home/airflow/.local/lib/python3.7/site-packages/airflow/example_dags/example_branch_labels.py
[2023-05-26T21:06:31.961+0000] {logging_mixin.py:149} INFO - [2023-05-26T21:06:31.960+0000] {dag.py:2726} INFO - Sync 1 DAGs
[2023-05-26T21:06:31.978+0000] {logging_mixin.py:149} INFO - [2023-05-26T21:06:31.978+0000] {dag.py:3490} INFO - Setting next_dagrun for example_branch_labels to 2023-05-25T00:00:00+00:00, run_after=2023-05-26T00:00:00+00:00
[2023-05-26T21:06:31.990+0000] {processor.py:179} INFO - Processing /home/airflow/.local/lib/python3.7/site-packages/airflow/example_dags/example_branch_labels.py took 0.055 seconds
[2023-05-26T21:07:02.771+0000] {processor.py:157} INFO - Started process (PID=259) to work on /home/airflow/.local/lib/python3.7/site-packages/airflow/example_dags/example_branch_labels.py
[2023-05-26T21:07:02.777+0000] {processor.py:826} INFO - Processing file /home/airflow/.local/lib/python3.7/site-packages/airflow/example_dags/example_branch_labels.py for tasks to queue
[2023-05-26T21:07:02.778+0000] {logging_mixin.py:149} INFO - [2023-05-26T21:07:02.778+0000] {dagbag.py:541} INFO - Filling up the DagBag from /home/airflow/.local/lib/python3.7/site-packages/airflow/example_dags/example_branch_labels.py
[2023-05-26T21:07:02.785+0000] {processor.py:836} INFO - DAG(s) dict_keys(['example_branch_labels']) retrieved from /home/airflow/.local/lib/python3.7/site-packages/airflow/example_dags/example_branch_labels.py
[2023-05-26T21:07:02.805+0000] {logging_mixin.py:149} INFO - [2023-05-26T21:07:02.804+0000] {dag.py:2726} INFO - Sync 1 DAGs
[2023-05-26T21:07:02.821+0000] {logging_mixin.py:149} INFO - [2023-05-26T21:07:02.821+0000] {dag.py:3490} INFO - Setting next_dagrun for example_branch_labels to 2023-05-25T00:00:00+00:00, run_after=2023-05-26T00:00:00+00:00
[2023-05-26T21:07:02.832+0000] {processor.py:179} INFO - Processing /home/airflow/.local/lib/python3.7/site-packages/airflow/example_dags/example_branch_labels.py took 0.064 seconds
[2023-05-26T21:07:33.302+0000] {processor.py:157} INFO - Started process (PID=315) to work on /home/airflow/.local/lib/python3.7/site-packages/airflow/example_dags/example_branch_labels.py
[2023-05-26T21:07:33.304+0000] {processor.py:826} INFO - Processing file /home/airflow/.local/lib/python3.7/site-packages/airflow/example_dags/example_branch_labels.py for tasks to queue
[2023-05-26T21:07:33.305+0000] {logging_mixin.py:149} INFO - [2023-05-26T21:07:33.305+0000] {dagbag.py:541} INFO - Filling up the DagBag from /home/airflow/.local/lib/python3.7/site-packages/airflow/example_dags/example_branch_labels.py
[2023-05-26T21:07:33.311+0000] {processor.py:836} INFO - DAG(s) dict_keys(['example_branch_labels']) retrieved from /home/airflow/.local/lib/python3.7/site-packages/airflow/example_dags/example_branch_labels.py
[2023-05-26T21:07:33.332+0000] {logging_mixin.py:149} INFO - [2023-05-26T21:07:33.332+0000] {dag.py:2726} INFO - Sync 1 DAGs
[2023-05-26T21:07:33.349+0000] {logging_mixin.py:149} INFO - [2023-05-26T21:07:33.349+0000] {dag.py:3490} INFO - Setting next_dagrun for example_branch_labels to 2023-05-25T00:00:00+00:00, run_after=2023-05-26T00:00:00+00:00
[2023-05-26T21:07:33.361+0000] {processor.py:179} INFO - Processing /home/airflow/.local/lib/python3.7/site-packages/airflow/example_dags/example_branch_labels.py took 0.061 seconds
[2023-05-26T21:08:03.943+0000] {processor.py:157} INFO - Started process (PID=371) to work on /home/airflow/.local/lib/python3.7/site-packages/airflow/example_dags/example_branch_labels.py
[2023-05-26T21:08:03.944+0000] {processor.py:826} INFO - Processing file /home/airflow/.local/lib/python3.7/site-packages/airflow/example_dags/example_branch_labels.py for tasks to queue
[2023-05-26T21:08:03.945+0000] {logging_mixin.py:149} INFO - [2023-05-26T21:08:03.945+0000] {dagbag.py:541} INFO - Filling up the DagBag from /home/airflow/.local/lib/python3.7/site-packages/airflow/example_dags/example_branch_labels.py
[2023-05-26T21:08:03.951+0000] {processor.py:836} INFO - DAG(s) dict_keys(['example_branch_labels']) retrieved from /home/airflow/.local/lib/python3.7/site-packages/airflow/example_dags/example_branch_labels.py
[2023-05-26T21:08:03.969+0000] {logging_mixin.py:149} INFO - [2023-05-26T21:08:03.969+0000] {dag.py:2726} INFO - Sync 1 DAGs
[2023-05-26T21:08:03.984+0000] {logging_mixin.py:149} INFO - [2023-05-26T21:08:03.984+0000] {dag.py:3490} INFO - Setting next_dagrun for example_branch_labels to 2023-05-25T00:00:00+00:00, run_after=2023-05-26T00:00:00+00:00
[2023-05-26T21:08:03.996+0000] {processor.py:179} INFO - Processing /home/airflow/.local/lib/python3.7/site-packages/airflow/example_dags/example_branch_labels.py took 0.055 seconds
