[2023-05-26T20:28:31.311+0000] {processor.py:157} INFO - Started process (PID=37) to work on /home/airflow/.local/lib/python3.7/site-packages/airflow/example_dags/example_params_ui_tutorial.py
[2023-05-26T20:28:31.312+0000] {processor.py:826} INFO - Processing file /home/airflow/.local/lib/python3.7/site-packages/airflow/example_dags/example_params_ui_tutorial.py for tasks to queue
[2023-05-26T20:28:31.313+0000] {logging_mixin.py:149} INFO - [2023-05-26T20:28:31.313+0000] {dagbag.py:541} INFO - Filling up the DagBag from /home/airflow/.local/lib/python3.7/site-packages/airflow/example_dags/example_params_ui_tutorial.py
[2023-05-26T20:28:31.341+0000] {processor.py:836} INFO - DAG(s) dict_keys(['example_params_ui_tutorial']) retrieved from /home/airflow/.local/lib/python3.7/site-packages/airflow/example_dags/example_params_ui_tutorial.py
[2023-05-26T20:28:31.443+0000] {logging_mixin.py:149} INFO - [2023-05-26T20:28:31.443+0000] {manager.py:504} INFO - Created Permission View: can delete on DAG:example_params_ui_tutorial
[2023-05-26T20:28:31.449+0000] {logging_mixin.py:149} INFO - [2023-05-26T20:28:31.449+0000] {manager.py:504} INFO - Created Permission View: can read on DAG:example_params_ui_tutorial
[2023-05-26T20:28:31.454+0000] {logging_mixin.py:149} INFO - [2023-05-26T20:28:31.454+0000] {manager.py:504} INFO - Created Permission View: can edit on DAG:example_params_ui_tutorial
[2023-05-26T20:28:31.454+0000] {logging_mixin.py:149} INFO - [2023-05-26T20:28:31.454+0000] {dag.py:2726} INFO - Sync 1 DAGs
[2023-05-26T20:28:31.464+0000] {logging_mixin.py:149} INFO - [2023-05-26T20:28:31.464+0000] {dag.py:2747} INFO - Creating ORM DAG for example_params_ui_tutorial
[2023-05-26T20:28:31.471+0000] {logging_mixin.py:149} INFO - [2023-05-26T20:28:31.471+0000] {dag.py:3490} INFO - Setting next_dagrun for example_params_ui_tutorial to None, run_after=None
[2023-05-26T20:28:31.483+0000] {processor.py:179} INFO - Processing /home/airflow/.local/lib/python3.7/site-packages/airflow/example_dags/example_params_ui_tutorial.py took 0.174 seconds
[2023-05-26T20:29:02.113+0000] {processor.py:157} INFO - Started process (PID=92) to work on /home/airflow/.local/lib/python3.7/site-packages/airflow/example_dags/example_params_ui_tutorial.py
[2023-05-26T20:29:02.118+0000] {processor.py:826} INFO - Processing file /home/airflow/.local/lib/python3.7/site-packages/airflow/example_dags/example_params_ui_tutorial.py for tasks to queue
[2023-05-26T20:29:02.120+0000] {logging_mixin.py:149} INFO - [2023-05-26T20:29:02.120+0000] {dagbag.py:541} INFO - Filling up the DagBag from /home/airflow/.local/lib/python3.7/site-packages/airflow/example_dags/example_params_ui_tutorial.py
[2023-05-26T20:29:02.159+0000] {processor.py:836} INFO - DAG(s) dict_keys(['example_params_ui_tutorial']) retrieved from /home/airflow/.local/lib/python3.7/site-packages/airflow/example_dags/example_params_ui_tutorial.py
[2023-05-26T20:29:02.199+0000] {logging_mixin.py:149} INFO - [2023-05-26T20:29:02.199+0000] {dag.py:2726} INFO - Sync 1 DAGs
[2023-05-26T20:29:02.216+0000] {logging_mixin.py:149} INFO - [2023-05-26T20:29:02.215+0000] {dag.py:3490} INFO - Setting next_dagrun for example_params_ui_tutorial to None, run_after=None
[2023-05-26T20:29:02.228+0000] {processor.py:179} INFO - Processing /home/airflow/.local/lib/python3.7/site-packages/airflow/example_dags/example_params_ui_tutorial.py took 0.123 seconds
[2023-05-26T20:29:32.959+0000] {processor.py:157} INFO - Started process (PID=148) to work on /home/airflow/.local/lib/python3.7/site-packages/airflow/example_dags/example_params_ui_tutorial.py
[2023-05-26T20:29:32.964+0000] {processor.py:826} INFO - Processing file /home/airflow/.local/lib/python3.7/site-packages/airflow/example_dags/example_params_ui_tutorial.py for tasks to queue
[2023-05-26T20:29:32.966+0000] {logging_mixin.py:149} INFO - [2023-05-26T20:29:32.966+0000] {dagbag.py:541} INFO - Filling up the DagBag from /home/airflow/.local/lib/python3.7/site-packages/airflow/example_dags/example_params_ui_tutorial.py
[2023-05-26T20:29:33.019+0000] {processor.py:836} INFO - DAG(s) dict_keys(['example_params_ui_tutorial']) retrieved from /home/airflow/.local/lib/python3.7/site-packages/airflow/example_dags/example_params_ui_tutorial.py
[2023-05-26T20:29:33.079+0000] {logging_mixin.py:149} INFO - [2023-05-26T20:29:33.078+0000] {dag.py:2726} INFO - Sync 1 DAGs
[2023-05-26T20:29:33.096+0000] {logging_mixin.py:149} INFO - [2023-05-26T20:29:33.095+0000] {dag.py:3490} INFO - Setting next_dagrun for example_params_ui_tutorial to None, run_after=None
[2023-05-26T20:29:33.109+0000] {processor.py:179} INFO - Processing /home/airflow/.local/lib/python3.7/site-packages/airflow/example_dags/example_params_ui_tutorial.py took 0.154 seconds
[2023-05-26T20:30:04.392+0000] {processor.py:157} INFO - Started process (PID=204) to work on /home/airflow/.local/lib/python3.7/site-packages/airflow/example_dags/example_params_ui_tutorial.py
[2023-05-26T20:30:04.394+0000] {processor.py:826} INFO - Processing file /home/airflow/.local/lib/python3.7/site-packages/airflow/example_dags/example_params_ui_tutorial.py for tasks to queue
[2023-05-26T20:30:04.395+0000] {logging_mixin.py:149} INFO - [2023-05-26T20:30:04.395+0000] {dagbag.py:541} INFO - Filling up the DagBag from /home/airflow/.local/lib/python3.7/site-packages/airflow/example_dags/example_params_ui_tutorial.py
[2023-05-26T20:30:04.419+0000] {processor.py:836} INFO - DAG(s) dict_keys(['example_params_ui_tutorial']) retrieved from /home/airflow/.local/lib/python3.7/site-packages/airflow/example_dags/example_params_ui_tutorial.py
[2023-05-26T20:30:04.457+0000] {logging_mixin.py:149} INFO - [2023-05-26T20:30:04.457+0000] {dag.py:2726} INFO - Sync 1 DAGs
[2023-05-26T20:30:04.473+0000] {logging_mixin.py:149} INFO - [2023-05-26T20:30:04.473+0000] {dag.py:3490} INFO - Setting next_dagrun for example_params_ui_tutorial to None, run_after=None
[2023-05-26T20:30:04.484+0000] {processor.py:179} INFO - Processing /home/airflow/.local/lib/python3.7/site-packages/airflow/example_dags/example_params_ui_tutorial.py took 0.094 seconds
[2023-05-26T20:30:34.768+0000] {processor.py:157} INFO - Started process (PID=260) to work on /home/airflow/.local/lib/python3.7/site-packages/airflow/example_dags/example_params_ui_tutorial.py
[2023-05-26T20:30:34.770+0000] {processor.py:826} INFO - Processing file /home/airflow/.local/lib/python3.7/site-packages/airflow/example_dags/example_params_ui_tutorial.py for tasks to queue
[2023-05-26T20:30:34.771+0000] {logging_mixin.py:149} INFO - [2023-05-26T20:30:34.771+0000] {dagbag.py:541} INFO - Filling up the DagBag from /home/airflow/.local/lib/python3.7/site-packages/airflow/example_dags/example_params_ui_tutorial.py
[2023-05-26T20:30:34.797+0000] {processor.py:836} INFO - DAG(s) dict_keys(['example_params_ui_tutorial']) retrieved from /home/airflow/.local/lib/python3.7/site-packages/airflow/example_dags/example_params_ui_tutorial.py
[2023-05-26T20:30:34.837+0000] {logging_mixin.py:149} INFO - [2023-05-26T20:30:34.837+0000] {dag.py:2726} INFO - Sync 1 DAGs
[2023-05-26T20:30:34.859+0000] {logging_mixin.py:149} INFO - [2023-05-26T20:30:34.859+0000] {dag.py:3490} INFO - Setting next_dagrun for example_params_ui_tutorial to None, run_after=None
[2023-05-26T20:30:34.872+0000] {processor.py:179} INFO - Processing /home/airflow/.local/lib/python3.7/site-packages/airflow/example_dags/example_params_ui_tutorial.py took 0.107 seconds
[2023-05-26T20:31:05.071+0000] {processor.py:157} INFO - Started process (PID=316) to work on /home/airflow/.local/lib/python3.7/site-packages/airflow/example_dags/example_params_ui_tutorial.py
[2023-05-26T20:31:05.072+0000] {processor.py:826} INFO - Processing file /home/airflow/.local/lib/python3.7/site-packages/airflow/example_dags/example_params_ui_tutorial.py for tasks to queue
[2023-05-26T20:31:05.073+0000] {logging_mixin.py:149} INFO - [2023-05-26T20:31:05.073+0000] {dagbag.py:541} INFO - Filling up the DagBag from /home/airflow/.local/lib/python3.7/site-packages/airflow/example_dags/example_params_ui_tutorial.py
[2023-05-26T20:31:05.097+0000] {processor.py:836} INFO - DAG(s) dict_keys(['example_params_ui_tutorial']) retrieved from /home/airflow/.local/lib/python3.7/site-packages/airflow/example_dags/example_params_ui_tutorial.py
[2023-05-26T20:31:05.135+0000] {logging_mixin.py:149} INFO - [2023-05-26T20:31:05.135+0000] {dag.py:2726} INFO - Sync 1 DAGs
[2023-05-26T20:31:05.151+0000] {logging_mixin.py:149} INFO - [2023-05-26T20:31:05.151+0000] {dag.py:3490} INFO - Setting next_dagrun for example_params_ui_tutorial to None, run_after=None
[2023-05-26T20:31:05.163+0000] {processor.py:179} INFO - Processing /home/airflow/.local/lib/python3.7/site-packages/airflow/example_dags/example_params_ui_tutorial.py took 0.095 seconds
[2023-05-26T20:31:35.943+0000] {processor.py:157} INFO - Started process (PID=372) to work on /home/airflow/.local/lib/python3.7/site-packages/airflow/example_dags/example_params_ui_tutorial.py
[2023-05-26T20:31:35.947+0000] {processor.py:826} INFO - Processing file /home/airflow/.local/lib/python3.7/site-packages/airflow/example_dags/example_params_ui_tutorial.py for tasks to queue
[2023-05-26T20:31:35.949+0000] {logging_mixin.py:149} INFO - [2023-05-26T20:31:35.948+0000] {dagbag.py:541} INFO - Filling up the DagBag from /home/airflow/.local/lib/python3.7/site-packages/airflow/example_dags/example_params_ui_tutorial.py
[2023-05-26T20:31:35.979+0000] {processor.py:836} INFO - DAG(s) dict_keys(['example_params_ui_tutorial']) retrieved from /home/airflow/.local/lib/python3.7/site-packages/airflow/example_dags/example_params_ui_tutorial.py
[2023-05-26T20:31:36.035+0000] {logging_mixin.py:149} INFO - [2023-05-26T20:31:36.035+0000] {dag.py:2726} INFO - Sync 1 DAGs
[2023-05-26T20:31:36.051+0000] {logging_mixin.py:149} INFO - [2023-05-26T20:31:36.051+0000] {dag.py:3490} INFO - Setting next_dagrun for example_params_ui_tutorial to None, run_after=None
[2023-05-26T20:31:36.064+0000] {processor.py:179} INFO - Processing /home/airflow/.local/lib/python3.7/site-packages/airflow/example_dags/example_params_ui_tutorial.py took 0.130 seconds
[2023-05-26T20:32:06.422+0000] {processor.py:157} INFO - Started process (PID=428) to work on /home/airflow/.local/lib/python3.7/site-packages/airflow/example_dags/example_params_ui_tutorial.py
[2023-05-26T20:32:06.424+0000] {processor.py:826} INFO - Processing file /home/airflow/.local/lib/python3.7/site-packages/airflow/example_dags/example_params_ui_tutorial.py for tasks to queue
[2023-05-26T20:32:06.424+0000] {logging_mixin.py:149} INFO - [2023-05-26T20:32:06.424+0000] {dagbag.py:541} INFO - Filling up the DagBag from /home/airflow/.local/lib/python3.7/site-packages/airflow/example_dags/example_params_ui_tutorial.py
[2023-05-26T20:32:06.452+0000] {processor.py:836} INFO - DAG(s) dict_keys(['example_params_ui_tutorial']) retrieved from /home/airflow/.local/lib/python3.7/site-packages/airflow/example_dags/example_params_ui_tutorial.py
[2023-05-26T20:32:06.490+0000] {logging_mixin.py:149} INFO - [2023-05-26T20:32:06.490+0000] {dag.py:2726} INFO - Sync 1 DAGs
[2023-05-26T20:32:06.506+0000] {logging_mixin.py:149} INFO - [2023-05-26T20:32:06.506+0000] {dag.py:3490} INFO - Setting next_dagrun for example_params_ui_tutorial to None, run_after=None
[2023-05-26T20:32:06.519+0000] {processor.py:179} INFO - Processing /home/airflow/.local/lib/python3.7/site-packages/airflow/example_dags/example_params_ui_tutorial.py took 0.100 seconds
[2023-05-26T20:32:36.810+0000] {processor.py:157} INFO - Started process (PID=484) to work on /home/airflow/.local/lib/python3.7/site-packages/airflow/example_dags/example_params_ui_tutorial.py
[2023-05-26T20:32:36.812+0000] {processor.py:826} INFO - Processing file /home/airflow/.local/lib/python3.7/site-packages/airflow/example_dags/example_params_ui_tutorial.py for tasks to queue
[2023-05-26T20:32:36.812+0000] {logging_mixin.py:149} INFO - [2023-05-26T20:32:36.812+0000] {dagbag.py:541} INFO - Filling up the DagBag from /home/airflow/.local/lib/python3.7/site-packages/airflow/example_dags/example_params_ui_tutorial.py
[2023-05-26T20:32:36.836+0000] {processor.py:836} INFO - DAG(s) dict_keys(['example_params_ui_tutorial']) retrieved from /home/airflow/.local/lib/python3.7/site-packages/airflow/example_dags/example_params_ui_tutorial.py
[2023-05-26T20:32:36.874+0000] {logging_mixin.py:149} INFO - [2023-05-26T20:32:36.874+0000] {dag.py:2726} INFO - Sync 1 DAGs
[2023-05-26T20:32:36.889+0000] {logging_mixin.py:149} INFO - [2023-05-26T20:32:36.889+0000] {dag.py:3490} INFO - Setting next_dagrun for example_params_ui_tutorial to None, run_after=None
[2023-05-26T20:32:36.901+0000] {processor.py:179} INFO - Processing /home/airflow/.local/lib/python3.7/site-packages/airflow/example_dags/example_params_ui_tutorial.py took 0.094 seconds
[2023-05-26T20:33:07.219+0000] {processor.py:157} INFO - Started process (PID=540) to work on /home/airflow/.local/lib/python3.7/site-packages/airflow/example_dags/example_params_ui_tutorial.py
[2023-05-26T20:33:07.221+0000] {processor.py:826} INFO - Processing file /home/airflow/.local/lib/python3.7/site-packages/airflow/example_dags/example_params_ui_tutorial.py for tasks to queue
[2023-05-26T20:33:07.222+0000] {logging_mixin.py:149} INFO - [2023-05-26T20:33:07.222+0000] {dagbag.py:541} INFO - Filling up the DagBag from /home/airflow/.local/lib/python3.7/site-packages/airflow/example_dags/example_params_ui_tutorial.py
[2023-05-26T20:33:07.246+0000] {processor.py:836} INFO - DAG(s) dict_keys(['example_params_ui_tutorial']) retrieved from /home/airflow/.local/lib/python3.7/site-packages/airflow/example_dags/example_params_ui_tutorial.py
[2023-05-26T20:33:07.289+0000] {logging_mixin.py:149} INFO - [2023-05-26T20:33:07.289+0000] {dag.py:2726} INFO - Sync 1 DAGs
[2023-05-26T20:33:07.305+0000] {logging_mixin.py:149} INFO - [2023-05-26T20:33:07.305+0000] {dag.py:3490} INFO - Setting next_dagrun for example_params_ui_tutorial to None, run_after=None
[2023-05-26T20:33:07.320+0000] {processor.py:179} INFO - Processing /home/airflow/.local/lib/python3.7/site-packages/airflow/example_dags/example_params_ui_tutorial.py took 0.103 seconds
[2023-05-26T20:33:37.734+0000] {processor.py:157} INFO - Started process (PID=596) to work on /home/airflow/.local/lib/python3.7/site-packages/airflow/example_dags/example_params_ui_tutorial.py
[2023-05-26T20:33:37.736+0000] {processor.py:826} INFO - Processing file /home/airflow/.local/lib/python3.7/site-packages/airflow/example_dags/example_params_ui_tutorial.py for tasks to queue
[2023-05-26T20:33:37.737+0000] {logging_mixin.py:149} INFO - [2023-05-26T20:33:37.736+0000] {dagbag.py:541} INFO - Filling up the DagBag from /home/airflow/.local/lib/python3.7/site-packages/airflow/example_dags/example_params_ui_tutorial.py
[2023-05-26T20:33:37.760+0000] {processor.py:836} INFO - DAG(s) dict_keys(['example_params_ui_tutorial']) retrieved from /home/airflow/.local/lib/python3.7/site-packages/airflow/example_dags/example_params_ui_tutorial.py
[2023-05-26T20:33:37.798+0000] {logging_mixin.py:149} INFO - [2023-05-26T20:33:37.798+0000] {dag.py:2726} INFO - Sync 1 DAGs
[2023-05-26T20:33:37.814+0000] {logging_mixin.py:149} INFO - [2023-05-26T20:33:37.814+0000] {dag.py:3490} INFO - Setting next_dagrun for example_params_ui_tutorial to None, run_after=None
[2023-05-26T20:33:37.827+0000] {processor.py:179} INFO - Processing /home/airflow/.local/lib/python3.7/site-packages/airflow/example_dags/example_params_ui_tutorial.py took 0.096 seconds
[2023-05-26T20:34:08.251+0000] {processor.py:157} INFO - Started process (PID=652) to work on /home/airflow/.local/lib/python3.7/site-packages/airflow/example_dags/example_params_ui_tutorial.py
[2023-05-26T20:34:08.253+0000] {processor.py:826} INFO - Processing file /home/airflow/.local/lib/python3.7/site-packages/airflow/example_dags/example_params_ui_tutorial.py for tasks to queue
[2023-05-26T20:34:08.254+0000] {logging_mixin.py:149} INFO - [2023-05-26T20:34:08.254+0000] {dagbag.py:541} INFO - Filling up the DagBag from /home/airflow/.local/lib/python3.7/site-packages/airflow/example_dags/example_params_ui_tutorial.py
[2023-05-26T20:34:08.278+0000] {processor.py:836} INFO - DAG(s) dict_keys(['example_params_ui_tutorial']) retrieved from /home/airflow/.local/lib/python3.7/site-packages/airflow/example_dags/example_params_ui_tutorial.py
[2023-05-26T20:34:08.315+0000] {logging_mixin.py:149} INFO - [2023-05-26T20:34:08.315+0000] {dag.py:2726} INFO - Sync 1 DAGs
[2023-05-26T20:34:08.330+0000] {logging_mixin.py:149} INFO - [2023-05-26T20:34:08.330+0000] {dag.py:3490} INFO - Setting next_dagrun for example_params_ui_tutorial to None, run_after=None
[2023-05-26T20:34:08.341+0000] {processor.py:179} INFO - Processing /home/airflow/.local/lib/python3.7/site-packages/airflow/example_dags/example_params_ui_tutorial.py took 0.092 seconds
[2023-05-26T20:34:38.764+0000] {processor.py:157} INFO - Started process (PID=708) to work on /home/airflow/.local/lib/python3.7/site-packages/airflow/example_dags/example_params_ui_tutorial.py
[2023-05-26T20:34:38.766+0000] {processor.py:826} INFO - Processing file /home/airflow/.local/lib/python3.7/site-packages/airflow/example_dags/example_params_ui_tutorial.py for tasks to queue
[2023-05-26T20:34:38.767+0000] {logging_mixin.py:149} INFO - [2023-05-26T20:34:38.767+0000] {dagbag.py:541} INFO - Filling up the DagBag from /home/airflow/.local/lib/python3.7/site-packages/airflow/example_dags/example_params_ui_tutorial.py
[2023-05-26T20:34:38.790+0000] {processor.py:836} INFO - DAG(s) dict_keys(['example_params_ui_tutorial']) retrieved from /home/airflow/.local/lib/python3.7/site-packages/airflow/example_dags/example_params_ui_tutorial.py
[2023-05-26T20:34:38.827+0000] {logging_mixin.py:149} INFO - [2023-05-26T20:34:38.827+0000] {dag.py:2726} INFO - Sync 1 DAGs
[2023-05-26T20:34:38.842+0000] {logging_mixin.py:149} INFO - [2023-05-26T20:34:38.842+0000] {dag.py:3490} INFO - Setting next_dagrun for example_params_ui_tutorial to None, run_after=None
[2023-05-26T20:34:38.855+0000] {processor.py:179} INFO - Processing /home/airflow/.local/lib/python3.7/site-packages/airflow/example_dags/example_params_ui_tutorial.py took 0.093 seconds
[2023-05-26T20:35:09.182+0000] {processor.py:157} INFO - Started process (PID=765) to work on /home/airflow/.local/lib/python3.7/site-packages/airflow/example_dags/example_params_ui_tutorial.py
[2023-05-26T20:35:09.184+0000] {processor.py:826} INFO - Processing file /home/airflow/.local/lib/python3.7/site-packages/airflow/example_dags/example_params_ui_tutorial.py for tasks to queue
[2023-05-26T20:35:09.184+0000] {logging_mixin.py:149} INFO - [2023-05-26T20:35:09.184+0000] {dagbag.py:541} INFO - Filling up the DagBag from /home/airflow/.local/lib/python3.7/site-packages/airflow/example_dags/example_params_ui_tutorial.py
[2023-05-26T20:35:09.207+0000] {processor.py:836} INFO - DAG(s) dict_keys(['example_params_ui_tutorial']) retrieved from /home/airflow/.local/lib/python3.7/site-packages/airflow/example_dags/example_params_ui_tutorial.py
[2023-05-26T20:35:09.245+0000] {logging_mixin.py:149} INFO - [2023-05-26T20:35:09.245+0000] {dag.py:2726} INFO - Sync 1 DAGs
[2023-05-26T20:35:09.260+0000] {logging_mixin.py:149} INFO - [2023-05-26T20:35:09.260+0000] {dag.py:3490} INFO - Setting next_dagrun for example_params_ui_tutorial to None, run_after=None
[2023-05-26T20:35:09.271+0000] {processor.py:179} INFO - Processing /home/airflow/.local/lib/python3.7/site-packages/airflow/example_dags/example_params_ui_tutorial.py took 0.092 seconds
[2023-05-26T20:35:39.621+0000] {processor.py:157} INFO - Started process (PID=821) to work on /home/airflow/.local/lib/python3.7/site-packages/airflow/example_dags/example_params_ui_tutorial.py
[2023-05-26T20:35:39.623+0000] {processor.py:826} INFO - Processing file /home/airflow/.local/lib/python3.7/site-packages/airflow/example_dags/example_params_ui_tutorial.py for tasks to queue
[2023-05-26T20:35:39.624+0000] {logging_mixin.py:149} INFO - [2023-05-26T20:35:39.624+0000] {dagbag.py:541} INFO - Filling up the DagBag from /home/airflow/.local/lib/python3.7/site-packages/airflow/example_dags/example_params_ui_tutorial.py
[2023-05-26T20:35:39.647+0000] {processor.py:836} INFO - DAG(s) dict_keys(['example_params_ui_tutorial']) retrieved from /home/airflow/.local/lib/python3.7/site-packages/airflow/example_dags/example_params_ui_tutorial.py
[2023-05-26T20:35:39.685+0000] {logging_mixin.py:149} INFO - [2023-05-26T20:35:39.684+0000] {dag.py:2726} INFO - Sync 1 DAGs
[2023-05-26T20:35:39.700+0000] {logging_mixin.py:149} INFO - [2023-05-26T20:35:39.700+0000] {dag.py:3490} INFO - Setting next_dagrun for example_params_ui_tutorial to None, run_after=None
[2023-05-26T20:35:39.712+0000] {processor.py:179} INFO - Processing /home/airflow/.local/lib/python3.7/site-packages/airflow/example_dags/example_params_ui_tutorial.py took 0.093 seconds
[2023-05-26T20:36:10.016+0000] {processor.py:157} INFO - Started process (PID=877) to work on /home/airflow/.local/lib/python3.7/site-packages/airflow/example_dags/example_params_ui_tutorial.py
[2023-05-26T20:36:10.018+0000] {processor.py:826} INFO - Processing file /home/airflow/.local/lib/python3.7/site-packages/airflow/example_dags/example_params_ui_tutorial.py for tasks to queue
[2023-05-26T20:36:10.019+0000] {logging_mixin.py:149} INFO - [2023-05-26T20:36:10.019+0000] {dagbag.py:541} INFO - Filling up the DagBag from /home/airflow/.local/lib/python3.7/site-packages/airflow/example_dags/example_params_ui_tutorial.py
[2023-05-26T20:36:10.043+0000] {processor.py:836} INFO - DAG(s) dict_keys(['example_params_ui_tutorial']) retrieved from /home/airflow/.local/lib/python3.7/site-packages/airflow/example_dags/example_params_ui_tutorial.py
[2023-05-26T20:36:10.083+0000] {logging_mixin.py:149} INFO - [2023-05-26T20:36:10.083+0000] {dag.py:2726} INFO - Sync 1 DAGs
[2023-05-26T20:36:10.099+0000] {logging_mixin.py:149} INFO - [2023-05-26T20:36:10.099+0000] {dag.py:3490} INFO - Setting next_dagrun for example_params_ui_tutorial to None, run_after=None
[2023-05-26T20:36:10.110+0000] {processor.py:179} INFO - Processing /home/airflow/.local/lib/python3.7/site-packages/airflow/example_dags/example_params_ui_tutorial.py took 0.096 seconds
[2023-05-26T20:36:40.382+0000] {processor.py:157} INFO - Started process (PID=933) to work on /home/airflow/.local/lib/python3.7/site-packages/airflow/example_dags/example_params_ui_tutorial.py
[2023-05-26T20:36:40.384+0000] {processor.py:826} INFO - Processing file /home/airflow/.local/lib/python3.7/site-packages/airflow/example_dags/example_params_ui_tutorial.py for tasks to queue
[2023-05-26T20:36:40.385+0000] {logging_mixin.py:149} INFO - [2023-05-26T20:36:40.385+0000] {dagbag.py:541} INFO - Filling up the DagBag from /home/airflow/.local/lib/python3.7/site-packages/airflow/example_dags/example_params_ui_tutorial.py
[2023-05-26T20:36:40.410+0000] {processor.py:836} INFO - DAG(s) dict_keys(['example_params_ui_tutorial']) retrieved from /home/airflow/.local/lib/python3.7/site-packages/airflow/example_dags/example_params_ui_tutorial.py
[2023-05-26T20:36:40.446+0000] {logging_mixin.py:149} INFO - [2023-05-26T20:36:40.446+0000] {dag.py:2726} INFO - Sync 1 DAGs
[2023-05-26T20:36:40.461+0000] {logging_mixin.py:149} INFO - [2023-05-26T20:36:40.461+0000] {dag.py:3490} INFO - Setting next_dagrun for example_params_ui_tutorial to None, run_after=None
[2023-05-26T20:36:40.473+0000] {processor.py:179} INFO - Processing /home/airflow/.local/lib/python3.7/site-packages/airflow/example_dags/example_params_ui_tutorial.py took 0.093 seconds
[2023-05-26T20:37:10.698+0000] {processor.py:157} INFO - Started process (PID=989) to work on /home/airflow/.local/lib/python3.7/site-packages/airflow/example_dags/example_params_ui_tutorial.py
[2023-05-26T20:37:10.699+0000] {processor.py:826} INFO - Processing file /home/airflow/.local/lib/python3.7/site-packages/airflow/example_dags/example_params_ui_tutorial.py for tasks to queue
[2023-05-26T20:37:10.700+0000] {logging_mixin.py:149} INFO - [2023-05-26T20:37:10.700+0000] {dagbag.py:541} INFO - Filling up the DagBag from /home/airflow/.local/lib/python3.7/site-packages/airflow/example_dags/example_params_ui_tutorial.py
[2023-05-26T20:37:10.723+0000] {processor.py:836} INFO - DAG(s) dict_keys(['example_params_ui_tutorial']) retrieved from /home/airflow/.local/lib/python3.7/site-packages/airflow/example_dags/example_params_ui_tutorial.py
[2023-05-26T20:37:10.763+0000] {logging_mixin.py:149} INFO - [2023-05-26T20:37:10.763+0000] {dag.py:2726} INFO - Sync 1 DAGs
[2023-05-26T20:37:10.778+0000] {logging_mixin.py:149} INFO - [2023-05-26T20:37:10.778+0000] {dag.py:3490} INFO - Setting next_dagrun for example_params_ui_tutorial to None, run_after=None
[2023-05-26T20:37:10.790+0000] {processor.py:179} INFO - Processing /home/airflow/.local/lib/python3.7/site-packages/airflow/example_dags/example_params_ui_tutorial.py took 0.095 seconds
[2023-05-26T20:37:41.059+0000] {processor.py:157} INFO - Started process (PID=1045) to work on /home/airflow/.local/lib/python3.7/site-packages/airflow/example_dags/example_params_ui_tutorial.py
[2023-05-26T20:37:41.061+0000] {processor.py:826} INFO - Processing file /home/airflow/.local/lib/python3.7/site-packages/airflow/example_dags/example_params_ui_tutorial.py for tasks to queue
[2023-05-26T20:37:41.062+0000] {logging_mixin.py:149} INFO - [2023-05-26T20:37:41.062+0000] {dagbag.py:541} INFO - Filling up the DagBag from /home/airflow/.local/lib/python3.7/site-packages/airflow/example_dags/example_params_ui_tutorial.py
[2023-05-26T20:37:41.085+0000] {processor.py:836} INFO - DAG(s) dict_keys(['example_params_ui_tutorial']) retrieved from /home/airflow/.local/lib/python3.7/site-packages/airflow/example_dags/example_params_ui_tutorial.py
[2023-05-26T20:37:41.122+0000] {logging_mixin.py:149} INFO - [2023-05-26T20:37:41.122+0000] {dag.py:2726} INFO - Sync 1 DAGs
[2023-05-26T20:37:41.137+0000] {logging_mixin.py:149} INFO - [2023-05-26T20:37:41.137+0000] {dag.py:3490} INFO - Setting next_dagrun for example_params_ui_tutorial to None, run_after=None
[2023-05-26T20:37:41.150+0000] {processor.py:179} INFO - Processing /home/airflow/.local/lib/python3.7/site-packages/airflow/example_dags/example_params_ui_tutorial.py took 0.093 seconds
[2023-05-26T20:38:11.385+0000] {processor.py:157} INFO - Started process (PID=1101) to work on /home/airflow/.local/lib/python3.7/site-packages/airflow/example_dags/example_params_ui_tutorial.py
[2023-05-26T20:38:11.386+0000] {processor.py:826} INFO - Processing file /home/airflow/.local/lib/python3.7/site-packages/airflow/example_dags/example_params_ui_tutorial.py for tasks to queue
[2023-05-26T20:38:11.387+0000] {logging_mixin.py:149} INFO - [2023-05-26T20:38:11.387+0000] {dagbag.py:541} INFO - Filling up the DagBag from /home/airflow/.local/lib/python3.7/site-packages/airflow/example_dags/example_params_ui_tutorial.py
[2023-05-26T20:38:11.411+0000] {processor.py:836} INFO - DAG(s) dict_keys(['example_params_ui_tutorial']) retrieved from /home/airflow/.local/lib/python3.7/site-packages/airflow/example_dags/example_params_ui_tutorial.py
[2023-05-26T20:38:11.448+0000] {logging_mixin.py:149} INFO - [2023-05-26T20:38:11.447+0000] {dag.py:2726} INFO - Sync 1 DAGs
[2023-05-26T20:38:11.462+0000] {logging_mixin.py:149} INFO - [2023-05-26T20:38:11.462+0000] {dag.py:3490} INFO - Setting next_dagrun for example_params_ui_tutorial to None, run_after=None
[2023-05-26T20:38:11.475+0000] {processor.py:179} INFO - Processing /home/airflow/.local/lib/python3.7/site-packages/airflow/example_dags/example_params_ui_tutorial.py took 0.093 seconds
[2023-05-26T20:38:41.803+0000] {processor.py:157} INFO - Started process (PID=1158) to work on /home/airflow/.local/lib/python3.7/site-packages/airflow/example_dags/example_params_ui_tutorial.py
[2023-05-26T20:38:41.804+0000] {processor.py:826} INFO - Processing file /home/airflow/.local/lib/python3.7/site-packages/airflow/example_dags/example_params_ui_tutorial.py for tasks to queue
[2023-05-26T20:38:41.805+0000] {logging_mixin.py:149} INFO - [2023-05-26T20:38:41.805+0000] {dagbag.py:541} INFO - Filling up the DagBag from /home/airflow/.local/lib/python3.7/site-packages/airflow/example_dags/example_params_ui_tutorial.py
[2023-05-26T20:38:41.829+0000] {processor.py:836} INFO - DAG(s) dict_keys(['example_params_ui_tutorial']) retrieved from /home/airflow/.local/lib/python3.7/site-packages/airflow/example_dags/example_params_ui_tutorial.py
[2023-05-26T20:38:41.869+0000] {logging_mixin.py:149} INFO - [2023-05-26T20:38:41.869+0000] {dag.py:2726} INFO - Sync 1 DAGs
[2023-05-26T20:38:41.886+0000] {logging_mixin.py:149} INFO - [2023-05-26T20:38:41.886+0000] {dag.py:3490} INFO - Setting next_dagrun for example_params_ui_tutorial to None, run_after=None
[2023-05-26T20:38:41.899+0000] {processor.py:179} INFO - Processing /home/airflow/.local/lib/python3.7/site-packages/airflow/example_dags/example_params_ui_tutorial.py took 0.099 seconds
[2023-05-26T20:39:12.145+0000] {processor.py:157} INFO - Started process (PID=1214) to work on /home/airflow/.local/lib/python3.7/site-packages/airflow/example_dags/example_params_ui_tutorial.py
[2023-05-26T20:39:12.147+0000] {processor.py:826} INFO - Processing file /home/airflow/.local/lib/python3.7/site-packages/airflow/example_dags/example_params_ui_tutorial.py for tasks to queue
[2023-05-26T20:39:12.148+0000] {logging_mixin.py:149} INFO - [2023-05-26T20:39:12.148+0000] {dagbag.py:541} INFO - Filling up the DagBag from /home/airflow/.local/lib/python3.7/site-packages/airflow/example_dags/example_params_ui_tutorial.py
[2023-05-26T20:39:12.172+0000] {processor.py:836} INFO - DAG(s) dict_keys(['example_params_ui_tutorial']) retrieved from /home/airflow/.local/lib/python3.7/site-packages/airflow/example_dags/example_params_ui_tutorial.py
[2023-05-26T20:39:12.208+0000] {logging_mixin.py:149} INFO - [2023-05-26T20:39:12.208+0000] {dag.py:2726} INFO - Sync 1 DAGs
[2023-05-26T20:39:12.223+0000] {logging_mixin.py:149} INFO - [2023-05-26T20:39:12.223+0000] {dag.py:3490} INFO - Setting next_dagrun for example_params_ui_tutorial to None, run_after=None
[2023-05-26T20:39:12.233+0000] {processor.py:179} INFO - Processing /home/airflow/.local/lib/python3.7/site-packages/airflow/example_dags/example_params_ui_tutorial.py took 0.091 seconds
[2023-05-26T20:39:42.476+0000] {processor.py:157} INFO - Started process (PID=1270) to work on /home/airflow/.local/lib/python3.7/site-packages/airflow/example_dags/example_params_ui_tutorial.py
[2023-05-26T20:39:42.477+0000] {processor.py:826} INFO - Processing file /home/airflow/.local/lib/python3.7/site-packages/airflow/example_dags/example_params_ui_tutorial.py for tasks to queue
[2023-05-26T20:39:42.478+0000] {logging_mixin.py:149} INFO - [2023-05-26T20:39:42.478+0000] {dagbag.py:541} INFO - Filling up the DagBag from /home/airflow/.local/lib/python3.7/site-packages/airflow/example_dags/example_params_ui_tutorial.py
[2023-05-26T20:39:42.502+0000] {processor.py:836} INFO - DAG(s) dict_keys(['example_params_ui_tutorial']) retrieved from /home/airflow/.local/lib/python3.7/site-packages/airflow/example_dags/example_params_ui_tutorial.py
[2023-05-26T20:39:42.539+0000] {logging_mixin.py:149} INFO - [2023-05-26T20:39:42.539+0000] {dag.py:2726} INFO - Sync 1 DAGs
[2023-05-26T20:39:42.554+0000] {logging_mixin.py:149} INFO - [2023-05-26T20:39:42.554+0000] {dag.py:3490} INFO - Setting next_dagrun for example_params_ui_tutorial to None, run_after=None
[2023-05-26T20:39:42.565+0000] {processor.py:179} INFO - Processing /home/airflow/.local/lib/python3.7/site-packages/airflow/example_dags/example_params_ui_tutorial.py took 0.092 seconds
[2023-05-26T20:40:12.772+0000] {processor.py:157} INFO - Started process (PID=1327) to work on /home/airflow/.local/lib/python3.7/site-packages/airflow/example_dags/example_params_ui_tutorial.py
[2023-05-26T20:40:12.774+0000] {processor.py:826} INFO - Processing file /home/airflow/.local/lib/python3.7/site-packages/airflow/example_dags/example_params_ui_tutorial.py for tasks to queue
[2023-05-26T20:40:12.775+0000] {logging_mixin.py:149} INFO - [2023-05-26T20:40:12.774+0000] {dagbag.py:541} INFO - Filling up the DagBag from /home/airflow/.local/lib/python3.7/site-packages/airflow/example_dags/example_params_ui_tutorial.py
[2023-05-26T20:40:12.798+0000] {processor.py:836} INFO - DAG(s) dict_keys(['example_params_ui_tutorial']) retrieved from /home/airflow/.local/lib/python3.7/site-packages/airflow/example_dags/example_params_ui_tutorial.py
[2023-05-26T20:40:12.835+0000] {logging_mixin.py:149} INFO - [2023-05-26T20:40:12.835+0000] {dag.py:2726} INFO - Sync 1 DAGs
[2023-05-26T20:40:12.851+0000] {logging_mixin.py:149} INFO - [2023-05-26T20:40:12.850+0000] {dag.py:3490} INFO - Setting next_dagrun for example_params_ui_tutorial to None, run_after=None
[2023-05-26T20:40:12.863+0000] {processor.py:179} INFO - Processing /home/airflow/.local/lib/python3.7/site-packages/airflow/example_dags/example_params_ui_tutorial.py took 0.094 seconds
[2023-05-26T20:40:43.317+0000] {processor.py:157} INFO - Started process (PID=1383) to work on /home/airflow/.local/lib/python3.7/site-packages/airflow/example_dags/example_params_ui_tutorial.py
[2023-05-26T20:40:43.318+0000] {processor.py:826} INFO - Processing file /home/airflow/.local/lib/python3.7/site-packages/airflow/example_dags/example_params_ui_tutorial.py for tasks to queue
[2023-05-26T20:40:43.319+0000] {logging_mixin.py:149} INFO - [2023-05-26T20:40:43.319+0000] {dagbag.py:541} INFO - Filling up the DagBag from /home/airflow/.local/lib/python3.7/site-packages/airflow/example_dags/example_params_ui_tutorial.py
[2023-05-26T20:40:43.342+0000] {processor.py:836} INFO - DAG(s) dict_keys(['example_params_ui_tutorial']) retrieved from /home/airflow/.local/lib/python3.7/site-packages/airflow/example_dags/example_params_ui_tutorial.py
[2023-05-26T20:40:43.379+0000] {logging_mixin.py:149} INFO - [2023-05-26T20:40:43.379+0000] {dag.py:2726} INFO - Sync 1 DAGs
[2023-05-26T20:40:43.394+0000] {logging_mixin.py:149} INFO - [2023-05-26T20:40:43.394+0000] {dag.py:3490} INFO - Setting next_dagrun for example_params_ui_tutorial to None, run_after=None
[2023-05-26T20:40:43.405+0000] {processor.py:179} INFO - Processing /home/airflow/.local/lib/python3.7/site-packages/airflow/example_dags/example_params_ui_tutorial.py took 0.090 seconds
[2023-05-26T20:41:13.806+0000] {processor.py:157} INFO - Started process (PID=1440) to work on /home/airflow/.local/lib/python3.7/site-packages/airflow/example_dags/example_params_ui_tutorial.py
[2023-05-26T20:41:13.808+0000] {processor.py:826} INFO - Processing file /home/airflow/.local/lib/python3.7/site-packages/airflow/example_dags/example_params_ui_tutorial.py for tasks to queue
[2023-05-26T20:41:13.809+0000] {logging_mixin.py:149} INFO - [2023-05-26T20:41:13.809+0000] {dagbag.py:541} INFO - Filling up the DagBag from /home/airflow/.local/lib/python3.7/site-packages/airflow/example_dags/example_params_ui_tutorial.py
[2023-05-26T20:41:13.832+0000] {processor.py:836} INFO - DAG(s) dict_keys(['example_params_ui_tutorial']) retrieved from /home/airflow/.local/lib/python3.7/site-packages/airflow/example_dags/example_params_ui_tutorial.py
[2023-05-26T20:41:13.868+0000] {logging_mixin.py:149} INFO - [2023-05-26T20:41:13.868+0000] {dag.py:2726} INFO - Sync 1 DAGs
[2023-05-26T20:41:13.884+0000] {logging_mixin.py:149} INFO - [2023-05-26T20:41:13.884+0000] {dag.py:3490} INFO - Setting next_dagrun for example_params_ui_tutorial to None, run_after=None
[2023-05-26T20:41:13.896+0000] {processor.py:179} INFO - Processing /home/airflow/.local/lib/python3.7/site-packages/airflow/example_dags/example_params_ui_tutorial.py took 0.092 seconds
[2023-05-26T20:41:44.209+0000] {processor.py:157} INFO - Started process (PID=1496) to work on /home/airflow/.local/lib/python3.7/site-packages/airflow/example_dags/example_params_ui_tutorial.py
[2023-05-26T20:41:44.211+0000] {processor.py:826} INFO - Processing file /home/airflow/.local/lib/python3.7/site-packages/airflow/example_dags/example_params_ui_tutorial.py for tasks to queue
[2023-05-26T20:41:44.211+0000] {logging_mixin.py:149} INFO - [2023-05-26T20:41:44.211+0000] {dagbag.py:541} INFO - Filling up the DagBag from /home/airflow/.local/lib/python3.7/site-packages/airflow/example_dags/example_params_ui_tutorial.py
[2023-05-26T20:41:44.234+0000] {processor.py:836} INFO - DAG(s) dict_keys(['example_params_ui_tutorial']) retrieved from /home/airflow/.local/lib/python3.7/site-packages/airflow/example_dags/example_params_ui_tutorial.py
[2023-05-26T20:41:44.272+0000] {logging_mixin.py:149} INFO - [2023-05-26T20:41:44.272+0000] {dag.py:2726} INFO - Sync 1 DAGs
[2023-05-26T20:41:44.287+0000] {logging_mixin.py:149} INFO - [2023-05-26T20:41:44.287+0000] {dag.py:3490} INFO - Setting next_dagrun for example_params_ui_tutorial to None, run_after=None
[2023-05-26T20:41:44.299+0000] {processor.py:179} INFO - Processing /home/airflow/.local/lib/python3.7/site-packages/airflow/example_dags/example_params_ui_tutorial.py took 0.093 seconds
[2023-05-26T20:42:14.519+0000] {processor.py:157} INFO - Started process (PID=1552) to work on /home/airflow/.local/lib/python3.7/site-packages/airflow/example_dags/example_params_ui_tutorial.py
[2023-05-26T20:42:14.521+0000] {processor.py:826} INFO - Processing file /home/airflow/.local/lib/python3.7/site-packages/airflow/example_dags/example_params_ui_tutorial.py for tasks to queue
[2023-05-26T20:42:14.522+0000] {logging_mixin.py:149} INFO - [2023-05-26T20:42:14.522+0000] {dagbag.py:541} INFO - Filling up the DagBag from /home/airflow/.local/lib/python3.7/site-packages/airflow/example_dags/example_params_ui_tutorial.py
[2023-05-26T20:42:14.546+0000] {processor.py:836} INFO - DAG(s) dict_keys(['example_params_ui_tutorial']) retrieved from /home/airflow/.local/lib/python3.7/site-packages/airflow/example_dags/example_params_ui_tutorial.py
[2023-05-26T20:42:14.583+0000] {logging_mixin.py:149} INFO - [2023-05-26T20:42:14.583+0000] {dag.py:2726} INFO - Sync 1 DAGs
[2023-05-26T20:42:14.596+0000] {logging_mixin.py:149} INFO - [2023-05-26T20:42:14.596+0000] {dag.py:3490} INFO - Setting next_dagrun for example_params_ui_tutorial to None, run_after=None
[2023-05-26T20:42:14.608+0000] {processor.py:179} INFO - Processing /home/airflow/.local/lib/python3.7/site-packages/airflow/example_dags/example_params_ui_tutorial.py took 0.091 seconds
[2023-05-26T20:42:44.981+0000] {processor.py:157} INFO - Started process (PID=1608) to work on /home/airflow/.local/lib/python3.7/site-packages/airflow/example_dags/example_params_ui_tutorial.py
[2023-05-26T20:42:44.982+0000] {processor.py:826} INFO - Processing file /home/airflow/.local/lib/python3.7/site-packages/airflow/example_dags/example_params_ui_tutorial.py for tasks to queue
[2023-05-26T20:42:44.982+0000] {logging_mixin.py:149} INFO - [2023-05-26T20:42:44.982+0000] {dagbag.py:541} INFO - Filling up the DagBag from /home/airflow/.local/lib/python3.7/site-packages/airflow/example_dags/example_params_ui_tutorial.py
[2023-05-26T20:42:45.005+0000] {processor.py:836} INFO - DAG(s) dict_keys(['example_params_ui_tutorial']) retrieved from /home/airflow/.local/lib/python3.7/site-packages/airflow/example_dags/example_params_ui_tutorial.py
[2023-05-26T20:42:45.043+0000] {logging_mixin.py:149} INFO - [2023-05-26T20:42:45.043+0000] {dag.py:2726} INFO - Sync 1 DAGs
[2023-05-26T20:42:45.058+0000] {logging_mixin.py:149} INFO - [2023-05-26T20:42:45.058+0000] {dag.py:3490} INFO - Setting next_dagrun for example_params_ui_tutorial to None, run_after=None
[2023-05-26T20:42:45.071+0000] {processor.py:179} INFO - Processing /home/airflow/.local/lib/python3.7/site-packages/airflow/example_dags/example_params_ui_tutorial.py took 0.093 seconds
[2023-05-26T20:43:15.472+0000] {processor.py:157} INFO - Started process (PID=1664) to work on /home/airflow/.local/lib/python3.7/site-packages/airflow/example_dags/example_params_ui_tutorial.py
[2023-05-26T20:43:15.473+0000] {processor.py:826} INFO - Processing file /home/airflow/.local/lib/python3.7/site-packages/airflow/example_dags/example_params_ui_tutorial.py for tasks to queue
[2023-05-26T20:43:15.474+0000] {logging_mixin.py:149} INFO - [2023-05-26T20:43:15.474+0000] {dagbag.py:541} INFO - Filling up the DagBag from /home/airflow/.local/lib/python3.7/site-packages/airflow/example_dags/example_params_ui_tutorial.py
[2023-05-26T20:43:15.497+0000] {processor.py:836} INFO - DAG(s) dict_keys(['example_params_ui_tutorial']) retrieved from /home/airflow/.local/lib/python3.7/site-packages/airflow/example_dags/example_params_ui_tutorial.py
[2023-05-26T20:43:15.534+0000] {logging_mixin.py:149} INFO - [2023-05-26T20:43:15.534+0000] {dag.py:2726} INFO - Sync 1 DAGs
[2023-05-26T20:43:15.549+0000] {logging_mixin.py:149} INFO - [2023-05-26T20:43:15.549+0000] {dag.py:3490} INFO - Setting next_dagrun for example_params_ui_tutorial to None, run_after=None
[2023-05-26T20:43:15.561+0000] {processor.py:179} INFO - Processing /home/airflow/.local/lib/python3.7/site-packages/airflow/example_dags/example_params_ui_tutorial.py took 0.091 seconds
[2023-05-26T20:43:45.926+0000] {processor.py:157} INFO - Started process (PID=1720) to work on /home/airflow/.local/lib/python3.7/site-packages/airflow/example_dags/example_params_ui_tutorial.py
[2023-05-26T20:43:45.928+0000] {processor.py:826} INFO - Processing file /home/airflow/.local/lib/python3.7/site-packages/airflow/example_dags/example_params_ui_tutorial.py for tasks to queue
[2023-05-26T20:43:45.929+0000] {logging_mixin.py:149} INFO - [2023-05-26T20:43:45.929+0000] {dagbag.py:541} INFO - Filling up the DagBag from /home/airflow/.local/lib/python3.7/site-packages/airflow/example_dags/example_params_ui_tutorial.py
[2023-05-26T20:43:45.956+0000] {processor.py:836} INFO - DAG(s) dict_keys(['example_params_ui_tutorial']) retrieved from /home/airflow/.local/lib/python3.7/site-packages/airflow/example_dags/example_params_ui_tutorial.py
[2023-05-26T20:43:45.991+0000] {logging_mixin.py:149} INFO - [2023-05-26T20:43:45.991+0000] {dag.py:2726} INFO - Sync 1 DAGs
[2023-05-26T20:43:46.007+0000] {logging_mixin.py:149} INFO - [2023-05-26T20:43:46.006+0000] {dag.py:3490} INFO - Setting next_dagrun for example_params_ui_tutorial to None, run_after=None
[2023-05-26T20:43:46.018+0000] {processor.py:179} INFO - Processing /home/airflow/.local/lib/python3.7/site-packages/airflow/example_dags/example_params_ui_tutorial.py took 0.094 seconds
[2023-05-26T20:44:16.176+0000] {processor.py:157} INFO - Started process (PID=1776) to work on /home/airflow/.local/lib/python3.7/site-packages/airflow/example_dags/example_params_ui_tutorial.py
[2023-05-26T20:44:16.178+0000] {processor.py:826} INFO - Processing file /home/airflow/.local/lib/python3.7/site-packages/airflow/example_dags/example_params_ui_tutorial.py for tasks to queue
[2023-05-26T20:44:16.179+0000] {logging_mixin.py:149} INFO - [2023-05-26T20:44:16.179+0000] {dagbag.py:541} INFO - Filling up the DagBag from /home/airflow/.local/lib/python3.7/site-packages/airflow/example_dags/example_params_ui_tutorial.py
[2023-05-26T20:44:16.203+0000] {processor.py:836} INFO - DAG(s) dict_keys(['example_params_ui_tutorial']) retrieved from /home/airflow/.local/lib/python3.7/site-packages/airflow/example_dags/example_params_ui_tutorial.py
[2023-05-26T20:44:16.239+0000] {logging_mixin.py:149} INFO - [2023-05-26T20:44:16.239+0000] {dag.py:2726} INFO - Sync 1 DAGs
[2023-05-26T20:44:16.255+0000] {logging_mixin.py:149} INFO - [2023-05-26T20:44:16.255+0000] {dag.py:3490} INFO - Setting next_dagrun for example_params_ui_tutorial to None, run_after=None
[2023-05-26T20:44:16.266+0000] {processor.py:179} INFO - Processing /home/airflow/.local/lib/python3.7/site-packages/airflow/example_dags/example_params_ui_tutorial.py took 0.093 seconds
[2023-05-26T20:44:46.581+0000] {processor.py:157} INFO - Started process (PID=1833) to work on /home/airflow/.local/lib/python3.7/site-packages/airflow/example_dags/example_params_ui_tutorial.py
[2023-05-26T20:44:46.583+0000] {processor.py:826} INFO - Processing file /home/airflow/.local/lib/python3.7/site-packages/airflow/example_dags/example_params_ui_tutorial.py for tasks to queue
[2023-05-26T20:44:46.584+0000] {logging_mixin.py:149} INFO - [2023-05-26T20:44:46.584+0000] {dagbag.py:541} INFO - Filling up the DagBag from /home/airflow/.local/lib/python3.7/site-packages/airflow/example_dags/example_params_ui_tutorial.py
[2023-05-26T20:44:46.608+0000] {processor.py:836} INFO - DAG(s) dict_keys(['example_params_ui_tutorial']) retrieved from /home/airflow/.local/lib/python3.7/site-packages/airflow/example_dags/example_params_ui_tutorial.py
[2023-05-26T20:44:46.646+0000] {logging_mixin.py:149} INFO - [2023-05-26T20:44:46.646+0000] {dag.py:2726} INFO - Sync 1 DAGs
[2023-05-26T20:44:46.660+0000] {logging_mixin.py:149} INFO - [2023-05-26T20:44:46.660+0000] {dag.py:3490} INFO - Setting next_dagrun for example_params_ui_tutorial to None, run_after=None
[2023-05-26T20:44:46.673+0000] {processor.py:179} INFO - Processing /home/airflow/.local/lib/python3.7/site-packages/airflow/example_dags/example_params_ui_tutorial.py took 0.095 seconds
[2023-05-26T20:45:16.976+0000] {processor.py:157} INFO - Started process (PID=1889) to work on /home/airflow/.local/lib/python3.7/site-packages/airflow/example_dags/example_params_ui_tutorial.py
[2023-05-26T20:45:16.977+0000] {processor.py:826} INFO - Processing file /home/airflow/.local/lib/python3.7/site-packages/airflow/example_dags/example_params_ui_tutorial.py for tasks to queue
[2023-05-26T20:45:16.978+0000] {logging_mixin.py:149} INFO - [2023-05-26T20:45:16.978+0000] {dagbag.py:541} INFO - Filling up the DagBag from /home/airflow/.local/lib/python3.7/site-packages/airflow/example_dags/example_params_ui_tutorial.py
[2023-05-26T20:45:17.003+0000] {processor.py:836} INFO - DAG(s) dict_keys(['example_params_ui_tutorial']) retrieved from /home/airflow/.local/lib/python3.7/site-packages/airflow/example_dags/example_params_ui_tutorial.py
[2023-05-26T20:45:17.039+0000] {logging_mixin.py:149} INFO - [2023-05-26T20:45:17.039+0000] {dag.py:2726} INFO - Sync 1 DAGs
[2023-05-26T20:45:17.054+0000] {logging_mixin.py:149} INFO - [2023-05-26T20:45:17.053+0000] {dag.py:3490} INFO - Setting next_dagrun for example_params_ui_tutorial to None, run_after=None
[2023-05-26T20:45:17.065+0000] {processor.py:179} INFO - Processing /home/airflow/.local/lib/python3.7/site-packages/airflow/example_dags/example_params_ui_tutorial.py took 0.093 seconds
[2023-05-26T20:45:47.356+0000] {processor.py:157} INFO - Started process (PID=1945) to work on /home/airflow/.local/lib/python3.7/site-packages/airflow/example_dags/example_params_ui_tutorial.py
[2023-05-26T20:45:47.358+0000] {processor.py:826} INFO - Processing file /home/airflow/.local/lib/python3.7/site-packages/airflow/example_dags/example_params_ui_tutorial.py for tasks to queue
[2023-05-26T20:45:47.359+0000] {logging_mixin.py:149} INFO - [2023-05-26T20:45:47.359+0000] {dagbag.py:541} INFO - Filling up the DagBag from /home/airflow/.local/lib/python3.7/site-packages/airflow/example_dags/example_params_ui_tutorial.py
[2023-05-26T20:45:47.382+0000] {processor.py:836} INFO - DAG(s) dict_keys(['example_params_ui_tutorial']) retrieved from /home/airflow/.local/lib/python3.7/site-packages/airflow/example_dags/example_params_ui_tutorial.py
[2023-05-26T20:45:47.420+0000] {logging_mixin.py:149} INFO - [2023-05-26T20:45:47.420+0000] {dag.py:2726} INFO - Sync 1 DAGs
[2023-05-26T20:45:47.435+0000] {logging_mixin.py:149} INFO - [2023-05-26T20:45:47.434+0000] {dag.py:3490} INFO - Setting next_dagrun for example_params_ui_tutorial to None, run_after=None
[2023-05-26T20:45:47.445+0000] {processor.py:179} INFO - Processing /home/airflow/.local/lib/python3.7/site-packages/airflow/example_dags/example_params_ui_tutorial.py took 0.092 seconds
[2023-05-26T20:46:17.904+0000] {processor.py:157} INFO - Started process (PID=2001) to work on /home/airflow/.local/lib/python3.7/site-packages/airflow/example_dags/example_params_ui_tutorial.py
[2023-05-26T20:46:17.906+0000] {processor.py:826} INFO - Processing file /home/airflow/.local/lib/python3.7/site-packages/airflow/example_dags/example_params_ui_tutorial.py for tasks to queue
[2023-05-26T20:46:17.906+0000] {logging_mixin.py:149} INFO - [2023-05-26T20:46:17.906+0000] {dagbag.py:541} INFO - Filling up the DagBag from /home/airflow/.local/lib/python3.7/site-packages/airflow/example_dags/example_params_ui_tutorial.py
[2023-05-26T20:46:17.932+0000] {processor.py:836} INFO - DAG(s) dict_keys(['example_params_ui_tutorial']) retrieved from /home/airflow/.local/lib/python3.7/site-packages/airflow/example_dags/example_params_ui_tutorial.py
[2023-05-26T20:46:17.968+0000] {logging_mixin.py:149} INFO - [2023-05-26T20:46:17.968+0000] {dag.py:2726} INFO - Sync 1 DAGs
[2023-05-26T20:46:17.984+0000] {logging_mixin.py:149} INFO - [2023-05-26T20:46:17.984+0000] {dag.py:3490} INFO - Setting next_dagrun for example_params_ui_tutorial to None, run_after=None
[2023-05-26T20:46:17.996+0000] {processor.py:179} INFO - Processing /home/airflow/.local/lib/python3.7/site-packages/airflow/example_dags/example_params_ui_tutorial.py took 0.096 seconds
[2023-05-26T20:46:48.538+0000] {processor.py:157} INFO - Started process (PID=2057) to work on /home/airflow/.local/lib/python3.7/site-packages/airflow/example_dags/example_params_ui_tutorial.py
[2023-05-26T20:46:48.540+0000] {processor.py:826} INFO - Processing file /home/airflow/.local/lib/python3.7/site-packages/airflow/example_dags/example_params_ui_tutorial.py for tasks to queue
[2023-05-26T20:46:48.541+0000] {logging_mixin.py:149} INFO - [2023-05-26T20:46:48.541+0000] {dagbag.py:541} INFO - Filling up the DagBag from /home/airflow/.local/lib/python3.7/site-packages/airflow/example_dags/example_params_ui_tutorial.py
[2023-05-26T20:46:48.569+0000] {processor.py:836} INFO - DAG(s) dict_keys(['example_params_ui_tutorial']) retrieved from /home/airflow/.local/lib/python3.7/site-packages/airflow/example_dags/example_params_ui_tutorial.py
[2023-05-26T20:46:48.606+0000] {logging_mixin.py:149} INFO - [2023-05-26T20:46:48.606+0000] {dag.py:2726} INFO - Sync 1 DAGs
[2023-05-26T20:46:48.622+0000] {logging_mixin.py:149} INFO - [2023-05-26T20:46:48.622+0000] {dag.py:3490} INFO - Setting next_dagrun for example_params_ui_tutorial to None, run_after=None
[2023-05-26T20:46:48.635+0000] {processor.py:179} INFO - Processing /home/airflow/.local/lib/python3.7/site-packages/airflow/example_dags/example_params_ui_tutorial.py took 0.099 seconds
[2023-05-26T20:47:19.263+0000] {processor.py:157} INFO - Started process (PID=2113) to work on /home/airflow/.local/lib/python3.7/site-packages/airflow/example_dags/example_params_ui_tutorial.py
[2023-05-26T20:47:19.265+0000] {processor.py:826} INFO - Processing file /home/airflow/.local/lib/python3.7/site-packages/airflow/example_dags/example_params_ui_tutorial.py for tasks to queue
[2023-05-26T20:47:19.266+0000] {logging_mixin.py:149} INFO - [2023-05-26T20:47:19.266+0000] {dagbag.py:541} INFO - Filling up the DagBag from /home/airflow/.local/lib/python3.7/site-packages/airflow/example_dags/example_params_ui_tutorial.py
[2023-05-26T20:47:19.290+0000] {processor.py:836} INFO - DAG(s) dict_keys(['example_params_ui_tutorial']) retrieved from /home/airflow/.local/lib/python3.7/site-packages/airflow/example_dags/example_params_ui_tutorial.py
[2023-05-26T20:47:19.329+0000] {logging_mixin.py:149} INFO - [2023-05-26T20:47:19.328+0000] {dag.py:2726} INFO - Sync 1 DAGs
[2023-05-26T20:47:19.343+0000] {logging_mixin.py:149} INFO - [2023-05-26T20:47:19.343+0000] {dag.py:3490} INFO - Setting next_dagrun for example_params_ui_tutorial to None, run_after=None
[2023-05-26T20:47:19.356+0000] {processor.py:179} INFO - Processing /home/airflow/.local/lib/python3.7/site-packages/airflow/example_dags/example_params_ui_tutorial.py took 0.096 seconds
[2023-05-26T20:47:49.989+0000] {processor.py:157} INFO - Started process (PID=2169) to work on /home/airflow/.local/lib/python3.7/site-packages/airflow/example_dags/example_params_ui_tutorial.py
[2023-05-26T20:47:49.990+0000] {processor.py:826} INFO - Processing file /home/airflow/.local/lib/python3.7/site-packages/airflow/example_dags/example_params_ui_tutorial.py for tasks to queue
[2023-05-26T20:47:49.991+0000] {logging_mixin.py:149} INFO - [2023-05-26T20:47:49.991+0000] {dagbag.py:541} INFO - Filling up the DagBag from /home/airflow/.local/lib/python3.7/site-packages/airflow/example_dags/example_params_ui_tutorial.py
[2023-05-26T20:47:50.016+0000] {processor.py:836} INFO - DAG(s) dict_keys(['example_params_ui_tutorial']) retrieved from /home/airflow/.local/lib/python3.7/site-packages/airflow/example_dags/example_params_ui_tutorial.py
[2023-05-26T20:47:50.054+0000] {logging_mixin.py:149} INFO - [2023-05-26T20:47:50.054+0000] {dag.py:2726} INFO - Sync 1 DAGs
[2023-05-26T20:47:50.070+0000] {logging_mixin.py:149} INFO - [2023-05-26T20:47:50.070+0000] {dag.py:3490} INFO - Setting next_dagrun for example_params_ui_tutorial to None, run_after=None
[2023-05-26T20:47:50.082+0000] {processor.py:179} INFO - Processing /home/airflow/.local/lib/python3.7/site-packages/airflow/example_dags/example_params_ui_tutorial.py took 0.096 seconds
[2023-05-26T20:48:20.370+0000] {processor.py:157} INFO - Started process (PID=2225) to work on /home/airflow/.local/lib/python3.7/site-packages/airflow/example_dags/example_params_ui_tutorial.py
[2023-05-26T20:48:20.372+0000] {processor.py:826} INFO - Processing file /home/airflow/.local/lib/python3.7/site-packages/airflow/example_dags/example_params_ui_tutorial.py for tasks to queue
[2023-05-26T20:48:20.372+0000] {logging_mixin.py:149} INFO - [2023-05-26T20:48:20.372+0000] {dagbag.py:541} INFO - Filling up the DagBag from /home/airflow/.local/lib/python3.7/site-packages/airflow/example_dags/example_params_ui_tutorial.py
[2023-05-26T20:48:20.397+0000] {processor.py:836} INFO - DAG(s) dict_keys(['example_params_ui_tutorial']) retrieved from /home/airflow/.local/lib/python3.7/site-packages/airflow/example_dags/example_params_ui_tutorial.py
[2023-05-26T20:48:20.434+0000] {logging_mixin.py:149} INFO - [2023-05-26T20:48:20.434+0000] {dag.py:2726} INFO - Sync 1 DAGs
[2023-05-26T20:48:20.448+0000] {logging_mixin.py:149} INFO - [2023-05-26T20:48:20.448+0000] {dag.py:3490} INFO - Setting next_dagrun for example_params_ui_tutorial to None, run_after=None
[2023-05-26T20:48:20.460+0000] {processor.py:179} INFO - Processing /home/airflow/.local/lib/python3.7/site-packages/airflow/example_dags/example_params_ui_tutorial.py took 0.093 seconds
[2023-05-26T20:48:50.996+0000] {processor.py:157} INFO - Started process (PID=2282) to work on /home/airflow/.local/lib/python3.7/site-packages/airflow/example_dags/example_params_ui_tutorial.py
[2023-05-26T20:48:50.998+0000] {processor.py:826} INFO - Processing file /home/airflow/.local/lib/python3.7/site-packages/airflow/example_dags/example_params_ui_tutorial.py for tasks to queue
[2023-05-26T20:48:50.999+0000] {logging_mixin.py:149} INFO - [2023-05-26T20:48:50.999+0000] {dagbag.py:541} INFO - Filling up the DagBag from /home/airflow/.local/lib/python3.7/site-packages/airflow/example_dags/example_params_ui_tutorial.py
[2023-05-26T20:48:51.024+0000] {processor.py:836} INFO - DAG(s) dict_keys(['example_params_ui_tutorial']) retrieved from /home/airflow/.local/lib/python3.7/site-packages/airflow/example_dags/example_params_ui_tutorial.py
[2023-05-26T20:48:51.062+0000] {logging_mixin.py:149} INFO - [2023-05-26T20:48:51.062+0000] {dag.py:2726} INFO - Sync 1 DAGs
[2023-05-26T20:48:51.078+0000] {logging_mixin.py:149} INFO - [2023-05-26T20:48:51.078+0000] {dag.py:3490} INFO - Setting next_dagrun for example_params_ui_tutorial to None, run_after=None
[2023-05-26T20:48:51.090+0000] {processor.py:179} INFO - Processing /home/airflow/.local/lib/python3.7/site-packages/airflow/example_dags/example_params_ui_tutorial.py took 0.096 seconds
[2023-05-26T20:49:21.689+0000] {processor.py:157} INFO - Started process (PID=2337) to work on /home/airflow/.local/lib/python3.7/site-packages/airflow/example_dags/example_params_ui_tutorial.py
[2023-05-26T20:49:21.690+0000] {processor.py:826} INFO - Processing file /home/airflow/.local/lib/python3.7/site-packages/airflow/example_dags/example_params_ui_tutorial.py for tasks to queue
[2023-05-26T20:49:21.691+0000] {logging_mixin.py:149} INFO - [2023-05-26T20:49:21.691+0000] {dagbag.py:541} INFO - Filling up the DagBag from /home/airflow/.local/lib/python3.7/site-packages/airflow/example_dags/example_params_ui_tutorial.py
[2023-05-26T20:49:21.715+0000] {processor.py:836} INFO - DAG(s) dict_keys(['example_params_ui_tutorial']) retrieved from /home/airflow/.local/lib/python3.7/site-packages/airflow/example_dags/example_params_ui_tutorial.py
[2023-05-26T20:49:21.751+0000] {logging_mixin.py:149} INFO - [2023-05-26T20:49:21.751+0000] {dag.py:2726} INFO - Sync 1 DAGs
[2023-05-26T20:49:21.767+0000] {logging_mixin.py:149} INFO - [2023-05-26T20:49:21.767+0000] {dag.py:3490} INFO - Setting next_dagrun for example_params_ui_tutorial to None, run_after=None
[2023-05-26T20:49:21.778+0000] {processor.py:179} INFO - Processing /home/airflow/.local/lib/python3.7/site-packages/airflow/example_dags/example_params_ui_tutorial.py took 0.093 seconds
[2023-05-26T20:49:52.224+0000] {processor.py:157} INFO - Started process (PID=2393) to work on /home/airflow/.local/lib/python3.7/site-packages/airflow/example_dags/example_params_ui_tutorial.py
[2023-05-26T20:49:52.226+0000] {processor.py:826} INFO - Processing file /home/airflow/.local/lib/python3.7/site-packages/airflow/example_dags/example_params_ui_tutorial.py for tasks to queue
[2023-05-26T20:49:52.227+0000] {logging_mixin.py:149} INFO - [2023-05-26T20:49:52.227+0000] {dagbag.py:541} INFO - Filling up the DagBag from /home/airflow/.local/lib/python3.7/site-packages/airflow/example_dags/example_params_ui_tutorial.py
[2023-05-26T20:49:52.251+0000] {processor.py:836} INFO - DAG(s) dict_keys(['example_params_ui_tutorial']) retrieved from /home/airflow/.local/lib/python3.7/site-packages/airflow/example_dags/example_params_ui_tutorial.py
[2023-05-26T20:49:52.289+0000] {logging_mixin.py:149} INFO - [2023-05-26T20:49:52.289+0000] {dag.py:2726} INFO - Sync 1 DAGs
[2023-05-26T20:49:52.305+0000] {logging_mixin.py:149} INFO - [2023-05-26T20:49:52.305+0000] {dag.py:3490} INFO - Setting next_dagrun for example_params_ui_tutorial to None, run_after=None
[2023-05-26T20:49:52.318+0000] {processor.py:179} INFO - Processing /home/airflow/.local/lib/python3.7/site-packages/airflow/example_dags/example_params_ui_tutorial.py took 0.096 seconds
[2023-05-26T20:50:22.883+0000] {processor.py:157} INFO - Started process (PID=2449) to work on /home/airflow/.local/lib/python3.7/site-packages/airflow/example_dags/example_params_ui_tutorial.py
[2023-05-26T20:50:22.884+0000] {processor.py:826} INFO - Processing file /home/airflow/.local/lib/python3.7/site-packages/airflow/example_dags/example_params_ui_tutorial.py for tasks to queue
[2023-05-26T20:50:22.885+0000] {logging_mixin.py:149} INFO - [2023-05-26T20:50:22.885+0000] {dagbag.py:541} INFO - Filling up the DagBag from /home/airflow/.local/lib/python3.7/site-packages/airflow/example_dags/example_params_ui_tutorial.py
[2023-05-26T20:50:22.909+0000] {processor.py:836} INFO - DAG(s) dict_keys(['example_params_ui_tutorial']) retrieved from /home/airflow/.local/lib/python3.7/site-packages/airflow/example_dags/example_params_ui_tutorial.py
[2023-05-26T20:50:22.946+0000] {logging_mixin.py:149} INFO - [2023-05-26T20:50:22.946+0000] {dag.py:2726} INFO - Sync 1 DAGs
[2023-05-26T20:50:22.962+0000] {logging_mixin.py:149} INFO - [2023-05-26T20:50:22.962+0000] {dag.py:3490} INFO - Setting next_dagrun for example_params_ui_tutorial to None, run_after=None
[2023-05-26T20:50:22.974+0000] {processor.py:179} INFO - Processing /home/airflow/.local/lib/python3.7/site-packages/airflow/example_dags/example_params_ui_tutorial.py took 0.094 seconds
[2023-05-26T20:50:53.091+0000] {processor.py:157} INFO - Started process (PID=2506) to work on /home/airflow/.local/lib/python3.7/site-packages/airflow/example_dags/example_params_ui_tutorial.py
[2023-05-26T20:50:53.093+0000] {processor.py:826} INFO - Processing file /home/airflow/.local/lib/python3.7/site-packages/airflow/example_dags/example_params_ui_tutorial.py for tasks to queue
[2023-05-26T20:50:53.093+0000] {logging_mixin.py:149} INFO - [2023-05-26T20:50:53.093+0000] {dagbag.py:541} INFO - Filling up the DagBag from /home/airflow/.local/lib/python3.7/site-packages/airflow/example_dags/example_params_ui_tutorial.py
[2023-05-26T20:50:53.118+0000] {processor.py:836} INFO - DAG(s) dict_keys(['example_params_ui_tutorial']) retrieved from /home/airflow/.local/lib/python3.7/site-packages/airflow/example_dags/example_params_ui_tutorial.py
[2023-05-26T20:50:53.155+0000] {logging_mixin.py:149} INFO - [2023-05-26T20:50:53.155+0000] {dag.py:2726} INFO - Sync 1 DAGs
[2023-05-26T20:50:53.171+0000] {logging_mixin.py:149} INFO - [2023-05-26T20:50:53.171+0000] {dag.py:3490} INFO - Setting next_dagrun for example_params_ui_tutorial to None, run_after=None
[2023-05-26T20:50:53.183+0000] {processor.py:179} INFO - Processing /home/airflow/.local/lib/python3.7/site-packages/airflow/example_dags/example_params_ui_tutorial.py took 0.095 seconds
[2023-05-26T20:51:23.640+0000] {processor.py:157} INFO - Started process (PID=2562) to work on /home/airflow/.local/lib/python3.7/site-packages/airflow/example_dags/example_params_ui_tutorial.py
[2023-05-26T20:51:23.641+0000] {processor.py:826} INFO - Processing file /home/airflow/.local/lib/python3.7/site-packages/airflow/example_dags/example_params_ui_tutorial.py for tasks to queue
[2023-05-26T20:51:23.642+0000] {logging_mixin.py:149} INFO - [2023-05-26T20:51:23.642+0000] {dagbag.py:541} INFO - Filling up the DagBag from /home/airflow/.local/lib/python3.7/site-packages/airflow/example_dags/example_params_ui_tutorial.py
[2023-05-26T20:51:23.666+0000] {processor.py:836} INFO - DAG(s) dict_keys(['example_params_ui_tutorial']) retrieved from /home/airflow/.local/lib/python3.7/site-packages/airflow/example_dags/example_params_ui_tutorial.py
[2023-05-26T20:51:23.703+0000] {logging_mixin.py:149} INFO - [2023-05-26T20:51:23.703+0000] {dag.py:2726} INFO - Sync 1 DAGs
[2023-05-26T20:51:23.719+0000] {logging_mixin.py:149} INFO - [2023-05-26T20:51:23.719+0000] {dag.py:3490} INFO - Setting next_dagrun for example_params_ui_tutorial to None, run_after=None
[2023-05-26T20:51:23.731+0000] {processor.py:179} INFO - Processing /home/airflow/.local/lib/python3.7/site-packages/airflow/example_dags/example_params_ui_tutorial.py took 0.095 seconds
[2023-05-26T20:51:54.251+0000] {processor.py:157} INFO - Started process (PID=2618) to work on /home/airflow/.local/lib/python3.7/site-packages/airflow/example_dags/example_params_ui_tutorial.py
[2023-05-26T20:51:54.253+0000] {processor.py:826} INFO - Processing file /home/airflow/.local/lib/python3.7/site-packages/airflow/example_dags/example_params_ui_tutorial.py for tasks to queue
[2023-05-26T20:51:54.254+0000] {logging_mixin.py:149} INFO - [2023-05-26T20:51:54.254+0000] {dagbag.py:541} INFO - Filling up the DagBag from /home/airflow/.local/lib/python3.7/site-packages/airflow/example_dags/example_params_ui_tutorial.py
[2023-05-26T20:51:54.278+0000] {processor.py:836} INFO - DAG(s) dict_keys(['example_params_ui_tutorial']) retrieved from /home/airflow/.local/lib/python3.7/site-packages/airflow/example_dags/example_params_ui_tutorial.py
[2023-05-26T20:51:54.314+0000] {logging_mixin.py:149} INFO - [2023-05-26T20:51:54.314+0000] {dag.py:2726} INFO - Sync 1 DAGs
[2023-05-26T20:51:54.330+0000] {logging_mixin.py:149} INFO - [2023-05-26T20:51:54.330+0000] {dag.py:3490} INFO - Setting next_dagrun for example_params_ui_tutorial to None, run_after=None
[2023-05-26T20:51:54.344+0000] {processor.py:179} INFO - Processing /home/airflow/.local/lib/python3.7/site-packages/airflow/example_dags/example_params_ui_tutorial.py took 0.096 seconds
[2023-05-26T20:52:24.943+0000] {processor.py:157} INFO - Started process (PID=2674) to work on /home/airflow/.local/lib/python3.7/site-packages/airflow/example_dags/example_params_ui_tutorial.py
[2023-05-26T20:52:24.945+0000] {processor.py:826} INFO - Processing file /home/airflow/.local/lib/python3.7/site-packages/airflow/example_dags/example_params_ui_tutorial.py for tasks to queue
[2023-05-26T20:52:24.946+0000] {logging_mixin.py:149} INFO - [2023-05-26T20:52:24.946+0000] {dagbag.py:541} INFO - Filling up the DagBag from /home/airflow/.local/lib/python3.7/site-packages/airflow/example_dags/example_params_ui_tutorial.py
[2023-05-26T20:52:24.970+0000] {processor.py:836} INFO - DAG(s) dict_keys(['example_params_ui_tutorial']) retrieved from /home/airflow/.local/lib/python3.7/site-packages/airflow/example_dags/example_params_ui_tutorial.py
[2023-05-26T20:52:25.008+0000] {logging_mixin.py:149} INFO - [2023-05-26T20:52:25.008+0000] {dag.py:2726} INFO - Sync 1 DAGs
[2023-05-26T20:52:25.024+0000] {logging_mixin.py:149} INFO - [2023-05-26T20:52:25.024+0000] {dag.py:3490} INFO - Setting next_dagrun for example_params_ui_tutorial to None, run_after=None
[2023-05-26T20:52:25.035+0000] {processor.py:179} INFO - Processing /home/airflow/.local/lib/python3.7/site-packages/airflow/example_dags/example_params_ui_tutorial.py took 0.095 seconds
[2023-05-26T20:52:55.378+0000] {processor.py:157} INFO - Started process (PID=2730) to work on /home/airflow/.local/lib/python3.7/site-packages/airflow/example_dags/example_params_ui_tutorial.py
[2023-05-26T20:52:55.381+0000] {processor.py:826} INFO - Processing file /home/airflow/.local/lib/python3.7/site-packages/airflow/example_dags/example_params_ui_tutorial.py for tasks to queue
[2023-05-26T20:52:55.381+0000] {logging_mixin.py:149} INFO - [2023-05-26T20:52:55.381+0000] {dagbag.py:541} INFO - Filling up the DagBag from /home/airflow/.local/lib/python3.7/site-packages/airflow/example_dags/example_params_ui_tutorial.py
[2023-05-26T20:52:55.406+0000] {processor.py:836} INFO - DAG(s) dict_keys(['example_params_ui_tutorial']) retrieved from /home/airflow/.local/lib/python3.7/site-packages/airflow/example_dags/example_params_ui_tutorial.py
[2023-05-26T20:52:55.444+0000] {logging_mixin.py:149} INFO - [2023-05-26T20:52:55.444+0000] {dag.py:2726} INFO - Sync 1 DAGs
[2023-05-26T20:52:55.459+0000] {logging_mixin.py:149} INFO - [2023-05-26T20:52:55.459+0000] {dag.py:3490} INFO - Setting next_dagrun for example_params_ui_tutorial to None, run_after=None
[2023-05-26T20:52:55.472+0000] {processor.py:179} INFO - Processing /home/airflow/.local/lib/python3.7/site-packages/airflow/example_dags/example_params_ui_tutorial.py took 0.096 seconds
[2023-05-26T20:53:26.163+0000] {processor.py:157} INFO - Started process (PID=2786) to work on /home/airflow/.local/lib/python3.7/site-packages/airflow/example_dags/example_params_ui_tutorial.py
[2023-05-26T20:53:26.165+0000] {processor.py:826} INFO - Processing file /home/airflow/.local/lib/python3.7/site-packages/airflow/example_dags/example_params_ui_tutorial.py for tasks to queue
[2023-05-26T20:53:26.166+0000] {logging_mixin.py:149} INFO - [2023-05-26T20:53:26.166+0000] {dagbag.py:541} INFO - Filling up the DagBag from /home/airflow/.local/lib/python3.7/site-packages/airflow/example_dags/example_params_ui_tutorial.py
[2023-05-26T20:53:26.192+0000] {processor.py:836} INFO - DAG(s) dict_keys(['example_params_ui_tutorial']) retrieved from /home/airflow/.local/lib/python3.7/site-packages/airflow/example_dags/example_params_ui_tutorial.py
[2023-05-26T20:53:26.233+0000] {logging_mixin.py:149} INFO - [2023-05-26T20:53:26.232+0000] {dag.py:2726} INFO - Sync 1 DAGs
[2023-05-26T20:53:26.248+0000] {logging_mixin.py:149} INFO - [2023-05-26T20:53:26.248+0000] {dag.py:3490} INFO - Setting next_dagrun for example_params_ui_tutorial to None, run_after=None
[2023-05-26T20:53:26.260+0000] {processor.py:179} INFO - Processing /home/airflow/.local/lib/python3.7/site-packages/airflow/example_dags/example_params_ui_tutorial.py took 0.101 seconds
[2023-05-26T20:53:56.777+0000] {processor.py:157} INFO - Started process (PID=2842) to work on /home/airflow/.local/lib/python3.7/site-packages/airflow/example_dags/example_params_ui_tutorial.py
[2023-05-26T20:53:56.779+0000] {processor.py:826} INFO - Processing file /home/airflow/.local/lib/python3.7/site-packages/airflow/example_dags/example_params_ui_tutorial.py for tasks to queue
[2023-05-26T20:53:56.780+0000] {logging_mixin.py:149} INFO - [2023-05-26T20:53:56.780+0000] {dagbag.py:541} INFO - Filling up the DagBag from /home/airflow/.local/lib/python3.7/site-packages/airflow/example_dags/example_params_ui_tutorial.py
[2023-05-26T20:53:56.804+0000] {processor.py:836} INFO - DAG(s) dict_keys(['example_params_ui_tutorial']) retrieved from /home/airflow/.local/lib/python3.7/site-packages/airflow/example_dags/example_params_ui_tutorial.py
[2023-05-26T20:53:56.842+0000] {logging_mixin.py:149} INFO - [2023-05-26T20:53:56.842+0000] {dag.py:2726} INFO - Sync 1 DAGs
[2023-05-26T20:53:56.858+0000] {logging_mixin.py:149} INFO - [2023-05-26T20:53:56.858+0000] {dag.py:3490} INFO - Setting next_dagrun for example_params_ui_tutorial to None, run_after=None
[2023-05-26T20:53:56.872+0000] {processor.py:179} INFO - Processing /home/airflow/.local/lib/python3.7/site-packages/airflow/example_dags/example_params_ui_tutorial.py took 0.097 seconds
[2023-05-26T20:54:27.409+0000] {processor.py:157} INFO - Started process (PID=2897) to work on /home/airflow/.local/lib/python3.7/site-packages/airflow/example_dags/example_params_ui_tutorial.py
[2023-05-26T20:54:27.411+0000] {processor.py:826} INFO - Processing file /home/airflow/.local/lib/python3.7/site-packages/airflow/example_dags/example_params_ui_tutorial.py for tasks to queue
[2023-05-26T20:54:27.412+0000] {logging_mixin.py:149} INFO - [2023-05-26T20:54:27.412+0000] {dagbag.py:541} INFO - Filling up the DagBag from /home/airflow/.local/lib/python3.7/site-packages/airflow/example_dags/example_params_ui_tutorial.py
[2023-05-26T20:54:27.437+0000] {processor.py:836} INFO - DAG(s) dict_keys(['example_params_ui_tutorial']) retrieved from /home/airflow/.local/lib/python3.7/site-packages/airflow/example_dags/example_params_ui_tutorial.py
[2023-05-26T20:54:27.474+0000] {logging_mixin.py:149} INFO - [2023-05-26T20:54:27.474+0000] {dag.py:2726} INFO - Sync 1 DAGs
[2023-05-26T20:54:27.489+0000] {logging_mixin.py:149} INFO - [2023-05-26T20:54:27.489+0000] {dag.py:3490} INFO - Setting next_dagrun for example_params_ui_tutorial to None, run_after=None
[2023-05-26T20:54:27.507+0000] {processor.py:179} INFO - Processing /home/airflow/.local/lib/python3.7/site-packages/airflow/example_dags/example_params_ui_tutorial.py took 0.100 seconds
[2023-05-26T20:54:57.967+0000] {processor.py:157} INFO - Started process (PID=2953) to work on /home/airflow/.local/lib/python3.7/site-packages/airflow/example_dags/example_params_ui_tutorial.py
[2023-05-26T20:54:57.969+0000] {processor.py:826} INFO - Processing file /home/airflow/.local/lib/python3.7/site-packages/airflow/example_dags/example_params_ui_tutorial.py for tasks to queue
[2023-05-26T20:54:57.970+0000] {logging_mixin.py:149} INFO - [2023-05-26T20:54:57.970+0000] {dagbag.py:541} INFO - Filling up the DagBag from /home/airflow/.local/lib/python3.7/site-packages/airflow/example_dags/example_params_ui_tutorial.py
[2023-05-26T20:54:57.995+0000] {processor.py:836} INFO - DAG(s) dict_keys(['example_params_ui_tutorial']) retrieved from /home/airflow/.local/lib/python3.7/site-packages/airflow/example_dags/example_params_ui_tutorial.py
[2023-05-26T20:54:58.034+0000] {logging_mixin.py:149} INFO - [2023-05-26T20:54:58.034+0000] {dag.py:2726} INFO - Sync 1 DAGs
[2023-05-26T20:54:58.051+0000] {logging_mixin.py:149} INFO - [2023-05-26T20:54:58.051+0000] {dag.py:3490} INFO - Setting next_dagrun for example_params_ui_tutorial to None, run_after=None
[2023-05-26T20:54:58.063+0000] {processor.py:179} INFO - Processing /home/airflow/.local/lib/python3.7/site-packages/airflow/example_dags/example_params_ui_tutorial.py took 0.099 seconds
[2023-05-26T20:55:28.641+0000] {processor.py:157} INFO - Started process (PID=3009) to work on /home/airflow/.local/lib/python3.7/site-packages/airflow/example_dags/example_params_ui_tutorial.py
[2023-05-26T20:55:28.643+0000] {processor.py:826} INFO - Processing file /home/airflow/.local/lib/python3.7/site-packages/airflow/example_dags/example_params_ui_tutorial.py for tasks to queue
[2023-05-26T20:55:28.643+0000] {logging_mixin.py:149} INFO - [2023-05-26T20:55:28.643+0000] {dagbag.py:541} INFO - Filling up the DagBag from /home/airflow/.local/lib/python3.7/site-packages/airflow/example_dags/example_params_ui_tutorial.py
[2023-05-26T20:55:28.668+0000] {processor.py:836} INFO - DAG(s) dict_keys(['example_params_ui_tutorial']) retrieved from /home/airflow/.local/lib/python3.7/site-packages/airflow/example_dags/example_params_ui_tutorial.py
[2023-05-26T20:55:28.704+0000] {logging_mixin.py:149} INFO - [2023-05-26T20:55:28.704+0000] {dag.py:2726} INFO - Sync 1 DAGs
[2023-05-26T20:55:28.720+0000] {logging_mixin.py:149} INFO - [2023-05-26T20:55:28.719+0000] {dag.py:3490} INFO - Setting next_dagrun for example_params_ui_tutorial to None, run_after=None
[2023-05-26T20:55:28.731+0000] {processor.py:179} INFO - Processing /home/airflow/.local/lib/python3.7/site-packages/airflow/example_dags/example_params_ui_tutorial.py took 0.093 seconds
[2023-05-26T20:55:59.394+0000] {processor.py:157} INFO - Started process (PID=3073) to work on /home/airflow/.local/lib/python3.7/site-packages/airflow/example_dags/example_params_ui_tutorial.py
[2023-05-26T20:55:59.403+0000] {processor.py:826} INFO - Processing file /home/airflow/.local/lib/python3.7/site-packages/airflow/example_dags/example_params_ui_tutorial.py for tasks to queue
[2023-05-26T20:55:59.405+0000] {logging_mixin.py:149} INFO - [2023-05-26T20:55:59.404+0000] {dagbag.py:541} INFO - Filling up the DagBag from /home/airflow/.local/lib/python3.7/site-packages/airflow/example_dags/example_params_ui_tutorial.py
[2023-05-26T20:55:59.433+0000] {processor.py:836} INFO - DAG(s) dict_keys(['example_params_ui_tutorial']) retrieved from /home/airflow/.local/lib/python3.7/site-packages/airflow/example_dags/example_params_ui_tutorial.py
[2023-05-26T20:55:59.476+0000] {logging_mixin.py:149} INFO - [2023-05-26T20:55:59.475+0000] {dag.py:2726} INFO - Sync 1 DAGs
[2023-05-26T20:55:59.491+0000] {logging_mixin.py:149} INFO - [2023-05-26T20:55:59.491+0000] {dag.py:3490} INFO - Setting next_dagrun for example_params_ui_tutorial to None, run_after=None
[2023-05-26T20:55:59.503+0000] {processor.py:179} INFO - Processing /home/airflow/.local/lib/python3.7/site-packages/airflow/example_dags/example_params_ui_tutorial.py took 0.112 seconds
[2023-05-26T20:56:30.201+0000] {processor.py:157} INFO - Started process (PID=3129) to work on /home/airflow/.local/lib/python3.7/site-packages/airflow/example_dags/example_params_ui_tutorial.py
[2023-05-26T20:56:30.203+0000] {processor.py:826} INFO - Processing file /home/airflow/.local/lib/python3.7/site-packages/airflow/example_dags/example_params_ui_tutorial.py for tasks to queue
[2023-05-26T20:56:30.204+0000] {logging_mixin.py:149} INFO - [2023-05-26T20:56:30.204+0000] {dagbag.py:541} INFO - Filling up the DagBag from /home/airflow/.local/lib/python3.7/site-packages/airflow/example_dags/example_params_ui_tutorial.py
[2023-05-26T20:56:30.229+0000] {processor.py:836} INFO - DAG(s) dict_keys(['example_params_ui_tutorial']) retrieved from /home/airflow/.local/lib/python3.7/site-packages/airflow/example_dags/example_params_ui_tutorial.py
[2023-05-26T20:56:30.266+0000] {logging_mixin.py:149} INFO - [2023-05-26T20:56:30.266+0000] {dag.py:2726} INFO - Sync 1 DAGs
[2023-05-26T20:56:30.282+0000] {logging_mixin.py:149} INFO - [2023-05-26T20:56:30.282+0000] {dag.py:3490} INFO - Setting next_dagrun for example_params_ui_tutorial to None, run_after=None
[2023-05-26T20:56:30.294+0000] {processor.py:179} INFO - Processing /home/airflow/.local/lib/python3.7/site-packages/airflow/example_dags/example_params_ui_tutorial.py took 0.095 seconds
[2023-05-26T20:57:00.872+0000] {processor.py:157} INFO - Started process (PID=3185) to work on /home/airflow/.local/lib/python3.7/site-packages/airflow/example_dags/example_params_ui_tutorial.py
[2023-05-26T20:57:00.874+0000] {processor.py:826} INFO - Processing file /home/airflow/.local/lib/python3.7/site-packages/airflow/example_dags/example_params_ui_tutorial.py for tasks to queue
[2023-05-26T20:57:00.875+0000] {logging_mixin.py:149} INFO - [2023-05-26T20:57:00.875+0000] {dagbag.py:541} INFO - Filling up the DagBag from /home/airflow/.local/lib/python3.7/site-packages/airflow/example_dags/example_params_ui_tutorial.py
[2023-05-26T20:57:00.900+0000] {processor.py:836} INFO - DAG(s) dict_keys(['example_params_ui_tutorial']) retrieved from /home/airflow/.local/lib/python3.7/site-packages/airflow/example_dags/example_params_ui_tutorial.py
[2023-05-26T20:57:00.937+0000] {logging_mixin.py:149} INFO - [2023-05-26T20:57:00.937+0000] {dag.py:2726} INFO - Sync 1 DAGs
[2023-05-26T20:57:00.952+0000] {logging_mixin.py:149} INFO - [2023-05-26T20:57:00.952+0000] {dag.py:3490} INFO - Setting next_dagrun for example_params_ui_tutorial to None, run_after=None
[2023-05-26T20:57:00.963+0000] {processor.py:179} INFO - Processing /home/airflow/.local/lib/python3.7/site-packages/airflow/example_dags/example_params_ui_tutorial.py took 0.093 seconds
[2023-05-26T20:57:31.873+0000] {processor.py:157} INFO - Started process (PID=3241) to work on /home/airflow/.local/lib/python3.7/site-packages/airflow/example_dags/example_params_ui_tutorial.py
[2023-05-26T20:57:31.884+0000] {processor.py:826} INFO - Processing file /home/airflow/.local/lib/python3.7/site-packages/airflow/example_dags/example_params_ui_tutorial.py for tasks to queue
[2023-05-26T20:57:31.886+0000] {logging_mixin.py:149} INFO - [2023-05-26T20:57:31.885+0000] {dagbag.py:541} INFO - Filling up the DagBag from /home/airflow/.local/lib/python3.7/site-packages/airflow/example_dags/example_params_ui_tutorial.py
[2023-05-26T20:57:31.918+0000] {processor.py:836} INFO - DAG(s) dict_keys(['example_params_ui_tutorial']) retrieved from /home/airflow/.local/lib/python3.7/site-packages/airflow/example_dags/example_params_ui_tutorial.py
[2023-05-26T20:57:32.060+0000] {logging_mixin.py:149} INFO - [2023-05-26T20:57:32.059+0000] {dag.py:2726} INFO - Sync 1 DAGs
[2023-05-26T20:57:32.097+0000] {logging_mixin.py:149} INFO - [2023-05-26T20:57:32.097+0000] {dag.py:3490} INFO - Setting next_dagrun for example_params_ui_tutorial to None, run_after=None
[2023-05-26T20:57:32.116+0000] {processor.py:179} INFO - Processing /home/airflow/.local/lib/python3.7/site-packages/airflow/example_dags/example_params_ui_tutorial.py took 0.247 seconds
[2023-05-26T21:01:23.398+0000] {processor.py:157} INFO - Started process (PID=3282) to work on /home/airflow/.local/lib/python3.7/site-packages/airflow/example_dags/example_params_ui_tutorial.py
[2023-05-26T21:01:23.418+0000] {processor.py:826} INFO - Processing file /home/airflow/.local/lib/python3.7/site-packages/airflow/example_dags/example_params_ui_tutorial.py for tasks to queue
[2023-05-26T21:01:23.425+0000] {logging_mixin.py:149} INFO - [2023-05-26T21:01:23.425+0000] {dagbag.py:541} INFO - Filling up the DagBag from /home/airflow/.local/lib/python3.7/site-packages/airflow/example_dags/example_params_ui_tutorial.py
[2023-05-26T21:01:23.513+0000] {processor.py:836} INFO - DAG(s) dict_keys(['example_params_ui_tutorial']) retrieved from /home/airflow/.local/lib/python3.7/site-packages/airflow/example_dags/example_params_ui_tutorial.py
[2023-05-26T21:01:23.591+0000] {logging_mixin.py:149} INFO - [2023-05-26T21:01:23.591+0000] {dag.py:2726} INFO - Sync 1 DAGs
[2023-05-26T21:01:23.612+0000] {logging_mixin.py:149} INFO - [2023-05-26T21:01:23.612+0000] {dag.py:3490} INFO - Setting next_dagrun for example_params_ui_tutorial to None, run_after=None
[2023-05-26T21:01:23.627+0000] {processor.py:179} INFO - Processing /home/airflow/.local/lib/python3.7/site-packages/airflow/example_dags/example_params_ui_tutorial.py took 0.232 seconds
[2023-05-26T21:01:54.493+0000] {processor.py:157} INFO - Started process (PID=3338) to work on /home/airflow/.local/lib/python3.7/site-packages/airflow/example_dags/example_params_ui_tutorial.py
[2023-05-26T21:01:54.495+0000] {processor.py:826} INFO - Processing file /home/airflow/.local/lib/python3.7/site-packages/airflow/example_dags/example_params_ui_tutorial.py for tasks to queue
[2023-05-26T21:01:54.496+0000] {logging_mixin.py:149} INFO - [2023-05-26T21:01:54.496+0000] {dagbag.py:541} INFO - Filling up the DagBag from /home/airflow/.local/lib/python3.7/site-packages/airflow/example_dags/example_params_ui_tutorial.py
[2023-05-26T21:01:54.526+0000] {processor.py:836} INFO - DAG(s) dict_keys(['example_params_ui_tutorial']) retrieved from /home/airflow/.local/lib/python3.7/site-packages/airflow/example_dags/example_params_ui_tutorial.py
[2023-05-26T21:01:54.562+0000] {logging_mixin.py:149} INFO - [2023-05-26T21:01:54.562+0000] {dag.py:2726} INFO - Sync 1 DAGs
[2023-05-26T21:01:54.578+0000] {logging_mixin.py:149} INFO - [2023-05-26T21:01:54.578+0000] {dag.py:3490} INFO - Setting next_dagrun for example_params_ui_tutorial to None, run_after=None
[2023-05-26T21:01:54.590+0000] {processor.py:179} INFO - Processing /home/airflow/.local/lib/python3.7/site-packages/airflow/example_dags/example_params_ui_tutorial.py took 0.102 seconds
[2023-05-26T21:02:25.001+0000] {processor.py:157} INFO - Started process (PID=3394) to work on /home/airflow/.local/lib/python3.7/site-packages/airflow/example_dags/example_params_ui_tutorial.py
[2023-05-26T21:02:25.003+0000] {processor.py:826} INFO - Processing file /home/airflow/.local/lib/python3.7/site-packages/airflow/example_dags/example_params_ui_tutorial.py for tasks to queue
[2023-05-26T21:02:25.005+0000] {logging_mixin.py:149} INFO - [2023-05-26T21:02:25.005+0000] {dagbag.py:541} INFO - Filling up the DagBag from /home/airflow/.local/lib/python3.7/site-packages/airflow/example_dags/example_params_ui_tutorial.py
[2023-05-26T21:02:25.038+0000] {processor.py:836} INFO - DAG(s) dict_keys(['example_params_ui_tutorial']) retrieved from /home/airflow/.local/lib/python3.7/site-packages/airflow/example_dags/example_params_ui_tutorial.py
[2023-05-26T21:02:25.074+0000] {logging_mixin.py:149} INFO - [2023-05-26T21:02:25.074+0000] {dag.py:2726} INFO - Sync 1 DAGs
[2023-05-26T21:02:25.089+0000] {logging_mixin.py:149} INFO - [2023-05-26T21:02:25.089+0000] {dag.py:3490} INFO - Setting next_dagrun for example_params_ui_tutorial to None, run_after=None
[2023-05-26T21:02:25.101+0000] {processor.py:179} INFO - Processing /home/airflow/.local/lib/python3.7/site-packages/airflow/example_dags/example_params_ui_tutorial.py took 0.105 seconds
[2023-05-26T21:02:55.736+0000] {processor.py:157} INFO - Started process (PID=3450) to work on /home/airflow/.local/lib/python3.7/site-packages/airflow/example_dags/example_params_ui_tutorial.py
[2023-05-26T21:02:55.739+0000] {processor.py:826} INFO - Processing file /home/airflow/.local/lib/python3.7/site-packages/airflow/example_dags/example_params_ui_tutorial.py for tasks to queue
[2023-05-26T21:02:55.740+0000] {logging_mixin.py:149} INFO - [2023-05-26T21:02:55.740+0000] {dagbag.py:541} INFO - Filling up the DagBag from /home/airflow/.local/lib/python3.7/site-packages/airflow/example_dags/example_params_ui_tutorial.py
[2023-05-26T21:02:55.767+0000] {processor.py:836} INFO - DAG(s) dict_keys(['example_params_ui_tutorial']) retrieved from /home/airflow/.local/lib/python3.7/site-packages/airflow/example_dags/example_params_ui_tutorial.py
[2023-05-26T21:02:55.807+0000] {logging_mixin.py:149} INFO - [2023-05-26T21:02:55.807+0000] {dag.py:2726} INFO - Sync 1 DAGs
[2023-05-26T21:02:55.825+0000] {logging_mixin.py:149} INFO - [2023-05-26T21:02:55.825+0000] {dag.py:3490} INFO - Setting next_dagrun for example_params_ui_tutorial to None, run_after=None
[2023-05-26T21:02:55.838+0000] {processor.py:179} INFO - Processing /home/airflow/.local/lib/python3.7/site-packages/airflow/example_dags/example_params_ui_tutorial.py took 0.104 seconds
[2023-05-26T21:03:26.376+0000] {processor.py:157} INFO - Started process (PID=3506) to work on /home/airflow/.local/lib/python3.7/site-packages/airflow/example_dags/example_params_ui_tutorial.py
[2023-05-26T21:03:26.378+0000] {processor.py:826} INFO - Processing file /home/airflow/.local/lib/python3.7/site-packages/airflow/example_dags/example_params_ui_tutorial.py for tasks to queue
[2023-05-26T21:03:26.378+0000] {logging_mixin.py:149} INFO - [2023-05-26T21:03:26.378+0000] {dagbag.py:541} INFO - Filling up the DagBag from /home/airflow/.local/lib/python3.7/site-packages/airflow/example_dags/example_params_ui_tutorial.py
[2023-05-26T21:03:26.407+0000] {processor.py:836} INFO - DAG(s) dict_keys(['example_params_ui_tutorial']) retrieved from /home/airflow/.local/lib/python3.7/site-packages/airflow/example_dags/example_params_ui_tutorial.py
[2023-05-26T21:03:26.441+0000] {logging_mixin.py:149} INFO - [2023-05-26T21:03:26.441+0000] {dag.py:2726} INFO - Sync 1 DAGs
[2023-05-26T21:03:26.456+0000] {logging_mixin.py:149} INFO - [2023-05-26T21:03:26.456+0000] {dag.py:3490} INFO - Setting next_dagrun for example_params_ui_tutorial to None, run_after=None
[2023-05-26T21:03:26.468+0000] {processor.py:179} INFO - Processing /home/airflow/.local/lib/python3.7/site-packages/airflow/example_dags/example_params_ui_tutorial.py took 0.095 seconds
[2023-05-26T21:03:56.992+0000] {processor.py:157} INFO - Started process (PID=3563) to work on /home/airflow/.local/lib/python3.7/site-packages/airflow/example_dags/example_params_ui_tutorial.py
[2023-05-26T21:03:56.994+0000] {processor.py:826} INFO - Processing file /home/airflow/.local/lib/python3.7/site-packages/airflow/example_dags/example_params_ui_tutorial.py for tasks to queue
[2023-05-26T21:03:56.996+0000] {logging_mixin.py:149} INFO - [2023-05-26T21:03:56.995+0000] {dagbag.py:541} INFO - Filling up the DagBag from /home/airflow/.local/lib/python3.7/site-packages/airflow/example_dags/example_params_ui_tutorial.py
[2023-05-26T21:03:57.022+0000] {processor.py:836} INFO - DAG(s) dict_keys(['example_params_ui_tutorial']) retrieved from /home/airflow/.local/lib/python3.7/site-packages/airflow/example_dags/example_params_ui_tutorial.py
[2023-05-26T21:03:57.062+0000] {logging_mixin.py:149} INFO - [2023-05-26T21:03:57.062+0000] {dag.py:2726} INFO - Sync 1 DAGs
[2023-05-26T21:03:57.082+0000] {logging_mixin.py:149} INFO - [2023-05-26T21:03:57.082+0000] {dag.py:3490} INFO - Setting next_dagrun for example_params_ui_tutorial to None, run_after=None
[2023-05-26T21:03:57.098+0000] {processor.py:179} INFO - Processing /home/airflow/.local/lib/python3.7/site-packages/airflow/example_dags/example_params_ui_tutorial.py took 0.110 seconds
[2023-05-26T21:04:27.196+0000] {processor.py:157} INFO - Started process (PID=3619) to work on /home/airflow/.local/lib/python3.7/site-packages/airflow/example_dags/example_params_ui_tutorial.py
[2023-05-26T21:04:27.199+0000] {processor.py:826} INFO - Processing file /home/airflow/.local/lib/python3.7/site-packages/airflow/example_dags/example_params_ui_tutorial.py for tasks to queue
[2023-05-26T21:04:27.200+0000] {logging_mixin.py:149} INFO - [2023-05-26T21:04:27.200+0000] {dagbag.py:541} INFO - Filling up the DagBag from /home/airflow/.local/lib/python3.7/site-packages/airflow/example_dags/example_params_ui_tutorial.py
[2023-05-26T21:04:27.230+0000] {processor.py:836} INFO - DAG(s) dict_keys(['example_params_ui_tutorial']) retrieved from /home/airflow/.local/lib/python3.7/site-packages/airflow/example_dags/example_params_ui_tutorial.py
[2023-05-26T21:04:27.264+0000] {logging_mixin.py:149} INFO - [2023-05-26T21:04:27.264+0000] {dag.py:2726} INFO - Sync 1 DAGs
[2023-05-26T21:04:27.278+0000] {logging_mixin.py:149} INFO - [2023-05-26T21:04:27.278+0000] {dag.py:3490} INFO - Setting next_dagrun for example_params_ui_tutorial to None, run_after=None
[2023-05-26T21:04:27.290+0000] {processor.py:179} INFO - Processing /home/airflow/.local/lib/python3.7/site-packages/airflow/example_dags/example_params_ui_tutorial.py took 0.099 seconds
[2023-05-26T21:05:00.531+0000] {processor.py:157} INFO - Started process (PID=36) to work on /home/airflow/.local/lib/python3.7/site-packages/airflow/example_dags/example_params_ui_tutorial.py
[2023-05-26T21:05:00.532+0000] {processor.py:826} INFO - Processing file /home/airflow/.local/lib/python3.7/site-packages/airflow/example_dags/example_params_ui_tutorial.py for tasks to queue
[2023-05-26T21:05:00.533+0000] {logging_mixin.py:149} INFO - [2023-05-26T21:05:00.533+0000] {dagbag.py:541} INFO - Filling up the DagBag from /home/airflow/.local/lib/python3.7/site-packages/airflow/example_dags/example_params_ui_tutorial.py
[2023-05-26T21:05:00.561+0000] {processor.py:836} INFO - DAG(s) dict_keys(['example_params_ui_tutorial']) retrieved from /home/airflow/.local/lib/python3.7/site-packages/airflow/example_dags/example_params_ui_tutorial.py
[2023-05-26T21:05:00.575+0000] {logging_mixin.py:149} INFO - [2023-05-26T21:05:00.575+0000] {dag.py:2726} INFO - Sync 1 DAGs
[2023-05-26T21:05:00.603+0000] {logging_mixin.py:149} INFO - [2023-05-26T21:05:00.603+0000] {dag.py:3490} INFO - Setting next_dagrun for example_params_ui_tutorial to None, run_after=None
[2023-05-26T21:05:00.626+0000] {processor.py:179} INFO - Processing /home/airflow/.local/lib/python3.7/site-packages/airflow/example_dags/example_params_ui_tutorial.py took 0.099 seconds
[2023-05-26T21:05:30.657+0000] {processor.py:157} INFO - Started process (PID=92) to work on /home/airflow/.local/lib/python3.7/site-packages/airflow/example_dags/example_params_ui_tutorial.py
[2023-05-26T21:05:30.659+0000] {processor.py:826} INFO - Processing file /home/airflow/.local/lib/python3.7/site-packages/airflow/example_dags/example_params_ui_tutorial.py for tasks to queue
[2023-05-26T21:05:30.660+0000] {logging_mixin.py:149} INFO - [2023-05-26T21:05:30.660+0000] {dagbag.py:541} INFO - Filling up the DagBag from /home/airflow/.local/lib/python3.7/site-packages/airflow/example_dags/example_params_ui_tutorial.py
[2023-05-26T21:05:30.684+0000] {processor.py:836} INFO - DAG(s) dict_keys(['example_params_ui_tutorial']) retrieved from /home/airflow/.local/lib/python3.7/site-packages/airflow/example_dags/example_params_ui_tutorial.py
[2023-05-26T21:05:30.722+0000] {logging_mixin.py:149} INFO - [2023-05-26T21:05:30.722+0000] {dag.py:2726} INFO - Sync 1 DAGs
[2023-05-26T21:05:30.740+0000] {logging_mixin.py:149} INFO - [2023-05-26T21:05:30.740+0000] {dag.py:3490} INFO - Setting next_dagrun for example_params_ui_tutorial to None, run_after=None
[2023-05-26T21:05:30.751+0000] {processor.py:179} INFO - Processing /home/airflow/.local/lib/python3.7/site-packages/airflow/example_dags/example_params_ui_tutorial.py took 0.097 seconds
[2023-05-26T21:06:01.559+0000] {processor.py:157} INFO - Started process (PID=148) to work on /home/airflow/.local/lib/python3.7/site-packages/airflow/example_dags/example_params_ui_tutorial.py
[2023-05-26T21:06:01.560+0000] {processor.py:826} INFO - Processing file /home/airflow/.local/lib/python3.7/site-packages/airflow/example_dags/example_params_ui_tutorial.py for tasks to queue
[2023-05-26T21:06:01.561+0000] {logging_mixin.py:149} INFO - [2023-05-26T21:06:01.561+0000] {dagbag.py:541} INFO - Filling up the DagBag from /home/airflow/.local/lib/python3.7/site-packages/airflow/example_dags/example_params_ui_tutorial.py
[2023-05-26T21:06:01.585+0000] {processor.py:836} INFO - DAG(s) dict_keys(['example_params_ui_tutorial']) retrieved from /home/airflow/.local/lib/python3.7/site-packages/airflow/example_dags/example_params_ui_tutorial.py
[2023-05-26T21:06:01.626+0000] {logging_mixin.py:149} INFO - [2023-05-26T21:06:01.625+0000] {dag.py:2726} INFO - Sync 1 DAGs
[2023-05-26T21:06:01.646+0000] {logging_mixin.py:149} INFO - [2023-05-26T21:06:01.646+0000] {dag.py:3490} INFO - Setting next_dagrun for example_params_ui_tutorial to None, run_after=None
[2023-05-26T21:06:01.658+0000] {processor.py:179} INFO - Processing /home/airflow/.local/lib/python3.7/site-packages/airflow/example_dags/example_params_ui_tutorial.py took 0.102 seconds
[2023-05-26T21:06:32.017+0000] {processor.py:157} INFO - Started process (PID=204) to work on /home/airflow/.local/lib/python3.7/site-packages/airflow/example_dags/example_params_ui_tutorial.py
[2023-05-26T21:06:32.019+0000] {processor.py:826} INFO - Processing file /home/airflow/.local/lib/python3.7/site-packages/airflow/example_dags/example_params_ui_tutorial.py for tasks to queue
[2023-05-26T21:06:32.020+0000] {logging_mixin.py:149} INFO - [2023-05-26T21:06:32.020+0000] {dagbag.py:541} INFO - Filling up the DagBag from /home/airflow/.local/lib/python3.7/site-packages/airflow/example_dags/example_params_ui_tutorial.py
[2023-05-26T21:06:32.045+0000] {processor.py:836} INFO - DAG(s) dict_keys(['example_params_ui_tutorial']) retrieved from /home/airflow/.local/lib/python3.7/site-packages/airflow/example_dags/example_params_ui_tutorial.py
[2023-05-26T21:06:32.057+0000] {logging_mixin.py:149} INFO - [2023-05-26T21:06:32.057+0000] {dag.py:2726} INFO - Sync 1 DAGs
[2023-05-26T21:06:32.073+0000] {logging_mixin.py:149} INFO - [2023-05-26T21:06:32.073+0000] {dag.py:3490} INFO - Setting next_dagrun for example_params_ui_tutorial to None, run_after=None
[2023-05-26T21:06:32.085+0000] {processor.py:179} INFO - Processing /home/airflow/.local/lib/python3.7/site-packages/airflow/example_dags/example_params_ui_tutorial.py took 0.070 seconds
[2023-05-26T21:07:02.966+0000] {processor.py:157} INFO - Started process (PID=261) to work on /home/airflow/.local/lib/python3.7/site-packages/airflow/example_dags/example_params_ui_tutorial.py
[2023-05-26T21:07:02.968+0000] {processor.py:826} INFO - Processing file /home/airflow/.local/lib/python3.7/site-packages/airflow/example_dags/example_params_ui_tutorial.py for tasks to queue
[2023-05-26T21:07:02.969+0000] {logging_mixin.py:149} INFO - [2023-05-26T21:07:02.969+0000] {dagbag.py:541} INFO - Filling up the DagBag from /home/airflow/.local/lib/python3.7/site-packages/airflow/example_dags/example_params_ui_tutorial.py
[2023-05-26T21:07:02.994+0000] {processor.py:836} INFO - DAG(s) dict_keys(['example_params_ui_tutorial']) retrieved from /home/airflow/.local/lib/python3.7/site-packages/airflow/example_dags/example_params_ui_tutorial.py
[2023-05-26T21:07:03.031+0000] {logging_mixin.py:149} INFO - [2023-05-26T21:07:03.031+0000] {dag.py:2726} INFO - Sync 1 DAGs
[2023-05-26T21:07:03.046+0000] {logging_mixin.py:149} INFO - [2023-05-26T21:07:03.046+0000] {dag.py:3490} INFO - Setting next_dagrun for example_params_ui_tutorial to None, run_after=None
[2023-05-26T21:07:03.059+0000] {processor.py:179} INFO - Processing /home/airflow/.local/lib/python3.7/site-packages/airflow/example_dags/example_params_ui_tutorial.py took 0.095 seconds
[2023-05-26T21:07:33.603+0000] {processor.py:157} INFO - Started process (PID=318) to work on /home/airflow/.local/lib/python3.7/site-packages/airflow/example_dags/example_params_ui_tutorial.py
[2023-05-26T21:07:33.605+0000] {processor.py:826} INFO - Processing file /home/airflow/.local/lib/python3.7/site-packages/airflow/example_dags/example_params_ui_tutorial.py for tasks to queue
[2023-05-26T21:07:33.606+0000] {logging_mixin.py:149} INFO - [2023-05-26T21:07:33.606+0000] {dagbag.py:541} INFO - Filling up the DagBag from /home/airflow/.local/lib/python3.7/site-packages/airflow/example_dags/example_params_ui_tutorial.py
[2023-05-26T21:07:33.630+0000] {processor.py:836} INFO - DAG(s) dict_keys(['example_params_ui_tutorial']) retrieved from /home/airflow/.local/lib/python3.7/site-packages/airflow/example_dags/example_params_ui_tutorial.py
[2023-05-26T21:07:33.666+0000] {logging_mixin.py:149} INFO - [2023-05-26T21:07:33.666+0000] {dag.py:2726} INFO - Sync 1 DAGs
[2023-05-26T21:07:33.682+0000] {logging_mixin.py:149} INFO - [2023-05-26T21:07:33.682+0000] {dag.py:3490} INFO - Setting next_dagrun for example_params_ui_tutorial to None, run_after=None
[2023-05-26T21:07:33.697+0000] {processor.py:179} INFO - Processing /home/airflow/.local/lib/python3.7/site-packages/airflow/example_dags/example_params_ui_tutorial.py took 0.097 seconds
[2023-05-26T21:08:04.134+0000] {processor.py:157} INFO - Started process (PID=375) to work on /home/airflow/.local/lib/python3.7/site-packages/airflow/example_dags/example_params_ui_tutorial.py
[2023-05-26T21:08:04.136+0000] {processor.py:826} INFO - Processing file /home/airflow/.local/lib/python3.7/site-packages/airflow/example_dags/example_params_ui_tutorial.py for tasks to queue
[2023-05-26T21:08:04.137+0000] {logging_mixin.py:149} INFO - [2023-05-26T21:08:04.137+0000] {dagbag.py:541} INFO - Filling up the DagBag from /home/airflow/.local/lib/python3.7/site-packages/airflow/example_dags/example_params_ui_tutorial.py
[2023-05-26T21:08:04.161+0000] {processor.py:836} INFO - DAG(s) dict_keys(['example_params_ui_tutorial']) retrieved from /home/airflow/.local/lib/python3.7/site-packages/airflow/example_dags/example_params_ui_tutorial.py
[2023-05-26T21:08:04.198+0000] {logging_mixin.py:149} INFO - [2023-05-26T21:08:04.197+0000] {dag.py:2726} INFO - Sync 1 DAGs
[2023-05-26T21:08:04.213+0000] {logging_mixin.py:149} INFO - [2023-05-26T21:08:04.213+0000] {dag.py:3490} INFO - Setting next_dagrun for example_params_ui_tutorial to None, run_after=None
[2023-05-26T21:08:04.224+0000] {processor.py:179} INFO - Processing /home/airflow/.local/lib/python3.7/site-packages/airflow/example_dags/example_params_ui_tutorial.py took 0.093 seconds
