[2023-05-26T20:28:33.185+0000] {processor.py:157} INFO - Started process (PID=54) to work on /home/airflow/.local/lib/python3.7/site-packages/airflow/example_dags/example_sla_dag.py
[2023-05-26T20:28:33.188+0000] {processor.py:826} INFO - Processing file /home/airflow/.local/lib/python3.7/site-packages/airflow/example_dags/example_sla_dag.py for tasks to queue
[2023-05-26T20:28:33.191+0000] {logging_mixin.py:149} INFO - [2023-05-26T20:28:33.191+0000] {dagbag.py:541} INFO - Filling up the DagBag from /home/airflow/.local/lib/python3.7/site-packages/airflow/example_dags/example_sla_dag.py
[2023-05-26T20:28:33.208+0000] {processor.py:836} INFO - DAG(s) dict_keys(['example_sla_dag']) retrieved from /home/airflow/.local/lib/python3.7/site-packages/airflow/example_dags/example_sla_dag.py
[2023-05-26T20:28:33.432+0000] {logging_mixin.py:149} INFO - [2023-05-26T20:28:33.432+0000] {manager.py:504} INFO - Created Permission View: can delete on DAG:example_sla_dag
[2023-05-26T20:28:33.450+0000] {logging_mixin.py:149} INFO - [2023-05-26T20:28:33.450+0000] {manager.py:504} INFO - Created Permission View: can read on DAG:example_sla_dag
[2023-05-26T20:28:33.461+0000] {logging_mixin.py:149} INFO - [2023-05-26T20:28:33.460+0000] {manager.py:504} INFO - Created Permission View: can edit on DAG:example_sla_dag
[2023-05-26T20:28:33.462+0000] {logging_mixin.py:149} INFO - [2023-05-26T20:28:33.461+0000] {dag.py:2726} INFO - Sync 1 DAGs
[2023-05-26T20:28:33.476+0000] {logging_mixin.py:149} INFO - [2023-05-26T20:28:33.476+0000] {dag.py:2747} INFO - Creating ORM DAG for example_sla_dag
[2023-05-26T20:28:33.492+0000] {logging_mixin.py:149} INFO - [2023-05-26T20:28:33.492+0000] {dag.py:3490} INFO - Setting next_dagrun for example_sla_dag to 2023-05-26T20:26:00+00:00, run_after=2023-05-26T20:28:00+00:00
[2023-05-26T20:28:33.514+0000] {processor.py:179} INFO - Processing /home/airflow/.local/lib/python3.7/site-packages/airflow/example_dags/example_sla_dag.py took 0.334 seconds
[2023-05-26T20:29:03.982+0000] {processor.py:157} INFO - Started process (PID=109) to work on /home/airflow/.local/lib/python3.7/site-packages/airflow/example_dags/example_sla_dag.py
[2023-05-26T20:29:03.984+0000] {processor.py:826} INFO - Processing file /home/airflow/.local/lib/python3.7/site-packages/airflow/example_dags/example_sla_dag.py for tasks to queue
[2023-05-26T20:29:03.985+0000] {logging_mixin.py:149} INFO - [2023-05-26T20:29:03.985+0000] {dagbag.py:541} INFO - Filling up the DagBag from /home/airflow/.local/lib/python3.7/site-packages/airflow/example_dags/example_sla_dag.py
[2023-05-26T20:29:03.991+0000] {processor.py:836} INFO - DAG(s) dict_keys(['example_sla_dag']) retrieved from /home/airflow/.local/lib/python3.7/site-packages/airflow/example_dags/example_sla_dag.py
[2023-05-26T20:29:04.011+0000] {logging_mixin.py:149} INFO - [2023-05-26T20:29:04.011+0000] {dag.py:2726} INFO - Sync 1 DAGs
[2023-05-26T20:29:04.029+0000] {logging_mixin.py:149} INFO - [2023-05-26T20:29:04.029+0000] {dag.py:3490} INFO - Setting next_dagrun for example_sla_dag to 2023-05-26T20:26:00+00:00, run_after=2023-05-26T20:28:00+00:00
[2023-05-26T20:29:04.041+0000] {processor.py:179} INFO - Processing /home/airflow/.local/lib/python3.7/site-packages/airflow/example_dags/example_sla_dag.py took 0.062 seconds
[2023-05-26T20:29:34.905+0000] {processor.py:157} INFO - Started process (PID=165) to work on /home/airflow/.local/lib/python3.7/site-packages/airflow/example_dags/example_sla_dag.py
[2023-05-26T20:29:34.906+0000] {processor.py:826} INFO - Processing file /home/airflow/.local/lib/python3.7/site-packages/airflow/example_dags/example_sla_dag.py for tasks to queue
[2023-05-26T20:29:34.907+0000] {logging_mixin.py:149} INFO - [2023-05-26T20:29:34.907+0000] {dagbag.py:541} INFO - Filling up the DagBag from /home/airflow/.local/lib/python3.7/site-packages/airflow/example_dags/example_sla_dag.py
[2023-05-26T20:29:34.914+0000] {processor.py:836} INFO - DAG(s) dict_keys(['example_sla_dag']) retrieved from /home/airflow/.local/lib/python3.7/site-packages/airflow/example_dags/example_sla_dag.py
[2023-05-26T20:29:34.933+0000] {logging_mixin.py:149} INFO - [2023-05-26T20:29:34.932+0000] {dag.py:2726} INFO - Sync 1 DAGs
[2023-05-26T20:29:34.949+0000] {logging_mixin.py:149} INFO - [2023-05-26T20:29:34.949+0000] {dag.py:3490} INFO - Setting next_dagrun for example_sla_dag to 2023-05-26T20:26:00+00:00, run_after=2023-05-26T20:28:00+00:00
[2023-05-26T20:29:34.961+0000] {processor.py:179} INFO - Processing /home/airflow/.local/lib/python3.7/site-packages/airflow/example_dags/example_sla_dag.py took 0.059 seconds
[2023-05-26T20:30:05.166+0000] {processor.py:157} INFO - Started process (PID=221) to work on /home/airflow/.local/lib/python3.7/site-packages/airflow/example_dags/example_sla_dag.py
[2023-05-26T20:30:05.168+0000] {processor.py:826} INFO - Processing file /home/airflow/.local/lib/python3.7/site-packages/airflow/example_dags/example_sla_dag.py for tasks to queue
[2023-05-26T20:30:05.169+0000] {logging_mixin.py:149} INFO - [2023-05-26T20:30:05.168+0000] {dagbag.py:541} INFO - Filling up the DagBag from /home/airflow/.local/lib/python3.7/site-packages/airflow/example_dags/example_sla_dag.py
[2023-05-26T20:30:05.175+0000] {processor.py:836} INFO - DAG(s) dict_keys(['example_sla_dag']) retrieved from /home/airflow/.local/lib/python3.7/site-packages/airflow/example_dags/example_sla_dag.py
[2023-05-26T20:30:05.195+0000] {logging_mixin.py:149} INFO - [2023-05-26T20:30:05.195+0000] {dag.py:2726} INFO - Sync 1 DAGs
[2023-05-26T20:30:05.212+0000] {logging_mixin.py:149} INFO - [2023-05-26T20:30:05.212+0000] {dag.py:3490} INFO - Setting next_dagrun for example_sla_dag to 2023-05-26T20:28:00+00:00, run_after=2023-05-26T20:30:00+00:00
[2023-05-26T20:30:05.225+0000] {processor.py:179} INFO - Processing /home/airflow/.local/lib/python3.7/site-packages/airflow/example_dags/example_sla_dag.py took 0.062 seconds
[2023-05-26T20:30:35.522+0000] {processor.py:157} INFO - Started process (PID=277) to work on /home/airflow/.local/lib/python3.7/site-packages/airflow/example_dags/example_sla_dag.py
[2023-05-26T20:30:35.523+0000] {processor.py:826} INFO - Processing file /home/airflow/.local/lib/python3.7/site-packages/airflow/example_dags/example_sla_dag.py for tasks to queue
[2023-05-26T20:30:35.524+0000] {logging_mixin.py:149} INFO - [2023-05-26T20:30:35.524+0000] {dagbag.py:541} INFO - Filling up the DagBag from /home/airflow/.local/lib/python3.7/site-packages/airflow/example_dags/example_sla_dag.py
[2023-05-26T20:30:35.530+0000] {processor.py:836} INFO - DAG(s) dict_keys(['example_sla_dag']) retrieved from /home/airflow/.local/lib/python3.7/site-packages/airflow/example_dags/example_sla_dag.py
[2023-05-26T20:30:35.551+0000] {logging_mixin.py:149} INFO - [2023-05-26T20:30:35.551+0000] {dag.py:2726} INFO - Sync 1 DAGs
[2023-05-26T20:30:35.569+0000] {logging_mixin.py:149} INFO - [2023-05-26T20:30:35.569+0000] {dag.py:3490} INFO - Setting next_dagrun for example_sla_dag to 2023-05-26T20:28:00+00:00, run_after=2023-05-26T20:30:00+00:00
[2023-05-26T20:30:35.580+0000] {processor.py:179} INFO - Processing /home/airflow/.local/lib/python3.7/site-packages/airflow/example_dags/example_sla_dag.py took 0.061 seconds
[2023-05-26T20:31:06.036+0000] {processor.py:157} INFO - Started process (PID=333) to work on /home/airflow/.local/lib/python3.7/site-packages/airflow/example_dags/example_sla_dag.py
[2023-05-26T20:31:06.039+0000] {processor.py:826} INFO - Processing file /home/airflow/.local/lib/python3.7/site-packages/airflow/example_dags/example_sla_dag.py for tasks to queue
[2023-05-26T20:31:06.041+0000] {logging_mixin.py:149} INFO - [2023-05-26T20:31:06.041+0000] {dagbag.py:541} INFO - Filling up the DagBag from /home/airflow/.local/lib/python3.7/site-packages/airflow/example_dags/example_sla_dag.py
[2023-05-26T20:31:06.052+0000] {processor.py:836} INFO - DAG(s) dict_keys(['example_sla_dag']) retrieved from /home/airflow/.local/lib/python3.7/site-packages/airflow/example_dags/example_sla_dag.py
[2023-05-26T20:31:06.090+0000] {logging_mixin.py:149} INFO - [2023-05-26T20:31:06.090+0000] {dag.py:2726} INFO - Sync 1 DAGs
[2023-05-26T20:31:06.123+0000] {logging_mixin.py:149} INFO - [2023-05-26T20:31:06.123+0000] {dag.py:3490} INFO - Setting next_dagrun for example_sla_dag to 2023-05-26T20:28:00+00:00, run_after=2023-05-26T20:30:00+00:00
[2023-05-26T20:31:06.148+0000] {processor.py:179} INFO - Processing /home/airflow/.local/lib/python3.7/site-packages/airflow/example_dags/example_sla_dag.py took 0.125 seconds
[2023-05-26T20:31:36.774+0000] {processor.py:157} INFO - Started process (PID=389) to work on /home/airflow/.local/lib/python3.7/site-packages/airflow/example_dags/example_sla_dag.py
[2023-05-26T20:31:36.776+0000] {processor.py:826} INFO - Processing file /home/airflow/.local/lib/python3.7/site-packages/airflow/example_dags/example_sla_dag.py for tasks to queue
[2023-05-26T20:31:36.777+0000] {logging_mixin.py:149} INFO - [2023-05-26T20:31:36.777+0000] {dagbag.py:541} INFO - Filling up the DagBag from /home/airflow/.local/lib/python3.7/site-packages/airflow/example_dags/example_sla_dag.py
[2023-05-26T20:31:36.786+0000] {processor.py:836} INFO - DAG(s) dict_keys(['example_sla_dag']) retrieved from /home/airflow/.local/lib/python3.7/site-packages/airflow/example_dags/example_sla_dag.py
[2023-05-26T20:31:36.810+0000] {logging_mixin.py:149} INFO - [2023-05-26T20:31:36.810+0000] {dag.py:2726} INFO - Sync 1 DAGs
[2023-05-26T20:31:36.831+0000] {logging_mixin.py:149} INFO - [2023-05-26T20:31:36.831+0000] {dag.py:3490} INFO - Setting next_dagrun for example_sla_dag to 2023-05-26T20:28:00+00:00, run_after=2023-05-26T20:30:00+00:00
[2023-05-26T20:31:36.848+0000] {processor.py:179} INFO - Processing /home/airflow/.local/lib/python3.7/site-packages/airflow/example_dags/example_sla_dag.py took 0.076 seconds
[2023-05-26T20:32:07.166+0000] {processor.py:157} INFO - Started process (PID=445) to work on /home/airflow/.local/lib/python3.7/site-packages/airflow/example_dags/example_sla_dag.py
[2023-05-26T20:32:07.168+0000] {processor.py:826} INFO - Processing file /home/airflow/.local/lib/python3.7/site-packages/airflow/example_dags/example_sla_dag.py for tasks to queue
[2023-05-26T20:32:07.168+0000] {logging_mixin.py:149} INFO - [2023-05-26T20:32:07.168+0000] {dagbag.py:541} INFO - Filling up the DagBag from /home/airflow/.local/lib/python3.7/site-packages/airflow/example_dags/example_sla_dag.py
[2023-05-26T20:32:07.175+0000] {processor.py:836} INFO - DAG(s) dict_keys(['example_sla_dag']) retrieved from /home/airflow/.local/lib/python3.7/site-packages/airflow/example_dags/example_sla_dag.py
[2023-05-26T20:32:07.195+0000] {logging_mixin.py:149} INFO - [2023-05-26T20:32:07.195+0000] {dag.py:2726} INFO - Sync 1 DAGs
[2023-05-26T20:32:07.212+0000] {logging_mixin.py:149} INFO - [2023-05-26T20:32:07.211+0000] {dag.py:3490} INFO - Setting next_dagrun for example_sla_dag to 2023-05-26T20:30:00+00:00, run_after=2023-05-26T20:32:00+00:00
[2023-05-26T20:32:07.223+0000] {processor.py:179} INFO - Processing /home/airflow/.local/lib/python3.7/site-packages/airflow/example_dags/example_sla_dag.py took 0.060 seconds
[2023-05-26T20:32:37.624+0000] {processor.py:157} INFO - Started process (PID=501) to work on /home/airflow/.local/lib/python3.7/site-packages/airflow/example_dags/example_sla_dag.py
[2023-05-26T20:32:37.626+0000] {processor.py:826} INFO - Processing file /home/airflow/.local/lib/python3.7/site-packages/airflow/example_dags/example_sla_dag.py for tasks to queue
[2023-05-26T20:32:37.627+0000] {logging_mixin.py:149} INFO - [2023-05-26T20:32:37.627+0000] {dagbag.py:541} INFO - Filling up the DagBag from /home/airflow/.local/lib/python3.7/site-packages/airflow/example_dags/example_sla_dag.py
[2023-05-26T20:32:37.633+0000] {processor.py:836} INFO - DAG(s) dict_keys(['example_sla_dag']) retrieved from /home/airflow/.local/lib/python3.7/site-packages/airflow/example_dags/example_sla_dag.py
[2023-05-26T20:32:37.653+0000] {logging_mixin.py:149} INFO - [2023-05-26T20:32:37.653+0000] {dag.py:2726} INFO - Sync 1 DAGs
[2023-05-26T20:32:37.671+0000] {logging_mixin.py:149} INFO - [2023-05-26T20:32:37.670+0000] {dag.py:3490} INFO - Setting next_dagrun for example_sla_dag to 2023-05-26T20:30:00+00:00, run_after=2023-05-26T20:32:00+00:00
[2023-05-26T20:32:37.682+0000] {processor.py:179} INFO - Processing /home/airflow/.local/lib/python3.7/site-packages/airflow/example_dags/example_sla_dag.py took 0.060 seconds
[2023-05-26T20:33:08.054+0000] {processor.py:157} INFO - Started process (PID=557) to work on /home/airflow/.local/lib/python3.7/site-packages/airflow/example_dags/example_sla_dag.py
[2023-05-26T20:33:08.055+0000] {processor.py:826} INFO - Processing file /home/airflow/.local/lib/python3.7/site-packages/airflow/example_dags/example_sla_dag.py for tasks to queue
[2023-05-26T20:33:08.056+0000] {logging_mixin.py:149} INFO - [2023-05-26T20:33:08.056+0000] {dagbag.py:541} INFO - Filling up the DagBag from /home/airflow/.local/lib/python3.7/site-packages/airflow/example_dags/example_sla_dag.py
[2023-05-26T20:33:08.063+0000] {processor.py:836} INFO - DAG(s) dict_keys(['example_sla_dag']) retrieved from /home/airflow/.local/lib/python3.7/site-packages/airflow/example_dags/example_sla_dag.py
[2023-05-26T20:33:08.082+0000] {logging_mixin.py:149} INFO - [2023-05-26T20:33:08.081+0000] {dag.py:2726} INFO - Sync 1 DAGs
[2023-05-26T20:33:08.100+0000] {logging_mixin.py:149} INFO - [2023-05-26T20:33:08.100+0000] {dag.py:3490} INFO - Setting next_dagrun for example_sla_dag to 2023-05-26T20:30:00+00:00, run_after=2023-05-26T20:32:00+00:00
[2023-05-26T20:33:08.111+0000] {processor.py:179} INFO - Processing /home/airflow/.local/lib/python3.7/site-packages/airflow/example_dags/example_sla_dag.py took 0.060 seconds
[2023-05-26T20:33:38.590+0000] {processor.py:157} INFO - Started process (PID=613) to work on /home/airflow/.local/lib/python3.7/site-packages/airflow/example_dags/example_sla_dag.py
[2023-05-26T20:33:38.592+0000] {processor.py:826} INFO - Processing file /home/airflow/.local/lib/python3.7/site-packages/airflow/example_dags/example_sla_dag.py for tasks to queue
[2023-05-26T20:33:38.593+0000] {logging_mixin.py:149} INFO - [2023-05-26T20:33:38.593+0000] {dagbag.py:541} INFO - Filling up the DagBag from /home/airflow/.local/lib/python3.7/site-packages/airflow/example_dags/example_sla_dag.py
[2023-05-26T20:33:38.600+0000] {processor.py:836} INFO - DAG(s) dict_keys(['example_sla_dag']) retrieved from /home/airflow/.local/lib/python3.7/site-packages/airflow/example_dags/example_sla_dag.py
[2023-05-26T20:33:38.619+0000] {logging_mixin.py:149} INFO - [2023-05-26T20:33:38.619+0000] {dag.py:2726} INFO - Sync 1 DAGs
[2023-05-26T20:33:38.637+0000] {logging_mixin.py:149} INFO - [2023-05-26T20:33:38.637+0000] {dag.py:3490} INFO - Setting next_dagrun for example_sla_dag to 2023-05-26T20:30:00+00:00, run_after=2023-05-26T20:32:00+00:00
[2023-05-26T20:33:38.652+0000] {processor.py:179} INFO - Processing /home/airflow/.local/lib/python3.7/site-packages/airflow/example_dags/example_sla_dag.py took 0.064 seconds
[2023-05-26T20:34:09.063+0000] {processor.py:157} INFO - Started process (PID=669) to work on /home/airflow/.local/lib/python3.7/site-packages/airflow/example_dags/example_sla_dag.py
[2023-05-26T20:34:09.064+0000] {processor.py:826} INFO - Processing file /home/airflow/.local/lib/python3.7/site-packages/airflow/example_dags/example_sla_dag.py for tasks to queue
[2023-05-26T20:34:09.066+0000] {logging_mixin.py:149} INFO - [2023-05-26T20:34:09.066+0000] {dagbag.py:541} INFO - Filling up the DagBag from /home/airflow/.local/lib/python3.7/site-packages/airflow/example_dags/example_sla_dag.py
[2023-05-26T20:34:09.072+0000] {processor.py:836} INFO - DAG(s) dict_keys(['example_sla_dag']) retrieved from /home/airflow/.local/lib/python3.7/site-packages/airflow/example_dags/example_sla_dag.py
[2023-05-26T20:34:09.092+0000] {logging_mixin.py:149} INFO - [2023-05-26T20:34:09.092+0000] {dag.py:2726} INFO - Sync 1 DAGs
[2023-05-26T20:34:09.111+0000] {logging_mixin.py:149} INFO - [2023-05-26T20:34:09.111+0000] {dag.py:3490} INFO - Setting next_dagrun for example_sla_dag to 2023-05-26T20:32:00+00:00, run_after=2023-05-26T20:34:00+00:00
[2023-05-26T20:34:09.124+0000] {processor.py:179} INFO - Processing /home/airflow/.local/lib/python3.7/site-packages/airflow/example_dags/example_sla_dag.py took 0.066 seconds
[2023-05-26T20:34:39.548+0000] {processor.py:157} INFO - Started process (PID=725) to work on /home/airflow/.local/lib/python3.7/site-packages/airflow/example_dags/example_sla_dag.py
[2023-05-26T20:34:39.549+0000] {processor.py:826} INFO - Processing file /home/airflow/.local/lib/python3.7/site-packages/airflow/example_dags/example_sla_dag.py for tasks to queue
[2023-05-26T20:34:39.550+0000] {logging_mixin.py:149} INFO - [2023-05-26T20:34:39.550+0000] {dagbag.py:541} INFO - Filling up the DagBag from /home/airflow/.local/lib/python3.7/site-packages/airflow/example_dags/example_sla_dag.py
[2023-05-26T20:34:39.557+0000] {processor.py:836} INFO - DAG(s) dict_keys(['example_sla_dag']) retrieved from /home/airflow/.local/lib/python3.7/site-packages/airflow/example_dags/example_sla_dag.py
[2023-05-26T20:34:39.576+0000] {logging_mixin.py:149} INFO - [2023-05-26T20:34:39.576+0000] {dag.py:2726} INFO - Sync 1 DAGs
[2023-05-26T20:34:39.594+0000] {logging_mixin.py:149} INFO - [2023-05-26T20:34:39.594+0000] {dag.py:3490} INFO - Setting next_dagrun for example_sla_dag to 2023-05-26T20:32:00+00:00, run_after=2023-05-26T20:34:00+00:00
[2023-05-26T20:34:39.605+0000] {processor.py:179} INFO - Processing /home/airflow/.local/lib/python3.7/site-packages/airflow/example_dags/example_sla_dag.py took 0.060 seconds
[2023-05-26T20:35:09.924+0000] {processor.py:157} INFO - Started process (PID=782) to work on /home/airflow/.local/lib/python3.7/site-packages/airflow/example_dags/example_sla_dag.py
[2023-05-26T20:35:09.926+0000] {processor.py:826} INFO - Processing file /home/airflow/.local/lib/python3.7/site-packages/airflow/example_dags/example_sla_dag.py for tasks to queue
[2023-05-26T20:35:09.927+0000] {logging_mixin.py:149} INFO - [2023-05-26T20:35:09.927+0000] {dagbag.py:541} INFO - Filling up the DagBag from /home/airflow/.local/lib/python3.7/site-packages/airflow/example_dags/example_sla_dag.py
[2023-05-26T20:35:09.933+0000] {processor.py:836} INFO - DAG(s) dict_keys(['example_sla_dag']) retrieved from /home/airflow/.local/lib/python3.7/site-packages/airflow/example_dags/example_sla_dag.py
[2023-05-26T20:35:09.953+0000] {logging_mixin.py:149} INFO - [2023-05-26T20:35:09.953+0000] {dag.py:2726} INFO - Sync 1 DAGs
[2023-05-26T20:35:09.970+0000] {logging_mixin.py:149} INFO - [2023-05-26T20:35:09.970+0000] {dag.py:3490} INFO - Setting next_dagrun for example_sla_dag to 2023-05-26T20:32:00+00:00, run_after=2023-05-26T20:34:00+00:00
[2023-05-26T20:35:09.981+0000] {processor.py:179} INFO - Processing /home/airflow/.local/lib/python3.7/site-packages/airflow/example_dags/example_sla_dag.py took 0.059 seconds
[2023-05-26T20:35:40.446+0000] {processor.py:157} INFO - Started process (PID=838) to work on /home/airflow/.local/lib/python3.7/site-packages/airflow/example_dags/example_sla_dag.py
[2023-05-26T20:35:40.448+0000] {processor.py:826} INFO - Processing file /home/airflow/.local/lib/python3.7/site-packages/airflow/example_dags/example_sla_dag.py for tasks to queue
[2023-05-26T20:35:40.449+0000] {logging_mixin.py:149} INFO - [2023-05-26T20:35:40.448+0000] {dagbag.py:541} INFO - Filling up the DagBag from /home/airflow/.local/lib/python3.7/site-packages/airflow/example_dags/example_sla_dag.py
[2023-05-26T20:35:40.458+0000] {processor.py:836} INFO - DAG(s) dict_keys(['example_sla_dag']) retrieved from /home/airflow/.local/lib/python3.7/site-packages/airflow/example_dags/example_sla_dag.py
[2023-05-26T20:35:40.482+0000] {logging_mixin.py:149} INFO - [2023-05-26T20:35:40.482+0000] {dag.py:2726} INFO - Sync 1 DAGs
[2023-05-26T20:35:40.502+0000] {logging_mixin.py:149} INFO - [2023-05-26T20:35:40.502+0000] {dag.py:3490} INFO - Setting next_dagrun for example_sla_dag to 2023-05-26T20:32:00+00:00, run_after=2023-05-26T20:34:00+00:00
[2023-05-26T20:35:40.514+0000] {processor.py:179} INFO - Processing /home/airflow/.local/lib/python3.7/site-packages/airflow/example_dags/example_sla_dag.py took 0.072 seconds
[2023-05-26T20:36:10.812+0000] {processor.py:157} INFO - Started process (PID=894) to work on /home/airflow/.local/lib/python3.7/site-packages/airflow/example_dags/example_sla_dag.py
[2023-05-26T20:36:10.815+0000] {processor.py:826} INFO - Processing file /home/airflow/.local/lib/python3.7/site-packages/airflow/example_dags/example_sla_dag.py for tasks to queue
[2023-05-26T20:36:10.816+0000] {logging_mixin.py:149} INFO - [2023-05-26T20:36:10.816+0000] {dagbag.py:541} INFO - Filling up the DagBag from /home/airflow/.local/lib/python3.7/site-packages/airflow/example_dags/example_sla_dag.py
[2023-05-26T20:36:10.822+0000] {processor.py:836} INFO - DAG(s) dict_keys(['example_sla_dag']) retrieved from /home/airflow/.local/lib/python3.7/site-packages/airflow/example_dags/example_sla_dag.py
[2023-05-26T20:36:10.842+0000] {logging_mixin.py:149} INFO - [2023-05-26T20:36:10.842+0000] {dag.py:2726} INFO - Sync 1 DAGs
[2023-05-26T20:36:10.860+0000] {logging_mixin.py:149} INFO - [2023-05-26T20:36:10.860+0000] {dag.py:3490} INFO - Setting next_dagrun for example_sla_dag to 2023-05-26T20:34:00+00:00, run_after=2023-05-26T20:36:00+00:00
[2023-05-26T20:36:10.874+0000] {processor.py:179} INFO - Processing /home/airflow/.local/lib/python3.7/site-packages/airflow/example_dags/example_sla_dag.py took 0.065 seconds
[2023-05-26T20:36:41.138+0000] {processor.py:157} INFO - Started process (PID=950) to work on /home/airflow/.local/lib/python3.7/site-packages/airflow/example_dags/example_sla_dag.py
[2023-05-26T20:36:41.139+0000] {processor.py:826} INFO - Processing file /home/airflow/.local/lib/python3.7/site-packages/airflow/example_dags/example_sla_dag.py for tasks to queue
[2023-05-26T20:36:41.140+0000] {logging_mixin.py:149} INFO - [2023-05-26T20:36:41.140+0000] {dagbag.py:541} INFO - Filling up the DagBag from /home/airflow/.local/lib/python3.7/site-packages/airflow/example_dags/example_sla_dag.py
[2023-05-26T20:36:41.146+0000] {processor.py:836} INFO - DAG(s) dict_keys(['example_sla_dag']) retrieved from /home/airflow/.local/lib/python3.7/site-packages/airflow/example_dags/example_sla_dag.py
[2023-05-26T20:36:41.167+0000] {logging_mixin.py:149} INFO - [2023-05-26T20:36:41.167+0000] {dag.py:2726} INFO - Sync 1 DAGs
[2023-05-26T20:36:41.184+0000] {logging_mixin.py:149} INFO - [2023-05-26T20:36:41.184+0000] {dag.py:3490} INFO - Setting next_dagrun for example_sla_dag to 2023-05-26T20:34:00+00:00, run_after=2023-05-26T20:36:00+00:00
[2023-05-26T20:36:41.198+0000] {processor.py:179} INFO - Processing /home/airflow/.local/lib/python3.7/site-packages/airflow/example_dags/example_sla_dag.py took 0.064 seconds
[2023-05-26T20:37:11.482+0000] {processor.py:157} INFO - Started process (PID=1006) to work on /home/airflow/.local/lib/python3.7/site-packages/airflow/example_dags/example_sla_dag.py
[2023-05-26T20:37:11.483+0000] {processor.py:826} INFO - Processing file /home/airflow/.local/lib/python3.7/site-packages/airflow/example_dags/example_sla_dag.py for tasks to queue
[2023-05-26T20:37:11.484+0000] {logging_mixin.py:149} INFO - [2023-05-26T20:37:11.484+0000] {dagbag.py:541} INFO - Filling up the DagBag from /home/airflow/.local/lib/python3.7/site-packages/airflow/example_dags/example_sla_dag.py
[2023-05-26T20:37:11.490+0000] {processor.py:836} INFO - DAG(s) dict_keys(['example_sla_dag']) retrieved from /home/airflow/.local/lib/python3.7/site-packages/airflow/example_dags/example_sla_dag.py
[2023-05-26T20:37:11.510+0000] {logging_mixin.py:149} INFO - [2023-05-26T20:37:11.510+0000] {dag.py:2726} INFO - Sync 1 DAGs
[2023-05-26T20:37:11.528+0000] {logging_mixin.py:149} INFO - [2023-05-26T20:37:11.528+0000] {dag.py:3490} INFO - Setting next_dagrun for example_sla_dag to 2023-05-26T20:34:00+00:00, run_after=2023-05-26T20:36:00+00:00
[2023-05-26T20:37:11.538+0000] {processor.py:179} INFO - Processing /home/airflow/.local/lib/python3.7/site-packages/airflow/example_dags/example_sla_dag.py took 0.058 seconds
[2023-05-26T20:37:41.823+0000] {processor.py:157} INFO - Started process (PID=1062) to work on /home/airflow/.local/lib/python3.7/site-packages/airflow/example_dags/example_sla_dag.py
[2023-05-26T20:37:41.825+0000] {processor.py:826} INFO - Processing file /home/airflow/.local/lib/python3.7/site-packages/airflow/example_dags/example_sla_dag.py for tasks to queue
[2023-05-26T20:37:41.827+0000] {logging_mixin.py:149} INFO - [2023-05-26T20:37:41.826+0000] {dagbag.py:541} INFO - Filling up the DagBag from /home/airflow/.local/lib/python3.7/site-packages/airflow/example_dags/example_sla_dag.py
[2023-05-26T20:37:41.834+0000] {processor.py:836} INFO - DAG(s) dict_keys(['example_sla_dag']) retrieved from /home/airflow/.local/lib/python3.7/site-packages/airflow/example_dags/example_sla_dag.py
[2023-05-26T20:37:41.858+0000] {logging_mixin.py:149} INFO - [2023-05-26T20:37:41.858+0000] {dag.py:2726} INFO - Sync 1 DAGs
[2023-05-26T20:37:41.876+0000] {logging_mixin.py:149} INFO - [2023-05-26T20:37:41.876+0000] {dag.py:3490} INFO - Setting next_dagrun for example_sla_dag to 2023-05-26T20:34:00+00:00, run_after=2023-05-26T20:36:00+00:00
[2023-05-26T20:37:41.888+0000] {processor.py:179} INFO - Processing /home/airflow/.local/lib/python3.7/site-packages/airflow/example_dags/example_sla_dag.py took 0.068 seconds
[2023-05-26T20:38:12.113+0000] {processor.py:157} INFO - Started process (PID=1118) to work on /home/airflow/.local/lib/python3.7/site-packages/airflow/example_dags/example_sla_dag.py
[2023-05-26T20:38:12.114+0000] {processor.py:826} INFO - Processing file /home/airflow/.local/lib/python3.7/site-packages/airflow/example_dags/example_sla_dag.py for tasks to queue
[2023-05-26T20:38:12.115+0000] {logging_mixin.py:149} INFO - [2023-05-26T20:38:12.115+0000] {dagbag.py:541} INFO - Filling up the DagBag from /home/airflow/.local/lib/python3.7/site-packages/airflow/example_dags/example_sla_dag.py
[2023-05-26T20:38:12.121+0000] {processor.py:836} INFO - DAG(s) dict_keys(['example_sla_dag']) retrieved from /home/airflow/.local/lib/python3.7/site-packages/airflow/example_dags/example_sla_dag.py
[2023-05-26T20:38:12.139+0000] {logging_mixin.py:149} INFO - [2023-05-26T20:38:12.139+0000] {dag.py:2726} INFO - Sync 1 DAGs
[2023-05-26T20:38:12.157+0000] {logging_mixin.py:149} INFO - [2023-05-26T20:38:12.157+0000] {dag.py:3490} INFO - Setting next_dagrun for example_sla_dag to 2023-05-26T20:36:00+00:00, run_after=2023-05-26T20:38:00+00:00
[2023-05-26T20:38:12.169+0000] {processor.py:179} INFO - Processing /home/airflow/.local/lib/python3.7/site-packages/airflow/example_dags/example_sla_dag.py took 0.058 seconds
[2023-05-26T20:38:42.624+0000] {processor.py:157} INFO - Started process (PID=1175) to work on /home/airflow/.local/lib/python3.7/site-packages/airflow/example_dags/example_sla_dag.py
[2023-05-26T20:38:42.626+0000] {processor.py:826} INFO - Processing file /home/airflow/.local/lib/python3.7/site-packages/airflow/example_dags/example_sla_dag.py for tasks to queue
[2023-05-26T20:38:42.627+0000] {logging_mixin.py:149} INFO - [2023-05-26T20:38:42.627+0000] {dagbag.py:541} INFO - Filling up the DagBag from /home/airflow/.local/lib/python3.7/site-packages/airflow/example_dags/example_sla_dag.py
[2023-05-26T20:38:42.634+0000] {processor.py:836} INFO - DAG(s) dict_keys(['example_sla_dag']) retrieved from /home/airflow/.local/lib/python3.7/site-packages/airflow/example_dags/example_sla_dag.py
[2023-05-26T20:38:42.653+0000] {logging_mixin.py:149} INFO - [2023-05-26T20:38:42.653+0000] {dag.py:2726} INFO - Sync 1 DAGs
[2023-05-26T20:38:42.670+0000] {logging_mixin.py:149} INFO - [2023-05-26T20:38:42.670+0000] {dag.py:3490} INFO - Setting next_dagrun for example_sla_dag to 2023-05-26T20:36:00+00:00, run_after=2023-05-26T20:38:00+00:00
[2023-05-26T20:38:42.681+0000] {processor.py:179} INFO - Processing /home/airflow/.local/lib/python3.7/site-packages/airflow/example_dags/example_sla_dag.py took 0.060 seconds
[2023-05-26T20:39:12.942+0000] {processor.py:157} INFO - Started process (PID=1231) to work on /home/airflow/.local/lib/python3.7/site-packages/airflow/example_dags/example_sla_dag.py
[2023-05-26T20:39:12.943+0000] {processor.py:826} INFO - Processing file /home/airflow/.local/lib/python3.7/site-packages/airflow/example_dags/example_sla_dag.py for tasks to queue
[2023-05-26T20:39:12.944+0000] {logging_mixin.py:149} INFO - [2023-05-26T20:39:12.944+0000] {dagbag.py:541} INFO - Filling up the DagBag from /home/airflow/.local/lib/python3.7/site-packages/airflow/example_dags/example_sla_dag.py
[2023-05-26T20:39:12.951+0000] {processor.py:836} INFO - DAG(s) dict_keys(['example_sla_dag']) retrieved from /home/airflow/.local/lib/python3.7/site-packages/airflow/example_dags/example_sla_dag.py
[2023-05-26T20:39:12.970+0000] {logging_mixin.py:149} INFO - [2023-05-26T20:39:12.970+0000] {dag.py:2726} INFO - Sync 1 DAGs
[2023-05-26T20:39:12.988+0000] {logging_mixin.py:149} INFO - [2023-05-26T20:39:12.988+0000] {dag.py:3490} INFO - Setting next_dagrun for example_sla_dag to 2023-05-26T20:36:00+00:00, run_after=2023-05-26T20:38:00+00:00
[2023-05-26T20:39:13.000+0000] {processor.py:179} INFO - Processing /home/airflow/.local/lib/python3.7/site-packages/airflow/example_dags/example_sla_dag.py took 0.060 seconds
[2023-05-26T20:39:43.198+0000] {processor.py:157} INFO - Started process (PID=1287) to work on /home/airflow/.local/lib/python3.7/site-packages/airflow/example_dags/example_sla_dag.py
[2023-05-26T20:39:43.199+0000] {processor.py:826} INFO - Processing file /home/airflow/.local/lib/python3.7/site-packages/airflow/example_dags/example_sla_dag.py for tasks to queue
[2023-05-26T20:39:43.200+0000] {logging_mixin.py:149} INFO - [2023-05-26T20:39:43.200+0000] {dagbag.py:541} INFO - Filling up the DagBag from /home/airflow/.local/lib/python3.7/site-packages/airflow/example_dags/example_sla_dag.py
[2023-05-26T20:39:43.206+0000] {processor.py:836} INFO - DAG(s) dict_keys(['example_sla_dag']) retrieved from /home/airflow/.local/lib/python3.7/site-packages/airflow/example_dags/example_sla_dag.py
[2023-05-26T20:39:43.225+0000] {logging_mixin.py:149} INFO - [2023-05-26T20:39:43.225+0000] {dag.py:2726} INFO - Sync 1 DAGs
[2023-05-26T20:39:43.244+0000] {logging_mixin.py:149} INFO - [2023-05-26T20:39:43.243+0000] {dag.py:3490} INFO - Setting next_dagrun for example_sla_dag to 2023-05-26T20:36:00+00:00, run_after=2023-05-26T20:38:00+00:00
[2023-05-26T20:39:43.255+0000] {processor.py:179} INFO - Processing /home/airflow/.local/lib/python3.7/site-packages/airflow/example_dags/example_sla_dag.py took 0.060 seconds
[2023-05-26T20:40:13.579+0000] {processor.py:157} INFO - Started process (PID=1344) to work on /home/airflow/.local/lib/python3.7/site-packages/airflow/example_dags/example_sla_dag.py
[2023-05-26T20:40:13.581+0000] {processor.py:826} INFO - Processing file /home/airflow/.local/lib/python3.7/site-packages/airflow/example_dags/example_sla_dag.py for tasks to queue
[2023-05-26T20:40:13.581+0000] {logging_mixin.py:149} INFO - [2023-05-26T20:40:13.581+0000] {dagbag.py:541} INFO - Filling up the DagBag from /home/airflow/.local/lib/python3.7/site-packages/airflow/example_dags/example_sla_dag.py
[2023-05-26T20:40:13.588+0000] {processor.py:836} INFO - DAG(s) dict_keys(['example_sla_dag']) retrieved from /home/airflow/.local/lib/python3.7/site-packages/airflow/example_dags/example_sla_dag.py
[2023-05-26T20:40:13.607+0000] {logging_mixin.py:149} INFO - [2023-05-26T20:40:13.607+0000] {dag.py:2726} INFO - Sync 1 DAGs
[2023-05-26T20:40:13.624+0000] {logging_mixin.py:149} INFO - [2023-05-26T20:40:13.624+0000] {dag.py:3490} INFO - Setting next_dagrun for example_sla_dag to 2023-05-26T20:38:00+00:00, run_after=2023-05-26T20:40:00+00:00
[2023-05-26T20:40:13.635+0000] {processor.py:179} INFO - Processing /home/airflow/.local/lib/python3.7/site-packages/airflow/example_dags/example_sla_dag.py took 0.059 seconds
[2023-05-26T20:40:44.197+0000] {processor.py:157} INFO - Started process (PID=1400) to work on /home/airflow/.local/lib/python3.7/site-packages/airflow/example_dags/example_sla_dag.py
[2023-05-26T20:40:44.198+0000] {processor.py:826} INFO - Processing file /home/airflow/.local/lib/python3.7/site-packages/airflow/example_dags/example_sla_dag.py for tasks to queue
[2023-05-26T20:40:44.199+0000] {logging_mixin.py:149} INFO - [2023-05-26T20:40:44.199+0000] {dagbag.py:541} INFO - Filling up the DagBag from /home/airflow/.local/lib/python3.7/site-packages/airflow/example_dags/example_sla_dag.py
[2023-05-26T20:40:44.205+0000] {processor.py:836} INFO - DAG(s) dict_keys(['example_sla_dag']) retrieved from /home/airflow/.local/lib/python3.7/site-packages/airflow/example_dags/example_sla_dag.py
[2023-05-26T20:40:44.225+0000] {logging_mixin.py:149} INFO - [2023-05-26T20:40:44.225+0000] {dag.py:2726} INFO - Sync 1 DAGs
[2023-05-26T20:40:44.242+0000] {logging_mixin.py:149} INFO - [2023-05-26T20:40:44.242+0000] {dag.py:3490} INFO - Setting next_dagrun for example_sla_dag to 2023-05-26T20:38:00+00:00, run_after=2023-05-26T20:40:00+00:00
[2023-05-26T20:40:44.252+0000] {processor.py:179} INFO - Processing /home/airflow/.local/lib/python3.7/site-packages/airflow/example_dags/example_sla_dag.py took 0.058 seconds
[2023-05-26T20:41:14.574+0000] {processor.py:157} INFO - Started process (PID=1457) to work on /home/airflow/.local/lib/python3.7/site-packages/airflow/example_dags/example_sla_dag.py
[2023-05-26T20:41:14.575+0000] {processor.py:826} INFO - Processing file /home/airflow/.local/lib/python3.7/site-packages/airflow/example_dags/example_sla_dag.py for tasks to queue
[2023-05-26T20:41:14.576+0000] {logging_mixin.py:149} INFO - [2023-05-26T20:41:14.576+0000] {dagbag.py:541} INFO - Filling up the DagBag from /home/airflow/.local/lib/python3.7/site-packages/airflow/example_dags/example_sla_dag.py
[2023-05-26T20:41:14.587+0000] {processor.py:836} INFO - DAG(s) dict_keys(['example_sla_dag']) retrieved from /home/airflow/.local/lib/python3.7/site-packages/airflow/example_dags/example_sla_dag.py
[2023-05-26T20:41:14.609+0000] {logging_mixin.py:149} INFO - [2023-05-26T20:41:14.609+0000] {dag.py:2726} INFO - Sync 1 DAGs
[2023-05-26T20:41:14.628+0000] {logging_mixin.py:149} INFO - [2023-05-26T20:41:14.627+0000] {dag.py:3490} INFO - Setting next_dagrun for example_sla_dag to 2023-05-26T20:38:00+00:00, run_after=2023-05-26T20:40:00+00:00
[2023-05-26T20:41:14.639+0000] {processor.py:179} INFO - Processing /home/airflow/.local/lib/python3.7/site-packages/airflow/example_dags/example_sla_dag.py took 0.068 seconds
[2023-05-26T20:41:44.936+0000] {processor.py:157} INFO - Started process (PID=1513) to work on /home/airflow/.local/lib/python3.7/site-packages/airflow/example_dags/example_sla_dag.py
[2023-05-26T20:41:44.938+0000] {processor.py:826} INFO - Processing file /home/airflow/.local/lib/python3.7/site-packages/airflow/example_dags/example_sla_dag.py for tasks to queue
[2023-05-26T20:41:44.939+0000] {logging_mixin.py:149} INFO - [2023-05-26T20:41:44.938+0000] {dagbag.py:541} INFO - Filling up the DagBag from /home/airflow/.local/lib/python3.7/site-packages/airflow/example_dags/example_sla_dag.py
[2023-05-26T20:41:44.944+0000] {processor.py:836} INFO - DAG(s) dict_keys(['example_sla_dag']) retrieved from /home/airflow/.local/lib/python3.7/site-packages/airflow/example_dags/example_sla_dag.py
[2023-05-26T20:41:44.964+0000] {logging_mixin.py:149} INFO - [2023-05-26T20:41:44.964+0000] {dag.py:2726} INFO - Sync 1 DAGs
[2023-05-26T20:41:44.983+0000] {logging_mixin.py:149} INFO - [2023-05-26T20:41:44.983+0000] {dag.py:3490} INFO - Setting next_dagrun for example_sla_dag to 2023-05-26T20:38:00+00:00, run_after=2023-05-26T20:40:00+00:00
[2023-05-26T20:41:44.995+0000] {processor.py:179} INFO - Processing /home/airflow/.local/lib/python3.7/site-packages/airflow/example_dags/example_sla_dag.py took 0.061 seconds
[2023-05-26T20:42:15.235+0000] {processor.py:157} INFO - Started process (PID=1569) to work on /home/airflow/.local/lib/python3.7/site-packages/airflow/example_dags/example_sla_dag.py
[2023-05-26T20:42:15.237+0000] {processor.py:826} INFO - Processing file /home/airflow/.local/lib/python3.7/site-packages/airflow/example_dags/example_sla_dag.py for tasks to queue
[2023-05-26T20:42:15.238+0000] {logging_mixin.py:149} INFO - [2023-05-26T20:42:15.238+0000] {dagbag.py:541} INFO - Filling up the DagBag from /home/airflow/.local/lib/python3.7/site-packages/airflow/example_dags/example_sla_dag.py
[2023-05-26T20:42:15.246+0000] {processor.py:836} INFO - DAG(s) dict_keys(['example_sla_dag']) retrieved from /home/airflow/.local/lib/python3.7/site-packages/airflow/example_dags/example_sla_dag.py
[2023-05-26T20:42:15.266+0000] {logging_mixin.py:149} INFO - [2023-05-26T20:42:15.266+0000] {dag.py:2726} INFO - Sync 1 DAGs
[2023-05-26T20:42:15.284+0000] {logging_mixin.py:149} INFO - [2023-05-26T20:42:15.284+0000] {dag.py:3490} INFO - Setting next_dagrun for example_sla_dag to 2023-05-26T20:40:00+00:00, run_after=2023-05-26T20:42:00+00:00
[2023-05-26T20:42:15.295+0000] {processor.py:179} INFO - Processing /home/airflow/.local/lib/python3.7/site-packages/airflow/example_dags/example_sla_dag.py took 0.063 seconds
[2023-05-26T20:42:45.772+0000] {processor.py:157} INFO - Started process (PID=1625) to work on /home/airflow/.local/lib/python3.7/site-packages/airflow/example_dags/example_sla_dag.py
[2023-05-26T20:42:45.773+0000] {processor.py:826} INFO - Processing file /home/airflow/.local/lib/python3.7/site-packages/airflow/example_dags/example_sla_dag.py for tasks to queue
[2023-05-26T20:42:45.774+0000] {logging_mixin.py:149} INFO - [2023-05-26T20:42:45.774+0000] {dagbag.py:541} INFO - Filling up the DagBag from /home/airflow/.local/lib/python3.7/site-packages/airflow/example_dags/example_sla_dag.py
[2023-05-26T20:42:45.780+0000] {processor.py:836} INFO - DAG(s) dict_keys(['example_sla_dag']) retrieved from /home/airflow/.local/lib/python3.7/site-packages/airflow/example_dags/example_sla_dag.py
[2023-05-26T20:42:45.798+0000] {logging_mixin.py:149} INFO - [2023-05-26T20:42:45.798+0000] {dag.py:2726} INFO - Sync 1 DAGs
[2023-05-26T20:42:45.814+0000] {logging_mixin.py:149} INFO - [2023-05-26T20:42:45.814+0000] {dag.py:3490} INFO - Setting next_dagrun for example_sla_dag to 2023-05-26T20:40:00+00:00, run_after=2023-05-26T20:42:00+00:00
[2023-05-26T20:42:45.826+0000] {processor.py:179} INFO - Processing /home/airflow/.local/lib/python3.7/site-packages/airflow/example_dags/example_sla_dag.py took 0.057 seconds
[2023-05-26T20:43:16.264+0000] {processor.py:157} INFO - Started process (PID=1681) to work on /home/airflow/.local/lib/python3.7/site-packages/airflow/example_dags/example_sla_dag.py
[2023-05-26T20:43:16.265+0000] {processor.py:826} INFO - Processing file /home/airflow/.local/lib/python3.7/site-packages/airflow/example_dags/example_sla_dag.py for tasks to queue
[2023-05-26T20:43:16.266+0000] {logging_mixin.py:149} INFO - [2023-05-26T20:43:16.266+0000] {dagbag.py:541} INFO - Filling up the DagBag from /home/airflow/.local/lib/python3.7/site-packages/airflow/example_dags/example_sla_dag.py
[2023-05-26T20:43:16.271+0000] {processor.py:836} INFO - DAG(s) dict_keys(['example_sla_dag']) retrieved from /home/airflow/.local/lib/python3.7/site-packages/airflow/example_dags/example_sla_dag.py
[2023-05-26T20:43:16.291+0000] {logging_mixin.py:149} INFO - [2023-05-26T20:43:16.291+0000] {dag.py:2726} INFO - Sync 1 DAGs
[2023-05-26T20:43:16.309+0000] {logging_mixin.py:149} INFO - [2023-05-26T20:43:16.309+0000] {dag.py:3490} INFO - Setting next_dagrun for example_sla_dag to 2023-05-26T20:40:00+00:00, run_after=2023-05-26T20:42:00+00:00
[2023-05-26T20:43:16.320+0000] {processor.py:179} INFO - Processing /home/airflow/.local/lib/python3.7/site-packages/airflow/example_dags/example_sla_dag.py took 0.060 seconds
[2023-05-26T20:43:46.650+0000] {processor.py:157} INFO - Started process (PID=1737) to work on /home/airflow/.local/lib/python3.7/site-packages/airflow/example_dags/example_sla_dag.py
[2023-05-26T20:43:46.651+0000] {processor.py:826} INFO - Processing file /home/airflow/.local/lib/python3.7/site-packages/airflow/example_dags/example_sla_dag.py for tasks to queue
[2023-05-26T20:43:46.652+0000] {logging_mixin.py:149} INFO - [2023-05-26T20:43:46.652+0000] {dagbag.py:541} INFO - Filling up the DagBag from /home/airflow/.local/lib/python3.7/site-packages/airflow/example_dags/example_sla_dag.py
[2023-05-26T20:43:46.659+0000] {processor.py:836} INFO - DAG(s) dict_keys(['example_sla_dag']) retrieved from /home/airflow/.local/lib/python3.7/site-packages/airflow/example_dags/example_sla_dag.py
[2023-05-26T20:43:46.679+0000] {logging_mixin.py:149} INFO - [2023-05-26T20:43:46.678+0000] {dag.py:2726} INFO - Sync 1 DAGs
[2023-05-26T20:43:46.696+0000] {logging_mixin.py:149} INFO - [2023-05-26T20:43:46.695+0000] {dag.py:3490} INFO - Setting next_dagrun for example_sla_dag to 2023-05-26T20:40:00+00:00, run_after=2023-05-26T20:42:00+00:00
[2023-05-26T20:43:46.707+0000] {processor.py:179} INFO - Processing /home/airflow/.local/lib/python3.7/site-packages/airflow/example_dags/example_sla_dag.py took 0.060 seconds
[2023-05-26T20:44:16.944+0000] {processor.py:157} INFO - Started process (PID=1793) to work on /home/airflow/.local/lib/python3.7/site-packages/airflow/example_dags/example_sla_dag.py
[2023-05-26T20:44:16.946+0000] {processor.py:826} INFO - Processing file /home/airflow/.local/lib/python3.7/site-packages/airflow/example_dags/example_sla_dag.py for tasks to queue
[2023-05-26T20:44:16.946+0000] {logging_mixin.py:149} INFO - [2023-05-26T20:44:16.946+0000] {dagbag.py:541} INFO - Filling up the DagBag from /home/airflow/.local/lib/python3.7/site-packages/airflow/example_dags/example_sla_dag.py
[2023-05-26T20:44:16.953+0000] {processor.py:836} INFO - DAG(s) dict_keys(['example_sla_dag']) retrieved from /home/airflow/.local/lib/python3.7/site-packages/airflow/example_dags/example_sla_dag.py
[2023-05-26T20:44:16.971+0000] {logging_mixin.py:149} INFO - [2023-05-26T20:44:16.971+0000] {dag.py:2726} INFO - Sync 1 DAGs
[2023-05-26T20:44:16.990+0000] {logging_mixin.py:149} INFO - [2023-05-26T20:44:16.989+0000] {dag.py:3490} INFO - Setting next_dagrun for example_sla_dag to 2023-05-26T20:42:00+00:00, run_after=2023-05-26T20:44:00+00:00
[2023-05-26T20:44:17.001+0000] {processor.py:179} INFO - Processing /home/airflow/.local/lib/python3.7/site-packages/airflow/example_dags/example_sla_dag.py took 0.060 seconds
[2023-05-26T20:44:47.361+0000] {processor.py:157} INFO - Started process (PID=1850) to work on /home/airflow/.local/lib/python3.7/site-packages/airflow/example_dags/example_sla_dag.py
[2023-05-26T20:44:47.362+0000] {processor.py:826} INFO - Processing file /home/airflow/.local/lib/python3.7/site-packages/airflow/example_dags/example_sla_dag.py for tasks to queue
[2023-05-26T20:44:47.363+0000] {logging_mixin.py:149} INFO - [2023-05-26T20:44:47.363+0000] {dagbag.py:541} INFO - Filling up the DagBag from /home/airflow/.local/lib/python3.7/site-packages/airflow/example_dags/example_sla_dag.py
[2023-05-26T20:44:47.369+0000] {processor.py:836} INFO - DAG(s) dict_keys(['example_sla_dag']) retrieved from /home/airflow/.local/lib/python3.7/site-packages/airflow/example_dags/example_sla_dag.py
[2023-05-26T20:44:47.389+0000] {logging_mixin.py:149} INFO - [2023-05-26T20:44:47.389+0000] {dag.py:2726} INFO - Sync 1 DAGs
[2023-05-26T20:44:47.408+0000] {logging_mixin.py:149} INFO - [2023-05-26T20:44:47.408+0000] {dag.py:3490} INFO - Setting next_dagrun for example_sla_dag to 2023-05-26T20:42:00+00:00, run_after=2023-05-26T20:44:00+00:00
[2023-05-26T20:44:47.419+0000] {processor.py:179} INFO - Processing /home/airflow/.local/lib/python3.7/site-packages/airflow/example_dags/example_sla_dag.py took 0.061 seconds
[2023-05-26T20:45:17.711+0000] {processor.py:157} INFO - Started process (PID=1906) to work on /home/airflow/.local/lib/python3.7/site-packages/airflow/example_dags/example_sla_dag.py
[2023-05-26T20:45:17.713+0000] {processor.py:826} INFO - Processing file /home/airflow/.local/lib/python3.7/site-packages/airflow/example_dags/example_sla_dag.py for tasks to queue
[2023-05-26T20:45:17.714+0000] {logging_mixin.py:149} INFO - [2023-05-26T20:45:17.714+0000] {dagbag.py:541} INFO - Filling up the DagBag from /home/airflow/.local/lib/python3.7/site-packages/airflow/example_dags/example_sla_dag.py
[2023-05-26T20:45:17.721+0000] {processor.py:836} INFO - DAG(s) dict_keys(['example_sla_dag']) retrieved from /home/airflow/.local/lib/python3.7/site-packages/airflow/example_dags/example_sla_dag.py
[2023-05-26T20:45:17.739+0000] {logging_mixin.py:149} INFO - [2023-05-26T20:45:17.739+0000] {dag.py:2726} INFO - Sync 1 DAGs
[2023-05-26T20:45:17.757+0000] {logging_mixin.py:149} INFO - [2023-05-26T20:45:17.757+0000] {dag.py:3490} INFO - Setting next_dagrun for example_sla_dag to 2023-05-26T20:42:00+00:00, run_after=2023-05-26T20:44:00+00:00
[2023-05-26T20:45:17.768+0000] {processor.py:179} INFO - Processing /home/airflow/.local/lib/python3.7/site-packages/airflow/example_dags/example_sla_dag.py took 0.060 seconds
[2023-05-26T20:45:48.145+0000] {processor.py:157} INFO - Started process (PID=1962) to work on /home/airflow/.local/lib/python3.7/site-packages/airflow/example_dags/example_sla_dag.py
[2023-05-26T20:45:48.147+0000] {processor.py:826} INFO - Processing file /home/airflow/.local/lib/python3.7/site-packages/airflow/example_dags/example_sla_dag.py for tasks to queue
[2023-05-26T20:45:48.147+0000] {logging_mixin.py:149} INFO - [2023-05-26T20:45:48.147+0000] {dagbag.py:541} INFO - Filling up the DagBag from /home/airflow/.local/lib/python3.7/site-packages/airflow/example_dags/example_sla_dag.py
[2023-05-26T20:45:48.154+0000] {processor.py:836} INFO - DAG(s) dict_keys(['example_sla_dag']) retrieved from /home/airflow/.local/lib/python3.7/site-packages/airflow/example_dags/example_sla_dag.py
[2023-05-26T20:45:48.173+0000] {logging_mixin.py:149} INFO - [2023-05-26T20:45:48.173+0000] {dag.py:2726} INFO - Sync 1 DAGs
[2023-05-26T20:45:48.190+0000] {logging_mixin.py:149} INFO - [2023-05-26T20:45:48.190+0000] {dag.py:3490} INFO - Setting next_dagrun for example_sla_dag to 2023-05-26T20:42:00+00:00, run_after=2023-05-26T20:44:00+00:00
[2023-05-26T20:45:48.201+0000] {processor.py:179} INFO - Processing /home/airflow/.local/lib/python3.7/site-packages/airflow/example_dags/example_sla_dag.py took 0.059 seconds
[2023-05-26T20:46:18.789+0000] {processor.py:157} INFO - Started process (PID=2018) to work on /home/airflow/.local/lib/python3.7/site-packages/airflow/example_dags/example_sla_dag.py
[2023-05-26T20:46:18.791+0000] {processor.py:826} INFO - Processing file /home/airflow/.local/lib/python3.7/site-packages/airflow/example_dags/example_sla_dag.py for tasks to queue
[2023-05-26T20:46:18.792+0000] {logging_mixin.py:149} INFO - [2023-05-26T20:46:18.792+0000] {dagbag.py:541} INFO - Filling up the DagBag from /home/airflow/.local/lib/python3.7/site-packages/airflow/example_dags/example_sla_dag.py
[2023-05-26T20:46:18.798+0000] {processor.py:836} INFO - DAG(s) dict_keys(['example_sla_dag']) retrieved from /home/airflow/.local/lib/python3.7/site-packages/airflow/example_dags/example_sla_dag.py
[2023-05-26T20:46:18.819+0000] {logging_mixin.py:149} INFO - [2023-05-26T20:46:18.819+0000] {dag.py:2726} INFO - Sync 1 DAGs
[2023-05-26T20:46:18.837+0000] {logging_mixin.py:149} INFO - [2023-05-26T20:46:18.837+0000] {dag.py:3490} INFO - Setting next_dagrun for example_sla_dag to 2023-05-26T20:44:00+00:00, run_after=2023-05-26T20:46:00+00:00
[2023-05-26T20:46:18.849+0000] {processor.py:179} INFO - Processing /home/airflow/.local/lib/python3.7/site-packages/airflow/example_dags/example_sla_dag.py took 0.063 seconds
[2023-05-26T20:46:49.380+0000] {processor.py:157} INFO - Started process (PID=2074) to work on /home/airflow/.local/lib/python3.7/site-packages/airflow/example_dags/example_sla_dag.py
[2023-05-26T20:46:49.384+0000] {processor.py:826} INFO - Processing file /home/airflow/.local/lib/python3.7/site-packages/airflow/example_dags/example_sla_dag.py for tasks to queue
[2023-05-26T20:46:49.385+0000] {logging_mixin.py:149} INFO - [2023-05-26T20:46:49.385+0000] {dagbag.py:541} INFO - Filling up the DagBag from /home/airflow/.local/lib/python3.7/site-packages/airflow/example_dags/example_sla_dag.py
[2023-05-26T20:46:49.392+0000] {processor.py:836} INFO - DAG(s) dict_keys(['example_sla_dag']) retrieved from /home/airflow/.local/lib/python3.7/site-packages/airflow/example_dags/example_sla_dag.py
[2023-05-26T20:46:49.412+0000] {logging_mixin.py:149} INFO - [2023-05-26T20:46:49.411+0000] {dag.py:2726} INFO - Sync 1 DAGs
[2023-05-26T20:46:49.429+0000] {logging_mixin.py:149} INFO - [2023-05-26T20:46:49.429+0000] {dag.py:3490} INFO - Setting next_dagrun for example_sla_dag to 2023-05-26T20:44:00+00:00, run_after=2023-05-26T20:46:00+00:00
[2023-05-26T20:46:49.441+0000] {processor.py:179} INFO - Processing /home/airflow/.local/lib/python3.7/site-packages/airflow/example_dags/example_sla_dag.py took 0.064 seconds
[2023-05-26T20:47:20.103+0000] {processor.py:157} INFO - Started process (PID=2130) to work on /home/airflow/.local/lib/python3.7/site-packages/airflow/example_dags/example_sla_dag.py
[2023-05-26T20:47:20.106+0000] {processor.py:826} INFO - Processing file /home/airflow/.local/lib/python3.7/site-packages/airflow/example_dags/example_sla_dag.py for tasks to queue
[2023-05-26T20:47:20.109+0000] {logging_mixin.py:149} INFO - [2023-05-26T20:47:20.109+0000] {dagbag.py:541} INFO - Filling up the DagBag from /home/airflow/.local/lib/python3.7/site-packages/airflow/example_dags/example_sla_dag.py
[2023-05-26T20:47:20.115+0000] {processor.py:836} INFO - DAG(s) dict_keys(['example_sla_dag']) retrieved from /home/airflow/.local/lib/python3.7/site-packages/airflow/example_dags/example_sla_dag.py
[2023-05-26T20:47:20.135+0000] {logging_mixin.py:149} INFO - [2023-05-26T20:47:20.134+0000] {dag.py:2726} INFO - Sync 1 DAGs
[2023-05-26T20:47:20.152+0000] {logging_mixin.py:149} INFO - [2023-05-26T20:47:20.152+0000] {dag.py:3490} INFO - Setting next_dagrun for example_sla_dag to 2023-05-26T20:44:00+00:00, run_after=2023-05-26T20:46:00+00:00
[2023-05-26T20:47:20.164+0000] {processor.py:179} INFO - Processing /home/airflow/.local/lib/python3.7/site-packages/airflow/example_dags/example_sla_dag.py took 0.064 seconds
[2023-05-26T20:47:50.791+0000] {processor.py:157} INFO - Started process (PID=2186) to work on /home/airflow/.local/lib/python3.7/site-packages/airflow/example_dags/example_sla_dag.py
[2023-05-26T20:47:50.792+0000] {processor.py:826} INFO - Processing file /home/airflow/.local/lib/python3.7/site-packages/airflow/example_dags/example_sla_dag.py for tasks to queue
[2023-05-26T20:47:50.793+0000] {logging_mixin.py:149} INFO - [2023-05-26T20:47:50.793+0000] {dagbag.py:541} INFO - Filling up the DagBag from /home/airflow/.local/lib/python3.7/site-packages/airflow/example_dags/example_sla_dag.py
[2023-05-26T20:47:50.800+0000] {processor.py:836} INFO - DAG(s) dict_keys(['example_sla_dag']) retrieved from /home/airflow/.local/lib/python3.7/site-packages/airflow/example_dags/example_sla_dag.py
[2023-05-26T20:47:50.821+0000] {logging_mixin.py:149} INFO - [2023-05-26T20:47:50.821+0000] {dag.py:2726} INFO - Sync 1 DAGs
[2023-05-26T20:47:50.842+0000] {logging_mixin.py:149} INFO - [2023-05-26T20:47:50.842+0000] {dag.py:3490} INFO - Setting next_dagrun for example_sla_dag to 2023-05-26T20:44:00+00:00, run_after=2023-05-26T20:46:00+00:00
[2023-05-26T20:47:50.865+0000] {processor.py:179} INFO - Processing /home/airflow/.local/lib/python3.7/site-packages/airflow/example_dags/example_sla_dag.py took 0.078 seconds
[2023-05-26T20:48:21.191+0000] {processor.py:157} INFO - Started process (PID=2242) to work on /home/airflow/.local/lib/python3.7/site-packages/airflow/example_dags/example_sla_dag.py
[2023-05-26T20:48:21.193+0000] {processor.py:826} INFO - Processing file /home/airflow/.local/lib/python3.7/site-packages/airflow/example_dags/example_sla_dag.py for tasks to queue
[2023-05-26T20:48:21.193+0000] {logging_mixin.py:149} INFO - [2023-05-26T20:48:21.193+0000] {dagbag.py:541} INFO - Filling up the DagBag from /home/airflow/.local/lib/python3.7/site-packages/airflow/example_dags/example_sla_dag.py
[2023-05-26T20:48:21.199+0000] {processor.py:836} INFO - DAG(s) dict_keys(['example_sla_dag']) retrieved from /home/airflow/.local/lib/python3.7/site-packages/airflow/example_dags/example_sla_dag.py
[2023-05-26T20:48:21.219+0000] {logging_mixin.py:149} INFO - [2023-05-26T20:48:21.219+0000] {dag.py:2726} INFO - Sync 1 DAGs
[2023-05-26T20:48:21.236+0000] {logging_mixin.py:149} INFO - [2023-05-26T20:48:21.236+0000] {dag.py:3490} INFO - Setting next_dagrun for example_sla_dag to 2023-05-26T20:46:00+00:00, run_after=2023-05-26T20:48:00+00:00
[2023-05-26T20:48:21.248+0000] {processor.py:179} INFO - Processing /home/airflow/.local/lib/python3.7/site-packages/airflow/example_dags/example_sla_dag.py took 0.060 seconds
[2023-05-26T20:48:51.831+0000] {processor.py:157} INFO - Started process (PID=2299) to work on /home/airflow/.local/lib/python3.7/site-packages/airflow/example_dags/example_sla_dag.py
[2023-05-26T20:48:51.833+0000] {processor.py:826} INFO - Processing file /home/airflow/.local/lib/python3.7/site-packages/airflow/example_dags/example_sla_dag.py for tasks to queue
[2023-05-26T20:48:51.834+0000] {logging_mixin.py:149} INFO - [2023-05-26T20:48:51.834+0000] {dagbag.py:541} INFO - Filling up the DagBag from /home/airflow/.local/lib/python3.7/site-packages/airflow/example_dags/example_sla_dag.py
[2023-05-26T20:48:51.841+0000] {processor.py:836} INFO - DAG(s) dict_keys(['example_sla_dag']) retrieved from /home/airflow/.local/lib/python3.7/site-packages/airflow/example_dags/example_sla_dag.py
[2023-05-26T20:48:51.860+0000] {logging_mixin.py:149} INFO - [2023-05-26T20:48:51.860+0000] {dag.py:2726} INFO - Sync 1 DAGs
[2023-05-26T20:48:51.878+0000] {logging_mixin.py:149} INFO - [2023-05-26T20:48:51.878+0000] {dag.py:3490} INFO - Setting next_dagrun for example_sla_dag to 2023-05-26T20:46:00+00:00, run_after=2023-05-26T20:48:00+00:00
[2023-05-26T20:48:51.895+0000] {processor.py:179} INFO - Processing /home/airflow/.local/lib/python3.7/site-packages/airflow/example_dags/example_sla_dag.py took 0.066 seconds
[2023-05-26T20:49:22.542+0000] {processor.py:157} INFO - Started process (PID=2354) to work on /home/airflow/.local/lib/python3.7/site-packages/airflow/example_dags/example_sla_dag.py
[2023-05-26T20:49:22.544+0000] {processor.py:826} INFO - Processing file /home/airflow/.local/lib/python3.7/site-packages/airflow/example_dags/example_sla_dag.py for tasks to queue
[2023-05-26T20:49:22.546+0000] {logging_mixin.py:149} INFO - [2023-05-26T20:49:22.546+0000] {dagbag.py:541} INFO - Filling up the DagBag from /home/airflow/.local/lib/python3.7/site-packages/airflow/example_dags/example_sla_dag.py
[2023-05-26T20:49:22.553+0000] {processor.py:836} INFO - DAG(s) dict_keys(['example_sla_dag']) retrieved from /home/airflow/.local/lib/python3.7/site-packages/airflow/example_dags/example_sla_dag.py
[2023-05-26T20:49:22.574+0000] {logging_mixin.py:149} INFO - [2023-05-26T20:49:22.574+0000] {dag.py:2726} INFO - Sync 1 DAGs
[2023-05-26T20:49:22.593+0000] {logging_mixin.py:149} INFO - [2023-05-26T20:49:22.593+0000] {dag.py:3490} INFO - Setting next_dagrun for example_sla_dag to 2023-05-26T20:46:00+00:00, run_after=2023-05-26T20:48:00+00:00
[2023-05-26T20:49:22.604+0000] {processor.py:179} INFO - Processing /home/airflow/.local/lib/python3.7/site-packages/airflow/example_dags/example_sla_dag.py took 0.065 seconds
[2023-05-26T20:49:53.030+0000] {processor.py:157} INFO - Started process (PID=2410) to work on /home/airflow/.local/lib/python3.7/site-packages/airflow/example_dags/example_sla_dag.py
[2023-05-26T20:49:53.032+0000] {processor.py:826} INFO - Processing file /home/airflow/.local/lib/python3.7/site-packages/airflow/example_dags/example_sla_dag.py for tasks to queue
[2023-05-26T20:49:53.033+0000] {logging_mixin.py:149} INFO - [2023-05-26T20:49:53.033+0000] {dagbag.py:541} INFO - Filling up the DagBag from /home/airflow/.local/lib/python3.7/site-packages/airflow/example_dags/example_sla_dag.py
[2023-05-26T20:49:53.039+0000] {processor.py:836} INFO - DAG(s) dict_keys(['example_sla_dag']) retrieved from /home/airflow/.local/lib/python3.7/site-packages/airflow/example_dags/example_sla_dag.py
[2023-05-26T20:49:53.058+0000] {logging_mixin.py:149} INFO - [2023-05-26T20:49:53.058+0000] {dag.py:2726} INFO - Sync 1 DAGs
[2023-05-26T20:49:53.077+0000] {logging_mixin.py:149} INFO - [2023-05-26T20:49:53.077+0000] {dag.py:3490} INFO - Setting next_dagrun for example_sla_dag to 2023-05-26T20:46:00+00:00, run_after=2023-05-26T20:48:00+00:00
[2023-05-26T20:49:53.089+0000] {processor.py:179} INFO - Processing /home/airflow/.local/lib/python3.7/site-packages/airflow/example_dags/example_sla_dag.py took 0.062 seconds
[2023-05-26T20:50:23.645+0000] {processor.py:157} INFO - Started process (PID=2466) to work on /home/airflow/.local/lib/python3.7/site-packages/airflow/example_dags/example_sla_dag.py
[2023-05-26T20:50:23.648+0000] {processor.py:826} INFO - Processing file /home/airflow/.local/lib/python3.7/site-packages/airflow/example_dags/example_sla_dag.py for tasks to queue
[2023-05-26T20:50:23.649+0000] {logging_mixin.py:149} INFO - [2023-05-26T20:50:23.649+0000] {dagbag.py:541} INFO - Filling up the DagBag from /home/airflow/.local/lib/python3.7/site-packages/airflow/example_dags/example_sla_dag.py
[2023-05-26T20:50:23.656+0000] {processor.py:836} INFO - DAG(s) dict_keys(['example_sla_dag']) retrieved from /home/airflow/.local/lib/python3.7/site-packages/airflow/example_dags/example_sla_dag.py
[2023-05-26T20:50:23.678+0000] {logging_mixin.py:149} INFO - [2023-05-26T20:50:23.678+0000] {dag.py:2726} INFO - Sync 1 DAGs
[2023-05-26T20:50:23.697+0000] {logging_mixin.py:149} INFO - [2023-05-26T20:50:23.697+0000] {dag.py:3490} INFO - Setting next_dagrun for example_sla_dag to 2023-05-26T20:48:00+00:00, run_after=2023-05-26T20:50:00+00:00
[2023-05-26T20:50:23.709+0000] {processor.py:179} INFO - Processing /home/airflow/.local/lib/python3.7/site-packages/airflow/example_dags/example_sla_dag.py took 0.067 seconds
[2023-05-26T20:50:53.930+0000] {processor.py:157} INFO - Started process (PID=2523) to work on /home/airflow/.local/lib/python3.7/site-packages/airflow/example_dags/example_sla_dag.py
[2023-05-26T20:50:53.931+0000] {processor.py:826} INFO - Processing file /home/airflow/.local/lib/python3.7/site-packages/airflow/example_dags/example_sla_dag.py for tasks to queue
[2023-05-26T20:50:53.932+0000] {logging_mixin.py:149} INFO - [2023-05-26T20:50:53.932+0000] {dagbag.py:541} INFO - Filling up the DagBag from /home/airflow/.local/lib/python3.7/site-packages/airflow/example_dags/example_sla_dag.py
[2023-05-26T20:50:53.938+0000] {processor.py:836} INFO - DAG(s) dict_keys(['example_sla_dag']) retrieved from /home/airflow/.local/lib/python3.7/site-packages/airflow/example_dags/example_sla_dag.py
[2023-05-26T20:50:53.959+0000] {logging_mixin.py:149} INFO - [2023-05-26T20:50:53.958+0000] {dag.py:2726} INFO - Sync 1 DAGs
[2023-05-26T20:50:53.976+0000] {logging_mixin.py:149} INFO - [2023-05-26T20:50:53.976+0000] {dag.py:3490} INFO - Setting next_dagrun for example_sla_dag to 2023-05-26T20:48:00+00:00, run_after=2023-05-26T20:50:00+00:00
[2023-05-26T20:50:53.988+0000] {processor.py:179} INFO - Processing /home/airflow/.local/lib/python3.7/site-packages/airflow/example_dags/example_sla_dag.py took 0.062 seconds
[2023-05-26T20:51:24.404+0000] {processor.py:157} INFO - Started process (PID=2579) to work on /home/airflow/.local/lib/python3.7/site-packages/airflow/example_dags/example_sla_dag.py
[2023-05-26T20:51:24.406+0000] {processor.py:826} INFO - Processing file /home/airflow/.local/lib/python3.7/site-packages/airflow/example_dags/example_sla_dag.py for tasks to queue
[2023-05-26T20:51:24.406+0000] {logging_mixin.py:149} INFO - [2023-05-26T20:51:24.406+0000] {dagbag.py:541} INFO - Filling up the DagBag from /home/airflow/.local/lib/python3.7/site-packages/airflow/example_dags/example_sla_dag.py
[2023-05-26T20:51:24.412+0000] {processor.py:836} INFO - DAG(s) dict_keys(['example_sla_dag']) retrieved from /home/airflow/.local/lib/python3.7/site-packages/airflow/example_dags/example_sla_dag.py
[2023-05-26T20:51:24.432+0000] {logging_mixin.py:149} INFO - [2023-05-26T20:51:24.432+0000] {dag.py:2726} INFO - Sync 1 DAGs
[2023-05-26T20:51:24.451+0000] {logging_mixin.py:149} INFO - [2023-05-26T20:51:24.451+0000] {dag.py:3490} INFO - Setting next_dagrun for example_sla_dag to 2023-05-26T20:48:00+00:00, run_after=2023-05-26T20:50:00+00:00
[2023-05-26T20:51:24.463+0000] {processor.py:179} INFO - Processing /home/airflow/.local/lib/python3.7/site-packages/airflow/example_dags/example_sla_dag.py took 0.062 seconds
[2023-05-26T20:51:55.060+0000] {processor.py:157} INFO - Started process (PID=2635) to work on /home/airflow/.local/lib/python3.7/site-packages/airflow/example_dags/example_sla_dag.py
[2023-05-26T20:51:55.062+0000] {processor.py:826} INFO - Processing file /home/airflow/.local/lib/python3.7/site-packages/airflow/example_dags/example_sla_dag.py for tasks to queue
[2023-05-26T20:51:55.063+0000] {logging_mixin.py:149} INFO - [2023-05-26T20:51:55.063+0000] {dagbag.py:541} INFO - Filling up the DagBag from /home/airflow/.local/lib/python3.7/site-packages/airflow/example_dags/example_sla_dag.py
[2023-05-26T20:51:55.070+0000] {processor.py:836} INFO - DAG(s) dict_keys(['example_sla_dag']) retrieved from /home/airflow/.local/lib/python3.7/site-packages/airflow/example_dags/example_sla_dag.py
[2023-05-26T20:51:55.090+0000] {logging_mixin.py:149} INFO - [2023-05-26T20:51:55.090+0000] {dag.py:2726} INFO - Sync 1 DAGs
[2023-05-26T20:51:55.108+0000] {logging_mixin.py:149} INFO - [2023-05-26T20:51:55.108+0000] {dag.py:3490} INFO - Setting next_dagrun for example_sla_dag to 2023-05-26T20:48:00+00:00, run_after=2023-05-26T20:50:00+00:00
[2023-05-26T20:51:55.119+0000] {processor.py:179} INFO - Processing /home/airflow/.local/lib/python3.7/site-packages/airflow/example_dags/example_sla_dag.py took 0.062 seconds
[2023-05-26T20:52:25.668+0000] {processor.py:157} INFO - Started process (PID=2691) to work on /home/airflow/.local/lib/python3.7/site-packages/airflow/example_dags/example_sla_dag.py
[2023-05-26T20:52:25.670+0000] {processor.py:826} INFO - Processing file /home/airflow/.local/lib/python3.7/site-packages/airflow/example_dags/example_sla_dag.py for tasks to queue
[2023-05-26T20:52:25.671+0000] {logging_mixin.py:149} INFO - [2023-05-26T20:52:25.671+0000] {dagbag.py:541} INFO - Filling up the DagBag from /home/airflow/.local/lib/python3.7/site-packages/airflow/example_dags/example_sla_dag.py
[2023-05-26T20:52:25.678+0000] {processor.py:836} INFO - DAG(s) dict_keys(['example_sla_dag']) retrieved from /home/airflow/.local/lib/python3.7/site-packages/airflow/example_dags/example_sla_dag.py
[2023-05-26T20:52:25.701+0000] {logging_mixin.py:149} INFO - [2023-05-26T20:52:25.701+0000] {dag.py:2726} INFO - Sync 1 DAGs
[2023-05-26T20:52:25.720+0000] {logging_mixin.py:149} INFO - [2023-05-26T20:52:25.719+0000] {dag.py:3490} INFO - Setting next_dagrun for example_sla_dag to 2023-05-26T20:50:00+00:00, run_after=2023-05-26T20:52:00+00:00
[2023-05-26T20:52:25.731+0000] {processor.py:179} INFO - Processing /home/airflow/.local/lib/python3.7/site-packages/airflow/example_dags/example_sla_dag.py took 0.066 seconds
[2023-05-26T20:52:56.236+0000] {processor.py:157} INFO - Started process (PID=2747) to work on /home/airflow/.local/lib/python3.7/site-packages/airflow/example_dags/example_sla_dag.py
[2023-05-26T20:52:56.238+0000] {processor.py:826} INFO - Processing file /home/airflow/.local/lib/python3.7/site-packages/airflow/example_dags/example_sla_dag.py for tasks to queue
[2023-05-26T20:52:56.239+0000] {logging_mixin.py:149} INFO - [2023-05-26T20:52:56.239+0000] {dagbag.py:541} INFO - Filling up the DagBag from /home/airflow/.local/lib/python3.7/site-packages/airflow/example_dags/example_sla_dag.py
[2023-05-26T20:52:56.245+0000] {processor.py:836} INFO - DAG(s) dict_keys(['example_sla_dag']) retrieved from /home/airflow/.local/lib/python3.7/site-packages/airflow/example_dags/example_sla_dag.py
[2023-05-26T20:52:56.264+0000] {logging_mixin.py:149} INFO - [2023-05-26T20:52:56.264+0000] {dag.py:2726} INFO - Sync 1 DAGs
[2023-05-26T20:52:56.281+0000] {logging_mixin.py:149} INFO - [2023-05-26T20:52:56.281+0000] {dag.py:3490} INFO - Setting next_dagrun for example_sla_dag to 2023-05-26T20:50:00+00:00, run_after=2023-05-26T20:52:00+00:00
[2023-05-26T20:52:56.293+0000] {processor.py:179} INFO - Processing /home/airflow/.local/lib/python3.7/site-packages/airflow/example_dags/example_sla_dag.py took 0.060 seconds
[2023-05-26T20:53:27.002+0000] {processor.py:157} INFO - Started process (PID=2803) to work on /home/airflow/.local/lib/python3.7/site-packages/airflow/example_dags/example_sla_dag.py
[2023-05-26T20:53:27.005+0000] {processor.py:826} INFO - Processing file /home/airflow/.local/lib/python3.7/site-packages/airflow/example_dags/example_sla_dag.py for tasks to queue
[2023-05-26T20:53:27.006+0000] {logging_mixin.py:149} INFO - [2023-05-26T20:53:27.006+0000] {dagbag.py:541} INFO - Filling up the DagBag from /home/airflow/.local/lib/python3.7/site-packages/airflow/example_dags/example_sla_dag.py
[2023-05-26T20:53:27.012+0000] {processor.py:836} INFO - DAG(s) dict_keys(['example_sla_dag']) retrieved from /home/airflow/.local/lib/python3.7/site-packages/airflow/example_dags/example_sla_dag.py
[2023-05-26T20:53:27.032+0000] {logging_mixin.py:149} INFO - [2023-05-26T20:53:27.032+0000] {dag.py:2726} INFO - Sync 1 DAGs
[2023-05-26T20:53:27.050+0000] {logging_mixin.py:149} INFO - [2023-05-26T20:53:27.050+0000] {dag.py:3490} INFO - Setting next_dagrun for example_sla_dag to 2023-05-26T20:50:00+00:00, run_after=2023-05-26T20:52:00+00:00
[2023-05-26T20:53:27.063+0000] {processor.py:179} INFO - Processing /home/airflow/.local/lib/python3.7/site-packages/airflow/example_dags/example_sla_dag.py took 0.064 seconds
[2023-05-26T20:53:57.645+0000] {processor.py:157} INFO - Started process (PID=2859) to work on /home/airflow/.local/lib/python3.7/site-packages/airflow/example_dags/example_sla_dag.py
[2023-05-26T20:53:57.647+0000] {processor.py:826} INFO - Processing file /home/airflow/.local/lib/python3.7/site-packages/airflow/example_dags/example_sla_dag.py for tasks to queue
[2023-05-26T20:53:57.648+0000] {logging_mixin.py:149} INFO - [2023-05-26T20:53:57.648+0000] {dagbag.py:541} INFO - Filling up the DagBag from /home/airflow/.local/lib/python3.7/site-packages/airflow/example_dags/example_sla_dag.py
[2023-05-26T20:53:57.655+0000] {processor.py:836} INFO - DAG(s) dict_keys(['example_sla_dag']) retrieved from /home/airflow/.local/lib/python3.7/site-packages/airflow/example_dags/example_sla_dag.py
[2023-05-26T20:53:57.677+0000] {logging_mixin.py:149} INFO - [2023-05-26T20:53:57.676+0000] {dag.py:2726} INFO - Sync 1 DAGs
[2023-05-26T20:53:57.694+0000] {logging_mixin.py:149} INFO - [2023-05-26T20:53:57.694+0000] {dag.py:3490} INFO - Setting next_dagrun for example_sla_dag to 2023-05-26T20:50:00+00:00, run_after=2023-05-26T20:52:00+00:00
[2023-05-26T20:53:57.707+0000] {processor.py:179} INFO - Processing /home/airflow/.local/lib/python3.7/site-packages/airflow/example_dags/example_sla_dag.py took 0.065 seconds
[2023-05-26T20:54:28.256+0000] {processor.py:157} INFO - Started process (PID=2914) to work on /home/airflow/.local/lib/python3.7/site-packages/airflow/example_dags/example_sla_dag.py
[2023-05-26T20:54:28.258+0000] {processor.py:826} INFO - Processing file /home/airflow/.local/lib/python3.7/site-packages/airflow/example_dags/example_sla_dag.py for tasks to queue
[2023-05-26T20:54:28.259+0000] {logging_mixin.py:149} INFO - [2023-05-26T20:54:28.258+0000] {dagbag.py:541} INFO - Filling up the DagBag from /home/airflow/.local/lib/python3.7/site-packages/airflow/example_dags/example_sla_dag.py
[2023-05-26T20:54:28.265+0000] {processor.py:836} INFO - DAG(s) dict_keys(['example_sla_dag']) retrieved from /home/airflow/.local/lib/python3.7/site-packages/airflow/example_dags/example_sla_dag.py
[2023-05-26T20:54:28.287+0000] {logging_mixin.py:149} INFO - [2023-05-26T20:54:28.287+0000] {dag.py:2726} INFO - Sync 1 DAGs
[2023-05-26T20:54:28.305+0000] {logging_mixin.py:149} INFO - [2023-05-26T20:54:28.305+0000] {dag.py:3490} INFO - Setting next_dagrun for example_sla_dag to 2023-05-26T20:52:00+00:00, run_after=2023-05-26T20:54:00+00:00
[2023-05-26T20:54:28.317+0000] {processor.py:179} INFO - Processing /home/airflow/.local/lib/python3.7/site-packages/airflow/example_dags/example_sla_dag.py took 0.064 seconds
[2023-05-26T20:54:58.795+0000] {processor.py:157} INFO - Started process (PID=2970) to work on /home/airflow/.local/lib/python3.7/site-packages/airflow/example_dags/example_sla_dag.py
[2023-05-26T20:54:58.797+0000] {processor.py:826} INFO - Processing file /home/airflow/.local/lib/python3.7/site-packages/airflow/example_dags/example_sla_dag.py for tasks to queue
[2023-05-26T20:54:58.798+0000] {logging_mixin.py:149} INFO - [2023-05-26T20:54:58.798+0000] {dagbag.py:541} INFO - Filling up the DagBag from /home/airflow/.local/lib/python3.7/site-packages/airflow/example_dags/example_sla_dag.py
[2023-05-26T20:54:58.805+0000] {processor.py:836} INFO - DAG(s) dict_keys(['example_sla_dag']) retrieved from /home/airflow/.local/lib/python3.7/site-packages/airflow/example_dags/example_sla_dag.py
[2023-05-26T20:54:58.825+0000] {logging_mixin.py:149} INFO - [2023-05-26T20:54:58.824+0000] {dag.py:2726} INFO - Sync 1 DAGs
[2023-05-26T20:54:58.842+0000] {logging_mixin.py:149} INFO - [2023-05-26T20:54:58.842+0000] {dag.py:3490} INFO - Setting next_dagrun for example_sla_dag to 2023-05-26T20:52:00+00:00, run_after=2023-05-26T20:54:00+00:00
[2023-05-26T20:54:58.853+0000] {processor.py:179} INFO - Processing /home/airflow/.local/lib/python3.7/site-packages/airflow/example_dags/example_sla_dag.py took 0.062 seconds
[2023-05-26T20:55:29.464+0000] {processor.py:157} INFO - Started process (PID=3034) to work on /home/airflow/.local/lib/python3.7/site-packages/airflow/example_dags/example_sla_dag.py
[2023-05-26T20:55:29.465+0000] {processor.py:826} INFO - Processing file /home/airflow/.local/lib/python3.7/site-packages/airflow/example_dags/example_sla_dag.py for tasks to queue
[2023-05-26T20:55:29.466+0000] {logging_mixin.py:149} INFO - [2023-05-26T20:55:29.466+0000] {dagbag.py:541} INFO - Filling up the DagBag from /home/airflow/.local/lib/python3.7/site-packages/airflow/example_dags/example_sla_dag.py
[2023-05-26T20:55:29.472+0000] {processor.py:836} INFO - DAG(s) dict_keys(['example_sla_dag']) retrieved from /home/airflow/.local/lib/python3.7/site-packages/airflow/example_dags/example_sla_dag.py
[2023-05-26T20:55:29.495+0000] {logging_mixin.py:149} INFO - [2023-05-26T20:55:29.495+0000] {dag.py:2726} INFO - Sync 1 DAGs
[2023-05-26T20:55:29.514+0000] {logging_mixin.py:149} INFO - [2023-05-26T20:55:29.514+0000] {dag.py:3490} INFO - Setting next_dagrun for example_sla_dag to 2023-05-26T20:52:00+00:00, run_after=2023-05-26T20:54:00+00:00
[2023-05-26T20:55:29.526+0000] {processor.py:179} INFO - Processing /home/airflow/.local/lib/python3.7/site-packages/airflow/example_dags/example_sla_dag.py took 0.065 seconds
[2023-05-26T20:56:00.174+0000] {processor.py:157} INFO - Started process (PID=3090) to work on /home/airflow/.local/lib/python3.7/site-packages/airflow/example_dags/example_sla_dag.py
[2023-05-26T20:56:00.176+0000] {processor.py:826} INFO - Processing file /home/airflow/.local/lib/python3.7/site-packages/airflow/example_dags/example_sla_dag.py for tasks to queue
[2023-05-26T20:56:00.177+0000] {logging_mixin.py:149} INFO - [2023-05-26T20:56:00.177+0000] {dagbag.py:541} INFO - Filling up the DagBag from /home/airflow/.local/lib/python3.7/site-packages/airflow/example_dags/example_sla_dag.py
[2023-05-26T20:56:00.183+0000] {processor.py:836} INFO - DAG(s) dict_keys(['example_sla_dag']) retrieved from /home/airflow/.local/lib/python3.7/site-packages/airflow/example_dags/example_sla_dag.py
[2023-05-26T20:56:00.206+0000] {logging_mixin.py:149} INFO - [2023-05-26T20:56:00.206+0000] {dag.py:2726} INFO - Sync 1 DAGs
[2023-05-26T20:56:00.223+0000] {logging_mixin.py:149} INFO - [2023-05-26T20:56:00.223+0000] {dag.py:3490} INFO - Setting next_dagrun for example_sla_dag to 2023-05-26T20:54:00+00:00, run_after=2023-05-26T20:56:00+00:00
[2023-05-26T20:56:00.234+0000] {processor.py:179} INFO - Processing /home/airflow/.local/lib/python3.7/site-packages/airflow/example_dags/example_sla_dag.py took 0.064 seconds
[2023-05-26T20:56:31.048+0000] {processor.py:157} INFO - Started process (PID=3146) to work on /home/airflow/.local/lib/python3.7/site-packages/airflow/example_dags/example_sla_dag.py
[2023-05-26T20:56:31.050+0000] {processor.py:826} INFO - Processing file /home/airflow/.local/lib/python3.7/site-packages/airflow/example_dags/example_sla_dag.py for tasks to queue
[2023-05-26T20:56:31.051+0000] {logging_mixin.py:149} INFO - [2023-05-26T20:56:31.051+0000] {dagbag.py:541} INFO - Filling up the DagBag from /home/airflow/.local/lib/python3.7/site-packages/airflow/example_dags/example_sla_dag.py
[2023-05-26T20:56:31.057+0000] {processor.py:836} INFO - DAG(s) dict_keys(['example_sla_dag']) retrieved from /home/airflow/.local/lib/python3.7/site-packages/airflow/example_dags/example_sla_dag.py
[2023-05-26T20:56:31.076+0000] {logging_mixin.py:149} INFO - [2023-05-26T20:56:31.076+0000] {dag.py:2726} INFO - Sync 1 DAGs
[2023-05-26T20:56:31.094+0000] {logging_mixin.py:149} INFO - [2023-05-26T20:56:31.094+0000] {dag.py:3490} INFO - Setting next_dagrun for example_sla_dag to 2023-05-26T20:54:00+00:00, run_after=2023-05-26T20:56:00+00:00
[2023-05-26T20:56:31.107+0000] {processor.py:179} INFO - Processing /home/airflow/.local/lib/python3.7/site-packages/airflow/example_dags/example_sla_dag.py took 0.061 seconds
[2023-05-26T20:57:01.644+0000] {processor.py:157} INFO - Started process (PID=3202) to work on /home/airflow/.local/lib/python3.7/site-packages/airflow/example_dags/example_sla_dag.py
[2023-05-26T20:57:01.646+0000] {processor.py:826} INFO - Processing file /home/airflow/.local/lib/python3.7/site-packages/airflow/example_dags/example_sla_dag.py for tasks to queue
[2023-05-26T20:57:01.647+0000] {logging_mixin.py:149} INFO - [2023-05-26T20:57:01.647+0000] {dagbag.py:541} INFO - Filling up the DagBag from /home/airflow/.local/lib/python3.7/site-packages/airflow/example_dags/example_sla_dag.py
[2023-05-26T20:57:01.654+0000] {processor.py:836} INFO - DAG(s) dict_keys(['example_sla_dag']) retrieved from /home/airflow/.local/lib/python3.7/site-packages/airflow/example_dags/example_sla_dag.py
[2023-05-26T20:57:01.675+0000] {logging_mixin.py:149} INFO - [2023-05-26T20:57:01.675+0000] {dag.py:2726} INFO - Sync 1 DAGs
[2023-05-26T20:57:01.693+0000] {logging_mixin.py:149} INFO - [2023-05-26T20:57:01.693+0000] {dag.py:3490} INFO - Setting next_dagrun for example_sla_dag to 2023-05-26T20:54:00+00:00, run_after=2023-05-26T20:56:00+00:00
[2023-05-26T20:57:01.704+0000] {processor.py:179} INFO - Processing /home/airflow/.local/lib/python3.7/site-packages/airflow/example_dags/example_sla_dag.py took 0.062 seconds
[2023-05-26T20:57:33.134+0000] {processor.py:157} INFO - Started process (PID=3258) to work on /home/airflow/.local/lib/python3.7/site-packages/airflow/example_dags/example_sla_dag.py
[2023-05-26T20:57:33.136+0000] {processor.py:826} INFO - Processing file /home/airflow/.local/lib/python3.7/site-packages/airflow/example_dags/example_sla_dag.py for tasks to queue
[2023-05-26T20:57:33.137+0000] {logging_mixin.py:149} INFO - [2023-05-26T20:57:33.137+0000] {dagbag.py:541} INFO - Filling up the DagBag from /home/airflow/.local/lib/python3.7/site-packages/airflow/example_dags/example_sla_dag.py
[2023-05-26T20:57:33.143+0000] {processor.py:836} INFO - DAG(s) dict_keys(['example_sla_dag']) retrieved from /home/airflow/.local/lib/python3.7/site-packages/airflow/example_dags/example_sla_dag.py
[2023-05-26T20:57:33.169+0000] {logging_mixin.py:149} INFO - [2023-05-26T20:57:33.168+0000] {dag.py:2726} INFO - Sync 1 DAGs
[2023-05-26T20:57:33.191+0000] {logging_mixin.py:149} INFO - [2023-05-26T20:57:33.191+0000] {dag.py:3490} INFO - Setting next_dagrun for example_sla_dag to 2023-05-26T20:54:00+00:00, run_after=2023-05-26T20:56:00+00:00
[2023-05-26T20:57:33.204+0000] {processor.py:179} INFO - Processing /home/airflow/.local/lib/python3.7/site-packages/airflow/example_dags/example_sla_dag.py took 0.073 seconds
[2023-05-26T21:01:24.641+0000] {processor.py:157} INFO - Started process (PID=3299) to work on /home/airflow/.local/lib/python3.7/site-packages/airflow/example_dags/example_sla_dag.py
[2023-05-26T21:01:24.643+0000] {processor.py:826} INFO - Processing file /home/airflow/.local/lib/python3.7/site-packages/airflow/example_dags/example_sla_dag.py for tasks to queue
[2023-05-26T21:01:24.647+0000] {logging_mixin.py:149} INFO - [2023-05-26T21:01:24.647+0000] {dagbag.py:541} INFO - Filling up the DagBag from /home/airflow/.local/lib/python3.7/site-packages/airflow/example_dags/example_sla_dag.py
[2023-05-26T21:01:24.655+0000] {processor.py:836} INFO - DAG(s) dict_keys(['example_sla_dag']) retrieved from /home/airflow/.local/lib/python3.7/site-packages/airflow/example_dags/example_sla_dag.py
[2023-05-26T21:01:24.677+0000] {logging_mixin.py:149} INFO - [2023-05-26T21:01:24.677+0000] {dag.py:2726} INFO - Sync 1 DAGs
[2023-05-26T21:01:24.700+0000] {logging_mixin.py:149} INFO - [2023-05-26T21:01:24.700+0000] {dag.py:3490} INFO - Setting next_dagrun for example_sla_dag to 2023-05-26T20:58:00+00:00, run_after=2023-05-26T21:00:00+00:00
[2023-05-26T21:01:24.714+0000] {processor.py:179} INFO - Processing /home/airflow/.local/lib/python3.7/site-packages/airflow/example_dags/example_sla_dag.py took 0.077 seconds
[2023-05-26T21:01:55.658+0000] {processor.py:157} INFO - Started process (PID=3355) to work on /home/airflow/.local/lib/python3.7/site-packages/airflow/example_dags/example_sla_dag.py
[2023-05-26T21:01:55.661+0000] {processor.py:826} INFO - Processing file /home/airflow/.local/lib/python3.7/site-packages/airflow/example_dags/example_sla_dag.py for tasks to queue
[2023-05-26T21:01:55.662+0000] {logging_mixin.py:149} INFO - [2023-05-26T21:01:55.662+0000] {dagbag.py:541} INFO - Filling up the DagBag from /home/airflow/.local/lib/python3.7/site-packages/airflow/example_dags/example_sla_dag.py
[2023-05-26T21:01:55.669+0000] {processor.py:836} INFO - DAG(s) dict_keys(['example_sla_dag']) retrieved from /home/airflow/.local/lib/python3.7/site-packages/airflow/example_dags/example_sla_dag.py
[2023-05-26T21:01:55.690+0000] {logging_mixin.py:149} INFO - [2023-05-26T21:01:55.690+0000] {dag.py:2726} INFO - Sync 1 DAGs
[2023-05-26T21:01:55.710+0000] {logging_mixin.py:149} INFO - [2023-05-26T21:01:55.709+0000] {dag.py:3490} INFO - Setting next_dagrun for example_sla_dag to 2023-05-26T20:58:00+00:00, run_after=2023-05-26T21:00:00+00:00
[2023-05-26T21:01:55.727+0000] {processor.py:179} INFO - Processing /home/airflow/.local/lib/python3.7/site-packages/airflow/example_dags/example_sla_dag.py took 0.071 seconds
[2023-05-26T21:02:25.886+0000] {processor.py:157} INFO - Started process (PID=3411) to work on /home/airflow/.local/lib/python3.7/site-packages/airflow/example_dags/example_sla_dag.py
[2023-05-26T21:02:25.888+0000] {processor.py:826} INFO - Processing file /home/airflow/.local/lib/python3.7/site-packages/airflow/example_dags/example_sla_dag.py for tasks to queue
[2023-05-26T21:02:25.889+0000] {logging_mixin.py:149} INFO - [2023-05-26T21:02:25.889+0000] {dagbag.py:541} INFO - Filling up the DagBag from /home/airflow/.local/lib/python3.7/site-packages/airflow/example_dags/example_sla_dag.py
[2023-05-26T21:02:25.896+0000] {processor.py:836} INFO - DAG(s) dict_keys(['example_sla_dag']) retrieved from /home/airflow/.local/lib/python3.7/site-packages/airflow/example_dags/example_sla_dag.py
[2023-05-26T21:02:25.916+0000] {logging_mixin.py:149} INFO - [2023-05-26T21:02:25.916+0000] {dag.py:2726} INFO - Sync 1 DAGs
[2023-05-26T21:02:25.933+0000] {logging_mixin.py:149} INFO - [2023-05-26T21:02:25.933+0000] {dag.py:3490} INFO - Setting next_dagrun for example_sla_dag to 2023-05-26T21:00:00+00:00, run_after=2023-05-26T21:02:00+00:00
[2023-05-26T21:02:25.946+0000] {processor.py:179} INFO - Processing /home/airflow/.local/lib/python3.7/site-packages/airflow/example_dags/example_sla_dag.py took 0.064 seconds
[2023-05-26T21:02:56.546+0000] {processor.py:157} INFO - Started process (PID=3467) to work on /home/airflow/.local/lib/python3.7/site-packages/airflow/example_dags/example_sla_dag.py
[2023-05-26T21:02:56.548+0000] {processor.py:826} INFO - Processing file /home/airflow/.local/lib/python3.7/site-packages/airflow/example_dags/example_sla_dag.py for tasks to queue
[2023-05-26T21:02:56.549+0000] {logging_mixin.py:149} INFO - [2023-05-26T21:02:56.549+0000] {dagbag.py:541} INFO - Filling up the DagBag from /home/airflow/.local/lib/python3.7/site-packages/airflow/example_dags/example_sla_dag.py
[2023-05-26T21:02:56.556+0000] {processor.py:836} INFO - DAG(s) dict_keys(['example_sla_dag']) retrieved from /home/airflow/.local/lib/python3.7/site-packages/airflow/example_dags/example_sla_dag.py
[2023-05-26T21:02:56.577+0000] {logging_mixin.py:149} INFO - [2023-05-26T21:02:56.576+0000] {dag.py:2726} INFO - Sync 1 DAGs
[2023-05-26T21:02:56.594+0000] {logging_mixin.py:149} INFO - [2023-05-26T21:02:56.594+0000] {dag.py:3490} INFO - Setting next_dagrun for example_sla_dag to 2023-05-26T21:00:00+00:00, run_after=2023-05-26T21:02:00+00:00
[2023-05-26T21:02:56.606+0000] {processor.py:179} INFO - Processing /home/airflow/.local/lib/python3.7/site-packages/airflow/example_dags/example_sla_dag.py took 0.063 seconds
[2023-05-26T21:03:27.265+0000] {processor.py:157} INFO - Started process (PID=3523) to work on /home/airflow/.local/lib/python3.7/site-packages/airflow/example_dags/example_sla_dag.py
[2023-05-26T21:03:27.267+0000] {processor.py:826} INFO - Processing file /home/airflow/.local/lib/python3.7/site-packages/airflow/example_dags/example_sla_dag.py for tasks to queue
[2023-05-26T21:03:27.268+0000] {logging_mixin.py:149} INFO - [2023-05-26T21:03:27.267+0000] {dagbag.py:541} INFO - Filling up the DagBag from /home/airflow/.local/lib/python3.7/site-packages/airflow/example_dags/example_sla_dag.py
[2023-05-26T21:03:27.274+0000] {processor.py:836} INFO - DAG(s) dict_keys(['example_sla_dag']) retrieved from /home/airflow/.local/lib/python3.7/site-packages/airflow/example_dags/example_sla_dag.py
[2023-05-26T21:03:27.294+0000] {logging_mixin.py:149} INFO - [2023-05-26T21:03:27.294+0000] {dag.py:2726} INFO - Sync 1 DAGs
[2023-05-26T21:03:27.312+0000] {logging_mixin.py:149} INFO - [2023-05-26T21:03:27.312+0000] {dag.py:3490} INFO - Setting next_dagrun for example_sla_dag to 2023-05-26T21:00:00+00:00, run_after=2023-05-26T21:02:00+00:00
[2023-05-26T21:03:27.324+0000] {processor.py:179} INFO - Processing /home/airflow/.local/lib/python3.7/site-packages/airflow/example_dags/example_sla_dag.py took 0.062 seconds
[2023-05-26T21:03:58.058+0000] {processor.py:157} INFO - Started process (PID=3580) to work on /home/airflow/.local/lib/python3.7/site-packages/airflow/example_dags/example_sla_dag.py
[2023-05-26T21:03:58.060+0000] {processor.py:826} INFO - Processing file /home/airflow/.local/lib/python3.7/site-packages/airflow/example_dags/example_sla_dag.py for tasks to queue
[2023-05-26T21:03:58.061+0000] {logging_mixin.py:149} INFO - [2023-05-26T21:03:58.061+0000] {dagbag.py:541} INFO - Filling up the DagBag from /home/airflow/.local/lib/python3.7/site-packages/airflow/example_dags/example_sla_dag.py
[2023-05-26T21:03:58.068+0000] {processor.py:836} INFO - DAG(s) dict_keys(['example_sla_dag']) retrieved from /home/airflow/.local/lib/python3.7/site-packages/airflow/example_dags/example_sla_dag.py
[2023-05-26T21:03:58.091+0000] {logging_mixin.py:149} INFO - [2023-05-26T21:03:58.091+0000] {dag.py:2726} INFO - Sync 1 DAGs
[2023-05-26T21:03:58.110+0000] {logging_mixin.py:149} INFO - [2023-05-26T21:03:58.109+0000] {dag.py:3490} INFO - Setting next_dagrun for example_sla_dag to 2023-05-26T21:00:00+00:00, run_after=2023-05-26T21:02:00+00:00
[2023-05-26T21:03:58.123+0000] {processor.py:179} INFO - Processing /home/airflow/.local/lib/python3.7/site-packages/airflow/example_dags/example_sla_dag.py took 0.069 seconds
[2023-05-26T21:04:29.114+0000] {processor.py:157} INFO - Started process (PID=3636) to work on /home/airflow/.local/lib/python3.7/site-packages/airflow/example_dags/example_sla_dag.py
[2023-05-26T21:04:29.117+0000] {processor.py:826} INFO - Processing file /home/airflow/.local/lib/python3.7/site-packages/airflow/example_dags/example_sla_dag.py for tasks to queue
[2023-05-26T21:04:29.119+0000] {logging_mixin.py:149} INFO - [2023-05-26T21:04:29.119+0000] {dagbag.py:541} INFO - Filling up the DagBag from /home/airflow/.local/lib/python3.7/site-packages/airflow/example_dags/example_sla_dag.py
[2023-05-26T21:04:29.129+0000] {processor.py:836} INFO - DAG(s) dict_keys(['example_sla_dag']) retrieved from /home/airflow/.local/lib/python3.7/site-packages/airflow/example_dags/example_sla_dag.py
[2023-05-26T21:04:29.152+0000] {logging_mixin.py:149} INFO - [2023-05-26T21:04:29.152+0000] {dag.py:2726} INFO - Sync 1 DAGs
[2023-05-26T21:04:29.169+0000] {logging_mixin.py:149} INFO - [2023-05-26T21:04:29.169+0000] {dag.py:3490} INFO - Setting next_dagrun for example_sla_dag to 2023-05-26T21:02:00+00:00, run_after=2023-05-26T21:04:00+00:00
[2023-05-26T21:04:29.181+0000] {processor.py:179} INFO - Processing /home/airflow/.local/lib/python3.7/site-packages/airflow/example_dags/example_sla_dag.py took 0.077 seconds
[2023-05-26T21:05:01.786+0000] {processor.py:157} INFO - Started process (PID=53) to work on /home/airflow/.local/lib/python3.7/site-packages/airflow/example_dags/example_sla_dag.py
[2023-05-26T21:05:01.789+0000] {processor.py:826} INFO - Processing file /home/airflow/.local/lib/python3.7/site-packages/airflow/example_dags/example_sla_dag.py for tasks to queue
[2023-05-26T21:05:01.790+0000] {logging_mixin.py:149} INFO - [2023-05-26T21:05:01.790+0000] {dagbag.py:541} INFO - Filling up the DagBag from /home/airflow/.local/lib/python3.7/site-packages/airflow/example_dags/example_sla_dag.py
[2023-05-26T21:05:01.804+0000] {processor.py:836} INFO - DAG(s) dict_keys(['example_sla_dag']) retrieved from /home/airflow/.local/lib/python3.7/site-packages/airflow/example_dags/example_sla_dag.py
[2023-05-26T21:05:01.832+0000] {logging_mixin.py:149} INFO - [2023-05-26T21:05:01.831+0000] {dag.py:2726} INFO - Sync 1 DAGs
[2023-05-26T21:05:01.869+0000] {logging_mixin.py:149} INFO - [2023-05-26T21:05:01.869+0000] {dag.py:3490} INFO - Setting next_dagrun for example_sla_dag to 2023-05-26T21:02:00+00:00, run_after=2023-05-26T21:04:00+00:00
[2023-05-26T21:05:01.892+0000] {processor.py:179} INFO - Processing /home/airflow/.local/lib/python3.7/site-packages/airflow/example_dags/example_sla_dag.py took 0.122 seconds
[2023-05-26T21:05:32.750+0000] {processor.py:157} INFO - Started process (PID=109) to work on /home/airflow/.local/lib/python3.7/site-packages/airflow/example_dags/example_sla_dag.py
[2023-05-26T21:05:32.753+0000] {processor.py:826} INFO - Processing file /home/airflow/.local/lib/python3.7/site-packages/airflow/example_dags/example_sla_dag.py for tasks to queue
[2023-05-26T21:05:32.754+0000] {logging_mixin.py:149} INFO - [2023-05-26T21:05:32.753+0000] {dagbag.py:541} INFO - Filling up the DagBag from /home/airflow/.local/lib/python3.7/site-packages/airflow/example_dags/example_sla_dag.py
[2023-05-26T21:05:32.760+0000] {processor.py:836} INFO - DAG(s) dict_keys(['example_sla_dag']) retrieved from /home/airflow/.local/lib/python3.7/site-packages/airflow/example_dags/example_sla_dag.py
[2023-05-26T21:05:32.781+0000] {logging_mixin.py:149} INFO - [2023-05-26T21:05:32.780+0000] {dag.py:2726} INFO - Sync 1 DAGs
[2023-05-26T21:05:32.799+0000] {logging_mixin.py:149} INFO - [2023-05-26T21:05:32.799+0000] {dag.py:3490} INFO - Setting next_dagrun for example_sla_dag to 2023-05-26T21:02:00+00:00, run_after=2023-05-26T21:04:00+00:00
[2023-05-26T21:05:32.810+0000] {processor.py:179} INFO - Processing /home/airflow/.local/lib/python3.7/site-packages/airflow/example_dags/example_sla_dag.py took 0.064 seconds
[2023-05-26T21:06:03.325+0000] {processor.py:157} INFO - Started process (PID=165) to work on /home/airflow/.local/lib/python3.7/site-packages/airflow/example_dags/example_sla_dag.py
[2023-05-26T21:06:03.327+0000] {processor.py:826} INFO - Processing file /home/airflow/.local/lib/python3.7/site-packages/airflow/example_dags/example_sla_dag.py for tasks to queue
[2023-05-26T21:06:03.328+0000] {logging_mixin.py:149} INFO - [2023-05-26T21:06:03.328+0000] {dagbag.py:541} INFO - Filling up the DagBag from /home/airflow/.local/lib/python3.7/site-packages/airflow/example_dags/example_sla_dag.py
[2023-05-26T21:06:03.335+0000] {processor.py:836} INFO - DAG(s) dict_keys(['example_sla_dag']) retrieved from /home/airflow/.local/lib/python3.7/site-packages/airflow/example_dags/example_sla_dag.py
[2023-05-26T21:06:03.359+0000] {logging_mixin.py:149} INFO - [2023-05-26T21:06:03.359+0000] {dag.py:2726} INFO - Sync 1 DAGs
[2023-05-26T21:06:03.376+0000] {logging_mixin.py:149} INFO - [2023-05-26T21:06:03.376+0000] {dag.py:3490} INFO - Setting next_dagrun for example_sla_dag to 2023-05-26T21:04:00+00:00, run_after=2023-05-26T21:06:00+00:00
[2023-05-26T21:06:03.388+0000] {processor.py:179} INFO - Processing /home/airflow/.local/lib/python3.7/site-packages/airflow/example_dags/example_sla_dag.py took 0.067 seconds
[2023-05-26T21:06:40.152+0000] {processor.py:157} INFO - Started process (PID=221) to work on /home/airflow/.local/lib/python3.7/site-packages/airflow/example_dags/example_sla_dag.py
[2023-05-26T21:06:40.155+0000] {processor.py:826} INFO - Processing file /home/airflow/.local/lib/python3.7/site-packages/airflow/example_dags/example_sla_dag.py for tasks to queue
[2023-05-26T21:06:40.155+0000] {logging_mixin.py:149} INFO - [2023-05-26T21:06:40.155+0000] {dagbag.py:541} INFO - Filling up the DagBag from /home/airflow/.local/lib/python3.7/site-packages/airflow/example_dags/example_sla_dag.py
[2023-05-26T21:06:40.162+0000] {processor.py:836} INFO - DAG(s) dict_keys(['example_sla_dag']) retrieved from /home/airflow/.local/lib/python3.7/site-packages/airflow/example_dags/example_sla_dag.py
[2023-05-26T21:06:40.174+0000] {logging_mixin.py:149} INFO - [2023-05-26T21:06:40.174+0000] {dag.py:2726} INFO - Sync 1 DAGs
[2023-05-26T21:06:40.193+0000] {logging_mixin.py:149} INFO - [2023-05-26T21:06:40.193+0000] {dag.py:3490} INFO - Setting next_dagrun for example_sla_dag to 2023-05-26T21:04:00+00:00, run_after=2023-05-26T21:06:00+00:00
[2023-05-26T21:06:40.204+0000] {processor.py:179} INFO - Processing /home/airflow/.local/lib/python3.7/site-packages/airflow/example_dags/example_sla_dag.py took 0.056 seconds
[2023-05-26T21:07:10.745+0000] {processor.py:157} INFO - Started process (PID=278) to work on /home/airflow/.local/lib/python3.7/site-packages/airflow/example_dags/example_sla_dag.py
[2023-05-26T21:07:10.747+0000] {processor.py:826} INFO - Processing file /home/airflow/.local/lib/python3.7/site-packages/airflow/example_dags/example_sla_dag.py for tasks to queue
[2023-05-26T21:07:10.748+0000] {logging_mixin.py:149} INFO - [2023-05-26T21:07:10.748+0000] {dagbag.py:541} INFO - Filling up the DagBag from /home/airflow/.local/lib/python3.7/site-packages/airflow/example_dags/example_sla_dag.py
[2023-05-26T21:07:10.754+0000] {processor.py:836} INFO - DAG(s) dict_keys(['example_sla_dag']) retrieved from /home/airflow/.local/lib/python3.7/site-packages/airflow/example_dags/example_sla_dag.py
[2023-05-26T21:07:10.773+0000] {logging_mixin.py:149} INFO - [2023-05-26T21:07:10.773+0000] {dag.py:2726} INFO - Sync 1 DAGs
[2023-05-26T21:07:10.790+0000] {logging_mixin.py:149} INFO - [2023-05-26T21:07:10.790+0000] {dag.py:3490} INFO - Setting next_dagrun for example_sla_dag to 2023-05-26T21:04:00+00:00, run_after=2023-05-26T21:06:00+00:00
[2023-05-26T21:07:10.802+0000] {processor.py:179} INFO - Processing /home/airflow/.local/lib/python3.7/site-packages/airflow/example_dags/example_sla_dag.py took 0.059 seconds
[2023-05-26T21:07:41.449+0000] {processor.py:157} INFO - Started process (PID=334) to work on /home/airflow/.local/lib/python3.7/site-packages/airflow/example_dags/example_sla_dag.py
[2023-05-26T21:07:41.452+0000] {processor.py:826} INFO - Processing file /home/airflow/.local/lib/python3.7/site-packages/airflow/example_dags/example_sla_dag.py for tasks to queue
[2023-05-26T21:07:41.453+0000] {logging_mixin.py:149} INFO - [2023-05-26T21:07:41.453+0000] {dagbag.py:541} INFO - Filling up the DagBag from /home/airflow/.local/lib/python3.7/site-packages/airflow/example_dags/example_sla_dag.py
[2023-05-26T21:07:41.459+0000] {processor.py:836} INFO - DAG(s) dict_keys(['example_sla_dag']) retrieved from /home/airflow/.local/lib/python3.7/site-packages/airflow/example_dags/example_sla_dag.py
[2023-05-26T21:07:41.478+0000] {logging_mixin.py:149} INFO - [2023-05-26T21:07:41.478+0000] {dag.py:2726} INFO - Sync 1 DAGs
[2023-05-26T21:07:41.498+0000] {logging_mixin.py:149} INFO - [2023-05-26T21:07:41.498+0000] {dag.py:3490} INFO - Setting next_dagrun for example_sla_dag to 2023-05-26T21:04:00+00:00, run_after=2023-05-26T21:06:00+00:00
[2023-05-26T21:07:41.511+0000] {processor.py:179} INFO - Processing /home/airflow/.local/lib/python3.7/site-packages/airflow/example_dags/example_sla_dag.py took 0.064 seconds
[2023-05-26T21:08:11.865+0000] {processor.py:157} INFO - Started process (PID=390) to work on /home/airflow/.local/lib/python3.7/site-packages/airflow/example_dags/example_sla_dag.py
[2023-05-26T21:08:11.867+0000] {processor.py:826} INFO - Processing file /home/airflow/.local/lib/python3.7/site-packages/airflow/example_dags/example_sla_dag.py for tasks to queue
[2023-05-26T21:08:11.868+0000] {logging_mixin.py:149} INFO - [2023-05-26T21:08:11.868+0000] {dagbag.py:541} INFO - Filling up the DagBag from /home/airflow/.local/lib/python3.7/site-packages/airflow/example_dags/example_sla_dag.py
[2023-05-26T21:08:11.874+0000] {processor.py:836} INFO - DAG(s) dict_keys(['example_sla_dag']) retrieved from /home/airflow/.local/lib/python3.7/site-packages/airflow/example_dags/example_sla_dag.py
[2023-05-26T21:08:11.894+0000] {logging_mixin.py:149} INFO - [2023-05-26T21:08:11.894+0000] {dag.py:2726} INFO - Sync 1 DAGs
[2023-05-26T21:08:11.911+0000] {logging_mixin.py:149} INFO - [2023-05-26T21:08:11.911+0000] {dag.py:3490} INFO - Setting next_dagrun for example_sla_dag to 2023-05-26T21:06:00+00:00, run_after=2023-05-26T21:08:00+00:00
[2023-05-26T21:08:11.923+0000] {processor.py:179} INFO - Processing /home/airflow/.local/lib/python3.7/site-packages/airflow/example_dags/example_sla_dag.py took 0.061 seconds
