[2023-05-26T20:28:31.091+0000] {processor.py:157} INFO - Started process (PID=34) to work on /home/airflow/.local/lib/python3.7/site-packages/airflow/example_dags/example_task_group.py
[2023-05-26T20:28:31.094+0000] {processor.py:826} INFO - Processing file /home/airflow/.local/lib/python3.7/site-packages/airflow/example_dags/example_task_group.py for tasks to queue
[2023-05-26T20:28:31.095+0000] {logging_mixin.py:149} INFO - [2023-05-26T20:28:31.095+0000] {dagbag.py:541} INFO - Filling up the DagBag from /home/airflow/.local/lib/python3.7/site-packages/airflow/example_dags/example_task_group.py
[2023-05-26T20:28:31.108+0000] {processor.py:836} INFO - DAG(s) dict_keys(['example_task_group']) retrieved from /home/airflow/.local/lib/python3.7/site-packages/airflow/example_dags/example_task_group.py
[2023-05-26T20:28:31.220+0000] {logging_mixin.py:149} INFO - [2023-05-26T20:28:31.220+0000] {manager.py:504} INFO - Created Permission View: can delete on DAG:example_task_group
[2023-05-26T20:28:31.228+0000] {logging_mixin.py:149} INFO - [2023-05-26T20:28:31.228+0000] {manager.py:504} INFO - Created Permission View: can read on DAG:example_task_group
[2023-05-26T20:28:31.233+0000] {logging_mixin.py:149} INFO - [2023-05-26T20:28:31.233+0000] {manager.py:504} INFO - Created Permission View: can edit on DAG:example_task_group
[2023-05-26T20:28:31.233+0000] {logging_mixin.py:149} INFO - [2023-05-26T20:28:31.233+0000] {dag.py:2726} INFO - Sync 1 DAGs
[2023-05-26T20:28:31.242+0000] {logging_mixin.py:149} INFO - [2023-05-26T20:28:31.241+0000] {dag.py:2747} INFO - Creating ORM DAG for example_task_group
[2023-05-26T20:28:31.249+0000] {logging_mixin.py:149} INFO - [2023-05-26T20:28:31.249+0000] {dag.py:3490} INFO - Setting next_dagrun for example_task_group to 2023-05-25T20:28:31.249534+00:00, run_after=2023-05-26T20:28:31.249534+00:00
[2023-05-26T20:28:31.264+0000] {processor.py:179} INFO - Processing /home/airflow/.local/lib/python3.7/site-packages/airflow/example_dags/example_task_group.py took 0.176 seconds
[2023-05-26T20:29:01.901+0000] {processor.py:157} INFO - Started process (PID=89) to work on /home/airflow/.local/lib/python3.7/site-packages/airflow/example_dags/example_task_group.py
[2023-05-26T20:29:01.903+0000] {processor.py:826} INFO - Processing file /home/airflow/.local/lib/python3.7/site-packages/airflow/example_dags/example_task_group.py for tasks to queue
[2023-05-26T20:29:01.904+0000] {logging_mixin.py:149} INFO - [2023-05-26T20:29:01.904+0000] {dagbag.py:541} INFO - Filling up the DagBag from /home/airflow/.local/lib/python3.7/site-packages/airflow/example_dags/example_task_group.py
[2023-05-26T20:29:01.910+0000] {processor.py:836} INFO - DAG(s) dict_keys(['example_task_group']) retrieved from /home/airflow/.local/lib/python3.7/site-packages/airflow/example_dags/example_task_group.py
[2023-05-26T20:29:01.930+0000] {logging_mixin.py:149} INFO - [2023-05-26T20:29:01.930+0000] {dag.py:2726} INFO - Sync 1 DAGs
[2023-05-26T20:29:01.946+0000] {logging_mixin.py:149} INFO - [2023-05-26T20:29:01.946+0000] {dag.py:3490} INFO - Setting next_dagrun for example_task_group to 2023-05-25T20:29:01.945799+00:00, run_after=2023-05-26T20:29:01.945799+00:00
[2023-05-26T20:29:01.958+0000] {processor.py:179} INFO - Processing /home/airflow/.local/lib/python3.7/site-packages/airflow/example_dags/example_task_group.py took 0.060 seconds
[2023-05-26T20:29:32.695+0000] {processor.py:157} INFO - Started process (PID=145) to work on /home/airflow/.local/lib/python3.7/site-packages/airflow/example_dags/example_task_group.py
[2023-05-26T20:29:32.697+0000] {processor.py:826} INFO - Processing file /home/airflow/.local/lib/python3.7/site-packages/airflow/example_dags/example_task_group.py for tasks to queue
[2023-05-26T20:29:32.698+0000] {logging_mixin.py:149} INFO - [2023-05-26T20:29:32.698+0000] {dagbag.py:541} INFO - Filling up the DagBag from /home/airflow/.local/lib/python3.7/site-packages/airflow/example_dags/example_task_group.py
[2023-05-26T20:29:32.706+0000] {processor.py:836} INFO - DAG(s) dict_keys(['example_task_group']) retrieved from /home/airflow/.local/lib/python3.7/site-packages/airflow/example_dags/example_task_group.py
[2023-05-26T20:29:32.730+0000] {logging_mixin.py:149} INFO - [2023-05-26T20:29:32.730+0000] {dag.py:2726} INFO - Sync 1 DAGs
[2023-05-26T20:29:32.748+0000] {logging_mixin.py:149} INFO - [2023-05-26T20:29:32.748+0000] {dag.py:3490} INFO - Setting next_dagrun for example_task_group to 2023-05-25T20:29:32.748211+00:00, run_after=2023-05-26T20:29:32.748211+00:00
[2023-05-26T20:29:32.763+0000] {processor.py:179} INFO - Processing /home/airflow/.local/lib/python3.7/site-packages/airflow/example_dags/example_task_group.py took 0.072 seconds
[2023-05-26T20:30:04.227+0000] {processor.py:157} INFO - Started process (PID=201) to work on /home/airflow/.local/lib/python3.7/site-packages/airflow/example_dags/example_task_group.py
[2023-05-26T20:30:04.229+0000] {processor.py:826} INFO - Processing file /home/airflow/.local/lib/python3.7/site-packages/airflow/example_dags/example_task_group.py for tasks to queue
[2023-05-26T20:30:04.230+0000] {logging_mixin.py:149} INFO - [2023-05-26T20:30:04.230+0000] {dagbag.py:541} INFO - Filling up the DagBag from /home/airflow/.local/lib/python3.7/site-packages/airflow/example_dags/example_task_group.py
[2023-05-26T20:30:04.238+0000] {processor.py:836} INFO - DAG(s) dict_keys(['example_task_group']) retrieved from /home/airflow/.local/lib/python3.7/site-packages/airflow/example_dags/example_task_group.py
[2023-05-26T20:30:04.262+0000] {logging_mixin.py:149} INFO - [2023-05-26T20:30:04.262+0000] {dag.py:2726} INFO - Sync 1 DAGs
[2023-05-26T20:30:04.277+0000] {logging_mixin.py:149} INFO - [2023-05-26T20:30:04.277+0000] {dag.py:3490} INFO - Setting next_dagrun for example_task_group to 2023-05-25T20:30:04.277440+00:00, run_after=2023-05-26T20:30:04.277440+00:00
[2023-05-26T20:30:04.290+0000] {processor.py:179} INFO - Processing /home/airflow/.local/lib/python3.7/site-packages/airflow/example_dags/example_task_group.py took 0.067 seconds
[2023-05-26T20:30:34.560+0000] {processor.py:157} INFO - Started process (PID=257) to work on /home/airflow/.local/lib/python3.7/site-packages/airflow/example_dags/example_task_group.py
[2023-05-26T20:30:34.562+0000] {processor.py:826} INFO - Processing file /home/airflow/.local/lib/python3.7/site-packages/airflow/example_dags/example_task_group.py for tasks to queue
[2023-05-26T20:30:34.563+0000] {logging_mixin.py:149} INFO - [2023-05-26T20:30:34.563+0000] {dagbag.py:541} INFO - Filling up the DagBag from /home/airflow/.local/lib/python3.7/site-packages/airflow/example_dags/example_task_group.py
[2023-05-26T20:30:34.570+0000] {processor.py:836} INFO - DAG(s) dict_keys(['example_task_group']) retrieved from /home/airflow/.local/lib/python3.7/site-packages/airflow/example_dags/example_task_group.py
[2023-05-26T20:30:34.596+0000] {logging_mixin.py:149} INFO - [2023-05-26T20:30:34.596+0000] {dag.py:2726} INFO - Sync 1 DAGs
[2023-05-26T20:30:34.614+0000] {logging_mixin.py:149} INFO - [2023-05-26T20:30:34.614+0000] {dag.py:3490} INFO - Setting next_dagrun for example_task_group to 2023-05-25T20:30:34.614409+00:00, run_after=2023-05-26T20:30:34.614409+00:00
[2023-05-26T20:30:34.627+0000] {processor.py:179} INFO - Processing /home/airflow/.local/lib/python3.7/site-packages/airflow/example_dags/example_task_group.py took 0.070 seconds
[2023-05-26T20:31:04.903+0000] {processor.py:157} INFO - Started process (PID=313) to work on /home/airflow/.local/lib/python3.7/site-packages/airflow/example_dags/example_task_group.py
[2023-05-26T20:31:04.905+0000] {processor.py:826} INFO - Processing file /home/airflow/.local/lib/python3.7/site-packages/airflow/example_dags/example_task_group.py for tasks to queue
[2023-05-26T20:31:04.906+0000] {logging_mixin.py:149} INFO - [2023-05-26T20:31:04.906+0000] {dagbag.py:541} INFO - Filling up the DagBag from /home/airflow/.local/lib/python3.7/site-packages/airflow/example_dags/example_task_group.py
[2023-05-26T20:31:04.914+0000] {processor.py:836} INFO - DAG(s) dict_keys(['example_task_group']) retrieved from /home/airflow/.local/lib/python3.7/site-packages/airflow/example_dags/example_task_group.py
[2023-05-26T20:31:04.938+0000] {logging_mixin.py:149} INFO - [2023-05-26T20:31:04.937+0000] {dag.py:2726} INFO - Sync 1 DAGs
[2023-05-26T20:31:04.953+0000] {logging_mixin.py:149} INFO - [2023-05-26T20:31:04.953+0000] {dag.py:3490} INFO - Setting next_dagrun for example_task_group to 2023-05-25T20:31:04.953572+00:00, run_after=2023-05-26T20:31:04.953572+00:00
[2023-05-26T20:31:04.965+0000] {processor.py:179} INFO - Processing /home/airflow/.local/lib/python3.7/site-packages/airflow/example_dags/example_task_group.py took 0.066 seconds
[2023-05-26T20:31:35.675+0000] {processor.py:157} INFO - Started process (PID=369) to work on /home/airflow/.local/lib/python3.7/site-packages/airflow/example_dags/example_task_group.py
[2023-05-26T20:31:35.677+0000] {processor.py:826} INFO - Processing file /home/airflow/.local/lib/python3.7/site-packages/airflow/example_dags/example_task_group.py for tasks to queue
[2023-05-26T20:31:35.679+0000] {logging_mixin.py:149} INFO - [2023-05-26T20:31:35.679+0000] {dagbag.py:541} INFO - Filling up the DagBag from /home/airflow/.local/lib/python3.7/site-packages/airflow/example_dags/example_task_group.py
[2023-05-26T20:31:35.686+0000] {processor.py:836} INFO - DAG(s) dict_keys(['example_task_group']) retrieved from /home/airflow/.local/lib/python3.7/site-packages/airflow/example_dags/example_task_group.py
[2023-05-26T20:31:35.710+0000] {logging_mixin.py:149} INFO - [2023-05-26T20:31:35.710+0000] {dag.py:2726} INFO - Sync 1 DAGs
[2023-05-26T20:31:35.727+0000] {logging_mixin.py:149} INFO - [2023-05-26T20:31:35.727+0000] {dag.py:3490} INFO - Setting next_dagrun for example_task_group to 2023-05-25T20:31:35.727237+00:00, run_after=2023-05-26T20:31:35.727237+00:00
[2023-05-26T20:31:35.740+0000] {processor.py:179} INFO - Processing /home/airflow/.local/lib/python3.7/site-packages/airflow/example_dags/example_task_group.py took 0.068 seconds
[2023-05-26T20:32:06.228+0000] {processor.py:157} INFO - Started process (PID=425) to work on /home/airflow/.local/lib/python3.7/site-packages/airflow/example_dags/example_task_group.py
[2023-05-26T20:32:06.230+0000] {processor.py:826} INFO - Processing file /home/airflow/.local/lib/python3.7/site-packages/airflow/example_dags/example_task_group.py for tasks to queue
[2023-05-26T20:32:06.231+0000] {logging_mixin.py:149} INFO - [2023-05-26T20:32:06.231+0000] {dagbag.py:541} INFO - Filling up the DagBag from /home/airflow/.local/lib/python3.7/site-packages/airflow/example_dags/example_task_group.py
[2023-05-26T20:32:06.237+0000] {processor.py:836} INFO - DAG(s) dict_keys(['example_task_group']) retrieved from /home/airflow/.local/lib/python3.7/site-packages/airflow/example_dags/example_task_group.py
[2023-05-26T20:32:06.261+0000] {logging_mixin.py:149} INFO - [2023-05-26T20:32:06.261+0000] {dag.py:2726} INFO - Sync 1 DAGs
[2023-05-26T20:32:06.279+0000] {logging_mixin.py:149} INFO - [2023-05-26T20:32:06.279+0000] {dag.py:3490} INFO - Setting next_dagrun for example_task_group to 2023-05-25T20:32:06.279611+00:00, run_after=2023-05-26T20:32:06.279611+00:00
[2023-05-26T20:32:06.293+0000] {processor.py:179} INFO - Processing /home/airflow/.local/lib/python3.7/site-packages/airflow/example_dags/example_task_group.py took 0.069 seconds
[2023-05-26T20:32:36.634+0000] {processor.py:157} INFO - Started process (PID=481) to work on /home/airflow/.local/lib/python3.7/site-packages/airflow/example_dags/example_task_group.py
[2023-05-26T20:32:36.636+0000] {processor.py:826} INFO - Processing file /home/airflow/.local/lib/python3.7/site-packages/airflow/example_dags/example_task_group.py for tasks to queue
[2023-05-26T20:32:36.637+0000] {logging_mixin.py:149} INFO - [2023-05-26T20:32:36.637+0000] {dagbag.py:541} INFO - Filling up the DagBag from /home/airflow/.local/lib/python3.7/site-packages/airflow/example_dags/example_task_group.py
[2023-05-26T20:32:36.644+0000] {processor.py:836} INFO - DAG(s) dict_keys(['example_task_group']) retrieved from /home/airflow/.local/lib/python3.7/site-packages/airflow/example_dags/example_task_group.py
[2023-05-26T20:32:36.671+0000] {logging_mixin.py:149} INFO - [2023-05-26T20:32:36.671+0000] {dag.py:2726} INFO - Sync 1 DAGs
[2023-05-26T20:32:36.690+0000] {logging_mixin.py:149} INFO - [2023-05-26T20:32:36.690+0000] {dag.py:3490} INFO - Setting next_dagrun for example_task_group to 2023-05-25T20:32:36.690160+00:00, run_after=2023-05-26T20:32:36.690160+00:00
[2023-05-26T20:32:36.704+0000] {processor.py:179} INFO - Processing /home/airflow/.local/lib/python3.7/site-packages/airflow/example_dags/example_task_group.py took 0.072 seconds
[2023-05-26T20:33:07.037+0000] {processor.py:157} INFO - Started process (PID=537) to work on /home/airflow/.local/lib/python3.7/site-packages/airflow/example_dags/example_task_group.py
[2023-05-26T20:33:07.039+0000] {processor.py:826} INFO - Processing file /home/airflow/.local/lib/python3.7/site-packages/airflow/example_dags/example_task_group.py for tasks to queue
[2023-05-26T20:33:07.039+0000] {logging_mixin.py:149} INFO - [2023-05-26T20:33:07.039+0000] {dagbag.py:541} INFO - Filling up the DagBag from /home/airflow/.local/lib/python3.7/site-packages/airflow/example_dags/example_task_group.py
[2023-05-26T20:33:07.046+0000] {processor.py:836} INFO - DAG(s) dict_keys(['example_task_group']) retrieved from /home/airflow/.local/lib/python3.7/site-packages/airflow/example_dags/example_task_group.py
[2023-05-26T20:33:07.080+0000] {logging_mixin.py:149} INFO - [2023-05-26T20:33:07.079+0000] {dag.py:2726} INFO - Sync 1 DAGs
[2023-05-26T20:33:07.102+0000] {logging_mixin.py:149} INFO - [2023-05-26T20:33:07.102+0000] {dag.py:3490} INFO - Setting next_dagrun for example_task_group to 2023-05-25T20:33:07.102028+00:00, run_after=2023-05-26T20:33:07.102028+00:00
[2023-05-26T20:33:07.117+0000] {processor.py:179} INFO - Processing /home/airflow/.local/lib/python3.7/site-packages/airflow/example_dags/example_task_group.py took 0.082 seconds
[2023-05-26T20:33:37.569+0000] {processor.py:157} INFO - Started process (PID=593) to work on /home/airflow/.local/lib/python3.7/site-packages/airflow/example_dags/example_task_group.py
[2023-05-26T20:33:37.571+0000] {processor.py:826} INFO - Processing file /home/airflow/.local/lib/python3.7/site-packages/airflow/example_dags/example_task_group.py for tasks to queue
[2023-05-26T20:33:37.572+0000] {logging_mixin.py:149} INFO - [2023-05-26T20:33:37.572+0000] {dagbag.py:541} INFO - Filling up the DagBag from /home/airflow/.local/lib/python3.7/site-packages/airflow/example_dags/example_task_group.py
[2023-05-26T20:33:37.581+0000] {processor.py:836} INFO - DAG(s) dict_keys(['example_task_group']) retrieved from /home/airflow/.local/lib/python3.7/site-packages/airflow/example_dags/example_task_group.py
[2023-05-26T20:33:37.602+0000] {logging_mixin.py:149} INFO - [2023-05-26T20:33:37.602+0000] {dag.py:2726} INFO - Sync 1 DAGs
[2023-05-26T20:33:37.618+0000] {logging_mixin.py:149} INFO - [2023-05-26T20:33:37.618+0000] {dag.py:3490} INFO - Setting next_dagrun for example_task_group to 2023-05-25T20:33:37.617813+00:00, run_after=2023-05-26T20:33:37.617813+00:00
[2023-05-26T20:33:37.630+0000] {processor.py:179} INFO - Processing /home/airflow/.local/lib/python3.7/site-packages/airflow/example_dags/example_task_group.py took 0.065 seconds
[2023-05-26T20:34:08.083+0000] {processor.py:157} INFO - Started process (PID=649) to work on /home/airflow/.local/lib/python3.7/site-packages/airflow/example_dags/example_task_group.py
[2023-05-26T20:34:08.086+0000] {processor.py:826} INFO - Processing file /home/airflow/.local/lib/python3.7/site-packages/airflow/example_dags/example_task_group.py for tasks to queue
[2023-05-26T20:34:08.087+0000] {logging_mixin.py:149} INFO - [2023-05-26T20:34:08.087+0000] {dagbag.py:541} INFO - Filling up the DagBag from /home/airflow/.local/lib/python3.7/site-packages/airflow/example_dags/example_task_group.py
[2023-05-26T20:34:08.097+0000] {processor.py:836} INFO - DAG(s) dict_keys(['example_task_group']) retrieved from /home/airflow/.local/lib/python3.7/site-packages/airflow/example_dags/example_task_group.py
[2023-05-26T20:34:08.121+0000] {logging_mixin.py:149} INFO - [2023-05-26T20:34:08.121+0000] {dag.py:2726} INFO - Sync 1 DAGs
[2023-05-26T20:34:08.138+0000] {logging_mixin.py:149} INFO - [2023-05-26T20:34:08.138+0000] {dag.py:3490} INFO - Setting next_dagrun for example_task_group to 2023-05-25T20:34:08.138214+00:00, run_after=2023-05-26T20:34:08.138214+00:00
[2023-05-26T20:34:08.151+0000] {processor.py:179} INFO - Processing /home/airflow/.local/lib/python3.7/site-packages/airflow/example_dags/example_task_group.py took 0.072 seconds
[2023-05-26T20:34:38.599+0000] {processor.py:157} INFO - Started process (PID=705) to work on /home/airflow/.local/lib/python3.7/site-packages/airflow/example_dags/example_task_group.py
[2023-05-26T20:34:38.601+0000] {processor.py:826} INFO - Processing file /home/airflow/.local/lib/python3.7/site-packages/airflow/example_dags/example_task_group.py for tasks to queue
[2023-05-26T20:34:38.603+0000] {logging_mixin.py:149} INFO - [2023-05-26T20:34:38.603+0000] {dagbag.py:541} INFO - Filling up the DagBag from /home/airflow/.local/lib/python3.7/site-packages/airflow/example_dags/example_task_group.py
[2023-05-26T20:34:38.612+0000] {processor.py:836} INFO - DAG(s) dict_keys(['example_task_group']) retrieved from /home/airflow/.local/lib/python3.7/site-packages/airflow/example_dags/example_task_group.py
[2023-05-26T20:34:38.635+0000] {logging_mixin.py:149} INFO - [2023-05-26T20:34:38.635+0000] {dag.py:2726} INFO - Sync 1 DAGs
[2023-05-26T20:34:38.651+0000] {logging_mixin.py:149} INFO - [2023-05-26T20:34:38.651+0000] {dag.py:3490} INFO - Setting next_dagrun for example_task_group to 2023-05-25T20:34:38.651218+00:00, run_after=2023-05-26T20:34:38.651218+00:00
[2023-05-26T20:34:38.664+0000] {processor.py:179} INFO - Processing /home/airflow/.local/lib/python3.7/site-packages/airflow/example_dags/example_task_group.py took 0.071 seconds
[2023-05-26T20:35:09.003+0000] {processor.py:157} INFO - Started process (PID=762) to work on /home/airflow/.local/lib/python3.7/site-packages/airflow/example_dags/example_task_group.py
[2023-05-26T20:35:09.006+0000] {processor.py:826} INFO - Processing file /home/airflow/.local/lib/python3.7/site-packages/airflow/example_dags/example_task_group.py for tasks to queue
[2023-05-26T20:35:09.007+0000] {logging_mixin.py:149} INFO - [2023-05-26T20:35:09.007+0000] {dagbag.py:541} INFO - Filling up the DagBag from /home/airflow/.local/lib/python3.7/site-packages/airflow/example_dags/example_task_group.py
[2023-05-26T20:35:09.017+0000] {processor.py:836} INFO - DAG(s) dict_keys(['example_task_group']) retrieved from /home/airflow/.local/lib/python3.7/site-packages/airflow/example_dags/example_task_group.py
[2023-05-26T20:35:09.043+0000] {logging_mixin.py:149} INFO - [2023-05-26T20:35:09.043+0000] {dag.py:2726} INFO - Sync 1 DAGs
[2023-05-26T20:35:09.060+0000] {logging_mixin.py:149} INFO - [2023-05-26T20:35:09.060+0000] {dag.py:3490} INFO - Setting next_dagrun for example_task_group to 2023-05-25T20:35:09.059925+00:00, run_after=2023-05-26T20:35:09.059925+00:00
[2023-05-26T20:35:09.072+0000] {processor.py:179} INFO - Processing /home/airflow/.local/lib/python3.7/site-packages/airflow/example_dags/example_task_group.py took 0.073 seconds
[2023-05-26T20:35:39.450+0000] {processor.py:157} INFO - Started process (PID=818) to work on /home/airflow/.local/lib/python3.7/site-packages/airflow/example_dags/example_task_group.py
[2023-05-26T20:35:39.453+0000] {processor.py:826} INFO - Processing file /home/airflow/.local/lib/python3.7/site-packages/airflow/example_dags/example_task_group.py for tasks to queue
[2023-05-26T20:35:39.455+0000] {logging_mixin.py:149} INFO - [2023-05-26T20:35:39.454+0000] {dagbag.py:541} INFO - Filling up the DagBag from /home/airflow/.local/lib/python3.7/site-packages/airflow/example_dags/example_task_group.py
[2023-05-26T20:35:39.466+0000] {processor.py:836} INFO - DAG(s) dict_keys(['example_task_group']) retrieved from /home/airflow/.local/lib/python3.7/site-packages/airflow/example_dags/example_task_group.py
[2023-05-26T20:35:39.491+0000] {logging_mixin.py:149} INFO - [2023-05-26T20:35:39.490+0000] {dag.py:2726} INFO - Sync 1 DAGs
[2023-05-26T20:35:39.506+0000] {logging_mixin.py:149} INFO - [2023-05-26T20:35:39.506+0000] {dag.py:3490} INFO - Setting next_dagrun for example_task_group to 2023-05-25T20:35:39.506204+00:00, run_after=2023-05-26T20:35:39.506204+00:00
[2023-05-26T20:35:39.518+0000] {processor.py:179} INFO - Processing /home/airflow/.local/lib/python3.7/site-packages/airflow/example_dags/example_task_group.py took 0.074 seconds
[2023-05-26T20:36:09.843+0000] {processor.py:157} INFO - Started process (PID=874) to work on /home/airflow/.local/lib/python3.7/site-packages/airflow/example_dags/example_task_group.py
[2023-05-26T20:36:09.845+0000] {processor.py:826} INFO - Processing file /home/airflow/.local/lib/python3.7/site-packages/airflow/example_dags/example_task_group.py for tasks to queue
[2023-05-26T20:36:09.847+0000] {logging_mixin.py:149} INFO - [2023-05-26T20:36:09.846+0000] {dagbag.py:541} INFO - Filling up the DagBag from /home/airflow/.local/lib/python3.7/site-packages/airflow/example_dags/example_task_group.py
[2023-05-26T20:36:09.856+0000] {processor.py:836} INFO - DAG(s) dict_keys(['example_task_group']) retrieved from /home/airflow/.local/lib/python3.7/site-packages/airflow/example_dags/example_task_group.py
[2023-05-26T20:36:09.879+0000] {logging_mixin.py:149} INFO - [2023-05-26T20:36:09.879+0000] {dag.py:2726} INFO - Sync 1 DAGs
[2023-05-26T20:36:09.895+0000] {logging_mixin.py:149} INFO - [2023-05-26T20:36:09.895+0000] {dag.py:3490} INFO - Setting next_dagrun for example_task_group to 2023-05-25T20:36:09.894868+00:00, run_after=2023-05-26T20:36:09.894868+00:00
[2023-05-26T20:36:09.906+0000] {processor.py:179} INFO - Processing /home/airflow/.local/lib/python3.7/site-packages/airflow/example_dags/example_task_group.py took 0.067 seconds
[2023-05-26T20:36:40.199+0000] {processor.py:157} INFO - Started process (PID=930) to work on /home/airflow/.local/lib/python3.7/site-packages/airflow/example_dags/example_task_group.py
[2023-05-26T20:36:40.201+0000] {processor.py:826} INFO - Processing file /home/airflow/.local/lib/python3.7/site-packages/airflow/example_dags/example_task_group.py for tasks to queue
[2023-05-26T20:36:40.202+0000] {logging_mixin.py:149} INFO - [2023-05-26T20:36:40.202+0000] {dagbag.py:541} INFO - Filling up the DagBag from /home/airflow/.local/lib/python3.7/site-packages/airflow/example_dags/example_task_group.py
[2023-05-26T20:36:40.208+0000] {processor.py:836} INFO - DAG(s) dict_keys(['example_task_group']) retrieved from /home/airflow/.local/lib/python3.7/site-packages/airflow/example_dags/example_task_group.py
[2023-05-26T20:36:40.234+0000] {logging_mixin.py:149} INFO - [2023-05-26T20:36:40.233+0000] {dag.py:2726} INFO - Sync 1 DAGs
[2023-05-26T20:36:40.256+0000] {logging_mixin.py:149} INFO - [2023-05-26T20:36:40.256+0000] {dag.py:3490} INFO - Setting next_dagrun for example_task_group to 2023-05-25T20:36:40.256154+00:00, run_after=2023-05-26T20:36:40.256154+00:00
[2023-05-26T20:36:40.272+0000] {processor.py:179} INFO - Processing /home/airflow/.local/lib/python3.7/site-packages/airflow/example_dags/example_task_group.py took 0.075 seconds
[2023-05-26T20:37:10.540+0000] {processor.py:157} INFO - Started process (PID=986) to work on /home/airflow/.local/lib/python3.7/site-packages/airflow/example_dags/example_task_group.py
[2023-05-26T20:37:10.541+0000] {processor.py:826} INFO - Processing file /home/airflow/.local/lib/python3.7/site-packages/airflow/example_dags/example_task_group.py for tasks to queue
[2023-05-26T20:37:10.542+0000] {logging_mixin.py:149} INFO - [2023-05-26T20:37:10.542+0000] {dagbag.py:541} INFO - Filling up the DagBag from /home/airflow/.local/lib/python3.7/site-packages/airflow/example_dags/example_task_group.py
[2023-05-26T20:37:10.548+0000] {processor.py:836} INFO - DAG(s) dict_keys(['example_task_group']) retrieved from /home/airflow/.local/lib/python3.7/site-packages/airflow/example_dags/example_task_group.py
[2023-05-26T20:37:10.568+0000] {logging_mixin.py:149} INFO - [2023-05-26T20:37:10.568+0000] {dag.py:2726} INFO - Sync 1 DAGs
[2023-05-26T20:37:10.583+0000] {logging_mixin.py:149} INFO - [2023-05-26T20:37:10.583+0000] {dag.py:3490} INFO - Setting next_dagrun for example_task_group to 2023-05-25T20:37:10.583221+00:00, run_after=2023-05-26T20:37:10.583221+00:00
[2023-05-26T20:37:10.595+0000] {processor.py:179} INFO - Processing /home/airflow/.local/lib/python3.7/site-packages/airflow/example_dags/example_task_group.py took 0.057 seconds
[2023-05-26T20:37:40.882+0000] {processor.py:157} INFO - Started process (PID=1042) to work on /home/airflow/.local/lib/python3.7/site-packages/airflow/example_dags/example_task_group.py
[2023-05-26T20:37:40.884+0000] {processor.py:826} INFO - Processing file /home/airflow/.local/lib/python3.7/site-packages/airflow/example_dags/example_task_group.py for tasks to queue
[2023-05-26T20:37:40.885+0000] {logging_mixin.py:149} INFO - [2023-05-26T20:37:40.885+0000] {dagbag.py:541} INFO - Filling up the DagBag from /home/airflow/.local/lib/python3.7/site-packages/airflow/example_dags/example_task_group.py
[2023-05-26T20:37:40.892+0000] {processor.py:836} INFO - DAG(s) dict_keys(['example_task_group']) retrieved from /home/airflow/.local/lib/python3.7/site-packages/airflow/example_dags/example_task_group.py
[2023-05-26T20:37:40.913+0000] {logging_mixin.py:149} INFO - [2023-05-26T20:37:40.913+0000] {dag.py:2726} INFO - Sync 1 DAGs
[2023-05-26T20:37:40.928+0000] {logging_mixin.py:149} INFO - [2023-05-26T20:37:40.928+0000] {dag.py:3490} INFO - Setting next_dagrun for example_task_group to 2023-05-25T20:37:40.928619+00:00, run_after=2023-05-26T20:37:40.928619+00:00
[2023-05-26T20:37:40.953+0000] {processor.py:179} INFO - Processing /home/airflow/.local/lib/python3.7/site-packages/airflow/example_dags/example_task_group.py took 0.075 seconds
[2023-05-26T20:38:11.225+0000] {processor.py:157} INFO - Started process (PID=1098) to work on /home/airflow/.local/lib/python3.7/site-packages/airflow/example_dags/example_task_group.py
[2023-05-26T20:38:11.227+0000] {processor.py:826} INFO - Processing file /home/airflow/.local/lib/python3.7/site-packages/airflow/example_dags/example_task_group.py for tasks to queue
[2023-05-26T20:38:11.228+0000] {logging_mixin.py:149} INFO - [2023-05-26T20:38:11.228+0000] {dagbag.py:541} INFO - Filling up the DagBag from /home/airflow/.local/lib/python3.7/site-packages/airflow/example_dags/example_task_group.py
[2023-05-26T20:38:11.236+0000] {processor.py:836} INFO - DAG(s) dict_keys(['example_task_group']) retrieved from /home/airflow/.local/lib/python3.7/site-packages/airflow/example_dags/example_task_group.py
[2023-05-26T20:38:11.259+0000] {logging_mixin.py:149} INFO - [2023-05-26T20:38:11.259+0000] {dag.py:2726} INFO - Sync 1 DAGs
[2023-05-26T20:38:11.275+0000] {logging_mixin.py:149} INFO - [2023-05-26T20:38:11.275+0000] {dag.py:3490} INFO - Setting next_dagrun for example_task_group to 2023-05-25T20:38:11.274892+00:00, run_after=2023-05-26T20:38:11.274892+00:00
[2023-05-26T20:38:11.287+0000] {processor.py:179} INFO - Processing /home/airflow/.local/lib/python3.7/site-packages/airflow/example_dags/example_task_group.py took 0.065 seconds
[2023-05-26T20:38:41.638+0000] {processor.py:157} INFO - Started process (PID=1155) to work on /home/airflow/.local/lib/python3.7/site-packages/airflow/example_dags/example_task_group.py
[2023-05-26T20:38:41.640+0000] {processor.py:826} INFO - Processing file /home/airflow/.local/lib/python3.7/site-packages/airflow/example_dags/example_task_group.py for tasks to queue
[2023-05-26T20:38:41.642+0000] {logging_mixin.py:149} INFO - [2023-05-26T20:38:41.642+0000] {dagbag.py:541} INFO - Filling up the DagBag from /home/airflow/.local/lib/python3.7/site-packages/airflow/example_dags/example_task_group.py
[2023-05-26T20:38:41.650+0000] {processor.py:836} INFO - DAG(s) dict_keys(['example_task_group']) retrieved from /home/airflow/.local/lib/python3.7/site-packages/airflow/example_dags/example_task_group.py
[2023-05-26T20:38:41.675+0000] {logging_mixin.py:149} INFO - [2023-05-26T20:38:41.675+0000] {dag.py:2726} INFO - Sync 1 DAGs
[2023-05-26T20:38:41.691+0000] {logging_mixin.py:149} INFO - [2023-05-26T20:38:41.690+0000] {dag.py:3490} INFO - Setting next_dagrun for example_task_group to 2023-05-25T20:38:41.690734+00:00, run_after=2023-05-26T20:38:41.690734+00:00
[2023-05-26T20:38:41.704+0000] {processor.py:179} INFO - Processing /home/airflow/.local/lib/python3.7/site-packages/airflow/example_dags/example_task_group.py took 0.070 seconds
[2023-05-26T20:39:11.976+0000] {processor.py:157} INFO - Started process (PID=1211) to work on /home/airflow/.local/lib/python3.7/site-packages/airflow/example_dags/example_task_group.py
[2023-05-26T20:39:11.978+0000] {processor.py:826} INFO - Processing file /home/airflow/.local/lib/python3.7/site-packages/airflow/example_dags/example_task_group.py for tasks to queue
[2023-05-26T20:39:11.979+0000] {logging_mixin.py:149} INFO - [2023-05-26T20:39:11.979+0000] {dagbag.py:541} INFO - Filling up the DagBag from /home/airflow/.local/lib/python3.7/site-packages/airflow/example_dags/example_task_group.py
[2023-05-26T20:39:11.989+0000] {processor.py:836} INFO - DAG(s) dict_keys(['example_task_group']) retrieved from /home/airflow/.local/lib/python3.7/site-packages/airflow/example_dags/example_task_group.py
[2023-05-26T20:39:12.016+0000] {logging_mixin.py:149} INFO - [2023-05-26T20:39:12.016+0000] {dag.py:2726} INFO - Sync 1 DAGs
[2023-05-26T20:39:12.033+0000] {logging_mixin.py:149} INFO - [2023-05-26T20:39:12.033+0000] {dag.py:3490} INFO - Setting next_dagrun for example_task_group to 2023-05-25T20:39:12.033119+00:00, run_after=2023-05-26T20:39:12.033119+00:00
[2023-05-26T20:39:12.045+0000] {processor.py:179} INFO - Processing /home/airflow/.local/lib/python3.7/site-packages/airflow/example_dags/example_task_group.py took 0.074 seconds
[2023-05-26T20:39:42.307+0000] {processor.py:157} INFO - Started process (PID=1267) to work on /home/airflow/.local/lib/python3.7/site-packages/airflow/example_dags/example_task_group.py
[2023-05-26T20:39:42.310+0000] {processor.py:826} INFO - Processing file /home/airflow/.local/lib/python3.7/site-packages/airflow/example_dags/example_task_group.py for tasks to queue
[2023-05-26T20:39:42.311+0000] {logging_mixin.py:149} INFO - [2023-05-26T20:39:42.311+0000] {dagbag.py:541} INFO - Filling up the DagBag from /home/airflow/.local/lib/python3.7/site-packages/airflow/example_dags/example_task_group.py
[2023-05-26T20:39:42.320+0000] {processor.py:836} INFO - DAG(s) dict_keys(['example_task_group']) retrieved from /home/airflow/.local/lib/python3.7/site-packages/airflow/example_dags/example_task_group.py
[2023-05-26T20:39:42.344+0000] {logging_mixin.py:149} INFO - [2023-05-26T20:39:42.344+0000] {dag.py:2726} INFO - Sync 1 DAGs
[2023-05-26T20:39:42.360+0000] {logging_mixin.py:149} INFO - [2023-05-26T20:39:42.360+0000] {dag.py:3490} INFO - Setting next_dagrun for example_task_group to 2023-05-25T20:39:42.359803+00:00, run_after=2023-05-26T20:39:42.359803+00:00
[2023-05-26T20:39:42.372+0000] {processor.py:179} INFO - Processing /home/airflow/.local/lib/python3.7/site-packages/airflow/example_dags/example_task_group.py took 0.070 seconds
[2023-05-26T20:40:12.605+0000] {processor.py:157} INFO - Started process (PID=1324) to work on /home/airflow/.local/lib/python3.7/site-packages/airflow/example_dags/example_task_group.py
[2023-05-26T20:40:12.607+0000] {processor.py:826} INFO - Processing file /home/airflow/.local/lib/python3.7/site-packages/airflow/example_dags/example_task_group.py for tasks to queue
[2023-05-26T20:40:12.609+0000] {logging_mixin.py:149} INFO - [2023-05-26T20:40:12.609+0000] {dagbag.py:541} INFO - Filling up the DagBag from /home/airflow/.local/lib/python3.7/site-packages/airflow/example_dags/example_task_group.py
[2023-05-26T20:40:12.615+0000] {processor.py:836} INFO - DAG(s) dict_keys(['example_task_group']) retrieved from /home/airflow/.local/lib/python3.7/site-packages/airflow/example_dags/example_task_group.py
[2023-05-26T20:40:12.640+0000] {logging_mixin.py:149} INFO - [2023-05-26T20:40:12.640+0000] {dag.py:2726} INFO - Sync 1 DAGs
[2023-05-26T20:40:12.656+0000] {logging_mixin.py:149} INFO - [2023-05-26T20:40:12.656+0000] {dag.py:3490} INFO - Setting next_dagrun for example_task_group to 2023-05-25T20:40:12.656700+00:00, run_after=2023-05-26T20:40:12.656700+00:00
[2023-05-26T20:40:12.669+0000] {processor.py:179} INFO - Processing /home/airflow/.local/lib/python3.7/site-packages/airflow/example_dags/example_task_group.py took 0.067 seconds
[2023-05-26T20:40:43.162+0000] {processor.py:157} INFO - Started process (PID=1380) to work on /home/airflow/.local/lib/python3.7/site-packages/airflow/example_dags/example_task_group.py
[2023-05-26T20:40:43.164+0000] {processor.py:826} INFO - Processing file /home/airflow/.local/lib/python3.7/site-packages/airflow/example_dags/example_task_group.py for tasks to queue
[2023-05-26T20:40:43.165+0000] {logging_mixin.py:149} INFO - [2023-05-26T20:40:43.165+0000] {dagbag.py:541} INFO - Filling up the DagBag from /home/airflow/.local/lib/python3.7/site-packages/airflow/example_dags/example_task_group.py
[2023-05-26T20:40:43.172+0000] {processor.py:836} INFO - DAG(s) dict_keys(['example_task_group']) retrieved from /home/airflow/.local/lib/python3.7/site-packages/airflow/example_dags/example_task_group.py
[2023-05-26T20:40:43.193+0000] {logging_mixin.py:149} INFO - [2023-05-26T20:40:43.193+0000] {dag.py:2726} INFO - Sync 1 DAGs
[2023-05-26T20:40:43.208+0000] {logging_mixin.py:149} INFO - [2023-05-26T20:40:43.208+0000] {dag.py:3490} INFO - Setting next_dagrun for example_task_group to 2023-05-25T20:40:43.208281+00:00, run_after=2023-05-26T20:40:43.208281+00:00
[2023-05-26T20:40:43.221+0000] {processor.py:179} INFO - Processing /home/airflow/.local/lib/python3.7/site-packages/airflow/example_dags/example_task_group.py took 0.062 seconds
[2023-05-26T20:41:13.643+0000] {processor.py:157} INFO - Started process (PID=1437) to work on /home/airflow/.local/lib/python3.7/site-packages/airflow/example_dags/example_task_group.py
[2023-05-26T20:41:13.646+0000] {processor.py:826} INFO - Processing file /home/airflow/.local/lib/python3.7/site-packages/airflow/example_dags/example_task_group.py for tasks to queue
[2023-05-26T20:41:13.649+0000] {logging_mixin.py:149} INFO - [2023-05-26T20:41:13.649+0000] {dagbag.py:541} INFO - Filling up the DagBag from /home/airflow/.local/lib/python3.7/site-packages/airflow/example_dags/example_task_group.py
[2023-05-26T20:41:13.657+0000] {processor.py:836} INFO - DAG(s) dict_keys(['example_task_group']) retrieved from /home/airflow/.local/lib/python3.7/site-packages/airflow/example_dags/example_task_group.py
[2023-05-26T20:41:13.680+0000] {logging_mixin.py:149} INFO - [2023-05-26T20:41:13.680+0000] {dag.py:2726} INFO - Sync 1 DAGs
[2023-05-26T20:41:13.696+0000] {logging_mixin.py:149} INFO - [2023-05-26T20:41:13.696+0000] {dag.py:3490} INFO - Setting next_dagrun for example_task_group to 2023-05-25T20:41:13.696073+00:00, run_after=2023-05-26T20:41:13.696073+00:00
[2023-05-26T20:41:13.709+0000] {processor.py:179} INFO - Processing /home/airflow/.local/lib/python3.7/site-packages/airflow/example_dags/example_task_group.py took 0.070 seconds
[2023-05-26T20:41:44.041+0000] {processor.py:157} INFO - Started process (PID=1493) to work on /home/airflow/.local/lib/python3.7/site-packages/airflow/example_dags/example_task_group.py
[2023-05-26T20:41:44.044+0000] {processor.py:826} INFO - Processing file /home/airflow/.local/lib/python3.7/site-packages/airflow/example_dags/example_task_group.py for tasks to queue
[2023-05-26T20:41:44.045+0000] {logging_mixin.py:149} INFO - [2023-05-26T20:41:44.045+0000] {dagbag.py:541} INFO - Filling up the DagBag from /home/airflow/.local/lib/python3.7/site-packages/airflow/example_dags/example_task_group.py
[2023-05-26T20:41:44.054+0000] {processor.py:836} INFO - DAG(s) dict_keys(['example_task_group']) retrieved from /home/airflow/.local/lib/python3.7/site-packages/airflow/example_dags/example_task_group.py
[2023-05-26T20:41:44.076+0000] {logging_mixin.py:149} INFO - [2023-05-26T20:41:44.076+0000] {dag.py:2726} INFO - Sync 1 DAGs
[2023-05-26T20:41:44.092+0000] {logging_mixin.py:149} INFO - [2023-05-26T20:41:44.091+0000] {dag.py:3490} INFO - Setting next_dagrun for example_task_group to 2023-05-25T20:41:44.091752+00:00, run_after=2023-05-26T20:41:44.091752+00:00
[2023-05-26T20:41:44.104+0000] {processor.py:179} INFO - Processing /home/airflow/.local/lib/python3.7/site-packages/airflow/example_dags/example_task_group.py took 0.067 seconds
[2023-05-26T20:42:14.353+0000] {processor.py:157} INFO - Started process (PID=1549) to work on /home/airflow/.local/lib/python3.7/site-packages/airflow/example_dags/example_task_group.py
[2023-05-26T20:42:14.355+0000] {processor.py:826} INFO - Processing file /home/airflow/.local/lib/python3.7/site-packages/airflow/example_dags/example_task_group.py for tasks to queue
[2023-05-26T20:42:14.356+0000] {logging_mixin.py:149} INFO - [2023-05-26T20:42:14.356+0000] {dagbag.py:541} INFO - Filling up the DagBag from /home/airflow/.local/lib/python3.7/site-packages/airflow/example_dags/example_task_group.py
[2023-05-26T20:42:14.366+0000] {processor.py:836} INFO - DAG(s) dict_keys(['example_task_group']) retrieved from /home/airflow/.local/lib/python3.7/site-packages/airflow/example_dags/example_task_group.py
[2023-05-26T20:42:14.391+0000] {logging_mixin.py:149} INFO - [2023-05-26T20:42:14.391+0000] {dag.py:2726} INFO - Sync 1 DAGs
[2023-05-26T20:42:14.407+0000] {logging_mixin.py:149} INFO - [2023-05-26T20:42:14.407+0000] {dag.py:3490} INFO - Setting next_dagrun for example_task_group to 2023-05-25T20:42:14.407466+00:00, run_after=2023-05-26T20:42:14.407466+00:00
[2023-05-26T20:42:14.419+0000] {processor.py:179} INFO - Processing /home/airflow/.local/lib/python3.7/site-packages/airflow/example_dags/example_task_group.py took 0.071 seconds
[2023-05-26T20:42:44.817+0000] {processor.py:157} INFO - Started process (PID=1605) to work on /home/airflow/.local/lib/python3.7/site-packages/airflow/example_dags/example_task_group.py
[2023-05-26T20:42:44.820+0000] {processor.py:826} INFO - Processing file /home/airflow/.local/lib/python3.7/site-packages/airflow/example_dags/example_task_group.py for tasks to queue
[2023-05-26T20:42:44.821+0000] {logging_mixin.py:149} INFO - [2023-05-26T20:42:44.821+0000] {dagbag.py:541} INFO - Filling up the DagBag from /home/airflow/.local/lib/python3.7/site-packages/airflow/example_dags/example_task_group.py
[2023-05-26T20:42:44.829+0000] {processor.py:836} INFO - DAG(s) dict_keys(['example_task_group']) retrieved from /home/airflow/.local/lib/python3.7/site-packages/airflow/example_dags/example_task_group.py
[2023-05-26T20:42:44.851+0000] {logging_mixin.py:149} INFO - [2023-05-26T20:42:44.851+0000] {dag.py:2726} INFO - Sync 1 DAGs
[2023-05-26T20:42:44.867+0000] {logging_mixin.py:149} INFO - [2023-05-26T20:42:44.867+0000] {dag.py:3490} INFO - Setting next_dagrun for example_task_group to 2023-05-25T20:42:44.867017+00:00, run_after=2023-05-26T20:42:44.867017+00:00
[2023-05-26T20:42:44.879+0000] {processor.py:179} INFO - Processing /home/airflow/.local/lib/python3.7/site-packages/airflow/example_dags/example_task_group.py took 0.066 seconds
[2023-05-26T20:43:15.310+0000] {processor.py:157} INFO - Started process (PID=1661) to work on /home/airflow/.local/lib/python3.7/site-packages/airflow/example_dags/example_task_group.py
[2023-05-26T20:43:15.312+0000] {processor.py:826} INFO - Processing file /home/airflow/.local/lib/python3.7/site-packages/airflow/example_dags/example_task_group.py for tasks to queue
[2023-05-26T20:43:15.313+0000] {logging_mixin.py:149} INFO - [2023-05-26T20:43:15.313+0000] {dagbag.py:541} INFO - Filling up the DagBag from /home/airflow/.local/lib/python3.7/site-packages/airflow/example_dags/example_task_group.py
[2023-05-26T20:43:15.324+0000] {processor.py:836} INFO - DAG(s) dict_keys(['example_task_group']) retrieved from /home/airflow/.local/lib/python3.7/site-packages/airflow/example_dags/example_task_group.py
[2023-05-26T20:43:15.347+0000] {logging_mixin.py:149} INFO - [2023-05-26T20:43:15.347+0000] {dag.py:2726} INFO - Sync 1 DAGs
[2023-05-26T20:43:15.363+0000] {logging_mixin.py:149} INFO - [2023-05-26T20:43:15.363+0000] {dag.py:3490} INFO - Setting next_dagrun for example_task_group to 2023-05-25T20:43:15.362965+00:00, run_after=2023-05-26T20:43:15.362965+00:00
[2023-05-26T20:43:15.375+0000] {processor.py:179} INFO - Processing /home/airflow/.local/lib/python3.7/site-packages/airflow/example_dags/example_task_group.py took 0.070 seconds
[2023-05-26T20:43:45.744+0000] {processor.py:157} INFO - Started process (PID=1717) to work on /home/airflow/.local/lib/python3.7/site-packages/airflow/example_dags/example_task_group.py
[2023-05-26T20:43:45.746+0000] {processor.py:826} INFO - Processing file /home/airflow/.local/lib/python3.7/site-packages/airflow/example_dags/example_task_group.py for tasks to queue
[2023-05-26T20:43:45.747+0000] {logging_mixin.py:149} INFO - [2023-05-26T20:43:45.747+0000] {dagbag.py:541} INFO - Filling up the DagBag from /home/airflow/.local/lib/python3.7/site-packages/airflow/example_dags/example_task_group.py
[2023-05-26T20:43:45.755+0000] {processor.py:836} INFO - DAG(s) dict_keys(['example_task_group']) retrieved from /home/airflow/.local/lib/python3.7/site-packages/airflow/example_dags/example_task_group.py
[2023-05-26T20:43:45.779+0000] {logging_mixin.py:149} INFO - [2023-05-26T20:43:45.779+0000] {dag.py:2726} INFO - Sync 1 DAGs
[2023-05-26T20:43:45.794+0000] {logging_mixin.py:149} INFO - [2023-05-26T20:43:45.794+0000] {dag.py:3490} INFO - Setting next_dagrun for example_task_group to 2023-05-25T20:43:45.794303+00:00, run_after=2023-05-26T20:43:45.794303+00:00
[2023-05-26T20:43:45.806+0000] {processor.py:179} INFO - Processing /home/airflow/.local/lib/python3.7/site-packages/airflow/example_dags/example_task_group.py took 0.067 seconds
[2023-05-26T20:44:16.016+0000] {processor.py:157} INFO - Started process (PID=1773) to work on /home/airflow/.local/lib/python3.7/site-packages/airflow/example_dags/example_task_group.py
[2023-05-26T20:44:16.017+0000] {processor.py:826} INFO - Processing file /home/airflow/.local/lib/python3.7/site-packages/airflow/example_dags/example_task_group.py for tasks to queue
[2023-05-26T20:44:16.018+0000] {logging_mixin.py:149} INFO - [2023-05-26T20:44:16.018+0000] {dagbag.py:541} INFO - Filling up the DagBag from /home/airflow/.local/lib/python3.7/site-packages/airflow/example_dags/example_task_group.py
[2023-05-26T20:44:16.024+0000] {processor.py:836} INFO - DAG(s) dict_keys(['example_task_group']) retrieved from /home/airflow/.local/lib/python3.7/site-packages/airflow/example_dags/example_task_group.py
[2023-05-26T20:44:16.044+0000] {logging_mixin.py:149} INFO - [2023-05-26T20:44:16.044+0000] {dag.py:2726} INFO - Sync 1 DAGs
[2023-05-26T20:44:16.061+0000] {logging_mixin.py:149} INFO - [2023-05-26T20:44:16.060+0000] {dag.py:3490} INFO - Setting next_dagrun for example_task_group to 2023-05-25T20:44:16.060788+00:00, run_after=2023-05-26T20:44:16.060788+00:00
[2023-05-26T20:44:16.073+0000] {processor.py:179} INFO - Processing /home/airflow/.local/lib/python3.7/site-packages/airflow/example_dags/example_task_group.py took 0.060 seconds
[2023-05-26T20:44:46.418+0000] {processor.py:157} INFO - Started process (PID=1830) to work on /home/airflow/.local/lib/python3.7/site-packages/airflow/example_dags/example_task_group.py
[2023-05-26T20:44:46.420+0000] {processor.py:826} INFO - Processing file /home/airflow/.local/lib/python3.7/site-packages/airflow/example_dags/example_task_group.py for tasks to queue
[2023-05-26T20:44:46.421+0000] {logging_mixin.py:149} INFO - [2023-05-26T20:44:46.421+0000] {dagbag.py:541} INFO - Filling up the DagBag from /home/airflow/.local/lib/python3.7/site-packages/airflow/example_dags/example_task_group.py
[2023-05-26T20:44:46.429+0000] {processor.py:836} INFO - DAG(s) dict_keys(['example_task_group']) retrieved from /home/airflow/.local/lib/python3.7/site-packages/airflow/example_dags/example_task_group.py
[2023-05-26T20:44:46.450+0000] {logging_mixin.py:149} INFO - [2023-05-26T20:44:46.450+0000] {dag.py:2726} INFO - Sync 1 DAGs
[2023-05-26T20:44:46.466+0000] {logging_mixin.py:149} INFO - [2023-05-26T20:44:46.466+0000] {dag.py:3490} INFO - Setting next_dagrun for example_task_group to 2023-05-25T20:44:46.466357+00:00, run_after=2023-05-26T20:44:46.466357+00:00
[2023-05-26T20:44:46.479+0000] {processor.py:179} INFO - Processing /home/airflow/.local/lib/python3.7/site-packages/airflow/example_dags/example_task_group.py took 0.064 seconds
[2023-05-26T20:45:16.811+0000] {processor.py:157} INFO - Started process (PID=1886) to work on /home/airflow/.local/lib/python3.7/site-packages/airflow/example_dags/example_task_group.py
[2023-05-26T20:45:16.813+0000] {processor.py:826} INFO - Processing file /home/airflow/.local/lib/python3.7/site-packages/airflow/example_dags/example_task_group.py for tasks to queue
[2023-05-26T20:45:16.814+0000] {logging_mixin.py:149} INFO - [2023-05-26T20:45:16.814+0000] {dagbag.py:541} INFO - Filling up the DagBag from /home/airflow/.local/lib/python3.7/site-packages/airflow/example_dags/example_task_group.py
[2023-05-26T20:45:16.823+0000] {processor.py:836} INFO - DAG(s) dict_keys(['example_task_group']) retrieved from /home/airflow/.local/lib/python3.7/site-packages/airflow/example_dags/example_task_group.py
[2023-05-26T20:45:16.846+0000] {logging_mixin.py:149} INFO - [2023-05-26T20:45:16.846+0000] {dag.py:2726} INFO - Sync 1 DAGs
[2023-05-26T20:45:16.863+0000] {logging_mixin.py:149} INFO - [2023-05-26T20:45:16.863+0000] {dag.py:3490} INFO - Setting next_dagrun for example_task_group to 2023-05-25T20:45:16.862776+00:00, run_after=2023-05-26T20:45:16.862776+00:00
[2023-05-26T20:45:16.874+0000] {processor.py:179} INFO - Processing /home/airflow/.local/lib/python3.7/site-packages/airflow/example_dags/example_task_group.py took 0.069 seconds
[2023-05-26T20:45:47.186+0000] {processor.py:157} INFO - Started process (PID=1942) to work on /home/airflow/.local/lib/python3.7/site-packages/airflow/example_dags/example_task_group.py
[2023-05-26T20:45:47.188+0000] {processor.py:826} INFO - Processing file /home/airflow/.local/lib/python3.7/site-packages/airflow/example_dags/example_task_group.py for tasks to queue
[2023-05-26T20:45:47.189+0000] {logging_mixin.py:149} INFO - [2023-05-26T20:45:47.189+0000] {dagbag.py:541} INFO - Filling up the DagBag from /home/airflow/.local/lib/python3.7/site-packages/airflow/example_dags/example_task_group.py
[2023-05-26T20:45:47.200+0000] {processor.py:836} INFO - DAG(s) dict_keys(['example_task_group']) retrieved from /home/airflow/.local/lib/python3.7/site-packages/airflow/example_dags/example_task_group.py
[2023-05-26T20:45:47.223+0000] {logging_mixin.py:149} INFO - [2023-05-26T20:45:47.223+0000] {dag.py:2726} INFO - Sync 1 DAGs
[2023-05-26T20:45:47.240+0000] {logging_mixin.py:149} INFO - [2023-05-26T20:45:47.240+0000] {dag.py:3490} INFO - Setting next_dagrun for example_task_group to 2023-05-25T20:45:47.240299+00:00, run_after=2023-05-26T20:45:47.240299+00:00
[2023-05-26T20:45:47.253+0000] {processor.py:179} INFO - Processing /home/airflow/.local/lib/python3.7/site-packages/airflow/example_dags/example_task_group.py took 0.073 seconds
[2023-05-26T20:46:17.727+0000] {processor.py:157} INFO - Started process (PID=1998) to work on /home/airflow/.local/lib/python3.7/site-packages/airflow/example_dags/example_task_group.py
[2023-05-26T20:46:17.729+0000] {processor.py:826} INFO - Processing file /home/airflow/.local/lib/python3.7/site-packages/airflow/example_dags/example_task_group.py for tasks to queue
[2023-05-26T20:46:17.731+0000] {logging_mixin.py:149} INFO - [2023-05-26T20:46:17.730+0000] {dagbag.py:541} INFO - Filling up the DagBag from /home/airflow/.local/lib/python3.7/site-packages/airflow/example_dags/example_task_group.py
[2023-05-26T20:46:17.740+0000] {processor.py:836} INFO - DAG(s) dict_keys(['example_task_group']) retrieved from /home/airflow/.local/lib/python3.7/site-packages/airflow/example_dags/example_task_group.py
[2023-05-26T20:46:17.766+0000] {logging_mixin.py:149} INFO - [2023-05-26T20:46:17.765+0000] {dag.py:2726} INFO - Sync 1 DAGs
[2023-05-26T20:46:17.781+0000] {logging_mixin.py:149} INFO - [2023-05-26T20:46:17.781+0000] {dag.py:3490} INFO - Setting next_dagrun for example_task_group to 2023-05-25T20:46:17.781383+00:00, run_after=2023-05-26T20:46:17.781383+00:00
[2023-05-26T20:46:17.794+0000] {processor.py:179} INFO - Processing /home/airflow/.local/lib/python3.7/site-packages/airflow/example_dags/example_task_group.py took 0.073 seconds
[2023-05-26T20:46:48.365+0000] {processor.py:157} INFO - Started process (PID=2054) to work on /home/airflow/.local/lib/python3.7/site-packages/airflow/example_dags/example_task_group.py
[2023-05-26T20:46:48.369+0000] {processor.py:826} INFO - Processing file /home/airflow/.local/lib/python3.7/site-packages/airflow/example_dags/example_task_group.py for tasks to queue
[2023-05-26T20:46:48.370+0000] {logging_mixin.py:149} INFO - [2023-05-26T20:46:48.370+0000] {dagbag.py:541} INFO - Filling up the DagBag from /home/airflow/.local/lib/python3.7/site-packages/airflow/example_dags/example_task_group.py
[2023-05-26T20:46:48.379+0000] {processor.py:836} INFO - DAG(s) dict_keys(['example_task_group']) retrieved from /home/airflow/.local/lib/python3.7/site-packages/airflow/example_dags/example_task_group.py
[2023-05-26T20:46:48.404+0000] {logging_mixin.py:149} INFO - [2023-05-26T20:46:48.404+0000] {dag.py:2726} INFO - Sync 1 DAGs
[2023-05-26T20:46:48.419+0000] {logging_mixin.py:149} INFO - [2023-05-26T20:46:48.419+0000] {dag.py:3490} INFO - Setting next_dagrun for example_task_group to 2023-05-25T20:46:48.419627+00:00, run_after=2023-05-26T20:46:48.419627+00:00
[2023-05-26T20:46:48.431+0000] {processor.py:179} INFO - Processing /home/airflow/.local/lib/python3.7/site-packages/airflow/example_dags/example_task_group.py took 0.070 seconds
[2023-05-26T20:47:19.087+0000] {processor.py:157} INFO - Started process (PID=2110) to work on /home/airflow/.local/lib/python3.7/site-packages/airflow/example_dags/example_task_group.py
[2023-05-26T20:47:19.090+0000] {processor.py:826} INFO - Processing file /home/airflow/.local/lib/python3.7/site-packages/airflow/example_dags/example_task_group.py for tasks to queue
[2023-05-26T20:47:19.092+0000] {logging_mixin.py:149} INFO - [2023-05-26T20:47:19.092+0000] {dagbag.py:541} INFO - Filling up the DagBag from /home/airflow/.local/lib/python3.7/site-packages/airflow/example_dags/example_task_group.py
[2023-05-26T20:47:19.103+0000] {processor.py:836} INFO - DAG(s) dict_keys(['example_task_group']) retrieved from /home/airflow/.local/lib/python3.7/site-packages/airflow/example_dags/example_task_group.py
[2023-05-26T20:47:19.129+0000] {logging_mixin.py:149} INFO - [2023-05-26T20:47:19.129+0000] {dag.py:2726} INFO - Sync 1 DAGs
[2023-05-26T20:47:19.145+0000] {logging_mixin.py:149} INFO - [2023-05-26T20:47:19.145+0000] {dag.py:3490} INFO - Setting next_dagrun for example_task_group to 2023-05-25T20:47:19.145580+00:00, run_after=2023-05-26T20:47:19.145580+00:00
[2023-05-26T20:47:19.157+0000] {processor.py:179} INFO - Processing /home/airflow/.local/lib/python3.7/site-packages/airflow/example_dags/example_task_group.py took 0.076 seconds
[2023-05-26T20:47:49.819+0000] {processor.py:157} INFO - Started process (PID=2166) to work on /home/airflow/.local/lib/python3.7/site-packages/airflow/example_dags/example_task_group.py
[2023-05-26T20:47:49.821+0000] {processor.py:826} INFO - Processing file /home/airflow/.local/lib/python3.7/site-packages/airflow/example_dags/example_task_group.py for tasks to queue
[2023-05-26T20:47:49.822+0000] {logging_mixin.py:149} INFO - [2023-05-26T20:47:49.822+0000] {dagbag.py:541} INFO - Filling up the DagBag from /home/airflow/.local/lib/python3.7/site-packages/airflow/example_dags/example_task_group.py
[2023-05-26T20:47:49.831+0000] {processor.py:836} INFO - DAG(s) dict_keys(['example_task_group']) retrieved from /home/airflow/.local/lib/python3.7/site-packages/airflow/example_dags/example_task_group.py
[2023-05-26T20:47:49.853+0000] {logging_mixin.py:149} INFO - [2023-05-26T20:47:49.852+0000] {dag.py:2726} INFO - Sync 1 DAGs
[2023-05-26T20:47:49.869+0000] {logging_mixin.py:149} INFO - [2023-05-26T20:47:49.869+0000] {dag.py:3490} INFO - Setting next_dagrun for example_task_group to 2023-05-25T20:47:49.869022+00:00, run_after=2023-05-26T20:47:49.869022+00:00
[2023-05-26T20:47:49.880+0000] {processor.py:179} INFO - Processing /home/airflow/.local/lib/python3.7/site-packages/airflow/example_dags/example_task_group.py took 0.064 seconds
[2023-05-26T20:48:20.200+0000] {processor.py:157} INFO - Started process (PID=2222) to work on /home/airflow/.local/lib/python3.7/site-packages/airflow/example_dags/example_task_group.py
[2023-05-26T20:48:20.202+0000] {processor.py:826} INFO - Processing file /home/airflow/.local/lib/python3.7/site-packages/airflow/example_dags/example_task_group.py for tasks to queue
[2023-05-26T20:48:20.203+0000] {logging_mixin.py:149} INFO - [2023-05-26T20:48:20.203+0000] {dagbag.py:541} INFO - Filling up the DagBag from /home/airflow/.local/lib/python3.7/site-packages/airflow/example_dags/example_task_group.py
[2023-05-26T20:48:20.213+0000] {processor.py:836} INFO - DAG(s) dict_keys(['example_task_group']) retrieved from /home/airflow/.local/lib/python3.7/site-packages/airflow/example_dags/example_task_group.py
[2023-05-26T20:48:20.238+0000] {logging_mixin.py:149} INFO - [2023-05-26T20:48:20.238+0000] {dag.py:2726} INFO - Sync 1 DAGs
[2023-05-26T20:48:20.255+0000] {logging_mixin.py:149} INFO - [2023-05-26T20:48:20.255+0000] {dag.py:3490} INFO - Setting next_dagrun for example_task_group to 2023-05-25T20:48:20.255473+00:00, run_after=2023-05-26T20:48:20.255473+00:00
[2023-05-26T20:48:20.268+0000] {processor.py:179} INFO - Processing /home/airflow/.local/lib/python3.7/site-packages/airflow/example_dags/example_task_group.py took 0.073 seconds
[2023-05-26T20:48:50.805+0000] {processor.py:157} INFO - Started process (PID=2279) to work on /home/airflow/.local/lib/python3.7/site-packages/airflow/example_dags/example_task_group.py
[2023-05-26T20:48:50.807+0000] {processor.py:826} INFO - Processing file /home/airflow/.local/lib/python3.7/site-packages/airflow/example_dags/example_task_group.py for tasks to queue
[2023-05-26T20:48:50.808+0000] {logging_mixin.py:149} INFO - [2023-05-26T20:48:50.808+0000] {dagbag.py:541} INFO - Filling up the DagBag from /home/airflow/.local/lib/python3.7/site-packages/airflow/example_dags/example_task_group.py
[2023-05-26T20:48:50.817+0000] {processor.py:836} INFO - DAG(s) dict_keys(['example_task_group']) retrieved from /home/airflow/.local/lib/python3.7/site-packages/airflow/example_dags/example_task_group.py
[2023-05-26T20:48:50.840+0000] {logging_mixin.py:149} INFO - [2023-05-26T20:48:50.840+0000] {dag.py:2726} INFO - Sync 1 DAGs
[2023-05-26T20:48:50.856+0000] {logging_mixin.py:149} INFO - [2023-05-26T20:48:50.856+0000] {dag.py:3490} INFO - Setting next_dagrun for example_task_group to 2023-05-25T20:48:50.856306+00:00, run_after=2023-05-26T20:48:50.856306+00:00
[2023-05-26T20:48:50.885+0000] {processor.py:179} INFO - Processing /home/airflow/.local/lib/python3.7/site-packages/airflow/example_dags/example_task_group.py took 0.084 seconds
[2023-05-26T20:49:21.522+0000] {processor.py:157} INFO - Started process (PID=2334) to work on /home/airflow/.local/lib/python3.7/site-packages/airflow/example_dags/example_task_group.py
[2023-05-26T20:49:21.524+0000] {processor.py:826} INFO - Processing file /home/airflow/.local/lib/python3.7/site-packages/airflow/example_dags/example_task_group.py for tasks to queue
[2023-05-26T20:49:21.525+0000] {logging_mixin.py:149} INFO - [2023-05-26T20:49:21.525+0000] {dagbag.py:541} INFO - Filling up the DagBag from /home/airflow/.local/lib/python3.7/site-packages/airflow/example_dags/example_task_group.py
[2023-05-26T20:49:21.534+0000] {processor.py:836} INFO - DAG(s) dict_keys(['example_task_group']) retrieved from /home/airflow/.local/lib/python3.7/site-packages/airflow/example_dags/example_task_group.py
[2023-05-26T20:49:21.558+0000] {logging_mixin.py:149} INFO - [2023-05-26T20:49:21.558+0000] {dag.py:2726} INFO - Sync 1 DAGs
[2023-05-26T20:49:21.574+0000] {logging_mixin.py:149} INFO - [2023-05-26T20:49:21.574+0000] {dag.py:3490} INFO - Setting next_dagrun for example_task_group to 2023-05-25T20:49:21.573769+00:00, run_after=2023-05-26T20:49:21.573769+00:00
[2023-05-26T20:49:21.586+0000] {processor.py:179} INFO - Processing /home/airflow/.local/lib/python3.7/site-packages/airflow/example_dags/example_task_group.py took 0.069 seconds
[2023-05-26T20:49:52.051+0000] {processor.py:157} INFO - Started process (PID=2390) to work on /home/airflow/.local/lib/python3.7/site-packages/airflow/example_dags/example_task_group.py
[2023-05-26T20:49:52.055+0000] {processor.py:826} INFO - Processing file /home/airflow/.local/lib/python3.7/site-packages/airflow/example_dags/example_task_group.py for tasks to queue
[2023-05-26T20:49:52.056+0000] {logging_mixin.py:149} INFO - [2023-05-26T20:49:52.056+0000] {dagbag.py:541} INFO - Filling up the DagBag from /home/airflow/.local/lib/python3.7/site-packages/airflow/example_dags/example_task_group.py
[2023-05-26T20:49:52.067+0000] {processor.py:836} INFO - DAG(s) dict_keys(['example_task_group']) retrieved from /home/airflow/.local/lib/python3.7/site-packages/airflow/example_dags/example_task_group.py
[2023-05-26T20:49:52.091+0000] {logging_mixin.py:149} INFO - [2023-05-26T20:49:52.091+0000] {dag.py:2726} INFO - Sync 1 DAGs
[2023-05-26T20:49:52.107+0000] {logging_mixin.py:149} INFO - [2023-05-26T20:49:52.107+0000] {dag.py:3490} INFO - Setting next_dagrun for example_task_group to 2023-05-25T20:49:52.107628+00:00, run_after=2023-05-26T20:49:52.107628+00:00
[2023-05-26T20:49:52.120+0000] {processor.py:179} INFO - Processing /home/airflow/.local/lib/python3.7/site-packages/airflow/example_dags/example_task_group.py took 0.074 seconds
[2023-05-26T20:50:22.709+0000] {processor.py:157} INFO - Started process (PID=2446) to work on /home/airflow/.local/lib/python3.7/site-packages/airflow/example_dags/example_task_group.py
[2023-05-26T20:50:22.711+0000] {processor.py:826} INFO - Processing file /home/airflow/.local/lib/python3.7/site-packages/airflow/example_dags/example_task_group.py for tasks to queue
[2023-05-26T20:50:22.712+0000] {logging_mixin.py:149} INFO - [2023-05-26T20:50:22.712+0000] {dagbag.py:541} INFO - Filling up the DagBag from /home/airflow/.local/lib/python3.7/site-packages/airflow/example_dags/example_task_group.py
[2023-05-26T20:50:22.722+0000] {processor.py:836} INFO - DAG(s) dict_keys(['example_task_group']) retrieved from /home/airflow/.local/lib/python3.7/site-packages/airflow/example_dags/example_task_group.py
[2023-05-26T20:50:22.747+0000] {logging_mixin.py:149} INFO - [2023-05-26T20:50:22.747+0000] {dag.py:2726} INFO - Sync 1 DAGs
[2023-05-26T20:50:22.764+0000] {logging_mixin.py:149} INFO - [2023-05-26T20:50:22.764+0000] {dag.py:3490} INFO - Setting next_dagrun for example_task_group to 2023-05-25T20:50:22.764077+00:00, run_after=2023-05-26T20:50:22.764077+00:00
[2023-05-26T20:50:22.776+0000] {processor.py:179} INFO - Processing /home/airflow/.local/lib/python3.7/site-packages/airflow/example_dags/example_task_group.py took 0.070 seconds
[2023-05-26T20:50:52.921+0000] {processor.py:157} INFO - Started process (PID=2503) to work on /home/airflow/.local/lib/python3.7/site-packages/airflow/example_dags/example_task_group.py
[2023-05-26T20:50:52.923+0000] {processor.py:826} INFO - Processing file /home/airflow/.local/lib/python3.7/site-packages/airflow/example_dags/example_task_group.py for tasks to queue
[2023-05-26T20:50:52.925+0000] {logging_mixin.py:149} INFO - [2023-05-26T20:50:52.924+0000] {dagbag.py:541} INFO - Filling up the DagBag from /home/airflow/.local/lib/python3.7/site-packages/airflow/example_dags/example_task_group.py
[2023-05-26T20:50:52.935+0000] {processor.py:836} INFO - DAG(s) dict_keys(['example_task_group']) retrieved from /home/airflow/.local/lib/python3.7/site-packages/airflow/example_dags/example_task_group.py
[2023-05-26T20:50:52.958+0000] {logging_mixin.py:149} INFO - [2023-05-26T20:50:52.958+0000] {dag.py:2726} INFO - Sync 1 DAGs
[2023-05-26T20:50:52.975+0000] {logging_mixin.py:149} INFO - [2023-05-26T20:50:52.975+0000] {dag.py:3490} INFO - Setting next_dagrun for example_task_group to 2023-05-25T20:50:52.975100+00:00, run_after=2023-05-26T20:50:52.975100+00:00
[2023-05-26T20:50:52.987+0000] {processor.py:179} INFO - Processing /home/airflow/.local/lib/python3.7/site-packages/airflow/example_dags/example_task_group.py took 0.071 seconds
[2023-05-26T20:51:23.466+0000] {processor.py:157} INFO - Started process (PID=2559) to work on /home/airflow/.local/lib/python3.7/site-packages/airflow/example_dags/example_task_group.py
[2023-05-26T20:51:23.469+0000] {processor.py:826} INFO - Processing file /home/airflow/.local/lib/python3.7/site-packages/airflow/example_dags/example_task_group.py for tasks to queue
[2023-05-26T20:51:23.471+0000] {logging_mixin.py:149} INFO - [2023-05-26T20:51:23.470+0000] {dagbag.py:541} INFO - Filling up the DagBag from /home/airflow/.local/lib/python3.7/site-packages/airflow/example_dags/example_task_group.py
[2023-05-26T20:51:23.481+0000] {processor.py:836} INFO - DAG(s) dict_keys(['example_task_group']) retrieved from /home/airflow/.local/lib/python3.7/site-packages/airflow/example_dags/example_task_group.py
[2023-05-26T20:51:23.504+0000] {logging_mixin.py:149} INFO - [2023-05-26T20:51:23.504+0000] {dag.py:2726} INFO - Sync 1 DAGs
[2023-05-26T20:51:23.520+0000] {logging_mixin.py:149} INFO - [2023-05-26T20:51:23.520+0000] {dag.py:3490} INFO - Setting next_dagrun for example_task_group to 2023-05-25T20:51:23.519878+00:00, run_after=2023-05-26T20:51:23.519878+00:00
[2023-05-26T20:51:23.532+0000] {processor.py:179} INFO - Processing /home/airflow/.local/lib/python3.7/site-packages/airflow/example_dags/example_task_group.py took 0.073 seconds
[2023-05-26T20:51:54.075+0000] {processor.py:157} INFO - Started process (PID=2615) to work on /home/airflow/.local/lib/python3.7/site-packages/airflow/example_dags/example_task_group.py
[2023-05-26T20:51:54.078+0000] {processor.py:826} INFO - Processing file /home/airflow/.local/lib/python3.7/site-packages/airflow/example_dags/example_task_group.py for tasks to queue
[2023-05-26T20:51:54.080+0000] {logging_mixin.py:149} INFO - [2023-05-26T20:51:54.080+0000] {dagbag.py:541} INFO - Filling up the DagBag from /home/airflow/.local/lib/python3.7/site-packages/airflow/example_dags/example_task_group.py
[2023-05-26T20:51:54.091+0000] {processor.py:836} INFO - DAG(s) dict_keys(['example_task_group']) retrieved from /home/airflow/.local/lib/python3.7/site-packages/airflow/example_dags/example_task_group.py
[2023-05-26T20:51:54.118+0000] {logging_mixin.py:149} INFO - [2023-05-26T20:51:54.118+0000] {dag.py:2726} INFO - Sync 1 DAGs
[2023-05-26T20:51:54.135+0000] {logging_mixin.py:149} INFO - [2023-05-26T20:51:54.134+0000] {dag.py:3490} INFO - Setting next_dagrun for example_task_group to 2023-05-25T20:51:54.134735+00:00, run_after=2023-05-26T20:51:54.134735+00:00
[2023-05-26T20:51:54.147+0000] {processor.py:179} INFO - Processing /home/airflow/.local/lib/python3.7/site-packages/airflow/example_dags/example_task_group.py took 0.078 seconds
[2023-05-26T20:52:24.775+0000] {processor.py:157} INFO - Started process (PID=2671) to work on /home/airflow/.local/lib/python3.7/site-packages/airflow/example_dags/example_task_group.py
[2023-05-26T20:52:24.777+0000] {processor.py:826} INFO - Processing file /home/airflow/.local/lib/python3.7/site-packages/airflow/example_dags/example_task_group.py for tasks to queue
[2023-05-26T20:52:24.778+0000] {logging_mixin.py:149} INFO - [2023-05-26T20:52:24.778+0000] {dagbag.py:541} INFO - Filling up the DagBag from /home/airflow/.local/lib/python3.7/site-packages/airflow/example_dags/example_task_group.py
[2023-05-26T20:52:24.786+0000] {processor.py:836} INFO - DAG(s) dict_keys(['example_task_group']) retrieved from /home/airflow/.local/lib/python3.7/site-packages/airflow/example_dags/example_task_group.py
[2023-05-26T20:52:24.808+0000] {logging_mixin.py:149} INFO - [2023-05-26T20:52:24.808+0000] {dag.py:2726} INFO - Sync 1 DAGs
[2023-05-26T20:52:24.824+0000] {logging_mixin.py:149} INFO - [2023-05-26T20:52:24.824+0000] {dag.py:3490} INFO - Setting next_dagrun for example_task_group to 2023-05-25T20:52:24.824385+00:00, run_after=2023-05-26T20:52:24.824385+00:00
[2023-05-26T20:52:24.837+0000] {processor.py:179} INFO - Processing /home/airflow/.local/lib/python3.7/site-packages/airflow/example_dags/example_task_group.py took 0.065 seconds
[2023-05-26T20:52:55.210+0000] {processor.py:157} INFO - Started process (PID=2727) to work on /home/airflow/.local/lib/python3.7/site-packages/airflow/example_dags/example_task_group.py
[2023-05-26T20:52:55.212+0000] {processor.py:826} INFO - Processing file /home/airflow/.local/lib/python3.7/site-packages/airflow/example_dags/example_task_group.py for tasks to queue
[2023-05-26T20:52:55.213+0000] {logging_mixin.py:149} INFO - [2023-05-26T20:52:55.213+0000] {dagbag.py:541} INFO - Filling up the DagBag from /home/airflow/.local/lib/python3.7/site-packages/airflow/example_dags/example_task_group.py
[2023-05-26T20:52:55.221+0000] {processor.py:836} INFO - DAG(s) dict_keys(['example_task_group']) retrieved from /home/airflow/.local/lib/python3.7/site-packages/airflow/example_dags/example_task_group.py
[2023-05-26T20:52:55.243+0000] {logging_mixin.py:149} INFO - [2023-05-26T20:52:55.243+0000] {dag.py:2726} INFO - Sync 1 DAGs
[2023-05-26T20:52:55.258+0000] {logging_mixin.py:149} INFO - [2023-05-26T20:52:55.258+0000] {dag.py:3490} INFO - Setting next_dagrun for example_task_group to 2023-05-25T20:52:55.258676+00:00, run_after=2023-05-26T20:52:55.258676+00:00
[2023-05-26T20:52:55.271+0000] {processor.py:179} INFO - Processing /home/airflow/.local/lib/python3.7/site-packages/airflow/example_dags/example_task_group.py took 0.065 seconds
[2023-05-26T20:53:25.959+0000] {processor.py:157} INFO - Started process (PID=2783) to work on /home/airflow/.local/lib/python3.7/site-packages/airflow/example_dags/example_task_group.py
[2023-05-26T20:53:25.961+0000] {processor.py:826} INFO - Processing file /home/airflow/.local/lib/python3.7/site-packages/airflow/example_dags/example_task_group.py for tasks to queue
[2023-05-26T20:53:25.962+0000] {logging_mixin.py:149} INFO - [2023-05-26T20:53:25.962+0000] {dagbag.py:541} INFO - Filling up the DagBag from /home/airflow/.local/lib/python3.7/site-packages/airflow/example_dags/example_task_group.py
[2023-05-26T20:53:25.972+0000] {processor.py:836} INFO - DAG(s) dict_keys(['example_task_group']) retrieved from /home/airflow/.local/lib/python3.7/site-packages/airflow/example_dags/example_task_group.py
[2023-05-26T20:53:26.001+0000] {logging_mixin.py:149} INFO - [2023-05-26T20:53:26.001+0000] {dag.py:2726} INFO - Sync 1 DAGs
[2023-05-26T20:53:26.023+0000] {logging_mixin.py:149} INFO - [2023-05-26T20:53:26.023+0000] {dag.py:3490} INFO - Setting next_dagrun for example_task_group to 2023-05-25T20:53:26.023477+00:00, run_after=2023-05-26T20:53:26.023477+00:00
[2023-05-26T20:53:26.039+0000] {processor.py:179} INFO - Processing /home/airflow/.local/lib/python3.7/site-packages/airflow/example_dags/example_task_group.py took 0.084 seconds
[2023-05-26T20:53:56.611+0000] {processor.py:157} INFO - Started process (PID=2839) to work on /home/airflow/.local/lib/python3.7/site-packages/airflow/example_dags/example_task_group.py
[2023-05-26T20:53:56.613+0000] {processor.py:826} INFO - Processing file /home/airflow/.local/lib/python3.7/site-packages/airflow/example_dags/example_task_group.py for tasks to queue
[2023-05-26T20:53:56.614+0000] {logging_mixin.py:149} INFO - [2023-05-26T20:53:56.614+0000] {dagbag.py:541} INFO - Filling up the DagBag from /home/airflow/.local/lib/python3.7/site-packages/airflow/example_dags/example_task_group.py
[2023-05-26T20:53:56.621+0000] {processor.py:836} INFO - DAG(s) dict_keys(['example_task_group']) retrieved from /home/airflow/.local/lib/python3.7/site-packages/airflow/example_dags/example_task_group.py
[2023-05-26T20:53:56.642+0000] {logging_mixin.py:149} INFO - [2023-05-26T20:53:56.642+0000] {dag.py:2726} INFO - Sync 1 DAGs
[2023-05-26T20:53:56.658+0000] {logging_mixin.py:149} INFO - [2023-05-26T20:53:56.658+0000] {dag.py:3490} INFO - Setting next_dagrun for example_task_group to 2023-05-25T20:53:56.658631+00:00, run_after=2023-05-26T20:53:56.658631+00:00
[2023-05-26T20:53:56.671+0000] {processor.py:179} INFO - Processing /home/airflow/.local/lib/python3.7/site-packages/airflow/example_dags/example_task_group.py took 0.063 seconds
[2023-05-26T20:54:27.242+0000] {processor.py:157} INFO - Started process (PID=2894) to work on /home/airflow/.local/lib/python3.7/site-packages/airflow/example_dags/example_task_group.py
[2023-05-26T20:54:27.245+0000] {processor.py:826} INFO - Processing file /home/airflow/.local/lib/python3.7/site-packages/airflow/example_dags/example_task_group.py for tasks to queue
[2023-05-26T20:54:27.246+0000] {logging_mixin.py:149} INFO - [2023-05-26T20:54:27.246+0000] {dagbag.py:541} INFO - Filling up the DagBag from /home/airflow/.local/lib/python3.7/site-packages/airflow/example_dags/example_task_group.py
[2023-05-26T20:54:27.255+0000] {processor.py:836} INFO - DAG(s) dict_keys(['example_task_group']) retrieved from /home/airflow/.local/lib/python3.7/site-packages/airflow/example_dags/example_task_group.py
[2023-05-26T20:54:27.278+0000] {logging_mixin.py:149} INFO - [2023-05-26T20:54:27.278+0000] {dag.py:2726} INFO - Sync 1 DAGs
[2023-05-26T20:54:27.294+0000] {logging_mixin.py:149} INFO - [2023-05-26T20:54:27.294+0000] {dag.py:3490} INFO - Setting next_dagrun for example_task_group to 2023-05-25T20:54:27.294389+00:00, run_after=2023-05-26T20:54:27.294389+00:00
[2023-05-26T20:54:27.306+0000] {processor.py:179} INFO - Processing /home/airflow/.local/lib/python3.7/site-packages/airflow/example_dags/example_task_group.py took 0.069 seconds
[2023-05-26T20:54:57.803+0000] {processor.py:157} INFO - Started process (PID=2950) to work on /home/airflow/.local/lib/python3.7/site-packages/airflow/example_dags/example_task_group.py
[2023-05-26T20:54:57.805+0000] {processor.py:826} INFO - Processing file /home/airflow/.local/lib/python3.7/site-packages/airflow/example_dags/example_task_group.py for tasks to queue
[2023-05-26T20:54:57.806+0000] {logging_mixin.py:149} INFO - [2023-05-26T20:54:57.806+0000] {dagbag.py:541} INFO - Filling up the DagBag from /home/airflow/.local/lib/python3.7/site-packages/airflow/example_dags/example_task_group.py
[2023-05-26T20:54:57.813+0000] {processor.py:836} INFO - DAG(s) dict_keys(['example_task_group']) retrieved from /home/airflow/.local/lib/python3.7/site-packages/airflow/example_dags/example_task_group.py
[2023-05-26T20:54:57.834+0000] {logging_mixin.py:149} INFO - [2023-05-26T20:54:57.834+0000] {dag.py:2726} INFO - Sync 1 DAGs
[2023-05-26T20:54:57.850+0000] {logging_mixin.py:149} INFO - [2023-05-26T20:54:57.850+0000] {dag.py:3490} INFO - Setting next_dagrun for example_task_group to 2023-05-25T20:54:57.850697+00:00, run_after=2023-05-26T20:54:57.850697+00:00
[2023-05-26T20:54:57.863+0000] {processor.py:179} INFO - Processing /home/airflow/.local/lib/python3.7/site-packages/airflow/example_dags/example_task_group.py took 0.063 seconds
[2023-05-26T20:55:28.472+0000] {processor.py:157} INFO - Started process (PID=3006) to work on /home/airflow/.local/lib/python3.7/site-packages/airflow/example_dags/example_task_group.py
[2023-05-26T20:55:28.474+0000] {processor.py:826} INFO - Processing file /home/airflow/.local/lib/python3.7/site-packages/airflow/example_dags/example_task_group.py for tasks to queue
[2023-05-26T20:55:28.475+0000] {logging_mixin.py:149} INFO - [2023-05-26T20:55:28.475+0000] {dagbag.py:541} INFO - Filling up the DagBag from /home/airflow/.local/lib/python3.7/site-packages/airflow/example_dags/example_task_group.py
[2023-05-26T20:55:28.484+0000] {processor.py:836} INFO - DAG(s) dict_keys(['example_task_group']) retrieved from /home/airflow/.local/lib/python3.7/site-packages/airflow/example_dags/example_task_group.py
[2023-05-26T20:55:28.508+0000] {logging_mixin.py:149} INFO - [2023-05-26T20:55:28.508+0000] {dag.py:2726} INFO - Sync 1 DAGs
[2023-05-26T20:55:28.524+0000] {logging_mixin.py:149} INFO - [2023-05-26T20:55:28.524+0000] {dag.py:3490} INFO - Setting next_dagrun for example_task_group to 2023-05-25T20:55:28.524216+00:00, run_after=2023-05-26T20:55:28.524216+00:00
[2023-05-26T20:55:28.537+0000] {processor.py:179} INFO - Processing /home/airflow/.local/lib/python3.7/site-packages/airflow/example_dags/example_task_group.py took 0.071 seconds
[2023-05-26T20:55:59.220+0000] {processor.py:157} INFO - Started process (PID=3070) to work on /home/airflow/.local/lib/python3.7/site-packages/airflow/example_dags/example_task_group.py
[2023-05-26T20:55:59.222+0000] {processor.py:826} INFO - Processing file /home/airflow/.local/lib/python3.7/site-packages/airflow/example_dags/example_task_group.py for tasks to queue
[2023-05-26T20:55:59.223+0000] {logging_mixin.py:149} INFO - [2023-05-26T20:55:59.223+0000] {dagbag.py:541} INFO - Filling up the DagBag from /home/airflow/.local/lib/python3.7/site-packages/airflow/example_dags/example_task_group.py
[2023-05-26T20:55:59.230+0000] {processor.py:836} INFO - DAG(s) dict_keys(['example_task_group']) retrieved from /home/airflow/.local/lib/python3.7/site-packages/airflow/example_dags/example_task_group.py
[2023-05-26T20:55:59.254+0000] {logging_mixin.py:149} INFO - [2023-05-26T20:55:59.254+0000] {dag.py:2726} INFO - Sync 1 DAGs
[2023-05-26T20:55:59.276+0000] {logging_mixin.py:149} INFO - [2023-05-26T20:55:59.276+0000] {dag.py:3490} INFO - Setting next_dagrun for example_task_group to 2023-05-25T20:55:59.276594+00:00, run_after=2023-05-26T20:55:59.276594+00:00
[2023-05-26T20:55:59.289+0000] {processor.py:179} INFO - Processing /home/airflow/.local/lib/python3.7/site-packages/airflow/example_dags/example_task_group.py took 0.072 seconds
[2023-05-26T20:56:30.032+0000] {processor.py:157} INFO - Started process (PID=3126) to work on /home/airflow/.local/lib/python3.7/site-packages/airflow/example_dags/example_task_group.py
[2023-05-26T20:56:30.034+0000] {processor.py:826} INFO - Processing file /home/airflow/.local/lib/python3.7/site-packages/airflow/example_dags/example_task_group.py for tasks to queue
[2023-05-26T20:56:30.036+0000] {logging_mixin.py:149} INFO - [2023-05-26T20:56:30.036+0000] {dagbag.py:541} INFO - Filling up the DagBag from /home/airflow/.local/lib/python3.7/site-packages/airflow/example_dags/example_task_group.py
[2023-05-26T20:56:30.045+0000] {processor.py:836} INFO - DAG(s) dict_keys(['example_task_group']) retrieved from /home/airflow/.local/lib/python3.7/site-packages/airflow/example_dags/example_task_group.py
[2023-05-26T20:56:30.069+0000] {logging_mixin.py:149} INFO - [2023-05-26T20:56:30.069+0000] {dag.py:2726} INFO - Sync 1 DAGs
[2023-05-26T20:56:30.086+0000] {logging_mixin.py:149} INFO - [2023-05-26T20:56:30.086+0000] {dag.py:3490} INFO - Setting next_dagrun for example_task_group to 2023-05-25T20:56:30.086356+00:00, run_after=2023-05-26T20:56:30.086356+00:00
[2023-05-26T20:56:30.099+0000] {processor.py:179} INFO - Processing /home/airflow/.local/lib/python3.7/site-packages/airflow/example_dags/example_task_group.py took 0.071 seconds
[2023-05-26T20:57:00.701+0000] {processor.py:157} INFO - Started process (PID=3182) to work on /home/airflow/.local/lib/python3.7/site-packages/airflow/example_dags/example_task_group.py
[2023-05-26T20:57:00.705+0000] {processor.py:826} INFO - Processing file /home/airflow/.local/lib/python3.7/site-packages/airflow/example_dags/example_task_group.py for tasks to queue
[2023-05-26T20:57:00.706+0000] {logging_mixin.py:149} INFO - [2023-05-26T20:57:00.706+0000] {dagbag.py:541} INFO - Filling up the DagBag from /home/airflow/.local/lib/python3.7/site-packages/airflow/example_dags/example_task_group.py
[2023-05-26T20:57:00.715+0000] {processor.py:836} INFO - DAG(s) dict_keys(['example_task_group']) retrieved from /home/airflow/.local/lib/python3.7/site-packages/airflow/example_dags/example_task_group.py
[2023-05-26T20:57:00.738+0000] {logging_mixin.py:149} INFO - [2023-05-26T20:57:00.737+0000] {dag.py:2726} INFO - Sync 1 DAGs
[2023-05-26T20:57:00.755+0000] {logging_mixin.py:149} INFO - [2023-05-26T20:57:00.755+0000] {dag.py:3490} INFO - Setting next_dagrun for example_task_group to 2023-05-25T20:57:00.755505+00:00, run_after=2023-05-26T20:57:00.755505+00:00
[2023-05-26T20:57:00.769+0000] {processor.py:179} INFO - Processing /home/airflow/.local/lib/python3.7/site-packages/airflow/example_dags/example_task_group.py took 0.070 seconds
[2023-05-26T20:57:31.671+0000] {processor.py:157} INFO - Started process (PID=3238) to work on /home/airflow/.local/lib/python3.7/site-packages/airflow/example_dags/example_task_group.py
[2023-05-26T20:57:31.672+0000] {processor.py:826} INFO - Processing file /home/airflow/.local/lib/python3.7/site-packages/airflow/example_dags/example_task_group.py for tasks to queue
[2023-05-26T20:57:31.674+0000] {logging_mixin.py:149} INFO - [2023-05-26T20:57:31.674+0000] {dagbag.py:541} INFO - Filling up the DagBag from /home/airflow/.local/lib/python3.7/site-packages/airflow/example_dags/example_task_group.py
[2023-05-26T20:57:31.681+0000] {processor.py:836} INFO - DAG(s) dict_keys(['example_task_group']) retrieved from /home/airflow/.local/lib/python3.7/site-packages/airflow/example_dags/example_task_group.py
[2023-05-26T20:57:31.703+0000] {logging_mixin.py:149} INFO - [2023-05-26T20:57:31.703+0000] {dag.py:2726} INFO - Sync 1 DAGs
[2023-05-26T20:57:31.721+0000] {logging_mixin.py:149} INFO - [2023-05-26T20:57:31.721+0000] {dag.py:3490} INFO - Setting next_dagrun for example_task_group to 2023-05-25T20:57:31.721600+00:00, run_after=2023-05-26T20:57:31.721600+00:00
[2023-05-26T20:57:31.749+0000] {processor.py:179} INFO - Processing /home/airflow/.local/lib/python3.7/site-packages/airflow/example_dags/example_task_group.py took 0.081 seconds
[2023-05-26T21:01:22.962+0000] {processor.py:157} INFO - Started process (PID=3279) to work on /home/airflow/.local/lib/python3.7/site-packages/airflow/example_dags/example_task_group.py
[2023-05-26T21:01:22.971+0000] {processor.py:826} INFO - Processing file /home/airflow/.local/lib/python3.7/site-packages/airflow/example_dags/example_task_group.py for tasks to queue
[2023-05-26T21:01:22.973+0000] {logging_mixin.py:149} INFO - [2023-05-26T21:01:22.973+0000] {dagbag.py:541} INFO - Filling up the DagBag from /home/airflow/.local/lib/python3.7/site-packages/airflow/example_dags/example_task_group.py
[2023-05-26T21:01:22.998+0000] {processor.py:836} INFO - DAG(s) dict_keys(['example_task_group']) retrieved from /home/airflow/.local/lib/python3.7/site-packages/airflow/example_dags/example_task_group.py
[2023-05-26T21:01:23.053+0000] {logging_mixin.py:149} INFO - [2023-05-26T21:01:23.053+0000] {dag.py:2726} INFO - Sync 1 DAGs
[2023-05-26T21:01:23.087+0000] {logging_mixin.py:149} INFO - [2023-05-26T21:01:23.087+0000] {dag.py:3490} INFO - Setting next_dagrun for example_task_group to 2023-05-25T21:01:23.087277+00:00, run_after=2023-05-26T21:01:23.087277+00:00
[2023-05-26T21:01:23.131+0000] {processor.py:179} INFO - Processing /home/airflow/.local/lib/python3.7/site-packages/airflow/example_dags/example_task_group.py took 0.183 seconds
[2023-05-26T21:01:53.426+0000] {processor.py:157} INFO - Started process (PID=3335) to work on /home/airflow/.local/lib/python3.7/site-packages/airflow/example_dags/example_task_group.py
[2023-05-26T21:01:53.428+0000] {processor.py:826} INFO - Processing file /home/airflow/.local/lib/python3.7/site-packages/airflow/example_dags/example_task_group.py for tasks to queue
[2023-05-26T21:01:53.429+0000] {logging_mixin.py:149} INFO - [2023-05-26T21:01:53.429+0000] {dagbag.py:541} INFO - Filling up the DagBag from /home/airflow/.local/lib/python3.7/site-packages/airflow/example_dags/example_task_group.py
[2023-05-26T21:01:53.436+0000] {processor.py:836} INFO - DAG(s) dict_keys(['example_task_group']) retrieved from /home/airflow/.local/lib/python3.7/site-packages/airflow/example_dags/example_task_group.py
[2023-05-26T21:01:53.456+0000] {logging_mixin.py:149} INFO - [2023-05-26T21:01:53.456+0000] {dag.py:2726} INFO - Sync 1 DAGs
[2023-05-26T21:01:53.472+0000] {logging_mixin.py:149} INFO - [2023-05-26T21:01:53.472+0000] {dag.py:3490} INFO - Setting next_dagrun for example_task_group to 2023-05-25T21:01:53.471868+00:00, run_after=2023-05-26T21:01:53.471868+00:00
[2023-05-26T21:01:53.485+0000] {processor.py:179} INFO - Processing /home/airflow/.local/lib/python3.7/site-packages/airflow/example_dags/example_task_group.py took 0.062 seconds
[2023-05-26T21:02:23.944+0000] {processor.py:157} INFO - Started process (PID=3391) to work on /home/airflow/.local/lib/python3.7/site-packages/airflow/example_dags/example_task_group.py
[2023-05-26T21:02:23.946+0000] {processor.py:826} INFO - Processing file /home/airflow/.local/lib/python3.7/site-packages/airflow/example_dags/example_task_group.py for tasks to queue
[2023-05-26T21:02:23.947+0000] {logging_mixin.py:149} INFO - [2023-05-26T21:02:23.947+0000] {dagbag.py:541} INFO - Filling up the DagBag from /home/airflow/.local/lib/python3.7/site-packages/airflow/example_dags/example_task_group.py
[2023-05-26T21:02:23.954+0000] {processor.py:836} INFO - DAG(s) dict_keys(['example_task_group']) retrieved from /home/airflow/.local/lib/python3.7/site-packages/airflow/example_dags/example_task_group.py
[2023-05-26T21:02:23.975+0000] {logging_mixin.py:149} INFO - [2023-05-26T21:02:23.974+0000] {dag.py:2726} INFO - Sync 1 DAGs
[2023-05-26T21:02:23.991+0000] {logging_mixin.py:149} INFO - [2023-05-26T21:02:23.991+0000] {dag.py:3490} INFO - Setting next_dagrun for example_task_group to 2023-05-25T21:02:23.990828+00:00, run_after=2023-05-26T21:02:23.990828+00:00
[2023-05-26T21:02:24.004+0000] {processor.py:179} INFO - Processing /home/airflow/.local/lib/python3.7/site-packages/airflow/example_dags/example_task_group.py took 0.063 seconds
[2023-05-26T21:02:54.569+0000] {processor.py:157} INFO - Started process (PID=3447) to work on /home/airflow/.local/lib/python3.7/site-packages/airflow/example_dags/example_task_group.py
[2023-05-26T21:02:54.570+0000] {processor.py:826} INFO - Processing file /home/airflow/.local/lib/python3.7/site-packages/airflow/example_dags/example_task_group.py for tasks to queue
[2023-05-26T21:02:54.571+0000] {logging_mixin.py:149} INFO - [2023-05-26T21:02:54.571+0000] {dagbag.py:541} INFO - Filling up the DagBag from /home/airflow/.local/lib/python3.7/site-packages/airflow/example_dags/example_task_group.py
[2023-05-26T21:02:54.578+0000] {processor.py:836} INFO - DAG(s) dict_keys(['example_task_group']) retrieved from /home/airflow/.local/lib/python3.7/site-packages/airflow/example_dags/example_task_group.py
[2023-05-26T21:02:54.599+0000] {logging_mixin.py:149} INFO - [2023-05-26T21:02:54.599+0000] {dag.py:2726} INFO - Sync 1 DAGs
[2023-05-26T21:02:54.617+0000] {logging_mixin.py:149} INFO - [2023-05-26T21:02:54.616+0000] {dag.py:3490} INFO - Setting next_dagrun for example_task_group to 2023-05-25T21:02:54.616723+00:00, run_after=2023-05-26T21:02:54.616723+00:00
[2023-05-26T21:02:54.629+0000] {processor.py:179} INFO - Processing /home/airflow/.local/lib/python3.7/site-packages/airflow/example_dags/example_task_group.py took 0.063 seconds
[2023-05-26T21:03:25.338+0000] {processor.py:157} INFO - Started process (PID=3503) to work on /home/airflow/.local/lib/python3.7/site-packages/airflow/example_dags/example_task_group.py
[2023-05-26T21:03:25.340+0000] {processor.py:826} INFO - Processing file /home/airflow/.local/lib/python3.7/site-packages/airflow/example_dags/example_task_group.py for tasks to queue
[2023-05-26T21:03:25.341+0000] {logging_mixin.py:149} INFO - [2023-05-26T21:03:25.341+0000] {dagbag.py:541} INFO - Filling up the DagBag from /home/airflow/.local/lib/python3.7/site-packages/airflow/example_dags/example_task_group.py
[2023-05-26T21:03:25.347+0000] {processor.py:836} INFO - DAG(s) dict_keys(['example_task_group']) retrieved from /home/airflow/.local/lib/python3.7/site-packages/airflow/example_dags/example_task_group.py
[2023-05-26T21:03:25.368+0000] {logging_mixin.py:149} INFO - [2023-05-26T21:03:25.367+0000] {dag.py:2726} INFO - Sync 1 DAGs
[2023-05-26T21:03:25.384+0000] {logging_mixin.py:149} INFO - [2023-05-26T21:03:25.384+0000] {dag.py:3490} INFO - Setting next_dagrun for example_task_group to 2023-05-25T21:03:25.383965+00:00, run_after=2023-05-26T21:03:25.383965+00:00
[2023-05-26T21:03:25.396+0000] {processor.py:179} INFO - Processing /home/airflow/.local/lib/python3.7/site-packages/airflow/example_dags/example_task_group.py took 0.060 seconds
[2023-05-26T21:03:55.952+0000] {processor.py:157} INFO - Started process (PID=3560) to work on /home/airflow/.local/lib/python3.7/site-packages/airflow/example_dags/example_task_group.py
[2023-05-26T21:03:55.954+0000] {processor.py:826} INFO - Processing file /home/airflow/.local/lib/python3.7/site-packages/airflow/example_dags/example_task_group.py for tasks to queue
[2023-05-26T21:03:55.955+0000] {logging_mixin.py:149} INFO - [2023-05-26T21:03:55.955+0000] {dagbag.py:541} INFO - Filling up the DagBag from /home/airflow/.local/lib/python3.7/site-packages/airflow/example_dags/example_task_group.py
[2023-05-26T21:03:55.963+0000] {processor.py:836} INFO - DAG(s) dict_keys(['example_task_group']) retrieved from /home/airflow/.local/lib/python3.7/site-packages/airflow/example_dags/example_task_group.py
[2023-05-26T21:03:55.988+0000] {logging_mixin.py:149} INFO - [2023-05-26T21:03:55.988+0000] {dag.py:2726} INFO - Sync 1 DAGs
[2023-05-26T21:03:56.006+0000] {logging_mixin.py:149} INFO - [2023-05-26T21:03:56.006+0000] {dag.py:3490} INFO - Setting next_dagrun for example_task_group to 2023-05-25T21:03:56.006552+00:00, run_after=2023-05-26T21:03:56.006552+00:00
[2023-05-26T21:03:56.030+0000] {processor.py:179} INFO - Processing /home/airflow/.local/lib/python3.7/site-packages/airflow/example_dags/example_task_group.py took 0.081 seconds
[2023-05-26T21:04:26.067+0000] {processor.py:157} INFO - Started process (PID=3616) to work on /home/airflow/.local/lib/python3.7/site-packages/airflow/example_dags/example_task_group.py
[2023-05-26T21:04:26.069+0000] {processor.py:826} INFO - Processing file /home/airflow/.local/lib/python3.7/site-packages/airflow/example_dags/example_task_group.py for tasks to queue
[2023-05-26T21:04:26.070+0000] {logging_mixin.py:149} INFO - [2023-05-26T21:04:26.070+0000] {dagbag.py:541} INFO - Filling up the DagBag from /home/airflow/.local/lib/python3.7/site-packages/airflow/example_dags/example_task_group.py
[2023-05-26T21:04:26.076+0000] {processor.py:836} INFO - DAG(s) dict_keys(['example_task_group']) retrieved from /home/airflow/.local/lib/python3.7/site-packages/airflow/example_dags/example_task_group.py
[2023-05-26T21:04:26.096+0000] {logging_mixin.py:149} INFO - [2023-05-26T21:04:26.096+0000] {dag.py:2726} INFO - Sync 1 DAGs
[2023-05-26T21:04:26.112+0000] {logging_mixin.py:149} INFO - [2023-05-26T21:04:26.112+0000] {dag.py:3490} INFO - Setting next_dagrun for example_task_group to 2023-05-25T21:04:26.111909+00:00, run_after=2023-05-26T21:04:26.111909+00:00
[2023-05-26T21:04:26.124+0000] {processor.py:179} INFO - Processing /home/airflow/.local/lib/python3.7/site-packages/airflow/example_dags/example_task_group.py took 0.060 seconds
[2023-05-26T21:05:00.323+0000] {processor.py:157} INFO - Started process (PID=33) to work on /home/airflow/.local/lib/python3.7/site-packages/airflow/example_dags/example_task_group.py
[2023-05-26T21:05:00.325+0000] {processor.py:826} INFO - Processing file /home/airflow/.local/lib/python3.7/site-packages/airflow/example_dags/example_task_group.py for tasks to queue
[2023-05-26T21:05:00.326+0000] {logging_mixin.py:149} INFO - [2023-05-26T21:05:00.326+0000] {dagbag.py:541} INFO - Filling up the DagBag from /home/airflow/.local/lib/python3.7/site-packages/airflow/example_dags/example_task_group.py
[2023-05-26T21:05:00.334+0000] {processor.py:836} INFO - DAG(s) dict_keys(['example_task_group']) retrieved from /home/airflow/.local/lib/python3.7/site-packages/airflow/example_dags/example_task_group.py
[2023-05-26T21:05:00.365+0000] {logging_mixin.py:149} INFO - [2023-05-26T21:05:00.365+0000] {dag.py:2726} INFO - Sync 1 DAGs
[2023-05-26T21:05:00.388+0000] {logging_mixin.py:149} INFO - [2023-05-26T21:05:00.388+0000] {dag.py:3490} INFO - Setting next_dagrun for example_task_group to 2023-05-25T21:05:00.388338+00:00, run_after=2023-05-26T21:05:00.388338+00:00
[2023-05-26T21:05:00.409+0000] {processor.py:179} INFO - Processing /home/airflow/.local/lib/python3.7/site-packages/airflow/example_dags/example_task_group.py took 0.088 seconds
[2023-05-26T21:05:30.533+0000] {processor.py:157} INFO - Started process (PID=89) to work on /home/airflow/.local/lib/python3.7/site-packages/airflow/example_dags/example_task_group.py
[2023-05-26T21:05:30.535+0000] {processor.py:826} INFO - Processing file /home/airflow/.local/lib/python3.7/site-packages/airflow/example_dags/example_task_group.py for tasks to queue
[2023-05-26T21:05:30.537+0000] {logging_mixin.py:149} INFO - [2023-05-26T21:05:30.537+0000] {dagbag.py:541} INFO - Filling up the DagBag from /home/airflow/.local/lib/python3.7/site-packages/airflow/example_dags/example_task_group.py
[2023-05-26T21:05:30.543+0000] {processor.py:836} INFO - DAG(s) dict_keys(['example_task_group']) retrieved from /home/airflow/.local/lib/python3.7/site-packages/airflow/example_dags/example_task_group.py
[2023-05-26T21:05:30.565+0000] {logging_mixin.py:149} INFO - [2023-05-26T21:05:30.565+0000] {dag.py:2726} INFO - Sync 1 DAGs
[2023-05-26T21:05:30.582+0000] {logging_mixin.py:149} INFO - [2023-05-26T21:05:30.582+0000] {dag.py:3490} INFO - Setting next_dagrun for example_task_group to 2023-05-25T21:05:30.582342+00:00, run_after=2023-05-26T21:05:30.582342+00:00
[2023-05-26T21:05:30.594+0000] {processor.py:179} INFO - Processing /home/airflow/.local/lib/python3.7/site-packages/airflow/example_dags/example_task_group.py took 0.063 seconds
[2023-05-26T21:06:01.361+0000] {processor.py:157} INFO - Started process (PID=145) to work on /home/airflow/.local/lib/python3.7/site-packages/airflow/example_dags/example_task_group.py
[2023-05-26T21:06:01.363+0000] {processor.py:826} INFO - Processing file /home/airflow/.local/lib/python3.7/site-packages/airflow/example_dags/example_task_group.py for tasks to queue
[2023-05-26T21:06:01.363+0000] {logging_mixin.py:149} INFO - [2023-05-26T21:06:01.363+0000] {dagbag.py:541} INFO - Filling up the DagBag from /home/airflow/.local/lib/python3.7/site-packages/airflow/example_dags/example_task_group.py
[2023-05-26T21:06:01.370+0000] {processor.py:836} INFO - DAG(s) dict_keys(['example_task_group']) retrieved from /home/airflow/.local/lib/python3.7/site-packages/airflow/example_dags/example_task_group.py
[2023-05-26T21:06:01.391+0000] {logging_mixin.py:149} INFO - [2023-05-26T21:06:01.390+0000] {dag.py:2726} INFO - Sync 1 DAGs
[2023-05-26T21:06:01.406+0000] {logging_mixin.py:149} INFO - [2023-05-26T21:06:01.406+0000] {dag.py:3490} INFO - Setting next_dagrun for example_task_group to 2023-05-25T21:06:01.406518+00:00, run_after=2023-05-26T21:06:01.406518+00:00
[2023-05-26T21:06:01.418+0000] {processor.py:179} INFO - Processing /home/airflow/.local/lib/python3.7/site-packages/airflow/example_dags/example_task_group.py took 0.060 seconds
[2023-05-26T21:06:31.864+0000] {processor.py:157} INFO - Started process (PID=201) to work on /home/airflow/.local/lib/python3.7/site-packages/airflow/example_dags/example_task_group.py
[2023-05-26T21:06:31.866+0000] {processor.py:826} INFO - Processing file /home/airflow/.local/lib/python3.7/site-packages/airflow/example_dags/example_task_group.py for tasks to queue
[2023-05-26T21:06:31.867+0000] {logging_mixin.py:149} INFO - [2023-05-26T21:06:31.867+0000] {dagbag.py:541} INFO - Filling up the DagBag from /home/airflow/.local/lib/python3.7/site-packages/airflow/example_dags/example_task_group.py
[2023-05-26T21:06:31.873+0000] {processor.py:836} INFO - DAG(s) dict_keys(['example_task_group']) retrieved from /home/airflow/.local/lib/python3.7/site-packages/airflow/example_dags/example_task_group.py
[2023-05-26T21:06:31.886+0000] {logging_mixin.py:149} INFO - [2023-05-26T21:06:31.886+0000] {dag.py:2726} INFO - Sync 1 DAGs
[2023-05-26T21:06:31.903+0000] {logging_mixin.py:149} INFO - [2023-05-26T21:06:31.903+0000] {dag.py:3490} INFO - Setting next_dagrun for example_task_group to 2023-05-25T21:06:31.902903+00:00, run_after=2023-05-26T21:06:31.902903+00:00
[2023-05-26T21:06:31.915+0000] {processor.py:179} INFO - Processing /home/airflow/.local/lib/python3.7/site-packages/airflow/example_dags/example_task_group.py took 0.053 seconds
[2023-05-26T21:07:02.768+0000] {processor.py:157} INFO - Started process (PID=258) to work on /home/airflow/.local/lib/python3.7/site-packages/airflow/example_dags/example_task_group.py
[2023-05-26T21:07:02.770+0000] {processor.py:826} INFO - Processing file /home/airflow/.local/lib/python3.7/site-packages/airflow/example_dags/example_task_group.py for tasks to queue
[2023-05-26T21:07:02.771+0000] {logging_mixin.py:149} INFO - [2023-05-26T21:07:02.771+0000] {dagbag.py:541} INFO - Filling up the DagBag from /home/airflow/.local/lib/python3.7/site-packages/airflow/example_dags/example_task_group.py
[2023-05-26T21:07:02.778+0000] {processor.py:836} INFO - DAG(s) dict_keys(['example_task_group']) retrieved from /home/airflow/.local/lib/python3.7/site-packages/airflow/example_dags/example_task_group.py
[2023-05-26T21:07:02.799+0000] {logging_mixin.py:149} INFO - [2023-05-26T21:07:02.799+0000] {dag.py:2726} INFO - Sync 1 DAGs
[2023-05-26T21:07:02.816+0000] {logging_mixin.py:149} INFO - [2023-05-26T21:07:02.816+0000] {dag.py:3490} INFO - Setting next_dagrun for example_task_group to 2023-05-25T21:07:02.815993+00:00, run_after=2023-05-26T21:07:02.815993+00:00
[2023-05-26T21:07:02.829+0000] {processor.py:179} INFO - Processing /home/airflow/.local/lib/python3.7/site-packages/airflow/example_dags/example_task_group.py took 0.063 seconds
[2023-05-26T21:07:33.299+0000] {processor.py:157} INFO - Started process (PID=314) to work on /home/airflow/.local/lib/python3.7/site-packages/airflow/example_dags/example_task_group.py
[2023-05-26T21:07:33.301+0000] {processor.py:826} INFO - Processing file /home/airflow/.local/lib/python3.7/site-packages/airflow/example_dags/example_task_group.py for tasks to queue
[2023-05-26T21:07:33.302+0000] {logging_mixin.py:149} INFO - [2023-05-26T21:07:33.302+0000] {dagbag.py:541} INFO - Filling up the DagBag from /home/airflow/.local/lib/python3.7/site-packages/airflow/example_dags/example_task_group.py
[2023-05-26T21:07:33.309+0000] {processor.py:836} INFO - DAG(s) dict_keys(['example_task_group']) retrieved from /home/airflow/.local/lib/python3.7/site-packages/airflow/example_dags/example_task_group.py
[2023-05-26T21:07:33.332+0000] {logging_mixin.py:149} INFO - [2023-05-26T21:07:33.331+0000] {dag.py:2726} INFO - Sync 1 DAGs
[2023-05-26T21:07:33.348+0000] {logging_mixin.py:149} INFO - [2023-05-26T21:07:33.348+0000] {dag.py:3490} INFO - Setting next_dagrun for example_task_group to 2023-05-25T21:07:33.348386+00:00, run_after=2023-05-26T21:07:33.348386+00:00
[2023-05-26T21:07:33.361+0000] {processor.py:179} INFO - Processing /home/airflow/.local/lib/python3.7/site-packages/airflow/example_dags/example_task_group.py took 0.065 seconds
[2023-05-26T21:08:03.939+0000] {processor.py:157} INFO - Started process (PID=370) to work on /home/airflow/.local/lib/python3.7/site-packages/airflow/example_dags/example_task_group.py
[2023-05-26T21:08:03.941+0000] {processor.py:826} INFO - Processing file /home/airflow/.local/lib/python3.7/site-packages/airflow/example_dags/example_task_group.py for tasks to queue
[2023-05-26T21:08:03.942+0000] {logging_mixin.py:149} INFO - [2023-05-26T21:08:03.941+0000] {dagbag.py:541} INFO - Filling up the DagBag from /home/airflow/.local/lib/python3.7/site-packages/airflow/example_dags/example_task_group.py
[2023-05-26T21:08:03.948+0000] {processor.py:836} INFO - DAG(s) dict_keys(['example_task_group']) retrieved from /home/airflow/.local/lib/python3.7/site-packages/airflow/example_dags/example_task_group.py
[2023-05-26T21:08:03.968+0000] {logging_mixin.py:149} INFO - [2023-05-26T21:08:03.968+0000] {dag.py:2726} INFO - Sync 1 DAGs
[2023-05-26T21:08:03.984+0000] {logging_mixin.py:149} INFO - [2023-05-26T21:08:03.984+0000] {dag.py:3490} INFO - Setting next_dagrun for example_task_group to 2023-05-25T21:08:03.983848+00:00, run_after=2023-05-26T21:08:03.983848+00:00
[2023-05-26T21:08:03.995+0000] {processor.py:179} INFO - Processing /home/airflow/.local/lib/python3.7/site-packages/airflow/example_dags/example_task_group.py took 0.059 seconds
