[2023-05-26T20:28:32.341+0000] {processor.py:157} INFO - Started process (PID=47) to work on /home/airflow/.local/lib/python3.7/site-packages/airflow/example_dags/example_xcom.py
[2023-05-26T20:28:32.342+0000] {processor.py:826} INFO - Processing file /home/airflow/.local/lib/python3.7/site-packages/airflow/example_dags/example_xcom.py for tasks to queue
[2023-05-26T20:28:32.343+0000] {logging_mixin.py:149} INFO - [2023-05-26T20:28:32.343+0000] {dagbag.py:541} INFO - Filling up the DagBag from /home/airflow/.local/lib/python3.7/site-packages/airflow/example_dags/example_xcom.py
[2023-05-26T20:28:32.355+0000] {processor.py:836} INFO - DAG(s) dict_keys(['example_xcom']) retrieved from /home/airflow/.local/lib/python3.7/site-packages/airflow/example_dags/example_xcom.py
[2023-05-26T20:28:32.483+0000] {logging_mixin.py:149} INFO - [2023-05-26T20:28:32.483+0000] {manager.py:504} INFO - Created Permission View: can delete on DAG:example_xcom
[2023-05-26T20:28:32.496+0000] {logging_mixin.py:149} INFO - [2023-05-26T20:28:32.496+0000] {manager.py:504} INFO - Created Permission View: can read on DAG:example_xcom
[2023-05-26T20:28:32.507+0000] {logging_mixin.py:149} INFO - [2023-05-26T20:28:32.507+0000] {manager.py:504} INFO - Created Permission View: can edit on DAG:example_xcom
[2023-05-26T20:28:32.507+0000] {logging_mixin.py:149} INFO - [2023-05-26T20:28:32.507+0000] {dag.py:2726} INFO - Sync 1 DAGs
[2023-05-26T20:28:32.521+0000] {logging_mixin.py:149} INFO - [2023-05-26T20:28:32.521+0000] {dag.py:2747} INFO - Creating ORM DAG for example_xcom
[2023-05-26T20:28:32.531+0000] {logging_mixin.py:149} INFO - [2023-05-26T20:28:32.530+0000] {dag.py:3490} INFO - Setting next_dagrun for example_xcom to 2021-01-01T00:00:00+00:00, run_after=2021-01-01T00:00:00+00:00
[2023-05-26T20:28:32.553+0000] {processor.py:179} INFO - Processing /home/airflow/.local/lib/python3.7/site-packages/airflow/example_dags/example_xcom.py took 0.215 seconds
[2023-05-26T20:29:02.634+0000] {processor.py:157} INFO - Started process (PID=102) to work on /home/airflow/.local/lib/python3.7/site-packages/airflow/example_dags/example_xcom.py
[2023-05-26T20:29:02.636+0000] {processor.py:826} INFO - Processing file /home/airflow/.local/lib/python3.7/site-packages/airflow/example_dags/example_xcom.py for tasks to queue
[2023-05-26T20:29:02.637+0000] {logging_mixin.py:149} INFO - [2023-05-26T20:29:02.637+0000] {dagbag.py:541} INFO - Filling up the DagBag from /home/airflow/.local/lib/python3.7/site-packages/airflow/example_dags/example_xcom.py
[2023-05-26T20:29:02.642+0000] {processor.py:836} INFO - DAG(s) dict_keys(['example_xcom']) retrieved from /home/airflow/.local/lib/python3.7/site-packages/airflow/example_dags/example_xcom.py
[2023-05-26T20:29:02.664+0000] {logging_mixin.py:149} INFO - [2023-05-26T20:29:02.664+0000] {dag.py:2726} INFO - Sync 1 DAGs
[2023-05-26T20:29:02.680+0000] {logging_mixin.py:149} INFO - [2023-05-26T20:29:02.680+0000] {dag.py:3490} INFO - Setting next_dagrun for example_xcom to 2021-01-01T00:00:00+00:00, run_after=2021-01-01T00:00:00+00:00
[2023-05-26T20:29:02.692+0000] {processor.py:179} INFO - Processing /home/airflow/.local/lib/python3.7/site-packages/airflow/example_dags/example_xcom.py took 0.061 seconds
[2023-05-26T20:29:33.534+0000] {processor.py:157} INFO - Started process (PID=158) to work on /home/airflow/.local/lib/python3.7/site-packages/airflow/example_dags/example_xcom.py
[2023-05-26T20:29:33.536+0000] {processor.py:826} INFO - Processing file /home/airflow/.local/lib/python3.7/site-packages/airflow/example_dags/example_xcom.py for tasks to queue
[2023-05-26T20:29:33.537+0000] {logging_mixin.py:149} INFO - [2023-05-26T20:29:33.537+0000] {dagbag.py:541} INFO - Filling up the DagBag from /home/airflow/.local/lib/python3.7/site-packages/airflow/example_dags/example_xcom.py
[2023-05-26T20:29:33.543+0000] {processor.py:836} INFO - DAG(s) dict_keys(['example_xcom']) retrieved from /home/airflow/.local/lib/python3.7/site-packages/airflow/example_dags/example_xcom.py
[2023-05-26T20:29:33.562+0000] {logging_mixin.py:149} INFO - [2023-05-26T20:29:33.562+0000] {dag.py:2726} INFO - Sync 1 DAGs
[2023-05-26T20:29:33.579+0000] {logging_mixin.py:149} INFO - [2023-05-26T20:29:33.579+0000] {dag.py:3490} INFO - Setting next_dagrun for example_xcom to 2021-01-01T00:00:00+00:00, run_after=2021-01-01T00:00:00+00:00
[2023-05-26T20:29:33.592+0000] {processor.py:179} INFO - Processing /home/airflow/.local/lib/python3.7/site-packages/airflow/example_dags/example_xcom.py took 0.061 seconds
[2023-05-26T20:30:04.919+0000] {processor.py:157} INFO - Started process (PID=214) to work on /home/airflow/.local/lib/python3.7/site-packages/airflow/example_dags/example_xcom.py
[2023-05-26T20:30:04.923+0000] {processor.py:826} INFO - Processing file /home/airflow/.local/lib/python3.7/site-packages/airflow/example_dags/example_xcom.py for tasks to queue
[2023-05-26T20:30:04.923+0000] {logging_mixin.py:149} INFO - [2023-05-26T20:30:04.923+0000] {dagbag.py:541} INFO - Filling up the DagBag from /home/airflow/.local/lib/python3.7/site-packages/airflow/example_dags/example_xcom.py
[2023-05-26T20:30:04.929+0000] {processor.py:836} INFO - DAG(s) dict_keys(['example_xcom']) retrieved from /home/airflow/.local/lib/python3.7/site-packages/airflow/example_dags/example_xcom.py
[2023-05-26T20:30:04.950+0000] {logging_mixin.py:149} INFO - [2023-05-26T20:30:04.950+0000] {dag.py:2726} INFO - Sync 1 DAGs
[2023-05-26T20:30:04.965+0000] {logging_mixin.py:149} INFO - [2023-05-26T20:30:04.965+0000] {dag.py:3490} INFO - Setting next_dagrun for example_xcom to 2021-01-01T00:00:00+00:00, run_after=2021-01-01T00:00:00+00:00
[2023-05-26T20:30:04.978+0000] {processor.py:179} INFO - Processing /home/airflow/.local/lib/python3.7/site-packages/airflow/example_dags/example_xcom.py took 0.061 seconds
[2023-05-26T20:30:35.238+0000] {processor.py:157} INFO - Started process (PID=270) to work on /home/airflow/.local/lib/python3.7/site-packages/airflow/example_dags/example_xcom.py
[2023-05-26T20:30:35.240+0000] {processor.py:826} INFO - Processing file /home/airflow/.local/lib/python3.7/site-packages/airflow/example_dags/example_xcom.py for tasks to queue
[2023-05-26T20:30:35.241+0000] {logging_mixin.py:149} INFO - [2023-05-26T20:30:35.241+0000] {dagbag.py:541} INFO - Filling up the DagBag from /home/airflow/.local/lib/python3.7/site-packages/airflow/example_dags/example_xcom.py
[2023-05-26T20:30:35.246+0000] {processor.py:836} INFO - DAG(s) dict_keys(['example_xcom']) retrieved from /home/airflow/.local/lib/python3.7/site-packages/airflow/example_dags/example_xcom.py
[2023-05-26T20:30:35.265+0000] {logging_mixin.py:149} INFO - [2023-05-26T20:30:35.265+0000] {dag.py:2726} INFO - Sync 1 DAGs
[2023-05-26T20:30:35.281+0000] {logging_mixin.py:149} INFO - [2023-05-26T20:30:35.281+0000] {dag.py:3490} INFO - Setting next_dagrun for example_xcom to 2021-01-01T00:00:00+00:00, run_after=2021-01-01T00:00:00+00:00
[2023-05-26T20:30:35.293+0000] {processor.py:179} INFO - Processing /home/airflow/.local/lib/python3.7/site-packages/airflow/example_dags/example_xcom.py took 0.058 seconds
[2023-05-26T20:31:05.633+0000] {processor.py:157} INFO - Started process (PID=326) to work on /home/airflow/.local/lib/python3.7/site-packages/airflow/example_dags/example_xcom.py
[2023-05-26T20:31:05.636+0000] {processor.py:826} INFO - Processing file /home/airflow/.local/lib/python3.7/site-packages/airflow/example_dags/example_xcom.py for tasks to queue
[2023-05-26T20:31:05.637+0000] {logging_mixin.py:149} INFO - [2023-05-26T20:31:05.637+0000] {dagbag.py:541} INFO - Filling up the DagBag from /home/airflow/.local/lib/python3.7/site-packages/airflow/example_dags/example_xcom.py
[2023-05-26T20:31:05.644+0000] {processor.py:836} INFO - DAG(s) dict_keys(['example_xcom']) retrieved from /home/airflow/.local/lib/python3.7/site-packages/airflow/example_dags/example_xcom.py
[2023-05-26T20:31:05.666+0000] {logging_mixin.py:149} INFO - [2023-05-26T20:31:05.666+0000] {dag.py:2726} INFO - Sync 1 DAGs
[2023-05-26T20:31:05.683+0000] {logging_mixin.py:149} INFO - [2023-05-26T20:31:05.683+0000] {dag.py:3490} INFO - Setting next_dagrun for example_xcom to 2021-01-01T00:00:00+00:00, run_after=2021-01-01T00:00:00+00:00
[2023-05-26T20:31:05.697+0000] {processor.py:179} INFO - Processing /home/airflow/.local/lib/python3.7/site-packages/airflow/example_dags/example_xcom.py took 0.068 seconds
[2023-05-26T20:31:36.464+0000] {processor.py:157} INFO - Started process (PID=382) to work on /home/airflow/.local/lib/python3.7/site-packages/airflow/example_dags/example_xcom.py
[2023-05-26T20:31:36.466+0000] {processor.py:826} INFO - Processing file /home/airflow/.local/lib/python3.7/site-packages/airflow/example_dags/example_xcom.py for tasks to queue
[2023-05-26T20:31:36.467+0000] {logging_mixin.py:149} INFO - [2023-05-26T20:31:36.467+0000] {dagbag.py:541} INFO - Filling up the DagBag from /home/airflow/.local/lib/python3.7/site-packages/airflow/example_dags/example_xcom.py
[2023-05-26T20:31:36.473+0000] {processor.py:836} INFO - DAG(s) dict_keys(['example_xcom']) retrieved from /home/airflow/.local/lib/python3.7/site-packages/airflow/example_dags/example_xcom.py
[2023-05-26T20:31:36.492+0000] {logging_mixin.py:149} INFO - [2023-05-26T20:31:36.492+0000] {dag.py:2726} INFO - Sync 1 DAGs
[2023-05-26T20:31:36.508+0000] {logging_mixin.py:149} INFO - [2023-05-26T20:31:36.508+0000] {dag.py:3490} INFO - Setting next_dagrun for example_xcom to 2021-01-01T00:00:00+00:00, run_after=2021-01-01T00:00:00+00:00
[2023-05-26T20:31:36.521+0000] {processor.py:179} INFO - Processing /home/airflow/.local/lib/python3.7/site-packages/airflow/example_dags/example_xcom.py took 0.060 seconds
[2023-05-26T20:32:06.894+0000] {processor.py:157} INFO - Started process (PID=438) to work on /home/airflow/.local/lib/python3.7/site-packages/airflow/example_dags/example_xcom.py
[2023-05-26T20:32:06.895+0000] {processor.py:826} INFO - Processing file /home/airflow/.local/lib/python3.7/site-packages/airflow/example_dags/example_xcom.py for tasks to queue
[2023-05-26T20:32:06.896+0000] {logging_mixin.py:149} INFO - [2023-05-26T20:32:06.896+0000] {dagbag.py:541} INFO - Filling up the DagBag from /home/airflow/.local/lib/python3.7/site-packages/airflow/example_dags/example_xcom.py
[2023-05-26T20:32:06.902+0000] {processor.py:836} INFO - DAG(s) dict_keys(['example_xcom']) retrieved from /home/airflow/.local/lib/python3.7/site-packages/airflow/example_dags/example_xcom.py
[2023-05-26T20:32:06.921+0000] {logging_mixin.py:149} INFO - [2023-05-26T20:32:06.921+0000] {dag.py:2726} INFO - Sync 1 DAGs
[2023-05-26T20:32:06.936+0000] {logging_mixin.py:149} INFO - [2023-05-26T20:32:06.936+0000] {dag.py:3490} INFO - Setting next_dagrun for example_xcom to 2021-01-01T00:00:00+00:00, run_after=2021-01-01T00:00:00+00:00
[2023-05-26T20:32:06.949+0000] {processor.py:179} INFO - Processing /home/airflow/.local/lib/python3.7/site-packages/airflow/example_dags/example_xcom.py took 0.058 seconds
[2023-05-26T20:32:37.369+0000] {processor.py:157} INFO - Started process (PID=494) to work on /home/airflow/.local/lib/python3.7/site-packages/airflow/example_dags/example_xcom.py
[2023-05-26T20:32:37.372+0000] {processor.py:826} INFO - Processing file /home/airflow/.local/lib/python3.7/site-packages/airflow/example_dags/example_xcom.py for tasks to queue
[2023-05-26T20:32:37.373+0000] {logging_mixin.py:149} INFO - [2023-05-26T20:32:37.373+0000] {dagbag.py:541} INFO - Filling up the DagBag from /home/airflow/.local/lib/python3.7/site-packages/airflow/example_dags/example_xcom.py
[2023-05-26T20:32:37.379+0000] {processor.py:836} INFO - DAG(s) dict_keys(['example_xcom']) retrieved from /home/airflow/.local/lib/python3.7/site-packages/airflow/example_dags/example_xcom.py
[2023-05-26T20:32:37.399+0000] {logging_mixin.py:149} INFO - [2023-05-26T20:32:37.399+0000] {dag.py:2726} INFO - Sync 1 DAGs
[2023-05-26T20:32:37.415+0000] {logging_mixin.py:149} INFO - [2023-05-26T20:32:37.415+0000] {dag.py:3490} INFO - Setting next_dagrun for example_xcom to 2021-01-01T00:00:00+00:00, run_after=2021-01-01T00:00:00+00:00
[2023-05-26T20:32:37.427+0000] {processor.py:179} INFO - Processing /home/airflow/.local/lib/python3.7/site-packages/airflow/example_dags/example_xcom.py took 0.061 seconds
[2023-05-26T20:33:07.731+0000] {processor.py:157} INFO - Started process (PID=550) to work on /home/airflow/.local/lib/python3.7/site-packages/airflow/example_dags/example_xcom.py
[2023-05-26T20:33:07.733+0000] {processor.py:826} INFO - Processing file /home/airflow/.local/lib/python3.7/site-packages/airflow/example_dags/example_xcom.py for tasks to queue
[2023-05-26T20:33:07.734+0000] {logging_mixin.py:149} INFO - [2023-05-26T20:33:07.734+0000] {dagbag.py:541} INFO - Filling up the DagBag from /home/airflow/.local/lib/python3.7/site-packages/airflow/example_dags/example_xcom.py
[2023-05-26T20:33:07.740+0000] {processor.py:836} INFO - DAG(s) dict_keys(['example_xcom']) retrieved from /home/airflow/.local/lib/python3.7/site-packages/airflow/example_dags/example_xcom.py
[2023-05-26T20:33:07.760+0000] {logging_mixin.py:149} INFO - [2023-05-26T20:33:07.760+0000] {dag.py:2726} INFO - Sync 1 DAGs
[2023-05-26T20:33:07.777+0000] {logging_mixin.py:149} INFO - [2023-05-26T20:33:07.777+0000] {dag.py:3490} INFO - Setting next_dagrun for example_xcom to 2021-01-01T00:00:00+00:00, run_after=2021-01-01T00:00:00+00:00
[2023-05-26T20:33:07.789+0000] {processor.py:179} INFO - Processing /home/airflow/.local/lib/python3.7/site-packages/airflow/example_dags/example_xcom.py took 0.061 seconds
[2023-05-26T20:33:38.286+0000] {processor.py:157} INFO - Started process (PID=606) to work on /home/airflow/.local/lib/python3.7/site-packages/airflow/example_dags/example_xcom.py
[2023-05-26T20:33:38.288+0000] {processor.py:826} INFO - Processing file /home/airflow/.local/lib/python3.7/site-packages/airflow/example_dags/example_xcom.py for tasks to queue
[2023-05-26T20:33:38.289+0000] {logging_mixin.py:149} INFO - [2023-05-26T20:33:38.289+0000] {dagbag.py:541} INFO - Filling up the DagBag from /home/airflow/.local/lib/python3.7/site-packages/airflow/example_dags/example_xcom.py
[2023-05-26T20:33:38.294+0000] {processor.py:836} INFO - DAG(s) dict_keys(['example_xcom']) retrieved from /home/airflow/.local/lib/python3.7/site-packages/airflow/example_dags/example_xcom.py
[2023-05-26T20:33:38.315+0000] {logging_mixin.py:149} INFO - [2023-05-26T20:33:38.314+0000] {dag.py:2726} INFO - Sync 1 DAGs
[2023-05-26T20:33:38.331+0000] {logging_mixin.py:149} INFO - [2023-05-26T20:33:38.331+0000] {dag.py:3490} INFO - Setting next_dagrun for example_xcom to 2021-01-01T00:00:00+00:00, run_after=2021-01-01T00:00:00+00:00
[2023-05-26T20:33:38.344+0000] {processor.py:179} INFO - Processing /home/airflow/.local/lib/python3.7/site-packages/airflow/example_dags/example_xcom.py took 0.061 seconds
[2023-05-26T20:34:08.710+0000] {processor.py:157} INFO - Started process (PID=662) to work on /home/airflow/.local/lib/python3.7/site-packages/airflow/example_dags/example_xcom.py
[2023-05-26T20:34:08.711+0000] {processor.py:826} INFO - Processing file /home/airflow/.local/lib/python3.7/site-packages/airflow/example_dags/example_xcom.py for tasks to queue
[2023-05-26T20:34:08.712+0000] {logging_mixin.py:149} INFO - [2023-05-26T20:34:08.712+0000] {dagbag.py:541} INFO - Filling up the DagBag from /home/airflow/.local/lib/python3.7/site-packages/airflow/example_dags/example_xcom.py
[2023-05-26T20:34:08.718+0000] {processor.py:836} INFO - DAG(s) dict_keys(['example_xcom']) retrieved from /home/airflow/.local/lib/python3.7/site-packages/airflow/example_dags/example_xcom.py
[2023-05-26T20:34:08.737+0000] {logging_mixin.py:149} INFO - [2023-05-26T20:34:08.737+0000] {dag.py:2726} INFO - Sync 1 DAGs
[2023-05-26T20:34:08.751+0000] {logging_mixin.py:149} INFO - [2023-05-26T20:34:08.751+0000] {dag.py:3490} INFO - Setting next_dagrun for example_xcom to 2021-01-01T00:00:00+00:00, run_after=2021-01-01T00:00:00+00:00
[2023-05-26T20:34:08.763+0000] {processor.py:179} INFO - Processing /home/airflow/.local/lib/python3.7/site-packages/airflow/example_dags/example_xcom.py took 0.056 seconds
[2023-05-26T20:34:39.288+0000] {processor.py:157} INFO - Started process (PID=718) to work on /home/airflow/.local/lib/python3.7/site-packages/airflow/example_dags/example_xcom.py
[2023-05-26T20:34:39.289+0000] {processor.py:826} INFO - Processing file /home/airflow/.local/lib/python3.7/site-packages/airflow/example_dags/example_xcom.py for tasks to queue
[2023-05-26T20:34:39.291+0000] {logging_mixin.py:149} INFO - [2023-05-26T20:34:39.291+0000] {dagbag.py:541} INFO - Filling up the DagBag from /home/airflow/.local/lib/python3.7/site-packages/airflow/example_dags/example_xcom.py
[2023-05-26T20:34:39.296+0000] {processor.py:836} INFO - DAG(s) dict_keys(['example_xcom']) retrieved from /home/airflow/.local/lib/python3.7/site-packages/airflow/example_dags/example_xcom.py
[2023-05-26T20:34:39.316+0000] {logging_mixin.py:149} INFO - [2023-05-26T20:34:39.316+0000] {dag.py:2726} INFO - Sync 1 DAGs
[2023-05-26T20:34:39.332+0000] {logging_mixin.py:149} INFO - [2023-05-26T20:34:39.331+0000] {dag.py:3490} INFO - Setting next_dagrun for example_xcom to 2021-01-01T00:00:00+00:00, run_after=2021-01-01T00:00:00+00:00
[2023-05-26T20:34:39.349+0000] {processor.py:179} INFO - Processing /home/airflow/.local/lib/python3.7/site-packages/airflow/example_dags/example_xcom.py took 0.065 seconds
[2023-05-26T20:35:09.648+0000] {processor.py:157} INFO - Started process (PID=775) to work on /home/airflow/.local/lib/python3.7/site-packages/airflow/example_dags/example_xcom.py
[2023-05-26T20:35:09.650+0000] {processor.py:826} INFO - Processing file /home/airflow/.local/lib/python3.7/site-packages/airflow/example_dags/example_xcom.py for tasks to queue
[2023-05-26T20:35:09.651+0000] {logging_mixin.py:149} INFO - [2023-05-26T20:35:09.651+0000] {dagbag.py:541} INFO - Filling up the DagBag from /home/airflow/.local/lib/python3.7/site-packages/airflow/example_dags/example_xcom.py
[2023-05-26T20:35:09.657+0000] {processor.py:836} INFO - DAG(s) dict_keys(['example_xcom']) retrieved from /home/airflow/.local/lib/python3.7/site-packages/airflow/example_dags/example_xcom.py
[2023-05-26T20:35:09.683+0000] {logging_mixin.py:149} INFO - [2023-05-26T20:35:09.683+0000] {dag.py:2726} INFO - Sync 1 DAGs
[2023-05-26T20:35:09.698+0000] {logging_mixin.py:149} INFO - [2023-05-26T20:35:09.698+0000] {dag.py:3490} INFO - Setting next_dagrun for example_xcom to 2021-01-01T00:00:00+00:00, run_after=2021-01-01T00:00:00+00:00
[2023-05-26T20:35:09.711+0000] {processor.py:179} INFO - Processing /home/airflow/.local/lib/python3.7/site-packages/airflow/example_dags/example_xcom.py took 0.065 seconds
[2023-05-26T20:35:40.170+0000] {processor.py:157} INFO - Started process (PID=831) to work on /home/airflow/.local/lib/python3.7/site-packages/airflow/example_dags/example_xcom.py
[2023-05-26T20:35:40.172+0000] {processor.py:826} INFO - Processing file /home/airflow/.local/lib/python3.7/site-packages/airflow/example_dags/example_xcom.py for tasks to queue
[2023-05-26T20:35:40.172+0000] {logging_mixin.py:149} INFO - [2023-05-26T20:35:40.172+0000] {dagbag.py:541} INFO - Filling up the DagBag from /home/airflow/.local/lib/python3.7/site-packages/airflow/example_dags/example_xcom.py
[2023-05-26T20:35:40.178+0000] {processor.py:836} INFO - DAG(s) dict_keys(['example_xcom']) retrieved from /home/airflow/.local/lib/python3.7/site-packages/airflow/example_dags/example_xcom.py
[2023-05-26T20:35:40.199+0000] {logging_mixin.py:149} INFO - [2023-05-26T20:35:40.198+0000] {dag.py:2726} INFO - Sync 1 DAGs
[2023-05-26T20:35:40.214+0000] {logging_mixin.py:149} INFO - [2023-05-26T20:35:40.214+0000] {dag.py:3490} INFO - Setting next_dagrun for example_xcom to 2021-01-01T00:00:00+00:00, run_after=2021-01-01T00:00:00+00:00
[2023-05-26T20:35:40.226+0000] {processor.py:179} INFO - Processing /home/airflow/.local/lib/python3.7/site-packages/airflow/example_dags/example_xcom.py took 0.059 seconds
[2023-05-26T20:36:10.542+0000] {processor.py:157} INFO - Started process (PID=887) to work on /home/airflow/.local/lib/python3.7/site-packages/airflow/example_dags/example_xcom.py
[2023-05-26T20:36:10.543+0000] {processor.py:826} INFO - Processing file /home/airflow/.local/lib/python3.7/site-packages/airflow/example_dags/example_xcom.py for tasks to queue
[2023-05-26T20:36:10.544+0000] {logging_mixin.py:149} INFO - [2023-05-26T20:36:10.544+0000] {dagbag.py:541} INFO - Filling up the DagBag from /home/airflow/.local/lib/python3.7/site-packages/airflow/example_dags/example_xcom.py
[2023-05-26T20:36:10.550+0000] {processor.py:836} INFO - DAG(s) dict_keys(['example_xcom']) retrieved from /home/airflow/.local/lib/python3.7/site-packages/airflow/example_dags/example_xcom.py
[2023-05-26T20:36:10.570+0000] {logging_mixin.py:149} INFO - [2023-05-26T20:36:10.570+0000] {dag.py:2726} INFO - Sync 1 DAGs
[2023-05-26T20:36:10.584+0000] {logging_mixin.py:149} INFO - [2023-05-26T20:36:10.584+0000] {dag.py:3490} INFO - Setting next_dagrun for example_xcom to 2021-01-01T00:00:00+00:00, run_after=2021-01-01T00:00:00+00:00
[2023-05-26T20:36:10.596+0000] {processor.py:179} INFO - Processing /home/airflow/.local/lib/python3.7/site-packages/airflow/example_dags/example_xcom.py took 0.058 seconds
[2023-05-26T20:36:40.845+0000] {processor.py:157} INFO - Started process (PID=943) to work on /home/airflow/.local/lib/python3.7/site-packages/airflow/example_dags/example_xcom.py
[2023-05-26T20:36:40.847+0000] {processor.py:826} INFO - Processing file /home/airflow/.local/lib/python3.7/site-packages/airflow/example_dags/example_xcom.py for tasks to queue
[2023-05-26T20:36:40.848+0000] {logging_mixin.py:149} INFO - [2023-05-26T20:36:40.848+0000] {dagbag.py:541} INFO - Filling up the DagBag from /home/airflow/.local/lib/python3.7/site-packages/airflow/example_dags/example_xcom.py
[2023-05-26T20:36:40.854+0000] {processor.py:836} INFO - DAG(s) dict_keys(['example_xcom']) retrieved from /home/airflow/.local/lib/python3.7/site-packages/airflow/example_dags/example_xcom.py
[2023-05-26T20:36:40.875+0000] {logging_mixin.py:149} INFO - [2023-05-26T20:36:40.875+0000] {dag.py:2726} INFO - Sync 1 DAGs
[2023-05-26T20:36:40.890+0000] {logging_mixin.py:149} INFO - [2023-05-26T20:36:40.890+0000] {dag.py:3490} INFO - Setting next_dagrun for example_xcom to 2021-01-01T00:00:00+00:00, run_after=2021-01-01T00:00:00+00:00
[2023-05-26T20:36:40.908+0000] {processor.py:179} INFO - Processing /home/airflow/.local/lib/python3.7/site-packages/airflow/example_dags/example_xcom.py took 0.066 seconds
[2023-05-26T20:37:11.198+0000] {processor.py:157} INFO - Started process (PID=999) to work on /home/airflow/.local/lib/python3.7/site-packages/airflow/example_dags/example_xcom.py
[2023-05-26T20:37:11.199+0000] {processor.py:826} INFO - Processing file /home/airflow/.local/lib/python3.7/site-packages/airflow/example_dags/example_xcom.py for tasks to queue
[2023-05-26T20:37:11.200+0000] {logging_mixin.py:149} INFO - [2023-05-26T20:37:11.200+0000] {dagbag.py:541} INFO - Filling up the DagBag from /home/airflow/.local/lib/python3.7/site-packages/airflow/example_dags/example_xcom.py
[2023-05-26T20:37:11.205+0000] {processor.py:836} INFO - DAG(s) dict_keys(['example_xcom']) retrieved from /home/airflow/.local/lib/python3.7/site-packages/airflow/example_dags/example_xcom.py
[2023-05-26T20:37:11.225+0000] {logging_mixin.py:149} INFO - [2023-05-26T20:37:11.224+0000] {dag.py:2726} INFO - Sync 1 DAGs
[2023-05-26T20:37:11.240+0000] {logging_mixin.py:149} INFO - [2023-05-26T20:37:11.240+0000] {dag.py:3490} INFO - Setting next_dagrun for example_xcom to 2021-01-01T00:00:00+00:00, run_after=2021-01-01T00:00:00+00:00
[2023-05-26T20:37:11.253+0000] {processor.py:179} INFO - Processing /home/airflow/.local/lib/python3.7/site-packages/airflow/example_dags/example_xcom.py took 0.058 seconds
[2023-05-26T20:37:41.530+0000] {processor.py:157} INFO - Started process (PID=1055) to work on /home/airflow/.local/lib/python3.7/site-packages/airflow/example_dags/example_xcom.py
[2023-05-26T20:37:41.531+0000] {processor.py:826} INFO - Processing file /home/airflow/.local/lib/python3.7/site-packages/airflow/example_dags/example_xcom.py for tasks to queue
[2023-05-26T20:37:41.532+0000] {logging_mixin.py:149} INFO - [2023-05-26T20:37:41.532+0000] {dagbag.py:541} INFO - Filling up the DagBag from /home/airflow/.local/lib/python3.7/site-packages/airflow/example_dags/example_xcom.py
[2023-05-26T20:37:41.538+0000] {processor.py:836} INFO - DAG(s) dict_keys(['example_xcom']) retrieved from /home/airflow/.local/lib/python3.7/site-packages/airflow/example_dags/example_xcom.py
[2023-05-26T20:37:41.560+0000] {logging_mixin.py:149} INFO - [2023-05-26T20:37:41.560+0000] {dag.py:2726} INFO - Sync 1 DAGs
[2023-05-26T20:37:41.576+0000] {logging_mixin.py:149} INFO - [2023-05-26T20:37:41.576+0000] {dag.py:3490} INFO - Setting next_dagrun for example_xcom to 2021-01-01T00:00:00+00:00, run_after=2021-01-01T00:00:00+00:00
[2023-05-26T20:37:41.588+0000] {processor.py:179} INFO - Processing /home/airflow/.local/lib/python3.7/site-packages/airflow/example_dags/example_xcom.py took 0.061 seconds
[2023-05-26T20:38:11.839+0000] {processor.py:157} INFO - Started process (PID=1111) to work on /home/airflow/.local/lib/python3.7/site-packages/airflow/example_dags/example_xcom.py
[2023-05-26T20:38:11.840+0000] {processor.py:826} INFO - Processing file /home/airflow/.local/lib/python3.7/site-packages/airflow/example_dags/example_xcom.py for tasks to queue
[2023-05-26T20:38:11.841+0000] {logging_mixin.py:149} INFO - [2023-05-26T20:38:11.841+0000] {dagbag.py:541} INFO - Filling up the DagBag from /home/airflow/.local/lib/python3.7/site-packages/airflow/example_dags/example_xcom.py
[2023-05-26T20:38:11.846+0000] {processor.py:836} INFO - DAG(s) dict_keys(['example_xcom']) retrieved from /home/airflow/.local/lib/python3.7/site-packages/airflow/example_dags/example_xcom.py
[2023-05-26T20:38:11.866+0000] {logging_mixin.py:149} INFO - [2023-05-26T20:38:11.866+0000] {dag.py:2726} INFO - Sync 1 DAGs
[2023-05-26T20:38:11.882+0000] {logging_mixin.py:149} INFO - [2023-05-26T20:38:11.882+0000] {dag.py:3490} INFO - Setting next_dagrun for example_xcom to 2021-01-01T00:00:00+00:00, run_after=2021-01-01T00:00:00+00:00
[2023-05-26T20:38:11.893+0000] {processor.py:179} INFO - Processing /home/airflow/.local/lib/python3.7/site-packages/airflow/example_dags/example_xcom.py took 0.057 seconds
[2023-05-26T20:38:42.273+0000] {processor.py:157} INFO - Started process (PID=1168) to work on /home/airflow/.local/lib/python3.7/site-packages/airflow/example_dags/example_xcom.py
[2023-05-26T20:38:42.275+0000] {processor.py:826} INFO - Processing file /home/airflow/.local/lib/python3.7/site-packages/airflow/example_dags/example_xcom.py for tasks to queue
[2023-05-26T20:38:42.276+0000] {logging_mixin.py:149} INFO - [2023-05-26T20:38:42.276+0000] {dagbag.py:541} INFO - Filling up the DagBag from /home/airflow/.local/lib/python3.7/site-packages/airflow/example_dags/example_xcom.py
[2023-05-26T20:38:42.281+0000] {processor.py:836} INFO - DAG(s) dict_keys(['example_xcom']) retrieved from /home/airflow/.local/lib/python3.7/site-packages/airflow/example_dags/example_xcom.py
[2023-05-26T20:38:42.300+0000] {logging_mixin.py:149} INFO - [2023-05-26T20:38:42.299+0000] {dag.py:2726} INFO - Sync 1 DAGs
[2023-05-26T20:38:42.314+0000] {logging_mixin.py:149} INFO - [2023-05-26T20:38:42.314+0000] {dag.py:3490} INFO - Setting next_dagrun for example_xcom to 2021-01-01T00:00:00+00:00, run_after=2021-01-01T00:00:00+00:00
[2023-05-26T20:38:42.325+0000] {processor.py:179} INFO - Processing /home/airflow/.local/lib/python3.7/site-packages/airflow/example_dags/example_xcom.py took 0.054 seconds
[2023-05-26T20:39:12.670+0000] {processor.py:157} INFO - Started process (PID=1224) to work on /home/airflow/.local/lib/python3.7/site-packages/airflow/example_dags/example_xcom.py
[2023-05-26T20:39:12.672+0000] {processor.py:826} INFO - Processing file /home/airflow/.local/lib/python3.7/site-packages/airflow/example_dags/example_xcom.py for tasks to queue
[2023-05-26T20:39:12.672+0000] {logging_mixin.py:149} INFO - [2023-05-26T20:39:12.672+0000] {dagbag.py:541} INFO - Filling up the DagBag from /home/airflow/.local/lib/python3.7/site-packages/airflow/example_dags/example_xcom.py
[2023-05-26T20:39:12.678+0000] {processor.py:836} INFO - DAG(s) dict_keys(['example_xcom']) retrieved from /home/airflow/.local/lib/python3.7/site-packages/airflow/example_dags/example_xcom.py
[2023-05-26T20:39:12.697+0000] {logging_mixin.py:149} INFO - [2023-05-26T20:39:12.697+0000] {dag.py:2726} INFO - Sync 1 DAGs
[2023-05-26T20:39:12.712+0000] {logging_mixin.py:149} INFO - [2023-05-26T20:39:12.712+0000] {dag.py:3490} INFO - Setting next_dagrun for example_xcom to 2021-01-01T00:00:00+00:00, run_after=2021-01-01T00:00:00+00:00
[2023-05-26T20:39:12.723+0000] {processor.py:179} INFO - Processing /home/airflow/.local/lib/python3.7/site-packages/airflow/example_dags/example_xcom.py took 0.056 seconds
[2023-05-26T20:39:42.923+0000] {processor.py:157} INFO - Started process (PID=1280) to work on /home/airflow/.local/lib/python3.7/site-packages/airflow/example_dags/example_xcom.py
[2023-05-26T20:39:42.925+0000] {processor.py:826} INFO - Processing file /home/airflow/.local/lib/python3.7/site-packages/airflow/example_dags/example_xcom.py for tasks to queue
[2023-05-26T20:39:42.925+0000] {logging_mixin.py:149} INFO - [2023-05-26T20:39:42.925+0000] {dagbag.py:541} INFO - Filling up the DagBag from /home/airflow/.local/lib/python3.7/site-packages/airflow/example_dags/example_xcom.py
[2023-05-26T20:39:42.931+0000] {processor.py:836} INFO - DAG(s) dict_keys(['example_xcom']) retrieved from /home/airflow/.local/lib/python3.7/site-packages/airflow/example_dags/example_xcom.py
[2023-05-26T20:39:42.951+0000] {logging_mixin.py:149} INFO - [2023-05-26T20:39:42.951+0000] {dag.py:2726} INFO - Sync 1 DAGs
[2023-05-26T20:39:42.966+0000] {logging_mixin.py:149} INFO - [2023-05-26T20:39:42.966+0000] {dag.py:3490} INFO - Setting next_dagrun for example_xcom to 2021-01-01T00:00:00+00:00, run_after=2021-01-01T00:00:00+00:00
[2023-05-26T20:39:42.977+0000] {processor.py:179} INFO - Processing /home/airflow/.local/lib/python3.7/site-packages/airflow/example_dags/example_xcom.py took 0.057 seconds
[2023-05-26T20:40:13.225+0000] {processor.py:157} INFO - Started process (PID=1337) to work on /home/airflow/.local/lib/python3.7/site-packages/airflow/example_dags/example_xcom.py
[2023-05-26T20:40:13.227+0000] {processor.py:826} INFO - Processing file /home/airflow/.local/lib/python3.7/site-packages/airflow/example_dags/example_xcom.py for tasks to queue
[2023-05-26T20:40:13.227+0000] {logging_mixin.py:149} INFO - [2023-05-26T20:40:13.227+0000] {dagbag.py:541} INFO - Filling up the DagBag from /home/airflow/.local/lib/python3.7/site-packages/airflow/example_dags/example_xcom.py
[2023-05-26T20:40:13.233+0000] {processor.py:836} INFO - DAG(s) dict_keys(['example_xcom']) retrieved from /home/airflow/.local/lib/python3.7/site-packages/airflow/example_dags/example_xcom.py
[2023-05-26T20:40:13.251+0000] {logging_mixin.py:149} INFO - [2023-05-26T20:40:13.251+0000] {dag.py:2726} INFO - Sync 1 DAGs
[2023-05-26T20:40:13.265+0000] {logging_mixin.py:149} INFO - [2023-05-26T20:40:13.265+0000] {dag.py:3490} INFO - Setting next_dagrun for example_xcom to 2021-01-01T00:00:00+00:00, run_after=2021-01-01T00:00:00+00:00
[2023-05-26T20:40:13.276+0000] {processor.py:179} INFO - Processing /home/airflow/.local/lib/python3.7/site-packages/airflow/example_dags/example_xcom.py took 0.053 seconds
[2023-05-26T20:40:43.838+0000] {processor.py:157} INFO - Started process (PID=1393) to work on /home/airflow/.local/lib/python3.7/site-packages/airflow/example_dags/example_xcom.py
[2023-05-26T20:40:43.839+0000] {processor.py:826} INFO - Processing file /home/airflow/.local/lib/python3.7/site-packages/airflow/example_dags/example_xcom.py for tasks to queue
[2023-05-26T20:40:43.840+0000] {logging_mixin.py:149} INFO - [2023-05-26T20:40:43.840+0000] {dagbag.py:541} INFO - Filling up the DagBag from /home/airflow/.local/lib/python3.7/site-packages/airflow/example_dags/example_xcom.py
[2023-05-26T20:40:43.846+0000] {processor.py:836} INFO - DAG(s) dict_keys(['example_xcom']) retrieved from /home/airflow/.local/lib/python3.7/site-packages/airflow/example_dags/example_xcom.py
[2023-05-26T20:40:43.867+0000] {logging_mixin.py:149} INFO - [2023-05-26T20:40:43.866+0000] {dag.py:2726} INFO - Sync 1 DAGs
[2023-05-26T20:40:43.882+0000] {logging_mixin.py:149} INFO - [2023-05-26T20:40:43.882+0000] {dag.py:3490} INFO - Setting next_dagrun for example_xcom to 2021-01-01T00:00:00+00:00, run_after=2021-01-01T00:00:00+00:00
[2023-05-26T20:40:43.894+0000] {processor.py:179} INFO - Processing /home/airflow/.local/lib/python3.7/site-packages/airflow/example_dags/example_xcom.py took 0.058 seconds
[2023-05-26T20:41:14.265+0000] {processor.py:157} INFO - Started process (PID=1450) to work on /home/airflow/.local/lib/python3.7/site-packages/airflow/example_dags/example_xcom.py
[2023-05-26T20:41:14.267+0000] {processor.py:826} INFO - Processing file /home/airflow/.local/lib/python3.7/site-packages/airflow/example_dags/example_xcom.py for tasks to queue
[2023-05-26T20:41:14.268+0000] {logging_mixin.py:149} INFO - [2023-05-26T20:41:14.268+0000] {dagbag.py:541} INFO - Filling up the DagBag from /home/airflow/.local/lib/python3.7/site-packages/airflow/example_dags/example_xcom.py
[2023-05-26T20:41:14.273+0000] {processor.py:836} INFO - DAG(s) dict_keys(['example_xcom']) retrieved from /home/airflow/.local/lib/python3.7/site-packages/airflow/example_dags/example_xcom.py
[2023-05-26T20:41:14.293+0000] {logging_mixin.py:149} INFO - [2023-05-26T20:41:14.293+0000] {dag.py:2726} INFO - Sync 1 DAGs
[2023-05-26T20:41:14.307+0000] {logging_mixin.py:149} INFO - [2023-05-26T20:41:14.307+0000] {dag.py:3490} INFO - Setting next_dagrun for example_xcom to 2021-01-01T00:00:00+00:00, run_after=2021-01-01T00:00:00+00:00
[2023-05-26T20:41:14.318+0000] {processor.py:179} INFO - Processing /home/airflow/.local/lib/python3.7/site-packages/airflow/example_dags/example_xcom.py took 0.056 seconds
[2023-05-26T20:41:44.656+0000] {processor.py:157} INFO - Started process (PID=1506) to work on /home/airflow/.local/lib/python3.7/site-packages/airflow/example_dags/example_xcom.py
[2023-05-26T20:41:44.658+0000] {processor.py:826} INFO - Processing file /home/airflow/.local/lib/python3.7/site-packages/airflow/example_dags/example_xcom.py for tasks to queue
[2023-05-26T20:41:44.659+0000] {logging_mixin.py:149} INFO - [2023-05-26T20:41:44.659+0000] {dagbag.py:541} INFO - Filling up the DagBag from /home/airflow/.local/lib/python3.7/site-packages/airflow/example_dags/example_xcom.py
[2023-05-26T20:41:44.665+0000] {processor.py:836} INFO - DAG(s) dict_keys(['example_xcom']) retrieved from /home/airflow/.local/lib/python3.7/site-packages/airflow/example_dags/example_xcom.py
[2023-05-26T20:41:44.685+0000] {logging_mixin.py:149} INFO - [2023-05-26T20:41:44.685+0000] {dag.py:2726} INFO - Sync 1 DAGs
[2023-05-26T20:41:44.699+0000] {logging_mixin.py:149} INFO - [2023-05-26T20:41:44.699+0000] {dag.py:3490} INFO - Setting next_dagrun for example_xcom to 2021-01-01T00:00:00+00:00, run_after=2021-01-01T00:00:00+00:00
[2023-05-26T20:41:44.710+0000] {processor.py:179} INFO - Processing /home/airflow/.local/lib/python3.7/site-packages/airflow/example_dags/example_xcom.py took 0.056 seconds
[2023-05-26T20:42:14.976+0000] {processor.py:157} INFO - Started process (PID=1562) to work on /home/airflow/.local/lib/python3.7/site-packages/airflow/example_dags/example_xcom.py
[2023-05-26T20:42:14.978+0000] {processor.py:826} INFO - Processing file /home/airflow/.local/lib/python3.7/site-packages/airflow/example_dags/example_xcom.py for tasks to queue
[2023-05-26T20:42:14.979+0000] {logging_mixin.py:149} INFO - [2023-05-26T20:42:14.979+0000] {dagbag.py:541} INFO - Filling up the DagBag from /home/airflow/.local/lib/python3.7/site-packages/airflow/example_dags/example_xcom.py
[2023-05-26T20:42:14.986+0000] {processor.py:836} INFO - DAG(s) dict_keys(['example_xcom']) retrieved from /home/airflow/.local/lib/python3.7/site-packages/airflow/example_dags/example_xcom.py
[2023-05-26T20:42:15.006+0000] {logging_mixin.py:149} INFO - [2023-05-26T20:42:15.006+0000] {dag.py:2726} INFO - Sync 1 DAGs
[2023-05-26T20:42:15.021+0000] {logging_mixin.py:149} INFO - [2023-05-26T20:42:15.021+0000] {dag.py:3490} INFO - Setting next_dagrun for example_xcom to 2021-01-01T00:00:00+00:00, run_after=2021-01-01T00:00:00+00:00
[2023-05-26T20:42:15.034+0000] {processor.py:179} INFO - Processing /home/airflow/.local/lib/python3.7/site-packages/airflow/example_dags/example_xcom.py took 0.060 seconds
[2023-05-26T20:42:45.499+0000] {processor.py:157} INFO - Started process (PID=1618) to work on /home/airflow/.local/lib/python3.7/site-packages/airflow/example_dags/example_xcom.py
[2023-05-26T20:42:45.500+0000] {processor.py:826} INFO - Processing file /home/airflow/.local/lib/python3.7/site-packages/airflow/example_dags/example_xcom.py for tasks to queue
[2023-05-26T20:42:45.501+0000] {logging_mixin.py:149} INFO - [2023-05-26T20:42:45.501+0000] {dagbag.py:541} INFO - Filling up the DagBag from /home/airflow/.local/lib/python3.7/site-packages/airflow/example_dags/example_xcom.py
[2023-05-26T20:42:45.506+0000] {processor.py:836} INFO - DAG(s) dict_keys(['example_xcom']) retrieved from /home/airflow/.local/lib/python3.7/site-packages/airflow/example_dags/example_xcom.py
[2023-05-26T20:42:45.527+0000] {logging_mixin.py:149} INFO - [2023-05-26T20:42:45.526+0000] {dag.py:2726} INFO - Sync 1 DAGs
[2023-05-26T20:42:45.542+0000] {logging_mixin.py:149} INFO - [2023-05-26T20:42:45.542+0000] {dag.py:3490} INFO - Setting next_dagrun for example_xcom to 2021-01-01T00:00:00+00:00, run_after=2021-01-01T00:00:00+00:00
[2023-05-26T20:42:45.554+0000] {processor.py:179} INFO - Processing /home/airflow/.local/lib/python3.7/site-packages/airflow/example_dags/example_xcom.py took 0.058 seconds
[2023-05-26T20:43:15.952+0000] {processor.py:157} INFO - Started process (PID=1674) to work on /home/airflow/.local/lib/python3.7/site-packages/airflow/example_dags/example_xcom.py
[2023-05-26T20:43:15.953+0000] {processor.py:826} INFO - Processing file /home/airflow/.local/lib/python3.7/site-packages/airflow/example_dags/example_xcom.py for tasks to queue
[2023-05-26T20:43:15.954+0000] {logging_mixin.py:149} INFO - [2023-05-26T20:43:15.954+0000] {dagbag.py:541} INFO - Filling up the DagBag from /home/airflow/.local/lib/python3.7/site-packages/airflow/example_dags/example_xcom.py
[2023-05-26T20:43:15.960+0000] {processor.py:836} INFO - DAG(s) dict_keys(['example_xcom']) retrieved from /home/airflow/.local/lib/python3.7/site-packages/airflow/example_dags/example_xcom.py
[2023-05-26T20:43:15.979+0000] {logging_mixin.py:149} INFO - [2023-05-26T20:43:15.978+0000] {dag.py:2726} INFO - Sync 1 DAGs
[2023-05-26T20:43:15.993+0000] {logging_mixin.py:149} INFO - [2023-05-26T20:43:15.993+0000] {dag.py:3490} INFO - Setting next_dagrun for example_xcom to 2021-01-01T00:00:00+00:00, run_after=2021-01-01T00:00:00+00:00
[2023-05-26T20:43:16.004+0000] {processor.py:179} INFO - Processing /home/airflow/.local/lib/python3.7/site-packages/airflow/example_dags/example_xcom.py took 0.054 seconds
[2023-05-26T20:43:46.379+0000] {processor.py:157} INFO - Started process (PID=1730) to work on /home/airflow/.local/lib/python3.7/site-packages/airflow/example_dags/example_xcom.py
[2023-05-26T20:43:46.380+0000] {processor.py:826} INFO - Processing file /home/airflow/.local/lib/python3.7/site-packages/airflow/example_dags/example_xcom.py for tasks to queue
[2023-05-26T20:43:46.381+0000] {logging_mixin.py:149} INFO - [2023-05-26T20:43:46.381+0000] {dagbag.py:541} INFO - Filling up the DagBag from /home/airflow/.local/lib/python3.7/site-packages/airflow/example_dags/example_xcom.py
[2023-05-26T20:43:46.387+0000] {processor.py:836} INFO - DAG(s) dict_keys(['example_xcom']) retrieved from /home/airflow/.local/lib/python3.7/site-packages/airflow/example_dags/example_xcom.py
[2023-05-26T20:43:46.406+0000] {logging_mixin.py:149} INFO - [2023-05-26T20:43:46.406+0000] {dag.py:2726} INFO - Sync 1 DAGs
[2023-05-26T20:43:46.421+0000] {logging_mixin.py:149} INFO - [2023-05-26T20:43:46.420+0000] {dag.py:3490} INFO - Setting next_dagrun for example_xcom to 2021-01-01T00:00:00+00:00, run_after=2021-01-01T00:00:00+00:00
[2023-05-26T20:43:46.434+0000] {processor.py:179} INFO - Processing /home/airflow/.local/lib/python3.7/site-packages/airflow/example_dags/example_xcom.py took 0.057 seconds
[2023-05-26T20:44:16.666+0000] {processor.py:157} INFO - Started process (PID=1786) to work on /home/airflow/.local/lib/python3.7/site-packages/airflow/example_dags/example_xcom.py
[2023-05-26T20:44:16.668+0000] {processor.py:826} INFO - Processing file /home/airflow/.local/lib/python3.7/site-packages/airflow/example_dags/example_xcom.py for tasks to queue
[2023-05-26T20:44:16.669+0000] {logging_mixin.py:149} INFO - [2023-05-26T20:44:16.669+0000] {dagbag.py:541} INFO - Filling up the DagBag from /home/airflow/.local/lib/python3.7/site-packages/airflow/example_dags/example_xcom.py
[2023-05-26T20:44:16.674+0000] {processor.py:836} INFO - DAG(s) dict_keys(['example_xcom']) retrieved from /home/airflow/.local/lib/python3.7/site-packages/airflow/example_dags/example_xcom.py
[2023-05-26T20:44:16.693+0000] {logging_mixin.py:149} INFO - [2023-05-26T20:44:16.693+0000] {dag.py:2726} INFO - Sync 1 DAGs
[2023-05-26T20:44:16.708+0000] {logging_mixin.py:149} INFO - [2023-05-26T20:44:16.708+0000] {dag.py:3490} INFO - Setting next_dagrun for example_xcom to 2021-01-01T00:00:00+00:00, run_after=2021-01-01T00:00:00+00:00
[2023-05-26T20:44:16.719+0000] {processor.py:179} INFO - Processing /home/airflow/.local/lib/python3.7/site-packages/airflow/example_dags/example_xcom.py took 0.055 seconds
[2023-05-26T20:44:47.104+0000] {processor.py:157} INFO - Started process (PID=1843) to work on /home/airflow/.local/lib/python3.7/site-packages/airflow/example_dags/example_xcom.py
[2023-05-26T20:44:47.105+0000] {processor.py:826} INFO - Processing file /home/airflow/.local/lib/python3.7/site-packages/airflow/example_dags/example_xcom.py for tasks to queue
[2023-05-26T20:44:47.106+0000] {logging_mixin.py:149} INFO - [2023-05-26T20:44:47.106+0000] {dagbag.py:541} INFO - Filling up the DagBag from /home/airflow/.local/lib/python3.7/site-packages/airflow/example_dags/example_xcom.py
[2023-05-26T20:44:47.112+0000] {processor.py:836} INFO - DAG(s) dict_keys(['example_xcom']) retrieved from /home/airflow/.local/lib/python3.7/site-packages/airflow/example_dags/example_xcom.py
[2023-05-26T20:44:47.132+0000] {logging_mixin.py:149} INFO - [2023-05-26T20:44:47.132+0000] {dag.py:2726} INFO - Sync 1 DAGs
[2023-05-26T20:44:47.148+0000] {logging_mixin.py:149} INFO - [2023-05-26T20:44:47.148+0000] {dag.py:3490} INFO - Setting next_dagrun for example_xcom to 2021-01-01T00:00:00+00:00, run_after=2021-01-01T00:00:00+00:00
[2023-05-26T20:44:47.160+0000] {processor.py:179} INFO - Processing /home/airflow/.local/lib/python3.7/site-packages/airflow/example_dags/example_xcom.py took 0.059 seconds
[2023-05-26T20:45:17.437+0000] {processor.py:157} INFO - Started process (PID=1899) to work on /home/airflow/.local/lib/python3.7/site-packages/airflow/example_dags/example_xcom.py
[2023-05-26T20:45:17.438+0000] {processor.py:826} INFO - Processing file /home/airflow/.local/lib/python3.7/site-packages/airflow/example_dags/example_xcom.py for tasks to queue
[2023-05-26T20:45:17.439+0000] {logging_mixin.py:149} INFO - [2023-05-26T20:45:17.439+0000] {dagbag.py:541} INFO - Filling up the DagBag from /home/airflow/.local/lib/python3.7/site-packages/airflow/example_dags/example_xcom.py
[2023-05-26T20:45:17.445+0000] {processor.py:836} INFO - DAG(s) dict_keys(['example_xcom']) retrieved from /home/airflow/.local/lib/python3.7/site-packages/airflow/example_dags/example_xcom.py
[2023-05-26T20:45:17.464+0000] {logging_mixin.py:149} INFO - [2023-05-26T20:45:17.464+0000] {dag.py:2726} INFO - Sync 1 DAGs
[2023-05-26T20:45:17.478+0000] {logging_mixin.py:149} INFO - [2023-05-26T20:45:17.478+0000] {dag.py:3490} INFO - Setting next_dagrun for example_xcom to 2021-01-01T00:00:00+00:00, run_after=2021-01-01T00:00:00+00:00
[2023-05-26T20:45:17.489+0000] {processor.py:179} INFO - Processing /home/airflow/.local/lib/python3.7/site-packages/airflow/example_dags/example_xcom.py took 0.055 seconds
[2023-05-26T20:45:47.878+0000] {processor.py:157} INFO - Started process (PID=1955) to work on /home/airflow/.local/lib/python3.7/site-packages/airflow/example_dags/example_xcom.py
[2023-05-26T20:45:47.879+0000] {processor.py:826} INFO - Processing file /home/airflow/.local/lib/python3.7/site-packages/airflow/example_dags/example_xcom.py for tasks to queue
[2023-05-26T20:45:47.880+0000] {logging_mixin.py:149} INFO - [2023-05-26T20:45:47.880+0000] {dagbag.py:541} INFO - Filling up the DagBag from /home/airflow/.local/lib/python3.7/site-packages/airflow/example_dags/example_xcom.py
[2023-05-26T20:45:47.886+0000] {processor.py:836} INFO - DAG(s) dict_keys(['example_xcom']) retrieved from /home/airflow/.local/lib/python3.7/site-packages/airflow/example_dags/example_xcom.py
[2023-05-26T20:45:47.906+0000] {logging_mixin.py:149} INFO - [2023-05-26T20:45:47.906+0000] {dag.py:2726} INFO - Sync 1 DAGs
[2023-05-26T20:45:47.921+0000] {logging_mixin.py:149} INFO - [2023-05-26T20:45:47.921+0000] {dag.py:3490} INFO - Setting next_dagrun for example_xcom to 2021-01-01T00:00:00+00:00, run_after=2021-01-01T00:00:00+00:00
[2023-05-26T20:45:47.932+0000] {processor.py:179} INFO - Processing /home/airflow/.local/lib/python3.7/site-packages/airflow/example_dags/example_xcom.py took 0.057 seconds
[2023-05-26T20:46:18.461+0000] {processor.py:157} INFO - Started process (PID=2011) to work on /home/airflow/.local/lib/python3.7/site-packages/airflow/example_dags/example_xcom.py
[2023-05-26T20:46:18.462+0000] {processor.py:826} INFO - Processing file /home/airflow/.local/lib/python3.7/site-packages/airflow/example_dags/example_xcom.py for tasks to queue
[2023-05-26T20:46:18.463+0000] {logging_mixin.py:149} INFO - [2023-05-26T20:46:18.463+0000] {dagbag.py:541} INFO - Filling up the DagBag from /home/airflow/.local/lib/python3.7/site-packages/airflow/example_dags/example_xcom.py
[2023-05-26T20:46:18.469+0000] {processor.py:836} INFO - DAG(s) dict_keys(['example_xcom']) retrieved from /home/airflow/.local/lib/python3.7/site-packages/airflow/example_dags/example_xcom.py
[2023-05-26T20:46:18.487+0000] {logging_mixin.py:149} INFO - [2023-05-26T20:46:18.487+0000] {dag.py:2726} INFO - Sync 1 DAGs
[2023-05-26T20:46:18.502+0000] {logging_mixin.py:149} INFO - [2023-05-26T20:46:18.502+0000] {dag.py:3490} INFO - Setting next_dagrun for example_xcom to 2021-01-01T00:00:00+00:00, run_after=2021-01-01T00:00:00+00:00
[2023-05-26T20:46:18.513+0000] {processor.py:179} INFO - Processing /home/airflow/.local/lib/python3.7/site-packages/airflow/example_dags/example_xcom.py took 0.055 seconds
[2023-05-26T20:46:49.089+0000] {processor.py:157} INFO - Started process (PID=2067) to work on /home/airflow/.local/lib/python3.7/site-packages/airflow/example_dags/example_xcom.py
[2023-05-26T20:46:49.091+0000] {processor.py:826} INFO - Processing file /home/airflow/.local/lib/python3.7/site-packages/airflow/example_dags/example_xcom.py for tasks to queue
[2023-05-26T20:46:49.092+0000] {logging_mixin.py:149} INFO - [2023-05-26T20:46:49.092+0000] {dagbag.py:541} INFO - Filling up the DagBag from /home/airflow/.local/lib/python3.7/site-packages/airflow/example_dags/example_xcom.py
[2023-05-26T20:46:49.099+0000] {processor.py:836} INFO - DAG(s) dict_keys(['example_xcom']) retrieved from /home/airflow/.local/lib/python3.7/site-packages/airflow/example_dags/example_xcom.py
[2023-05-26T20:46:49.122+0000] {logging_mixin.py:149} INFO - [2023-05-26T20:46:49.122+0000] {dag.py:2726} INFO - Sync 1 DAGs
[2023-05-26T20:46:49.138+0000] {logging_mixin.py:149} INFO - [2023-05-26T20:46:49.138+0000] {dag.py:3490} INFO - Setting next_dagrun for example_xcom to 2021-01-01T00:00:00+00:00, run_after=2021-01-01T00:00:00+00:00
[2023-05-26T20:46:49.150+0000] {processor.py:179} INFO - Processing /home/airflow/.local/lib/python3.7/site-packages/airflow/example_dags/example_xcom.py took 0.064 seconds
[2023-05-26T20:47:19.810+0000] {processor.py:157} INFO - Started process (PID=2123) to work on /home/airflow/.local/lib/python3.7/site-packages/airflow/example_dags/example_xcom.py
[2023-05-26T20:47:19.824+0000] {processor.py:826} INFO - Processing file /home/airflow/.local/lib/python3.7/site-packages/airflow/example_dags/example_xcom.py for tasks to queue
[2023-05-26T20:47:19.825+0000] {logging_mixin.py:149} INFO - [2023-05-26T20:47:19.825+0000] {dagbag.py:541} INFO - Filling up the DagBag from /home/airflow/.local/lib/python3.7/site-packages/airflow/example_dags/example_xcom.py
[2023-05-26T20:47:19.831+0000] {processor.py:836} INFO - DAG(s) dict_keys(['example_xcom']) retrieved from /home/airflow/.local/lib/python3.7/site-packages/airflow/example_dags/example_xcom.py
[2023-05-26T20:47:19.850+0000] {logging_mixin.py:149} INFO - [2023-05-26T20:47:19.850+0000] {dag.py:2726} INFO - Sync 1 DAGs
[2023-05-26T20:47:19.865+0000] {logging_mixin.py:149} INFO - [2023-05-26T20:47:19.865+0000] {dag.py:3490} INFO - Setting next_dagrun for example_xcom to 2021-01-01T00:00:00+00:00, run_after=2021-01-01T00:00:00+00:00
[2023-05-26T20:47:19.877+0000] {processor.py:179} INFO - Processing /home/airflow/.local/lib/python3.7/site-packages/airflow/example_dags/example_xcom.py took 0.070 seconds
[2023-05-26T20:47:50.463+0000] {processor.py:157} INFO - Started process (PID=2179) to work on /home/airflow/.local/lib/python3.7/site-packages/airflow/example_dags/example_xcom.py
[2023-05-26T20:47:50.464+0000] {processor.py:826} INFO - Processing file /home/airflow/.local/lib/python3.7/site-packages/airflow/example_dags/example_xcom.py for tasks to queue
[2023-05-26T20:47:50.465+0000] {logging_mixin.py:149} INFO - [2023-05-26T20:47:50.465+0000] {dagbag.py:541} INFO - Filling up the DagBag from /home/airflow/.local/lib/python3.7/site-packages/airflow/example_dags/example_xcom.py
[2023-05-26T20:47:50.471+0000] {processor.py:836} INFO - DAG(s) dict_keys(['example_xcom']) retrieved from /home/airflow/.local/lib/python3.7/site-packages/airflow/example_dags/example_xcom.py
[2023-05-26T20:47:50.491+0000] {logging_mixin.py:149} INFO - [2023-05-26T20:47:50.491+0000] {dag.py:2726} INFO - Sync 1 DAGs
[2023-05-26T20:47:50.507+0000] {logging_mixin.py:149} INFO - [2023-05-26T20:47:50.507+0000] {dag.py:3490} INFO - Setting next_dagrun for example_xcom to 2021-01-01T00:00:00+00:00, run_after=2021-01-01T00:00:00+00:00
[2023-05-26T20:47:50.518+0000] {processor.py:179} INFO - Processing /home/airflow/.local/lib/python3.7/site-packages/airflow/example_dags/example_xcom.py took 0.058 seconds
[2023-05-26T20:48:20.864+0000] {processor.py:157} INFO - Started process (PID=2235) to work on /home/airflow/.local/lib/python3.7/site-packages/airflow/example_dags/example_xcom.py
[2023-05-26T20:48:20.865+0000] {processor.py:826} INFO - Processing file /home/airflow/.local/lib/python3.7/site-packages/airflow/example_dags/example_xcom.py for tasks to queue
[2023-05-26T20:48:20.866+0000] {logging_mixin.py:149} INFO - [2023-05-26T20:48:20.866+0000] {dagbag.py:541} INFO - Filling up the DagBag from /home/airflow/.local/lib/python3.7/site-packages/airflow/example_dags/example_xcom.py
[2023-05-26T20:48:20.872+0000] {processor.py:836} INFO - DAG(s) dict_keys(['example_xcom']) retrieved from /home/airflow/.local/lib/python3.7/site-packages/airflow/example_dags/example_xcom.py
[2023-05-26T20:48:20.891+0000] {logging_mixin.py:149} INFO - [2023-05-26T20:48:20.891+0000] {dag.py:2726} INFO - Sync 1 DAGs
[2023-05-26T20:48:20.906+0000] {logging_mixin.py:149} INFO - [2023-05-26T20:48:20.906+0000] {dag.py:3490} INFO - Setting next_dagrun for example_xcom to 2021-01-01T00:00:00+00:00, run_after=2021-01-01T00:00:00+00:00
[2023-05-26T20:48:20.917+0000] {processor.py:179} INFO - Processing /home/airflow/.local/lib/python3.7/site-packages/airflow/example_dags/example_xcom.py took 0.055 seconds
[2023-05-26T20:48:51.547+0000] {processor.py:157} INFO - Started process (PID=2292) to work on /home/airflow/.local/lib/python3.7/site-packages/airflow/example_dags/example_xcom.py
[2023-05-26T20:48:51.549+0000] {processor.py:826} INFO - Processing file /home/airflow/.local/lib/python3.7/site-packages/airflow/example_dags/example_xcom.py for tasks to queue
[2023-05-26T20:48:51.550+0000] {logging_mixin.py:149} INFO - [2023-05-26T20:48:51.550+0000] {dagbag.py:541} INFO - Filling up the DagBag from /home/airflow/.local/lib/python3.7/site-packages/airflow/example_dags/example_xcom.py
[2023-05-26T20:48:51.556+0000] {processor.py:836} INFO - DAG(s) dict_keys(['example_xcom']) retrieved from /home/airflow/.local/lib/python3.7/site-packages/airflow/example_dags/example_xcom.py
[2023-05-26T20:48:51.576+0000] {logging_mixin.py:149} INFO - [2023-05-26T20:48:51.576+0000] {dag.py:2726} INFO - Sync 1 DAGs
[2023-05-26T20:48:51.591+0000] {logging_mixin.py:149} INFO - [2023-05-26T20:48:51.591+0000] {dag.py:3490} INFO - Setting next_dagrun for example_xcom to 2021-01-01T00:00:00+00:00, run_after=2021-01-01T00:00:00+00:00
[2023-05-26T20:48:51.604+0000] {processor.py:179} INFO - Processing /home/airflow/.local/lib/python3.7/site-packages/airflow/example_dags/example_xcom.py took 0.060 seconds
[2023-05-26T20:49:22.248+0000] {processor.py:157} INFO - Started process (PID=2347) to work on /home/airflow/.local/lib/python3.7/site-packages/airflow/example_dags/example_xcom.py
[2023-05-26T20:49:22.250+0000] {processor.py:826} INFO - Processing file /home/airflow/.local/lib/python3.7/site-packages/airflow/example_dags/example_xcom.py for tasks to queue
[2023-05-26T20:49:22.251+0000] {logging_mixin.py:149} INFO - [2023-05-26T20:49:22.251+0000] {dagbag.py:541} INFO - Filling up the DagBag from /home/airflow/.local/lib/python3.7/site-packages/airflow/example_dags/example_xcom.py
[2023-05-26T20:49:22.257+0000] {processor.py:836} INFO - DAG(s) dict_keys(['example_xcom']) retrieved from /home/airflow/.local/lib/python3.7/site-packages/airflow/example_dags/example_xcom.py
[2023-05-26T20:49:22.278+0000] {logging_mixin.py:149} INFO - [2023-05-26T20:49:22.278+0000] {dag.py:2726} INFO - Sync 1 DAGs
[2023-05-26T20:49:22.293+0000] {logging_mixin.py:149} INFO - [2023-05-26T20:49:22.293+0000] {dag.py:3490} INFO - Setting next_dagrun for example_xcom to 2021-01-01T00:00:00+00:00, run_after=2021-01-01T00:00:00+00:00
[2023-05-26T20:49:22.305+0000] {processor.py:179} INFO - Processing /home/airflow/.local/lib/python3.7/site-packages/airflow/example_dags/example_xcom.py took 0.060 seconds
[2023-05-26T20:49:52.709+0000] {processor.py:157} INFO - Started process (PID=2403) to work on /home/airflow/.local/lib/python3.7/site-packages/airflow/example_dags/example_xcom.py
[2023-05-26T20:49:52.710+0000] {processor.py:826} INFO - Processing file /home/airflow/.local/lib/python3.7/site-packages/airflow/example_dags/example_xcom.py for tasks to queue
[2023-05-26T20:49:52.711+0000] {logging_mixin.py:149} INFO - [2023-05-26T20:49:52.711+0000] {dagbag.py:541} INFO - Filling up the DagBag from /home/airflow/.local/lib/python3.7/site-packages/airflow/example_dags/example_xcom.py
[2023-05-26T20:49:52.717+0000] {processor.py:836} INFO - DAG(s) dict_keys(['example_xcom']) retrieved from /home/airflow/.local/lib/python3.7/site-packages/airflow/example_dags/example_xcom.py
[2023-05-26T20:49:52.736+0000] {logging_mixin.py:149} INFO - [2023-05-26T20:49:52.736+0000] {dag.py:2726} INFO - Sync 1 DAGs
[2023-05-26T20:49:52.751+0000] {logging_mixin.py:149} INFO - [2023-05-26T20:49:52.751+0000] {dag.py:3490} INFO - Setting next_dagrun for example_xcom to 2021-01-01T00:00:00+00:00, run_after=2021-01-01T00:00:00+00:00
[2023-05-26T20:49:52.763+0000] {processor.py:179} INFO - Processing /home/airflow/.local/lib/python3.7/site-packages/airflow/example_dags/example_xcom.py took 0.057 seconds
[2023-05-26T20:50:23.355+0000] {processor.py:157} INFO - Started process (PID=2459) to work on /home/airflow/.local/lib/python3.7/site-packages/airflow/example_dags/example_xcom.py
[2023-05-26T20:50:23.356+0000] {processor.py:826} INFO - Processing file /home/airflow/.local/lib/python3.7/site-packages/airflow/example_dags/example_xcom.py for tasks to queue
[2023-05-26T20:50:23.357+0000] {logging_mixin.py:149} INFO - [2023-05-26T20:50:23.357+0000] {dagbag.py:541} INFO - Filling up the DagBag from /home/airflow/.local/lib/python3.7/site-packages/airflow/example_dags/example_xcom.py
[2023-05-26T20:50:23.363+0000] {processor.py:836} INFO - DAG(s) dict_keys(['example_xcom']) retrieved from /home/airflow/.local/lib/python3.7/site-packages/airflow/example_dags/example_xcom.py
[2023-05-26T20:50:23.384+0000] {logging_mixin.py:149} INFO - [2023-05-26T20:50:23.384+0000] {dag.py:2726} INFO - Sync 1 DAGs
[2023-05-26T20:50:23.400+0000] {logging_mixin.py:149} INFO - [2023-05-26T20:50:23.399+0000] {dag.py:3490} INFO - Setting next_dagrun for example_xcom to 2021-01-01T00:00:00+00:00, run_after=2021-01-01T00:00:00+00:00
[2023-05-26T20:50:23.412+0000] {processor.py:179} INFO - Processing /home/airflow/.local/lib/python3.7/site-packages/airflow/example_dags/example_xcom.py took 0.060 seconds
[2023-05-26T20:50:53.637+0000] {processor.py:157} INFO - Started process (PID=2516) to work on /home/airflow/.local/lib/python3.7/site-packages/airflow/example_dags/example_xcom.py
[2023-05-26T20:50:53.639+0000] {processor.py:826} INFO - Processing file /home/airflow/.local/lib/python3.7/site-packages/airflow/example_dags/example_xcom.py for tasks to queue
[2023-05-26T20:50:53.640+0000] {logging_mixin.py:149} INFO - [2023-05-26T20:50:53.640+0000] {dagbag.py:541} INFO - Filling up the DagBag from /home/airflow/.local/lib/python3.7/site-packages/airflow/example_dags/example_xcom.py
[2023-05-26T20:50:53.646+0000] {processor.py:836} INFO - DAG(s) dict_keys(['example_xcom']) retrieved from /home/airflow/.local/lib/python3.7/site-packages/airflow/example_dags/example_xcom.py
[2023-05-26T20:50:53.667+0000] {logging_mixin.py:149} INFO - [2023-05-26T20:50:53.666+0000] {dag.py:2726} INFO - Sync 1 DAGs
[2023-05-26T20:50:53.682+0000] {logging_mixin.py:149} INFO - [2023-05-26T20:50:53.682+0000] {dag.py:3490} INFO - Setting next_dagrun for example_xcom to 2021-01-01T00:00:00+00:00, run_after=2021-01-01T00:00:00+00:00
[2023-05-26T20:50:53.694+0000] {processor.py:179} INFO - Processing /home/airflow/.local/lib/python3.7/site-packages/airflow/example_dags/example_xcom.py took 0.060 seconds
[2023-05-26T20:51:24.121+0000] {processor.py:157} INFO - Started process (PID=2572) to work on /home/airflow/.local/lib/python3.7/site-packages/airflow/example_dags/example_xcom.py
[2023-05-26T20:51:24.122+0000] {processor.py:826} INFO - Processing file /home/airflow/.local/lib/python3.7/site-packages/airflow/example_dags/example_xcom.py for tasks to queue
[2023-05-26T20:51:24.123+0000] {logging_mixin.py:149} INFO - [2023-05-26T20:51:24.123+0000] {dagbag.py:541} INFO - Filling up the DagBag from /home/airflow/.local/lib/python3.7/site-packages/airflow/example_dags/example_xcom.py
[2023-05-26T20:51:24.129+0000] {processor.py:836} INFO - DAG(s) dict_keys(['example_xcom']) retrieved from /home/airflow/.local/lib/python3.7/site-packages/airflow/example_dags/example_xcom.py
[2023-05-26T20:51:24.149+0000] {logging_mixin.py:149} INFO - [2023-05-26T20:51:24.149+0000] {dag.py:2726} INFO - Sync 1 DAGs
[2023-05-26T20:51:24.165+0000] {logging_mixin.py:149} INFO - [2023-05-26T20:51:24.165+0000] {dag.py:3490} INFO - Setting next_dagrun for example_xcom to 2021-01-01T00:00:00+00:00, run_after=2021-01-01T00:00:00+00:00
[2023-05-26T20:51:24.177+0000] {processor.py:179} INFO - Processing /home/airflow/.local/lib/python3.7/site-packages/airflow/example_dags/example_xcom.py took 0.059 seconds
[2023-05-26T20:51:54.732+0000] {processor.py:157} INFO - Started process (PID=2628) to work on /home/airflow/.local/lib/python3.7/site-packages/airflow/example_dags/example_xcom.py
[2023-05-26T20:51:54.733+0000] {processor.py:826} INFO - Processing file /home/airflow/.local/lib/python3.7/site-packages/airflow/example_dags/example_xcom.py for tasks to queue
[2023-05-26T20:51:54.734+0000] {logging_mixin.py:149} INFO - [2023-05-26T20:51:54.734+0000] {dagbag.py:541} INFO - Filling up the DagBag from /home/airflow/.local/lib/python3.7/site-packages/airflow/example_dags/example_xcom.py
[2023-05-26T20:51:54.739+0000] {processor.py:836} INFO - DAG(s) dict_keys(['example_xcom']) retrieved from /home/airflow/.local/lib/python3.7/site-packages/airflow/example_dags/example_xcom.py
[2023-05-26T20:51:54.759+0000] {logging_mixin.py:149} INFO - [2023-05-26T20:51:54.759+0000] {dag.py:2726} INFO - Sync 1 DAGs
[2023-05-26T20:51:54.774+0000] {logging_mixin.py:149} INFO - [2023-05-26T20:51:54.774+0000] {dag.py:3490} INFO - Setting next_dagrun for example_xcom to 2021-01-01T00:00:00+00:00, run_after=2021-01-01T00:00:00+00:00
[2023-05-26T20:51:54.785+0000] {processor.py:179} INFO - Processing /home/airflow/.local/lib/python3.7/site-packages/airflow/example_dags/example_xcom.py took 0.056 seconds
[2023-05-26T20:52:25.410+0000] {processor.py:157} INFO - Started process (PID=2684) to work on /home/airflow/.local/lib/python3.7/site-packages/airflow/example_dags/example_xcom.py
[2023-05-26T20:52:25.411+0000] {processor.py:826} INFO - Processing file /home/airflow/.local/lib/python3.7/site-packages/airflow/example_dags/example_xcom.py for tasks to queue
[2023-05-26T20:52:25.412+0000] {logging_mixin.py:149} INFO - [2023-05-26T20:52:25.412+0000] {dagbag.py:541} INFO - Filling up the DagBag from /home/airflow/.local/lib/python3.7/site-packages/airflow/example_dags/example_xcom.py
[2023-05-26T20:52:25.418+0000] {processor.py:836} INFO - DAG(s) dict_keys(['example_xcom']) retrieved from /home/airflow/.local/lib/python3.7/site-packages/airflow/example_dags/example_xcom.py
[2023-05-26T20:52:25.439+0000] {logging_mixin.py:149} INFO - [2023-05-26T20:52:25.438+0000] {dag.py:2726} INFO - Sync 1 DAGs
[2023-05-26T20:52:25.454+0000] {logging_mixin.py:149} INFO - [2023-05-26T20:52:25.454+0000] {dag.py:3490} INFO - Setting next_dagrun for example_xcom to 2021-01-01T00:00:00+00:00, run_after=2021-01-01T00:00:00+00:00
[2023-05-26T20:52:25.466+0000] {processor.py:179} INFO - Processing /home/airflow/.local/lib/python3.7/site-packages/airflow/example_dags/example_xcom.py took 0.058 seconds
[2023-05-26T20:52:55.942+0000] {processor.py:157} INFO - Started process (PID=2740) to work on /home/airflow/.local/lib/python3.7/site-packages/airflow/example_dags/example_xcom.py
[2023-05-26T20:52:55.944+0000] {processor.py:826} INFO - Processing file /home/airflow/.local/lib/python3.7/site-packages/airflow/example_dags/example_xcom.py for tasks to queue
[2023-05-26T20:52:55.945+0000] {logging_mixin.py:149} INFO - [2023-05-26T20:52:55.945+0000] {dagbag.py:541} INFO - Filling up the DagBag from /home/airflow/.local/lib/python3.7/site-packages/airflow/example_dags/example_xcom.py
[2023-05-26T20:52:55.951+0000] {processor.py:836} INFO - DAG(s) dict_keys(['example_xcom']) retrieved from /home/airflow/.local/lib/python3.7/site-packages/airflow/example_dags/example_xcom.py
[2023-05-26T20:52:55.972+0000] {logging_mixin.py:149} INFO - [2023-05-26T20:52:55.971+0000] {dag.py:2726} INFO - Sync 1 DAGs
[2023-05-26T20:52:55.987+0000] {logging_mixin.py:149} INFO - [2023-05-26T20:52:55.987+0000] {dag.py:3490} INFO - Setting next_dagrun for example_xcom to 2021-01-01T00:00:00+00:00, run_after=2021-01-01T00:00:00+00:00
[2023-05-26T20:52:55.999+0000] {processor.py:179} INFO - Processing /home/airflow/.local/lib/python3.7/site-packages/airflow/example_dags/example_xcom.py took 0.061 seconds
[2023-05-26T20:53:26.711+0000] {processor.py:157} INFO - Started process (PID=2796) to work on /home/airflow/.local/lib/python3.7/site-packages/airflow/example_dags/example_xcom.py
[2023-05-26T20:53:26.712+0000] {processor.py:826} INFO - Processing file /home/airflow/.local/lib/python3.7/site-packages/airflow/example_dags/example_xcom.py for tasks to queue
[2023-05-26T20:53:26.713+0000] {logging_mixin.py:149} INFO - [2023-05-26T20:53:26.713+0000] {dagbag.py:541} INFO - Filling up the DagBag from /home/airflow/.local/lib/python3.7/site-packages/airflow/example_dags/example_xcom.py
[2023-05-26T20:53:26.720+0000] {processor.py:836} INFO - DAG(s) dict_keys(['example_xcom']) retrieved from /home/airflow/.local/lib/python3.7/site-packages/airflow/example_dags/example_xcom.py
[2023-05-26T20:53:26.740+0000] {logging_mixin.py:149} INFO - [2023-05-26T20:53:26.740+0000] {dag.py:2726} INFO - Sync 1 DAGs
[2023-05-26T20:53:26.755+0000] {logging_mixin.py:149} INFO - [2023-05-26T20:53:26.755+0000] {dag.py:3490} INFO - Setting next_dagrun for example_xcom to 2021-01-01T00:00:00+00:00, run_after=2021-01-01T00:00:00+00:00
[2023-05-26T20:53:26.771+0000] {processor.py:179} INFO - Processing /home/airflow/.local/lib/python3.7/site-packages/airflow/example_dags/example_xcom.py took 0.064 seconds
[2023-05-26T20:53:57.273+0000] {processor.py:157} INFO - Started process (PID=2852) to work on /home/airflow/.local/lib/python3.7/site-packages/airflow/example_dags/example_xcom.py
[2023-05-26T20:53:57.277+0000] {processor.py:826} INFO - Processing file /home/airflow/.local/lib/python3.7/site-packages/airflow/example_dags/example_xcom.py for tasks to queue
[2023-05-26T20:53:57.279+0000] {logging_mixin.py:149} INFO - [2023-05-26T20:53:57.279+0000] {dagbag.py:541} INFO - Filling up the DagBag from /home/airflow/.local/lib/python3.7/site-packages/airflow/example_dags/example_xcom.py
[2023-05-26T20:53:57.285+0000] {processor.py:836} INFO - DAG(s) dict_keys(['example_xcom']) retrieved from /home/airflow/.local/lib/python3.7/site-packages/airflow/example_dags/example_xcom.py
[2023-05-26T20:53:57.309+0000] {logging_mixin.py:149} INFO - [2023-05-26T20:53:57.309+0000] {dag.py:2726} INFO - Sync 1 DAGs
[2023-05-26T20:53:57.325+0000] {logging_mixin.py:149} INFO - [2023-05-26T20:53:57.325+0000] {dag.py:3490} INFO - Setting next_dagrun for example_xcom to 2021-01-01T00:00:00+00:00, run_after=2021-01-01T00:00:00+00:00
[2023-05-26T20:53:57.338+0000] {processor.py:179} INFO - Processing /home/airflow/.local/lib/python3.7/site-packages/airflow/example_dags/example_xcom.py took 0.070 seconds
[2023-05-26T20:54:27.906+0000] {processor.py:157} INFO - Started process (PID=2907) to work on /home/airflow/.local/lib/python3.7/site-packages/airflow/example_dags/example_xcom.py
[2023-05-26T20:54:27.908+0000] {processor.py:826} INFO - Processing file /home/airflow/.local/lib/python3.7/site-packages/airflow/example_dags/example_xcom.py for tasks to queue
[2023-05-26T20:54:27.909+0000] {logging_mixin.py:149} INFO - [2023-05-26T20:54:27.909+0000] {dagbag.py:541} INFO - Filling up the DagBag from /home/airflow/.local/lib/python3.7/site-packages/airflow/example_dags/example_xcom.py
[2023-05-26T20:54:27.914+0000] {processor.py:836} INFO - DAG(s) dict_keys(['example_xcom']) retrieved from /home/airflow/.local/lib/python3.7/site-packages/airflow/example_dags/example_xcom.py
[2023-05-26T20:54:27.933+0000] {logging_mixin.py:149} INFO - [2023-05-26T20:54:27.933+0000] {dag.py:2726} INFO - Sync 1 DAGs
[2023-05-26T20:54:27.948+0000] {logging_mixin.py:149} INFO - [2023-05-26T20:54:27.948+0000] {dag.py:3490} INFO - Setting next_dagrun for example_xcom to 2021-01-01T00:00:00+00:00, run_after=2021-01-01T00:00:00+00:00
[2023-05-26T20:54:27.960+0000] {processor.py:179} INFO - Processing /home/airflow/.local/lib/python3.7/site-packages/airflow/example_dags/example_xcom.py took 0.056 seconds
[2023-05-26T20:54:58.518+0000] {processor.py:157} INFO - Started process (PID=2963) to work on /home/airflow/.local/lib/python3.7/site-packages/airflow/example_dags/example_xcom.py
[2023-05-26T20:54:58.520+0000] {processor.py:826} INFO - Processing file /home/airflow/.local/lib/python3.7/site-packages/airflow/example_dags/example_xcom.py for tasks to queue
[2023-05-26T20:54:58.521+0000] {logging_mixin.py:149} INFO - [2023-05-26T20:54:58.521+0000] {dagbag.py:541} INFO - Filling up the DagBag from /home/airflow/.local/lib/python3.7/site-packages/airflow/example_dags/example_xcom.py
[2023-05-26T20:54:58.527+0000] {processor.py:836} INFO - DAG(s) dict_keys(['example_xcom']) retrieved from /home/airflow/.local/lib/python3.7/site-packages/airflow/example_dags/example_xcom.py
[2023-05-26T20:54:58.546+0000] {logging_mixin.py:149} INFO - [2023-05-26T20:54:58.546+0000] {dag.py:2726} INFO - Sync 1 DAGs
[2023-05-26T20:54:58.561+0000] {logging_mixin.py:149} INFO - [2023-05-26T20:54:58.561+0000] {dag.py:3490} INFO - Setting next_dagrun for example_xcom to 2021-01-01T00:00:00+00:00, run_after=2021-01-01T00:00:00+00:00
[2023-05-26T20:54:58.573+0000] {processor.py:179} INFO - Processing /home/airflow/.local/lib/python3.7/site-packages/airflow/example_dags/example_xcom.py took 0.058 seconds
[2023-05-26T20:55:29.123+0000] {processor.py:157} INFO - Started process (PID=3026) to work on /home/airflow/.local/lib/python3.7/site-packages/airflow/example_dags/example_xcom.py
[2023-05-26T20:55:29.124+0000] {processor.py:826} INFO - Processing file /home/airflow/.local/lib/python3.7/site-packages/airflow/example_dags/example_xcom.py for tasks to queue
[2023-05-26T20:55:29.125+0000] {logging_mixin.py:149} INFO - [2023-05-26T20:55:29.125+0000] {dagbag.py:541} INFO - Filling up the DagBag from /home/airflow/.local/lib/python3.7/site-packages/airflow/example_dags/example_xcom.py
[2023-05-26T20:55:29.131+0000] {processor.py:836} INFO - DAG(s) dict_keys(['example_xcom']) retrieved from /home/airflow/.local/lib/python3.7/site-packages/airflow/example_dags/example_xcom.py
[2023-05-26T20:55:29.152+0000] {logging_mixin.py:149} INFO - [2023-05-26T20:55:29.152+0000] {dag.py:2726} INFO - Sync 1 DAGs
[2023-05-26T20:55:29.169+0000] {logging_mixin.py:149} INFO - [2023-05-26T20:55:29.169+0000] {dag.py:3490} INFO - Setting next_dagrun for example_xcom to 2021-01-01T00:00:00+00:00, run_after=2021-01-01T00:00:00+00:00
[2023-05-26T20:55:29.183+0000] {processor.py:179} INFO - Processing /home/airflow/.local/lib/python3.7/site-packages/airflow/example_dags/example_xcom.py took 0.064 seconds
[2023-05-26T20:55:59.891+0000] {processor.py:157} INFO - Started process (PID=3083) to work on /home/airflow/.local/lib/python3.7/site-packages/airflow/example_dags/example_xcom.py
[2023-05-26T20:55:59.892+0000] {processor.py:826} INFO - Processing file /home/airflow/.local/lib/python3.7/site-packages/airflow/example_dags/example_xcom.py for tasks to queue
[2023-05-26T20:55:59.893+0000] {logging_mixin.py:149} INFO - [2023-05-26T20:55:59.893+0000] {dagbag.py:541} INFO - Filling up the DagBag from /home/airflow/.local/lib/python3.7/site-packages/airflow/example_dags/example_xcom.py
[2023-05-26T20:55:59.899+0000] {processor.py:836} INFO - DAG(s) dict_keys(['example_xcom']) retrieved from /home/airflow/.local/lib/python3.7/site-packages/airflow/example_dags/example_xcom.py
[2023-05-26T20:55:59.919+0000] {logging_mixin.py:149} INFO - [2023-05-26T20:55:59.919+0000] {dag.py:2726} INFO - Sync 1 DAGs
[2023-05-26T20:55:59.936+0000] {logging_mixin.py:149} INFO - [2023-05-26T20:55:59.936+0000] {dag.py:3490} INFO - Setting next_dagrun for example_xcom to 2021-01-01T00:00:00+00:00, run_after=2021-01-01T00:00:00+00:00
[2023-05-26T20:55:59.949+0000] {processor.py:179} INFO - Processing /home/airflow/.local/lib/python3.7/site-packages/airflow/example_dags/example_xcom.py took 0.061 seconds
[2023-05-26T20:56:30.743+0000] {processor.py:157} INFO - Started process (PID=3139) to work on /home/airflow/.local/lib/python3.7/site-packages/airflow/example_dags/example_xcom.py
[2023-05-26T20:56:30.745+0000] {processor.py:826} INFO - Processing file /home/airflow/.local/lib/python3.7/site-packages/airflow/example_dags/example_xcom.py for tasks to queue
[2023-05-26T20:56:30.746+0000] {logging_mixin.py:149} INFO - [2023-05-26T20:56:30.746+0000] {dagbag.py:541} INFO - Filling up the DagBag from /home/airflow/.local/lib/python3.7/site-packages/airflow/example_dags/example_xcom.py
[2023-05-26T20:56:30.752+0000] {processor.py:836} INFO - DAG(s) dict_keys(['example_xcom']) retrieved from /home/airflow/.local/lib/python3.7/site-packages/airflow/example_dags/example_xcom.py
[2023-05-26T20:56:30.772+0000] {logging_mixin.py:149} INFO - [2023-05-26T20:56:30.772+0000] {dag.py:2726} INFO - Sync 1 DAGs
[2023-05-26T20:56:30.787+0000] {logging_mixin.py:149} INFO - [2023-05-26T20:56:30.787+0000] {dag.py:3490} INFO - Setting next_dagrun for example_xcom to 2021-01-01T00:00:00+00:00, run_after=2021-01-01T00:00:00+00:00
[2023-05-26T20:56:30.808+0000] {processor.py:179} INFO - Processing /home/airflow/.local/lib/python3.7/site-packages/airflow/example_dags/example_xcom.py took 0.068 seconds
[2023-05-26T20:57:01.345+0000] {processor.py:157} INFO - Started process (PID=3195) to work on /home/airflow/.local/lib/python3.7/site-packages/airflow/example_dags/example_xcom.py
[2023-05-26T20:57:01.349+0000] {processor.py:826} INFO - Processing file /home/airflow/.local/lib/python3.7/site-packages/airflow/example_dags/example_xcom.py for tasks to queue
[2023-05-26T20:57:01.352+0000] {logging_mixin.py:149} INFO - [2023-05-26T20:57:01.352+0000] {dagbag.py:541} INFO - Filling up the DagBag from /home/airflow/.local/lib/python3.7/site-packages/airflow/example_dags/example_xcom.py
[2023-05-26T20:57:01.360+0000] {processor.py:836} INFO - DAG(s) dict_keys(['example_xcom']) retrieved from /home/airflow/.local/lib/python3.7/site-packages/airflow/example_dags/example_xcom.py
[2023-05-26T20:57:01.395+0000] {logging_mixin.py:149} INFO - [2023-05-26T20:57:01.395+0000] {dag.py:2726} INFO - Sync 1 DAGs
[2023-05-26T20:57:01.412+0000] {logging_mixin.py:149} INFO - [2023-05-26T20:57:01.411+0000] {dag.py:3490} INFO - Setting next_dagrun for example_xcom to 2021-01-01T00:00:00+00:00, run_after=2021-01-01T00:00:00+00:00
[2023-05-26T20:57:01.424+0000] {processor.py:179} INFO - Processing /home/airflow/.local/lib/python3.7/site-packages/airflow/example_dags/example_xcom.py took 0.082 seconds
[2023-05-26T20:57:32.854+0000] {processor.py:157} INFO - Started process (PID=3251) to work on /home/airflow/.local/lib/python3.7/site-packages/airflow/example_dags/example_xcom.py
[2023-05-26T20:57:32.855+0000] {processor.py:826} INFO - Processing file /home/airflow/.local/lib/python3.7/site-packages/airflow/example_dags/example_xcom.py for tasks to queue
[2023-05-26T20:57:32.856+0000] {logging_mixin.py:149} INFO - [2023-05-26T20:57:32.856+0000] {dagbag.py:541} INFO - Filling up the DagBag from /home/airflow/.local/lib/python3.7/site-packages/airflow/example_dags/example_xcom.py
[2023-05-26T20:57:32.862+0000] {processor.py:836} INFO - DAG(s) dict_keys(['example_xcom']) retrieved from /home/airflow/.local/lib/python3.7/site-packages/airflow/example_dags/example_xcom.py
[2023-05-26T20:57:32.883+0000] {logging_mixin.py:149} INFO - [2023-05-26T20:57:32.883+0000] {dag.py:2726} INFO - Sync 1 DAGs
[2023-05-26T20:57:32.901+0000] {logging_mixin.py:149} INFO - [2023-05-26T20:57:32.900+0000] {dag.py:3490} INFO - Setting next_dagrun for example_xcom to 2021-01-01T00:00:00+00:00, run_after=2021-01-01T00:00:00+00:00
[2023-05-26T20:57:32.913+0000] {processor.py:179} INFO - Processing /home/airflow/.local/lib/python3.7/site-packages/airflow/example_dags/example_xcom.py took 0.062 seconds
[2023-05-26T21:01:24.325+0000] {processor.py:157} INFO - Started process (PID=3292) to work on /home/airflow/.local/lib/python3.7/site-packages/airflow/example_dags/example_xcom.py
[2023-05-26T21:01:24.326+0000] {processor.py:826} INFO - Processing file /home/airflow/.local/lib/python3.7/site-packages/airflow/example_dags/example_xcom.py for tasks to queue
[2023-05-26T21:01:24.327+0000] {logging_mixin.py:149} INFO - [2023-05-26T21:01:24.327+0000] {dagbag.py:541} INFO - Filling up the DagBag from /home/airflow/.local/lib/python3.7/site-packages/airflow/example_dags/example_xcom.py
[2023-05-26T21:01:24.333+0000] {processor.py:836} INFO - DAG(s) dict_keys(['example_xcom']) retrieved from /home/airflow/.local/lib/python3.7/site-packages/airflow/example_dags/example_xcom.py
[2023-05-26T21:01:24.353+0000] {logging_mixin.py:149} INFO - [2023-05-26T21:01:24.353+0000] {dag.py:2726} INFO - Sync 1 DAGs
[2023-05-26T21:01:24.370+0000] {logging_mixin.py:149} INFO - [2023-05-26T21:01:24.370+0000] {dag.py:3490} INFO - Setting next_dagrun for example_xcom to 2021-01-01T00:00:00+00:00, run_after=2021-01-01T00:00:00+00:00
[2023-05-26T21:01:24.382+0000] {processor.py:179} INFO - Processing /home/airflow/.local/lib/python3.7/site-packages/airflow/example_dags/example_xcom.py took 0.059 seconds
[2023-05-26T21:01:55.145+0000] {processor.py:157} INFO - Started process (PID=3348) to work on /home/airflow/.local/lib/python3.7/site-packages/airflow/example_dags/example_xcom.py
[2023-05-26T21:01:55.147+0000] {processor.py:826} INFO - Processing file /home/airflow/.local/lib/python3.7/site-packages/airflow/example_dags/example_xcom.py for tasks to queue
[2023-05-26T21:01:55.148+0000] {logging_mixin.py:149} INFO - [2023-05-26T21:01:55.148+0000] {dagbag.py:541} INFO - Filling up the DagBag from /home/airflow/.local/lib/python3.7/site-packages/airflow/example_dags/example_xcom.py
[2023-05-26T21:01:55.154+0000] {processor.py:836} INFO - DAG(s) dict_keys(['example_xcom']) retrieved from /home/airflow/.local/lib/python3.7/site-packages/airflow/example_dags/example_xcom.py
[2023-05-26T21:01:55.178+0000] {logging_mixin.py:149} INFO - [2023-05-26T21:01:55.177+0000] {dag.py:2726} INFO - Sync 1 DAGs
[2023-05-26T21:01:55.196+0000] {logging_mixin.py:149} INFO - [2023-05-26T21:01:55.196+0000] {dag.py:3490} INFO - Setting next_dagrun for example_xcom to 2021-01-01T00:00:00+00:00, run_after=2021-01-01T00:00:00+00:00
[2023-05-26T21:01:55.209+0000] {processor.py:179} INFO - Processing /home/airflow/.local/lib/python3.7/site-packages/airflow/example_dags/example_xcom.py took 0.067 seconds
[2023-05-26T21:02:25.538+0000] {processor.py:157} INFO - Started process (PID=3404) to work on /home/airflow/.local/lib/python3.7/site-packages/airflow/example_dags/example_xcom.py
[2023-05-26T21:02:25.539+0000] {processor.py:826} INFO - Processing file /home/airflow/.local/lib/python3.7/site-packages/airflow/example_dags/example_xcom.py for tasks to queue
[2023-05-26T21:02:25.540+0000] {logging_mixin.py:149} INFO - [2023-05-26T21:02:25.540+0000] {dagbag.py:541} INFO - Filling up the DagBag from /home/airflow/.local/lib/python3.7/site-packages/airflow/example_dags/example_xcom.py
[2023-05-26T21:02:25.546+0000] {processor.py:836} INFO - DAG(s) dict_keys(['example_xcom']) retrieved from /home/airflow/.local/lib/python3.7/site-packages/airflow/example_dags/example_xcom.py
[2023-05-26T21:02:25.565+0000] {logging_mixin.py:149} INFO - [2023-05-26T21:02:25.565+0000] {dag.py:2726} INFO - Sync 1 DAGs
[2023-05-26T21:02:25.579+0000] {logging_mixin.py:149} INFO - [2023-05-26T21:02:25.579+0000] {dag.py:3490} INFO - Setting next_dagrun for example_xcom to 2021-01-01T00:00:00+00:00, run_after=2021-01-01T00:00:00+00:00
[2023-05-26T21:02:25.590+0000] {processor.py:179} INFO - Processing /home/airflow/.local/lib/python3.7/site-packages/airflow/example_dags/example_xcom.py took 0.055 seconds
[2023-05-26T21:02:56.253+0000] {processor.py:157} INFO - Started process (PID=3460) to work on /home/airflow/.local/lib/python3.7/site-packages/airflow/example_dags/example_xcom.py
[2023-05-26T21:02:56.255+0000] {processor.py:826} INFO - Processing file /home/airflow/.local/lib/python3.7/site-packages/airflow/example_dags/example_xcom.py for tasks to queue
[2023-05-26T21:02:56.256+0000] {logging_mixin.py:149} INFO - [2023-05-26T21:02:56.256+0000] {dagbag.py:541} INFO - Filling up the DagBag from /home/airflow/.local/lib/python3.7/site-packages/airflow/example_dags/example_xcom.py
[2023-05-26T21:02:56.262+0000] {processor.py:836} INFO - DAG(s) dict_keys(['example_xcom']) retrieved from /home/airflow/.local/lib/python3.7/site-packages/airflow/example_dags/example_xcom.py
[2023-05-26T21:02:56.284+0000] {logging_mixin.py:149} INFO - [2023-05-26T21:02:56.284+0000] {dag.py:2726} INFO - Sync 1 DAGs
[2023-05-26T21:02:56.301+0000] {logging_mixin.py:149} INFO - [2023-05-26T21:02:56.300+0000] {dag.py:3490} INFO - Setting next_dagrun for example_xcom to 2021-01-01T00:00:00+00:00, run_after=2021-01-01T00:00:00+00:00
[2023-05-26T21:02:56.312+0000] {processor.py:179} INFO - Processing /home/airflow/.local/lib/python3.7/site-packages/airflow/example_dags/example_xcom.py took 0.062 seconds
[2023-05-26T21:03:26.974+0000] {processor.py:157} INFO - Started process (PID=3516) to work on /home/airflow/.local/lib/python3.7/site-packages/airflow/example_dags/example_xcom.py
[2023-05-26T21:03:26.976+0000] {processor.py:826} INFO - Processing file /home/airflow/.local/lib/python3.7/site-packages/airflow/example_dags/example_xcom.py for tasks to queue
[2023-05-26T21:03:26.977+0000] {logging_mixin.py:149} INFO - [2023-05-26T21:03:26.977+0000] {dagbag.py:541} INFO - Filling up the DagBag from /home/airflow/.local/lib/python3.7/site-packages/airflow/example_dags/example_xcom.py
[2023-05-26T21:03:26.983+0000] {processor.py:836} INFO - DAG(s) dict_keys(['example_xcom']) retrieved from /home/airflow/.local/lib/python3.7/site-packages/airflow/example_dags/example_xcom.py
[2023-05-26T21:03:27.003+0000] {logging_mixin.py:149} INFO - [2023-05-26T21:03:27.002+0000] {dag.py:2726} INFO - Sync 1 DAGs
[2023-05-26T21:03:27.017+0000] {logging_mixin.py:149} INFO - [2023-05-26T21:03:27.017+0000] {dag.py:3490} INFO - Setting next_dagrun for example_xcom to 2021-01-01T00:00:00+00:00, run_after=2021-01-01T00:00:00+00:00
[2023-05-26T21:03:27.029+0000] {processor.py:179} INFO - Processing /home/airflow/.local/lib/python3.7/site-packages/airflow/example_dags/example_xcom.py took 0.057 seconds
[2023-05-26T21:03:57.624+0000] {processor.py:157} INFO - Started process (PID=3573) to work on /home/airflow/.local/lib/python3.7/site-packages/airflow/example_dags/example_xcom.py
[2023-05-26T21:03:57.627+0000] {processor.py:826} INFO - Processing file /home/airflow/.local/lib/python3.7/site-packages/airflow/example_dags/example_xcom.py for tasks to queue
[2023-05-26T21:03:57.628+0000] {logging_mixin.py:149} INFO - [2023-05-26T21:03:57.628+0000] {dagbag.py:541} INFO - Filling up the DagBag from /home/airflow/.local/lib/python3.7/site-packages/airflow/example_dags/example_xcom.py
[2023-05-26T21:03:57.636+0000] {processor.py:836} INFO - DAG(s) dict_keys(['example_xcom']) retrieved from /home/airflow/.local/lib/python3.7/site-packages/airflow/example_dags/example_xcom.py
[2023-05-26T21:03:57.664+0000] {logging_mixin.py:149} INFO - [2023-05-26T21:03:57.664+0000] {dag.py:2726} INFO - Sync 1 DAGs
[2023-05-26T21:03:57.683+0000] {logging_mixin.py:149} INFO - [2023-05-26T21:03:57.683+0000] {dag.py:3490} INFO - Setting next_dagrun for example_xcom to 2021-01-01T00:00:00+00:00, run_after=2021-01-01T00:00:00+00:00
[2023-05-26T21:03:57.697+0000] {processor.py:179} INFO - Processing /home/airflow/.local/lib/python3.7/site-packages/airflow/example_dags/example_xcom.py took 0.077 seconds
[2023-05-26T21:04:27.783+0000] {processor.py:157} INFO - Started process (PID=3629) to work on /home/airflow/.local/lib/python3.7/site-packages/airflow/example_dags/example_xcom.py
[2023-05-26T21:04:27.785+0000] {processor.py:826} INFO - Processing file /home/airflow/.local/lib/python3.7/site-packages/airflow/example_dags/example_xcom.py for tasks to queue
[2023-05-26T21:04:27.785+0000] {logging_mixin.py:149} INFO - [2023-05-26T21:04:27.785+0000] {dagbag.py:541} INFO - Filling up the DagBag from /home/airflow/.local/lib/python3.7/site-packages/airflow/example_dags/example_xcom.py
[2023-05-26T21:04:27.791+0000] {processor.py:836} INFO - DAG(s) dict_keys(['example_xcom']) retrieved from /home/airflow/.local/lib/python3.7/site-packages/airflow/example_dags/example_xcom.py
[2023-05-26T21:04:27.810+0000] {logging_mixin.py:149} INFO - [2023-05-26T21:04:27.810+0000] {dag.py:2726} INFO - Sync 1 DAGs
[2023-05-26T21:04:27.827+0000] {logging_mixin.py:149} INFO - [2023-05-26T21:04:27.827+0000] {dag.py:3490} INFO - Setting next_dagrun for example_xcom to 2021-01-01T00:00:00+00:00, run_after=2021-01-01T00:00:00+00:00
[2023-05-26T21:04:27.839+0000] {processor.py:179} INFO - Processing /home/airflow/.local/lib/python3.7/site-packages/airflow/example_dags/example_xcom.py took 0.060 seconds
[2023-05-26T21:05:01.275+0000] {processor.py:157} INFO - Started process (PID=46) to work on /home/airflow/.local/lib/python3.7/site-packages/airflow/example_dags/example_xcom.py
[2023-05-26T21:05:01.279+0000] {processor.py:826} INFO - Processing file /home/airflow/.local/lib/python3.7/site-packages/airflow/example_dags/example_xcom.py for tasks to queue
[2023-05-26T21:05:01.281+0000] {logging_mixin.py:149} INFO - [2023-05-26T21:05:01.281+0000] {dagbag.py:541} INFO - Filling up the DagBag from /home/airflow/.local/lib/python3.7/site-packages/airflow/example_dags/example_xcom.py
[2023-05-26T21:05:01.291+0000] {processor.py:836} INFO - DAG(s) dict_keys(['example_xcom']) retrieved from /home/airflow/.local/lib/python3.7/site-packages/airflow/example_dags/example_xcom.py
[2023-05-26T21:05:01.308+0000] {logging_mixin.py:149} INFO - [2023-05-26T21:05:01.308+0000] {dag.py:2726} INFO - Sync 1 DAGs
[2023-05-26T21:05:01.337+0000] {logging_mixin.py:149} INFO - [2023-05-26T21:05:01.337+0000] {dag.py:3490} INFO - Setting next_dagrun for example_xcom to 2021-01-01T00:00:00+00:00, run_after=2021-01-01T00:00:00+00:00
[2023-05-26T21:05:01.368+0000] {processor.py:179} INFO - Processing /home/airflow/.local/lib/python3.7/site-packages/airflow/example_dags/example_xcom.py took 0.108 seconds
[2023-05-26T21:05:31.452+0000] {processor.py:157} INFO - Started process (PID=102) to work on /home/airflow/.local/lib/python3.7/site-packages/airflow/example_dags/example_xcom.py
[2023-05-26T21:05:31.454+0000] {processor.py:826} INFO - Processing file /home/airflow/.local/lib/python3.7/site-packages/airflow/example_dags/example_xcom.py for tasks to queue
[2023-05-26T21:05:31.454+0000] {logging_mixin.py:149} INFO - [2023-05-26T21:05:31.454+0000] {dagbag.py:541} INFO - Filling up the DagBag from /home/airflow/.local/lib/python3.7/site-packages/airflow/example_dags/example_xcom.py
[2023-05-26T21:05:31.460+0000] {processor.py:836} INFO - DAG(s) dict_keys(['example_xcom']) retrieved from /home/airflow/.local/lib/python3.7/site-packages/airflow/example_dags/example_xcom.py
[2023-05-26T21:05:31.480+0000] {logging_mixin.py:149} INFO - [2023-05-26T21:05:31.480+0000] {dag.py:2726} INFO - Sync 1 DAGs
[2023-05-26T21:05:31.496+0000] {logging_mixin.py:149} INFO - [2023-05-26T21:05:31.496+0000] {dag.py:3490} INFO - Setting next_dagrun for example_xcom to 2021-01-01T00:00:00+00:00, run_after=2021-01-01T00:00:00+00:00
[2023-05-26T21:05:31.508+0000] {processor.py:179} INFO - Processing /home/airflow/.local/lib/python3.7/site-packages/airflow/example_dags/example_xcom.py took 0.059 seconds
[2023-05-26T21:06:02.006+0000] {processor.py:157} INFO - Started process (PID=158) to work on /home/airflow/.local/lib/python3.7/site-packages/airflow/example_dags/example_xcom.py
[2023-05-26T21:06:02.008+0000] {processor.py:826} INFO - Processing file /home/airflow/.local/lib/python3.7/site-packages/airflow/example_dags/example_xcom.py for tasks to queue
[2023-05-26T21:06:02.009+0000] {logging_mixin.py:149} INFO - [2023-05-26T21:06:02.009+0000] {dagbag.py:541} INFO - Filling up the DagBag from /home/airflow/.local/lib/python3.7/site-packages/airflow/example_dags/example_xcom.py
[2023-05-26T21:06:02.015+0000] {processor.py:836} INFO - DAG(s) dict_keys(['example_xcom']) retrieved from /home/airflow/.local/lib/python3.7/site-packages/airflow/example_dags/example_xcom.py
[2023-05-26T21:06:02.035+0000] {logging_mixin.py:149} INFO - [2023-05-26T21:06:02.035+0000] {dag.py:2726} INFO - Sync 1 DAGs
[2023-05-26T21:06:02.051+0000] {logging_mixin.py:149} INFO - [2023-05-26T21:06:02.051+0000] {dag.py:3490} INFO - Setting next_dagrun for example_xcom to 2021-01-01T00:00:00+00:00, run_after=2021-01-01T00:00:00+00:00
[2023-05-26T21:06:02.063+0000] {processor.py:179} INFO - Processing /home/airflow/.local/lib/python3.7/site-packages/airflow/example_dags/example_xcom.py took 0.059 seconds
[2023-05-26T21:06:35.351+0000] {processor.py:157} INFO - Started process (PID=214) to work on /home/airflow/.local/lib/python3.7/site-packages/airflow/example_dags/example_xcom.py
[2023-05-26T21:06:35.381+0000] {processor.py:826} INFO - Processing file /home/airflow/.local/lib/python3.7/site-packages/airflow/example_dags/example_xcom.py for tasks to queue
[2023-05-26T21:06:35.384+0000] {logging_mixin.py:149} INFO - [2023-05-26T21:06:35.384+0000] {dagbag.py:541} INFO - Filling up the DagBag from /home/airflow/.local/lib/python3.7/site-packages/airflow/example_dags/example_xcom.py
[2023-05-26T21:06:35.396+0000] {processor.py:836} INFO - DAG(s) dict_keys(['example_xcom']) retrieved from /home/airflow/.local/lib/python3.7/site-packages/airflow/example_dags/example_xcom.py
[2023-05-26T21:06:35.414+0000] {logging_mixin.py:149} INFO - [2023-05-26T21:06:35.413+0000] {dag.py:2726} INFO - Sync 1 DAGs
[2023-05-26T21:06:35.444+0000] {logging_mixin.py:149} INFO - [2023-05-26T21:06:35.443+0000] {dag.py:3490} INFO - Setting next_dagrun for example_xcom to 2021-01-01T00:00:00+00:00, run_after=2021-01-01T00:00:00+00:00
[2023-05-26T21:06:35.462+0000] {processor.py:179} INFO - Processing /home/airflow/.local/lib/python3.7/site-packages/airflow/example_dags/example_xcom.py took 0.115 seconds
[2023-05-26T21:07:06.440+0000] {processor.py:157} INFO - Started process (PID=271) to work on /home/airflow/.local/lib/python3.7/site-packages/airflow/example_dags/example_xcom.py
[2023-05-26T21:07:06.443+0000] {processor.py:826} INFO - Processing file /home/airflow/.local/lib/python3.7/site-packages/airflow/example_dags/example_xcom.py for tasks to queue
[2023-05-26T21:07:06.446+0000] {logging_mixin.py:149} INFO - [2023-05-26T21:07:06.446+0000] {dagbag.py:541} INFO - Filling up the DagBag from /home/airflow/.local/lib/python3.7/site-packages/airflow/example_dags/example_xcom.py
[2023-05-26T21:07:06.457+0000] {processor.py:836} INFO - DAG(s) dict_keys(['example_xcom']) retrieved from /home/airflow/.local/lib/python3.7/site-packages/airflow/example_dags/example_xcom.py
[2023-05-26T21:07:06.483+0000] {logging_mixin.py:149} INFO - [2023-05-26T21:07:06.483+0000] {dag.py:2726} INFO - Sync 1 DAGs
[2023-05-26T21:07:06.499+0000] {logging_mixin.py:149} INFO - [2023-05-26T21:07:06.499+0000] {dag.py:3490} INFO - Setting next_dagrun for example_xcom to 2021-01-01T00:00:00+00:00, run_after=2021-01-01T00:00:00+00:00
[2023-05-26T21:07:06.512+0000] {processor.py:179} INFO - Processing /home/airflow/.local/lib/python3.7/site-packages/airflow/example_dags/example_xcom.py took 0.079 seconds
[2023-05-26T21:07:37.165+0000] {processor.py:157} INFO - Started process (PID=327) to work on /home/airflow/.local/lib/python3.7/site-packages/airflow/example_dags/example_xcom.py
[2023-05-26T21:07:37.169+0000] {processor.py:826} INFO - Processing file /home/airflow/.local/lib/python3.7/site-packages/airflow/example_dags/example_xcom.py for tasks to queue
[2023-05-26T21:07:37.171+0000] {logging_mixin.py:149} INFO - [2023-05-26T21:07:37.170+0000] {dagbag.py:541} INFO - Filling up the DagBag from /home/airflow/.local/lib/python3.7/site-packages/airflow/example_dags/example_xcom.py
[2023-05-26T21:07:37.180+0000] {processor.py:836} INFO - DAG(s) dict_keys(['example_xcom']) retrieved from /home/airflow/.local/lib/python3.7/site-packages/airflow/example_dags/example_xcom.py
[2023-05-26T21:07:37.204+0000] {logging_mixin.py:149} INFO - [2023-05-26T21:07:37.204+0000] {dag.py:2726} INFO - Sync 1 DAGs
[2023-05-26T21:07:37.221+0000] {logging_mixin.py:149} INFO - [2023-05-26T21:07:37.221+0000] {dag.py:3490} INFO - Setting next_dagrun for example_xcom to 2021-01-01T00:00:00+00:00, run_after=2021-01-01T00:00:00+00:00
[2023-05-26T21:07:37.232+0000] {processor.py:179} INFO - Processing /home/airflow/.local/lib/python3.7/site-packages/airflow/example_dags/example_xcom.py took 0.075 seconds
[2023-05-26T21:08:07.581+0000] {processor.py:157} INFO - Started process (PID=383) to work on /home/airflow/.local/lib/python3.7/site-packages/airflow/example_dags/example_xcom.py
[2023-05-26T21:08:07.583+0000] {processor.py:826} INFO - Processing file /home/airflow/.local/lib/python3.7/site-packages/airflow/example_dags/example_xcom.py for tasks to queue
[2023-05-26T21:08:07.584+0000] {logging_mixin.py:149} INFO - [2023-05-26T21:08:07.584+0000] {dagbag.py:541} INFO - Filling up the DagBag from /home/airflow/.local/lib/python3.7/site-packages/airflow/example_dags/example_xcom.py
[2023-05-26T21:08:07.590+0000] {processor.py:836} INFO - DAG(s) dict_keys(['example_xcom']) retrieved from /home/airflow/.local/lib/python3.7/site-packages/airflow/example_dags/example_xcom.py
[2023-05-26T21:08:07.610+0000] {logging_mixin.py:149} INFO - [2023-05-26T21:08:07.610+0000] {dag.py:2726} INFO - Sync 1 DAGs
[2023-05-26T21:08:07.626+0000] {logging_mixin.py:149} INFO - [2023-05-26T21:08:07.626+0000] {dag.py:3490} INFO - Setting next_dagrun for example_xcom to 2021-01-01T00:00:00+00:00, run_after=2021-01-01T00:00:00+00:00
[2023-05-26T21:08:07.638+0000] {processor.py:179} INFO - Processing /home/airflow/.local/lib/python3.7/site-packages/airflow/example_dags/example_xcom.py took 0.060 seconds
