[2023-05-26T20:28:32.648+0000] {processor.py:157} INFO - Started process (PID=50) to work on /home/airflow/.local/lib/python3.7/site-packages/airflow/example_dags/example_branch_operator.py
[2023-05-26T20:28:32.657+0000] {processor.py:826} INFO - Processing file /home/airflow/.local/lib/python3.7/site-packages/airflow/example_dags/example_branch_operator.py for tasks to queue
[2023-05-26T20:28:32.658+0000] {logging_mixin.py:149} INFO - [2023-05-26T20:28:32.658+0000] {dagbag.py:541} INFO - Filling up the DagBag from /home/airflow/.local/lib/python3.7/site-packages/airflow/example_dags/example_branch_operator.py
[2023-05-26T20:28:32.678+0000] {processor.py:836} INFO - DAG(s) dict_keys(['example_branch_operator']) retrieved from /home/airflow/.local/lib/python3.7/site-packages/airflow/example_dags/example_branch_operator.py
[2023-05-26T20:28:32.813+0000] {logging_mixin.py:149} INFO - [2023-05-26T20:28:32.813+0000] {manager.py:504} INFO - Created Permission View: can delete on DAG:example_branch_operator
[2023-05-26T20:28:32.821+0000] {logging_mixin.py:149} INFO - [2023-05-26T20:28:32.821+0000] {manager.py:504} INFO - Created Permission View: can read on DAG:example_branch_operator
[2023-05-26T20:28:32.831+0000] {logging_mixin.py:149} INFO - [2023-05-26T20:28:32.831+0000] {manager.py:504} INFO - Created Permission View: can edit on DAG:example_branch_operator
[2023-05-26T20:28:32.835+0000] {logging_mixin.py:149} INFO - [2023-05-26T20:28:32.834+0000] {dag.py:2726} INFO - Sync 1 DAGs
[2023-05-26T20:28:32.848+0000] {logging_mixin.py:149} INFO - [2023-05-26T20:28:32.848+0000] {dag.py:2747} INFO - Creating ORM DAG for example_branch_operator
[2023-05-26T20:28:32.864+0000] {logging_mixin.py:149} INFO - [2023-05-26T20:28:32.864+0000] {dag.py:3490} INFO - Setting next_dagrun for example_branch_operator to 2023-05-25T00:00:00+00:00, run_after=2023-05-26T00:00:00+00:00
[2023-05-26T20:28:32.882+0000] {processor.py:179} INFO - Processing /home/airflow/.local/lib/python3.7/site-packages/airflow/example_dags/example_branch_operator.py took 0.238 seconds
[2023-05-26T20:29:03.731+0000] {processor.py:157} INFO - Started process (PID=105) to work on /home/airflow/.local/lib/python3.7/site-packages/airflow/example_dags/example_branch_operator.py
[2023-05-26T20:29:03.733+0000] {processor.py:826} INFO - Processing file /home/airflow/.local/lib/python3.7/site-packages/airflow/example_dags/example_branch_operator.py for tasks to queue
[2023-05-26T20:29:03.734+0000] {logging_mixin.py:149} INFO - [2023-05-26T20:29:03.734+0000] {dagbag.py:541} INFO - Filling up the DagBag from /home/airflow/.local/lib/python3.7/site-packages/airflow/example_dags/example_branch_operator.py
[2023-05-26T20:29:03.743+0000] {processor.py:836} INFO - DAG(s) dict_keys(['example_branch_operator']) retrieved from /home/airflow/.local/lib/python3.7/site-packages/airflow/example_dags/example_branch_operator.py
[2023-05-26T20:29:03.765+0000] {logging_mixin.py:149} INFO - [2023-05-26T20:29:03.765+0000] {dag.py:2726} INFO - Sync 1 DAGs
[2023-05-26T20:29:03.782+0000] {logging_mixin.py:149} INFO - [2023-05-26T20:29:03.782+0000] {dag.py:3490} INFO - Setting next_dagrun for example_branch_operator to 2023-05-25T00:00:00+00:00, run_after=2023-05-26T00:00:00+00:00
[2023-05-26T20:29:03.793+0000] {processor.py:179} INFO - Processing /home/airflow/.local/lib/python3.7/site-packages/airflow/example_dags/example_branch_operator.py took 0.066 seconds
[2023-05-26T20:29:34.666+0000] {processor.py:157} INFO - Started process (PID=161) to work on /home/airflow/.local/lib/python3.7/site-packages/airflow/example_dags/example_branch_operator.py
[2023-05-26T20:29:34.668+0000] {processor.py:826} INFO - Processing file /home/airflow/.local/lib/python3.7/site-packages/airflow/example_dags/example_branch_operator.py for tasks to queue
[2023-05-26T20:29:34.670+0000] {logging_mixin.py:149} INFO - [2023-05-26T20:29:34.669+0000] {dagbag.py:541} INFO - Filling up the DagBag from /home/airflow/.local/lib/python3.7/site-packages/airflow/example_dags/example_branch_operator.py
[2023-05-26T20:29:34.679+0000] {processor.py:836} INFO - DAG(s) dict_keys(['example_branch_operator']) retrieved from /home/airflow/.local/lib/python3.7/site-packages/airflow/example_dags/example_branch_operator.py
[2023-05-26T20:29:34.701+0000] {logging_mixin.py:149} INFO - [2023-05-26T20:29:34.701+0000] {dag.py:2726} INFO - Sync 1 DAGs
[2023-05-26T20:29:34.717+0000] {logging_mixin.py:149} INFO - [2023-05-26T20:29:34.717+0000] {dag.py:3490} INFO - Setting next_dagrun for example_branch_operator to 2023-05-25T00:00:00+00:00, run_after=2023-05-26T00:00:00+00:00
[2023-05-26T20:29:34.728+0000] {processor.py:179} INFO - Processing /home/airflow/.local/lib/python3.7/site-packages/airflow/example_dags/example_branch_operator.py took 0.067 seconds
[2023-05-26T20:30:05.000+0000] {processor.py:157} INFO - Started process (PID=217) to work on /home/airflow/.local/lib/python3.7/site-packages/airflow/example_dags/example_branch_operator.py
[2023-05-26T20:30:05.003+0000] {processor.py:826} INFO - Processing file /home/airflow/.local/lib/python3.7/site-packages/airflow/example_dags/example_branch_operator.py for tasks to queue
[2023-05-26T20:30:05.004+0000] {logging_mixin.py:149} INFO - [2023-05-26T20:30:05.004+0000] {dagbag.py:541} INFO - Filling up the DagBag from /home/airflow/.local/lib/python3.7/site-packages/airflow/example_dags/example_branch_operator.py
[2023-05-26T20:30:05.010+0000] {processor.py:836} INFO - DAG(s) dict_keys(['example_branch_operator']) retrieved from /home/airflow/.local/lib/python3.7/site-packages/airflow/example_dags/example_branch_operator.py
[2023-05-26T20:30:05.030+0000] {logging_mixin.py:149} INFO - [2023-05-26T20:30:05.030+0000] {dag.py:2726} INFO - Sync 1 DAGs
[2023-05-26T20:30:05.049+0000] {logging_mixin.py:149} INFO - [2023-05-26T20:30:05.049+0000] {dag.py:3490} INFO - Setting next_dagrun for example_branch_operator to 2023-05-25T00:00:00+00:00, run_after=2023-05-26T00:00:00+00:00
[2023-05-26T20:30:05.061+0000] {processor.py:179} INFO - Processing /home/airflow/.local/lib/python3.7/site-packages/airflow/example_dags/example_branch_operator.py took 0.063 seconds
[2023-05-26T20:30:35.354+0000] {processor.py:157} INFO - Started process (PID=273) to work on /home/airflow/.local/lib/python3.7/site-packages/airflow/example_dags/example_branch_operator.py
[2023-05-26T20:30:35.355+0000] {processor.py:826} INFO - Processing file /home/airflow/.local/lib/python3.7/site-packages/airflow/example_dags/example_branch_operator.py for tasks to queue
[2023-05-26T20:30:35.356+0000] {logging_mixin.py:149} INFO - [2023-05-26T20:30:35.356+0000] {dagbag.py:541} INFO - Filling up the DagBag from /home/airflow/.local/lib/python3.7/site-packages/airflow/example_dags/example_branch_operator.py
[2023-05-26T20:30:35.364+0000] {processor.py:836} INFO - DAG(s) dict_keys(['example_branch_operator']) retrieved from /home/airflow/.local/lib/python3.7/site-packages/airflow/example_dags/example_branch_operator.py
[2023-05-26T20:30:35.385+0000] {logging_mixin.py:149} INFO - [2023-05-26T20:30:35.385+0000] {dag.py:2726} INFO - Sync 1 DAGs
[2023-05-26T20:30:35.401+0000] {logging_mixin.py:149} INFO - [2023-05-26T20:30:35.401+0000] {dag.py:3490} INFO - Setting next_dagrun for example_branch_operator to 2023-05-25T00:00:00+00:00, run_after=2023-05-26T00:00:00+00:00
[2023-05-26T20:30:35.415+0000] {processor.py:179} INFO - Processing /home/airflow/.local/lib/python3.7/site-packages/airflow/example_dags/example_branch_operator.py took 0.064 seconds
[2023-05-26T20:31:05.768+0000] {processor.py:157} INFO - Started process (PID=329) to work on /home/airflow/.local/lib/python3.7/site-packages/airflow/example_dags/example_branch_operator.py
[2023-05-26T20:31:05.770+0000] {processor.py:826} INFO - Processing file /home/airflow/.local/lib/python3.7/site-packages/airflow/example_dags/example_branch_operator.py for tasks to queue
[2023-05-26T20:31:05.771+0000] {logging_mixin.py:149} INFO - [2023-05-26T20:31:05.771+0000] {dagbag.py:541} INFO - Filling up the DagBag from /home/airflow/.local/lib/python3.7/site-packages/airflow/example_dags/example_branch_operator.py
[2023-05-26T20:31:05.778+0000] {processor.py:836} INFO - DAG(s) dict_keys(['example_branch_operator']) retrieved from /home/airflow/.local/lib/python3.7/site-packages/airflow/example_dags/example_branch_operator.py
[2023-05-26T20:31:05.803+0000] {logging_mixin.py:149} INFO - [2023-05-26T20:31:05.803+0000] {dag.py:2726} INFO - Sync 1 DAGs
[2023-05-26T20:31:05.822+0000] {logging_mixin.py:149} INFO - [2023-05-26T20:31:05.822+0000] {dag.py:3490} INFO - Setting next_dagrun for example_branch_operator to 2023-05-25T00:00:00+00:00, run_after=2023-05-26T00:00:00+00:00
[2023-05-26T20:31:05.837+0000] {processor.py:179} INFO - Processing /home/airflow/.local/lib/python3.7/site-packages/airflow/example_dags/example_branch_operator.py took 0.072 seconds
[2023-05-26T20:31:36.587+0000] {processor.py:157} INFO - Started process (PID=385) to work on /home/airflow/.local/lib/python3.7/site-packages/airflow/example_dags/example_branch_operator.py
[2023-05-26T20:31:36.589+0000] {processor.py:826} INFO - Processing file /home/airflow/.local/lib/python3.7/site-packages/airflow/example_dags/example_branch_operator.py for tasks to queue
[2023-05-26T20:31:36.590+0000] {logging_mixin.py:149} INFO - [2023-05-26T20:31:36.590+0000] {dagbag.py:541} INFO - Filling up the DagBag from /home/airflow/.local/lib/python3.7/site-packages/airflow/example_dags/example_branch_operator.py
[2023-05-26T20:31:36.597+0000] {processor.py:836} INFO - DAG(s) dict_keys(['example_branch_operator']) retrieved from /home/airflow/.local/lib/python3.7/site-packages/airflow/example_dags/example_branch_operator.py
[2023-05-26T20:31:36.622+0000] {logging_mixin.py:149} INFO - [2023-05-26T20:31:36.622+0000] {dag.py:2726} INFO - Sync 1 DAGs
[2023-05-26T20:31:36.639+0000] {logging_mixin.py:149} INFO - [2023-05-26T20:31:36.639+0000] {dag.py:3490} INFO - Setting next_dagrun for example_branch_operator to 2023-05-25T00:00:00+00:00, run_after=2023-05-26T00:00:00+00:00
[2023-05-26T20:31:36.650+0000] {processor.py:179} INFO - Processing /home/airflow/.local/lib/python3.7/site-packages/airflow/example_dags/example_branch_operator.py took 0.066 seconds
[2023-05-26T20:32:07.010+0000] {processor.py:157} INFO - Started process (PID=441) to work on /home/airflow/.local/lib/python3.7/site-packages/airflow/example_dags/example_branch_operator.py
[2023-05-26T20:32:07.012+0000] {processor.py:826} INFO - Processing file /home/airflow/.local/lib/python3.7/site-packages/airflow/example_dags/example_branch_operator.py for tasks to queue
[2023-05-26T20:32:07.013+0000] {logging_mixin.py:149} INFO - [2023-05-26T20:32:07.013+0000] {dagbag.py:541} INFO - Filling up the DagBag from /home/airflow/.local/lib/python3.7/site-packages/airflow/example_dags/example_branch_operator.py
[2023-05-26T20:32:07.020+0000] {processor.py:836} INFO - DAG(s) dict_keys(['example_branch_operator']) retrieved from /home/airflow/.local/lib/python3.7/site-packages/airflow/example_dags/example_branch_operator.py
[2023-05-26T20:32:07.040+0000] {logging_mixin.py:149} INFO - [2023-05-26T20:32:07.040+0000] {dag.py:2726} INFO - Sync 1 DAGs
[2023-05-26T20:32:07.056+0000] {logging_mixin.py:149} INFO - [2023-05-26T20:32:07.056+0000] {dag.py:3490} INFO - Setting next_dagrun for example_branch_operator to 2023-05-25T00:00:00+00:00, run_after=2023-05-26T00:00:00+00:00
[2023-05-26T20:32:07.067+0000] {processor.py:179} INFO - Processing /home/airflow/.local/lib/python3.7/site-packages/airflow/example_dags/example_branch_operator.py took 0.060 seconds
[2023-05-26T20:32:37.454+0000] {processor.py:157} INFO - Started process (PID=497) to work on /home/airflow/.local/lib/python3.7/site-packages/airflow/example_dags/example_branch_operator.py
[2023-05-26T20:32:37.456+0000] {processor.py:826} INFO - Processing file /home/airflow/.local/lib/python3.7/site-packages/airflow/example_dags/example_branch_operator.py for tasks to queue
[2023-05-26T20:32:37.457+0000] {logging_mixin.py:149} INFO - [2023-05-26T20:32:37.456+0000] {dagbag.py:541} INFO - Filling up the DagBag from /home/airflow/.local/lib/python3.7/site-packages/airflow/example_dags/example_branch_operator.py
[2023-05-26T20:32:37.463+0000] {processor.py:836} INFO - DAG(s) dict_keys(['example_branch_operator']) retrieved from /home/airflow/.local/lib/python3.7/site-packages/airflow/example_dags/example_branch_operator.py
[2023-05-26T20:32:37.487+0000] {logging_mixin.py:149} INFO - [2023-05-26T20:32:37.487+0000] {dag.py:2726} INFO - Sync 1 DAGs
[2023-05-26T20:32:37.504+0000] {logging_mixin.py:149} INFO - [2023-05-26T20:32:37.504+0000] {dag.py:3490} INFO - Setting next_dagrun for example_branch_operator to 2023-05-25T00:00:00+00:00, run_after=2023-05-26T00:00:00+00:00
[2023-05-26T20:32:37.517+0000] {processor.py:179} INFO - Processing /home/airflow/.local/lib/python3.7/site-packages/airflow/example_dags/example_branch_operator.py took 0.066 seconds
[2023-05-26T20:33:07.894+0000] {processor.py:157} INFO - Started process (PID=553) to work on /home/airflow/.local/lib/python3.7/site-packages/airflow/example_dags/example_branch_operator.py
[2023-05-26T20:33:07.895+0000] {processor.py:826} INFO - Processing file /home/airflow/.local/lib/python3.7/site-packages/airflow/example_dags/example_branch_operator.py for tasks to queue
[2023-05-26T20:33:07.896+0000] {logging_mixin.py:149} INFO - [2023-05-26T20:33:07.896+0000] {dagbag.py:541} INFO - Filling up the DagBag from /home/airflow/.local/lib/python3.7/site-packages/airflow/example_dags/example_branch_operator.py
[2023-05-26T20:33:07.902+0000] {processor.py:836} INFO - DAG(s) dict_keys(['example_branch_operator']) retrieved from /home/airflow/.local/lib/python3.7/site-packages/airflow/example_dags/example_branch_operator.py
[2023-05-26T20:33:07.924+0000] {logging_mixin.py:149} INFO - [2023-05-26T20:33:07.924+0000] {dag.py:2726} INFO - Sync 1 DAGs
[2023-05-26T20:33:07.941+0000] {logging_mixin.py:149} INFO - [2023-05-26T20:33:07.941+0000] {dag.py:3490} INFO - Setting next_dagrun for example_branch_operator to 2023-05-25T00:00:00+00:00, run_after=2023-05-26T00:00:00+00:00
[2023-05-26T20:33:07.952+0000] {processor.py:179} INFO - Processing /home/airflow/.local/lib/python3.7/site-packages/airflow/example_dags/example_branch_operator.py took 0.061 seconds
[2023-05-26T20:33:38.423+0000] {processor.py:157} INFO - Started process (PID=609) to work on /home/airflow/.local/lib/python3.7/site-packages/airflow/example_dags/example_branch_operator.py
[2023-05-26T20:33:38.425+0000] {processor.py:826} INFO - Processing file /home/airflow/.local/lib/python3.7/site-packages/airflow/example_dags/example_branch_operator.py for tasks to queue
[2023-05-26T20:33:38.425+0000] {logging_mixin.py:149} INFO - [2023-05-26T20:33:38.425+0000] {dagbag.py:541} INFO - Filling up the DagBag from /home/airflow/.local/lib/python3.7/site-packages/airflow/example_dags/example_branch_operator.py
[2023-05-26T20:33:38.432+0000] {processor.py:836} INFO - DAG(s) dict_keys(['example_branch_operator']) retrieved from /home/airflow/.local/lib/python3.7/site-packages/airflow/example_dags/example_branch_operator.py
[2023-05-26T20:33:38.453+0000] {logging_mixin.py:149} INFO - [2023-05-26T20:33:38.453+0000] {dag.py:2726} INFO - Sync 1 DAGs
[2023-05-26T20:33:38.470+0000] {logging_mixin.py:149} INFO - [2023-05-26T20:33:38.470+0000] {dag.py:3490} INFO - Setting next_dagrun for example_branch_operator to 2023-05-25T00:00:00+00:00, run_after=2023-05-26T00:00:00+00:00
[2023-05-26T20:33:38.483+0000] {processor.py:179} INFO - Processing /home/airflow/.local/lib/python3.7/site-packages/airflow/example_dags/example_branch_operator.py took 0.063 seconds
[2023-05-26T20:34:08.866+0000] {processor.py:157} INFO - Started process (PID=665) to work on /home/airflow/.local/lib/python3.7/site-packages/airflow/example_dags/example_branch_operator.py
[2023-05-26T20:34:08.867+0000] {processor.py:826} INFO - Processing file /home/airflow/.local/lib/python3.7/site-packages/airflow/example_dags/example_branch_operator.py for tasks to queue
[2023-05-26T20:34:08.868+0000] {logging_mixin.py:149} INFO - [2023-05-26T20:34:08.868+0000] {dagbag.py:541} INFO - Filling up the DagBag from /home/airflow/.local/lib/python3.7/site-packages/airflow/example_dags/example_branch_operator.py
[2023-05-26T20:34:08.876+0000] {processor.py:836} INFO - DAG(s) dict_keys(['example_branch_operator']) retrieved from /home/airflow/.local/lib/python3.7/site-packages/airflow/example_dags/example_branch_operator.py
[2023-05-26T20:34:08.914+0000] {logging_mixin.py:149} INFO - [2023-05-26T20:34:08.913+0000] {dag.py:2726} INFO - Sync 1 DAGs
[2023-05-26T20:34:08.934+0000] {logging_mixin.py:149} INFO - [2023-05-26T20:34:08.934+0000] {dag.py:3490} INFO - Setting next_dagrun for example_branch_operator to 2023-05-25T00:00:00+00:00, run_after=2023-05-26T00:00:00+00:00
[2023-05-26T20:34:08.947+0000] {processor.py:179} INFO - Processing /home/airflow/.local/lib/python3.7/site-packages/airflow/example_dags/example_branch_operator.py took 0.085 seconds
[2023-05-26T20:34:39.381+0000] {processor.py:157} INFO - Started process (PID=721) to work on /home/airflow/.local/lib/python3.7/site-packages/airflow/example_dags/example_branch_operator.py
[2023-05-26T20:34:39.383+0000] {processor.py:826} INFO - Processing file /home/airflow/.local/lib/python3.7/site-packages/airflow/example_dags/example_branch_operator.py for tasks to queue
[2023-05-26T20:34:39.384+0000] {logging_mixin.py:149} INFO - [2023-05-26T20:34:39.384+0000] {dagbag.py:541} INFO - Filling up the DagBag from /home/airflow/.local/lib/python3.7/site-packages/airflow/example_dags/example_branch_operator.py
[2023-05-26T20:34:39.391+0000] {processor.py:836} INFO - DAG(s) dict_keys(['example_branch_operator']) retrieved from /home/airflow/.local/lib/python3.7/site-packages/airflow/example_dags/example_branch_operator.py
[2023-05-26T20:34:39.415+0000] {logging_mixin.py:149} INFO - [2023-05-26T20:34:39.415+0000] {dag.py:2726} INFO - Sync 1 DAGs
[2023-05-26T20:34:39.433+0000] {logging_mixin.py:149} INFO - [2023-05-26T20:34:39.433+0000] {dag.py:3490} INFO - Setting next_dagrun for example_branch_operator to 2023-05-25T00:00:00+00:00, run_after=2023-05-26T00:00:00+00:00
[2023-05-26T20:34:39.447+0000] {processor.py:179} INFO - Processing /home/airflow/.local/lib/python3.7/site-packages/airflow/example_dags/example_branch_operator.py took 0.068 seconds
[2023-05-26T20:35:09.769+0000] {processor.py:157} INFO - Started process (PID=778) to work on /home/airflow/.local/lib/python3.7/site-packages/airflow/example_dags/example_branch_operator.py
[2023-05-26T20:35:09.771+0000] {processor.py:826} INFO - Processing file /home/airflow/.local/lib/python3.7/site-packages/airflow/example_dags/example_branch_operator.py for tasks to queue
[2023-05-26T20:35:09.771+0000] {logging_mixin.py:149} INFO - [2023-05-26T20:35:09.771+0000] {dagbag.py:541} INFO - Filling up the DagBag from /home/airflow/.local/lib/python3.7/site-packages/airflow/example_dags/example_branch_operator.py
[2023-05-26T20:35:09.778+0000] {processor.py:836} INFO - DAG(s) dict_keys(['example_branch_operator']) retrieved from /home/airflow/.local/lib/python3.7/site-packages/airflow/example_dags/example_branch_operator.py
[2023-05-26T20:35:09.799+0000] {logging_mixin.py:149} INFO - [2023-05-26T20:35:09.799+0000] {dag.py:2726} INFO - Sync 1 DAGs
[2023-05-26T20:35:09.815+0000] {logging_mixin.py:149} INFO - [2023-05-26T20:35:09.815+0000] {dag.py:3490} INFO - Setting next_dagrun for example_branch_operator to 2023-05-25T00:00:00+00:00, run_after=2023-05-26T00:00:00+00:00
[2023-05-26T20:35:09.826+0000] {processor.py:179} INFO - Processing /home/airflow/.local/lib/python3.7/site-packages/airflow/example_dags/example_branch_operator.py took 0.060 seconds
[2023-05-26T20:35:40.285+0000] {processor.py:157} INFO - Started process (PID=834) to work on /home/airflow/.local/lib/python3.7/site-packages/airflow/example_dags/example_branch_operator.py
[2023-05-26T20:35:40.286+0000] {processor.py:826} INFO - Processing file /home/airflow/.local/lib/python3.7/site-packages/airflow/example_dags/example_branch_operator.py for tasks to queue
[2023-05-26T20:35:40.287+0000] {logging_mixin.py:149} INFO - [2023-05-26T20:35:40.287+0000] {dagbag.py:541} INFO - Filling up the DagBag from /home/airflow/.local/lib/python3.7/site-packages/airflow/example_dags/example_branch_operator.py
[2023-05-26T20:35:40.294+0000] {processor.py:836} INFO - DAG(s) dict_keys(['example_branch_operator']) retrieved from /home/airflow/.local/lib/python3.7/site-packages/airflow/example_dags/example_branch_operator.py
[2023-05-26T20:35:40.317+0000] {logging_mixin.py:149} INFO - [2023-05-26T20:35:40.317+0000] {dag.py:2726} INFO - Sync 1 DAGs
[2023-05-26T20:35:40.334+0000] {logging_mixin.py:149} INFO - [2023-05-26T20:35:40.333+0000] {dag.py:3490} INFO - Setting next_dagrun for example_branch_operator to 2023-05-25T00:00:00+00:00, run_after=2023-05-26T00:00:00+00:00
[2023-05-26T20:35:40.346+0000] {processor.py:179} INFO - Processing /home/airflow/.local/lib/python3.7/site-packages/airflow/example_dags/example_branch_operator.py took 0.064 seconds
[2023-05-26T20:36:10.656+0000] {processor.py:157} INFO - Started process (PID=890) to work on /home/airflow/.local/lib/python3.7/site-packages/airflow/example_dags/example_branch_operator.py
[2023-05-26T20:36:10.658+0000] {processor.py:826} INFO - Processing file /home/airflow/.local/lib/python3.7/site-packages/airflow/example_dags/example_branch_operator.py for tasks to queue
[2023-05-26T20:36:10.659+0000] {logging_mixin.py:149} INFO - [2023-05-26T20:36:10.659+0000] {dagbag.py:541} INFO - Filling up the DagBag from /home/airflow/.local/lib/python3.7/site-packages/airflow/example_dags/example_branch_operator.py
[2023-05-26T20:36:10.666+0000] {processor.py:836} INFO - DAG(s) dict_keys(['example_branch_operator']) retrieved from /home/airflow/.local/lib/python3.7/site-packages/airflow/example_dags/example_branch_operator.py
[2023-05-26T20:36:10.686+0000] {logging_mixin.py:149} INFO - [2023-05-26T20:36:10.686+0000] {dag.py:2726} INFO - Sync 1 DAGs
[2023-05-26T20:36:10.701+0000] {logging_mixin.py:149} INFO - [2023-05-26T20:36:10.701+0000] {dag.py:3490} INFO - Setting next_dagrun for example_branch_operator to 2023-05-25T00:00:00+00:00, run_after=2023-05-26T00:00:00+00:00
[2023-05-26T20:36:10.714+0000] {processor.py:179} INFO - Processing /home/airflow/.local/lib/python3.7/site-packages/airflow/example_dags/example_branch_operator.py took 0.061 seconds
[2023-05-26T20:36:40.979+0000] {processor.py:157} INFO - Started process (PID=946) to work on /home/airflow/.local/lib/python3.7/site-packages/airflow/example_dags/example_branch_operator.py
[2023-05-26T20:36:40.981+0000] {processor.py:826} INFO - Processing file /home/airflow/.local/lib/python3.7/site-packages/airflow/example_dags/example_branch_operator.py for tasks to queue
[2023-05-26T20:36:40.982+0000] {logging_mixin.py:149} INFO - [2023-05-26T20:36:40.982+0000] {dagbag.py:541} INFO - Filling up the DagBag from /home/airflow/.local/lib/python3.7/site-packages/airflow/example_dags/example_branch_operator.py
[2023-05-26T20:36:40.989+0000] {processor.py:836} INFO - DAG(s) dict_keys(['example_branch_operator']) retrieved from /home/airflow/.local/lib/python3.7/site-packages/airflow/example_dags/example_branch_operator.py
[2023-05-26T20:36:41.011+0000] {logging_mixin.py:149} INFO - [2023-05-26T20:36:41.011+0000] {dag.py:2726} INFO - Sync 1 DAGs
[2023-05-26T20:36:41.027+0000] {logging_mixin.py:149} INFO - [2023-05-26T20:36:41.027+0000] {dag.py:3490} INFO - Setting next_dagrun for example_branch_operator to 2023-05-25T00:00:00+00:00, run_after=2023-05-26T00:00:00+00:00
[2023-05-26T20:36:41.038+0000] {processor.py:179} INFO - Processing /home/airflow/.local/lib/python3.7/site-packages/airflow/example_dags/example_branch_operator.py took 0.062 seconds
[2023-05-26T20:37:11.320+0000] {processor.py:157} INFO - Started process (PID=1002) to work on /home/airflow/.local/lib/python3.7/site-packages/airflow/example_dags/example_branch_operator.py
[2023-05-26T20:37:11.322+0000] {processor.py:826} INFO - Processing file /home/airflow/.local/lib/python3.7/site-packages/airflow/example_dags/example_branch_operator.py for tasks to queue
[2023-05-26T20:37:11.324+0000] {logging_mixin.py:149} INFO - [2023-05-26T20:37:11.323+0000] {dagbag.py:541} INFO - Filling up the DagBag from /home/airflow/.local/lib/python3.7/site-packages/airflow/example_dags/example_branch_operator.py
[2023-05-26T20:37:11.332+0000] {processor.py:836} INFO - DAG(s) dict_keys(['example_branch_operator']) retrieved from /home/airflow/.local/lib/python3.7/site-packages/airflow/example_dags/example_branch_operator.py
[2023-05-26T20:37:11.354+0000] {logging_mixin.py:149} INFO - [2023-05-26T20:37:11.354+0000] {dag.py:2726} INFO - Sync 1 DAGs
[2023-05-26T20:37:11.371+0000] {logging_mixin.py:149} INFO - [2023-05-26T20:37:11.370+0000] {dag.py:3490} INFO - Setting next_dagrun for example_branch_operator to 2023-05-25T00:00:00+00:00, run_after=2023-05-26T00:00:00+00:00
[2023-05-26T20:37:11.382+0000] {processor.py:179} INFO - Processing /home/airflow/.local/lib/python3.7/site-packages/airflow/example_dags/example_branch_operator.py took 0.064 seconds
[2023-05-26T20:37:41.652+0000] {processor.py:157} INFO - Started process (PID=1058) to work on /home/airflow/.local/lib/python3.7/site-packages/airflow/example_dags/example_branch_operator.py
[2023-05-26T20:37:41.654+0000] {processor.py:826} INFO - Processing file /home/airflow/.local/lib/python3.7/site-packages/airflow/example_dags/example_branch_operator.py for tasks to queue
[2023-05-26T20:37:41.655+0000] {logging_mixin.py:149} INFO - [2023-05-26T20:37:41.655+0000] {dagbag.py:541} INFO - Filling up the DagBag from /home/airflow/.local/lib/python3.7/site-packages/airflow/example_dags/example_branch_operator.py
[2023-05-26T20:37:41.662+0000] {processor.py:836} INFO - DAG(s) dict_keys(['example_branch_operator']) retrieved from /home/airflow/.local/lib/python3.7/site-packages/airflow/example_dags/example_branch_operator.py
[2023-05-26T20:37:41.683+0000] {logging_mixin.py:149} INFO - [2023-05-26T20:37:41.683+0000] {dag.py:2726} INFO - Sync 1 DAGs
[2023-05-26T20:37:41.699+0000] {logging_mixin.py:149} INFO - [2023-05-26T20:37:41.699+0000] {dag.py:3490} INFO - Setting next_dagrun for example_branch_operator to 2023-05-25T00:00:00+00:00, run_after=2023-05-26T00:00:00+00:00
[2023-05-26T20:37:41.711+0000] {processor.py:179} INFO - Processing /home/airflow/.local/lib/python3.7/site-packages/airflow/example_dags/example_branch_operator.py took 0.062 seconds
[2023-05-26T20:38:11.955+0000] {processor.py:157} INFO - Started process (PID=1114) to work on /home/airflow/.local/lib/python3.7/site-packages/airflow/example_dags/example_branch_operator.py
[2023-05-26T20:38:11.956+0000] {processor.py:826} INFO - Processing file /home/airflow/.local/lib/python3.7/site-packages/airflow/example_dags/example_branch_operator.py for tasks to queue
[2023-05-26T20:38:11.957+0000] {logging_mixin.py:149} INFO - [2023-05-26T20:38:11.957+0000] {dagbag.py:541} INFO - Filling up the DagBag from /home/airflow/.local/lib/python3.7/site-packages/airflow/example_dags/example_branch_operator.py
[2023-05-26T20:38:11.963+0000] {processor.py:836} INFO - DAG(s) dict_keys(['example_branch_operator']) retrieved from /home/airflow/.local/lib/python3.7/site-packages/airflow/example_dags/example_branch_operator.py
[2023-05-26T20:38:11.987+0000] {logging_mixin.py:149} INFO - [2023-05-26T20:38:11.987+0000] {dag.py:2726} INFO - Sync 1 DAGs
[2023-05-26T20:38:12.003+0000] {logging_mixin.py:149} INFO - [2023-05-26T20:38:12.003+0000] {dag.py:3490} INFO - Setting next_dagrun for example_branch_operator to 2023-05-25T00:00:00+00:00, run_after=2023-05-26T00:00:00+00:00
[2023-05-26T20:38:12.014+0000] {processor.py:179} INFO - Processing /home/airflow/.local/lib/python3.7/site-packages/airflow/example_dags/example_branch_operator.py took 0.062 seconds
[2023-05-26T20:38:42.386+0000] {processor.py:157} INFO - Started process (PID=1171) to work on /home/airflow/.local/lib/python3.7/site-packages/airflow/example_dags/example_branch_operator.py
[2023-05-26T20:38:42.388+0000] {processor.py:826} INFO - Processing file /home/airflow/.local/lib/python3.7/site-packages/airflow/example_dags/example_branch_operator.py for tasks to queue
[2023-05-26T20:38:42.389+0000] {logging_mixin.py:149} INFO - [2023-05-26T20:38:42.388+0000] {dagbag.py:541} INFO - Filling up the DagBag from /home/airflow/.local/lib/python3.7/site-packages/airflow/example_dags/example_branch_operator.py
[2023-05-26T20:38:42.395+0000] {processor.py:836} INFO - DAG(s) dict_keys(['example_branch_operator']) retrieved from /home/airflow/.local/lib/python3.7/site-packages/airflow/example_dags/example_branch_operator.py
[2023-05-26T20:38:42.415+0000] {logging_mixin.py:149} INFO - [2023-05-26T20:38:42.415+0000] {dag.py:2726} INFO - Sync 1 DAGs
[2023-05-26T20:38:42.430+0000] {logging_mixin.py:149} INFO - [2023-05-26T20:38:42.430+0000] {dag.py:3490} INFO - Setting next_dagrun for example_branch_operator to 2023-05-25T00:00:00+00:00, run_after=2023-05-26T00:00:00+00:00
[2023-05-26T20:38:42.447+0000] {processor.py:179} INFO - Processing /home/airflow/.local/lib/python3.7/site-packages/airflow/example_dags/example_branch_operator.py took 0.064 seconds
[2023-05-26T20:39:12.785+0000] {processor.py:157} INFO - Started process (PID=1227) to work on /home/airflow/.local/lib/python3.7/site-packages/airflow/example_dags/example_branch_operator.py
[2023-05-26T20:39:12.787+0000] {processor.py:826} INFO - Processing file /home/airflow/.local/lib/python3.7/site-packages/airflow/example_dags/example_branch_operator.py for tasks to queue
[2023-05-26T20:39:12.787+0000] {logging_mixin.py:149} INFO - [2023-05-26T20:39:12.787+0000] {dagbag.py:541} INFO - Filling up the DagBag from /home/airflow/.local/lib/python3.7/site-packages/airflow/example_dags/example_branch_operator.py
[2023-05-26T20:39:12.794+0000] {processor.py:836} INFO - DAG(s) dict_keys(['example_branch_operator']) retrieved from /home/airflow/.local/lib/python3.7/site-packages/airflow/example_dags/example_branch_operator.py
[2023-05-26T20:39:12.815+0000] {logging_mixin.py:149} INFO - [2023-05-26T20:39:12.815+0000] {dag.py:2726} INFO - Sync 1 DAGs
[2023-05-26T20:39:12.832+0000] {logging_mixin.py:149} INFO - [2023-05-26T20:39:12.832+0000] {dag.py:3490} INFO - Setting next_dagrun for example_branch_operator to 2023-05-25T00:00:00+00:00, run_after=2023-05-26T00:00:00+00:00
[2023-05-26T20:39:12.842+0000] {processor.py:179} INFO - Processing /home/airflow/.local/lib/python3.7/site-packages/airflow/example_dags/example_branch_operator.py took 0.060 seconds
[2023-05-26T20:39:43.038+0000] {processor.py:157} INFO - Started process (PID=1283) to work on /home/airflow/.local/lib/python3.7/site-packages/airflow/example_dags/example_branch_operator.py
[2023-05-26T20:39:43.040+0000] {processor.py:826} INFO - Processing file /home/airflow/.local/lib/python3.7/site-packages/airflow/example_dags/example_branch_operator.py for tasks to queue
[2023-05-26T20:39:43.041+0000] {logging_mixin.py:149} INFO - [2023-05-26T20:39:43.040+0000] {dagbag.py:541} INFO - Filling up the DagBag from /home/airflow/.local/lib/python3.7/site-packages/airflow/example_dags/example_branch_operator.py
[2023-05-26T20:39:43.047+0000] {processor.py:836} INFO - DAG(s) dict_keys(['example_branch_operator']) retrieved from /home/airflow/.local/lib/python3.7/site-packages/airflow/example_dags/example_branch_operator.py
[2023-05-26T20:39:43.070+0000] {logging_mixin.py:149} INFO - [2023-05-26T20:39:43.070+0000] {dag.py:2726} INFO - Sync 1 DAGs
[2023-05-26T20:39:43.087+0000] {logging_mixin.py:149} INFO - [2023-05-26T20:39:43.087+0000] {dag.py:3490} INFO - Setting next_dagrun for example_branch_operator to 2023-05-25T00:00:00+00:00, run_after=2023-05-26T00:00:00+00:00
[2023-05-26T20:39:43.098+0000] {processor.py:179} INFO - Processing /home/airflow/.local/lib/python3.7/site-packages/airflow/example_dags/example_branch_operator.py took 0.062 seconds
[2023-05-26T20:40:13.341+0000] {processor.py:157} INFO - Started process (PID=1340) to work on /home/airflow/.local/lib/python3.7/site-packages/airflow/example_dags/example_branch_operator.py
[2023-05-26T20:40:13.342+0000] {processor.py:826} INFO - Processing file /home/airflow/.local/lib/python3.7/site-packages/airflow/example_dags/example_branch_operator.py for tasks to queue
[2023-05-26T20:40:13.343+0000] {logging_mixin.py:149} INFO - [2023-05-26T20:40:13.343+0000] {dagbag.py:541} INFO - Filling up the DagBag from /home/airflow/.local/lib/python3.7/site-packages/airflow/example_dags/example_branch_operator.py
[2023-05-26T20:40:13.350+0000] {processor.py:836} INFO - DAG(s) dict_keys(['example_branch_operator']) retrieved from /home/airflow/.local/lib/python3.7/site-packages/airflow/example_dags/example_branch_operator.py
[2023-05-26T20:40:13.370+0000] {logging_mixin.py:149} INFO - [2023-05-26T20:40:13.370+0000] {dag.py:2726} INFO - Sync 1 DAGs
[2023-05-26T20:40:13.385+0000] {logging_mixin.py:149} INFO - [2023-05-26T20:40:13.385+0000] {dag.py:3490} INFO - Setting next_dagrun for example_branch_operator to 2023-05-25T00:00:00+00:00, run_after=2023-05-26T00:00:00+00:00
[2023-05-26T20:40:13.396+0000] {processor.py:179} INFO - Processing /home/airflow/.local/lib/python3.7/site-packages/airflow/example_dags/example_branch_operator.py took 0.058 seconds
[2023-05-26T20:40:43.955+0000] {processor.py:157} INFO - Started process (PID=1396) to work on /home/airflow/.local/lib/python3.7/site-packages/airflow/example_dags/example_branch_operator.py
[2023-05-26T20:40:43.956+0000] {processor.py:826} INFO - Processing file /home/airflow/.local/lib/python3.7/site-packages/airflow/example_dags/example_branch_operator.py for tasks to queue
[2023-05-26T20:40:43.957+0000] {logging_mixin.py:149} INFO - [2023-05-26T20:40:43.957+0000] {dagbag.py:541} INFO - Filling up the DagBag from /home/airflow/.local/lib/python3.7/site-packages/airflow/example_dags/example_branch_operator.py
[2023-05-26T20:40:43.964+0000] {processor.py:836} INFO - DAG(s) dict_keys(['example_branch_operator']) retrieved from /home/airflow/.local/lib/python3.7/site-packages/airflow/example_dags/example_branch_operator.py
[2023-05-26T20:40:43.989+0000] {logging_mixin.py:149} INFO - [2023-05-26T20:40:43.989+0000] {dag.py:2726} INFO - Sync 1 DAGs
[2023-05-26T20:40:44.004+0000] {logging_mixin.py:149} INFO - [2023-05-26T20:40:44.004+0000] {dag.py:3490} INFO - Setting next_dagrun for example_branch_operator to 2023-05-25T00:00:00+00:00, run_after=2023-05-26T00:00:00+00:00
[2023-05-26T20:40:44.016+0000] {processor.py:179} INFO - Processing /home/airflow/.local/lib/python3.7/site-packages/airflow/example_dags/example_branch_operator.py took 0.064 seconds
[2023-05-26T20:41:14.415+0000] {processor.py:157} INFO - Started process (PID=1453) to work on /home/airflow/.local/lib/python3.7/site-packages/airflow/example_dags/example_branch_operator.py
[2023-05-26T20:41:14.416+0000] {processor.py:826} INFO - Processing file /home/airflow/.local/lib/python3.7/site-packages/airflow/example_dags/example_branch_operator.py for tasks to queue
[2023-05-26T20:41:14.417+0000] {logging_mixin.py:149} INFO - [2023-05-26T20:41:14.417+0000] {dagbag.py:541} INFO - Filling up the DagBag from /home/airflow/.local/lib/python3.7/site-packages/airflow/example_dags/example_branch_operator.py
[2023-05-26T20:41:14.424+0000] {processor.py:836} INFO - DAG(s) dict_keys(['example_branch_operator']) retrieved from /home/airflow/.local/lib/python3.7/site-packages/airflow/example_dags/example_branch_operator.py
[2023-05-26T20:41:14.445+0000] {logging_mixin.py:149} INFO - [2023-05-26T20:41:14.445+0000] {dag.py:2726} INFO - Sync 1 DAGs
[2023-05-26T20:41:14.462+0000] {logging_mixin.py:149} INFO - [2023-05-26T20:41:14.462+0000] {dag.py:3490} INFO - Setting next_dagrun for example_branch_operator to 2023-05-25T00:00:00+00:00, run_after=2023-05-26T00:00:00+00:00
[2023-05-26T20:41:14.474+0000] {processor.py:179} INFO - Processing /home/airflow/.local/lib/python3.7/site-packages/airflow/example_dags/example_branch_operator.py took 0.062 seconds
[2023-05-26T20:41:44.772+0000] {processor.py:157} INFO - Started process (PID=1509) to work on /home/airflow/.local/lib/python3.7/site-packages/airflow/example_dags/example_branch_operator.py
[2023-05-26T20:41:44.774+0000] {processor.py:826} INFO - Processing file /home/airflow/.local/lib/python3.7/site-packages/airflow/example_dags/example_branch_operator.py for tasks to queue
[2023-05-26T20:41:44.775+0000] {logging_mixin.py:149} INFO - [2023-05-26T20:41:44.775+0000] {dagbag.py:541} INFO - Filling up the DagBag from /home/airflow/.local/lib/python3.7/site-packages/airflow/example_dags/example_branch_operator.py
[2023-05-26T20:41:44.782+0000] {processor.py:836} INFO - DAG(s) dict_keys(['example_branch_operator']) retrieved from /home/airflow/.local/lib/python3.7/site-packages/airflow/example_dags/example_branch_operator.py
[2023-05-26T20:41:44.803+0000] {logging_mixin.py:149} INFO - [2023-05-26T20:41:44.803+0000] {dag.py:2726} INFO - Sync 1 DAGs
[2023-05-26T20:41:44.820+0000] {logging_mixin.py:149} INFO - [2023-05-26T20:41:44.820+0000] {dag.py:3490} INFO - Setting next_dagrun for example_branch_operator to 2023-05-25T00:00:00+00:00, run_after=2023-05-26T00:00:00+00:00
[2023-05-26T20:41:44.831+0000] {processor.py:179} INFO - Processing /home/airflow/.local/lib/python3.7/site-packages/airflow/example_dags/example_branch_operator.py took 0.062 seconds
[2023-05-26T20:42:15.077+0000] {processor.py:157} INFO - Started process (PID=1565) to work on /home/airflow/.local/lib/python3.7/site-packages/airflow/example_dags/example_branch_operator.py
[2023-05-26T20:42:15.079+0000] {processor.py:826} INFO - Processing file /home/airflow/.local/lib/python3.7/site-packages/airflow/example_dags/example_branch_operator.py for tasks to queue
[2023-05-26T20:42:15.080+0000] {logging_mixin.py:149} INFO - [2023-05-26T20:42:15.080+0000] {dagbag.py:541} INFO - Filling up the DagBag from /home/airflow/.local/lib/python3.7/site-packages/airflow/example_dags/example_branch_operator.py
[2023-05-26T20:42:15.087+0000] {processor.py:836} INFO - DAG(s) dict_keys(['example_branch_operator']) retrieved from /home/airflow/.local/lib/python3.7/site-packages/airflow/example_dags/example_branch_operator.py
[2023-05-26T20:42:15.108+0000] {logging_mixin.py:149} INFO - [2023-05-26T20:42:15.108+0000] {dag.py:2726} INFO - Sync 1 DAGs
[2023-05-26T20:42:15.123+0000] {logging_mixin.py:149} INFO - [2023-05-26T20:42:15.123+0000] {dag.py:3490} INFO - Setting next_dagrun for example_branch_operator to 2023-05-25T00:00:00+00:00, run_after=2023-05-26T00:00:00+00:00
[2023-05-26T20:42:15.134+0000] {processor.py:179} INFO - Processing /home/airflow/.local/lib/python3.7/site-packages/airflow/example_dags/example_branch_operator.py took 0.059 seconds
[2023-05-26T20:42:45.614+0000] {processor.py:157} INFO - Started process (PID=1621) to work on /home/airflow/.local/lib/python3.7/site-packages/airflow/example_dags/example_branch_operator.py
[2023-05-26T20:42:45.617+0000] {processor.py:826} INFO - Processing file /home/airflow/.local/lib/python3.7/site-packages/airflow/example_dags/example_branch_operator.py for tasks to queue
[2023-05-26T20:42:45.618+0000] {logging_mixin.py:149} INFO - [2023-05-26T20:42:45.618+0000] {dagbag.py:541} INFO - Filling up the DagBag from /home/airflow/.local/lib/python3.7/site-packages/airflow/example_dags/example_branch_operator.py
[2023-05-26T20:42:45.625+0000] {processor.py:836} INFO - DAG(s) dict_keys(['example_branch_operator']) retrieved from /home/airflow/.local/lib/python3.7/site-packages/airflow/example_dags/example_branch_operator.py
[2023-05-26T20:42:45.645+0000] {logging_mixin.py:149} INFO - [2023-05-26T20:42:45.645+0000] {dag.py:2726} INFO - Sync 1 DAGs
[2023-05-26T20:42:45.660+0000] {logging_mixin.py:149} INFO - [2023-05-26T20:42:45.660+0000] {dag.py:3490} INFO - Setting next_dagrun for example_branch_operator to 2023-05-25T00:00:00+00:00, run_after=2023-05-26T00:00:00+00:00
[2023-05-26T20:42:45.673+0000] {processor.py:179} INFO - Processing /home/airflow/.local/lib/python3.7/site-packages/airflow/example_dags/example_branch_operator.py took 0.061 seconds
[2023-05-26T20:43:16.102+0000] {processor.py:157} INFO - Started process (PID=1677) to work on /home/airflow/.local/lib/python3.7/site-packages/airflow/example_dags/example_branch_operator.py
[2023-05-26T20:43:16.103+0000] {processor.py:826} INFO - Processing file /home/airflow/.local/lib/python3.7/site-packages/airflow/example_dags/example_branch_operator.py for tasks to queue
[2023-05-26T20:43:16.103+0000] {logging_mixin.py:149} INFO - [2023-05-26T20:43:16.103+0000] {dagbag.py:541} INFO - Filling up the DagBag from /home/airflow/.local/lib/python3.7/site-packages/airflow/example_dags/example_branch_operator.py
[2023-05-26T20:43:16.110+0000] {processor.py:836} INFO - DAG(s) dict_keys(['example_branch_operator']) retrieved from /home/airflow/.local/lib/python3.7/site-packages/airflow/example_dags/example_branch_operator.py
[2023-05-26T20:43:16.131+0000] {logging_mixin.py:149} INFO - [2023-05-26T20:43:16.131+0000] {dag.py:2726} INFO - Sync 1 DAGs
[2023-05-26T20:43:16.151+0000] {logging_mixin.py:149} INFO - [2023-05-26T20:43:16.151+0000] {dag.py:3490} INFO - Setting next_dagrun for example_branch_operator to 2023-05-25T00:00:00+00:00, run_after=2023-05-26T00:00:00+00:00
[2023-05-26T20:43:16.163+0000] {processor.py:179} INFO - Processing /home/airflow/.local/lib/python3.7/site-packages/airflow/example_dags/example_branch_operator.py took 0.064 seconds
[2023-05-26T20:43:46.491+0000] {processor.py:157} INFO - Started process (PID=1733) to work on /home/airflow/.local/lib/python3.7/site-packages/airflow/example_dags/example_branch_operator.py
[2023-05-26T20:43:46.492+0000] {processor.py:826} INFO - Processing file /home/airflow/.local/lib/python3.7/site-packages/airflow/example_dags/example_branch_operator.py for tasks to queue
[2023-05-26T20:43:46.493+0000] {logging_mixin.py:149} INFO - [2023-05-26T20:43:46.493+0000] {dagbag.py:541} INFO - Filling up the DagBag from /home/airflow/.local/lib/python3.7/site-packages/airflow/example_dags/example_branch_operator.py
[2023-05-26T20:43:46.499+0000] {processor.py:836} INFO - DAG(s) dict_keys(['example_branch_operator']) retrieved from /home/airflow/.local/lib/python3.7/site-packages/airflow/example_dags/example_branch_operator.py
[2023-05-26T20:43:46.520+0000] {logging_mixin.py:149} INFO - [2023-05-26T20:43:46.520+0000] {dag.py:2726} INFO - Sync 1 DAGs
[2023-05-26T20:43:46.536+0000] {logging_mixin.py:149} INFO - [2023-05-26T20:43:46.535+0000] {dag.py:3490} INFO - Setting next_dagrun for example_branch_operator to 2023-05-25T00:00:00+00:00, run_after=2023-05-26T00:00:00+00:00
[2023-05-26T20:43:46.548+0000] {processor.py:179} INFO - Processing /home/airflow/.local/lib/python3.7/site-packages/airflow/example_dags/example_branch_operator.py took 0.060 seconds
[2023-05-26T20:44:16.782+0000] {processor.py:157} INFO - Started process (PID=1789) to work on /home/airflow/.local/lib/python3.7/site-packages/airflow/example_dags/example_branch_operator.py
[2023-05-26T20:44:16.784+0000] {processor.py:826} INFO - Processing file /home/airflow/.local/lib/python3.7/site-packages/airflow/example_dags/example_branch_operator.py for tasks to queue
[2023-05-26T20:44:16.785+0000] {logging_mixin.py:149} INFO - [2023-05-26T20:44:16.785+0000] {dagbag.py:541} INFO - Filling up the DagBag from /home/airflow/.local/lib/python3.7/site-packages/airflow/example_dags/example_branch_operator.py
[2023-05-26T20:44:16.791+0000] {processor.py:836} INFO - DAG(s) dict_keys(['example_branch_operator']) retrieved from /home/airflow/.local/lib/python3.7/site-packages/airflow/example_dags/example_branch_operator.py
[2023-05-26T20:44:16.815+0000] {logging_mixin.py:149} INFO - [2023-05-26T20:44:16.815+0000] {dag.py:2726} INFO - Sync 1 DAGs
[2023-05-26T20:44:16.832+0000] {logging_mixin.py:149} INFO - [2023-05-26T20:44:16.832+0000] {dag.py:3490} INFO - Setting next_dagrun for example_branch_operator to 2023-05-25T00:00:00+00:00, run_after=2023-05-26T00:00:00+00:00
[2023-05-26T20:44:16.843+0000] {processor.py:179} INFO - Processing /home/airflow/.local/lib/python3.7/site-packages/airflow/example_dags/example_branch_operator.py took 0.065 seconds
[2023-05-26T20:44:47.183+0000] {processor.py:157} INFO - Started process (PID=1846) to work on /home/airflow/.local/lib/python3.7/site-packages/airflow/example_dags/example_branch_operator.py
[2023-05-26T20:44:47.185+0000] {processor.py:826} INFO - Processing file /home/airflow/.local/lib/python3.7/site-packages/airflow/example_dags/example_branch_operator.py for tasks to queue
[2023-05-26T20:44:47.186+0000] {logging_mixin.py:149} INFO - [2023-05-26T20:44:47.186+0000] {dagbag.py:541} INFO - Filling up the DagBag from /home/airflow/.local/lib/python3.7/site-packages/airflow/example_dags/example_branch_operator.py
[2023-05-26T20:44:47.193+0000] {processor.py:836} INFO - DAG(s) dict_keys(['example_branch_operator']) retrieved from /home/airflow/.local/lib/python3.7/site-packages/airflow/example_dags/example_branch_operator.py
[2023-05-26T20:44:47.222+0000] {logging_mixin.py:149} INFO - [2023-05-26T20:44:47.222+0000] {dag.py:2726} INFO - Sync 1 DAGs
[2023-05-26T20:44:47.247+0000] {logging_mixin.py:149} INFO - [2023-05-26T20:44:47.247+0000] {dag.py:3490} INFO - Setting next_dagrun for example_branch_operator to 2023-05-25T00:00:00+00:00, run_after=2023-05-26T00:00:00+00:00
[2023-05-26T20:44:47.260+0000] {processor.py:179} INFO - Processing /home/airflow/.local/lib/python3.7/site-packages/airflow/example_dags/example_branch_operator.py took 0.079 seconds
[2023-05-26T20:45:17.552+0000] {processor.py:157} INFO - Started process (PID=1902) to work on /home/airflow/.local/lib/python3.7/site-packages/airflow/example_dags/example_branch_operator.py
[2023-05-26T20:45:17.554+0000] {processor.py:826} INFO - Processing file /home/airflow/.local/lib/python3.7/site-packages/airflow/example_dags/example_branch_operator.py for tasks to queue
[2023-05-26T20:45:17.554+0000] {logging_mixin.py:149} INFO - [2023-05-26T20:45:17.554+0000] {dagbag.py:541} INFO - Filling up the DagBag from /home/airflow/.local/lib/python3.7/site-packages/airflow/example_dags/example_branch_operator.py
[2023-05-26T20:45:17.561+0000] {processor.py:836} INFO - DAG(s) dict_keys(['example_branch_operator']) retrieved from /home/airflow/.local/lib/python3.7/site-packages/airflow/example_dags/example_branch_operator.py
[2023-05-26T20:45:17.584+0000] {logging_mixin.py:149} INFO - [2023-05-26T20:45:17.584+0000] {dag.py:2726} INFO - Sync 1 DAGs
[2023-05-26T20:45:17.600+0000] {logging_mixin.py:149} INFO - [2023-05-26T20:45:17.600+0000] {dag.py:3490} INFO - Setting next_dagrun for example_branch_operator to 2023-05-25T00:00:00+00:00, run_after=2023-05-26T00:00:00+00:00
[2023-05-26T20:45:17.612+0000] {processor.py:179} INFO - Processing /home/airflow/.local/lib/python3.7/site-packages/airflow/example_dags/example_branch_operator.py took 0.062 seconds
[2023-05-26T20:45:47.990+0000] {processor.py:157} INFO - Started process (PID=1958) to work on /home/airflow/.local/lib/python3.7/site-packages/airflow/example_dags/example_branch_operator.py
[2023-05-26T20:45:47.992+0000] {processor.py:826} INFO - Processing file /home/airflow/.local/lib/python3.7/site-packages/airflow/example_dags/example_branch_operator.py for tasks to queue
[2023-05-26T20:45:47.993+0000] {logging_mixin.py:149} INFO - [2023-05-26T20:45:47.993+0000] {dagbag.py:541} INFO - Filling up the DagBag from /home/airflow/.local/lib/python3.7/site-packages/airflow/example_dags/example_branch_operator.py
[2023-05-26T20:45:48.000+0000] {processor.py:836} INFO - DAG(s) dict_keys(['example_branch_operator']) retrieved from /home/airflow/.local/lib/python3.7/site-packages/airflow/example_dags/example_branch_operator.py
[2023-05-26T20:45:48.020+0000] {logging_mixin.py:149} INFO - [2023-05-26T20:45:48.020+0000] {dag.py:2726} INFO - Sync 1 DAGs
[2023-05-26T20:45:48.036+0000] {logging_mixin.py:149} INFO - [2023-05-26T20:45:48.036+0000] {dag.py:3490} INFO - Setting next_dagrun for example_branch_operator to 2023-05-25T00:00:00+00:00, run_after=2023-05-26T00:00:00+00:00
[2023-05-26T20:45:48.048+0000] {processor.py:179} INFO - Processing /home/airflow/.local/lib/python3.7/site-packages/airflow/example_dags/example_branch_operator.py took 0.061 seconds
[2023-05-26T20:46:18.620+0000] {processor.py:157} INFO - Started process (PID=2014) to work on /home/airflow/.local/lib/python3.7/site-packages/airflow/example_dags/example_branch_operator.py
[2023-05-26T20:46:18.621+0000] {processor.py:826} INFO - Processing file /home/airflow/.local/lib/python3.7/site-packages/airflow/example_dags/example_branch_operator.py for tasks to queue
[2023-05-26T20:46:18.623+0000] {logging_mixin.py:149} INFO - [2023-05-26T20:46:18.623+0000] {dagbag.py:541} INFO - Filling up the DagBag from /home/airflow/.local/lib/python3.7/site-packages/airflow/example_dags/example_branch_operator.py
[2023-05-26T20:46:18.631+0000] {processor.py:836} INFO - DAG(s) dict_keys(['example_branch_operator']) retrieved from /home/airflow/.local/lib/python3.7/site-packages/airflow/example_dags/example_branch_operator.py
[2023-05-26T20:46:18.655+0000] {logging_mixin.py:149} INFO - [2023-05-26T20:46:18.655+0000] {dag.py:2726} INFO - Sync 1 DAGs
[2023-05-26T20:46:18.671+0000] {logging_mixin.py:149} INFO - [2023-05-26T20:46:18.671+0000] {dag.py:3490} INFO - Setting next_dagrun for example_branch_operator to 2023-05-25T00:00:00+00:00, run_after=2023-05-26T00:00:00+00:00
[2023-05-26T20:46:18.684+0000] {processor.py:179} INFO - Processing /home/airflow/.local/lib/python3.7/site-packages/airflow/example_dags/example_branch_operator.py took 0.067 seconds
[2023-05-26T20:46:49.214+0000] {processor.py:157} INFO - Started process (PID=2070) to work on /home/airflow/.local/lib/python3.7/site-packages/airflow/example_dags/example_branch_operator.py
[2023-05-26T20:46:49.215+0000] {processor.py:826} INFO - Processing file /home/airflow/.local/lib/python3.7/site-packages/airflow/example_dags/example_branch_operator.py for tasks to queue
[2023-05-26T20:46:49.216+0000] {logging_mixin.py:149} INFO - [2023-05-26T20:46:49.216+0000] {dagbag.py:541} INFO - Filling up the DagBag from /home/airflow/.local/lib/python3.7/site-packages/airflow/example_dags/example_branch_operator.py
[2023-05-26T20:46:49.223+0000] {processor.py:836} INFO - DAG(s) dict_keys(['example_branch_operator']) retrieved from /home/airflow/.local/lib/python3.7/site-packages/airflow/example_dags/example_branch_operator.py
[2023-05-26T20:46:49.245+0000] {logging_mixin.py:149} INFO - [2023-05-26T20:46:49.244+0000] {dag.py:2726} INFO - Sync 1 DAGs
[2023-05-26T20:46:49.261+0000] {logging_mixin.py:149} INFO - [2023-05-26T20:46:49.261+0000] {dag.py:3490} INFO - Setting next_dagrun for example_branch_operator to 2023-05-25T00:00:00+00:00, run_after=2023-05-26T00:00:00+00:00
[2023-05-26T20:46:49.273+0000] {processor.py:179} INFO - Processing /home/airflow/.local/lib/python3.7/site-packages/airflow/example_dags/example_branch_operator.py took 0.061 seconds
[2023-05-26T20:47:19.943+0000] {processor.py:157} INFO - Started process (PID=2126) to work on /home/airflow/.local/lib/python3.7/site-packages/airflow/example_dags/example_branch_operator.py
[2023-05-26T20:47:19.946+0000] {processor.py:826} INFO - Processing file /home/airflow/.local/lib/python3.7/site-packages/airflow/example_dags/example_branch_operator.py for tasks to queue
[2023-05-26T20:47:19.947+0000] {logging_mixin.py:149} INFO - [2023-05-26T20:47:19.946+0000] {dagbag.py:541} INFO - Filling up the DagBag from /home/airflow/.local/lib/python3.7/site-packages/airflow/example_dags/example_branch_operator.py
[2023-05-26T20:47:19.953+0000] {processor.py:836} INFO - DAG(s) dict_keys(['example_branch_operator']) retrieved from /home/airflow/.local/lib/python3.7/site-packages/airflow/example_dags/example_branch_operator.py
[2023-05-26T20:47:19.973+0000] {logging_mixin.py:149} INFO - [2023-05-26T20:47:19.973+0000] {dag.py:2726} INFO - Sync 1 DAGs
[2023-05-26T20:47:19.991+0000] {logging_mixin.py:149} INFO - [2023-05-26T20:47:19.990+0000] {dag.py:3490} INFO - Setting next_dagrun for example_branch_operator to 2023-05-25T00:00:00+00:00, run_after=2023-05-26T00:00:00+00:00
[2023-05-26T20:47:20.002+0000] {processor.py:179} INFO - Processing /home/airflow/.local/lib/python3.7/site-packages/airflow/example_dags/example_branch_operator.py took 0.062 seconds
[2023-05-26T20:47:50.620+0000] {processor.py:157} INFO - Started process (PID=2182) to work on /home/airflow/.local/lib/python3.7/site-packages/airflow/example_dags/example_branch_operator.py
[2023-05-26T20:47:50.621+0000] {processor.py:826} INFO - Processing file /home/airflow/.local/lib/python3.7/site-packages/airflow/example_dags/example_branch_operator.py for tasks to queue
[2023-05-26T20:47:50.622+0000] {logging_mixin.py:149} INFO - [2023-05-26T20:47:50.622+0000] {dagbag.py:541} INFO - Filling up the DagBag from /home/airflow/.local/lib/python3.7/site-packages/airflow/example_dags/example_branch_operator.py
[2023-05-26T20:47:50.629+0000] {processor.py:836} INFO - DAG(s) dict_keys(['example_branch_operator']) retrieved from /home/airflow/.local/lib/python3.7/site-packages/airflow/example_dags/example_branch_operator.py
[2023-05-26T20:47:50.653+0000] {logging_mixin.py:149} INFO - [2023-05-26T20:47:50.652+0000] {dag.py:2726} INFO - Sync 1 DAGs
[2023-05-26T20:47:50.669+0000] {logging_mixin.py:149} INFO - [2023-05-26T20:47:50.669+0000] {dag.py:3490} INFO - Setting next_dagrun for example_branch_operator to 2023-05-25T00:00:00+00:00, run_after=2023-05-26T00:00:00+00:00
[2023-05-26T20:47:50.681+0000] {processor.py:179} INFO - Processing /home/airflow/.local/lib/python3.7/site-packages/airflow/example_dags/example_branch_operator.py took 0.064 seconds
[2023-05-26T20:48:21.019+0000] {processor.py:157} INFO - Started process (PID=2238) to work on /home/airflow/.local/lib/python3.7/site-packages/airflow/example_dags/example_branch_operator.py
[2023-05-26T20:48:21.020+0000] {processor.py:826} INFO - Processing file /home/airflow/.local/lib/python3.7/site-packages/airflow/example_dags/example_branch_operator.py for tasks to queue
[2023-05-26T20:48:21.021+0000] {logging_mixin.py:149} INFO - [2023-05-26T20:48:21.021+0000] {dagbag.py:541} INFO - Filling up the DagBag from /home/airflow/.local/lib/python3.7/site-packages/airflow/example_dags/example_branch_operator.py
[2023-05-26T20:48:21.027+0000] {processor.py:836} INFO - DAG(s) dict_keys(['example_branch_operator']) retrieved from /home/airflow/.local/lib/python3.7/site-packages/airflow/example_dags/example_branch_operator.py
[2023-05-26T20:48:21.051+0000] {logging_mixin.py:149} INFO - [2023-05-26T20:48:21.051+0000] {dag.py:2726} INFO - Sync 1 DAGs
[2023-05-26T20:48:21.068+0000] {logging_mixin.py:149} INFO - [2023-05-26T20:48:21.068+0000] {dag.py:3490} INFO - Setting next_dagrun for example_branch_operator to 2023-05-25T00:00:00+00:00, run_after=2023-05-26T00:00:00+00:00
[2023-05-26T20:48:21.080+0000] {processor.py:179} INFO - Processing /home/airflow/.local/lib/python3.7/site-packages/airflow/example_dags/example_branch_operator.py took 0.064 seconds
[2023-05-26T20:48:51.668+0000] {processor.py:157} INFO - Started process (PID=2295) to work on /home/airflow/.local/lib/python3.7/site-packages/airflow/example_dags/example_branch_operator.py
[2023-05-26T20:48:51.670+0000] {processor.py:826} INFO - Processing file /home/airflow/.local/lib/python3.7/site-packages/airflow/example_dags/example_branch_operator.py for tasks to queue
[2023-05-26T20:48:51.671+0000] {logging_mixin.py:149} INFO - [2023-05-26T20:48:51.671+0000] {dagbag.py:541} INFO - Filling up the DagBag from /home/airflow/.local/lib/python3.7/site-packages/airflow/example_dags/example_branch_operator.py
[2023-05-26T20:48:51.678+0000] {processor.py:836} INFO - DAG(s) dict_keys(['example_branch_operator']) retrieved from /home/airflow/.local/lib/python3.7/site-packages/airflow/example_dags/example_branch_operator.py
[2023-05-26T20:48:51.700+0000] {logging_mixin.py:149} INFO - [2023-05-26T20:48:51.700+0000] {dag.py:2726} INFO - Sync 1 DAGs
[2023-05-26T20:48:51.718+0000] {logging_mixin.py:149} INFO - [2023-05-26T20:48:51.718+0000] {dag.py:3490} INFO - Setting next_dagrun for example_branch_operator to 2023-05-25T00:00:00+00:00, run_after=2023-05-26T00:00:00+00:00
[2023-05-26T20:48:51.729+0000] {processor.py:179} INFO - Processing /home/airflow/.local/lib/python3.7/site-packages/airflow/example_dags/example_branch_operator.py took 0.063 seconds
[2023-05-26T20:49:22.371+0000] {processor.py:157} INFO - Started process (PID=2350) to work on /home/airflow/.local/lib/python3.7/site-packages/airflow/example_dags/example_branch_operator.py
[2023-05-26T20:49:22.373+0000] {processor.py:826} INFO - Processing file /home/airflow/.local/lib/python3.7/site-packages/airflow/example_dags/example_branch_operator.py for tasks to queue
[2023-05-26T20:49:22.374+0000] {logging_mixin.py:149} INFO - [2023-05-26T20:49:22.374+0000] {dagbag.py:541} INFO - Filling up the DagBag from /home/airflow/.local/lib/python3.7/site-packages/airflow/example_dags/example_branch_operator.py
[2023-05-26T20:49:22.381+0000] {processor.py:836} INFO - DAG(s) dict_keys(['example_branch_operator']) retrieved from /home/airflow/.local/lib/python3.7/site-packages/airflow/example_dags/example_branch_operator.py
[2023-05-26T20:49:22.405+0000] {logging_mixin.py:149} INFO - [2023-05-26T20:49:22.405+0000] {dag.py:2726} INFO - Sync 1 DAGs
[2023-05-26T20:49:22.422+0000] {logging_mixin.py:149} INFO - [2023-05-26T20:49:22.422+0000] {dag.py:3490} INFO - Setting next_dagrun for example_branch_operator to 2023-05-25T00:00:00+00:00, run_after=2023-05-26T00:00:00+00:00
[2023-05-26T20:49:22.434+0000] {processor.py:179} INFO - Processing /home/airflow/.local/lib/python3.7/site-packages/airflow/example_dags/example_branch_operator.py took 0.065 seconds
[2023-05-26T20:49:52.868+0000] {processor.py:157} INFO - Started process (PID=2406) to work on /home/airflow/.local/lib/python3.7/site-packages/airflow/example_dags/example_branch_operator.py
[2023-05-26T20:49:52.869+0000] {processor.py:826} INFO - Processing file /home/airflow/.local/lib/python3.7/site-packages/airflow/example_dags/example_branch_operator.py for tasks to queue
[2023-05-26T20:49:52.870+0000] {logging_mixin.py:149} INFO - [2023-05-26T20:49:52.870+0000] {dagbag.py:541} INFO - Filling up the DagBag from /home/airflow/.local/lib/python3.7/site-packages/airflow/example_dags/example_branch_operator.py
[2023-05-26T20:49:52.876+0000] {processor.py:836} INFO - DAG(s) dict_keys(['example_branch_operator']) retrieved from /home/airflow/.local/lib/python3.7/site-packages/airflow/example_dags/example_branch_operator.py
[2023-05-26T20:49:52.899+0000] {logging_mixin.py:149} INFO - [2023-05-26T20:49:52.899+0000] {dag.py:2726} INFO - Sync 1 DAGs
[2023-05-26T20:49:52.915+0000] {logging_mixin.py:149} INFO - [2023-05-26T20:49:52.915+0000] {dag.py:3490} INFO - Setting next_dagrun for example_branch_operator to 2023-05-25T00:00:00+00:00, run_after=2023-05-26T00:00:00+00:00
[2023-05-26T20:49:52.927+0000] {processor.py:179} INFO - Processing /home/airflow/.local/lib/python3.7/site-packages/airflow/example_dags/example_branch_operator.py took 0.062 seconds
[2023-05-26T20:50:23.479+0000] {processor.py:157} INFO - Started process (PID=2462) to work on /home/airflow/.local/lib/python3.7/site-packages/airflow/example_dags/example_branch_operator.py
[2023-05-26T20:50:23.481+0000] {processor.py:826} INFO - Processing file /home/airflow/.local/lib/python3.7/site-packages/airflow/example_dags/example_branch_operator.py for tasks to queue
[2023-05-26T20:50:23.482+0000] {logging_mixin.py:149} INFO - [2023-05-26T20:50:23.482+0000] {dagbag.py:541} INFO - Filling up the DagBag from /home/airflow/.local/lib/python3.7/site-packages/airflow/example_dags/example_branch_operator.py
[2023-05-26T20:50:23.488+0000] {processor.py:836} INFO - DAG(s) dict_keys(['example_branch_operator']) retrieved from /home/airflow/.local/lib/python3.7/site-packages/airflow/example_dags/example_branch_operator.py
[2023-05-26T20:50:23.511+0000] {logging_mixin.py:149} INFO - [2023-05-26T20:50:23.511+0000] {dag.py:2726} INFO - Sync 1 DAGs
[2023-05-26T20:50:23.528+0000] {logging_mixin.py:149} INFO - [2023-05-26T20:50:23.528+0000] {dag.py:3490} INFO - Setting next_dagrun for example_branch_operator to 2023-05-25T00:00:00+00:00, run_after=2023-05-26T00:00:00+00:00
[2023-05-26T20:50:23.539+0000] {processor.py:179} INFO - Processing /home/airflow/.local/lib/python3.7/site-packages/airflow/example_dags/example_branch_operator.py took 0.063 seconds
[2023-05-26T20:50:53.764+0000] {processor.py:157} INFO - Started process (PID=2519) to work on /home/airflow/.local/lib/python3.7/site-packages/airflow/example_dags/example_branch_operator.py
[2023-05-26T20:50:53.767+0000] {processor.py:826} INFO - Processing file /home/airflow/.local/lib/python3.7/site-packages/airflow/example_dags/example_branch_operator.py for tasks to queue
[2023-05-26T20:50:53.768+0000] {logging_mixin.py:149} INFO - [2023-05-26T20:50:53.768+0000] {dagbag.py:541} INFO - Filling up the DagBag from /home/airflow/.local/lib/python3.7/site-packages/airflow/example_dags/example_branch_operator.py
[2023-05-26T20:50:53.776+0000] {processor.py:836} INFO - DAG(s) dict_keys(['example_branch_operator']) retrieved from /home/airflow/.local/lib/python3.7/site-packages/airflow/example_dags/example_branch_operator.py
[2023-05-26T20:50:53.797+0000] {logging_mixin.py:149} INFO - [2023-05-26T20:50:53.797+0000] {dag.py:2726} INFO - Sync 1 DAGs
[2023-05-26T20:50:53.814+0000] {logging_mixin.py:149} INFO - [2023-05-26T20:50:53.814+0000] {dag.py:3490} INFO - Setting next_dagrun for example_branch_operator to 2023-05-25T00:00:00+00:00, run_after=2023-05-26T00:00:00+00:00
[2023-05-26T20:50:53.827+0000] {processor.py:179} INFO - Processing /home/airflow/.local/lib/python3.7/site-packages/airflow/example_dags/example_branch_operator.py took 0.066 seconds
[2023-05-26T20:51:24.241+0000] {processor.py:157} INFO - Started process (PID=2575) to work on /home/airflow/.local/lib/python3.7/site-packages/airflow/example_dags/example_branch_operator.py
[2023-05-26T20:51:24.243+0000] {processor.py:826} INFO - Processing file /home/airflow/.local/lib/python3.7/site-packages/airflow/example_dags/example_branch_operator.py for tasks to queue
[2023-05-26T20:51:24.244+0000] {logging_mixin.py:149} INFO - [2023-05-26T20:51:24.244+0000] {dagbag.py:541} INFO - Filling up the DagBag from /home/airflow/.local/lib/python3.7/site-packages/airflow/example_dags/example_branch_operator.py
[2023-05-26T20:51:24.250+0000] {processor.py:836} INFO - DAG(s) dict_keys(['example_branch_operator']) retrieved from /home/airflow/.local/lib/python3.7/site-packages/airflow/example_dags/example_branch_operator.py
[2023-05-26T20:51:24.272+0000] {logging_mixin.py:149} INFO - [2023-05-26T20:51:24.272+0000] {dag.py:2726} INFO - Sync 1 DAGs
[2023-05-26T20:51:24.288+0000] {logging_mixin.py:149} INFO - [2023-05-26T20:51:24.288+0000] {dag.py:3490} INFO - Setting next_dagrun for example_branch_operator to 2023-05-25T00:00:00+00:00, run_after=2023-05-26T00:00:00+00:00
[2023-05-26T20:51:24.300+0000] {processor.py:179} INFO - Processing /home/airflow/.local/lib/python3.7/site-packages/airflow/example_dags/example_branch_operator.py took 0.062 seconds
[2023-05-26T20:51:54.892+0000] {processor.py:157} INFO - Started process (PID=2631) to work on /home/airflow/.local/lib/python3.7/site-packages/airflow/example_dags/example_branch_operator.py
[2023-05-26T20:51:54.894+0000] {processor.py:826} INFO - Processing file /home/airflow/.local/lib/python3.7/site-packages/airflow/example_dags/example_branch_operator.py for tasks to queue
[2023-05-26T20:51:54.894+0000] {logging_mixin.py:149} INFO - [2023-05-26T20:51:54.894+0000] {dagbag.py:541} INFO - Filling up the DagBag from /home/airflow/.local/lib/python3.7/site-packages/airflow/example_dags/example_branch_operator.py
[2023-05-26T20:51:54.901+0000] {processor.py:836} INFO - DAG(s) dict_keys(['example_branch_operator']) retrieved from /home/airflow/.local/lib/python3.7/site-packages/airflow/example_dags/example_branch_operator.py
[2023-05-26T20:51:54.926+0000] {logging_mixin.py:149} INFO - [2023-05-26T20:51:54.926+0000] {dag.py:2726} INFO - Sync 1 DAGs
[2023-05-26T20:51:54.944+0000] {logging_mixin.py:149} INFO - [2023-05-26T20:51:54.944+0000] {dag.py:3490} INFO - Setting next_dagrun for example_branch_operator to 2023-05-25T00:00:00+00:00, run_after=2023-05-26T00:00:00+00:00
[2023-05-26T20:51:54.956+0000] {processor.py:179} INFO - Processing /home/airflow/.local/lib/python3.7/site-packages/airflow/example_dags/example_branch_operator.py took 0.067 seconds
[2023-05-26T20:52:25.501+0000] {processor.py:157} INFO - Started process (PID=2687) to work on /home/airflow/.local/lib/python3.7/site-packages/airflow/example_dags/example_branch_operator.py
[2023-05-26T20:52:25.503+0000] {processor.py:826} INFO - Processing file /home/airflow/.local/lib/python3.7/site-packages/airflow/example_dags/example_branch_operator.py for tasks to queue
[2023-05-26T20:52:25.504+0000] {logging_mixin.py:149} INFO - [2023-05-26T20:52:25.504+0000] {dagbag.py:541} INFO - Filling up the DagBag from /home/airflow/.local/lib/python3.7/site-packages/airflow/example_dags/example_branch_operator.py
[2023-05-26T20:52:25.511+0000] {processor.py:836} INFO - DAG(s) dict_keys(['example_branch_operator']) retrieved from /home/airflow/.local/lib/python3.7/site-packages/airflow/example_dags/example_branch_operator.py
[2023-05-26T20:52:25.533+0000] {logging_mixin.py:149} INFO - [2023-05-26T20:52:25.533+0000] {dag.py:2726} INFO - Sync 1 DAGs
[2023-05-26T20:52:25.550+0000] {logging_mixin.py:149} INFO - [2023-05-26T20:52:25.549+0000] {dag.py:3490} INFO - Setting next_dagrun for example_branch_operator to 2023-05-25T00:00:00+00:00, run_after=2023-05-26T00:00:00+00:00
[2023-05-26T20:52:25.562+0000] {processor.py:179} INFO - Processing /home/airflow/.local/lib/python3.7/site-packages/airflow/example_dags/example_branch_operator.py took 0.063 seconds
[2023-05-26T20:52:56.063+0000] {processor.py:157} INFO - Started process (PID=2743) to work on /home/airflow/.local/lib/python3.7/site-packages/airflow/example_dags/example_branch_operator.py
[2023-05-26T20:52:56.065+0000] {processor.py:826} INFO - Processing file /home/airflow/.local/lib/python3.7/site-packages/airflow/example_dags/example_branch_operator.py for tasks to queue
[2023-05-26T20:52:56.066+0000] {logging_mixin.py:149} INFO - [2023-05-26T20:52:56.066+0000] {dagbag.py:541} INFO - Filling up the DagBag from /home/airflow/.local/lib/python3.7/site-packages/airflow/example_dags/example_branch_operator.py
[2023-05-26T20:52:56.073+0000] {processor.py:836} INFO - DAG(s) dict_keys(['example_branch_operator']) retrieved from /home/airflow/.local/lib/python3.7/site-packages/airflow/example_dags/example_branch_operator.py
[2023-05-26T20:52:56.094+0000] {logging_mixin.py:149} INFO - [2023-05-26T20:52:56.094+0000] {dag.py:2726} INFO - Sync 1 DAGs
[2023-05-26T20:52:56.110+0000] {logging_mixin.py:149} INFO - [2023-05-26T20:52:56.110+0000] {dag.py:3490} INFO - Setting next_dagrun for example_branch_operator to 2023-05-25T00:00:00+00:00, run_after=2023-05-26T00:00:00+00:00
[2023-05-26T20:52:56.122+0000] {processor.py:179} INFO - Processing /home/airflow/.local/lib/python3.7/site-packages/airflow/example_dags/example_branch_operator.py took 0.062 seconds
[2023-05-26T20:53:26.836+0000] {processor.py:157} INFO - Started process (PID=2799) to work on /home/airflow/.local/lib/python3.7/site-packages/airflow/example_dags/example_branch_operator.py
[2023-05-26T20:53:26.838+0000] {processor.py:826} INFO - Processing file /home/airflow/.local/lib/python3.7/site-packages/airflow/example_dags/example_branch_operator.py for tasks to queue
[2023-05-26T20:53:26.838+0000] {logging_mixin.py:149} INFO - [2023-05-26T20:53:26.838+0000] {dagbag.py:541} INFO - Filling up the DagBag from /home/airflow/.local/lib/python3.7/site-packages/airflow/example_dags/example_branch_operator.py
[2023-05-26T20:53:26.845+0000] {processor.py:836} INFO - DAG(s) dict_keys(['example_branch_operator']) retrieved from /home/airflow/.local/lib/python3.7/site-packages/airflow/example_dags/example_branch_operator.py
[2023-05-26T20:53:26.866+0000] {logging_mixin.py:149} INFO - [2023-05-26T20:53:26.866+0000] {dag.py:2726} INFO - Sync 1 DAGs
[2023-05-26T20:53:26.885+0000] {logging_mixin.py:149} INFO - [2023-05-26T20:53:26.885+0000] {dag.py:3490} INFO - Setting next_dagrun for example_branch_operator to 2023-05-25T00:00:00+00:00, run_after=2023-05-26T00:00:00+00:00
[2023-05-26T20:53:26.899+0000] {processor.py:179} INFO - Processing /home/airflow/.local/lib/python3.7/site-packages/airflow/example_dags/example_branch_operator.py took 0.066 seconds
[2023-05-26T20:53:57.447+0000] {processor.py:157} INFO - Started process (PID=2855) to work on /home/airflow/.local/lib/python3.7/site-packages/airflow/example_dags/example_branch_operator.py
[2023-05-26T20:53:57.449+0000] {processor.py:826} INFO - Processing file /home/airflow/.local/lib/python3.7/site-packages/airflow/example_dags/example_branch_operator.py for tasks to queue
[2023-05-26T20:53:57.450+0000] {logging_mixin.py:149} INFO - [2023-05-26T20:53:57.450+0000] {dagbag.py:541} INFO - Filling up the DagBag from /home/airflow/.local/lib/python3.7/site-packages/airflow/example_dags/example_branch_operator.py
[2023-05-26T20:53:57.457+0000] {processor.py:836} INFO - DAG(s) dict_keys(['example_branch_operator']) retrieved from /home/airflow/.local/lib/python3.7/site-packages/airflow/example_dags/example_branch_operator.py
[2023-05-26T20:53:57.486+0000] {logging_mixin.py:149} INFO - [2023-05-26T20:53:57.486+0000] {dag.py:2726} INFO - Sync 1 DAGs
[2023-05-26T20:53:57.504+0000] {logging_mixin.py:149} INFO - [2023-05-26T20:53:57.504+0000] {dag.py:3490} INFO - Setting next_dagrun for example_branch_operator to 2023-05-25T00:00:00+00:00, run_after=2023-05-26T00:00:00+00:00
[2023-05-26T20:53:57.519+0000] {processor.py:179} INFO - Processing /home/airflow/.local/lib/python3.7/site-packages/airflow/example_dags/example_branch_operator.py took 0.078 seconds
[2023-05-26T20:54:28.078+0000] {processor.py:157} INFO - Started process (PID=2910) to work on /home/airflow/.local/lib/python3.7/site-packages/airflow/example_dags/example_branch_operator.py
[2023-05-26T20:54:28.080+0000] {processor.py:826} INFO - Processing file /home/airflow/.local/lib/python3.7/site-packages/airflow/example_dags/example_branch_operator.py for tasks to queue
[2023-05-26T20:54:28.081+0000] {logging_mixin.py:149} INFO - [2023-05-26T20:54:28.081+0000] {dagbag.py:541} INFO - Filling up the DagBag from /home/airflow/.local/lib/python3.7/site-packages/airflow/example_dags/example_branch_operator.py
[2023-05-26T20:54:28.087+0000] {processor.py:836} INFO - DAG(s) dict_keys(['example_branch_operator']) retrieved from /home/airflow/.local/lib/python3.7/site-packages/airflow/example_dags/example_branch_operator.py
[2023-05-26T20:54:28.112+0000] {logging_mixin.py:149} INFO - [2023-05-26T20:54:28.112+0000] {dag.py:2726} INFO - Sync 1 DAGs
[2023-05-26T20:54:28.129+0000] {logging_mixin.py:149} INFO - [2023-05-26T20:54:28.129+0000] {dag.py:3490} INFO - Setting next_dagrun for example_branch_operator to 2023-05-25T00:00:00+00:00, run_after=2023-05-26T00:00:00+00:00
[2023-05-26T20:54:28.142+0000] {processor.py:179} INFO - Processing /home/airflow/.local/lib/python3.7/site-packages/airflow/example_dags/example_branch_operator.py took 0.066 seconds
[2023-05-26T20:54:58.636+0000] {processor.py:157} INFO - Started process (PID=2966) to work on /home/airflow/.local/lib/python3.7/site-packages/airflow/example_dags/example_branch_operator.py
[2023-05-26T20:54:58.638+0000] {processor.py:826} INFO - Processing file /home/airflow/.local/lib/python3.7/site-packages/airflow/example_dags/example_branch_operator.py for tasks to queue
[2023-05-26T20:54:58.639+0000] {logging_mixin.py:149} INFO - [2023-05-26T20:54:58.639+0000] {dagbag.py:541} INFO - Filling up the DagBag from /home/airflow/.local/lib/python3.7/site-packages/airflow/example_dags/example_branch_operator.py
[2023-05-26T20:54:58.646+0000] {processor.py:836} INFO - DAG(s) dict_keys(['example_branch_operator']) retrieved from /home/airflow/.local/lib/python3.7/site-packages/airflow/example_dags/example_branch_operator.py
[2023-05-26T20:54:58.667+0000] {logging_mixin.py:149} INFO - [2023-05-26T20:54:58.667+0000] {dag.py:2726} INFO - Sync 1 DAGs
[2023-05-26T20:54:58.683+0000] {logging_mixin.py:149} INFO - [2023-05-26T20:54:58.683+0000] {dag.py:3490} INFO - Setting next_dagrun for example_branch_operator to 2023-05-25T00:00:00+00:00, run_after=2023-05-26T00:00:00+00:00
[2023-05-26T20:54:58.695+0000] {processor.py:179} INFO - Processing /home/airflow/.local/lib/python3.7/site-packages/airflow/example_dags/example_branch_operator.py took 0.062 seconds
[2023-05-26T20:55:29.296+0000] {processor.py:157} INFO - Started process (PID=3030) to work on /home/airflow/.local/lib/python3.7/site-packages/airflow/example_dags/example_branch_operator.py
[2023-05-26T20:55:29.298+0000] {processor.py:826} INFO - Processing file /home/airflow/.local/lib/python3.7/site-packages/airflow/example_dags/example_branch_operator.py for tasks to queue
[2023-05-26T20:55:29.299+0000] {logging_mixin.py:149} INFO - [2023-05-26T20:55:29.299+0000] {dagbag.py:541} INFO - Filling up the DagBag from /home/airflow/.local/lib/python3.7/site-packages/airflow/example_dags/example_branch_operator.py
[2023-05-26T20:55:29.305+0000] {processor.py:836} INFO - DAG(s) dict_keys(['example_branch_operator']) retrieved from /home/airflow/.local/lib/python3.7/site-packages/airflow/example_dags/example_branch_operator.py
[2023-05-26T20:55:29.330+0000] {logging_mixin.py:149} INFO - [2023-05-26T20:55:29.330+0000] {dag.py:2726} INFO - Sync 1 DAGs
[2023-05-26T20:55:29.347+0000] {logging_mixin.py:149} INFO - [2023-05-26T20:55:29.347+0000] {dag.py:3490} INFO - Setting next_dagrun for example_branch_operator to 2023-05-25T00:00:00+00:00, run_after=2023-05-26T00:00:00+00:00
[2023-05-26T20:55:29.360+0000] {processor.py:179} INFO - Processing /home/airflow/.local/lib/python3.7/site-packages/airflow/example_dags/example_branch_operator.py took 0.067 seconds
[2023-05-26T20:56:00.009+0000] {processor.py:157} INFO - Started process (PID=3086) to work on /home/airflow/.local/lib/python3.7/site-packages/airflow/example_dags/example_branch_operator.py
[2023-05-26T20:56:00.011+0000] {processor.py:826} INFO - Processing file /home/airflow/.local/lib/python3.7/site-packages/airflow/example_dags/example_branch_operator.py for tasks to queue
[2023-05-26T20:56:00.012+0000] {logging_mixin.py:149} INFO - [2023-05-26T20:56:00.012+0000] {dagbag.py:541} INFO - Filling up the DagBag from /home/airflow/.local/lib/python3.7/site-packages/airflow/example_dags/example_branch_operator.py
[2023-05-26T20:56:00.019+0000] {processor.py:836} INFO - DAG(s) dict_keys(['example_branch_operator']) retrieved from /home/airflow/.local/lib/python3.7/site-packages/airflow/example_dags/example_branch_operator.py
[2023-05-26T20:56:00.042+0000] {logging_mixin.py:149} INFO - [2023-05-26T20:56:00.042+0000] {dag.py:2726} INFO - Sync 1 DAGs
[2023-05-26T20:56:00.058+0000] {logging_mixin.py:149} INFO - [2023-05-26T20:56:00.058+0000] {dag.py:3490} INFO - Setting next_dagrun for example_branch_operator to 2023-05-25T00:00:00+00:00, run_after=2023-05-26T00:00:00+00:00
[2023-05-26T20:56:00.070+0000] {processor.py:179} INFO - Processing /home/airflow/.local/lib/python3.7/site-packages/airflow/example_dags/example_branch_operator.py took 0.064 seconds
[2023-05-26T20:56:30.880+0000] {processor.py:157} INFO - Started process (PID=3142) to work on /home/airflow/.local/lib/python3.7/site-packages/airflow/example_dags/example_branch_operator.py
[2023-05-26T20:56:30.881+0000] {processor.py:826} INFO - Processing file /home/airflow/.local/lib/python3.7/site-packages/airflow/example_dags/example_branch_operator.py for tasks to queue
[2023-05-26T20:56:30.882+0000] {logging_mixin.py:149} INFO - [2023-05-26T20:56:30.882+0000] {dagbag.py:541} INFO - Filling up the DagBag from /home/airflow/.local/lib/python3.7/site-packages/airflow/example_dags/example_branch_operator.py
[2023-05-26T20:56:30.889+0000] {processor.py:836} INFO - DAG(s) dict_keys(['example_branch_operator']) retrieved from /home/airflow/.local/lib/python3.7/site-packages/airflow/example_dags/example_branch_operator.py
[2023-05-26T20:56:30.912+0000] {logging_mixin.py:149} INFO - [2023-05-26T20:56:30.912+0000] {dag.py:2726} INFO - Sync 1 DAGs
[2023-05-26T20:56:30.929+0000] {logging_mixin.py:149} INFO - [2023-05-26T20:56:30.929+0000] {dag.py:3490} INFO - Setting next_dagrun for example_branch_operator to 2023-05-25T00:00:00+00:00, run_after=2023-05-26T00:00:00+00:00
[2023-05-26T20:56:30.940+0000] {processor.py:179} INFO - Processing /home/airflow/.local/lib/python3.7/site-packages/airflow/example_dags/example_branch_operator.py took 0.063 seconds
[2023-05-26T20:57:01.484+0000] {processor.py:157} INFO - Started process (PID=3198) to work on /home/airflow/.local/lib/python3.7/site-packages/airflow/example_dags/example_branch_operator.py
[2023-05-26T20:57:01.486+0000] {processor.py:826} INFO - Processing file /home/airflow/.local/lib/python3.7/site-packages/airflow/example_dags/example_branch_operator.py for tasks to queue
[2023-05-26T20:57:01.487+0000] {logging_mixin.py:149} INFO - [2023-05-26T20:57:01.487+0000] {dagbag.py:541} INFO - Filling up the DagBag from /home/airflow/.local/lib/python3.7/site-packages/airflow/example_dags/example_branch_operator.py
[2023-05-26T20:57:01.494+0000] {processor.py:836} INFO - DAG(s) dict_keys(['example_branch_operator']) retrieved from /home/airflow/.local/lib/python3.7/site-packages/airflow/example_dags/example_branch_operator.py
[2023-05-26T20:57:01.516+0000] {logging_mixin.py:149} INFO - [2023-05-26T20:57:01.516+0000] {dag.py:2726} INFO - Sync 1 DAGs
[2023-05-26T20:57:01.531+0000] {logging_mixin.py:149} INFO - [2023-05-26T20:57:01.531+0000] {dag.py:3490} INFO - Setting next_dagrun for example_branch_operator to 2023-05-25T00:00:00+00:00, run_after=2023-05-26T00:00:00+00:00
[2023-05-26T20:57:01.542+0000] {processor.py:179} INFO - Processing /home/airflow/.local/lib/python3.7/site-packages/airflow/example_dags/example_branch_operator.py took 0.061 seconds
[2023-05-26T20:57:32.957+0000] {processor.py:157} INFO - Started process (PID=3254) to work on /home/airflow/.local/lib/python3.7/site-packages/airflow/example_dags/example_branch_operator.py
[2023-05-26T20:57:32.959+0000] {processor.py:826} INFO - Processing file /home/airflow/.local/lib/python3.7/site-packages/airflow/example_dags/example_branch_operator.py for tasks to queue
[2023-05-26T20:57:32.960+0000] {logging_mixin.py:149} INFO - [2023-05-26T20:57:32.960+0000] {dagbag.py:541} INFO - Filling up the DagBag from /home/airflow/.local/lib/python3.7/site-packages/airflow/example_dags/example_branch_operator.py
[2023-05-26T20:57:32.968+0000] {processor.py:836} INFO - DAG(s) dict_keys(['example_branch_operator']) retrieved from /home/airflow/.local/lib/python3.7/site-packages/airflow/example_dags/example_branch_operator.py
[2023-05-26T20:57:32.991+0000] {logging_mixin.py:149} INFO - [2023-05-26T20:57:32.991+0000] {dag.py:2726} INFO - Sync 1 DAGs
[2023-05-26T20:57:33.010+0000] {logging_mixin.py:149} INFO - [2023-05-26T20:57:33.010+0000] {dag.py:3490} INFO - Setting next_dagrun for example_branch_operator to 2023-05-25T00:00:00+00:00, run_after=2023-05-26T00:00:00+00:00
[2023-05-26T20:57:33.023+0000] {processor.py:179} INFO - Processing /home/airflow/.local/lib/python3.7/site-packages/airflow/example_dags/example_branch_operator.py took 0.069 seconds
[2023-05-26T21:01:24.424+0000] {processor.py:157} INFO - Started process (PID=3295) to work on /home/airflow/.local/lib/python3.7/site-packages/airflow/example_dags/example_branch_operator.py
[2023-05-26T21:01:24.425+0000] {processor.py:826} INFO - Processing file /home/airflow/.local/lib/python3.7/site-packages/airflow/example_dags/example_branch_operator.py for tasks to queue
[2023-05-26T21:01:24.426+0000] {logging_mixin.py:149} INFO - [2023-05-26T21:01:24.426+0000] {dagbag.py:541} INFO - Filling up the DagBag from /home/airflow/.local/lib/python3.7/site-packages/airflow/example_dags/example_branch_operator.py
[2023-05-26T21:01:24.438+0000] {processor.py:836} INFO - DAG(s) dict_keys(['example_branch_operator']) retrieved from /home/airflow/.local/lib/python3.7/site-packages/airflow/example_dags/example_branch_operator.py
[2023-05-26T21:01:24.459+0000] {logging_mixin.py:149} INFO - [2023-05-26T21:01:24.459+0000] {dag.py:2726} INFO - Sync 1 DAGs
[2023-05-26T21:01:24.476+0000] {logging_mixin.py:149} INFO - [2023-05-26T21:01:24.476+0000] {dag.py:3490} INFO - Setting next_dagrun for example_branch_operator to 2023-05-25T00:00:00+00:00, run_after=2023-05-26T00:00:00+00:00
[2023-05-26T21:01:24.489+0000] {processor.py:179} INFO - Processing /home/airflow/.local/lib/python3.7/site-packages/airflow/example_dags/example_branch_operator.py took 0.068 seconds
[2023-05-26T21:01:55.272+0000] {processor.py:157} INFO - Started process (PID=3351) to work on /home/airflow/.local/lib/python3.7/site-packages/airflow/example_dags/example_branch_operator.py
[2023-05-26T21:01:55.274+0000] {processor.py:826} INFO - Processing file /home/airflow/.local/lib/python3.7/site-packages/airflow/example_dags/example_branch_operator.py for tasks to queue
[2023-05-26T21:01:55.275+0000] {logging_mixin.py:149} INFO - [2023-05-26T21:01:55.275+0000] {dagbag.py:541} INFO - Filling up the DagBag from /home/airflow/.local/lib/python3.7/site-packages/airflow/example_dags/example_branch_operator.py
[2023-05-26T21:01:55.290+0000] {processor.py:836} INFO - DAG(s) dict_keys(['example_branch_operator']) retrieved from /home/airflow/.local/lib/python3.7/site-packages/airflow/example_dags/example_branch_operator.py
[2023-05-26T21:01:55.318+0000] {logging_mixin.py:149} INFO - [2023-05-26T21:01:55.318+0000] {dag.py:2726} INFO - Sync 1 DAGs
[2023-05-26T21:01:55.352+0000] {logging_mixin.py:149} INFO - [2023-05-26T21:01:55.352+0000] {dag.py:3490} INFO - Setting next_dagrun for example_branch_operator to 2023-05-25T00:00:00+00:00, run_after=2023-05-26T00:00:00+00:00
[2023-05-26T21:01:55.442+0000] {processor.py:179} INFO - Processing /home/airflow/.local/lib/python3.7/site-packages/airflow/example_dags/example_branch_operator.py took 0.172 seconds
[2023-05-26T21:02:25.725+0000] {processor.py:157} INFO - Started process (PID=3407) to work on /home/airflow/.local/lib/python3.7/site-packages/airflow/example_dags/example_branch_operator.py
[2023-05-26T21:02:25.727+0000] {processor.py:826} INFO - Processing file /home/airflow/.local/lib/python3.7/site-packages/airflow/example_dags/example_branch_operator.py for tasks to queue
[2023-05-26T21:02:25.728+0000] {logging_mixin.py:149} INFO - [2023-05-26T21:02:25.727+0000] {dagbag.py:541} INFO - Filling up the DagBag from /home/airflow/.local/lib/python3.7/site-packages/airflow/example_dags/example_branch_operator.py
[2023-05-26T21:02:25.735+0000] {processor.py:836} INFO - DAG(s) dict_keys(['example_branch_operator']) retrieved from /home/airflow/.local/lib/python3.7/site-packages/airflow/example_dags/example_branch_operator.py
[2023-05-26T21:02:25.756+0000] {logging_mixin.py:149} INFO - [2023-05-26T21:02:25.756+0000] {dag.py:2726} INFO - Sync 1 DAGs
[2023-05-26T21:02:25.771+0000] {logging_mixin.py:149} INFO - [2023-05-26T21:02:25.771+0000] {dag.py:3490} INFO - Setting next_dagrun for example_branch_operator to 2023-05-25T00:00:00+00:00, run_after=2023-05-26T00:00:00+00:00
[2023-05-26T21:02:25.783+0000] {processor.py:179} INFO - Processing /home/airflow/.local/lib/python3.7/site-packages/airflow/example_dags/example_branch_operator.py took 0.061 seconds
[2023-05-26T21:02:56.384+0000] {processor.py:157} INFO - Started process (PID=3463) to work on /home/airflow/.local/lib/python3.7/site-packages/airflow/example_dags/example_branch_operator.py
[2023-05-26T21:02:56.386+0000] {processor.py:826} INFO - Processing file /home/airflow/.local/lib/python3.7/site-packages/airflow/example_dags/example_branch_operator.py for tasks to queue
[2023-05-26T21:02:56.387+0000] {logging_mixin.py:149} INFO - [2023-05-26T21:02:56.387+0000] {dagbag.py:541} INFO - Filling up the DagBag from /home/airflow/.local/lib/python3.7/site-packages/airflow/example_dags/example_branch_operator.py
[2023-05-26T21:02:56.394+0000] {processor.py:836} INFO - DAG(s) dict_keys(['example_branch_operator']) retrieved from /home/airflow/.local/lib/python3.7/site-packages/airflow/example_dags/example_branch_operator.py
[2023-05-26T21:02:56.415+0000] {logging_mixin.py:149} INFO - [2023-05-26T21:02:56.415+0000] {dag.py:2726} INFO - Sync 1 DAGs
[2023-05-26T21:02:56.432+0000] {logging_mixin.py:149} INFO - [2023-05-26T21:02:56.432+0000] {dag.py:3490} INFO - Setting next_dagrun for example_branch_operator to 2023-05-25T00:00:00+00:00, run_after=2023-05-26T00:00:00+00:00
[2023-05-26T21:02:56.443+0000] {processor.py:179} INFO - Processing /home/airflow/.local/lib/python3.7/site-packages/airflow/example_dags/example_branch_operator.py took 0.062 seconds
[2023-05-26T21:03:27.097+0000] {processor.py:157} INFO - Started process (PID=3519) to work on /home/airflow/.local/lib/python3.7/site-packages/airflow/example_dags/example_branch_operator.py
[2023-05-26T21:03:27.099+0000] {processor.py:826} INFO - Processing file /home/airflow/.local/lib/python3.7/site-packages/airflow/example_dags/example_branch_operator.py for tasks to queue
[2023-05-26T21:03:27.100+0000] {logging_mixin.py:149} INFO - [2023-05-26T21:03:27.100+0000] {dagbag.py:541} INFO - Filling up the DagBag from /home/airflow/.local/lib/python3.7/site-packages/airflow/example_dags/example_branch_operator.py
[2023-05-26T21:03:27.107+0000] {processor.py:836} INFO - DAG(s) dict_keys(['example_branch_operator']) retrieved from /home/airflow/.local/lib/python3.7/site-packages/airflow/example_dags/example_branch_operator.py
[2023-05-26T21:03:27.129+0000] {logging_mixin.py:149} INFO - [2023-05-26T21:03:27.129+0000] {dag.py:2726} INFO - Sync 1 DAGs
[2023-05-26T21:03:27.146+0000] {logging_mixin.py:149} INFO - [2023-05-26T21:03:27.145+0000] {dag.py:3490} INFO - Setting next_dagrun for example_branch_operator to 2023-05-25T00:00:00+00:00, run_after=2023-05-26T00:00:00+00:00
[2023-05-26T21:03:27.158+0000] {processor.py:179} INFO - Processing /home/airflow/.local/lib/python3.7/site-packages/airflow/example_dags/example_branch_operator.py took 0.064 seconds
[2023-05-26T21:03:57.771+0000] {processor.py:157} INFO - Started process (PID=3576) to work on /home/airflow/.local/lib/python3.7/site-packages/airflow/example_dags/example_branch_operator.py
[2023-05-26T21:03:57.773+0000] {processor.py:826} INFO - Processing file /home/airflow/.local/lib/python3.7/site-packages/airflow/example_dags/example_branch_operator.py for tasks to queue
[2023-05-26T21:03:57.774+0000] {logging_mixin.py:149} INFO - [2023-05-26T21:03:57.774+0000] {dagbag.py:541} INFO - Filling up the DagBag from /home/airflow/.local/lib/python3.7/site-packages/airflow/example_dags/example_branch_operator.py
[2023-05-26T21:03:57.781+0000] {processor.py:836} INFO - DAG(s) dict_keys(['example_branch_operator']) retrieved from /home/airflow/.local/lib/python3.7/site-packages/airflow/example_dags/example_branch_operator.py
[2023-05-26T21:03:57.804+0000] {logging_mixin.py:149} INFO - [2023-05-26T21:03:57.804+0000] {dag.py:2726} INFO - Sync 1 DAGs
[2023-05-26T21:03:57.822+0000] {logging_mixin.py:149} INFO - [2023-05-26T21:03:57.822+0000] {dag.py:3490} INFO - Setting next_dagrun for example_branch_operator to 2023-05-25T00:00:00+00:00, run_after=2023-05-26T00:00:00+00:00
[2023-05-26T21:03:57.835+0000] {processor.py:179} INFO - Processing /home/airflow/.local/lib/python3.7/site-packages/airflow/example_dags/example_branch_operator.py took 0.068 seconds
[2023-05-26T21:04:27.900+0000] {processor.py:157} INFO - Started process (PID=3632) to work on /home/airflow/.local/lib/python3.7/site-packages/airflow/example_dags/example_branch_operator.py
[2023-05-26T21:04:27.902+0000] {processor.py:826} INFO - Processing file /home/airflow/.local/lib/python3.7/site-packages/airflow/example_dags/example_branch_operator.py for tasks to queue
[2023-05-26T21:04:27.903+0000] {logging_mixin.py:149} INFO - [2023-05-26T21:04:27.903+0000] {dagbag.py:541} INFO - Filling up the DagBag from /home/airflow/.local/lib/python3.7/site-packages/airflow/example_dags/example_branch_operator.py
[2023-05-26T21:04:27.909+0000] {processor.py:836} INFO - DAG(s) dict_keys(['example_branch_operator']) retrieved from /home/airflow/.local/lib/python3.7/site-packages/airflow/example_dags/example_branch_operator.py
[2023-05-26T21:04:27.929+0000] {logging_mixin.py:149} INFO - [2023-05-26T21:04:27.928+0000] {dag.py:2726} INFO - Sync 1 DAGs
[2023-05-26T21:04:27.944+0000] {logging_mixin.py:149} INFO - [2023-05-26T21:04:27.944+0000] {dag.py:3490} INFO - Setting next_dagrun for example_branch_operator to 2023-05-25T00:00:00+00:00, run_after=2023-05-26T00:00:00+00:00
[2023-05-26T21:04:27.955+0000] {processor.py:179} INFO - Processing /home/airflow/.local/lib/python3.7/site-packages/airflow/example_dags/example_branch_operator.py took 0.058 seconds
[2023-05-26T21:05:01.491+0000] {processor.py:157} INFO - Started process (PID=49) to work on /home/airflow/.local/lib/python3.7/site-packages/airflow/example_dags/example_branch_operator.py
[2023-05-26T21:05:01.494+0000] {processor.py:826} INFO - Processing file /home/airflow/.local/lib/python3.7/site-packages/airflow/example_dags/example_branch_operator.py for tasks to queue
[2023-05-26T21:05:01.495+0000] {logging_mixin.py:149} INFO - [2023-05-26T21:05:01.495+0000] {dagbag.py:541} INFO - Filling up the DagBag from /home/airflow/.local/lib/python3.7/site-packages/airflow/example_dags/example_branch_operator.py
[2023-05-26T21:05:01.512+0000] {processor.py:836} INFO - DAG(s) dict_keys(['example_branch_operator']) retrieved from /home/airflow/.local/lib/python3.7/site-packages/airflow/example_dags/example_branch_operator.py
[2023-05-26T21:05:01.550+0000] {logging_mixin.py:149} INFO - [2023-05-26T21:05:01.550+0000] {dag.py:2726} INFO - Sync 1 DAGs
[2023-05-26T21:05:01.589+0000] {logging_mixin.py:149} INFO - [2023-05-26T21:05:01.589+0000] {dag.py:3490} INFO - Setting next_dagrun for example_branch_operator to 2023-05-25T00:00:00+00:00, run_after=2023-05-26T00:00:00+00:00
[2023-05-26T21:05:01.611+0000] {processor.py:179} INFO - Processing /home/airflow/.local/lib/python3.7/site-packages/airflow/example_dags/example_branch_operator.py took 0.123 seconds
[2023-05-26T21:05:32.579+0000] {processor.py:157} INFO - Started process (PID=105) to work on /home/airflow/.local/lib/python3.7/site-packages/airflow/example_dags/example_branch_operator.py
[2023-05-26T21:05:32.581+0000] {processor.py:826} INFO - Processing file /home/airflow/.local/lib/python3.7/site-packages/airflow/example_dags/example_branch_operator.py for tasks to queue
[2023-05-26T21:05:32.582+0000] {logging_mixin.py:149} INFO - [2023-05-26T21:05:32.582+0000] {dagbag.py:541} INFO - Filling up the DagBag from /home/airflow/.local/lib/python3.7/site-packages/airflow/example_dags/example_branch_operator.py
[2023-05-26T21:05:32.589+0000] {processor.py:836} INFO - DAG(s) dict_keys(['example_branch_operator']) retrieved from /home/airflow/.local/lib/python3.7/site-packages/airflow/example_dags/example_branch_operator.py
[2023-05-26T21:05:32.612+0000] {logging_mixin.py:149} INFO - [2023-05-26T21:05:32.611+0000] {dag.py:2726} INFO - Sync 1 DAGs
[2023-05-26T21:05:32.629+0000] {logging_mixin.py:149} INFO - [2023-05-26T21:05:32.628+0000] {dag.py:3490} INFO - Setting next_dagrun for example_branch_operator to 2023-05-25T00:00:00+00:00, run_after=2023-05-26T00:00:00+00:00
[2023-05-26T21:05:32.642+0000] {processor.py:179} INFO - Processing /home/airflow/.local/lib/python3.7/site-packages/airflow/example_dags/example_branch_operator.py took 0.067 seconds
[2023-05-26T21:06:03.156+0000] {processor.py:157} INFO - Started process (PID=161) to work on /home/airflow/.local/lib/python3.7/site-packages/airflow/example_dags/example_branch_operator.py
[2023-05-26T21:06:03.158+0000] {processor.py:826} INFO - Processing file /home/airflow/.local/lib/python3.7/site-packages/airflow/example_dags/example_branch_operator.py for tasks to queue
[2023-05-26T21:06:03.159+0000] {logging_mixin.py:149} INFO - [2023-05-26T21:06:03.159+0000] {dagbag.py:541} INFO - Filling up the DagBag from /home/airflow/.local/lib/python3.7/site-packages/airflow/example_dags/example_branch_operator.py
[2023-05-26T21:06:03.166+0000] {processor.py:836} INFO - DAG(s) dict_keys(['example_branch_operator']) retrieved from /home/airflow/.local/lib/python3.7/site-packages/airflow/example_dags/example_branch_operator.py
[2023-05-26T21:06:03.189+0000] {logging_mixin.py:149} INFO - [2023-05-26T21:06:03.189+0000] {dag.py:2726} INFO - Sync 1 DAGs
[2023-05-26T21:06:03.206+0000] {logging_mixin.py:149} INFO - [2023-05-26T21:06:03.206+0000] {dag.py:3490} INFO - Setting next_dagrun for example_branch_operator to 2023-05-25T00:00:00+00:00, run_after=2023-05-26T00:00:00+00:00
[2023-05-26T21:06:03.218+0000] {processor.py:179} INFO - Processing /home/airflow/.local/lib/python3.7/site-packages/airflow/example_dags/example_branch_operator.py took 0.066 seconds
[2023-05-26T21:06:36.657+0000] {processor.py:157} INFO - Started process (PID=217) to work on /home/airflow/.local/lib/python3.7/site-packages/airflow/example_dags/example_branch_operator.py
[2023-05-26T21:06:37.483+0000] {processor.py:826} INFO - Processing file /home/airflow/.local/lib/python3.7/site-packages/airflow/example_dags/example_branch_operator.py for tasks to queue
[2023-05-26T21:06:37.518+0000] {logging_mixin.py:149} INFO - [2023-05-26T21:06:37.517+0000] {dagbag.py:541} INFO - Filling up the DagBag from /home/airflow/.local/lib/python3.7/site-packages/airflow/example_dags/example_branch_operator.py
[2023-05-26T21:06:37.529+0000] {processor.py:836} INFO - DAG(s) dict_keys(['example_branch_operator']) retrieved from /home/airflow/.local/lib/python3.7/site-packages/airflow/example_dags/example_branch_operator.py
[2023-05-26T21:06:37.562+0000] {logging_mixin.py:149} INFO - [2023-05-26T21:06:37.562+0000] {dag.py:2726} INFO - Sync 1 DAGs
[2023-05-26T21:06:37.580+0000] {logging_mixin.py:149} INFO - [2023-05-26T21:06:37.580+0000] {dag.py:3490} INFO - Setting next_dagrun for example_branch_operator to 2023-05-25T00:00:00+00:00, run_after=2023-05-26T00:00:00+00:00
[2023-05-26T21:06:37.592+0000] {processor.py:179} INFO - Processing /home/airflow/.local/lib/python3.7/site-packages/airflow/example_dags/example_branch_operator.py took 0.937 seconds
[2023-05-26T21:07:08.590+0000] {processor.py:157} INFO - Started process (PID=274) to work on /home/airflow/.local/lib/python3.7/site-packages/airflow/example_dags/example_branch_operator.py
[2023-05-26T21:07:08.593+0000] {processor.py:826} INFO - Processing file /home/airflow/.local/lib/python3.7/site-packages/airflow/example_dags/example_branch_operator.py for tasks to queue
[2023-05-26T21:07:08.594+0000] {logging_mixin.py:149} INFO - [2023-05-26T21:07:08.594+0000] {dagbag.py:541} INFO - Filling up the DagBag from /home/airflow/.local/lib/python3.7/site-packages/airflow/example_dags/example_branch_operator.py
[2023-05-26T21:07:08.607+0000] {processor.py:836} INFO - DAG(s) dict_keys(['example_branch_operator']) retrieved from /home/airflow/.local/lib/python3.7/site-packages/airflow/example_dags/example_branch_operator.py
[2023-05-26T21:07:08.631+0000] {logging_mixin.py:149} INFO - [2023-05-26T21:07:08.631+0000] {dag.py:2726} INFO - Sync 1 DAGs
[2023-05-26T21:07:08.647+0000] {logging_mixin.py:149} INFO - [2023-05-26T21:07:08.647+0000] {dag.py:3490} INFO - Setting next_dagrun for example_branch_operator to 2023-05-25T00:00:00+00:00, run_after=2023-05-26T00:00:00+00:00
[2023-05-26T21:07:08.660+0000] {processor.py:179} INFO - Processing /home/airflow/.local/lib/python3.7/site-packages/airflow/example_dags/example_branch_operator.py took 0.076 seconds
[2023-05-26T21:07:39.288+0000] {processor.py:157} INFO - Started process (PID=330) to work on /home/airflow/.local/lib/python3.7/site-packages/airflow/example_dags/example_branch_operator.py
[2023-05-26T21:07:39.290+0000] {processor.py:826} INFO - Processing file /home/airflow/.local/lib/python3.7/site-packages/airflow/example_dags/example_branch_operator.py for tasks to queue
[2023-05-26T21:07:39.292+0000] {logging_mixin.py:149} INFO - [2023-05-26T21:07:39.292+0000] {dagbag.py:541} INFO - Filling up the DagBag from /home/airflow/.local/lib/python3.7/site-packages/airflow/example_dags/example_branch_operator.py
[2023-05-26T21:07:39.304+0000] {processor.py:836} INFO - DAG(s) dict_keys(['example_branch_operator']) retrieved from /home/airflow/.local/lib/python3.7/site-packages/airflow/example_dags/example_branch_operator.py
[2023-05-26T21:07:39.327+0000] {logging_mixin.py:149} INFO - [2023-05-26T21:07:39.327+0000] {dag.py:2726} INFO - Sync 1 DAGs
[2023-05-26T21:07:39.343+0000] {logging_mixin.py:149} INFO - [2023-05-26T21:07:39.343+0000] {dag.py:3490} INFO - Setting next_dagrun for example_branch_operator to 2023-05-25T00:00:00+00:00, run_after=2023-05-26T00:00:00+00:00
[2023-05-26T21:07:39.356+0000] {processor.py:179} INFO - Processing /home/airflow/.local/lib/python3.7/site-packages/airflow/example_dags/example_branch_operator.py took 0.074 seconds
[2023-05-26T21:08:09.709+0000] {processor.py:157} INFO - Started process (PID=386) to work on /home/airflow/.local/lib/python3.7/site-packages/airflow/example_dags/example_branch_operator.py
[2023-05-26T21:08:09.712+0000] {processor.py:826} INFO - Processing file /home/airflow/.local/lib/python3.7/site-packages/airflow/example_dags/example_branch_operator.py for tasks to queue
[2023-05-26T21:08:09.715+0000] {logging_mixin.py:149} INFO - [2023-05-26T21:08:09.714+0000] {dagbag.py:541} INFO - Filling up the DagBag from /home/airflow/.local/lib/python3.7/site-packages/airflow/example_dags/example_branch_operator.py
[2023-05-26T21:08:09.728+0000] {processor.py:836} INFO - DAG(s) dict_keys(['example_branch_operator']) retrieved from /home/airflow/.local/lib/python3.7/site-packages/airflow/example_dags/example_branch_operator.py
[2023-05-26T21:08:09.753+0000] {logging_mixin.py:149} INFO - [2023-05-26T21:08:09.753+0000] {dag.py:2726} INFO - Sync 1 DAGs
[2023-05-26T21:08:09.769+0000] {logging_mixin.py:149} INFO - [2023-05-26T21:08:09.769+0000] {dag.py:3490} INFO - Setting next_dagrun for example_branch_operator to 2023-05-25T00:00:00+00:00, run_after=2023-05-26T00:00:00+00:00
[2023-05-26T21:08:09.780+0000] {processor.py:179} INFO - Processing /home/airflow/.local/lib/python3.7/site-packages/airflow/example_dags/example_branch_operator.py took 0.078 seconds
