[2023-05-26T20:28:34.743+0000] {processor.py:157} INFO - Started process (PID=62) to work on /home/airflow/.local/lib/python3.7/site-packages/airflow/example_dags/example_latest_only.py
[2023-05-26T20:28:34.749+0000] {processor.py:826} INFO - Processing file /home/airflow/.local/lib/python3.7/site-packages/airflow/example_dags/example_latest_only.py for tasks to queue
[2023-05-26T20:28:34.752+0000] {logging_mixin.py:149} INFO - [2023-05-26T20:28:34.752+0000] {dagbag.py:541} INFO - Filling up the DagBag from /home/airflow/.local/lib/python3.7/site-packages/airflow/example_dags/example_latest_only.py
[2023-05-26T20:28:34.766+0000] {processor.py:836} INFO - DAG(s) dict_keys(['latest_only']) retrieved from /home/airflow/.local/lib/python3.7/site-packages/airflow/example_dags/example_latest_only.py
[2023-05-26T20:28:35.012+0000] {logging_mixin.py:149} INFO - [2023-05-26T20:28:35.012+0000] {manager.py:504} INFO - Created Permission View: can delete on DAG:latest_only
[2023-05-26T20:28:35.020+0000] {logging_mixin.py:149} INFO - [2023-05-26T20:28:35.020+0000] {manager.py:504} INFO - Created Permission View: can read on DAG:latest_only
[2023-05-26T20:28:35.025+0000] {logging_mixin.py:149} INFO - [2023-05-26T20:28:35.025+0000] {manager.py:504} INFO - Created Permission View: can edit on DAG:latest_only
[2023-05-26T20:28:35.026+0000] {logging_mixin.py:149} INFO - [2023-05-26T20:28:35.026+0000] {dag.py:2726} INFO - Sync 1 DAGs
[2023-05-26T20:28:35.045+0000] {logging_mixin.py:149} INFO - [2023-05-26T20:28:35.045+0000] {dag.py:2747} INFO - Creating ORM DAG for latest_only
[2023-05-26T20:28:35.070+0000] {logging_mixin.py:149} INFO - [2023-05-26T20:28:35.069+0000] {dag.py:3490} INFO - Setting next_dagrun for latest_only to 2023-05-26T16:28:35.069512+00:00, run_after=2023-05-26T20:28:35.069512+00:00
[2023-05-26T20:28:35.094+0000] {processor.py:179} INFO - Processing /home/airflow/.local/lib/python3.7/site-packages/airflow/example_dags/example_latest_only.py took 0.354 seconds
[2023-05-26T20:29:05.419+0000] {processor.py:157} INFO - Started process (PID=117) to work on /home/airflow/.local/lib/python3.7/site-packages/airflow/example_dags/example_latest_only.py
[2023-05-26T20:29:05.420+0000] {processor.py:826} INFO - Processing file /home/airflow/.local/lib/python3.7/site-packages/airflow/example_dags/example_latest_only.py for tasks to queue
[2023-05-26T20:29:05.421+0000] {logging_mixin.py:149} INFO - [2023-05-26T20:29:05.421+0000] {dagbag.py:541} INFO - Filling up the DagBag from /home/airflow/.local/lib/python3.7/site-packages/airflow/example_dags/example_latest_only.py
[2023-05-26T20:29:05.426+0000] {processor.py:836} INFO - DAG(s) dict_keys(['latest_only']) retrieved from /home/airflow/.local/lib/python3.7/site-packages/airflow/example_dags/example_latest_only.py
[2023-05-26T20:29:05.445+0000] {logging_mixin.py:149} INFO - [2023-05-26T20:29:05.445+0000] {dag.py:2726} INFO - Sync 1 DAGs
[2023-05-26T20:29:05.461+0000] {logging_mixin.py:149} INFO - [2023-05-26T20:29:05.460+0000] {dag.py:3490} INFO - Setting next_dagrun for latest_only to 2023-05-26T16:29:05.460780+00:00, run_after=2023-05-26T20:29:05.460780+00:00
[2023-05-26T20:29:05.473+0000] {processor.py:179} INFO - Processing /home/airflow/.local/lib/python3.7/site-packages/airflow/example_dags/example_latest_only.py took 0.057 seconds
[2023-05-26T20:29:36.235+0000] {processor.py:157} INFO - Started process (PID=173) to work on /home/airflow/.local/lib/python3.7/site-packages/airflow/example_dags/example_latest_only.py
[2023-05-26T20:29:36.237+0000] {processor.py:826} INFO - Processing file /home/airflow/.local/lib/python3.7/site-packages/airflow/example_dags/example_latest_only.py for tasks to queue
[2023-05-26T20:29:36.238+0000] {logging_mixin.py:149} INFO - [2023-05-26T20:29:36.238+0000] {dagbag.py:541} INFO - Filling up the DagBag from /home/airflow/.local/lib/python3.7/site-packages/airflow/example_dags/example_latest_only.py
[2023-05-26T20:29:36.243+0000] {processor.py:836} INFO - DAG(s) dict_keys(['latest_only']) retrieved from /home/airflow/.local/lib/python3.7/site-packages/airflow/example_dags/example_latest_only.py
[2023-05-26T20:29:36.264+0000] {logging_mixin.py:149} INFO - [2023-05-26T20:29:36.263+0000] {dag.py:2726} INFO - Sync 1 DAGs
[2023-05-26T20:29:36.280+0000] {logging_mixin.py:149} INFO - [2023-05-26T20:29:36.280+0000] {dag.py:3490} INFO - Setting next_dagrun for latest_only to 2023-05-26T16:29:36.279943+00:00, run_after=2023-05-26T20:29:36.279943+00:00
[2023-05-26T20:29:36.292+0000] {processor.py:179} INFO - Processing /home/airflow/.local/lib/python3.7/site-packages/airflow/example_dags/example_latest_only.py took 0.060 seconds
[2023-05-26T20:30:06.618+0000] {processor.py:157} INFO - Started process (PID=229) to work on /home/airflow/.local/lib/python3.7/site-packages/airflow/example_dags/example_latest_only.py
[2023-05-26T20:30:06.620+0000] {processor.py:826} INFO - Processing file /home/airflow/.local/lib/python3.7/site-packages/airflow/example_dags/example_latest_only.py for tasks to queue
[2023-05-26T20:30:06.621+0000] {logging_mixin.py:149} INFO - [2023-05-26T20:30:06.621+0000] {dagbag.py:541} INFO - Filling up the DagBag from /home/airflow/.local/lib/python3.7/site-packages/airflow/example_dags/example_latest_only.py
[2023-05-26T20:30:06.626+0000] {processor.py:836} INFO - DAG(s) dict_keys(['latest_only']) retrieved from /home/airflow/.local/lib/python3.7/site-packages/airflow/example_dags/example_latest_only.py
[2023-05-26T20:30:06.645+0000] {logging_mixin.py:149} INFO - [2023-05-26T20:30:06.645+0000] {dag.py:2726} INFO - Sync 1 DAGs
[2023-05-26T20:30:06.660+0000] {logging_mixin.py:149} INFO - [2023-05-26T20:30:06.660+0000] {dag.py:3490} INFO - Setting next_dagrun for latest_only to 2023-05-26T16:30:06.660033+00:00, run_after=2023-05-26T20:30:06.660033+00:00
[2023-05-26T20:30:06.671+0000] {processor.py:179} INFO - Processing /home/airflow/.local/lib/python3.7/site-packages/airflow/example_dags/example_latest_only.py took 0.055 seconds
[2023-05-26T20:30:36.935+0000] {processor.py:157} INFO - Started process (PID=285) to work on /home/airflow/.local/lib/python3.7/site-packages/airflow/example_dags/example_latest_only.py
[2023-05-26T20:30:36.936+0000] {processor.py:826} INFO - Processing file /home/airflow/.local/lib/python3.7/site-packages/airflow/example_dags/example_latest_only.py for tasks to queue
[2023-05-26T20:30:36.937+0000] {logging_mixin.py:149} INFO - [2023-05-26T20:30:36.937+0000] {dagbag.py:541} INFO - Filling up the DagBag from /home/airflow/.local/lib/python3.7/site-packages/airflow/example_dags/example_latest_only.py
[2023-05-26T20:30:36.942+0000] {processor.py:836} INFO - DAG(s) dict_keys(['latest_only']) retrieved from /home/airflow/.local/lib/python3.7/site-packages/airflow/example_dags/example_latest_only.py
[2023-05-26T20:30:36.961+0000] {logging_mixin.py:149} INFO - [2023-05-26T20:30:36.961+0000] {dag.py:2726} INFO - Sync 1 DAGs
[2023-05-26T20:30:36.977+0000] {logging_mixin.py:149} INFO - [2023-05-26T20:30:36.977+0000] {dag.py:3490} INFO - Setting next_dagrun for latest_only to 2023-05-26T16:30:36.976880+00:00, run_after=2023-05-26T20:30:36.976880+00:00
[2023-05-26T20:30:36.988+0000] {processor.py:179} INFO - Processing /home/airflow/.local/lib/python3.7/site-packages/airflow/example_dags/example_latest_only.py took 0.056 seconds
[2023-05-26T20:31:07.571+0000] {processor.py:157} INFO - Started process (PID=341) to work on /home/airflow/.local/lib/python3.7/site-packages/airflow/example_dags/example_latest_only.py
[2023-05-26T20:31:07.573+0000] {processor.py:826} INFO - Processing file /home/airflow/.local/lib/python3.7/site-packages/airflow/example_dags/example_latest_only.py for tasks to queue
[2023-05-26T20:31:07.574+0000] {logging_mixin.py:149} INFO - [2023-05-26T20:31:07.574+0000] {dagbag.py:541} INFO - Filling up the DagBag from /home/airflow/.local/lib/python3.7/site-packages/airflow/example_dags/example_latest_only.py
[2023-05-26T20:31:07.580+0000] {processor.py:836} INFO - DAG(s) dict_keys(['latest_only']) retrieved from /home/airflow/.local/lib/python3.7/site-packages/airflow/example_dags/example_latest_only.py
[2023-05-26T20:31:07.606+0000] {logging_mixin.py:149} INFO - [2023-05-26T20:31:07.605+0000] {dag.py:2726} INFO - Sync 1 DAGs
[2023-05-26T20:31:07.634+0000] {logging_mixin.py:149} INFO - [2023-05-26T20:31:07.634+0000] {dag.py:3490} INFO - Setting next_dagrun for latest_only to 2023-05-26T16:31:07.634375+00:00, run_after=2023-05-26T20:31:07.634375+00:00
[2023-05-26T20:31:07.653+0000] {processor.py:179} INFO - Processing /home/airflow/.local/lib/python3.7/site-packages/airflow/example_dags/example_latest_only.py took 0.086 seconds
[2023-05-26T20:31:38.206+0000] {processor.py:157} INFO - Started process (PID=397) to work on /home/airflow/.local/lib/python3.7/site-packages/airflow/example_dags/example_latest_only.py
[2023-05-26T20:31:38.208+0000] {processor.py:826} INFO - Processing file /home/airflow/.local/lib/python3.7/site-packages/airflow/example_dags/example_latest_only.py for tasks to queue
[2023-05-26T20:31:38.209+0000] {logging_mixin.py:149} INFO - [2023-05-26T20:31:38.209+0000] {dagbag.py:541} INFO - Filling up the DagBag from /home/airflow/.local/lib/python3.7/site-packages/airflow/example_dags/example_latest_only.py
[2023-05-26T20:31:38.215+0000] {processor.py:836} INFO - DAG(s) dict_keys(['latest_only']) retrieved from /home/airflow/.local/lib/python3.7/site-packages/airflow/example_dags/example_latest_only.py
[2023-05-26T20:31:38.238+0000] {logging_mixin.py:149} INFO - [2023-05-26T20:31:38.238+0000] {dag.py:2726} INFO - Sync 1 DAGs
[2023-05-26T20:31:38.255+0000] {logging_mixin.py:149} INFO - [2023-05-26T20:31:38.255+0000] {dag.py:3490} INFO - Setting next_dagrun for latest_only to 2023-05-26T16:31:38.255341+00:00, run_after=2023-05-26T20:31:38.255341+00:00
[2023-05-26T20:31:38.280+0000] {processor.py:179} INFO - Processing /home/airflow/.local/lib/python3.7/site-packages/airflow/example_dags/example_latest_only.py took 0.076 seconds
[2023-05-26T20:32:08.499+0000] {processor.py:157} INFO - Started process (PID=453) to work on /home/airflow/.local/lib/python3.7/site-packages/airflow/example_dags/example_latest_only.py
[2023-05-26T20:32:08.501+0000] {processor.py:826} INFO - Processing file /home/airflow/.local/lib/python3.7/site-packages/airflow/example_dags/example_latest_only.py for tasks to queue
[2023-05-26T20:32:08.502+0000] {logging_mixin.py:149} INFO - [2023-05-26T20:32:08.502+0000] {dagbag.py:541} INFO - Filling up the DagBag from /home/airflow/.local/lib/python3.7/site-packages/airflow/example_dags/example_latest_only.py
[2023-05-26T20:32:08.506+0000] {processor.py:836} INFO - DAG(s) dict_keys(['latest_only']) retrieved from /home/airflow/.local/lib/python3.7/site-packages/airflow/example_dags/example_latest_only.py
[2023-05-26T20:32:08.524+0000] {logging_mixin.py:149} INFO - [2023-05-26T20:32:08.524+0000] {dag.py:2726} INFO - Sync 1 DAGs
[2023-05-26T20:32:08.541+0000] {logging_mixin.py:149} INFO - [2023-05-26T20:32:08.541+0000] {dag.py:3490} INFO - Setting next_dagrun for latest_only to 2023-05-26T16:32:08.541113+00:00, run_after=2023-05-26T20:32:08.541113+00:00
[2023-05-26T20:32:08.556+0000] {processor.py:179} INFO - Processing /home/airflow/.local/lib/python3.7/site-packages/airflow/example_dags/example_latest_only.py took 0.060 seconds
[2023-05-26T20:32:38.985+0000] {processor.py:157} INFO - Started process (PID=509) to work on /home/airflow/.local/lib/python3.7/site-packages/airflow/example_dags/example_latest_only.py
[2023-05-26T20:32:38.987+0000] {processor.py:826} INFO - Processing file /home/airflow/.local/lib/python3.7/site-packages/airflow/example_dags/example_latest_only.py for tasks to queue
[2023-05-26T20:32:38.988+0000] {logging_mixin.py:149} INFO - [2023-05-26T20:32:38.987+0000] {dagbag.py:541} INFO - Filling up the DagBag from /home/airflow/.local/lib/python3.7/site-packages/airflow/example_dags/example_latest_only.py
[2023-05-26T20:32:38.992+0000] {processor.py:836} INFO - DAG(s) dict_keys(['latest_only']) retrieved from /home/airflow/.local/lib/python3.7/site-packages/airflow/example_dags/example_latest_only.py
[2023-05-26T20:32:39.011+0000] {logging_mixin.py:149} INFO - [2023-05-26T20:32:39.011+0000] {dag.py:2726} INFO - Sync 1 DAGs
[2023-05-26T20:32:39.027+0000] {logging_mixin.py:149} INFO - [2023-05-26T20:32:39.027+0000] {dag.py:3490} INFO - Setting next_dagrun for latest_only to 2023-05-26T16:32:39.027354+00:00, run_after=2023-05-26T20:32:39.027354+00:00
[2023-05-26T20:32:39.039+0000] {processor.py:179} INFO - Processing /home/airflow/.local/lib/python3.7/site-packages/airflow/example_dags/example_latest_only.py took 0.057 seconds
[2023-05-26T20:33:09.462+0000] {processor.py:157} INFO - Started process (PID=565) to work on /home/airflow/.local/lib/python3.7/site-packages/airflow/example_dags/example_latest_only.py
[2023-05-26T20:33:09.464+0000] {processor.py:826} INFO - Processing file /home/airflow/.local/lib/python3.7/site-packages/airflow/example_dags/example_latest_only.py for tasks to queue
[2023-05-26T20:33:09.464+0000] {logging_mixin.py:149} INFO - [2023-05-26T20:33:09.464+0000] {dagbag.py:541} INFO - Filling up the DagBag from /home/airflow/.local/lib/python3.7/site-packages/airflow/example_dags/example_latest_only.py
[2023-05-26T20:33:09.469+0000] {processor.py:836} INFO - DAG(s) dict_keys(['latest_only']) retrieved from /home/airflow/.local/lib/python3.7/site-packages/airflow/example_dags/example_latest_only.py
[2023-05-26T20:33:09.489+0000] {logging_mixin.py:149} INFO - [2023-05-26T20:33:09.489+0000] {dag.py:2726} INFO - Sync 1 DAGs
[2023-05-26T20:33:09.505+0000] {logging_mixin.py:149} INFO - [2023-05-26T20:33:09.505+0000] {dag.py:3490} INFO - Setting next_dagrun for latest_only to 2023-05-26T16:33:09.505471+00:00, run_after=2023-05-26T20:33:09.505471+00:00
[2023-05-26T20:33:09.517+0000] {processor.py:179} INFO - Processing /home/airflow/.local/lib/python3.7/site-packages/airflow/example_dags/example_latest_only.py took 0.058 seconds
[2023-05-26T20:33:40.015+0000] {processor.py:157} INFO - Started process (PID=621) to work on /home/airflow/.local/lib/python3.7/site-packages/airflow/example_dags/example_latest_only.py
[2023-05-26T20:33:40.017+0000] {processor.py:826} INFO - Processing file /home/airflow/.local/lib/python3.7/site-packages/airflow/example_dags/example_latest_only.py for tasks to queue
[2023-05-26T20:33:40.018+0000] {logging_mixin.py:149} INFO - [2023-05-26T20:33:40.018+0000] {dagbag.py:541} INFO - Filling up the DagBag from /home/airflow/.local/lib/python3.7/site-packages/airflow/example_dags/example_latest_only.py
[2023-05-26T20:33:40.023+0000] {processor.py:836} INFO - DAG(s) dict_keys(['latest_only']) retrieved from /home/airflow/.local/lib/python3.7/site-packages/airflow/example_dags/example_latest_only.py
[2023-05-26T20:33:40.043+0000] {logging_mixin.py:149} INFO - [2023-05-26T20:33:40.043+0000] {dag.py:2726} INFO - Sync 1 DAGs
[2023-05-26T20:33:40.060+0000] {logging_mixin.py:149} INFO - [2023-05-26T20:33:40.060+0000] {dag.py:3490} INFO - Setting next_dagrun for latest_only to 2023-05-26T16:33:40.060164+00:00, run_after=2023-05-26T20:33:40.060164+00:00
[2023-05-26T20:33:40.072+0000] {processor.py:179} INFO - Processing /home/airflow/.local/lib/python3.7/site-packages/airflow/example_dags/example_latest_only.py took 0.060 seconds
[2023-05-26T20:34:10.473+0000] {processor.py:157} INFO - Started process (PID=677) to work on /home/airflow/.local/lib/python3.7/site-packages/airflow/example_dags/example_latest_only.py
[2023-05-26T20:34:10.475+0000] {processor.py:826} INFO - Processing file /home/airflow/.local/lib/python3.7/site-packages/airflow/example_dags/example_latest_only.py for tasks to queue
[2023-05-26T20:34:10.476+0000] {logging_mixin.py:149} INFO - [2023-05-26T20:34:10.476+0000] {dagbag.py:541} INFO - Filling up the DagBag from /home/airflow/.local/lib/python3.7/site-packages/airflow/example_dags/example_latest_only.py
[2023-05-26T20:34:10.481+0000] {processor.py:836} INFO - DAG(s) dict_keys(['latest_only']) retrieved from /home/airflow/.local/lib/python3.7/site-packages/airflow/example_dags/example_latest_only.py
[2023-05-26T20:34:10.499+0000] {logging_mixin.py:149} INFO - [2023-05-26T20:34:10.499+0000] {dag.py:2726} INFO - Sync 1 DAGs
[2023-05-26T20:34:10.514+0000] {logging_mixin.py:149} INFO - [2023-05-26T20:34:10.514+0000] {dag.py:3490} INFO - Setting next_dagrun for latest_only to 2023-05-26T16:34:10.514505+00:00, run_after=2023-05-26T20:34:10.514505+00:00
[2023-05-26T20:34:10.526+0000] {processor.py:179} INFO - Processing /home/airflow/.local/lib/python3.7/site-packages/airflow/example_dags/example_latest_only.py took 0.056 seconds
[2023-05-26T20:34:40.949+0000] {processor.py:157} INFO - Started process (PID=733) to work on /home/airflow/.local/lib/python3.7/site-packages/airflow/example_dags/example_latest_only.py
[2023-05-26T20:34:40.951+0000] {processor.py:826} INFO - Processing file /home/airflow/.local/lib/python3.7/site-packages/airflow/example_dags/example_latest_only.py for tasks to queue
[2023-05-26T20:34:40.952+0000] {logging_mixin.py:149} INFO - [2023-05-26T20:34:40.952+0000] {dagbag.py:541} INFO - Filling up the DagBag from /home/airflow/.local/lib/python3.7/site-packages/airflow/example_dags/example_latest_only.py
[2023-05-26T20:34:40.957+0000] {processor.py:836} INFO - DAG(s) dict_keys(['latest_only']) retrieved from /home/airflow/.local/lib/python3.7/site-packages/airflow/example_dags/example_latest_only.py
[2023-05-26T20:34:40.977+0000] {logging_mixin.py:149} INFO - [2023-05-26T20:34:40.977+0000] {dag.py:2726} INFO - Sync 1 DAGs
[2023-05-26T20:34:40.992+0000] {logging_mixin.py:149} INFO - [2023-05-26T20:34:40.992+0000] {dag.py:3490} INFO - Setting next_dagrun for latest_only to 2023-05-26T16:34:40.992476+00:00, run_after=2023-05-26T20:34:40.992476+00:00
[2023-05-26T20:34:41.003+0000] {processor.py:179} INFO - Processing /home/airflow/.local/lib/python3.7/site-packages/airflow/example_dags/example_latest_only.py took 0.057 seconds
[2023-05-26T20:35:11.297+0000] {processor.py:157} INFO - Started process (PID=790) to work on /home/airflow/.local/lib/python3.7/site-packages/airflow/example_dags/example_latest_only.py
[2023-05-26T20:35:11.298+0000] {processor.py:826} INFO - Processing file /home/airflow/.local/lib/python3.7/site-packages/airflow/example_dags/example_latest_only.py for tasks to queue
[2023-05-26T20:35:11.299+0000] {logging_mixin.py:149} INFO - [2023-05-26T20:35:11.299+0000] {dagbag.py:541} INFO - Filling up the DagBag from /home/airflow/.local/lib/python3.7/site-packages/airflow/example_dags/example_latest_only.py
[2023-05-26T20:35:11.304+0000] {processor.py:836} INFO - DAG(s) dict_keys(['latest_only']) retrieved from /home/airflow/.local/lib/python3.7/site-packages/airflow/example_dags/example_latest_only.py
[2023-05-26T20:35:11.322+0000] {logging_mixin.py:149} INFO - [2023-05-26T20:35:11.322+0000] {dag.py:2726} INFO - Sync 1 DAGs
[2023-05-26T20:35:11.337+0000] {logging_mixin.py:149} INFO - [2023-05-26T20:35:11.337+0000] {dag.py:3490} INFO - Setting next_dagrun for latest_only to 2023-05-26T16:35:11.337032+00:00, run_after=2023-05-26T20:35:11.337032+00:00
[2023-05-26T20:35:11.348+0000] {processor.py:179} INFO - Processing /home/airflow/.local/lib/python3.7/site-packages/airflow/example_dags/example_latest_only.py took 0.054 seconds
[2023-05-26T20:35:41.805+0000] {processor.py:157} INFO - Started process (PID=846) to work on /home/airflow/.local/lib/python3.7/site-packages/airflow/example_dags/example_latest_only.py
[2023-05-26T20:35:41.807+0000] {processor.py:826} INFO - Processing file /home/airflow/.local/lib/python3.7/site-packages/airflow/example_dags/example_latest_only.py for tasks to queue
[2023-05-26T20:35:41.808+0000] {logging_mixin.py:149} INFO - [2023-05-26T20:35:41.808+0000] {dagbag.py:541} INFO - Filling up the DagBag from /home/airflow/.local/lib/python3.7/site-packages/airflow/example_dags/example_latest_only.py
[2023-05-26T20:35:41.813+0000] {processor.py:836} INFO - DAG(s) dict_keys(['latest_only']) retrieved from /home/airflow/.local/lib/python3.7/site-packages/airflow/example_dags/example_latest_only.py
[2023-05-26T20:35:41.831+0000] {logging_mixin.py:149} INFO - [2023-05-26T20:35:41.831+0000] {dag.py:2726} INFO - Sync 1 DAGs
[2023-05-26T20:35:41.846+0000] {logging_mixin.py:149} INFO - [2023-05-26T20:35:41.846+0000] {dag.py:3490} INFO - Setting next_dagrun for latest_only to 2023-05-26T16:35:41.846046+00:00, run_after=2023-05-26T20:35:41.846046+00:00
[2023-05-26T20:35:41.860+0000] {processor.py:179} INFO - Processing /home/airflow/.local/lib/python3.7/site-packages/airflow/example_dags/example_latest_only.py took 0.058 seconds
[2023-05-26T20:36:12.184+0000] {processor.py:157} INFO - Started process (PID=902) to work on /home/airflow/.local/lib/python3.7/site-packages/airflow/example_dags/example_latest_only.py
[2023-05-26T20:36:12.185+0000] {processor.py:826} INFO - Processing file /home/airflow/.local/lib/python3.7/site-packages/airflow/example_dags/example_latest_only.py for tasks to queue
[2023-05-26T20:36:12.186+0000] {logging_mixin.py:149} INFO - [2023-05-26T20:36:12.186+0000] {dagbag.py:541} INFO - Filling up the DagBag from /home/airflow/.local/lib/python3.7/site-packages/airflow/example_dags/example_latest_only.py
[2023-05-26T20:36:12.191+0000] {processor.py:836} INFO - DAG(s) dict_keys(['latest_only']) retrieved from /home/airflow/.local/lib/python3.7/site-packages/airflow/example_dags/example_latest_only.py
[2023-05-26T20:36:12.210+0000] {logging_mixin.py:149} INFO - [2023-05-26T20:36:12.210+0000] {dag.py:2726} INFO - Sync 1 DAGs
[2023-05-26T20:36:12.225+0000] {logging_mixin.py:149} INFO - [2023-05-26T20:36:12.224+0000] {dag.py:3490} INFO - Setting next_dagrun for latest_only to 2023-05-26T16:36:12.224758+00:00, run_after=2023-05-26T20:36:12.224758+00:00
[2023-05-26T20:36:12.236+0000] {processor.py:179} INFO - Processing /home/airflow/.local/lib/python3.7/site-packages/airflow/example_dags/example_latest_only.py took 0.055 seconds
[2023-05-26T20:36:42.528+0000] {processor.py:157} INFO - Started process (PID=958) to work on /home/airflow/.local/lib/python3.7/site-packages/airflow/example_dags/example_latest_only.py
[2023-05-26T20:36:42.529+0000] {processor.py:826} INFO - Processing file /home/airflow/.local/lib/python3.7/site-packages/airflow/example_dags/example_latest_only.py for tasks to queue
[2023-05-26T20:36:42.530+0000] {logging_mixin.py:149} INFO - [2023-05-26T20:36:42.530+0000] {dagbag.py:541} INFO - Filling up the DagBag from /home/airflow/.local/lib/python3.7/site-packages/airflow/example_dags/example_latest_only.py
[2023-05-26T20:36:42.535+0000] {processor.py:836} INFO - DAG(s) dict_keys(['latest_only']) retrieved from /home/airflow/.local/lib/python3.7/site-packages/airflow/example_dags/example_latest_only.py
[2023-05-26T20:36:42.554+0000] {logging_mixin.py:149} INFO - [2023-05-26T20:36:42.554+0000] {dag.py:2726} INFO - Sync 1 DAGs
[2023-05-26T20:36:42.569+0000] {logging_mixin.py:149} INFO - [2023-05-26T20:36:42.569+0000] {dag.py:3490} INFO - Setting next_dagrun for latest_only to 2023-05-26T16:36:42.569504+00:00, run_after=2023-05-26T20:36:42.569504+00:00
[2023-05-26T20:36:42.580+0000] {processor.py:179} INFO - Processing /home/airflow/.local/lib/python3.7/site-packages/airflow/example_dags/example_latest_only.py took 0.055 seconds
[2023-05-26T20:37:12.876+0000] {processor.py:157} INFO - Started process (PID=1014) to work on /home/airflow/.local/lib/python3.7/site-packages/airflow/example_dags/example_latest_only.py
[2023-05-26T20:37:12.878+0000] {processor.py:826} INFO - Processing file /home/airflow/.local/lib/python3.7/site-packages/airflow/example_dags/example_latest_only.py for tasks to queue
[2023-05-26T20:37:12.879+0000] {logging_mixin.py:149} INFO - [2023-05-26T20:37:12.879+0000] {dagbag.py:541} INFO - Filling up the DagBag from /home/airflow/.local/lib/python3.7/site-packages/airflow/example_dags/example_latest_only.py
[2023-05-26T20:37:12.885+0000] {processor.py:836} INFO - DAG(s) dict_keys(['latest_only']) retrieved from /home/airflow/.local/lib/python3.7/site-packages/airflow/example_dags/example_latest_only.py
[2023-05-26T20:37:12.903+0000] {logging_mixin.py:149} INFO - [2023-05-26T20:37:12.903+0000] {dag.py:2726} INFO - Sync 1 DAGs
[2023-05-26T20:37:12.918+0000] {logging_mixin.py:149} INFO - [2023-05-26T20:37:12.918+0000] {dag.py:3490} INFO - Setting next_dagrun for latest_only to 2023-05-26T16:37:12.918371+00:00, run_after=2023-05-26T20:37:12.918371+00:00
[2023-05-26T20:37:12.930+0000] {processor.py:179} INFO - Processing /home/airflow/.local/lib/python3.7/site-packages/airflow/example_dags/example_latest_only.py took 0.056 seconds
[2023-05-26T20:37:43.169+0000] {processor.py:157} INFO - Started process (PID=1070) to work on /home/airflow/.local/lib/python3.7/site-packages/airflow/example_dags/example_latest_only.py
[2023-05-26T20:37:43.171+0000] {processor.py:826} INFO - Processing file /home/airflow/.local/lib/python3.7/site-packages/airflow/example_dags/example_latest_only.py for tasks to queue
[2023-05-26T20:37:43.171+0000] {logging_mixin.py:149} INFO - [2023-05-26T20:37:43.171+0000] {dagbag.py:541} INFO - Filling up the DagBag from /home/airflow/.local/lib/python3.7/site-packages/airflow/example_dags/example_latest_only.py
[2023-05-26T20:37:43.176+0000] {processor.py:836} INFO - DAG(s) dict_keys(['latest_only']) retrieved from /home/airflow/.local/lib/python3.7/site-packages/airflow/example_dags/example_latest_only.py
[2023-05-26T20:37:43.194+0000] {logging_mixin.py:149} INFO - [2023-05-26T20:37:43.194+0000] {dag.py:2726} INFO - Sync 1 DAGs
[2023-05-26T20:37:43.209+0000] {logging_mixin.py:149} INFO - [2023-05-26T20:37:43.209+0000] {dag.py:3490} INFO - Setting next_dagrun for latest_only to 2023-05-26T16:37:43.208814+00:00, run_after=2023-05-26T20:37:43.208814+00:00
[2023-05-26T20:37:43.220+0000] {processor.py:179} INFO - Processing /home/airflow/.local/lib/python3.7/site-packages/airflow/example_dags/example_latest_only.py took 0.053 seconds
[2023-05-26T20:38:13.514+0000] {processor.py:157} INFO - Started process (PID=1126) to work on /home/airflow/.local/lib/python3.7/site-packages/airflow/example_dags/example_latest_only.py
[2023-05-26T20:38:13.515+0000] {processor.py:826} INFO - Processing file /home/airflow/.local/lib/python3.7/site-packages/airflow/example_dags/example_latest_only.py for tasks to queue
[2023-05-26T20:38:13.516+0000] {logging_mixin.py:149} INFO - [2023-05-26T20:38:13.516+0000] {dagbag.py:541} INFO - Filling up the DagBag from /home/airflow/.local/lib/python3.7/site-packages/airflow/example_dags/example_latest_only.py
[2023-05-26T20:38:13.521+0000] {processor.py:836} INFO - DAG(s) dict_keys(['latest_only']) retrieved from /home/airflow/.local/lib/python3.7/site-packages/airflow/example_dags/example_latest_only.py
[2023-05-26T20:38:13.540+0000] {logging_mixin.py:149} INFO - [2023-05-26T20:38:13.540+0000] {dag.py:2726} INFO - Sync 1 DAGs
[2023-05-26T20:38:13.555+0000] {logging_mixin.py:149} INFO - [2023-05-26T20:38:13.555+0000] {dag.py:3490} INFO - Setting next_dagrun for latest_only to 2023-05-26T16:38:13.554849+00:00, run_after=2023-05-26T20:38:13.554849+00:00
[2023-05-26T20:38:13.566+0000] {processor.py:179} INFO - Processing /home/airflow/.local/lib/python3.7/site-packages/airflow/example_dags/example_latest_only.py took 0.055 seconds
[2023-05-26T20:38:43.899+0000] {processor.py:157} INFO - Started process (PID=1183) to work on /home/airflow/.local/lib/python3.7/site-packages/airflow/example_dags/example_latest_only.py
[2023-05-26T20:38:43.901+0000] {processor.py:826} INFO - Processing file /home/airflow/.local/lib/python3.7/site-packages/airflow/example_dags/example_latest_only.py for tasks to queue
[2023-05-26T20:38:43.901+0000] {logging_mixin.py:149} INFO - [2023-05-26T20:38:43.901+0000] {dagbag.py:541} INFO - Filling up the DagBag from /home/airflow/.local/lib/python3.7/site-packages/airflow/example_dags/example_latest_only.py
[2023-05-26T20:38:43.906+0000] {processor.py:836} INFO - DAG(s) dict_keys(['latest_only']) retrieved from /home/airflow/.local/lib/python3.7/site-packages/airflow/example_dags/example_latest_only.py
[2023-05-26T20:38:43.926+0000] {logging_mixin.py:149} INFO - [2023-05-26T20:38:43.925+0000] {dag.py:2726} INFO - Sync 1 DAGs
[2023-05-26T20:38:43.945+0000] {logging_mixin.py:149} INFO - [2023-05-26T20:38:43.945+0000] {dag.py:3490} INFO - Setting next_dagrun for latest_only to 2023-05-26T16:38:43.944999+00:00, run_after=2023-05-26T20:38:43.944999+00:00
[2023-05-26T20:38:43.956+0000] {processor.py:179} INFO - Processing /home/airflow/.local/lib/python3.7/site-packages/airflow/example_dags/example_latest_only.py took 0.061 seconds
[2023-05-26T20:39:14.253+0000] {processor.py:157} INFO - Started process (PID=1239) to work on /home/airflow/.local/lib/python3.7/site-packages/airflow/example_dags/example_latest_only.py
[2023-05-26T20:39:14.255+0000] {processor.py:826} INFO - Processing file /home/airflow/.local/lib/python3.7/site-packages/airflow/example_dags/example_latest_only.py for tasks to queue
[2023-05-26T20:39:14.256+0000] {logging_mixin.py:149} INFO - [2023-05-26T20:39:14.256+0000] {dagbag.py:541} INFO - Filling up the DagBag from /home/airflow/.local/lib/python3.7/site-packages/airflow/example_dags/example_latest_only.py
[2023-05-26T20:39:14.261+0000] {processor.py:836} INFO - DAG(s) dict_keys(['latest_only']) retrieved from /home/airflow/.local/lib/python3.7/site-packages/airflow/example_dags/example_latest_only.py
[2023-05-26T20:39:14.279+0000] {logging_mixin.py:149} INFO - [2023-05-26T20:39:14.279+0000] {dag.py:2726} INFO - Sync 1 DAGs
[2023-05-26T20:39:14.298+0000] {logging_mixin.py:149} INFO - [2023-05-26T20:39:14.297+0000] {dag.py:3490} INFO - Setting next_dagrun for latest_only to 2023-05-26T16:39:14.297682+00:00, run_after=2023-05-26T20:39:14.297682+00:00
[2023-05-26T20:39:14.311+0000] {processor.py:179} INFO - Processing /home/airflow/.local/lib/python3.7/site-packages/airflow/example_dags/example_latest_only.py took 0.060 seconds
[2023-05-26T20:39:44.609+0000] {processor.py:157} INFO - Started process (PID=1295) to work on /home/airflow/.local/lib/python3.7/site-packages/airflow/example_dags/example_latest_only.py
[2023-05-26T20:39:44.611+0000] {processor.py:826} INFO - Processing file /home/airflow/.local/lib/python3.7/site-packages/airflow/example_dags/example_latest_only.py for tasks to queue
[2023-05-26T20:39:44.612+0000] {logging_mixin.py:149} INFO - [2023-05-26T20:39:44.612+0000] {dagbag.py:541} INFO - Filling up the DagBag from /home/airflow/.local/lib/python3.7/site-packages/airflow/example_dags/example_latest_only.py
[2023-05-26T20:39:44.617+0000] {processor.py:836} INFO - DAG(s) dict_keys(['latest_only']) retrieved from /home/airflow/.local/lib/python3.7/site-packages/airflow/example_dags/example_latest_only.py
[2023-05-26T20:39:44.635+0000] {logging_mixin.py:149} INFO - [2023-05-26T20:39:44.635+0000] {dag.py:2726} INFO - Sync 1 DAGs
[2023-05-26T20:39:44.650+0000] {logging_mixin.py:149} INFO - [2023-05-26T20:39:44.650+0000] {dag.py:3490} INFO - Setting next_dagrun for latest_only to 2023-05-26T16:39:44.650705+00:00, run_after=2023-05-26T20:39:44.650705+00:00
[2023-05-26T20:39:44.662+0000] {processor.py:179} INFO - Processing /home/airflow/.local/lib/python3.7/site-packages/airflow/example_dags/example_latest_only.py took 0.055 seconds
[2023-05-26T20:40:14.953+0000] {processor.py:157} INFO - Started process (PID=1352) to work on /home/airflow/.local/lib/python3.7/site-packages/airflow/example_dags/example_latest_only.py
[2023-05-26T20:40:14.954+0000] {processor.py:826} INFO - Processing file /home/airflow/.local/lib/python3.7/site-packages/airflow/example_dags/example_latest_only.py for tasks to queue
[2023-05-26T20:40:14.955+0000] {logging_mixin.py:149} INFO - [2023-05-26T20:40:14.955+0000] {dagbag.py:541} INFO - Filling up the DagBag from /home/airflow/.local/lib/python3.7/site-packages/airflow/example_dags/example_latest_only.py
[2023-05-26T20:40:14.960+0000] {processor.py:836} INFO - DAG(s) dict_keys(['latest_only']) retrieved from /home/airflow/.local/lib/python3.7/site-packages/airflow/example_dags/example_latest_only.py
[2023-05-26T20:40:14.980+0000] {logging_mixin.py:149} INFO - [2023-05-26T20:40:14.980+0000] {dag.py:2726} INFO - Sync 1 DAGs
[2023-05-26T20:40:14.996+0000] {logging_mixin.py:149} INFO - [2023-05-26T20:40:14.995+0000] {dag.py:3490} INFO - Setting next_dagrun for latest_only to 2023-05-26T16:40:14.995730+00:00, run_after=2023-05-26T20:40:14.995730+00:00
[2023-05-26T20:40:15.008+0000] {processor.py:179} INFO - Processing /home/airflow/.local/lib/python3.7/site-packages/airflow/example_dags/example_latest_only.py took 0.058 seconds
[2023-05-26T20:40:45.575+0000] {processor.py:157} INFO - Started process (PID=1408) to work on /home/airflow/.local/lib/python3.7/site-packages/airflow/example_dags/example_latest_only.py
[2023-05-26T20:40:45.576+0000] {processor.py:826} INFO - Processing file /home/airflow/.local/lib/python3.7/site-packages/airflow/example_dags/example_latest_only.py for tasks to queue
[2023-05-26T20:40:45.577+0000] {logging_mixin.py:149} INFO - [2023-05-26T20:40:45.577+0000] {dagbag.py:541} INFO - Filling up the DagBag from /home/airflow/.local/lib/python3.7/site-packages/airflow/example_dags/example_latest_only.py
[2023-05-26T20:40:45.582+0000] {processor.py:836} INFO - DAG(s) dict_keys(['latest_only']) retrieved from /home/airflow/.local/lib/python3.7/site-packages/airflow/example_dags/example_latest_only.py
[2023-05-26T20:40:45.601+0000] {logging_mixin.py:149} INFO - [2023-05-26T20:40:45.601+0000] {dag.py:2726} INFO - Sync 1 DAGs
[2023-05-26T20:40:45.616+0000] {logging_mixin.py:149} INFO - [2023-05-26T20:40:45.616+0000] {dag.py:3490} INFO - Setting next_dagrun for latest_only to 2023-05-26T16:40:45.616040+00:00, run_after=2023-05-26T20:40:45.616040+00:00
[2023-05-26T20:40:45.627+0000] {processor.py:179} INFO - Processing /home/airflow/.local/lib/python3.7/site-packages/airflow/example_dags/example_latest_only.py took 0.056 seconds
[2023-05-26T20:41:16.018+0000] {processor.py:157} INFO - Started process (PID=1465) to work on /home/airflow/.local/lib/python3.7/site-packages/airflow/example_dags/example_latest_only.py
[2023-05-26T20:41:16.020+0000] {processor.py:826} INFO - Processing file /home/airflow/.local/lib/python3.7/site-packages/airflow/example_dags/example_latest_only.py for tasks to queue
[2023-05-26T20:41:16.021+0000] {logging_mixin.py:149} INFO - [2023-05-26T20:41:16.020+0000] {dagbag.py:541} INFO - Filling up the DagBag from /home/airflow/.local/lib/python3.7/site-packages/airflow/example_dags/example_latest_only.py
[2023-05-26T20:41:16.025+0000] {processor.py:836} INFO - DAG(s) dict_keys(['latest_only']) retrieved from /home/airflow/.local/lib/python3.7/site-packages/airflow/example_dags/example_latest_only.py
[2023-05-26T20:41:16.045+0000] {logging_mixin.py:149} INFO - [2023-05-26T20:41:16.045+0000] {dag.py:2726} INFO - Sync 1 DAGs
[2023-05-26T20:41:16.061+0000] {logging_mixin.py:149} INFO - [2023-05-26T20:41:16.061+0000] {dag.py:3490} INFO - Setting next_dagrun for latest_only to 2023-05-26T16:41:16.061526+00:00, run_after=2023-05-26T20:41:16.061526+00:00
[2023-05-26T20:41:16.075+0000] {processor.py:179} INFO - Processing /home/airflow/.local/lib/python3.7/site-packages/airflow/example_dags/example_latest_only.py took 0.059 seconds
[2023-05-26T20:41:46.312+0000] {processor.py:157} INFO - Started process (PID=1521) to work on /home/airflow/.local/lib/python3.7/site-packages/airflow/example_dags/example_latest_only.py
[2023-05-26T20:41:46.314+0000] {processor.py:826} INFO - Processing file /home/airflow/.local/lib/python3.7/site-packages/airflow/example_dags/example_latest_only.py for tasks to queue
[2023-05-26T20:41:46.315+0000] {logging_mixin.py:149} INFO - [2023-05-26T20:41:46.315+0000] {dagbag.py:541} INFO - Filling up the DagBag from /home/airflow/.local/lib/python3.7/site-packages/airflow/example_dags/example_latest_only.py
[2023-05-26T20:41:46.320+0000] {processor.py:836} INFO - DAG(s) dict_keys(['latest_only']) retrieved from /home/airflow/.local/lib/python3.7/site-packages/airflow/example_dags/example_latest_only.py
[2023-05-26T20:41:46.338+0000] {logging_mixin.py:149} INFO - [2023-05-26T20:41:46.338+0000] {dag.py:2726} INFO - Sync 1 DAGs
[2023-05-26T20:41:46.353+0000] {logging_mixin.py:149} INFO - [2023-05-26T20:41:46.353+0000] {dag.py:3490} INFO - Setting next_dagrun for latest_only to 2023-05-26T16:41:46.353698+00:00, run_after=2023-05-26T20:41:46.353698+00:00
[2023-05-26T20:41:46.364+0000] {processor.py:179} INFO - Processing /home/airflow/.local/lib/python3.7/site-packages/airflow/example_dags/example_latest_only.py took 0.054 seconds
[2023-05-26T20:42:16.660+0000] {processor.py:157} INFO - Started process (PID=1577) to work on /home/airflow/.local/lib/python3.7/site-packages/airflow/example_dags/example_latest_only.py
[2023-05-26T20:42:16.663+0000] {processor.py:826} INFO - Processing file /home/airflow/.local/lib/python3.7/site-packages/airflow/example_dags/example_latest_only.py for tasks to queue
[2023-05-26T20:42:16.663+0000] {logging_mixin.py:149} INFO - [2023-05-26T20:42:16.663+0000] {dagbag.py:541} INFO - Filling up the DagBag from /home/airflow/.local/lib/python3.7/site-packages/airflow/example_dags/example_latest_only.py
[2023-05-26T20:42:16.668+0000] {processor.py:836} INFO - DAG(s) dict_keys(['latest_only']) retrieved from /home/airflow/.local/lib/python3.7/site-packages/airflow/example_dags/example_latest_only.py
[2023-05-26T20:42:16.687+0000] {logging_mixin.py:149} INFO - [2023-05-26T20:42:16.687+0000] {dag.py:2726} INFO - Sync 1 DAGs
[2023-05-26T20:42:16.703+0000] {logging_mixin.py:149} INFO - [2023-05-26T20:42:16.703+0000] {dag.py:3490} INFO - Setting next_dagrun for latest_only to 2023-05-26T16:42:16.703164+00:00, run_after=2023-05-26T20:42:16.703164+00:00
[2023-05-26T20:42:16.714+0000] {processor.py:179} INFO - Processing /home/airflow/.local/lib/python3.7/site-packages/airflow/example_dags/example_latest_only.py took 0.056 seconds
[2023-05-26T20:42:47.253+0000] {processor.py:157} INFO - Started process (PID=1633) to work on /home/airflow/.local/lib/python3.7/site-packages/airflow/example_dags/example_latest_only.py
[2023-05-26T20:42:47.254+0000] {processor.py:826} INFO - Processing file /home/airflow/.local/lib/python3.7/site-packages/airflow/example_dags/example_latest_only.py for tasks to queue
[2023-05-26T20:42:47.255+0000] {logging_mixin.py:149} INFO - [2023-05-26T20:42:47.255+0000] {dagbag.py:541} INFO - Filling up the DagBag from /home/airflow/.local/lib/python3.7/site-packages/airflow/example_dags/example_latest_only.py
[2023-05-26T20:42:47.260+0000] {processor.py:836} INFO - DAG(s) dict_keys(['latest_only']) retrieved from /home/airflow/.local/lib/python3.7/site-packages/airflow/example_dags/example_latest_only.py
[2023-05-26T20:42:47.279+0000] {logging_mixin.py:149} INFO - [2023-05-26T20:42:47.279+0000] {dag.py:2726} INFO - Sync 1 DAGs
[2023-05-26T20:42:47.294+0000] {logging_mixin.py:149} INFO - [2023-05-26T20:42:47.293+0000] {dag.py:3490} INFO - Setting next_dagrun for latest_only to 2023-05-26T16:42:47.293749+00:00, run_after=2023-05-26T20:42:47.293749+00:00
[2023-05-26T20:42:47.305+0000] {processor.py:179} INFO - Processing /home/airflow/.local/lib/python3.7/site-packages/airflow/example_dags/example_latest_only.py took 0.055 seconds
[2023-05-26T20:43:17.658+0000] {processor.py:157} INFO - Started process (PID=1689) to work on /home/airflow/.local/lib/python3.7/site-packages/airflow/example_dags/example_latest_only.py
[2023-05-26T20:43:17.659+0000] {processor.py:826} INFO - Processing file /home/airflow/.local/lib/python3.7/site-packages/airflow/example_dags/example_latest_only.py for tasks to queue
[2023-05-26T20:43:17.660+0000] {logging_mixin.py:149} INFO - [2023-05-26T20:43:17.660+0000] {dagbag.py:541} INFO - Filling up the DagBag from /home/airflow/.local/lib/python3.7/site-packages/airflow/example_dags/example_latest_only.py
[2023-05-26T20:43:17.665+0000] {processor.py:836} INFO - DAG(s) dict_keys(['latest_only']) retrieved from /home/airflow/.local/lib/python3.7/site-packages/airflow/example_dags/example_latest_only.py
[2023-05-26T20:43:17.683+0000] {logging_mixin.py:149} INFO - [2023-05-26T20:43:17.683+0000] {dag.py:2726} INFO - Sync 1 DAGs
[2023-05-26T20:43:17.699+0000] {logging_mixin.py:149} INFO - [2023-05-26T20:43:17.698+0000] {dag.py:3490} INFO - Setting next_dagrun for latest_only to 2023-05-26T16:43:17.698772+00:00, run_after=2023-05-26T20:43:17.698772+00:00
[2023-05-26T20:43:17.710+0000] {processor.py:179} INFO - Processing /home/airflow/.local/lib/python3.7/site-packages/airflow/example_dags/example_latest_only.py took 0.054 seconds
[2023-05-26T20:43:47.981+0000] {processor.py:157} INFO - Started process (PID=1745) to work on /home/airflow/.local/lib/python3.7/site-packages/airflow/example_dags/example_latest_only.py
[2023-05-26T20:43:47.982+0000] {processor.py:826} INFO - Processing file /home/airflow/.local/lib/python3.7/site-packages/airflow/example_dags/example_latest_only.py for tasks to queue
[2023-05-26T20:43:47.983+0000] {logging_mixin.py:149} INFO - [2023-05-26T20:43:47.983+0000] {dagbag.py:541} INFO - Filling up the DagBag from /home/airflow/.local/lib/python3.7/site-packages/airflow/example_dags/example_latest_only.py
[2023-05-26T20:43:47.988+0000] {processor.py:836} INFO - DAG(s) dict_keys(['latest_only']) retrieved from /home/airflow/.local/lib/python3.7/site-packages/airflow/example_dags/example_latest_only.py
[2023-05-26T20:43:48.006+0000] {logging_mixin.py:149} INFO - [2023-05-26T20:43:48.006+0000] {dag.py:2726} INFO - Sync 1 DAGs
[2023-05-26T20:43:48.022+0000] {logging_mixin.py:149} INFO - [2023-05-26T20:43:48.022+0000] {dag.py:3490} INFO - Setting next_dagrun for latest_only to 2023-05-26T16:43:48.022072+00:00, run_after=2023-05-26T20:43:48.022072+00:00
[2023-05-26T20:43:48.034+0000] {processor.py:179} INFO - Processing /home/airflow/.local/lib/python3.7/site-packages/airflow/example_dags/example_latest_only.py took 0.056 seconds
[2023-05-26T20:44:18.360+0000] {processor.py:157} INFO - Started process (PID=1801) to work on /home/airflow/.local/lib/python3.7/site-packages/airflow/example_dags/example_latest_only.py
[2023-05-26T20:44:18.362+0000] {processor.py:826} INFO - Processing file /home/airflow/.local/lib/python3.7/site-packages/airflow/example_dags/example_latest_only.py for tasks to queue
[2023-05-26T20:44:18.363+0000] {logging_mixin.py:149} INFO - [2023-05-26T20:44:18.363+0000] {dagbag.py:541} INFO - Filling up the DagBag from /home/airflow/.local/lib/python3.7/site-packages/airflow/example_dags/example_latest_only.py
[2023-05-26T20:44:18.368+0000] {processor.py:836} INFO - DAG(s) dict_keys(['latest_only']) retrieved from /home/airflow/.local/lib/python3.7/site-packages/airflow/example_dags/example_latest_only.py
[2023-05-26T20:44:18.387+0000] {logging_mixin.py:149} INFO - [2023-05-26T20:44:18.387+0000] {dag.py:2726} INFO - Sync 1 DAGs
[2023-05-26T20:44:18.402+0000] {logging_mixin.py:149} INFO - [2023-05-26T20:44:18.402+0000] {dag.py:3490} INFO - Setting next_dagrun for latest_only to 2023-05-26T16:44:18.402542+00:00, run_after=2023-05-26T20:44:18.402542+00:00
[2023-05-26T20:44:18.413+0000] {processor.py:179} INFO - Processing /home/airflow/.local/lib/python3.7/site-packages/airflow/example_dags/example_latest_only.py took 0.056 seconds
[2023-05-26T20:44:48.758+0000] {processor.py:157} INFO - Started process (PID=1858) to work on /home/airflow/.local/lib/python3.7/site-packages/airflow/example_dags/example_latest_only.py
[2023-05-26T20:44:48.760+0000] {processor.py:826} INFO - Processing file /home/airflow/.local/lib/python3.7/site-packages/airflow/example_dags/example_latest_only.py for tasks to queue
[2023-05-26T20:44:48.761+0000] {logging_mixin.py:149} INFO - [2023-05-26T20:44:48.761+0000] {dagbag.py:541} INFO - Filling up the DagBag from /home/airflow/.local/lib/python3.7/site-packages/airflow/example_dags/example_latest_only.py
[2023-05-26T20:44:48.766+0000] {processor.py:836} INFO - DAG(s) dict_keys(['latest_only']) retrieved from /home/airflow/.local/lib/python3.7/site-packages/airflow/example_dags/example_latest_only.py
[2023-05-26T20:44:48.784+0000] {logging_mixin.py:149} INFO - [2023-05-26T20:44:48.784+0000] {dag.py:2726} INFO - Sync 1 DAGs
[2023-05-26T20:44:48.800+0000] {logging_mixin.py:149} INFO - [2023-05-26T20:44:48.800+0000] {dag.py:3490} INFO - Setting next_dagrun for latest_only to 2023-05-26T16:44:48.800516+00:00, run_after=2023-05-26T20:44:48.800516+00:00
[2023-05-26T20:44:48.812+0000] {processor.py:179} INFO - Processing /home/airflow/.local/lib/python3.7/site-packages/airflow/example_dags/example_latest_only.py took 0.058 seconds
[2023-05-26T20:45:19.130+0000] {processor.py:157} INFO - Started process (PID=1914) to work on /home/airflow/.local/lib/python3.7/site-packages/airflow/example_dags/example_latest_only.py
[2023-05-26T20:45:19.132+0000] {processor.py:826} INFO - Processing file /home/airflow/.local/lib/python3.7/site-packages/airflow/example_dags/example_latest_only.py for tasks to queue
[2023-05-26T20:45:19.132+0000] {logging_mixin.py:149} INFO - [2023-05-26T20:45:19.132+0000] {dagbag.py:541} INFO - Filling up the DagBag from /home/airflow/.local/lib/python3.7/site-packages/airflow/example_dags/example_latest_only.py
[2023-05-26T20:45:19.137+0000] {processor.py:836} INFO - DAG(s) dict_keys(['latest_only']) retrieved from /home/airflow/.local/lib/python3.7/site-packages/airflow/example_dags/example_latest_only.py
[2023-05-26T20:45:19.156+0000] {logging_mixin.py:149} INFO - [2023-05-26T20:45:19.156+0000] {dag.py:2726} INFO - Sync 1 DAGs
[2023-05-26T20:45:19.170+0000] {logging_mixin.py:149} INFO - [2023-05-26T20:45:19.170+0000] {dag.py:3490} INFO - Setting next_dagrun for latest_only to 2023-05-26T16:45:19.170546+00:00, run_after=2023-05-26T20:45:19.170546+00:00
[2023-05-26T20:45:19.181+0000] {processor.py:179} INFO - Processing /home/airflow/.local/lib/python3.7/site-packages/airflow/example_dags/example_latest_only.py took 0.055 seconds
[2023-05-26T20:45:49.525+0000] {processor.py:157} INFO - Started process (PID=1970) to work on /home/airflow/.local/lib/python3.7/site-packages/airflow/example_dags/example_latest_only.py
[2023-05-26T20:45:49.527+0000] {processor.py:826} INFO - Processing file /home/airflow/.local/lib/python3.7/site-packages/airflow/example_dags/example_latest_only.py for tasks to queue
[2023-05-26T20:45:49.528+0000] {logging_mixin.py:149} INFO - [2023-05-26T20:45:49.527+0000] {dagbag.py:541} INFO - Filling up the DagBag from /home/airflow/.local/lib/python3.7/site-packages/airflow/example_dags/example_latest_only.py
[2023-05-26T20:45:49.533+0000] {processor.py:836} INFO - DAG(s) dict_keys(['latest_only']) retrieved from /home/airflow/.local/lib/python3.7/site-packages/airflow/example_dags/example_latest_only.py
[2023-05-26T20:45:49.552+0000] {logging_mixin.py:149} INFO - [2023-05-26T20:45:49.552+0000] {dag.py:2726} INFO - Sync 1 DAGs
[2023-05-26T20:45:49.567+0000] {logging_mixin.py:149} INFO - [2023-05-26T20:45:49.567+0000] {dag.py:3490} INFO - Setting next_dagrun for latest_only to 2023-05-26T16:45:49.567459+00:00, run_after=2023-05-26T20:45:49.567459+00:00
[2023-05-26T20:45:49.579+0000] {processor.py:179} INFO - Processing /home/airflow/.local/lib/python3.7/site-packages/airflow/example_dags/example_latest_only.py took 0.057 seconds
[2023-05-26T20:46:20.133+0000] {processor.py:157} INFO - Started process (PID=2026) to work on /home/airflow/.local/lib/python3.7/site-packages/airflow/example_dags/example_latest_only.py
[2023-05-26T20:46:20.135+0000] {processor.py:826} INFO - Processing file /home/airflow/.local/lib/python3.7/site-packages/airflow/example_dags/example_latest_only.py for tasks to queue
[2023-05-26T20:46:20.136+0000] {logging_mixin.py:149} INFO - [2023-05-26T20:46:20.136+0000] {dagbag.py:541} INFO - Filling up the DagBag from /home/airflow/.local/lib/python3.7/site-packages/airflow/example_dags/example_latest_only.py
[2023-05-26T20:46:20.141+0000] {processor.py:836} INFO - DAG(s) dict_keys(['latest_only']) retrieved from /home/airflow/.local/lib/python3.7/site-packages/airflow/example_dags/example_latest_only.py
[2023-05-26T20:46:20.159+0000] {logging_mixin.py:149} INFO - [2023-05-26T20:46:20.159+0000] {dag.py:2726} INFO - Sync 1 DAGs
[2023-05-26T20:46:20.175+0000] {logging_mixin.py:149} INFO - [2023-05-26T20:46:20.175+0000] {dag.py:3490} INFO - Setting next_dagrun for latest_only to 2023-05-26T16:46:20.175110+00:00, run_after=2023-05-26T20:46:20.175110+00:00
[2023-05-26T20:46:20.189+0000] {processor.py:179} INFO - Processing /home/airflow/.local/lib/python3.7/site-packages/airflow/example_dags/example_latest_only.py took 0.059 seconds
[2023-05-26T20:46:50.796+0000] {processor.py:157} INFO - Started process (PID=2082) to work on /home/airflow/.local/lib/python3.7/site-packages/airflow/example_dags/example_latest_only.py
[2023-05-26T20:46:50.798+0000] {processor.py:826} INFO - Processing file /home/airflow/.local/lib/python3.7/site-packages/airflow/example_dags/example_latest_only.py for tasks to queue
[2023-05-26T20:46:50.799+0000] {logging_mixin.py:149} INFO - [2023-05-26T20:46:50.799+0000] {dagbag.py:541} INFO - Filling up the DagBag from /home/airflow/.local/lib/python3.7/site-packages/airflow/example_dags/example_latest_only.py
[2023-05-26T20:46:50.804+0000] {processor.py:836} INFO - DAG(s) dict_keys(['latest_only']) retrieved from /home/airflow/.local/lib/python3.7/site-packages/airflow/example_dags/example_latest_only.py
[2023-05-26T20:46:50.830+0000] {logging_mixin.py:149} INFO - [2023-05-26T20:46:50.830+0000] {dag.py:2726} INFO - Sync 1 DAGs
[2023-05-26T20:46:50.851+0000] {logging_mixin.py:149} INFO - [2023-05-26T20:46:50.851+0000] {dag.py:3490} INFO - Setting next_dagrun for latest_only to 2023-05-26T16:46:50.851337+00:00, run_after=2023-05-26T20:46:50.851337+00:00
[2023-05-26T20:46:50.871+0000] {processor.py:179} INFO - Processing /home/airflow/.local/lib/python3.7/site-packages/airflow/example_dags/example_latest_only.py took 0.078 seconds
[2023-05-26T20:47:21.484+0000] {processor.py:157} INFO - Started process (PID=2138) to work on /home/airflow/.local/lib/python3.7/site-packages/airflow/example_dags/example_latest_only.py
[2023-05-26T20:47:21.486+0000] {processor.py:826} INFO - Processing file /home/airflow/.local/lib/python3.7/site-packages/airflow/example_dags/example_latest_only.py for tasks to queue
[2023-05-26T20:47:21.487+0000] {logging_mixin.py:149} INFO - [2023-05-26T20:47:21.487+0000] {dagbag.py:541} INFO - Filling up the DagBag from /home/airflow/.local/lib/python3.7/site-packages/airflow/example_dags/example_latest_only.py
[2023-05-26T20:47:21.492+0000] {processor.py:836} INFO - DAG(s) dict_keys(['latest_only']) retrieved from /home/airflow/.local/lib/python3.7/site-packages/airflow/example_dags/example_latest_only.py
[2023-05-26T20:47:21.511+0000] {logging_mixin.py:149} INFO - [2023-05-26T20:47:21.511+0000] {dag.py:2726} INFO - Sync 1 DAGs
[2023-05-26T20:47:21.526+0000] {logging_mixin.py:149} INFO - [2023-05-26T20:47:21.526+0000] {dag.py:3490} INFO - Setting next_dagrun for latest_only to 2023-05-26T16:47:21.526495+00:00, run_after=2023-05-26T20:47:21.526495+00:00
[2023-05-26T20:47:21.539+0000] {processor.py:179} INFO - Processing /home/airflow/.local/lib/python3.7/site-packages/airflow/example_dags/example_latest_only.py took 0.057 seconds
[2023-05-26T20:47:52.248+0000] {processor.py:157} INFO - Started process (PID=2194) to work on /home/airflow/.local/lib/python3.7/site-packages/airflow/example_dags/example_latest_only.py
[2023-05-26T20:47:52.250+0000] {processor.py:826} INFO - Processing file /home/airflow/.local/lib/python3.7/site-packages/airflow/example_dags/example_latest_only.py for tasks to queue
[2023-05-26T20:47:52.251+0000] {logging_mixin.py:149} INFO - [2023-05-26T20:47:52.251+0000] {dagbag.py:541} INFO - Filling up the DagBag from /home/airflow/.local/lib/python3.7/site-packages/airflow/example_dags/example_latest_only.py
[2023-05-26T20:47:52.256+0000] {processor.py:836} INFO - DAG(s) dict_keys(['latest_only']) retrieved from /home/airflow/.local/lib/python3.7/site-packages/airflow/example_dags/example_latest_only.py
[2023-05-26T20:47:52.276+0000] {logging_mixin.py:149} INFO - [2023-05-26T20:47:52.275+0000] {dag.py:2726} INFO - Sync 1 DAGs
[2023-05-26T20:47:52.291+0000] {logging_mixin.py:149} INFO - [2023-05-26T20:47:52.291+0000] {dag.py:3490} INFO - Setting next_dagrun for latest_only to 2023-05-26T16:47:52.291005+00:00, run_after=2023-05-26T20:47:52.291005+00:00
[2023-05-26T20:47:52.303+0000] {processor.py:179} INFO - Processing /home/airflow/.local/lib/python3.7/site-packages/airflow/example_dags/example_latest_only.py took 0.058 seconds
[2023-05-26T20:48:22.619+0000] {processor.py:157} INFO - Started process (PID=2250) to work on /home/airflow/.local/lib/python3.7/site-packages/airflow/example_dags/example_latest_only.py
[2023-05-26T20:48:22.621+0000] {processor.py:826} INFO - Processing file /home/airflow/.local/lib/python3.7/site-packages/airflow/example_dags/example_latest_only.py for tasks to queue
[2023-05-26T20:48:22.622+0000] {logging_mixin.py:149} INFO - [2023-05-26T20:48:22.622+0000] {dagbag.py:541} INFO - Filling up the DagBag from /home/airflow/.local/lib/python3.7/site-packages/airflow/example_dags/example_latest_only.py
[2023-05-26T20:48:22.627+0000] {processor.py:836} INFO - DAG(s) dict_keys(['latest_only']) retrieved from /home/airflow/.local/lib/python3.7/site-packages/airflow/example_dags/example_latest_only.py
[2023-05-26T20:48:22.647+0000] {logging_mixin.py:149} INFO - [2023-05-26T20:48:22.647+0000] {dag.py:2726} INFO - Sync 1 DAGs
[2023-05-26T20:48:22.662+0000] {logging_mixin.py:149} INFO - [2023-05-26T20:48:22.662+0000] {dag.py:3490} INFO - Setting next_dagrun for latest_only to 2023-05-26T16:48:22.662306+00:00, run_after=2023-05-26T20:48:22.662306+00:00
[2023-05-26T20:48:22.674+0000] {processor.py:179} INFO - Processing /home/airflow/.local/lib/python3.7/site-packages/airflow/example_dags/example_latest_only.py took 0.058 seconds
[2023-05-26T20:48:53.276+0000] {processor.py:157} INFO - Started process (PID=2307) to work on /home/airflow/.local/lib/python3.7/site-packages/airflow/example_dags/example_latest_only.py
[2023-05-26T20:48:53.278+0000] {processor.py:826} INFO - Processing file /home/airflow/.local/lib/python3.7/site-packages/airflow/example_dags/example_latest_only.py for tasks to queue
[2023-05-26T20:48:53.278+0000] {logging_mixin.py:149} INFO - [2023-05-26T20:48:53.278+0000] {dagbag.py:541} INFO - Filling up the DagBag from /home/airflow/.local/lib/python3.7/site-packages/airflow/example_dags/example_latest_only.py
[2023-05-26T20:48:53.283+0000] {processor.py:836} INFO - DAG(s) dict_keys(['latest_only']) retrieved from /home/airflow/.local/lib/python3.7/site-packages/airflow/example_dags/example_latest_only.py
[2023-05-26T20:48:53.304+0000] {logging_mixin.py:149} INFO - [2023-05-26T20:48:53.304+0000] {dag.py:2726} INFO - Sync 1 DAGs
[2023-05-26T20:48:53.320+0000] {logging_mixin.py:149} INFO - [2023-05-26T20:48:53.320+0000] {dag.py:3490} INFO - Setting next_dagrun for latest_only to 2023-05-26T16:48:53.320306+00:00, run_after=2023-05-26T20:48:53.320306+00:00
[2023-05-26T20:48:53.332+0000] {processor.py:179} INFO - Processing /home/airflow/.local/lib/python3.7/site-packages/airflow/example_dags/example_latest_only.py took 0.060 seconds
[2023-05-26T20:49:23.965+0000] {processor.py:157} INFO - Started process (PID=2362) to work on /home/airflow/.local/lib/python3.7/site-packages/airflow/example_dags/example_latest_only.py
[2023-05-26T20:49:23.967+0000] {processor.py:826} INFO - Processing file /home/airflow/.local/lib/python3.7/site-packages/airflow/example_dags/example_latest_only.py for tasks to queue
[2023-05-26T20:49:23.968+0000] {logging_mixin.py:149} INFO - [2023-05-26T20:49:23.968+0000] {dagbag.py:541} INFO - Filling up the DagBag from /home/airflow/.local/lib/python3.7/site-packages/airflow/example_dags/example_latest_only.py
[2023-05-26T20:49:23.973+0000] {processor.py:836} INFO - DAG(s) dict_keys(['latest_only']) retrieved from /home/airflow/.local/lib/python3.7/site-packages/airflow/example_dags/example_latest_only.py
[2023-05-26T20:49:23.993+0000] {logging_mixin.py:149} INFO - [2023-05-26T20:49:23.992+0000] {dag.py:2726} INFO - Sync 1 DAGs
[2023-05-26T20:49:24.008+0000] {logging_mixin.py:149} INFO - [2023-05-26T20:49:24.008+0000] {dag.py:3490} INFO - Setting next_dagrun for latest_only to 2023-05-26T16:49:24.008358+00:00, run_after=2023-05-26T20:49:24.008358+00:00
[2023-05-26T20:49:24.020+0000] {processor.py:179} INFO - Processing /home/airflow/.local/lib/python3.7/site-packages/airflow/example_dags/example_latest_only.py took 0.058 seconds
[2023-05-26T20:49:54.469+0000] {processor.py:157} INFO - Started process (PID=2418) to work on /home/airflow/.local/lib/python3.7/site-packages/airflow/example_dags/example_latest_only.py
[2023-05-26T20:49:54.471+0000] {processor.py:826} INFO - Processing file /home/airflow/.local/lib/python3.7/site-packages/airflow/example_dags/example_latest_only.py for tasks to queue
[2023-05-26T20:49:54.472+0000] {logging_mixin.py:149} INFO - [2023-05-26T20:49:54.472+0000] {dagbag.py:541} INFO - Filling up the DagBag from /home/airflow/.local/lib/python3.7/site-packages/airflow/example_dags/example_latest_only.py
[2023-05-26T20:49:54.477+0000] {processor.py:836} INFO - DAG(s) dict_keys(['latest_only']) retrieved from /home/airflow/.local/lib/python3.7/site-packages/airflow/example_dags/example_latest_only.py
[2023-05-26T20:49:54.497+0000] {logging_mixin.py:149} INFO - [2023-05-26T20:49:54.496+0000] {dag.py:2726} INFO - Sync 1 DAGs
[2023-05-26T20:49:54.512+0000] {logging_mixin.py:149} INFO - [2023-05-26T20:49:54.512+0000] {dag.py:3490} INFO - Setting next_dagrun for latest_only to 2023-05-26T16:49:54.512193+00:00, run_after=2023-05-26T20:49:54.512193+00:00
[2023-05-26T20:49:54.525+0000] {processor.py:179} INFO - Processing /home/airflow/.local/lib/python3.7/site-packages/airflow/example_dags/example_latest_only.py took 0.059 seconds
[2023-05-26T20:50:24.977+0000] {processor.py:157} INFO - Started process (PID=2474) to work on /home/airflow/.local/lib/python3.7/site-packages/airflow/example_dags/example_latest_only.py
[2023-05-26T20:50:24.979+0000] {processor.py:826} INFO - Processing file /home/airflow/.local/lib/python3.7/site-packages/airflow/example_dags/example_latest_only.py for tasks to queue
[2023-05-26T20:50:24.980+0000] {logging_mixin.py:149} INFO - [2023-05-26T20:50:24.980+0000] {dagbag.py:541} INFO - Filling up the DagBag from /home/airflow/.local/lib/python3.7/site-packages/airflow/example_dags/example_latest_only.py
[2023-05-26T20:50:24.985+0000] {processor.py:836} INFO - DAG(s) dict_keys(['latest_only']) retrieved from /home/airflow/.local/lib/python3.7/site-packages/airflow/example_dags/example_latest_only.py
[2023-05-26T20:50:25.003+0000] {logging_mixin.py:149} INFO - [2023-05-26T20:50:25.003+0000] {dag.py:2726} INFO - Sync 1 DAGs
[2023-05-26T20:50:25.019+0000] {logging_mixin.py:149} INFO - [2023-05-26T20:50:25.019+0000] {dag.py:3490} INFO - Setting next_dagrun for latest_only to 2023-05-26T16:50:25.019350+00:00, run_after=2023-05-26T20:50:25.019350+00:00
[2023-05-26T20:50:25.033+0000] {processor.py:179} INFO - Processing /home/airflow/.local/lib/python3.7/site-packages/airflow/example_dags/example_latest_only.py took 0.058 seconds
[2023-05-26T20:50:55.340+0000] {processor.py:157} INFO - Started process (PID=2531) to work on /home/airflow/.local/lib/python3.7/site-packages/airflow/example_dags/example_latest_only.py
[2023-05-26T20:50:55.341+0000] {processor.py:826} INFO - Processing file /home/airflow/.local/lib/python3.7/site-packages/airflow/example_dags/example_latest_only.py for tasks to queue
[2023-05-26T20:50:55.342+0000] {logging_mixin.py:149} INFO - [2023-05-26T20:50:55.342+0000] {dagbag.py:541} INFO - Filling up the DagBag from /home/airflow/.local/lib/python3.7/site-packages/airflow/example_dags/example_latest_only.py
[2023-05-26T20:50:55.347+0000] {processor.py:836} INFO - DAG(s) dict_keys(['latest_only']) retrieved from /home/airflow/.local/lib/python3.7/site-packages/airflow/example_dags/example_latest_only.py
[2023-05-26T20:50:55.367+0000] {logging_mixin.py:149} INFO - [2023-05-26T20:50:55.367+0000] {dag.py:2726} INFO - Sync 1 DAGs
[2023-05-26T20:50:55.383+0000] {logging_mixin.py:149} INFO - [2023-05-26T20:50:55.383+0000] {dag.py:3490} INFO - Setting next_dagrun for latest_only to 2023-05-26T16:50:55.383653+00:00, run_after=2023-05-26T20:50:55.383653+00:00
[2023-05-26T20:50:55.396+0000] {processor.py:179} INFO - Processing /home/airflow/.local/lib/python3.7/site-packages/airflow/example_dags/example_latest_only.py took 0.059 seconds
[2023-05-26T20:51:25.774+0000] {processor.py:157} INFO - Started process (PID=2587) to work on /home/airflow/.local/lib/python3.7/site-packages/airflow/example_dags/example_latest_only.py
[2023-05-26T20:51:25.777+0000] {processor.py:826} INFO - Processing file /home/airflow/.local/lib/python3.7/site-packages/airflow/example_dags/example_latest_only.py for tasks to queue
[2023-05-26T20:51:25.778+0000] {logging_mixin.py:149} INFO - [2023-05-26T20:51:25.778+0000] {dagbag.py:541} INFO - Filling up the DagBag from /home/airflow/.local/lib/python3.7/site-packages/airflow/example_dags/example_latest_only.py
[2023-05-26T20:51:25.784+0000] {processor.py:836} INFO - DAG(s) dict_keys(['latest_only']) retrieved from /home/airflow/.local/lib/python3.7/site-packages/airflow/example_dags/example_latest_only.py
[2023-05-26T20:51:25.805+0000] {logging_mixin.py:149} INFO - [2023-05-26T20:51:25.804+0000] {dag.py:2726} INFO - Sync 1 DAGs
[2023-05-26T20:51:25.824+0000] {logging_mixin.py:149} INFO - [2023-05-26T20:51:25.824+0000] {dag.py:3490} INFO - Setting next_dagrun for latest_only to 2023-05-26T16:51:25.824323+00:00, run_after=2023-05-26T20:51:25.824323+00:00
[2023-05-26T20:51:25.846+0000] {processor.py:179} INFO - Processing /home/airflow/.local/lib/python3.7/site-packages/airflow/example_dags/example_latest_only.py took 0.074 seconds
[2023-05-26T20:51:56.486+0000] {processor.py:157} INFO - Started process (PID=2643) to work on /home/airflow/.local/lib/python3.7/site-packages/airflow/example_dags/example_latest_only.py
[2023-05-26T20:51:56.488+0000] {processor.py:826} INFO - Processing file /home/airflow/.local/lib/python3.7/site-packages/airflow/example_dags/example_latest_only.py for tasks to queue
[2023-05-26T20:51:56.488+0000] {logging_mixin.py:149} INFO - [2023-05-26T20:51:56.488+0000] {dagbag.py:541} INFO - Filling up the DagBag from /home/airflow/.local/lib/python3.7/site-packages/airflow/example_dags/example_latest_only.py
[2023-05-26T20:51:56.494+0000] {processor.py:836} INFO - DAG(s) dict_keys(['latest_only']) retrieved from /home/airflow/.local/lib/python3.7/site-packages/airflow/example_dags/example_latest_only.py
[2023-05-26T20:51:56.514+0000] {logging_mixin.py:149} INFO - [2023-05-26T20:51:56.513+0000] {dag.py:2726} INFO - Sync 1 DAGs
[2023-05-26T20:51:56.529+0000] {logging_mixin.py:149} INFO - [2023-05-26T20:51:56.529+0000] {dag.py:3490} INFO - Setting next_dagrun for latest_only to 2023-05-26T16:51:56.529103+00:00, run_after=2023-05-26T20:51:56.529103+00:00
[2023-05-26T20:51:56.540+0000] {processor.py:179} INFO - Processing /home/airflow/.local/lib/python3.7/site-packages/airflow/example_dags/example_latest_only.py took 0.057 seconds
[2023-05-26T20:52:27.089+0000] {processor.py:157} INFO - Started process (PID=2699) to work on /home/airflow/.local/lib/python3.7/site-packages/airflow/example_dags/example_latest_only.py
[2023-05-26T20:52:27.091+0000] {processor.py:826} INFO - Processing file /home/airflow/.local/lib/python3.7/site-packages/airflow/example_dags/example_latest_only.py for tasks to queue
[2023-05-26T20:52:27.092+0000] {logging_mixin.py:149} INFO - [2023-05-26T20:52:27.092+0000] {dagbag.py:541} INFO - Filling up the DagBag from /home/airflow/.local/lib/python3.7/site-packages/airflow/example_dags/example_latest_only.py
[2023-05-26T20:52:27.097+0000] {processor.py:836} INFO - DAG(s) dict_keys(['latest_only']) retrieved from /home/airflow/.local/lib/python3.7/site-packages/airflow/example_dags/example_latest_only.py
[2023-05-26T20:52:27.117+0000] {logging_mixin.py:149} INFO - [2023-05-26T20:52:27.117+0000] {dag.py:2726} INFO - Sync 1 DAGs
[2023-05-26T20:52:27.132+0000] {logging_mixin.py:149} INFO - [2023-05-26T20:52:27.132+0000] {dag.py:3490} INFO - Setting next_dagrun for latest_only to 2023-05-26T16:52:27.132704+00:00, run_after=2023-05-26T20:52:27.132704+00:00
[2023-05-26T20:52:27.145+0000] {processor.py:179} INFO - Processing /home/airflow/.local/lib/python3.7/site-packages/airflow/example_dags/example_latest_only.py took 0.059 seconds
[2023-05-26T20:52:57.687+0000] {processor.py:157} INFO - Started process (PID=2755) to work on /home/airflow/.local/lib/python3.7/site-packages/airflow/example_dags/example_latest_only.py
[2023-05-26T20:52:57.689+0000] {processor.py:826} INFO - Processing file /home/airflow/.local/lib/python3.7/site-packages/airflow/example_dags/example_latest_only.py for tasks to queue
[2023-05-26T20:52:57.689+0000] {logging_mixin.py:149} INFO - [2023-05-26T20:52:57.689+0000] {dagbag.py:541} INFO - Filling up the DagBag from /home/airflow/.local/lib/python3.7/site-packages/airflow/example_dags/example_latest_only.py
[2023-05-26T20:52:57.695+0000] {processor.py:836} INFO - DAG(s) dict_keys(['latest_only']) retrieved from /home/airflow/.local/lib/python3.7/site-packages/airflow/example_dags/example_latest_only.py
[2023-05-26T20:52:57.715+0000] {logging_mixin.py:149} INFO - [2023-05-26T20:52:57.715+0000] {dag.py:2726} INFO - Sync 1 DAGs
[2023-05-26T20:52:57.730+0000] {logging_mixin.py:149} INFO - [2023-05-26T20:52:57.730+0000] {dag.py:3490} INFO - Setting next_dagrun for latest_only to 2023-05-26T16:52:57.730161+00:00, run_after=2023-05-26T20:52:57.730161+00:00
[2023-05-26T20:52:57.742+0000] {processor.py:179} INFO - Processing /home/airflow/.local/lib/python3.7/site-packages/airflow/example_dags/example_latest_only.py took 0.058 seconds
[2023-05-26T20:53:28.390+0000] {processor.py:157} INFO - Started process (PID=2811) to work on /home/airflow/.local/lib/python3.7/site-packages/airflow/example_dags/example_latest_only.py
[2023-05-26T20:53:28.392+0000] {processor.py:826} INFO - Processing file /home/airflow/.local/lib/python3.7/site-packages/airflow/example_dags/example_latest_only.py for tasks to queue
[2023-05-26T20:53:28.393+0000] {logging_mixin.py:149} INFO - [2023-05-26T20:53:28.392+0000] {dagbag.py:541} INFO - Filling up the DagBag from /home/airflow/.local/lib/python3.7/site-packages/airflow/example_dags/example_latest_only.py
[2023-05-26T20:53:28.398+0000] {processor.py:836} INFO - DAG(s) dict_keys(['latest_only']) retrieved from /home/airflow/.local/lib/python3.7/site-packages/airflow/example_dags/example_latest_only.py
[2023-05-26T20:53:28.418+0000] {logging_mixin.py:149} INFO - [2023-05-26T20:53:28.418+0000] {dag.py:2726} INFO - Sync 1 DAGs
[2023-05-26T20:53:28.433+0000] {logging_mixin.py:149} INFO - [2023-05-26T20:53:28.433+0000] {dag.py:3490} INFO - Setting next_dagrun for latest_only to 2023-05-26T16:53:28.433324+00:00, run_after=2023-05-26T20:53:28.433324+00:00
[2023-05-26T20:53:28.445+0000] {processor.py:179} INFO - Processing /home/airflow/.local/lib/python3.7/site-packages/airflow/example_dags/example_latest_only.py took 0.058 seconds
[2023-05-26T20:53:59.104+0000] {processor.py:157} INFO - Started process (PID=2873) to work on /home/airflow/.local/lib/python3.7/site-packages/airflow/example_dags/example_latest_only.py
[2023-05-26T20:53:59.106+0000] {processor.py:826} INFO - Processing file /home/airflow/.local/lib/python3.7/site-packages/airflow/example_dags/example_latest_only.py for tasks to queue
[2023-05-26T20:53:59.107+0000] {logging_mixin.py:149} INFO - [2023-05-26T20:53:59.107+0000] {dagbag.py:541} INFO - Filling up the DagBag from /home/airflow/.local/lib/python3.7/site-packages/airflow/example_dags/example_latest_only.py
[2023-05-26T20:53:59.112+0000] {processor.py:836} INFO - DAG(s) dict_keys(['latest_only']) retrieved from /home/airflow/.local/lib/python3.7/site-packages/airflow/example_dags/example_latest_only.py
[2023-05-26T20:53:59.132+0000] {logging_mixin.py:149} INFO - [2023-05-26T20:53:59.132+0000] {dag.py:2726} INFO - Sync 1 DAGs
[2023-05-26T20:53:59.148+0000] {logging_mixin.py:149} INFO - [2023-05-26T20:53:59.148+0000] {dag.py:3490} INFO - Setting next_dagrun for latest_only to 2023-05-26T16:53:59.148172+00:00, run_after=2023-05-26T20:53:59.148172+00:00
[2023-05-26T20:53:59.160+0000] {processor.py:179} INFO - Processing /home/airflow/.local/lib/python3.7/site-packages/airflow/example_dags/example_latest_only.py took 0.059 seconds
[2023-05-26T20:54:29.591+0000] {processor.py:157} INFO - Started process (PID=2929) to work on /home/airflow/.local/lib/python3.7/site-packages/airflow/example_dags/example_latest_only.py
[2023-05-26T20:54:29.595+0000] {processor.py:826} INFO - Processing file /home/airflow/.local/lib/python3.7/site-packages/airflow/example_dags/example_latest_only.py for tasks to queue
[2023-05-26T20:54:29.595+0000] {logging_mixin.py:149} INFO - [2023-05-26T20:54:29.595+0000] {dagbag.py:541} INFO - Filling up the DagBag from /home/airflow/.local/lib/python3.7/site-packages/airflow/example_dags/example_latest_only.py
[2023-05-26T20:54:29.600+0000] {processor.py:836} INFO - DAG(s) dict_keys(['latest_only']) retrieved from /home/airflow/.local/lib/python3.7/site-packages/airflow/example_dags/example_latest_only.py
[2023-05-26T20:54:29.620+0000] {logging_mixin.py:149} INFO - [2023-05-26T20:54:29.620+0000] {dag.py:2726} INFO - Sync 1 DAGs
[2023-05-26T20:54:29.639+0000] {logging_mixin.py:149} INFO - [2023-05-26T20:54:29.638+0000] {dag.py:3490} INFO - Setting next_dagrun for latest_only to 2023-05-26T16:54:29.638759+00:00, run_after=2023-05-26T20:54:29.638759+00:00
[2023-05-26T20:54:29.651+0000] {processor.py:179} INFO - Processing /home/airflow/.local/lib/python3.7/site-packages/airflow/example_dags/example_latest_only.py took 0.063 seconds
[2023-05-26T20:55:00.231+0000] {processor.py:157} INFO - Started process (PID=2985) to work on /home/airflow/.local/lib/python3.7/site-packages/airflow/example_dags/example_latest_only.py
[2023-05-26T20:55:00.233+0000] {processor.py:826} INFO - Processing file /home/airflow/.local/lib/python3.7/site-packages/airflow/example_dags/example_latest_only.py for tasks to queue
[2023-05-26T20:55:00.234+0000] {logging_mixin.py:149} INFO - [2023-05-26T20:55:00.234+0000] {dagbag.py:541} INFO - Filling up the DagBag from /home/airflow/.local/lib/python3.7/site-packages/airflow/example_dags/example_latest_only.py
[2023-05-26T20:55:00.243+0000] {processor.py:836} INFO - DAG(s) dict_keys(['latest_only']) retrieved from /home/airflow/.local/lib/python3.7/site-packages/airflow/example_dags/example_latest_only.py
[2023-05-26T20:55:00.269+0000] {logging_mixin.py:149} INFO - [2023-05-26T20:55:00.269+0000] {dag.py:2726} INFO - Sync 1 DAGs
[2023-05-26T20:55:00.288+0000] {logging_mixin.py:149} INFO - [2023-05-26T20:55:00.288+0000] {dag.py:3490} INFO - Setting next_dagrun for latest_only to 2023-05-26T16:55:00.287960+00:00, run_after=2023-05-26T20:55:00.287960+00:00
[2023-05-26T20:55:00.301+0000] {processor.py:179} INFO - Processing /home/airflow/.local/lib/python3.7/site-packages/airflow/example_dags/example_latest_only.py took 0.076 seconds
[2023-05-26T20:55:30.873+0000] {processor.py:157} INFO - Started process (PID=3042) to work on /home/airflow/.local/lib/python3.7/site-packages/airflow/example_dags/example_latest_only.py
[2023-05-26T20:55:30.875+0000] {processor.py:826} INFO - Processing file /home/airflow/.local/lib/python3.7/site-packages/airflow/example_dags/example_latest_only.py for tasks to queue
[2023-05-26T20:55:30.876+0000] {logging_mixin.py:149} INFO - [2023-05-26T20:55:30.876+0000] {dagbag.py:541} INFO - Filling up the DagBag from /home/airflow/.local/lib/python3.7/site-packages/airflow/example_dags/example_latest_only.py
[2023-05-26T20:55:30.881+0000] {processor.py:836} INFO - DAG(s) dict_keys(['latest_only']) retrieved from /home/airflow/.local/lib/python3.7/site-packages/airflow/example_dags/example_latest_only.py
[2023-05-26T20:55:30.900+0000] {logging_mixin.py:149} INFO - [2023-05-26T20:55:30.900+0000] {dag.py:2726} INFO - Sync 1 DAGs
[2023-05-26T20:55:30.917+0000] {logging_mixin.py:149} INFO - [2023-05-26T20:55:30.917+0000] {dag.py:3490} INFO - Setting next_dagrun for latest_only to 2023-05-26T16:55:30.916865+00:00, run_after=2023-05-26T20:55:30.916865+00:00
[2023-05-26T20:55:30.929+0000] {processor.py:179} INFO - Processing /home/airflow/.local/lib/python3.7/site-packages/airflow/example_dags/example_latest_only.py took 0.059 seconds
[2023-05-26T20:56:01.606+0000] {processor.py:157} INFO - Started process (PID=3098) to work on /home/airflow/.local/lib/python3.7/site-packages/airflow/example_dags/example_latest_only.py
[2023-05-26T20:56:01.608+0000] {processor.py:826} INFO - Processing file /home/airflow/.local/lib/python3.7/site-packages/airflow/example_dags/example_latest_only.py for tasks to queue
[2023-05-26T20:56:01.609+0000] {logging_mixin.py:149} INFO - [2023-05-26T20:56:01.609+0000] {dagbag.py:541} INFO - Filling up the DagBag from /home/airflow/.local/lib/python3.7/site-packages/airflow/example_dags/example_latest_only.py
[2023-05-26T20:56:01.614+0000] {processor.py:836} INFO - DAG(s) dict_keys(['latest_only']) retrieved from /home/airflow/.local/lib/python3.7/site-packages/airflow/example_dags/example_latest_only.py
[2023-05-26T20:56:01.634+0000] {logging_mixin.py:149} INFO - [2023-05-26T20:56:01.634+0000] {dag.py:2726} INFO - Sync 1 DAGs
[2023-05-26T20:56:01.650+0000] {logging_mixin.py:149} INFO - [2023-05-26T20:56:01.650+0000] {dag.py:3490} INFO - Setting next_dagrun for latest_only to 2023-05-26T16:56:01.650625+00:00, run_after=2023-05-26T20:56:01.650625+00:00
[2023-05-26T20:56:01.661+0000] {processor.py:179} INFO - Processing /home/airflow/.local/lib/python3.7/site-packages/airflow/example_dags/example_latest_only.py took 0.059 seconds
[2023-05-26T20:56:32.485+0000] {processor.py:157} INFO - Started process (PID=3154) to work on /home/airflow/.local/lib/python3.7/site-packages/airflow/example_dags/example_latest_only.py
[2023-05-26T20:56:32.486+0000] {processor.py:826} INFO - Processing file /home/airflow/.local/lib/python3.7/site-packages/airflow/example_dags/example_latest_only.py for tasks to queue
[2023-05-26T20:56:32.487+0000] {logging_mixin.py:149} INFO - [2023-05-26T20:56:32.487+0000] {dagbag.py:541} INFO - Filling up the DagBag from /home/airflow/.local/lib/python3.7/site-packages/airflow/example_dags/example_latest_only.py
[2023-05-26T20:56:32.492+0000] {processor.py:836} INFO - DAG(s) dict_keys(['latest_only']) retrieved from /home/airflow/.local/lib/python3.7/site-packages/airflow/example_dags/example_latest_only.py
[2023-05-26T20:56:32.511+0000] {logging_mixin.py:149} INFO - [2023-05-26T20:56:32.511+0000] {dag.py:2726} INFO - Sync 1 DAGs
[2023-05-26T20:56:32.527+0000] {logging_mixin.py:149} INFO - [2023-05-26T20:56:32.527+0000] {dag.py:3490} INFO - Setting next_dagrun for latest_only to 2023-05-26T16:56:32.526809+00:00, run_after=2023-05-26T20:56:32.526809+00:00
[2023-05-26T20:56:32.538+0000] {processor.py:179} INFO - Processing /home/airflow/.local/lib/python3.7/site-packages/airflow/example_dags/example_latest_only.py took 0.056 seconds
[2023-05-26T20:57:03.054+0000] {processor.py:157} INFO - Started process (PID=3210) to work on /home/airflow/.local/lib/python3.7/site-packages/airflow/example_dags/example_latest_only.py
[2023-05-26T20:57:03.056+0000] {processor.py:826} INFO - Processing file /home/airflow/.local/lib/python3.7/site-packages/airflow/example_dags/example_latest_only.py for tasks to queue
[2023-05-26T20:57:03.057+0000] {logging_mixin.py:149} INFO - [2023-05-26T20:57:03.057+0000] {dagbag.py:541} INFO - Filling up the DagBag from /home/airflow/.local/lib/python3.7/site-packages/airflow/example_dags/example_latest_only.py
[2023-05-26T20:57:03.062+0000] {processor.py:836} INFO - DAG(s) dict_keys(['latest_only']) retrieved from /home/airflow/.local/lib/python3.7/site-packages/airflow/example_dags/example_latest_only.py
[2023-05-26T20:57:03.081+0000] {logging_mixin.py:149} INFO - [2023-05-26T20:57:03.080+0000] {dag.py:2726} INFO - Sync 1 DAGs
[2023-05-26T20:57:03.096+0000] {logging_mixin.py:149} INFO - [2023-05-26T20:57:03.096+0000] {dag.py:3490} INFO - Setting next_dagrun for latest_only to 2023-05-26T16:57:03.096286+00:00, run_after=2023-05-26T20:57:03.096286+00:00
[2023-05-26T20:57:03.108+0000] {processor.py:179} INFO - Processing /home/airflow/.local/lib/python3.7/site-packages/airflow/example_dags/example_latest_only.py took 0.056 seconds
[2023-05-26T20:57:33.612+0000] {processor.py:157} INFO - Started process (PID=3266) to work on /home/airflow/.local/lib/python3.7/site-packages/airflow/example_dags/example_latest_only.py
[2023-05-26T20:57:33.615+0000] {processor.py:826} INFO - Processing file /home/airflow/.local/lib/python3.7/site-packages/airflow/example_dags/example_latest_only.py for tasks to queue
[2023-05-26T20:57:33.617+0000] {logging_mixin.py:149} INFO - [2023-05-26T20:57:33.617+0000] {dagbag.py:541} INFO - Filling up the DagBag from /home/airflow/.local/lib/python3.7/site-packages/airflow/example_dags/example_latest_only.py
[2023-05-26T20:57:33.640+0000] {processor.py:836} INFO - DAG(s) dict_keys(['latest_only']) retrieved from /home/airflow/.local/lib/python3.7/site-packages/airflow/example_dags/example_latest_only.py
[2023-05-26T20:57:33.873+0000] {logging_mixin.py:149} INFO - [2023-05-26T20:57:33.873+0000] {dag.py:2726} INFO - Sync 1 DAGs
[2023-05-26T20:57:33.901+0000] {logging_mixin.py:149} INFO - [2023-05-26T20:57:33.901+0000] {dag.py:3490} INFO - Setting next_dagrun for latest_only to 2023-05-26T16:57:33.901320+00:00, run_after=2023-05-26T20:57:33.901320+00:00
[2023-05-26T20:57:33.995+0000] {processor.py:179} INFO - Processing /home/airflow/.local/lib/python3.7/site-packages/airflow/example_dags/example_latest_only.py took 0.393 seconds
[2023-05-26T21:01:25.086+0000] {processor.py:157} INFO - Started process (PID=3307) to work on /home/airflow/.local/lib/python3.7/site-packages/airflow/example_dags/example_latest_only.py
[2023-05-26T21:01:25.087+0000] {processor.py:826} INFO - Processing file /home/airflow/.local/lib/python3.7/site-packages/airflow/example_dags/example_latest_only.py for tasks to queue
[2023-05-26T21:01:25.088+0000] {logging_mixin.py:149} INFO - [2023-05-26T21:01:25.088+0000] {dagbag.py:541} INFO - Filling up the DagBag from /home/airflow/.local/lib/python3.7/site-packages/airflow/example_dags/example_latest_only.py
[2023-05-26T21:01:25.093+0000] {processor.py:836} INFO - DAG(s) dict_keys(['latest_only']) retrieved from /home/airflow/.local/lib/python3.7/site-packages/airflow/example_dags/example_latest_only.py
[2023-05-26T21:01:25.115+0000] {logging_mixin.py:149} INFO - [2023-05-26T21:01:25.115+0000] {dag.py:2726} INFO - Sync 1 DAGs
[2023-05-26T21:01:25.133+0000] {logging_mixin.py:149} INFO - [2023-05-26T21:01:25.133+0000] {dag.py:3490} INFO - Setting next_dagrun for latest_only to 2023-05-26T17:01:25.133281+00:00, run_after=2023-05-26T21:01:25.133281+00:00
[2023-05-26T21:01:25.146+0000] {processor.py:179} INFO - Processing /home/airflow/.local/lib/python3.7/site-packages/airflow/example_dags/example_latest_only.py took 0.062 seconds
[2023-05-26T21:01:56.362+0000] {processor.py:157} INFO - Started process (PID=3363) to work on /home/airflow/.local/lib/python3.7/site-packages/airflow/example_dags/example_latest_only.py
[2023-05-26T21:01:56.365+0000] {processor.py:826} INFO - Processing file /home/airflow/.local/lib/python3.7/site-packages/airflow/example_dags/example_latest_only.py for tasks to queue
[2023-05-26T21:01:56.366+0000] {logging_mixin.py:149} INFO - [2023-05-26T21:01:56.366+0000] {dagbag.py:541} INFO - Filling up the DagBag from /home/airflow/.local/lib/python3.7/site-packages/airflow/example_dags/example_latest_only.py
[2023-05-26T21:01:56.372+0000] {processor.py:836} INFO - DAG(s) dict_keys(['latest_only']) retrieved from /home/airflow/.local/lib/python3.7/site-packages/airflow/example_dags/example_latest_only.py
[2023-05-26T21:01:56.399+0000] {logging_mixin.py:149} INFO - [2023-05-26T21:01:56.399+0000] {dag.py:2726} INFO - Sync 1 DAGs
[2023-05-26T21:01:56.424+0000] {logging_mixin.py:149} INFO - [2023-05-26T21:01:56.424+0000] {dag.py:3490} INFO - Setting next_dagrun for latest_only to 2023-05-26T17:01:56.424313+00:00, run_after=2023-05-26T21:01:56.424313+00:00
[2023-05-26T21:01:56.444+0000] {processor.py:179} INFO - Processing /home/airflow/.local/lib/python3.7/site-packages/airflow/example_dags/example_latest_only.py took 0.086 seconds
[2023-05-26T21:02:27.305+0000] {processor.py:157} INFO - Started process (PID=3419) to work on /home/airflow/.local/lib/python3.7/site-packages/airflow/example_dags/example_latest_only.py
[2023-05-26T21:02:27.306+0000] {processor.py:826} INFO - Processing file /home/airflow/.local/lib/python3.7/site-packages/airflow/example_dags/example_latest_only.py for tasks to queue
[2023-05-26T21:02:27.307+0000] {logging_mixin.py:149} INFO - [2023-05-26T21:02:27.307+0000] {dagbag.py:541} INFO - Filling up the DagBag from /home/airflow/.local/lib/python3.7/site-packages/airflow/example_dags/example_latest_only.py
[2023-05-26T21:02:27.312+0000] {processor.py:836} INFO - DAG(s) dict_keys(['latest_only']) retrieved from /home/airflow/.local/lib/python3.7/site-packages/airflow/example_dags/example_latest_only.py
[2023-05-26T21:02:27.332+0000] {logging_mixin.py:149} INFO - [2023-05-26T21:02:27.331+0000] {dag.py:2726} INFO - Sync 1 DAGs
[2023-05-26T21:02:27.348+0000] {logging_mixin.py:149} INFO - [2023-05-26T21:02:27.348+0000] {dag.py:3490} INFO - Setting next_dagrun for latest_only to 2023-05-26T17:02:27.348404+00:00, run_after=2023-05-26T21:02:27.348404+00:00
[2023-05-26T21:02:27.361+0000] {processor.py:179} INFO - Processing /home/airflow/.local/lib/python3.7/site-packages/airflow/example_dags/example_latest_only.py took 0.059 seconds
[2023-05-26T21:02:57.927+0000] {processor.py:157} INFO - Started process (PID=3475) to work on /home/airflow/.local/lib/python3.7/site-packages/airflow/example_dags/example_latest_only.py
[2023-05-26T21:02:57.929+0000] {processor.py:826} INFO - Processing file /home/airflow/.local/lib/python3.7/site-packages/airflow/example_dags/example_latest_only.py for tasks to queue
[2023-05-26T21:02:57.930+0000] {logging_mixin.py:149} INFO - [2023-05-26T21:02:57.930+0000] {dagbag.py:541} INFO - Filling up the DagBag from /home/airflow/.local/lib/python3.7/site-packages/airflow/example_dags/example_latest_only.py
[2023-05-26T21:02:57.935+0000] {processor.py:836} INFO - DAG(s) dict_keys(['latest_only']) retrieved from /home/airflow/.local/lib/python3.7/site-packages/airflow/example_dags/example_latest_only.py
[2023-05-26T21:02:57.957+0000] {logging_mixin.py:149} INFO - [2023-05-26T21:02:57.956+0000] {dag.py:2726} INFO - Sync 1 DAGs
[2023-05-26T21:02:57.974+0000] {logging_mixin.py:149} INFO - [2023-05-26T21:02:57.974+0000] {dag.py:3490} INFO - Setting next_dagrun for latest_only to 2023-05-26T17:02:57.974351+00:00, run_after=2023-05-26T21:02:57.974351+00:00
[2023-05-26T21:02:57.989+0000] {processor.py:179} INFO - Processing /home/airflow/.local/lib/python3.7/site-packages/airflow/example_dags/example_latest_only.py took 0.064 seconds
[2023-05-26T21:03:28.685+0000] {processor.py:157} INFO - Started process (PID=3531) to work on /home/airflow/.local/lib/python3.7/site-packages/airflow/example_dags/example_latest_only.py
[2023-05-26T21:03:28.687+0000] {processor.py:826} INFO - Processing file /home/airflow/.local/lib/python3.7/site-packages/airflow/example_dags/example_latest_only.py for tasks to queue
[2023-05-26T21:03:28.688+0000] {logging_mixin.py:149} INFO - [2023-05-26T21:03:28.688+0000] {dagbag.py:541} INFO - Filling up the DagBag from /home/airflow/.local/lib/python3.7/site-packages/airflow/example_dags/example_latest_only.py
[2023-05-26T21:03:28.692+0000] {processor.py:836} INFO - DAG(s) dict_keys(['latest_only']) retrieved from /home/airflow/.local/lib/python3.7/site-packages/airflow/example_dags/example_latest_only.py
[2023-05-26T21:03:28.712+0000] {logging_mixin.py:149} INFO - [2023-05-26T21:03:28.712+0000] {dag.py:2726} INFO - Sync 1 DAGs
[2023-05-26T21:03:28.728+0000] {logging_mixin.py:149} INFO - [2023-05-26T21:03:28.728+0000] {dag.py:3490} INFO - Setting next_dagrun for latest_only to 2023-05-26T17:03:28.727915+00:00, run_after=2023-05-26T21:03:28.727915+00:00
[2023-05-26T21:03:28.741+0000] {processor.py:179} INFO - Processing /home/airflow/.local/lib/python3.7/site-packages/airflow/example_dags/example_latest_only.py took 0.058 seconds
[2023-05-26T21:03:59.537+0000] {processor.py:157} INFO - Started process (PID=3588) to work on /home/airflow/.local/lib/python3.7/site-packages/airflow/example_dags/example_latest_only.py
[2023-05-26T21:03:59.539+0000] {processor.py:826} INFO - Processing file /home/airflow/.local/lib/python3.7/site-packages/airflow/example_dags/example_latest_only.py for tasks to queue
[2023-05-26T21:03:59.540+0000] {logging_mixin.py:149} INFO - [2023-05-26T21:03:59.540+0000] {dagbag.py:541} INFO - Filling up the DagBag from /home/airflow/.local/lib/python3.7/site-packages/airflow/example_dags/example_latest_only.py
[2023-05-26T21:03:59.544+0000] {processor.py:836} INFO - DAG(s) dict_keys(['latest_only']) retrieved from /home/airflow/.local/lib/python3.7/site-packages/airflow/example_dags/example_latest_only.py
[2023-05-26T21:03:59.565+0000] {logging_mixin.py:149} INFO - [2023-05-26T21:03:59.565+0000] {dag.py:2726} INFO - Sync 1 DAGs
[2023-05-26T21:03:59.583+0000] {logging_mixin.py:149} INFO - [2023-05-26T21:03:59.582+0000] {dag.py:3490} INFO - Setting next_dagrun for latest_only to 2023-05-26T17:03:59.582688+00:00, run_after=2023-05-26T21:03:59.582688+00:00
[2023-05-26T21:03:59.595+0000] {processor.py:179} INFO - Processing /home/airflow/.local/lib/python3.7/site-packages/airflow/example_dags/example_latest_only.py took 0.061 seconds
[2023-05-26T21:04:30.473+0000] {processor.py:157} INFO - Started process (PID=3644) to work on /home/airflow/.local/lib/python3.7/site-packages/airflow/example_dags/example_latest_only.py
[2023-05-26T21:04:30.475+0000] {processor.py:826} INFO - Processing file /home/airflow/.local/lib/python3.7/site-packages/airflow/example_dags/example_latest_only.py for tasks to queue
[2023-05-26T21:04:30.476+0000] {logging_mixin.py:149} INFO - [2023-05-26T21:04:30.476+0000] {dagbag.py:541} INFO - Filling up the DagBag from /home/airflow/.local/lib/python3.7/site-packages/airflow/example_dags/example_latest_only.py
[2023-05-26T21:04:30.480+0000] {processor.py:836} INFO - DAG(s) dict_keys(['latest_only']) retrieved from /home/airflow/.local/lib/python3.7/site-packages/airflow/example_dags/example_latest_only.py
[2023-05-26T21:04:30.500+0000] {logging_mixin.py:149} INFO - [2023-05-26T21:04:30.500+0000] {dag.py:2726} INFO - Sync 1 DAGs
[2023-05-26T21:04:30.515+0000] {logging_mixin.py:149} INFO - [2023-05-26T21:04:30.515+0000] {dag.py:3490} INFO - Setting next_dagrun for latest_only to 2023-05-26T17:04:30.515459+00:00, run_after=2023-05-26T21:04:30.515459+00:00
[2023-05-26T21:04:30.528+0000] {processor.py:179} INFO - Processing /home/airflow/.local/lib/python3.7/site-packages/airflow/example_dags/example_latest_only.py took 0.057 seconds
[2023-05-26T21:05:02.440+0000] {processor.py:157} INFO - Started process (PID=61) to work on /home/airflow/.local/lib/python3.7/site-packages/airflow/example_dags/example_latest_only.py
[2023-05-26T21:05:02.442+0000] {processor.py:826} INFO - Processing file /home/airflow/.local/lib/python3.7/site-packages/airflow/example_dags/example_latest_only.py for tasks to queue
[2023-05-26T21:05:02.443+0000] {logging_mixin.py:149} INFO - [2023-05-26T21:05:02.443+0000] {dagbag.py:541} INFO - Filling up the DagBag from /home/airflow/.local/lib/python3.7/site-packages/airflow/example_dags/example_latest_only.py
[2023-05-26T21:05:02.455+0000] {processor.py:836} INFO - DAG(s) dict_keys(['latest_only']) retrieved from /home/airflow/.local/lib/python3.7/site-packages/airflow/example_dags/example_latest_only.py
[2023-05-26T21:05:02.481+0000] {logging_mixin.py:149} INFO - [2023-05-26T21:05:02.481+0000] {dag.py:2726} INFO - Sync 1 DAGs
[2023-05-26T21:05:02.533+0000] {logging_mixin.py:149} INFO - [2023-05-26T21:05:02.533+0000] {dag.py:3490} INFO - Setting next_dagrun for latest_only to 2023-05-26T17:05:02.532868+00:00, run_after=2023-05-26T21:05:02.532868+00:00
[2023-05-26T21:05:02.560+0000] {processor.py:179} INFO - Processing /home/airflow/.local/lib/python3.7/site-packages/airflow/example_dags/example_latest_only.py took 0.124 seconds
[2023-05-26T21:05:33.168+0000] {processor.py:157} INFO - Started process (PID=117) to work on /home/airflow/.local/lib/python3.7/site-packages/airflow/example_dags/example_latest_only.py
[2023-05-26T21:05:33.170+0000] {processor.py:826} INFO - Processing file /home/airflow/.local/lib/python3.7/site-packages/airflow/example_dags/example_latest_only.py for tasks to queue
[2023-05-26T21:05:33.171+0000] {logging_mixin.py:149} INFO - [2023-05-26T21:05:33.171+0000] {dagbag.py:541} INFO - Filling up the DagBag from /home/airflow/.local/lib/python3.7/site-packages/airflow/example_dags/example_latest_only.py
[2023-05-26T21:05:33.176+0000] {processor.py:836} INFO - DAG(s) dict_keys(['latest_only']) retrieved from /home/airflow/.local/lib/python3.7/site-packages/airflow/example_dags/example_latest_only.py
[2023-05-26T21:05:33.196+0000] {logging_mixin.py:149} INFO - [2023-05-26T21:05:33.196+0000] {dag.py:2726} INFO - Sync 1 DAGs
[2023-05-26T21:05:33.214+0000] {logging_mixin.py:149} INFO - [2023-05-26T21:05:33.214+0000] {dag.py:3490} INFO - Setting next_dagrun for latest_only to 2023-05-26T17:05:33.214642+00:00, run_after=2023-05-26T21:05:33.214642+00:00
[2023-05-26T21:05:33.229+0000] {processor.py:179} INFO - Processing /home/airflow/.local/lib/python3.7/site-packages/airflow/example_dags/example_latest_only.py took 0.064 seconds
[2023-05-26T21:06:03.697+0000] {processor.py:157} INFO - Started process (PID=173) to work on /home/airflow/.local/lib/python3.7/site-packages/airflow/example_dags/example_latest_only.py
[2023-05-26T21:06:03.700+0000] {processor.py:826} INFO - Processing file /home/airflow/.local/lib/python3.7/site-packages/airflow/example_dags/example_latest_only.py for tasks to queue
[2023-05-26T21:06:03.700+0000] {logging_mixin.py:149} INFO - [2023-05-26T21:06:03.700+0000] {dagbag.py:541} INFO - Filling up the DagBag from /home/airflow/.local/lib/python3.7/site-packages/airflow/example_dags/example_latest_only.py
[2023-05-26T21:06:03.705+0000] {processor.py:836} INFO - DAG(s) dict_keys(['latest_only']) retrieved from /home/airflow/.local/lib/python3.7/site-packages/airflow/example_dags/example_latest_only.py
[2023-05-26T21:06:03.732+0000] {logging_mixin.py:149} INFO - [2023-05-26T21:06:03.731+0000] {dag.py:2726} INFO - Sync 1 DAGs
[2023-05-26T21:06:03.753+0000] {logging_mixin.py:149} INFO - [2023-05-26T21:06:03.752+0000] {dag.py:3490} INFO - Setting next_dagrun for latest_only to 2023-05-26T17:06:03.752673+00:00, run_after=2023-05-26T21:06:03.752673+00:00
[2023-05-26T21:06:03.766+0000] {processor.py:179} INFO - Processing /home/airflow/.local/lib/python3.7/site-packages/airflow/example_dags/example_latest_only.py took 0.073 seconds
[2023-05-26T21:06:40.554+0000] {processor.py:157} INFO - Started process (PID=229) to work on /home/airflow/.local/lib/python3.7/site-packages/airflow/example_dags/example_latest_only.py
[2023-05-26T21:06:40.556+0000] {processor.py:826} INFO - Processing file /home/airflow/.local/lib/python3.7/site-packages/airflow/example_dags/example_latest_only.py for tasks to queue
[2023-05-26T21:06:40.557+0000] {logging_mixin.py:149} INFO - [2023-05-26T21:06:40.557+0000] {dagbag.py:541} INFO - Filling up the DagBag from /home/airflow/.local/lib/python3.7/site-packages/airflow/example_dags/example_latest_only.py
[2023-05-26T21:06:40.562+0000] {processor.py:836} INFO - DAG(s) dict_keys(['latest_only']) retrieved from /home/airflow/.local/lib/python3.7/site-packages/airflow/example_dags/example_latest_only.py
[2023-05-26T21:06:40.576+0000] {logging_mixin.py:149} INFO - [2023-05-26T21:06:40.576+0000] {dag.py:2726} INFO - Sync 1 DAGs
[2023-05-26T21:06:40.592+0000] {logging_mixin.py:149} INFO - [2023-05-26T21:06:40.592+0000] {dag.py:3490} INFO - Setting next_dagrun for latest_only to 2023-05-26T17:06:40.592656+00:00, run_after=2023-05-26T21:06:40.592656+00:00
[2023-05-26T21:06:40.604+0000] {processor.py:179} INFO - Processing /home/airflow/.local/lib/python3.7/site-packages/airflow/example_dags/example_latest_only.py took 0.053 seconds
[2023-05-26T21:07:11.108+0000] {processor.py:157} INFO - Started process (PID=286) to work on /home/airflow/.local/lib/python3.7/site-packages/airflow/example_dags/example_latest_only.py
[2023-05-26T21:07:11.110+0000] {processor.py:826} INFO - Processing file /home/airflow/.local/lib/python3.7/site-packages/airflow/example_dags/example_latest_only.py for tasks to queue
[2023-05-26T21:07:11.111+0000] {logging_mixin.py:149} INFO - [2023-05-26T21:07:11.111+0000] {dagbag.py:541} INFO - Filling up the DagBag from /home/airflow/.local/lib/python3.7/site-packages/airflow/example_dags/example_latest_only.py
[2023-05-26T21:07:11.123+0000] {processor.py:836} INFO - DAG(s) dict_keys(['latest_only']) retrieved from /home/airflow/.local/lib/python3.7/site-packages/airflow/example_dags/example_latest_only.py
[2023-05-26T21:07:11.141+0000] {logging_mixin.py:149} INFO - [2023-05-26T21:07:11.141+0000] {dag.py:2726} INFO - Sync 1 DAGs
[2023-05-26T21:07:11.158+0000] {logging_mixin.py:149} INFO - [2023-05-26T21:07:11.158+0000] {dag.py:3490} INFO - Setting next_dagrun for latest_only to 2023-05-26T17:07:11.158563+00:00, run_after=2023-05-26T21:07:11.158563+00:00
[2023-05-26T21:07:11.175+0000] {processor.py:179} INFO - Processing /home/airflow/.local/lib/python3.7/site-packages/airflow/example_dags/example_latest_only.py took 0.073 seconds
[2023-05-26T21:07:41.798+0000] {processor.py:157} INFO - Started process (PID=342) to work on /home/airflow/.local/lib/python3.7/site-packages/airflow/example_dags/example_latest_only.py
[2023-05-26T21:07:41.799+0000] {processor.py:826} INFO - Processing file /home/airflow/.local/lib/python3.7/site-packages/airflow/example_dags/example_latest_only.py for tasks to queue
[2023-05-26T21:07:41.800+0000] {logging_mixin.py:149} INFO - [2023-05-26T21:07:41.800+0000] {dagbag.py:541} INFO - Filling up the DagBag from /home/airflow/.local/lib/python3.7/site-packages/airflow/example_dags/example_latest_only.py
[2023-05-26T21:07:41.805+0000] {processor.py:836} INFO - DAG(s) dict_keys(['latest_only']) retrieved from /home/airflow/.local/lib/python3.7/site-packages/airflow/example_dags/example_latest_only.py
[2023-05-26T21:07:41.825+0000] {logging_mixin.py:149} INFO - [2023-05-26T21:07:41.825+0000] {dag.py:2726} INFO - Sync 1 DAGs
[2023-05-26T21:07:41.843+0000] {logging_mixin.py:149} INFO - [2023-05-26T21:07:41.843+0000] {dag.py:3490} INFO - Setting next_dagrun for latest_only to 2023-05-26T17:07:41.843162+00:00, run_after=2023-05-26T21:07:41.843162+00:00
[2023-05-26T21:07:41.857+0000] {processor.py:179} INFO - Processing /home/airflow/.local/lib/python3.7/site-packages/airflow/example_dags/example_latest_only.py took 0.062 seconds
[2023-05-26T21:08:12.208+0000] {processor.py:157} INFO - Started process (PID=398) to work on /home/airflow/.local/lib/python3.7/site-packages/airflow/example_dags/example_latest_only.py
[2023-05-26T21:08:12.209+0000] {processor.py:826} INFO - Processing file /home/airflow/.local/lib/python3.7/site-packages/airflow/example_dags/example_latest_only.py for tasks to queue
[2023-05-26T21:08:12.210+0000] {logging_mixin.py:149} INFO - [2023-05-26T21:08:12.210+0000] {dagbag.py:541} INFO - Filling up the DagBag from /home/airflow/.local/lib/python3.7/site-packages/airflow/example_dags/example_latest_only.py
[2023-05-26T21:08:12.214+0000] {processor.py:836} INFO - DAG(s) dict_keys(['latest_only']) retrieved from /home/airflow/.local/lib/python3.7/site-packages/airflow/example_dags/example_latest_only.py
[2023-05-26T21:08:12.233+0000] {logging_mixin.py:149} INFO - [2023-05-26T21:08:12.232+0000] {dag.py:2726} INFO - Sync 1 DAGs
[2023-05-26T21:08:12.248+0000] {logging_mixin.py:149} INFO - [2023-05-26T21:08:12.248+0000] {dag.py:3490} INFO - Setting next_dagrun for latest_only to 2023-05-26T17:08:12.248443+00:00, run_after=2023-05-26T21:08:12.248443+00:00
[2023-05-26T21:08:12.266+0000] {processor.py:179} INFO - Processing /home/airflow/.local/lib/python3.7/site-packages/airflow/example_dags/example_latest_only.py took 0.061 seconds
