[2023-05-26T20:28:34.303+0000] {processor.py:157} INFO - Started process (PID=59) to work on /home/airflow/.local/lib/python3.7/site-packages/airflow/example_dags/example_sensors.py
[2023-05-26T20:28:34.305+0000] {processor.py:826} INFO - Processing file /home/airflow/.local/lib/python3.7/site-packages/airflow/example_dags/example_sensors.py for tasks to queue
[2023-05-26T20:28:34.308+0000] {logging_mixin.py:149} INFO - [2023-05-26T20:28:34.308+0000] {dagbag.py:541} INFO - Filling up the DagBag from /home/airflow/.local/lib/python3.7/site-packages/airflow/example_dags/example_sensors.py
[2023-05-26T20:28:34.327+0000] {processor.py:836} INFO - DAG(s) dict_keys(['example_sensors']) retrieved from /home/airflow/.local/lib/python3.7/site-packages/airflow/example_dags/example_sensors.py
[2023-05-26T20:28:34.517+0000] {logging_mixin.py:149} INFO - [2023-05-26T20:28:34.517+0000] {manager.py:504} INFO - Created Permission View: can delete on DAG:example_sensors
[2023-05-26T20:28:34.528+0000] {logging_mixin.py:149} INFO - [2023-05-26T20:28:34.528+0000] {manager.py:504} INFO - Created Permission View: can read on DAG:example_sensors
[2023-05-26T20:28:34.533+0000] {logging_mixin.py:149} INFO - [2023-05-26T20:28:34.533+0000] {manager.py:504} INFO - Created Permission View: can edit on DAG:example_sensors
[2023-05-26T20:28:34.534+0000] {logging_mixin.py:149} INFO - [2023-05-26T20:28:34.534+0000] {dag.py:2726} INFO - Sync 1 DAGs
[2023-05-26T20:28:34.548+0000] {logging_mixin.py:149} INFO - [2023-05-26T20:28:34.547+0000] {dag.py:2747} INFO - Creating ORM DAG for example_sensors
[2023-05-26T20:28:34.566+0000] {logging_mixin.py:149} INFO - [2023-05-26T20:28:34.565+0000] {dag.py:3490} INFO - Setting next_dagrun for example_sensors to None, run_after=None
[2023-05-26T20:28:34.629+0000] {processor.py:179} INFO - Processing /home/airflow/.local/lib/python3.7/site-packages/airflow/example_dags/example_sensors.py took 0.329 seconds
[2023-05-26T20:29:05.258+0000] {processor.py:157} INFO - Started process (PID=114) to work on /home/airflow/.local/lib/python3.7/site-packages/airflow/example_dags/example_sensors.py
[2023-05-26T20:29:05.260+0000] {processor.py:826} INFO - Processing file /home/airflow/.local/lib/python3.7/site-packages/airflow/example_dags/example_sensors.py for tasks to queue
[2023-05-26T20:29:05.261+0000] {logging_mixin.py:149} INFO - [2023-05-26T20:29:05.261+0000] {dagbag.py:541} INFO - Filling up the DagBag from /home/airflow/.local/lib/python3.7/site-packages/airflow/example_dags/example_sensors.py
[2023-05-26T20:29:05.268+0000] {processor.py:836} INFO - DAG(s) dict_keys(['example_sensors']) retrieved from /home/airflow/.local/lib/python3.7/site-packages/airflow/example_dags/example_sensors.py
[2023-05-26T20:29:05.290+0000] {logging_mixin.py:149} INFO - [2023-05-26T20:29:05.290+0000] {dag.py:2726} INFO - Sync 1 DAGs
[2023-05-26T20:29:05.305+0000] {logging_mixin.py:149} INFO - [2023-05-26T20:29:05.305+0000] {dag.py:3490} INFO - Setting next_dagrun for example_sensors to None, run_after=None
[2023-05-26T20:29:05.317+0000] {processor.py:179} INFO - Processing /home/airflow/.local/lib/python3.7/site-packages/airflow/example_dags/example_sensors.py took 0.061 seconds
[2023-05-26T20:29:36.079+0000] {processor.py:157} INFO - Started process (PID=170) to work on /home/airflow/.local/lib/python3.7/site-packages/airflow/example_dags/example_sensors.py
[2023-05-26T20:29:36.081+0000] {processor.py:826} INFO - Processing file /home/airflow/.local/lib/python3.7/site-packages/airflow/example_dags/example_sensors.py for tasks to queue
[2023-05-26T20:29:36.082+0000] {logging_mixin.py:149} INFO - [2023-05-26T20:29:36.082+0000] {dagbag.py:541} INFO - Filling up the DagBag from /home/airflow/.local/lib/python3.7/site-packages/airflow/example_dags/example_sensors.py
[2023-05-26T20:29:36.089+0000] {processor.py:836} INFO - DAG(s) dict_keys(['example_sensors']) retrieved from /home/airflow/.local/lib/python3.7/site-packages/airflow/example_dags/example_sensors.py
[2023-05-26T20:29:36.110+0000] {logging_mixin.py:149} INFO - [2023-05-26T20:29:36.110+0000] {dag.py:2726} INFO - Sync 1 DAGs
[2023-05-26T20:29:36.125+0000] {logging_mixin.py:149} INFO - [2023-05-26T20:29:36.125+0000] {dag.py:3490} INFO - Setting next_dagrun for example_sensors to None, run_after=None
[2023-05-26T20:29:36.137+0000] {processor.py:179} INFO - Processing /home/airflow/.local/lib/python3.7/site-packages/airflow/example_dags/example_sensors.py took 0.061 seconds
[2023-05-26T20:30:06.435+0000] {processor.py:157} INFO - Started process (PID=226) to work on /home/airflow/.local/lib/python3.7/site-packages/airflow/example_dags/example_sensors.py
[2023-05-26T20:30:06.443+0000] {processor.py:826} INFO - Processing file /home/airflow/.local/lib/python3.7/site-packages/airflow/example_dags/example_sensors.py for tasks to queue
[2023-05-26T20:30:06.444+0000] {logging_mixin.py:149} INFO - [2023-05-26T20:30:06.444+0000] {dagbag.py:541} INFO - Filling up the DagBag from /home/airflow/.local/lib/python3.7/site-packages/airflow/example_dags/example_sensors.py
[2023-05-26T20:30:06.451+0000] {processor.py:836} INFO - DAG(s) dict_keys(['example_sensors']) retrieved from /home/airflow/.local/lib/python3.7/site-packages/airflow/example_dags/example_sensors.py
[2023-05-26T20:30:06.478+0000] {logging_mixin.py:149} INFO - [2023-05-26T20:30:06.477+0000] {dag.py:2726} INFO - Sync 1 DAGs
[2023-05-26T20:30:06.496+0000] {logging_mixin.py:149} INFO - [2023-05-26T20:30:06.496+0000] {dag.py:3490} INFO - Setting next_dagrun for example_sensors to None, run_after=None
[2023-05-26T20:30:06.511+0000] {processor.py:179} INFO - Processing /home/airflow/.local/lib/python3.7/site-packages/airflow/example_dags/example_sensors.py took 0.079 seconds
[2023-05-26T20:30:36.767+0000] {processor.py:157} INFO - Started process (PID=282) to work on /home/airflow/.local/lib/python3.7/site-packages/airflow/example_dags/example_sensors.py
[2023-05-26T20:30:36.769+0000] {processor.py:826} INFO - Processing file /home/airflow/.local/lib/python3.7/site-packages/airflow/example_dags/example_sensors.py for tasks to queue
[2023-05-26T20:30:36.770+0000] {logging_mixin.py:149} INFO - [2023-05-26T20:30:36.770+0000] {dagbag.py:541} INFO - Filling up the DagBag from /home/airflow/.local/lib/python3.7/site-packages/airflow/example_dags/example_sensors.py
[2023-05-26T20:30:36.777+0000] {processor.py:836} INFO - DAG(s) dict_keys(['example_sensors']) retrieved from /home/airflow/.local/lib/python3.7/site-packages/airflow/example_dags/example_sensors.py
[2023-05-26T20:30:36.799+0000] {logging_mixin.py:149} INFO - [2023-05-26T20:30:36.799+0000] {dag.py:2726} INFO - Sync 1 DAGs
[2023-05-26T20:30:36.814+0000] {logging_mixin.py:149} INFO - [2023-05-26T20:30:36.813+0000] {dag.py:3490} INFO - Setting next_dagrun for example_sensors to None, run_after=None
[2023-05-26T20:30:36.825+0000] {processor.py:179} INFO - Processing /home/airflow/.local/lib/python3.7/site-packages/airflow/example_dags/example_sensors.py took 0.061 seconds
[2023-05-26T20:31:07.326+0000] {processor.py:157} INFO - Started process (PID=338) to work on /home/airflow/.local/lib/python3.7/site-packages/airflow/example_dags/example_sensors.py
[2023-05-26T20:31:07.327+0000] {processor.py:826} INFO - Processing file /home/airflow/.local/lib/python3.7/site-packages/airflow/example_dags/example_sensors.py for tasks to queue
[2023-05-26T20:31:07.329+0000] {logging_mixin.py:149} INFO - [2023-05-26T20:31:07.329+0000] {dagbag.py:541} INFO - Filling up the DagBag from /home/airflow/.local/lib/python3.7/site-packages/airflow/example_dags/example_sensors.py
[2023-05-26T20:31:07.341+0000] {processor.py:836} INFO - DAG(s) dict_keys(['example_sensors']) retrieved from /home/airflow/.local/lib/python3.7/site-packages/airflow/example_dags/example_sensors.py
[2023-05-26T20:31:07.375+0000] {logging_mixin.py:149} INFO - [2023-05-26T20:31:07.374+0000] {dag.py:2726} INFO - Sync 1 DAGs
[2023-05-26T20:31:07.406+0000] {logging_mixin.py:149} INFO - [2023-05-26T20:31:07.406+0000] {dag.py:3490} INFO - Setting next_dagrun for example_sensors to None, run_after=None
[2023-05-26T20:31:07.427+0000] {processor.py:179} INFO - Processing /home/airflow/.local/lib/python3.7/site-packages/airflow/example_dags/example_sensors.py took 0.104 seconds
[2023-05-26T20:31:38.025+0000] {processor.py:157} INFO - Started process (PID=394) to work on /home/airflow/.local/lib/python3.7/site-packages/airflow/example_dags/example_sensors.py
[2023-05-26T20:31:38.027+0000] {processor.py:826} INFO - Processing file /home/airflow/.local/lib/python3.7/site-packages/airflow/example_dags/example_sensors.py for tasks to queue
[2023-05-26T20:31:38.027+0000] {logging_mixin.py:149} INFO - [2023-05-26T20:31:38.027+0000] {dagbag.py:541} INFO - Filling up the DagBag from /home/airflow/.local/lib/python3.7/site-packages/airflow/example_dags/example_sensors.py
[2023-05-26T20:31:38.035+0000] {processor.py:836} INFO - DAG(s) dict_keys(['example_sensors']) retrieved from /home/airflow/.local/lib/python3.7/site-packages/airflow/example_dags/example_sensors.py
[2023-05-26T20:31:38.058+0000] {logging_mixin.py:149} INFO - [2023-05-26T20:31:38.058+0000] {dag.py:2726} INFO - Sync 1 DAGs
[2023-05-26T20:31:38.075+0000] {logging_mixin.py:149} INFO - [2023-05-26T20:31:38.075+0000] {dag.py:3490} INFO - Setting next_dagrun for example_sensors to None, run_after=None
[2023-05-26T20:31:38.085+0000] {processor.py:179} INFO - Processing /home/airflow/.local/lib/python3.7/site-packages/airflow/example_dags/example_sensors.py took 0.063 seconds
[2023-05-26T20:32:08.396+0000] {processor.py:157} INFO - Started process (PID=450) to work on /home/airflow/.local/lib/python3.7/site-packages/airflow/example_dags/example_sensors.py
[2023-05-26T20:32:08.398+0000] {processor.py:826} INFO - Processing file /home/airflow/.local/lib/python3.7/site-packages/airflow/example_dags/example_sensors.py for tasks to queue
[2023-05-26T20:32:08.399+0000] {logging_mixin.py:149} INFO - [2023-05-26T20:32:08.399+0000] {dagbag.py:541} INFO - Filling up the DagBag from /home/airflow/.local/lib/python3.7/site-packages/airflow/example_dags/example_sensors.py
[2023-05-26T20:32:08.407+0000] {processor.py:836} INFO - DAG(s) dict_keys(['example_sensors']) retrieved from /home/airflow/.local/lib/python3.7/site-packages/airflow/example_dags/example_sensors.py
[2023-05-26T20:32:08.429+0000] {logging_mixin.py:149} INFO - [2023-05-26T20:32:08.429+0000] {dag.py:2726} INFO - Sync 1 DAGs
[2023-05-26T20:32:08.445+0000] {logging_mixin.py:149} INFO - [2023-05-26T20:32:08.445+0000] {dag.py:3490} INFO - Setting next_dagrun for example_sensors to None, run_after=None
[2023-05-26T20:32:08.456+0000] {processor.py:179} INFO - Processing /home/airflow/.local/lib/python3.7/site-packages/airflow/example_dags/example_sensors.py took 0.063 seconds
[2023-05-26T20:32:38.829+0000] {processor.py:157} INFO - Started process (PID=506) to work on /home/airflow/.local/lib/python3.7/site-packages/airflow/example_dags/example_sensors.py
[2023-05-26T20:32:38.831+0000] {processor.py:826} INFO - Processing file /home/airflow/.local/lib/python3.7/site-packages/airflow/example_dags/example_sensors.py for tasks to queue
[2023-05-26T20:32:38.832+0000] {logging_mixin.py:149} INFO - [2023-05-26T20:32:38.832+0000] {dagbag.py:541} INFO - Filling up the DagBag from /home/airflow/.local/lib/python3.7/site-packages/airflow/example_dags/example_sensors.py
[2023-05-26T20:32:38.839+0000] {processor.py:836} INFO - DAG(s) dict_keys(['example_sensors']) retrieved from /home/airflow/.local/lib/python3.7/site-packages/airflow/example_dags/example_sensors.py
[2023-05-26T20:32:38.860+0000] {logging_mixin.py:149} INFO - [2023-05-26T20:32:38.860+0000] {dag.py:2726} INFO - Sync 1 DAGs
[2023-05-26T20:32:38.875+0000] {logging_mixin.py:149} INFO - [2023-05-26T20:32:38.874+0000] {dag.py:3490} INFO - Setting next_dagrun for example_sensors to None, run_after=None
[2023-05-26T20:32:38.885+0000] {processor.py:179} INFO - Processing /home/airflow/.local/lib/python3.7/site-packages/airflow/example_dags/example_sensors.py took 0.059 seconds
[2023-05-26T20:33:09.304+0000] {processor.py:157} INFO - Started process (PID=562) to work on /home/airflow/.local/lib/python3.7/site-packages/airflow/example_dags/example_sensors.py
[2023-05-26T20:33:09.306+0000] {processor.py:826} INFO - Processing file /home/airflow/.local/lib/python3.7/site-packages/airflow/example_dags/example_sensors.py for tasks to queue
[2023-05-26T20:33:09.307+0000] {logging_mixin.py:149} INFO - [2023-05-26T20:33:09.307+0000] {dagbag.py:541} INFO - Filling up the DagBag from /home/airflow/.local/lib/python3.7/site-packages/airflow/example_dags/example_sensors.py
[2023-05-26T20:33:09.315+0000] {processor.py:836} INFO - DAG(s) dict_keys(['example_sensors']) retrieved from /home/airflow/.local/lib/python3.7/site-packages/airflow/example_dags/example_sensors.py
[2023-05-26T20:33:09.336+0000] {logging_mixin.py:149} INFO - [2023-05-26T20:33:09.336+0000] {dag.py:2726} INFO - Sync 1 DAGs
[2023-05-26T20:33:09.351+0000] {logging_mixin.py:149} INFO - [2023-05-26T20:33:09.351+0000] {dag.py:3490} INFO - Setting next_dagrun for example_sensors to None, run_after=None
[2023-05-26T20:33:09.364+0000] {processor.py:179} INFO - Processing /home/airflow/.local/lib/python3.7/site-packages/airflow/example_dags/example_sensors.py took 0.062 seconds
[2023-05-26T20:33:39.840+0000] {processor.py:157} INFO - Started process (PID=618) to work on /home/airflow/.local/lib/python3.7/site-packages/airflow/example_dags/example_sensors.py
[2023-05-26T20:33:39.842+0000] {processor.py:826} INFO - Processing file /home/airflow/.local/lib/python3.7/site-packages/airflow/example_dags/example_sensors.py for tasks to queue
[2023-05-26T20:33:39.843+0000] {logging_mixin.py:149} INFO - [2023-05-26T20:33:39.843+0000] {dagbag.py:541} INFO - Filling up the DagBag from /home/airflow/.local/lib/python3.7/site-packages/airflow/example_dags/example_sensors.py
[2023-05-26T20:33:39.850+0000] {processor.py:836} INFO - DAG(s) dict_keys(['example_sensors']) retrieved from /home/airflow/.local/lib/python3.7/site-packages/airflow/example_dags/example_sensors.py
[2023-05-26T20:33:39.871+0000] {logging_mixin.py:149} INFO - [2023-05-26T20:33:39.871+0000] {dag.py:2726} INFO - Sync 1 DAGs
[2023-05-26T20:33:39.887+0000] {logging_mixin.py:149} INFO - [2023-05-26T20:33:39.887+0000] {dag.py:3490} INFO - Setting next_dagrun for example_sensors to None, run_after=None
[2023-05-26T20:33:39.900+0000] {processor.py:179} INFO - Processing /home/airflow/.local/lib/python3.7/site-packages/airflow/example_dags/example_sensors.py took 0.063 seconds
[2023-05-26T20:34:10.301+0000] {processor.py:157} INFO - Started process (PID=674) to work on /home/airflow/.local/lib/python3.7/site-packages/airflow/example_dags/example_sensors.py
[2023-05-26T20:34:10.313+0000] {processor.py:826} INFO - Processing file /home/airflow/.local/lib/python3.7/site-packages/airflow/example_dags/example_sensors.py for tasks to queue
[2023-05-26T20:34:10.315+0000] {logging_mixin.py:149} INFO - [2023-05-26T20:34:10.315+0000] {dagbag.py:541} INFO - Filling up the DagBag from /home/airflow/.local/lib/python3.7/site-packages/airflow/example_dags/example_sensors.py
[2023-05-26T20:34:10.322+0000] {processor.py:836} INFO - DAG(s) dict_keys(['example_sensors']) retrieved from /home/airflow/.local/lib/python3.7/site-packages/airflow/example_dags/example_sensors.py
[2023-05-26T20:34:10.344+0000] {logging_mixin.py:149} INFO - [2023-05-26T20:34:10.344+0000] {dag.py:2726} INFO - Sync 1 DAGs
[2023-05-26T20:34:10.359+0000] {logging_mixin.py:149} INFO - [2023-05-26T20:34:10.359+0000] {dag.py:3490} INFO - Setting next_dagrun for example_sensors to None, run_after=None
[2023-05-26T20:34:10.370+0000] {processor.py:179} INFO - Processing /home/airflow/.local/lib/python3.7/site-packages/airflow/example_dags/example_sensors.py took 0.072 seconds
[2023-05-26T20:34:40.751+0000] {processor.py:157} INFO - Started process (PID=730) to work on /home/airflow/.local/lib/python3.7/site-packages/airflow/example_dags/example_sensors.py
[2023-05-26T20:34:40.753+0000] {processor.py:826} INFO - Processing file /home/airflow/.local/lib/python3.7/site-packages/airflow/example_dags/example_sensors.py for tasks to queue
[2023-05-26T20:34:40.754+0000] {logging_mixin.py:149} INFO - [2023-05-26T20:34:40.754+0000] {dagbag.py:541} INFO - Filling up the DagBag from /home/airflow/.local/lib/python3.7/site-packages/airflow/example_dags/example_sensors.py
[2023-05-26T20:34:40.762+0000] {processor.py:836} INFO - DAG(s) dict_keys(['example_sensors']) retrieved from /home/airflow/.local/lib/python3.7/site-packages/airflow/example_dags/example_sensors.py
[2023-05-26T20:34:40.785+0000] {logging_mixin.py:149} INFO - [2023-05-26T20:34:40.785+0000] {dag.py:2726} INFO - Sync 1 DAGs
[2023-05-26T20:34:40.800+0000] {logging_mixin.py:149} INFO - [2023-05-26T20:34:40.800+0000] {dag.py:3490} INFO - Setting next_dagrun for example_sensors to None, run_after=None
[2023-05-26T20:34:40.811+0000] {processor.py:179} INFO - Processing /home/airflow/.local/lib/python3.7/site-packages/airflow/example_dags/example_sensors.py took 0.063 seconds
[2023-05-26T20:35:11.124+0000] {processor.py:157} INFO - Started process (PID=787) to work on /home/airflow/.local/lib/python3.7/site-packages/airflow/example_dags/example_sensors.py
[2023-05-26T20:35:11.126+0000] {processor.py:826} INFO - Processing file /home/airflow/.local/lib/python3.7/site-packages/airflow/example_dags/example_sensors.py for tasks to queue
[2023-05-26T20:35:11.127+0000] {logging_mixin.py:149} INFO - [2023-05-26T20:35:11.127+0000] {dagbag.py:541} INFO - Filling up the DagBag from /home/airflow/.local/lib/python3.7/site-packages/airflow/example_dags/example_sensors.py
[2023-05-26T20:35:11.134+0000] {processor.py:836} INFO - DAG(s) dict_keys(['example_sensors']) retrieved from /home/airflow/.local/lib/python3.7/site-packages/airflow/example_dags/example_sensors.py
[2023-05-26T20:35:11.155+0000] {logging_mixin.py:149} INFO - [2023-05-26T20:35:11.155+0000] {dag.py:2726} INFO - Sync 1 DAGs
[2023-05-26T20:35:11.170+0000] {logging_mixin.py:149} INFO - [2023-05-26T20:35:11.170+0000] {dag.py:3490} INFO - Setting next_dagrun for example_sensors to None, run_after=None
[2023-05-26T20:35:11.181+0000] {processor.py:179} INFO - Processing /home/airflow/.local/lib/python3.7/site-packages/airflow/example_dags/example_sensors.py took 0.060 seconds
[2023-05-26T20:35:41.710+0000] {processor.py:157} INFO - Started process (PID=843) to work on /home/airflow/.local/lib/python3.7/site-packages/airflow/example_dags/example_sensors.py
[2023-05-26T20:35:41.711+0000] {processor.py:826} INFO - Processing file /home/airflow/.local/lib/python3.7/site-packages/airflow/example_dags/example_sensors.py for tasks to queue
[2023-05-26T20:35:41.712+0000] {logging_mixin.py:149} INFO - [2023-05-26T20:35:41.712+0000] {dagbag.py:541} INFO - Filling up the DagBag from /home/airflow/.local/lib/python3.7/site-packages/airflow/example_dags/example_sensors.py
[2023-05-26T20:35:41.720+0000] {processor.py:836} INFO - DAG(s) dict_keys(['example_sensors']) retrieved from /home/airflow/.local/lib/python3.7/site-packages/airflow/example_dags/example_sensors.py
[2023-05-26T20:35:41.743+0000] {logging_mixin.py:149} INFO - [2023-05-26T20:35:41.743+0000] {dag.py:2726} INFO - Sync 1 DAGs
[2023-05-26T20:35:41.759+0000] {logging_mixin.py:149} INFO - [2023-05-26T20:35:41.759+0000] {dag.py:3490} INFO - Setting next_dagrun for example_sensors to None, run_after=None
[2023-05-26T20:35:41.771+0000] {processor.py:179} INFO - Processing /home/airflow/.local/lib/python3.7/site-packages/airflow/example_dags/example_sensors.py took 0.063 seconds
[2023-05-26T20:36:12.025+0000] {processor.py:157} INFO - Started process (PID=899) to work on /home/airflow/.local/lib/python3.7/site-packages/airflow/example_dags/example_sensors.py
[2023-05-26T20:36:12.026+0000] {processor.py:826} INFO - Processing file /home/airflow/.local/lib/python3.7/site-packages/airflow/example_dags/example_sensors.py for tasks to queue
[2023-05-26T20:36:12.027+0000] {logging_mixin.py:149} INFO - [2023-05-26T20:36:12.027+0000] {dagbag.py:541} INFO - Filling up the DagBag from /home/airflow/.local/lib/python3.7/site-packages/airflow/example_dags/example_sensors.py
[2023-05-26T20:36:12.034+0000] {processor.py:836} INFO - DAG(s) dict_keys(['example_sensors']) retrieved from /home/airflow/.local/lib/python3.7/site-packages/airflow/example_dags/example_sensors.py
[2023-05-26T20:36:12.056+0000] {logging_mixin.py:149} INFO - [2023-05-26T20:36:12.056+0000] {dag.py:2726} INFO - Sync 1 DAGs
[2023-05-26T20:36:12.071+0000] {logging_mixin.py:149} INFO - [2023-05-26T20:36:12.071+0000] {dag.py:3490} INFO - Setting next_dagrun for example_sensors to None, run_after=None
[2023-05-26T20:36:12.082+0000] {processor.py:179} INFO - Processing /home/airflow/.local/lib/python3.7/site-packages/airflow/example_dags/example_sensors.py took 0.060 seconds
[2023-05-26T20:36:42.372+0000] {processor.py:157} INFO - Started process (PID=955) to work on /home/airflow/.local/lib/python3.7/site-packages/airflow/example_dags/example_sensors.py
[2023-05-26T20:36:42.374+0000] {processor.py:826} INFO - Processing file /home/airflow/.local/lib/python3.7/site-packages/airflow/example_dags/example_sensors.py for tasks to queue
[2023-05-26T20:36:42.374+0000] {logging_mixin.py:149} INFO - [2023-05-26T20:36:42.374+0000] {dagbag.py:541} INFO - Filling up the DagBag from /home/airflow/.local/lib/python3.7/site-packages/airflow/example_dags/example_sensors.py
[2023-05-26T20:36:42.381+0000] {processor.py:836} INFO - DAG(s) dict_keys(['example_sensors']) retrieved from /home/airflow/.local/lib/python3.7/site-packages/airflow/example_dags/example_sensors.py
[2023-05-26T20:36:42.402+0000] {logging_mixin.py:149} INFO - [2023-05-26T20:36:42.402+0000] {dag.py:2726} INFO - Sync 1 DAGs
[2023-05-26T20:36:42.417+0000] {logging_mixin.py:149} INFO - [2023-05-26T20:36:42.417+0000] {dag.py:3490} INFO - Setting next_dagrun for example_sensors to None, run_after=None
[2023-05-26T20:36:42.428+0000] {processor.py:179} INFO - Processing /home/airflow/.local/lib/python3.7/site-packages/airflow/example_dags/example_sensors.py took 0.059 seconds
[2023-05-26T20:37:12.717+0000] {processor.py:157} INFO - Started process (PID=1011) to work on /home/airflow/.local/lib/python3.7/site-packages/airflow/example_dags/example_sensors.py
[2023-05-26T20:37:12.718+0000] {processor.py:826} INFO - Processing file /home/airflow/.local/lib/python3.7/site-packages/airflow/example_dags/example_sensors.py for tasks to queue
[2023-05-26T20:37:12.719+0000] {logging_mixin.py:149} INFO - [2023-05-26T20:37:12.719+0000] {dagbag.py:541} INFO - Filling up the DagBag from /home/airflow/.local/lib/python3.7/site-packages/airflow/example_dags/example_sensors.py
[2023-05-26T20:37:12.726+0000] {processor.py:836} INFO - DAG(s) dict_keys(['example_sensors']) retrieved from /home/airflow/.local/lib/python3.7/site-packages/airflow/example_dags/example_sensors.py
[2023-05-26T20:37:12.747+0000] {logging_mixin.py:149} INFO - [2023-05-26T20:37:12.747+0000] {dag.py:2726} INFO - Sync 1 DAGs
[2023-05-26T20:37:12.762+0000] {logging_mixin.py:149} INFO - [2023-05-26T20:37:12.762+0000] {dag.py:3490} INFO - Setting next_dagrun for example_sensors to None, run_after=None
[2023-05-26T20:37:12.773+0000] {processor.py:179} INFO - Processing /home/airflow/.local/lib/python3.7/site-packages/airflow/example_dags/example_sensors.py took 0.059 seconds
[2023-05-26T20:37:43.081+0000] {processor.py:157} INFO - Started process (PID=1067) to work on /home/airflow/.local/lib/python3.7/site-packages/airflow/example_dags/example_sensors.py
[2023-05-26T20:37:43.082+0000] {processor.py:826} INFO - Processing file /home/airflow/.local/lib/python3.7/site-packages/airflow/example_dags/example_sensors.py for tasks to queue
[2023-05-26T20:37:43.083+0000] {logging_mixin.py:149} INFO - [2023-05-26T20:37:43.083+0000] {dagbag.py:541} INFO - Filling up the DagBag from /home/airflow/.local/lib/python3.7/site-packages/airflow/example_dags/example_sensors.py
[2023-05-26T20:37:43.091+0000] {processor.py:836} INFO - DAG(s) dict_keys(['example_sensors']) retrieved from /home/airflow/.local/lib/python3.7/site-packages/airflow/example_dags/example_sensors.py
[2023-05-26T20:37:43.112+0000] {logging_mixin.py:149} INFO - [2023-05-26T20:37:43.112+0000] {dag.py:2726} INFO - Sync 1 DAGs
[2023-05-26T20:37:43.127+0000] {logging_mixin.py:149} INFO - [2023-05-26T20:37:43.127+0000] {dag.py:3490} INFO - Setting next_dagrun for example_sensors to None, run_after=None
[2023-05-26T20:37:43.138+0000] {processor.py:179} INFO - Processing /home/airflow/.local/lib/python3.7/site-packages/airflow/example_dags/example_sensors.py took 0.060 seconds
[2023-05-26T20:38:13.356+0000] {processor.py:157} INFO - Started process (PID=1123) to work on /home/airflow/.local/lib/python3.7/site-packages/airflow/example_dags/example_sensors.py
[2023-05-26T20:38:13.357+0000] {processor.py:826} INFO - Processing file /home/airflow/.local/lib/python3.7/site-packages/airflow/example_dags/example_sensors.py for tasks to queue
[2023-05-26T20:38:13.358+0000] {logging_mixin.py:149} INFO - [2023-05-26T20:38:13.358+0000] {dagbag.py:541} INFO - Filling up the DagBag from /home/airflow/.local/lib/python3.7/site-packages/airflow/example_dags/example_sensors.py
[2023-05-26T20:38:13.365+0000] {processor.py:836} INFO - DAG(s) dict_keys(['example_sensors']) retrieved from /home/airflow/.local/lib/python3.7/site-packages/airflow/example_dags/example_sensors.py
[2023-05-26T20:38:13.386+0000] {logging_mixin.py:149} INFO - [2023-05-26T20:38:13.386+0000] {dag.py:2726} INFO - Sync 1 DAGs
[2023-05-26T20:38:13.401+0000] {logging_mixin.py:149} INFO - [2023-05-26T20:38:13.401+0000] {dag.py:3490} INFO - Setting next_dagrun for example_sensors to None, run_after=None
[2023-05-26T20:38:13.413+0000] {processor.py:179} INFO - Processing /home/airflow/.local/lib/python3.7/site-packages/airflow/example_dags/example_sensors.py took 0.060 seconds
[2023-05-26T20:38:43.799+0000] {processor.py:157} INFO - Started process (PID=1180) to work on /home/airflow/.local/lib/python3.7/site-packages/airflow/example_dags/example_sensors.py
[2023-05-26T20:38:43.801+0000] {processor.py:826} INFO - Processing file /home/airflow/.local/lib/python3.7/site-packages/airflow/example_dags/example_sensors.py for tasks to queue
[2023-05-26T20:38:43.802+0000] {logging_mixin.py:149} INFO - [2023-05-26T20:38:43.802+0000] {dagbag.py:541} INFO - Filling up the DagBag from /home/airflow/.local/lib/python3.7/site-packages/airflow/example_dags/example_sensors.py
[2023-05-26T20:38:43.809+0000] {processor.py:836} INFO - DAG(s) dict_keys(['example_sensors']) retrieved from /home/airflow/.local/lib/python3.7/site-packages/airflow/example_dags/example_sensors.py
[2023-05-26T20:38:43.830+0000] {logging_mixin.py:149} INFO - [2023-05-26T20:38:43.830+0000] {dag.py:2726} INFO - Sync 1 DAGs
[2023-05-26T20:38:43.846+0000] {logging_mixin.py:149} INFO - [2023-05-26T20:38:43.846+0000] {dag.py:3490} INFO - Setting next_dagrun for example_sensors to None, run_after=None
[2023-05-26T20:38:43.859+0000] {processor.py:179} INFO - Processing /home/airflow/.local/lib/python3.7/site-packages/airflow/example_dags/example_sensors.py took 0.062 seconds
[2023-05-26T20:39:14.156+0000] {processor.py:157} INFO - Started process (PID=1236) to work on /home/airflow/.local/lib/python3.7/site-packages/airflow/example_dags/example_sensors.py
[2023-05-26T20:39:14.158+0000] {processor.py:826} INFO - Processing file /home/airflow/.local/lib/python3.7/site-packages/airflow/example_dags/example_sensors.py for tasks to queue
[2023-05-26T20:39:14.159+0000] {logging_mixin.py:149} INFO - [2023-05-26T20:39:14.159+0000] {dagbag.py:541} INFO - Filling up the DagBag from /home/airflow/.local/lib/python3.7/site-packages/airflow/example_dags/example_sensors.py
[2023-05-26T20:39:14.166+0000] {processor.py:836} INFO - DAG(s) dict_keys(['example_sensors']) retrieved from /home/airflow/.local/lib/python3.7/site-packages/airflow/example_dags/example_sensors.py
[2023-05-26T20:39:14.186+0000] {logging_mixin.py:149} INFO - [2023-05-26T20:39:14.186+0000] {dag.py:2726} INFO - Sync 1 DAGs
[2023-05-26T20:39:14.202+0000] {logging_mixin.py:149} INFO - [2023-05-26T20:39:14.202+0000] {dag.py:3490} INFO - Setting next_dagrun for example_sensors to None, run_after=None
[2023-05-26T20:39:14.214+0000] {processor.py:179} INFO - Processing /home/airflow/.local/lib/python3.7/site-packages/airflow/example_dags/example_sensors.py took 0.060 seconds
[2023-05-26T20:39:44.453+0000] {processor.py:157} INFO - Started process (PID=1292) to work on /home/airflow/.local/lib/python3.7/site-packages/airflow/example_dags/example_sensors.py
[2023-05-26T20:39:44.455+0000] {processor.py:826} INFO - Processing file /home/airflow/.local/lib/python3.7/site-packages/airflow/example_dags/example_sensors.py for tasks to queue
[2023-05-26T20:39:44.456+0000] {logging_mixin.py:149} INFO - [2023-05-26T20:39:44.456+0000] {dagbag.py:541} INFO - Filling up the DagBag from /home/airflow/.local/lib/python3.7/site-packages/airflow/example_dags/example_sensors.py
[2023-05-26T20:39:44.463+0000] {processor.py:836} INFO - DAG(s) dict_keys(['example_sensors']) retrieved from /home/airflow/.local/lib/python3.7/site-packages/airflow/example_dags/example_sensors.py
[2023-05-26T20:39:44.483+0000] {logging_mixin.py:149} INFO - [2023-05-26T20:39:44.483+0000] {dag.py:2726} INFO - Sync 1 DAGs
[2023-05-26T20:39:44.498+0000] {logging_mixin.py:149} INFO - [2023-05-26T20:39:44.498+0000] {dag.py:3490} INFO - Setting next_dagrun for example_sensors to None, run_after=None
[2023-05-26T20:39:44.510+0000] {processor.py:179} INFO - Processing /home/airflow/.local/lib/python3.7/site-packages/airflow/example_dags/example_sensors.py took 0.060 seconds
[2023-05-26T20:40:14.853+0000] {processor.py:157} INFO - Started process (PID=1349) to work on /home/airflow/.local/lib/python3.7/site-packages/airflow/example_dags/example_sensors.py
[2023-05-26T20:40:14.855+0000] {processor.py:826} INFO - Processing file /home/airflow/.local/lib/python3.7/site-packages/airflow/example_dags/example_sensors.py for tasks to queue
[2023-05-26T20:40:14.855+0000] {logging_mixin.py:149} INFO - [2023-05-26T20:40:14.855+0000] {dagbag.py:541} INFO - Filling up the DagBag from /home/airflow/.local/lib/python3.7/site-packages/airflow/example_dags/example_sensors.py
[2023-05-26T20:40:14.863+0000] {processor.py:836} INFO - DAG(s) dict_keys(['example_sensors']) retrieved from /home/airflow/.local/lib/python3.7/site-packages/airflow/example_dags/example_sensors.py
[2023-05-26T20:40:14.886+0000] {logging_mixin.py:149} INFO - [2023-05-26T20:40:14.885+0000] {dag.py:2726} INFO - Sync 1 DAGs
[2023-05-26T20:40:14.902+0000] {logging_mixin.py:149} INFO - [2023-05-26T20:40:14.902+0000] {dag.py:3490} INFO - Setting next_dagrun for example_sensors to None, run_after=None
[2023-05-26T20:40:14.914+0000] {processor.py:179} INFO - Processing /home/airflow/.local/lib/python3.7/site-packages/airflow/example_dags/example_sensors.py took 0.063 seconds
[2023-05-26T20:40:45.417+0000] {processor.py:157} INFO - Started process (PID=1405) to work on /home/airflow/.local/lib/python3.7/site-packages/airflow/example_dags/example_sensors.py
[2023-05-26T20:40:45.418+0000] {processor.py:826} INFO - Processing file /home/airflow/.local/lib/python3.7/site-packages/airflow/example_dags/example_sensors.py for tasks to queue
[2023-05-26T20:40:45.419+0000] {logging_mixin.py:149} INFO - [2023-05-26T20:40:45.419+0000] {dagbag.py:541} INFO - Filling up the DagBag from /home/airflow/.local/lib/python3.7/site-packages/airflow/example_dags/example_sensors.py
[2023-05-26T20:40:45.426+0000] {processor.py:836} INFO - DAG(s) dict_keys(['example_sensors']) retrieved from /home/airflow/.local/lib/python3.7/site-packages/airflow/example_dags/example_sensors.py
[2023-05-26T20:40:45.447+0000] {logging_mixin.py:149} INFO - [2023-05-26T20:40:45.447+0000] {dag.py:2726} INFO - Sync 1 DAGs
[2023-05-26T20:40:45.462+0000] {logging_mixin.py:149} INFO - [2023-05-26T20:40:45.462+0000] {dag.py:3490} INFO - Setting next_dagrun for example_sensors to None, run_after=None
[2023-05-26T20:40:45.473+0000] {processor.py:179} INFO - Processing /home/airflow/.local/lib/python3.7/site-packages/airflow/example_dags/example_sensors.py took 0.058 seconds
[2023-05-26T20:41:15.839+0000] {processor.py:157} INFO - Started process (PID=1462) to work on /home/airflow/.local/lib/python3.7/site-packages/airflow/example_dags/example_sensors.py
[2023-05-26T20:41:15.841+0000] {processor.py:826} INFO - Processing file /home/airflow/.local/lib/python3.7/site-packages/airflow/example_dags/example_sensors.py for tasks to queue
[2023-05-26T20:41:15.842+0000] {logging_mixin.py:149} INFO - [2023-05-26T20:41:15.842+0000] {dagbag.py:541} INFO - Filling up the DagBag from /home/airflow/.local/lib/python3.7/site-packages/airflow/example_dags/example_sensors.py
[2023-05-26T20:41:15.850+0000] {processor.py:836} INFO - DAG(s) dict_keys(['example_sensors']) retrieved from /home/airflow/.local/lib/python3.7/site-packages/airflow/example_dags/example_sensors.py
[2023-05-26T20:41:15.873+0000] {logging_mixin.py:149} INFO - [2023-05-26T20:41:15.872+0000] {dag.py:2726} INFO - Sync 1 DAGs
[2023-05-26T20:41:15.890+0000] {logging_mixin.py:149} INFO - [2023-05-26T20:41:15.890+0000] {dag.py:3490} INFO - Setting next_dagrun for example_sensors to None, run_after=None
[2023-05-26T20:41:15.911+0000] {processor.py:179} INFO - Processing /home/airflow/.local/lib/python3.7/site-packages/airflow/example_dags/example_sensors.py took 0.074 seconds
[2023-05-26T20:41:46.155+0000] {processor.py:157} INFO - Started process (PID=1518) to work on /home/airflow/.local/lib/python3.7/site-packages/airflow/example_dags/example_sensors.py
[2023-05-26T20:41:46.157+0000] {processor.py:826} INFO - Processing file /home/airflow/.local/lib/python3.7/site-packages/airflow/example_dags/example_sensors.py for tasks to queue
[2023-05-26T20:41:46.158+0000] {logging_mixin.py:149} INFO - [2023-05-26T20:41:46.158+0000] {dagbag.py:541} INFO - Filling up the DagBag from /home/airflow/.local/lib/python3.7/site-packages/airflow/example_dags/example_sensors.py
[2023-05-26T20:41:46.165+0000] {processor.py:836} INFO - DAG(s) dict_keys(['example_sensors']) retrieved from /home/airflow/.local/lib/python3.7/site-packages/airflow/example_dags/example_sensors.py
[2023-05-26T20:41:46.186+0000] {logging_mixin.py:149} INFO - [2023-05-26T20:41:46.186+0000] {dag.py:2726} INFO - Sync 1 DAGs
[2023-05-26T20:41:46.201+0000] {logging_mixin.py:149} INFO - [2023-05-26T20:41:46.201+0000] {dag.py:3490} INFO - Setting next_dagrun for example_sensors to None, run_after=None
[2023-05-26T20:41:46.213+0000] {processor.py:179} INFO - Processing /home/airflow/.local/lib/python3.7/site-packages/airflow/example_dags/example_sensors.py took 0.060 seconds
[2023-05-26T20:42:16.486+0000] {processor.py:157} INFO - Started process (PID=1574) to work on /home/airflow/.local/lib/python3.7/site-packages/airflow/example_dags/example_sensors.py
[2023-05-26T20:42:16.505+0000] {processor.py:826} INFO - Processing file /home/airflow/.local/lib/python3.7/site-packages/airflow/example_dags/example_sensors.py for tasks to queue
[2023-05-26T20:42:16.506+0000] {logging_mixin.py:149} INFO - [2023-05-26T20:42:16.506+0000] {dagbag.py:541} INFO - Filling up the DagBag from /home/airflow/.local/lib/python3.7/site-packages/airflow/example_dags/example_sensors.py
[2023-05-26T20:42:16.514+0000] {processor.py:836} INFO - DAG(s) dict_keys(['example_sensors']) retrieved from /home/airflow/.local/lib/python3.7/site-packages/airflow/example_dags/example_sensors.py
[2023-05-26T20:42:16.534+0000] {logging_mixin.py:149} INFO - [2023-05-26T20:42:16.534+0000] {dag.py:2726} INFO - Sync 1 DAGs
[2023-05-26T20:42:16.548+0000] {logging_mixin.py:149} INFO - [2023-05-26T20:42:16.548+0000] {dag.py:3490} INFO - Setting next_dagrun for example_sensors to None, run_after=None
[2023-05-26T20:42:16.560+0000] {processor.py:179} INFO - Processing /home/airflow/.local/lib/python3.7/site-packages/airflow/example_dags/example_sensors.py took 0.076 seconds
[2023-05-26T20:42:47.091+0000] {processor.py:157} INFO - Started process (PID=1630) to work on /home/airflow/.local/lib/python3.7/site-packages/airflow/example_dags/example_sensors.py
[2023-05-26T20:42:47.092+0000] {processor.py:826} INFO - Processing file /home/airflow/.local/lib/python3.7/site-packages/airflow/example_dags/example_sensors.py for tasks to queue
[2023-05-26T20:42:47.093+0000] {logging_mixin.py:149} INFO - [2023-05-26T20:42:47.093+0000] {dagbag.py:541} INFO - Filling up the DagBag from /home/airflow/.local/lib/python3.7/site-packages/airflow/example_dags/example_sensors.py
[2023-05-26T20:42:47.101+0000] {processor.py:836} INFO - DAG(s) dict_keys(['example_sensors']) retrieved from /home/airflow/.local/lib/python3.7/site-packages/airflow/example_dags/example_sensors.py
[2023-05-26T20:42:47.124+0000] {logging_mixin.py:149} INFO - [2023-05-26T20:42:47.124+0000] {dag.py:2726} INFO - Sync 1 DAGs
[2023-05-26T20:42:47.139+0000] {logging_mixin.py:149} INFO - [2023-05-26T20:42:47.139+0000] {dag.py:3490} INFO - Setting next_dagrun for example_sensors to None, run_after=None
[2023-05-26T20:42:47.151+0000] {processor.py:179} INFO - Processing /home/airflow/.local/lib/python3.7/site-packages/airflow/example_dags/example_sensors.py took 0.063 seconds
[2023-05-26T20:43:17.503+0000] {processor.py:157} INFO - Started process (PID=1686) to work on /home/airflow/.local/lib/python3.7/site-packages/airflow/example_dags/example_sensors.py
[2023-05-26T20:43:17.504+0000] {processor.py:826} INFO - Processing file /home/airflow/.local/lib/python3.7/site-packages/airflow/example_dags/example_sensors.py for tasks to queue
[2023-05-26T20:43:17.505+0000] {logging_mixin.py:149} INFO - [2023-05-26T20:43:17.505+0000] {dagbag.py:541} INFO - Filling up the DagBag from /home/airflow/.local/lib/python3.7/site-packages/airflow/example_dags/example_sensors.py
[2023-05-26T20:43:17.512+0000] {processor.py:836} INFO - DAG(s) dict_keys(['example_sensors']) retrieved from /home/airflow/.local/lib/python3.7/site-packages/airflow/example_dags/example_sensors.py
[2023-05-26T20:43:17.533+0000] {logging_mixin.py:149} INFO - [2023-05-26T20:43:17.533+0000] {dag.py:2726} INFO - Sync 1 DAGs
[2023-05-26T20:43:17.548+0000] {logging_mixin.py:149} INFO - [2023-05-26T20:43:17.548+0000] {dag.py:3490} INFO - Setting next_dagrun for example_sensors to None, run_after=None
[2023-05-26T20:43:17.558+0000] {processor.py:179} INFO - Processing /home/airflow/.local/lib/python3.7/site-packages/airflow/example_dags/example_sensors.py took 0.058 seconds
[2023-05-26T20:43:47.888+0000] {processor.py:157} INFO - Started process (PID=1742) to work on /home/airflow/.local/lib/python3.7/site-packages/airflow/example_dags/example_sensors.py
[2023-05-26T20:43:47.889+0000] {processor.py:826} INFO - Processing file /home/airflow/.local/lib/python3.7/site-packages/airflow/example_dags/example_sensors.py for tasks to queue
[2023-05-26T20:43:47.890+0000] {logging_mixin.py:149} INFO - [2023-05-26T20:43:47.890+0000] {dagbag.py:541} INFO - Filling up the DagBag from /home/airflow/.local/lib/python3.7/site-packages/airflow/example_dags/example_sensors.py
[2023-05-26T20:43:47.897+0000] {processor.py:836} INFO - DAG(s) dict_keys(['example_sensors']) retrieved from /home/airflow/.local/lib/python3.7/site-packages/airflow/example_dags/example_sensors.py
[2023-05-26T20:43:47.917+0000] {logging_mixin.py:149} INFO - [2023-05-26T20:43:47.917+0000] {dag.py:2726} INFO - Sync 1 DAGs
[2023-05-26T20:43:47.933+0000] {logging_mixin.py:149} INFO - [2023-05-26T20:43:47.933+0000] {dag.py:3490} INFO - Setting next_dagrun for example_sensors to None, run_after=None
[2023-05-26T20:43:47.945+0000] {processor.py:179} INFO - Processing /home/airflow/.local/lib/python3.7/site-packages/airflow/example_dags/example_sensors.py took 0.059 seconds
[2023-05-26T20:44:18.202+0000] {processor.py:157} INFO - Started process (PID=1798) to work on /home/airflow/.local/lib/python3.7/site-packages/airflow/example_dags/example_sensors.py
[2023-05-26T20:44:18.203+0000] {processor.py:826} INFO - Processing file /home/airflow/.local/lib/python3.7/site-packages/airflow/example_dags/example_sensors.py for tasks to queue
[2023-05-26T20:44:18.204+0000] {logging_mixin.py:149} INFO - [2023-05-26T20:44:18.204+0000] {dagbag.py:541} INFO - Filling up the DagBag from /home/airflow/.local/lib/python3.7/site-packages/airflow/example_dags/example_sensors.py
[2023-05-26T20:44:18.211+0000] {processor.py:836} INFO - DAG(s) dict_keys(['example_sensors']) retrieved from /home/airflow/.local/lib/python3.7/site-packages/airflow/example_dags/example_sensors.py
[2023-05-26T20:44:18.231+0000] {logging_mixin.py:149} INFO - [2023-05-26T20:44:18.231+0000] {dag.py:2726} INFO - Sync 1 DAGs
[2023-05-26T20:44:18.246+0000] {logging_mixin.py:149} INFO - [2023-05-26T20:44:18.246+0000] {dag.py:3490} INFO - Setting next_dagrun for example_sensors to None, run_after=None
[2023-05-26T20:44:18.258+0000] {processor.py:179} INFO - Processing /home/airflow/.local/lib/python3.7/site-packages/airflow/example_dags/example_sensors.py took 0.059 seconds
[2023-05-26T20:44:48.599+0000] {processor.py:157} INFO - Started process (PID=1855) to work on /home/airflow/.local/lib/python3.7/site-packages/airflow/example_dags/example_sensors.py
[2023-05-26T20:44:48.601+0000] {processor.py:826} INFO - Processing file /home/airflow/.local/lib/python3.7/site-packages/airflow/example_dags/example_sensors.py for tasks to queue
[2023-05-26T20:44:48.602+0000] {logging_mixin.py:149} INFO - [2023-05-26T20:44:48.601+0000] {dagbag.py:541} INFO - Filling up the DagBag from /home/airflow/.local/lib/python3.7/site-packages/airflow/example_dags/example_sensors.py
[2023-05-26T20:44:48.609+0000] {processor.py:836} INFO - DAG(s) dict_keys(['example_sensors']) retrieved from /home/airflow/.local/lib/python3.7/site-packages/airflow/example_dags/example_sensors.py
[2023-05-26T20:44:48.630+0000] {logging_mixin.py:149} INFO - [2023-05-26T20:44:48.630+0000] {dag.py:2726} INFO - Sync 1 DAGs
[2023-05-26T20:44:48.644+0000] {logging_mixin.py:149} INFO - [2023-05-26T20:44:48.644+0000] {dag.py:3490} INFO - Setting next_dagrun for example_sensors to None, run_after=None
[2023-05-26T20:44:48.655+0000] {processor.py:179} INFO - Processing /home/airflow/.local/lib/python3.7/site-packages/airflow/example_dags/example_sensors.py took 0.058 seconds
[2023-05-26T20:45:18.965+0000] {processor.py:157} INFO - Started process (PID=1911) to work on /home/airflow/.local/lib/python3.7/site-packages/airflow/example_dags/example_sensors.py
[2023-05-26T20:45:18.967+0000] {processor.py:826} INFO - Processing file /home/airflow/.local/lib/python3.7/site-packages/airflow/example_dags/example_sensors.py for tasks to queue
[2023-05-26T20:45:18.968+0000] {logging_mixin.py:149} INFO - [2023-05-26T20:45:18.968+0000] {dagbag.py:541} INFO - Filling up the DagBag from /home/airflow/.local/lib/python3.7/site-packages/airflow/example_dags/example_sensors.py
[2023-05-26T20:45:18.975+0000] {processor.py:836} INFO - DAG(s) dict_keys(['example_sensors']) retrieved from /home/airflow/.local/lib/python3.7/site-packages/airflow/example_dags/example_sensors.py
[2023-05-26T20:45:18.996+0000] {logging_mixin.py:149} INFO - [2023-05-26T20:45:18.996+0000] {dag.py:2726} INFO - Sync 1 DAGs
[2023-05-26T20:45:19.011+0000] {logging_mixin.py:149} INFO - [2023-05-26T20:45:19.011+0000] {dag.py:3490} INFO - Setting next_dagrun for example_sensors to None, run_after=None
[2023-05-26T20:45:19.023+0000] {processor.py:179} INFO - Processing /home/airflow/.local/lib/python3.7/site-packages/airflow/example_dags/example_sensors.py took 0.060 seconds
[2023-05-26T20:45:49.365+0000] {processor.py:157} INFO - Started process (PID=1967) to work on /home/airflow/.local/lib/python3.7/site-packages/airflow/example_dags/example_sensors.py
[2023-05-26T20:45:49.367+0000] {processor.py:826} INFO - Processing file /home/airflow/.local/lib/python3.7/site-packages/airflow/example_dags/example_sensors.py for tasks to queue
[2023-05-26T20:45:49.368+0000] {logging_mixin.py:149} INFO - [2023-05-26T20:45:49.368+0000] {dagbag.py:541} INFO - Filling up the DagBag from /home/airflow/.local/lib/python3.7/site-packages/airflow/example_dags/example_sensors.py
[2023-05-26T20:45:49.375+0000] {processor.py:836} INFO - DAG(s) dict_keys(['example_sensors']) retrieved from /home/airflow/.local/lib/python3.7/site-packages/airflow/example_dags/example_sensors.py
[2023-05-26T20:45:49.396+0000] {logging_mixin.py:149} INFO - [2023-05-26T20:45:49.395+0000] {dag.py:2726} INFO - Sync 1 DAGs
[2023-05-26T20:45:49.411+0000] {logging_mixin.py:149} INFO - [2023-05-26T20:45:49.411+0000] {dag.py:3490} INFO - Setting next_dagrun for example_sensors to None, run_after=None
[2023-05-26T20:45:49.424+0000] {processor.py:179} INFO - Processing /home/airflow/.local/lib/python3.7/site-packages/airflow/example_dags/example_sensors.py took 0.062 seconds
[2023-05-26T20:46:20.031+0000] {processor.py:157} INFO - Started process (PID=2023) to work on /home/airflow/.local/lib/python3.7/site-packages/airflow/example_dags/example_sensors.py
[2023-05-26T20:46:20.032+0000] {processor.py:826} INFO - Processing file /home/airflow/.local/lib/python3.7/site-packages/airflow/example_dags/example_sensors.py for tasks to queue
[2023-05-26T20:46:20.033+0000] {logging_mixin.py:149} INFO - [2023-05-26T20:46:20.033+0000] {dagbag.py:541} INFO - Filling up the DagBag from /home/airflow/.local/lib/python3.7/site-packages/airflow/example_dags/example_sensors.py
[2023-05-26T20:46:20.042+0000] {processor.py:836} INFO - DAG(s) dict_keys(['example_sensors']) retrieved from /home/airflow/.local/lib/python3.7/site-packages/airflow/example_dags/example_sensors.py
[2023-05-26T20:46:20.064+0000] {logging_mixin.py:149} INFO - [2023-05-26T20:46:20.064+0000] {dag.py:2726} INFO - Sync 1 DAGs
[2023-05-26T20:46:20.082+0000] {logging_mixin.py:149} INFO - [2023-05-26T20:46:20.082+0000] {dag.py:3490} INFO - Setting next_dagrun for example_sensors to None, run_after=None
[2023-05-26T20:46:20.093+0000] {processor.py:179} INFO - Processing /home/airflow/.local/lib/python3.7/site-packages/airflow/example_dags/example_sensors.py took 0.065 seconds
[2023-05-26T20:46:50.631+0000] {processor.py:157} INFO - Started process (PID=2079) to work on /home/airflow/.local/lib/python3.7/site-packages/airflow/example_dags/example_sensors.py
[2023-05-26T20:46:50.632+0000] {processor.py:826} INFO - Processing file /home/airflow/.local/lib/python3.7/site-packages/airflow/example_dags/example_sensors.py for tasks to queue
[2023-05-26T20:46:50.633+0000] {logging_mixin.py:149} INFO - [2023-05-26T20:46:50.633+0000] {dagbag.py:541} INFO - Filling up the DagBag from /home/airflow/.local/lib/python3.7/site-packages/airflow/example_dags/example_sensors.py
[2023-05-26T20:46:50.641+0000] {processor.py:836} INFO - DAG(s) dict_keys(['example_sensors']) retrieved from /home/airflow/.local/lib/python3.7/site-packages/airflow/example_dags/example_sensors.py
[2023-05-26T20:46:50.663+0000] {logging_mixin.py:149} INFO - [2023-05-26T20:46:50.663+0000] {dag.py:2726} INFO - Sync 1 DAGs
[2023-05-26T20:46:50.679+0000] {logging_mixin.py:149} INFO - [2023-05-26T20:46:50.679+0000] {dag.py:3490} INFO - Setting next_dagrun for example_sensors to None, run_after=None
[2023-05-26T20:46:50.692+0000] {processor.py:179} INFO - Processing /home/airflow/.local/lib/python3.7/site-packages/airflow/example_dags/example_sensors.py took 0.063 seconds
[2023-05-26T20:47:21.321+0000] {processor.py:157} INFO - Started process (PID=2135) to work on /home/airflow/.local/lib/python3.7/site-packages/airflow/example_dags/example_sensors.py
[2023-05-26T20:47:21.323+0000] {processor.py:826} INFO - Processing file /home/airflow/.local/lib/python3.7/site-packages/airflow/example_dags/example_sensors.py for tasks to queue
[2023-05-26T20:47:21.324+0000] {logging_mixin.py:149} INFO - [2023-05-26T20:47:21.323+0000] {dagbag.py:541} INFO - Filling up the DagBag from /home/airflow/.local/lib/python3.7/site-packages/airflow/example_dags/example_sensors.py
[2023-05-26T20:47:21.331+0000] {processor.py:836} INFO - DAG(s) dict_keys(['example_sensors']) retrieved from /home/airflow/.local/lib/python3.7/site-packages/airflow/example_dags/example_sensors.py
[2023-05-26T20:47:21.353+0000] {logging_mixin.py:149} INFO - [2023-05-26T20:47:21.353+0000] {dag.py:2726} INFO - Sync 1 DAGs
[2023-05-26T20:47:21.368+0000] {logging_mixin.py:149} INFO - [2023-05-26T20:47:21.368+0000] {dag.py:3490} INFO - Setting next_dagrun for example_sensors to None, run_after=None
[2023-05-26T20:47:21.380+0000] {processor.py:179} INFO - Processing /home/airflow/.local/lib/python3.7/site-packages/airflow/example_dags/example_sensors.py took 0.062 seconds
[2023-05-26T20:47:52.079+0000] {processor.py:157} INFO - Started process (PID=2191) to work on /home/airflow/.local/lib/python3.7/site-packages/airflow/example_dags/example_sensors.py
[2023-05-26T20:47:52.082+0000] {processor.py:826} INFO - Processing file /home/airflow/.local/lib/python3.7/site-packages/airflow/example_dags/example_sensors.py for tasks to queue
[2023-05-26T20:47:52.083+0000] {logging_mixin.py:149} INFO - [2023-05-26T20:47:52.082+0000] {dagbag.py:541} INFO - Filling up the DagBag from /home/airflow/.local/lib/python3.7/site-packages/airflow/example_dags/example_sensors.py
[2023-05-26T20:47:52.090+0000] {processor.py:836} INFO - DAG(s) dict_keys(['example_sensors']) retrieved from /home/airflow/.local/lib/python3.7/site-packages/airflow/example_dags/example_sensors.py
[2023-05-26T20:47:52.112+0000] {logging_mixin.py:149} INFO - [2023-05-26T20:47:52.112+0000] {dag.py:2726} INFO - Sync 1 DAGs
[2023-05-26T20:47:52.127+0000] {logging_mixin.py:149} INFO - [2023-05-26T20:47:52.127+0000] {dag.py:3490} INFO - Setting next_dagrun for example_sensors to None, run_after=None
[2023-05-26T20:47:52.139+0000] {processor.py:179} INFO - Processing /home/airflow/.local/lib/python3.7/site-packages/airflow/example_dags/example_sensors.py took 0.064 seconds
[2023-05-26T20:48:22.455+0000] {processor.py:157} INFO - Started process (PID=2247) to work on /home/airflow/.local/lib/python3.7/site-packages/airflow/example_dags/example_sensors.py
[2023-05-26T20:48:22.457+0000] {processor.py:826} INFO - Processing file /home/airflow/.local/lib/python3.7/site-packages/airflow/example_dags/example_sensors.py for tasks to queue
[2023-05-26T20:48:22.458+0000] {logging_mixin.py:149} INFO - [2023-05-26T20:48:22.458+0000] {dagbag.py:541} INFO - Filling up the DagBag from /home/airflow/.local/lib/python3.7/site-packages/airflow/example_dags/example_sensors.py
[2023-05-26T20:48:22.465+0000] {processor.py:836} INFO - DAG(s) dict_keys(['example_sensors']) retrieved from /home/airflow/.local/lib/python3.7/site-packages/airflow/example_dags/example_sensors.py
[2023-05-26T20:48:22.487+0000] {logging_mixin.py:149} INFO - [2023-05-26T20:48:22.487+0000] {dag.py:2726} INFO - Sync 1 DAGs
[2023-05-26T20:48:22.503+0000] {logging_mixin.py:149} INFO - [2023-05-26T20:48:22.503+0000] {dag.py:3490} INFO - Setting next_dagrun for example_sensors to None, run_after=None
[2023-05-26T20:48:22.514+0000] {processor.py:179} INFO - Processing /home/airflow/.local/lib/python3.7/site-packages/airflow/example_dags/example_sensors.py took 0.062 seconds
[2023-05-26T20:48:53.110+0000] {processor.py:157} INFO - Started process (PID=2304) to work on /home/airflow/.local/lib/python3.7/site-packages/airflow/example_dags/example_sensors.py
[2023-05-26T20:48:53.112+0000] {processor.py:826} INFO - Processing file /home/airflow/.local/lib/python3.7/site-packages/airflow/example_dags/example_sensors.py for tasks to queue
[2023-05-26T20:48:53.113+0000] {logging_mixin.py:149} INFO - [2023-05-26T20:48:53.113+0000] {dagbag.py:541} INFO - Filling up the DagBag from /home/airflow/.local/lib/python3.7/site-packages/airflow/example_dags/example_sensors.py
[2023-05-26T20:48:53.121+0000] {processor.py:836} INFO - DAG(s) dict_keys(['example_sensors']) retrieved from /home/airflow/.local/lib/python3.7/site-packages/airflow/example_dags/example_sensors.py
[2023-05-26T20:48:53.143+0000] {logging_mixin.py:149} INFO - [2023-05-26T20:48:53.143+0000] {dag.py:2726} INFO - Sync 1 DAGs
[2023-05-26T20:48:53.159+0000] {logging_mixin.py:149} INFO - [2023-05-26T20:48:53.158+0000] {dag.py:3490} INFO - Setting next_dagrun for example_sensors to None, run_after=None
[2023-05-26T20:48:53.170+0000] {processor.py:179} INFO - Processing /home/airflow/.local/lib/python3.7/site-packages/airflow/example_dags/example_sensors.py took 0.063 seconds
[2023-05-26T20:49:23.801+0000] {processor.py:157} INFO - Started process (PID=2359) to work on /home/airflow/.local/lib/python3.7/site-packages/airflow/example_dags/example_sensors.py
[2023-05-26T20:49:23.802+0000] {processor.py:826} INFO - Processing file /home/airflow/.local/lib/python3.7/site-packages/airflow/example_dags/example_sensors.py for tasks to queue
[2023-05-26T20:49:23.803+0000] {logging_mixin.py:149} INFO - [2023-05-26T20:49:23.803+0000] {dagbag.py:541} INFO - Filling up the DagBag from /home/airflow/.local/lib/python3.7/site-packages/airflow/example_dags/example_sensors.py
[2023-05-26T20:49:23.811+0000] {processor.py:836} INFO - DAG(s) dict_keys(['example_sensors']) retrieved from /home/airflow/.local/lib/python3.7/site-packages/airflow/example_dags/example_sensors.py
[2023-05-26T20:49:23.833+0000] {logging_mixin.py:149} INFO - [2023-05-26T20:49:23.833+0000] {dag.py:2726} INFO - Sync 1 DAGs
[2023-05-26T20:49:23.848+0000] {logging_mixin.py:149} INFO - [2023-05-26T20:49:23.848+0000] {dag.py:3490} INFO - Setting next_dagrun for example_sensors to None, run_after=None
[2023-05-26T20:49:23.859+0000] {processor.py:179} INFO - Processing /home/airflow/.local/lib/python3.7/site-packages/airflow/example_dags/example_sensors.py took 0.061 seconds
[2023-05-26T20:49:54.303+0000] {processor.py:157} INFO - Started process (PID=2415) to work on /home/airflow/.local/lib/python3.7/site-packages/airflow/example_dags/example_sensors.py
[2023-05-26T20:49:54.305+0000] {processor.py:826} INFO - Processing file /home/airflow/.local/lib/python3.7/site-packages/airflow/example_dags/example_sensors.py for tasks to queue
[2023-05-26T20:49:54.305+0000] {logging_mixin.py:149} INFO - [2023-05-26T20:49:54.305+0000] {dagbag.py:541} INFO - Filling up the DagBag from /home/airflow/.local/lib/python3.7/site-packages/airflow/example_dags/example_sensors.py
[2023-05-26T20:49:54.313+0000] {processor.py:836} INFO - DAG(s) dict_keys(['example_sensors']) retrieved from /home/airflow/.local/lib/python3.7/site-packages/airflow/example_dags/example_sensors.py
[2023-05-26T20:49:54.335+0000] {logging_mixin.py:149} INFO - [2023-05-26T20:49:54.335+0000] {dag.py:2726} INFO - Sync 1 DAGs
[2023-05-26T20:49:54.350+0000] {logging_mixin.py:149} INFO - [2023-05-26T20:49:54.350+0000] {dag.py:3490} INFO - Setting next_dagrun for example_sensors to None, run_after=None
[2023-05-26T20:49:54.362+0000] {processor.py:179} INFO - Processing /home/airflow/.local/lib/python3.7/site-packages/airflow/example_dags/example_sensors.py took 0.062 seconds
[2023-05-26T20:50:24.881+0000] {processor.py:157} INFO - Started process (PID=2471) to work on /home/airflow/.local/lib/python3.7/site-packages/airflow/example_dags/example_sensors.py
[2023-05-26T20:50:24.883+0000] {processor.py:826} INFO - Processing file /home/airflow/.local/lib/python3.7/site-packages/airflow/example_dags/example_sensors.py for tasks to queue
[2023-05-26T20:50:24.884+0000] {logging_mixin.py:149} INFO - [2023-05-26T20:50:24.884+0000] {dagbag.py:541} INFO - Filling up the DagBag from /home/airflow/.local/lib/python3.7/site-packages/airflow/example_dags/example_sensors.py
[2023-05-26T20:50:24.891+0000] {processor.py:836} INFO - DAG(s) dict_keys(['example_sensors']) retrieved from /home/airflow/.local/lib/python3.7/site-packages/airflow/example_dags/example_sensors.py
[2023-05-26T20:50:24.913+0000] {logging_mixin.py:149} INFO - [2023-05-26T20:50:24.913+0000] {dag.py:2726} INFO - Sync 1 DAGs
[2023-05-26T20:50:24.928+0000] {logging_mixin.py:149} INFO - [2023-05-26T20:50:24.928+0000] {dag.py:3490} INFO - Setting next_dagrun for example_sensors to None, run_after=None
[2023-05-26T20:50:24.941+0000] {processor.py:179} INFO - Processing /home/airflow/.local/lib/python3.7/site-packages/airflow/example_dags/example_sensors.py took 0.063 seconds
[2023-05-26T20:50:55.177+0000] {processor.py:157} INFO - Started process (PID=2528) to work on /home/airflow/.local/lib/python3.7/site-packages/airflow/example_dags/example_sensors.py
[2023-05-26T20:50:55.179+0000] {processor.py:826} INFO - Processing file /home/airflow/.local/lib/python3.7/site-packages/airflow/example_dags/example_sensors.py for tasks to queue
[2023-05-26T20:50:55.180+0000] {logging_mixin.py:149} INFO - [2023-05-26T20:50:55.180+0000] {dagbag.py:541} INFO - Filling up the DagBag from /home/airflow/.local/lib/python3.7/site-packages/airflow/example_dags/example_sensors.py
[2023-05-26T20:50:55.187+0000] {processor.py:836} INFO - DAG(s) dict_keys(['example_sensors']) retrieved from /home/airflow/.local/lib/python3.7/site-packages/airflow/example_dags/example_sensors.py
[2023-05-26T20:50:55.209+0000] {logging_mixin.py:149} INFO - [2023-05-26T20:50:55.209+0000] {dag.py:2726} INFO - Sync 1 DAGs
[2023-05-26T20:50:55.224+0000] {logging_mixin.py:149} INFO - [2023-05-26T20:50:55.224+0000] {dag.py:3490} INFO - Setting next_dagrun for example_sensors to None, run_after=None
[2023-05-26T20:50:55.236+0000] {processor.py:179} INFO - Processing /home/airflow/.local/lib/python3.7/site-packages/airflow/example_dags/example_sensors.py took 0.062 seconds
[2023-05-26T20:51:25.678+0000] {processor.py:157} INFO - Started process (PID=2584) to work on /home/airflow/.local/lib/python3.7/site-packages/airflow/example_dags/example_sensors.py
[2023-05-26T20:51:25.679+0000] {processor.py:826} INFO - Processing file /home/airflow/.local/lib/python3.7/site-packages/airflow/example_dags/example_sensors.py for tasks to queue
[2023-05-26T20:51:25.680+0000] {logging_mixin.py:149} INFO - [2023-05-26T20:51:25.680+0000] {dagbag.py:541} INFO - Filling up the DagBag from /home/airflow/.local/lib/python3.7/site-packages/airflow/example_dags/example_sensors.py
[2023-05-26T20:51:25.688+0000] {processor.py:836} INFO - DAG(s) dict_keys(['example_sensors']) retrieved from /home/airflow/.local/lib/python3.7/site-packages/airflow/example_dags/example_sensors.py
[2023-05-26T20:51:25.709+0000] {logging_mixin.py:149} INFO - [2023-05-26T20:51:25.708+0000] {dag.py:2726} INFO - Sync 1 DAGs
[2023-05-26T20:51:25.724+0000] {logging_mixin.py:149} INFO - [2023-05-26T20:51:25.724+0000] {dag.py:3490} INFO - Setting next_dagrun for example_sensors to None, run_after=None
[2023-05-26T20:51:25.736+0000] {processor.py:179} INFO - Processing /home/airflow/.local/lib/python3.7/site-packages/airflow/example_dags/example_sensors.py took 0.061 seconds
[2023-05-26T20:51:56.318+0000] {processor.py:157} INFO - Started process (PID=2640) to work on /home/airflow/.local/lib/python3.7/site-packages/airflow/example_dags/example_sensors.py
[2023-05-26T20:51:56.320+0000] {processor.py:826} INFO - Processing file /home/airflow/.local/lib/python3.7/site-packages/airflow/example_dags/example_sensors.py for tasks to queue
[2023-05-26T20:51:56.321+0000] {logging_mixin.py:149} INFO - [2023-05-26T20:51:56.321+0000] {dagbag.py:541} INFO - Filling up the DagBag from /home/airflow/.local/lib/python3.7/site-packages/airflow/example_dags/example_sensors.py
[2023-05-26T20:51:56.329+0000] {processor.py:836} INFO - DAG(s) dict_keys(['example_sensors']) retrieved from /home/airflow/.local/lib/python3.7/site-packages/airflow/example_dags/example_sensors.py
[2023-05-26T20:51:56.351+0000] {logging_mixin.py:149} INFO - [2023-05-26T20:51:56.351+0000] {dag.py:2726} INFO - Sync 1 DAGs
[2023-05-26T20:51:56.366+0000] {logging_mixin.py:149} INFO - [2023-05-26T20:51:56.366+0000] {dag.py:3490} INFO - Setting next_dagrun for example_sensors to None, run_after=None
[2023-05-26T20:51:56.377+0000] {processor.py:179} INFO - Processing /home/airflow/.local/lib/python3.7/site-packages/airflow/example_dags/example_sensors.py took 0.062 seconds
[2023-05-26T20:52:26.922+0000] {processor.py:157} INFO - Started process (PID=2696) to work on /home/airflow/.local/lib/python3.7/site-packages/airflow/example_dags/example_sensors.py
[2023-05-26T20:52:26.923+0000] {processor.py:826} INFO - Processing file /home/airflow/.local/lib/python3.7/site-packages/airflow/example_dags/example_sensors.py for tasks to queue
[2023-05-26T20:52:26.924+0000] {logging_mixin.py:149} INFO - [2023-05-26T20:52:26.924+0000] {dagbag.py:541} INFO - Filling up the DagBag from /home/airflow/.local/lib/python3.7/site-packages/airflow/example_dags/example_sensors.py
[2023-05-26T20:52:26.932+0000] {processor.py:836} INFO - DAG(s) dict_keys(['example_sensors']) retrieved from /home/airflow/.local/lib/python3.7/site-packages/airflow/example_dags/example_sensors.py
[2023-05-26T20:52:26.953+0000] {logging_mixin.py:149} INFO - [2023-05-26T20:52:26.953+0000] {dag.py:2726} INFO - Sync 1 DAGs
[2023-05-26T20:52:26.968+0000] {logging_mixin.py:149} INFO - [2023-05-26T20:52:26.968+0000] {dag.py:3490} INFO - Setting next_dagrun for example_sensors to None, run_after=None
[2023-05-26T20:52:26.980+0000] {processor.py:179} INFO - Processing /home/airflow/.local/lib/python3.7/site-packages/airflow/example_dags/example_sensors.py took 0.062 seconds
[2023-05-26T20:52:57.524+0000] {processor.py:157} INFO - Started process (PID=2752) to work on /home/airflow/.local/lib/python3.7/site-packages/airflow/example_dags/example_sensors.py
[2023-05-26T20:52:57.525+0000] {processor.py:826} INFO - Processing file /home/airflow/.local/lib/python3.7/site-packages/airflow/example_dags/example_sensors.py for tasks to queue
[2023-05-26T20:52:57.526+0000] {logging_mixin.py:149} INFO - [2023-05-26T20:52:57.526+0000] {dagbag.py:541} INFO - Filling up the DagBag from /home/airflow/.local/lib/python3.7/site-packages/airflow/example_dags/example_sensors.py
[2023-05-26T20:52:57.533+0000] {processor.py:836} INFO - DAG(s) dict_keys(['example_sensors']) retrieved from /home/airflow/.local/lib/python3.7/site-packages/airflow/example_dags/example_sensors.py
[2023-05-26T20:52:57.555+0000] {logging_mixin.py:149} INFO - [2023-05-26T20:52:57.555+0000] {dag.py:2726} INFO - Sync 1 DAGs
[2023-05-26T20:52:57.571+0000] {logging_mixin.py:149} INFO - [2023-05-26T20:52:57.571+0000] {dag.py:3490} INFO - Setting next_dagrun for example_sensors to None, run_after=None
[2023-05-26T20:52:57.582+0000] {processor.py:179} INFO - Processing /home/airflow/.local/lib/python3.7/site-packages/airflow/example_dags/example_sensors.py took 0.062 seconds
[2023-05-26T20:53:28.226+0000] {processor.py:157} INFO - Started process (PID=2808) to work on /home/airflow/.local/lib/python3.7/site-packages/airflow/example_dags/example_sensors.py
[2023-05-26T20:53:28.228+0000] {processor.py:826} INFO - Processing file /home/airflow/.local/lib/python3.7/site-packages/airflow/example_dags/example_sensors.py for tasks to queue
[2023-05-26T20:53:28.228+0000] {logging_mixin.py:149} INFO - [2023-05-26T20:53:28.228+0000] {dagbag.py:541} INFO - Filling up the DagBag from /home/airflow/.local/lib/python3.7/site-packages/airflow/example_dags/example_sensors.py
[2023-05-26T20:53:28.236+0000] {processor.py:836} INFO - DAG(s) dict_keys(['example_sensors']) retrieved from /home/airflow/.local/lib/python3.7/site-packages/airflow/example_dags/example_sensors.py
[2023-05-26T20:53:28.257+0000] {logging_mixin.py:149} INFO - [2023-05-26T20:53:28.257+0000] {dag.py:2726} INFO - Sync 1 DAGs
[2023-05-26T20:53:28.273+0000] {logging_mixin.py:149} INFO - [2023-05-26T20:53:28.273+0000] {dag.py:3490} INFO - Setting next_dagrun for example_sensors to None, run_after=None
[2023-05-26T20:53:28.285+0000] {processor.py:179} INFO - Processing /home/airflow/.local/lib/python3.7/site-packages/airflow/example_dags/example_sensors.py took 0.062 seconds
[2023-05-26T20:53:58.903+0000] {processor.py:157} INFO - Started process (PID=2864) to work on /home/airflow/.local/lib/python3.7/site-packages/airflow/example_dags/example_sensors.py
[2023-05-26T20:53:58.905+0000] {processor.py:826} INFO - Processing file /home/airflow/.local/lib/python3.7/site-packages/airflow/example_dags/example_sensors.py for tasks to queue
[2023-05-26T20:53:58.906+0000] {logging_mixin.py:149} INFO - [2023-05-26T20:53:58.906+0000] {dagbag.py:541} INFO - Filling up the DagBag from /home/airflow/.local/lib/python3.7/site-packages/airflow/example_dags/example_sensors.py
[2023-05-26T20:53:58.913+0000] {processor.py:836} INFO - DAG(s) dict_keys(['example_sensors']) retrieved from /home/airflow/.local/lib/python3.7/site-packages/airflow/example_dags/example_sensors.py
[2023-05-26T20:53:58.936+0000] {logging_mixin.py:149} INFO - [2023-05-26T20:53:58.936+0000] {dag.py:2726} INFO - Sync 1 DAGs
[2023-05-26T20:53:58.953+0000] {logging_mixin.py:149} INFO - [2023-05-26T20:53:58.953+0000] {dag.py:3490} INFO - Setting next_dagrun for example_sensors to None, run_after=None
[2023-05-26T20:53:58.970+0000] {processor.py:179} INFO - Processing /home/airflow/.local/lib/python3.7/site-packages/airflow/example_dags/example_sensors.py took 0.069 seconds
[2023-05-26T20:54:29.495+0000] {processor.py:157} INFO - Started process (PID=2926) to work on /home/airflow/.local/lib/python3.7/site-packages/airflow/example_dags/example_sensors.py
[2023-05-26T20:54:29.497+0000] {processor.py:826} INFO - Processing file /home/airflow/.local/lib/python3.7/site-packages/airflow/example_dags/example_sensors.py for tasks to queue
[2023-05-26T20:54:29.498+0000] {logging_mixin.py:149} INFO - [2023-05-26T20:54:29.498+0000] {dagbag.py:541} INFO - Filling up the DagBag from /home/airflow/.local/lib/python3.7/site-packages/airflow/example_dags/example_sensors.py
[2023-05-26T20:54:29.506+0000] {processor.py:836} INFO - DAG(s) dict_keys(['example_sensors']) retrieved from /home/airflow/.local/lib/python3.7/site-packages/airflow/example_dags/example_sensors.py
[2023-05-26T20:54:29.527+0000] {logging_mixin.py:149} INFO - [2023-05-26T20:54:29.527+0000] {dag.py:2726} INFO - Sync 1 DAGs
[2023-05-26T20:54:29.542+0000] {logging_mixin.py:149} INFO - [2023-05-26T20:54:29.542+0000] {dag.py:3490} INFO - Setting next_dagrun for example_sensors to None, run_after=None
[2023-05-26T20:54:29.556+0000] {processor.py:179} INFO - Processing /home/airflow/.local/lib/python3.7/site-packages/airflow/example_dags/example_sensors.py took 0.063 seconds
[2023-05-26T20:54:59.999+0000] {processor.py:157} INFO - Started process (PID=2982) to work on /home/airflow/.local/lib/python3.7/site-packages/airflow/example_dags/example_sensors.py
[2023-05-26T20:55:00.001+0000] {processor.py:826} INFO - Processing file /home/airflow/.local/lib/python3.7/site-packages/airflow/example_dags/example_sensors.py for tasks to queue
[2023-05-26T20:55:00.001+0000] {logging_mixin.py:149} INFO - [2023-05-26T20:55:00.001+0000] {dagbag.py:541} INFO - Filling up the DagBag from /home/airflow/.local/lib/python3.7/site-packages/airflow/example_dags/example_sensors.py
[2023-05-26T20:55:00.009+0000] {processor.py:836} INFO - DAG(s) dict_keys(['example_sensors']) retrieved from /home/airflow/.local/lib/python3.7/site-packages/airflow/example_dags/example_sensors.py
[2023-05-26T20:55:00.032+0000] {logging_mixin.py:149} INFO - [2023-05-26T20:55:00.031+0000] {dag.py:2726} INFO - Sync 1 DAGs
[2023-05-26T20:55:00.056+0000] {logging_mixin.py:149} INFO - [2023-05-26T20:55:00.055+0000] {dag.py:3490} INFO - Setting next_dagrun for example_sensors to None, run_after=None
[2023-05-26T20:55:00.071+0000] {processor.py:179} INFO - Processing /home/airflow/.local/lib/python3.7/site-packages/airflow/example_dags/example_sensors.py took 0.075 seconds
[2023-05-26T20:55:30.674+0000] {processor.py:157} INFO - Started process (PID=3039) to work on /home/airflow/.local/lib/python3.7/site-packages/airflow/example_dags/example_sensors.py
[2023-05-26T20:55:30.676+0000] {processor.py:826} INFO - Processing file /home/airflow/.local/lib/python3.7/site-packages/airflow/example_dags/example_sensors.py for tasks to queue
[2023-05-26T20:55:30.677+0000] {logging_mixin.py:149} INFO - [2023-05-26T20:55:30.677+0000] {dagbag.py:541} INFO - Filling up the DagBag from /home/airflow/.local/lib/python3.7/site-packages/airflow/example_dags/example_sensors.py
[2023-05-26T20:55:30.684+0000] {processor.py:836} INFO - DAG(s) dict_keys(['example_sensors']) retrieved from /home/airflow/.local/lib/python3.7/site-packages/airflow/example_dags/example_sensors.py
[2023-05-26T20:55:30.706+0000] {logging_mixin.py:149} INFO - [2023-05-26T20:55:30.706+0000] {dag.py:2726} INFO - Sync 1 DAGs
[2023-05-26T20:55:30.722+0000] {logging_mixin.py:149} INFO - [2023-05-26T20:55:30.722+0000] {dag.py:3490} INFO - Setting next_dagrun for example_sensors to None, run_after=None
[2023-05-26T20:55:30.737+0000] {processor.py:179} INFO - Processing /home/airflow/.local/lib/python3.7/site-packages/airflow/example_dags/example_sensors.py took 0.065 seconds
[2023-05-26T20:56:01.440+0000] {processor.py:157} INFO - Started process (PID=3095) to work on /home/airflow/.local/lib/python3.7/site-packages/airflow/example_dags/example_sensors.py
[2023-05-26T20:56:01.442+0000] {processor.py:826} INFO - Processing file /home/airflow/.local/lib/python3.7/site-packages/airflow/example_dags/example_sensors.py for tasks to queue
[2023-05-26T20:56:01.443+0000] {logging_mixin.py:149} INFO - [2023-05-26T20:56:01.443+0000] {dagbag.py:541} INFO - Filling up the DagBag from /home/airflow/.local/lib/python3.7/site-packages/airflow/example_dags/example_sensors.py
[2023-05-26T20:56:01.451+0000] {processor.py:836} INFO - DAG(s) dict_keys(['example_sensors']) retrieved from /home/airflow/.local/lib/python3.7/site-packages/airflow/example_dags/example_sensors.py
[2023-05-26T20:56:01.473+0000] {logging_mixin.py:149} INFO - [2023-05-26T20:56:01.473+0000] {dag.py:2726} INFO - Sync 1 DAGs
[2023-05-26T20:56:01.488+0000] {logging_mixin.py:149} INFO - [2023-05-26T20:56:01.488+0000] {dag.py:3490} INFO - Setting next_dagrun for example_sensors to None, run_after=None
[2023-05-26T20:56:01.499+0000] {processor.py:179} INFO - Processing /home/airflow/.local/lib/python3.7/site-packages/airflow/example_dags/example_sensors.py took 0.062 seconds
[2023-05-26T20:56:32.323+0000] {processor.py:157} INFO - Started process (PID=3151) to work on /home/airflow/.local/lib/python3.7/site-packages/airflow/example_dags/example_sensors.py
[2023-05-26T20:56:32.325+0000] {processor.py:826} INFO - Processing file /home/airflow/.local/lib/python3.7/site-packages/airflow/example_dags/example_sensors.py for tasks to queue
[2023-05-26T20:56:32.326+0000] {logging_mixin.py:149} INFO - [2023-05-26T20:56:32.326+0000] {dagbag.py:541} INFO - Filling up the DagBag from /home/airflow/.local/lib/python3.7/site-packages/airflow/example_dags/example_sensors.py
[2023-05-26T20:56:32.334+0000] {processor.py:836} INFO - DAG(s) dict_keys(['example_sensors']) retrieved from /home/airflow/.local/lib/python3.7/site-packages/airflow/example_dags/example_sensors.py
[2023-05-26T20:56:32.355+0000] {logging_mixin.py:149} INFO - [2023-05-26T20:56:32.354+0000] {dag.py:2726} INFO - Sync 1 DAGs
[2023-05-26T20:56:32.370+0000] {logging_mixin.py:149} INFO - [2023-05-26T20:56:32.370+0000] {dag.py:3490} INFO - Setting next_dagrun for example_sensors to None, run_after=None
[2023-05-26T20:56:32.381+0000] {processor.py:179} INFO - Processing /home/airflow/.local/lib/python3.7/site-packages/airflow/example_dags/example_sensors.py took 0.060 seconds
[2023-05-26T20:57:02.898+0000] {processor.py:157} INFO - Started process (PID=3207) to work on /home/airflow/.local/lib/python3.7/site-packages/airflow/example_dags/example_sensors.py
[2023-05-26T20:57:02.900+0000] {processor.py:826} INFO - Processing file /home/airflow/.local/lib/python3.7/site-packages/airflow/example_dags/example_sensors.py for tasks to queue
[2023-05-26T20:57:02.901+0000] {logging_mixin.py:149} INFO - [2023-05-26T20:57:02.901+0000] {dagbag.py:541} INFO - Filling up the DagBag from /home/airflow/.local/lib/python3.7/site-packages/airflow/example_dags/example_sensors.py
[2023-05-26T20:57:02.908+0000] {processor.py:836} INFO - DAG(s) dict_keys(['example_sensors']) retrieved from /home/airflow/.local/lib/python3.7/site-packages/airflow/example_dags/example_sensors.py
[2023-05-26T20:57:02.929+0000] {logging_mixin.py:149} INFO - [2023-05-26T20:57:02.929+0000] {dag.py:2726} INFO - Sync 1 DAGs
[2023-05-26T20:57:02.944+0000] {logging_mixin.py:149} INFO - [2023-05-26T20:57:02.943+0000] {dag.py:3490} INFO - Setting next_dagrun for example_sensors to None, run_after=None
[2023-05-26T20:57:02.955+0000] {processor.py:179} INFO - Processing /home/airflow/.local/lib/python3.7/site-packages/airflow/example_dags/example_sensors.py took 0.059 seconds
[2023-05-26T20:57:33.390+0000] {processor.py:157} INFO - Started process (PID=3263) to work on /home/airflow/.local/lib/python3.7/site-packages/airflow/example_dags/example_sensors.py
[2023-05-26T20:57:33.392+0000] {processor.py:826} INFO - Processing file /home/airflow/.local/lib/python3.7/site-packages/airflow/example_dags/example_sensors.py for tasks to queue
[2023-05-26T20:57:33.393+0000] {logging_mixin.py:149} INFO - [2023-05-26T20:57:33.393+0000] {dagbag.py:541} INFO - Filling up the DagBag from /home/airflow/.local/lib/python3.7/site-packages/airflow/example_dags/example_sensors.py
[2023-05-26T20:57:33.402+0000] {processor.py:836} INFO - DAG(s) dict_keys(['example_sensors']) retrieved from /home/airflow/.local/lib/python3.7/site-packages/airflow/example_dags/example_sensors.py
[2023-05-26T20:57:33.427+0000] {logging_mixin.py:149} INFO - [2023-05-26T20:57:33.427+0000] {dag.py:2726} INFO - Sync 1 DAGs
[2023-05-26T20:57:33.447+0000] {logging_mixin.py:149} INFO - [2023-05-26T20:57:33.447+0000] {dag.py:3490} INFO - Setting next_dagrun for example_sensors to None, run_after=None
[2023-05-26T20:57:33.477+0000] {processor.py:179} INFO - Processing /home/airflow/.local/lib/python3.7/site-packages/airflow/example_dags/example_sensors.py took 0.090 seconds
[2023-05-26T21:01:24.885+0000] {processor.py:157} INFO - Started process (PID=3304) to work on /home/airflow/.local/lib/python3.7/site-packages/airflow/example_dags/example_sensors.py
[2023-05-26T21:01:24.886+0000] {processor.py:826} INFO - Processing file /home/airflow/.local/lib/python3.7/site-packages/airflow/example_dags/example_sensors.py for tasks to queue
[2023-05-26T21:01:24.887+0000] {logging_mixin.py:149} INFO - [2023-05-26T21:01:24.887+0000] {dagbag.py:541} INFO - Filling up the DagBag from /home/airflow/.local/lib/python3.7/site-packages/airflow/example_dags/example_sensors.py
[2023-05-26T21:01:24.895+0000] {processor.py:836} INFO - DAG(s) dict_keys(['example_sensors']) retrieved from /home/airflow/.local/lib/python3.7/site-packages/airflow/example_dags/example_sensors.py
[2023-05-26T21:01:24.931+0000] {logging_mixin.py:149} INFO - [2023-05-26T21:01:24.930+0000] {dag.py:2726} INFO - Sync 1 DAGs
[2023-05-26T21:01:24.952+0000] {logging_mixin.py:149} INFO - [2023-05-26T21:01:24.951+0000] {dag.py:3490} INFO - Setting next_dagrun for example_sensors to None, run_after=None
[2023-05-26T21:01:24.971+0000] {processor.py:179} INFO - Processing /home/airflow/.local/lib/python3.7/site-packages/airflow/example_dags/example_sensors.py took 0.088 seconds
[2023-05-26T21:01:55.977+0000] {processor.py:157} INFO - Started process (PID=3360) to work on /home/airflow/.local/lib/python3.7/site-packages/airflow/example_dags/example_sensors.py
[2023-05-26T21:01:55.981+0000] {processor.py:826} INFO - Processing file /home/airflow/.local/lib/python3.7/site-packages/airflow/example_dags/example_sensors.py for tasks to queue
[2023-05-26T21:01:55.982+0000] {logging_mixin.py:149} INFO - [2023-05-26T21:01:55.981+0000] {dagbag.py:541} INFO - Filling up the DagBag from /home/airflow/.local/lib/python3.7/site-packages/airflow/example_dags/example_sensors.py
[2023-05-26T21:01:55.992+0000] {processor.py:836} INFO - DAG(s) dict_keys(['example_sensors']) retrieved from /home/airflow/.local/lib/python3.7/site-packages/airflow/example_dags/example_sensors.py
[2023-05-26T21:01:56.043+0000] {logging_mixin.py:149} INFO - [2023-05-26T21:01:56.043+0000] {dag.py:2726} INFO - Sync 1 DAGs
[2023-05-26T21:01:56.072+0000] {logging_mixin.py:149} INFO - [2023-05-26T21:01:56.072+0000] {dag.py:3490} INFO - Setting next_dagrun for example_sensors to None, run_after=None
[2023-05-26T21:01:56.104+0000] {processor.py:179} INFO - Processing /home/airflow/.local/lib/python3.7/site-packages/airflow/example_dags/example_sensors.py took 0.130 seconds
[2023-05-26T21:02:27.131+0000] {processor.py:157} INFO - Started process (PID=3416) to work on /home/airflow/.local/lib/python3.7/site-packages/airflow/example_dags/example_sensors.py
[2023-05-26T21:02:27.134+0000] {processor.py:826} INFO - Processing file /home/airflow/.local/lib/python3.7/site-packages/airflow/example_dags/example_sensors.py for tasks to queue
[2023-05-26T21:02:27.136+0000] {logging_mixin.py:149} INFO - [2023-05-26T21:02:27.136+0000] {dagbag.py:541} INFO - Filling up the DagBag from /home/airflow/.local/lib/python3.7/site-packages/airflow/example_dags/example_sensors.py
[2023-05-26T21:02:27.147+0000] {processor.py:836} INFO - DAG(s) dict_keys(['example_sensors']) retrieved from /home/airflow/.local/lib/python3.7/site-packages/airflow/example_dags/example_sensors.py
[2023-05-26T21:02:27.172+0000] {logging_mixin.py:149} INFO - [2023-05-26T21:02:27.172+0000] {dag.py:2726} INFO - Sync 1 DAGs
[2023-05-26T21:02:27.187+0000] {logging_mixin.py:149} INFO - [2023-05-26T21:02:27.187+0000] {dag.py:3490} INFO - Setting next_dagrun for example_sensors to None, run_after=None
[2023-05-26T21:02:27.201+0000] {processor.py:179} INFO - Processing /home/airflow/.local/lib/python3.7/site-packages/airflow/example_dags/example_sensors.py took 0.077 seconds
[2023-05-26T21:02:57.752+0000] {processor.py:157} INFO - Started process (PID=3472) to work on /home/airflow/.local/lib/python3.7/site-packages/airflow/example_dags/example_sensors.py
[2023-05-26T21:02:57.763+0000] {processor.py:826} INFO - Processing file /home/airflow/.local/lib/python3.7/site-packages/airflow/example_dags/example_sensors.py for tasks to queue
[2023-05-26T21:02:57.764+0000] {logging_mixin.py:149} INFO - [2023-05-26T21:02:57.764+0000] {dagbag.py:541} INFO - Filling up the DagBag from /home/airflow/.local/lib/python3.7/site-packages/airflow/example_dags/example_sensors.py
[2023-05-26T21:02:57.773+0000] {processor.py:836} INFO - DAG(s) dict_keys(['example_sensors']) retrieved from /home/airflow/.local/lib/python3.7/site-packages/airflow/example_dags/example_sensors.py
[2023-05-26T21:02:57.796+0000] {logging_mixin.py:149} INFO - [2023-05-26T21:02:57.796+0000] {dag.py:2726} INFO - Sync 1 DAGs
[2023-05-26T21:02:57.812+0000] {logging_mixin.py:149} INFO - [2023-05-26T21:02:57.812+0000] {dag.py:3490} INFO - Setting next_dagrun for example_sensors to None, run_after=None
[2023-05-26T21:02:57.824+0000] {processor.py:179} INFO - Processing /home/airflow/.local/lib/python3.7/site-packages/airflow/example_dags/example_sensors.py took 0.077 seconds
[2023-05-26T21:03:28.515+0000] {processor.py:157} INFO - Started process (PID=3528) to work on /home/airflow/.local/lib/python3.7/site-packages/airflow/example_dags/example_sensors.py
[2023-05-26T21:03:28.517+0000] {processor.py:826} INFO - Processing file /home/airflow/.local/lib/python3.7/site-packages/airflow/example_dags/example_sensors.py for tasks to queue
[2023-05-26T21:03:28.518+0000] {logging_mixin.py:149} INFO - [2023-05-26T21:03:28.518+0000] {dagbag.py:541} INFO - Filling up the DagBag from /home/airflow/.local/lib/python3.7/site-packages/airflow/example_dags/example_sensors.py
[2023-05-26T21:03:28.529+0000] {processor.py:836} INFO - DAG(s) dict_keys(['example_sensors']) retrieved from /home/airflow/.local/lib/python3.7/site-packages/airflow/example_dags/example_sensors.py
[2023-05-26T21:03:28.555+0000] {logging_mixin.py:149} INFO - [2023-05-26T21:03:28.555+0000] {dag.py:2726} INFO - Sync 1 DAGs
[2023-05-26T21:03:28.571+0000] {logging_mixin.py:149} INFO - [2023-05-26T21:03:28.571+0000] {dag.py:3490} INFO - Setting next_dagrun for example_sensors to None, run_after=None
[2023-05-26T21:03:28.584+0000] {processor.py:179} INFO - Processing /home/airflow/.local/lib/python3.7/site-packages/airflow/example_dags/example_sensors.py took 0.074 seconds
[2023-05-26T21:03:59.367+0000] {processor.py:157} INFO - Started process (PID=3585) to work on /home/airflow/.local/lib/python3.7/site-packages/airflow/example_dags/example_sensors.py
[2023-05-26T21:03:59.369+0000] {processor.py:826} INFO - Processing file /home/airflow/.local/lib/python3.7/site-packages/airflow/example_dags/example_sensors.py for tasks to queue
[2023-05-26T21:03:59.370+0000] {logging_mixin.py:149} INFO - [2023-05-26T21:03:59.370+0000] {dagbag.py:541} INFO - Filling up the DagBag from /home/airflow/.local/lib/python3.7/site-packages/airflow/example_dags/example_sensors.py
[2023-05-26T21:03:59.379+0000] {processor.py:836} INFO - DAG(s) dict_keys(['example_sensors']) retrieved from /home/airflow/.local/lib/python3.7/site-packages/airflow/example_dags/example_sensors.py
[2023-05-26T21:03:59.404+0000] {logging_mixin.py:149} INFO - [2023-05-26T21:03:59.404+0000] {dag.py:2726} INFO - Sync 1 DAGs
[2023-05-26T21:03:59.421+0000] {logging_mixin.py:149} INFO - [2023-05-26T21:03:59.421+0000] {dag.py:3490} INFO - Setting next_dagrun for example_sensors to None, run_after=None
[2023-05-26T21:03:59.433+0000] {processor.py:179} INFO - Processing /home/airflow/.local/lib/python3.7/site-packages/airflow/example_dags/example_sensors.py took 0.069 seconds
[2023-05-26T21:04:30.313+0000] {processor.py:157} INFO - Started process (PID=3641) to work on /home/airflow/.local/lib/python3.7/site-packages/airflow/example_dags/example_sensors.py
[2023-05-26T21:04:30.315+0000] {processor.py:826} INFO - Processing file /home/airflow/.local/lib/python3.7/site-packages/airflow/example_dags/example_sensors.py for tasks to queue
[2023-05-26T21:04:30.318+0000] {logging_mixin.py:149} INFO - [2023-05-26T21:04:30.318+0000] {dagbag.py:541} INFO - Filling up the DagBag from /home/airflow/.local/lib/python3.7/site-packages/airflow/example_dags/example_sensors.py
[2023-05-26T21:04:30.326+0000] {processor.py:836} INFO - DAG(s) dict_keys(['example_sensors']) retrieved from /home/airflow/.local/lib/python3.7/site-packages/airflow/example_dags/example_sensors.py
[2023-05-26T21:04:30.349+0000] {logging_mixin.py:149} INFO - [2023-05-26T21:04:30.349+0000] {dag.py:2726} INFO - Sync 1 DAGs
[2023-05-26T21:04:30.364+0000] {logging_mixin.py:149} INFO - [2023-05-26T21:04:30.364+0000] {dag.py:3490} INFO - Setting next_dagrun for example_sensors to None, run_after=None
[2023-05-26T21:04:30.377+0000] {processor.py:179} INFO - Processing /home/airflow/.local/lib/python3.7/site-packages/airflow/example_dags/example_sensors.py took 0.068 seconds
[2023-05-26T21:05:02.185+0000] {processor.py:157} INFO - Started process (PID=58) to work on /home/airflow/.local/lib/python3.7/site-packages/airflow/example_dags/example_sensors.py
[2023-05-26T21:05:02.187+0000] {processor.py:826} INFO - Processing file /home/airflow/.local/lib/python3.7/site-packages/airflow/example_dags/example_sensors.py for tasks to queue
[2023-05-26T21:05:02.201+0000] {logging_mixin.py:149} INFO - [2023-05-26T21:05:02.200+0000] {dagbag.py:541} INFO - Filling up the DagBag from /home/airflow/.local/lib/python3.7/site-packages/airflow/example_dags/example_sensors.py
[2023-05-26T21:05:02.221+0000] {processor.py:836} INFO - DAG(s) dict_keys(['example_sensors']) retrieved from /home/airflow/.local/lib/python3.7/site-packages/airflow/example_dags/example_sensors.py
[2023-05-26T21:05:02.248+0000] {logging_mixin.py:149} INFO - [2023-05-26T21:05:02.248+0000] {dag.py:2726} INFO - Sync 1 DAGs
[2023-05-26T21:05:02.287+0000] {logging_mixin.py:149} INFO - [2023-05-26T21:05:02.287+0000] {dag.py:3490} INFO - Setting next_dagrun for example_sensors to None, run_after=None
[2023-05-26T21:05:02.305+0000] {processor.py:179} INFO - Processing /home/airflow/.local/lib/python3.7/site-packages/airflow/example_dags/example_sensors.py took 0.125 seconds
[2023-05-26T21:05:33.004+0000] {processor.py:157} INFO - Started process (PID=114) to work on /home/airflow/.local/lib/python3.7/site-packages/airflow/example_dags/example_sensors.py
[2023-05-26T21:05:33.005+0000] {processor.py:826} INFO - Processing file /home/airflow/.local/lib/python3.7/site-packages/airflow/example_dags/example_sensors.py for tasks to queue
[2023-05-26T21:05:33.006+0000] {logging_mixin.py:149} INFO - [2023-05-26T21:05:33.006+0000] {dagbag.py:541} INFO - Filling up the DagBag from /home/airflow/.local/lib/python3.7/site-packages/airflow/example_dags/example_sensors.py
[2023-05-26T21:05:33.014+0000] {processor.py:836} INFO - DAG(s) dict_keys(['example_sensors']) retrieved from /home/airflow/.local/lib/python3.7/site-packages/airflow/example_dags/example_sensors.py
[2023-05-26T21:05:33.035+0000] {logging_mixin.py:149} INFO - [2023-05-26T21:05:33.035+0000] {dag.py:2726} INFO - Sync 1 DAGs
[2023-05-26T21:05:33.050+0000] {logging_mixin.py:149} INFO - [2023-05-26T21:05:33.050+0000] {dag.py:3490} INFO - Setting next_dagrun for example_sensors to None, run_after=None
[2023-05-26T21:05:33.063+0000] {processor.py:179} INFO - Processing /home/airflow/.local/lib/python3.7/site-packages/airflow/example_dags/example_sensors.py took 0.062 seconds
[2023-05-26T21:06:03.542+0000] {processor.py:157} INFO - Started process (PID=170) to work on /home/airflow/.local/lib/python3.7/site-packages/airflow/example_dags/example_sensors.py
[2023-05-26T21:06:03.545+0000] {processor.py:826} INFO - Processing file /home/airflow/.local/lib/python3.7/site-packages/airflow/example_dags/example_sensors.py for tasks to queue
[2023-05-26T21:06:03.545+0000] {logging_mixin.py:149} INFO - [2023-05-26T21:06:03.545+0000] {dagbag.py:541} INFO - Filling up the DagBag from /home/airflow/.local/lib/python3.7/site-packages/airflow/example_dags/example_sensors.py
[2023-05-26T21:06:03.553+0000] {processor.py:836} INFO - DAG(s) dict_keys(['example_sensors']) retrieved from /home/airflow/.local/lib/python3.7/site-packages/airflow/example_dags/example_sensors.py
[2023-05-26T21:06:03.574+0000] {logging_mixin.py:149} INFO - [2023-05-26T21:06:03.574+0000] {dag.py:2726} INFO - Sync 1 DAGs
[2023-05-26T21:06:03.589+0000] {logging_mixin.py:149} INFO - [2023-05-26T21:06:03.589+0000] {dag.py:3490} INFO - Setting next_dagrun for example_sensors to None, run_after=None
[2023-05-26T21:06:03.603+0000] {processor.py:179} INFO - Processing /home/airflow/.local/lib/python3.7/site-packages/airflow/example_dags/example_sensors.py took 0.064 seconds
[2023-05-26T21:06:40.403+0000] {processor.py:157} INFO - Started process (PID=226) to work on /home/airflow/.local/lib/python3.7/site-packages/airflow/example_dags/example_sensors.py
[2023-05-26T21:06:40.405+0000] {processor.py:826} INFO - Processing file /home/airflow/.local/lib/python3.7/site-packages/airflow/example_dags/example_sensors.py for tasks to queue
[2023-05-26T21:06:40.406+0000] {logging_mixin.py:149} INFO - [2023-05-26T21:06:40.406+0000] {dagbag.py:541} INFO - Filling up the DagBag from /home/airflow/.local/lib/python3.7/site-packages/airflow/example_dags/example_sensors.py
[2023-05-26T21:06:40.414+0000] {processor.py:836} INFO - DAG(s) dict_keys(['example_sensors']) retrieved from /home/airflow/.local/lib/python3.7/site-packages/airflow/example_dags/example_sensors.py
[2023-05-26T21:06:40.427+0000] {logging_mixin.py:149} INFO - [2023-05-26T21:06:40.427+0000] {dag.py:2726} INFO - Sync 1 DAGs
[2023-05-26T21:06:40.443+0000] {logging_mixin.py:149} INFO - [2023-05-26T21:06:40.443+0000] {dag.py:3490} INFO - Setting next_dagrun for example_sensors to None, run_after=None
[2023-05-26T21:06:40.453+0000] {processor.py:179} INFO - Processing /home/airflow/.local/lib/python3.7/site-packages/airflow/example_dags/example_sensors.py took 0.053 seconds
[2023-05-26T21:07:10.982+0000] {processor.py:157} INFO - Started process (PID=283) to work on /home/airflow/.local/lib/python3.7/site-packages/airflow/example_dags/example_sensors.py
[2023-05-26T21:07:10.984+0000] {processor.py:826} INFO - Processing file /home/airflow/.local/lib/python3.7/site-packages/airflow/example_dags/example_sensors.py for tasks to queue
[2023-05-26T21:07:10.986+0000] {logging_mixin.py:149} INFO - [2023-05-26T21:07:10.986+0000] {dagbag.py:541} INFO - Filling up the DagBag from /home/airflow/.local/lib/python3.7/site-packages/airflow/example_dags/example_sensors.py
[2023-05-26T21:07:10.994+0000] {processor.py:836} INFO - DAG(s) dict_keys(['example_sensors']) retrieved from /home/airflow/.local/lib/python3.7/site-packages/airflow/example_dags/example_sensors.py
[2023-05-26T21:07:11.015+0000] {logging_mixin.py:149} INFO - [2023-05-26T21:07:11.015+0000] {dag.py:2726} INFO - Sync 1 DAGs
[2023-05-26T21:07:11.030+0000] {logging_mixin.py:149} INFO - [2023-05-26T21:07:11.030+0000] {dag.py:3490} INFO - Setting next_dagrun for example_sensors to None, run_after=None
[2023-05-26T21:07:11.043+0000] {processor.py:179} INFO - Processing /home/airflow/.local/lib/python3.7/site-packages/airflow/example_dags/example_sensors.py took 0.064 seconds
[2023-05-26T21:07:41.690+0000] {processor.py:157} INFO - Started process (PID=339) to work on /home/airflow/.local/lib/python3.7/site-packages/airflow/example_dags/example_sensors.py
[2023-05-26T21:07:41.692+0000] {processor.py:826} INFO - Processing file /home/airflow/.local/lib/python3.7/site-packages/airflow/example_dags/example_sensors.py for tasks to queue
[2023-05-26T21:07:41.694+0000] {logging_mixin.py:149} INFO - [2023-05-26T21:07:41.694+0000] {dagbag.py:541} INFO - Filling up the DagBag from /home/airflow/.local/lib/python3.7/site-packages/airflow/example_dags/example_sensors.py
[2023-05-26T21:07:41.701+0000] {processor.py:836} INFO - DAG(s) dict_keys(['example_sensors']) retrieved from /home/airflow/.local/lib/python3.7/site-packages/airflow/example_dags/example_sensors.py
[2023-05-26T21:07:41.723+0000] {logging_mixin.py:149} INFO - [2023-05-26T21:07:41.723+0000] {dag.py:2726} INFO - Sync 1 DAGs
[2023-05-26T21:07:41.738+0000] {logging_mixin.py:149} INFO - [2023-05-26T21:07:41.738+0000] {dag.py:3490} INFO - Setting next_dagrun for example_sensors to None, run_after=None
[2023-05-26T21:07:41.751+0000] {processor.py:179} INFO - Processing /home/airflow/.local/lib/python3.7/site-packages/airflow/example_dags/example_sensors.py took 0.063 seconds
[2023-05-26T21:08:12.104+0000] {processor.py:157} INFO - Started process (PID=395) to work on /home/airflow/.local/lib/python3.7/site-packages/airflow/example_dags/example_sensors.py
[2023-05-26T21:08:12.106+0000] {processor.py:826} INFO - Processing file /home/airflow/.local/lib/python3.7/site-packages/airflow/example_dags/example_sensors.py for tasks to queue
[2023-05-26T21:08:12.107+0000] {logging_mixin.py:149} INFO - [2023-05-26T21:08:12.107+0000] {dagbag.py:541} INFO - Filling up the DagBag from /home/airflow/.local/lib/python3.7/site-packages/airflow/example_dags/example_sensors.py
[2023-05-26T21:08:12.114+0000] {processor.py:836} INFO - DAG(s) dict_keys(['example_sensors']) retrieved from /home/airflow/.local/lib/python3.7/site-packages/airflow/example_dags/example_sensors.py
[2023-05-26T21:08:12.136+0000] {logging_mixin.py:149} INFO - [2023-05-26T21:08:12.136+0000] {dag.py:2726} INFO - Sync 1 DAGs
[2023-05-26T21:08:12.151+0000] {logging_mixin.py:149} INFO - [2023-05-26T21:08:12.150+0000] {dag.py:3490} INFO - Setting next_dagrun for example_sensors to None, run_after=None
[2023-05-26T21:08:12.167+0000] {processor.py:179} INFO - Processing /home/airflow/.local/lib/python3.7/site-packages/airflow/example_dags/example_sensors.py took 0.065 seconds
