[2023-05-26T20:28:32.242+0000] {processor.py:157} INFO - Started process (PID=46) to work on /home/airflow/.local/lib/python3.7/site-packages/airflow/example_dags/example_sensor_decorator.py
[2023-05-26T20:28:32.244+0000] {processor.py:826} INFO - Processing file /home/airflow/.local/lib/python3.7/site-packages/airflow/example_dags/example_sensor_decorator.py for tasks to queue
[2023-05-26T20:28:32.246+0000] {logging_mixin.py:149} INFO - [2023-05-26T20:28:32.246+0000] {dagbag.py:541} INFO - Filling up the DagBag from /home/airflow/.local/lib/python3.7/site-packages/airflow/example_dags/example_sensor_decorator.py
[2023-05-26T20:28:32.258+0000] {processor.py:836} INFO - DAG(s) dict_keys(['example_sensor_decorator']) retrieved from /home/airflow/.local/lib/python3.7/site-packages/airflow/example_dags/example_sensor_decorator.py
[2023-05-26T20:28:32.419+0000] {logging_mixin.py:149} INFO - [2023-05-26T20:28:32.419+0000] {manager.py:504} INFO - Created Permission View: can delete on DAG:example_sensor_decorator
[2023-05-26T20:28:32.426+0000] {logging_mixin.py:149} INFO - [2023-05-26T20:28:32.426+0000] {manager.py:504} INFO - Created Permission View: can read on DAG:example_sensor_decorator
[2023-05-26T20:28:32.433+0000] {logging_mixin.py:149} INFO - [2023-05-26T20:28:32.433+0000] {manager.py:504} INFO - Created Permission View: can edit on DAG:example_sensor_decorator
[2023-05-26T20:28:32.434+0000] {logging_mixin.py:149} INFO - [2023-05-26T20:28:32.434+0000] {dag.py:2726} INFO - Sync 1 DAGs
[2023-05-26T20:28:32.445+0000] {logging_mixin.py:149} INFO - [2023-05-26T20:28:32.445+0000] {dag.py:2747} INFO - Creating ORM DAG for example_sensor_decorator
[2023-05-26T20:28:32.457+0000] {logging_mixin.py:149} INFO - [2023-05-26T20:28:32.457+0000] {dag.py:3490} INFO - Setting next_dagrun for example_sensor_decorator to None, run_after=None
[2023-05-26T20:28:32.473+0000] {processor.py:179} INFO - Processing /home/airflow/.local/lib/python3.7/site-packages/airflow/example_dags/example_sensor_decorator.py took 0.236 seconds
[2023-05-26T20:29:02.594+0000] {processor.py:157} INFO - Started process (PID=101) to work on /home/airflow/.local/lib/python3.7/site-packages/airflow/example_dags/example_sensor_decorator.py
[2023-05-26T20:29:02.596+0000] {processor.py:826} INFO - Processing file /home/airflow/.local/lib/python3.7/site-packages/airflow/example_dags/example_sensor_decorator.py for tasks to queue
[2023-05-26T20:29:02.597+0000] {logging_mixin.py:149} INFO - [2023-05-26T20:29:02.597+0000] {dagbag.py:541} INFO - Filling up the DagBag from /home/airflow/.local/lib/python3.7/site-packages/airflow/example_dags/example_sensor_decorator.py
[2023-05-26T20:29:02.602+0000] {processor.py:836} INFO - DAG(s) dict_keys(['example_sensor_decorator']) retrieved from /home/airflow/.local/lib/python3.7/site-packages/airflow/example_dags/example_sensor_decorator.py
[2023-05-26T20:29:02.622+0000] {logging_mixin.py:149} INFO - [2023-05-26T20:29:02.622+0000] {dag.py:2726} INFO - Sync 1 DAGs
[2023-05-26T20:29:02.638+0000] {logging_mixin.py:149} INFO - [2023-05-26T20:29:02.638+0000] {dag.py:3490} INFO - Setting next_dagrun for example_sensor_decorator to None, run_after=None
[2023-05-26T20:29:02.650+0000] {processor.py:179} INFO - Processing /home/airflow/.local/lib/python3.7/site-packages/airflow/example_dags/example_sensor_decorator.py took 0.058 seconds
[2023-05-26T20:29:33.510+0000] {processor.py:157} INFO - Started process (PID=157) to work on /home/airflow/.local/lib/python3.7/site-packages/airflow/example_dags/example_sensor_decorator.py
[2023-05-26T20:29:33.512+0000] {processor.py:826} INFO - Processing file /home/airflow/.local/lib/python3.7/site-packages/airflow/example_dags/example_sensor_decorator.py for tasks to queue
[2023-05-26T20:29:33.512+0000] {logging_mixin.py:149} INFO - [2023-05-26T20:29:33.512+0000] {dagbag.py:541} INFO - Filling up the DagBag from /home/airflow/.local/lib/python3.7/site-packages/airflow/example_dags/example_sensor_decorator.py
[2023-05-26T20:29:33.518+0000] {processor.py:836} INFO - DAG(s) dict_keys(['example_sensor_decorator']) retrieved from /home/airflow/.local/lib/python3.7/site-packages/airflow/example_dags/example_sensor_decorator.py
[2023-05-26T20:29:33.538+0000] {logging_mixin.py:149} INFO - [2023-05-26T20:29:33.538+0000] {dag.py:2726} INFO - Sync 1 DAGs
[2023-05-26T20:29:33.553+0000] {logging_mixin.py:149} INFO - [2023-05-26T20:29:33.553+0000] {dag.py:3490} INFO - Setting next_dagrun for example_sensor_decorator to None, run_after=None
[2023-05-26T20:29:33.565+0000] {processor.py:179} INFO - Processing /home/airflow/.local/lib/python3.7/site-packages/airflow/example_dags/example_sensor_decorator.py took 0.059 seconds
[2023-05-26T20:30:04.848+0000] {processor.py:157} INFO - Started process (PID=213) to work on /home/airflow/.local/lib/python3.7/site-packages/airflow/example_dags/example_sensor_decorator.py
[2023-05-26T20:30:04.849+0000] {processor.py:826} INFO - Processing file /home/airflow/.local/lib/python3.7/site-packages/airflow/example_dags/example_sensor_decorator.py for tasks to queue
[2023-05-26T20:30:04.850+0000] {logging_mixin.py:149} INFO - [2023-05-26T20:30:04.850+0000] {dagbag.py:541} INFO - Filling up the DagBag from /home/airflow/.local/lib/python3.7/site-packages/airflow/example_dags/example_sensor_decorator.py
[2023-05-26T20:30:04.855+0000] {processor.py:836} INFO - DAG(s) dict_keys(['example_sensor_decorator']) retrieved from /home/airflow/.local/lib/python3.7/site-packages/airflow/example_dags/example_sensor_decorator.py
[2023-05-26T20:30:04.874+0000] {logging_mixin.py:149} INFO - [2023-05-26T20:30:04.874+0000] {dag.py:2726} INFO - Sync 1 DAGs
[2023-05-26T20:30:04.889+0000] {logging_mixin.py:149} INFO - [2023-05-26T20:30:04.889+0000] {dag.py:3490} INFO - Setting next_dagrun for example_sensor_decorator to None, run_after=None
[2023-05-26T20:30:04.899+0000] {processor.py:179} INFO - Processing /home/airflow/.local/lib/python3.7/site-packages/airflow/example_dags/example_sensor_decorator.py took 0.054 seconds
[2023-05-26T20:30:35.221+0000] {processor.py:157} INFO - Started process (PID=269) to work on /home/airflow/.local/lib/python3.7/site-packages/airflow/example_dags/example_sensor_decorator.py
[2023-05-26T20:30:35.223+0000] {processor.py:826} INFO - Processing file /home/airflow/.local/lib/python3.7/site-packages/airflow/example_dags/example_sensor_decorator.py for tasks to queue
[2023-05-26T20:30:35.224+0000] {logging_mixin.py:149} INFO - [2023-05-26T20:30:35.224+0000] {dagbag.py:541} INFO - Filling up the DagBag from /home/airflow/.local/lib/python3.7/site-packages/airflow/example_dags/example_sensor_decorator.py
[2023-05-26T20:30:35.229+0000] {processor.py:836} INFO - DAG(s) dict_keys(['example_sensor_decorator']) retrieved from /home/airflow/.local/lib/python3.7/site-packages/airflow/example_dags/example_sensor_decorator.py
[2023-05-26T20:30:35.248+0000] {logging_mixin.py:149} INFO - [2023-05-26T20:30:35.248+0000] {dag.py:2726} INFO - Sync 1 DAGs
[2023-05-26T20:30:35.264+0000] {logging_mixin.py:149} INFO - [2023-05-26T20:30:35.263+0000] {dag.py:3490} INFO - Setting next_dagrun for example_sensor_decorator to None, run_after=None
[2023-05-26T20:30:35.275+0000] {processor.py:179} INFO - Processing /home/airflow/.local/lib/python3.7/site-packages/airflow/example_dags/example_sensor_decorator.py took 0.057 seconds
[2023-05-26T20:31:05.619+0000] {processor.py:157} INFO - Started process (PID=325) to work on /home/airflow/.local/lib/python3.7/site-packages/airflow/example_dags/example_sensor_decorator.py
[2023-05-26T20:31:05.622+0000] {processor.py:826} INFO - Processing file /home/airflow/.local/lib/python3.7/site-packages/airflow/example_dags/example_sensor_decorator.py for tasks to queue
[2023-05-26T20:31:05.623+0000] {logging_mixin.py:149} INFO - [2023-05-26T20:31:05.623+0000] {dagbag.py:541} INFO - Filling up the DagBag from /home/airflow/.local/lib/python3.7/site-packages/airflow/example_dags/example_sensor_decorator.py
[2023-05-26T20:31:05.628+0000] {processor.py:836} INFO - DAG(s) dict_keys(['example_sensor_decorator']) retrieved from /home/airflow/.local/lib/python3.7/site-packages/airflow/example_dags/example_sensor_decorator.py
[2023-05-26T20:31:05.651+0000] {logging_mixin.py:149} INFO - [2023-05-26T20:31:05.650+0000] {dag.py:2726} INFO - Sync 1 DAGs
[2023-05-26T20:31:05.667+0000] {logging_mixin.py:149} INFO - [2023-05-26T20:31:05.667+0000] {dag.py:3490} INFO - Setting next_dagrun for example_sensor_decorator to None, run_after=None
[2023-05-26T20:31:05.680+0000] {processor.py:179} INFO - Processing /home/airflow/.local/lib/python3.7/site-packages/airflow/example_dags/example_sensor_decorator.py took 0.063 seconds
[2023-05-26T20:31:36.446+0000] {processor.py:157} INFO - Started process (PID=381) to work on /home/airflow/.local/lib/python3.7/site-packages/airflow/example_dags/example_sensor_decorator.py
[2023-05-26T20:31:36.448+0000] {processor.py:826} INFO - Processing file /home/airflow/.local/lib/python3.7/site-packages/airflow/example_dags/example_sensor_decorator.py for tasks to queue
[2023-05-26T20:31:36.449+0000] {logging_mixin.py:149} INFO - [2023-05-26T20:31:36.449+0000] {dagbag.py:541} INFO - Filling up the DagBag from /home/airflow/.local/lib/python3.7/site-packages/airflow/example_dags/example_sensor_decorator.py
[2023-05-26T20:31:36.454+0000] {processor.py:836} INFO - DAG(s) dict_keys(['example_sensor_decorator']) retrieved from /home/airflow/.local/lib/python3.7/site-packages/airflow/example_dags/example_sensor_decorator.py
[2023-05-26T20:31:36.474+0000] {logging_mixin.py:149} INFO - [2023-05-26T20:31:36.474+0000] {dag.py:2726} INFO - Sync 1 DAGs
[2023-05-26T20:31:36.489+0000] {logging_mixin.py:149} INFO - [2023-05-26T20:31:36.488+0000] {dag.py:3490} INFO - Setting next_dagrun for example_sensor_decorator to None, run_after=None
[2023-05-26T20:31:36.500+0000] {processor.py:179} INFO - Processing /home/airflow/.local/lib/python3.7/site-packages/airflow/example_dags/example_sensor_decorator.py took 0.057 seconds
[2023-05-26T20:32:06.874+0000] {processor.py:157} INFO - Started process (PID=437) to work on /home/airflow/.local/lib/python3.7/site-packages/airflow/example_dags/example_sensor_decorator.py
[2023-05-26T20:32:06.876+0000] {processor.py:826} INFO - Processing file /home/airflow/.local/lib/python3.7/site-packages/airflow/example_dags/example_sensor_decorator.py for tasks to queue
[2023-05-26T20:32:06.877+0000] {logging_mixin.py:149} INFO - [2023-05-26T20:32:06.877+0000] {dagbag.py:541} INFO - Filling up the DagBag from /home/airflow/.local/lib/python3.7/site-packages/airflow/example_dags/example_sensor_decorator.py
[2023-05-26T20:32:06.882+0000] {processor.py:836} INFO - DAG(s) dict_keys(['example_sensor_decorator']) retrieved from /home/airflow/.local/lib/python3.7/site-packages/airflow/example_dags/example_sensor_decorator.py
[2023-05-26T20:32:06.902+0000] {logging_mixin.py:149} INFO - [2023-05-26T20:32:06.902+0000] {dag.py:2726} INFO - Sync 1 DAGs
[2023-05-26T20:32:06.917+0000] {logging_mixin.py:149} INFO - [2023-05-26T20:32:06.917+0000] {dag.py:3490} INFO - Setting next_dagrun for example_sensor_decorator to None, run_after=None
[2023-05-26T20:32:06.929+0000] {processor.py:179} INFO - Processing /home/airflow/.local/lib/python3.7/site-packages/airflow/example_dags/example_sensor_decorator.py took 0.058 seconds
[2023-05-26T20:32:37.287+0000] {processor.py:157} INFO - Started process (PID=493) to work on /home/airflow/.local/lib/python3.7/site-packages/airflow/example_dags/example_sensor_decorator.py
[2023-05-26T20:32:37.289+0000] {processor.py:826} INFO - Processing file /home/airflow/.local/lib/python3.7/site-packages/airflow/example_dags/example_sensor_decorator.py for tasks to queue
[2023-05-26T20:32:37.290+0000] {logging_mixin.py:149} INFO - [2023-05-26T20:32:37.289+0000] {dagbag.py:541} INFO - Filling up the DagBag from /home/airflow/.local/lib/python3.7/site-packages/airflow/example_dags/example_sensor_decorator.py
[2023-05-26T20:32:37.295+0000] {processor.py:836} INFO - DAG(s) dict_keys(['example_sensor_decorator']) retrieved from /home/airflow/.local/lib/python3.7/site-packages/airflow/example_dags/example_sensor_decorator.py
[2023-05-26T20:32:37.315+0000] {logging_mixin.py:149} INFO - [2023-05-26T20:32:37.315+0000] {dag.py:2726} INFO - Sync 1 DAGs
[2023-05-26T20:32:37.332+0000] {logging_mixin.py:149} INFO - [2023-05-26T20:32:37.332+0000] {dag.py:3490} INFO - Setting next_dagrun for example_sensor_decorator to None, run_after=None
[2023-05-26T20:32:37.346+0000] {processor.py:179} INFO - Processing /home/airflow/.local/lib/python3.7/site-packages/airflow/example_dags/example_sensor_decorator.py took 0.062 seconds
[2023-05-26T20:33:07.655+0000] {processor.py:157} INFO - Started process (PID=549) to work on /home/airflow/.local/lib/python3.7/site-packages/airflow/example_dags/example_sensor_decorator.py
[2023-05-26T20:33:07.657+0000] {processor.py:826} INFO - Processing file /home/airflow/.local/lib/python3.7/site-packages/airflow/example_dags/example_sensor_decorator.py for tasks to queue
[2023-05-26T20:33:07.658+0000] {logging_mixin.py:149} INFO - [2023-05-26T20:33:07.658+0000] {dagbag.py:541} INFO - Filling up the DagBag from /home/airflow/.local/lib/python3.7/site-packages/airflow/example_dags/example_sensor_decorator.py
[2023-05-26T20:33:07.663+0000] {processor.py:836} INFO - DAG(s) dict_keys(['example_sensor_decorator']) retrieved from /home/airflow/.local/lib/python3.7/site-packages/airflow/example_dags/example_sensor_decorator.py
[2023-05-26T20:33:07.683+0000] {logging_mixin.py:149} INFO - [2023-05-26T20:33:07.683+0000] {dag.py:2726} INFO - Sync 1 DAGs
[2023-05-26T20:33:07.699+0000] {logging_mixin.py:149} INFO - [2023-05-26T20:33:07.699+0000] {dag.py:3490} INFO - Setting next_dagrun for example_sensor_decorator to None, run_after=None
[2023-05-26T20:33:07.713+0000] {processor.py:179} INFO - Processing /home/airflow/.local/lib/python3.7/site-packages/airflow/example_dags/example_sensor_decorator.py took 0.060 seconds
[2023-05-26T20:33:38.212+0000] {processor.py:157} INFO - Started process (PID=605) to work on /home/airflow/.local/lib/python3.7/site-packages/airflow/example_dags/example_sensor_decorator.py
[2023-05-26T20:33:38.214+0000] {processor.py:826} INFO - Processing file /home/airflow/.local/lib/python3.7/site-packages/airflow/example_dags/example_sensor_decorator.py for tasks to queue
[2023-05-26T20:33:38.215+0000] {logging_mixin.py:149} INFO - [2023-05-26T20:33:38.215+0000] {dagbag.py:541} INFO - Filling up the DagBag from /home/airflow/.local/lib/python3.7/site-packages/airflow/example_dags/example_sensor_decorator.py
[2023-05-26T20:33:38.220+0000] {processor.py:836} INFO - DAG(s) dict_keys(['example_sensor_decorator']) retrieved from /home/airflow/.local/lib/python3.7/site-packages/airflow/example_dags/example_sensor_decorator.py
[2023-05-26T20:33:38.238+0000] {logging_mixin.py:149} INFO - [2023-05-26T20:33:38.238+0000] {dag.py:2726} INFO - Sync 1 DAGs
[2023-05-26T20:33:38.253+0000] {logging_mixin.py:149} INFO - [2023-05-26T20:33:38.253+0000] {dag.py:3490} INFO - Setting next_dagrun for example_sensor_decorator to None, run_after=None
[2023-05-26T20:33:38.265+0000] {processor.py:179} INFO - Processing /home/airflow/.local/lib/python3.7/site-packages/airflow/example_dags/example_sensor_decorator.py took 0.055 seconds
[2023-05-26T20:34:08.706+0000] {processor.py:157} INFO - Started process (PID=661) to work on /home/airflow/.local/lib/python3.7/site-packages/airflow/example_dags/example_sensor_decorator.py
[2023-05-26T20:34:08.708+0000] {processor.py:826} INFO - Processing file /home/airflow/.local/lib/python3.7/site-packages/airflow/example_dags/example_sensor_decorator.py for tasks to queue
[2023-05-26T20:34:08.708+0000] {logging_mixin.py:149} INFO - [2023-05-26T20:34:08.708+0000] {dagbag.py:541} INFO - Filling up the DagBag from /home/airflow/.local/lib/python3.7/site-packages/airflow/example_dags/example_sensor_decorator.py
[2023-05-26T20:34:08.713+0000] {processor.py:836} INFO - DAG(s) dict_keys(['example_sensor_decorator']) retrieved from /home/airflow/.local/lib/python3.7/site-packages/airflow/example_dags/example_sensor_decorator.py
[2023-05-26T20:34:08.733+0000] {logging_mixin.py:149} INFO - [2023-05-26T20:34:08.733+0000] {dag.py:2726} INFO - Sync 1 DAGs
[2023-05-26T20:34:08.748+0000] {logging_mixin.py:149} INFO - [2023-05-26T20:34:08.748+0000] {dag.py:3490} INFO - Setting next_dagrun for example_sensor_decorator to None, run_after=None
[2023-05-26T20:34:08.760+0000] {processor.py:179} INFO - Processing /home/airflow/.local/lib/python3.7/site-packages/airflow/example_dags/example_sensor_decorator.py took 0.057 seconds
[2023-05-26T20:34:39.214+0000] {processor.py:157} INFO - Started process (PID=717) to work on /home/airflow/.local/lib/python3.7/site-packages/airflow/example_dags/example_sensor_decorator.py
[2023-05-26T20:34:39.216+0000] {processor.py:826} INFO - Processing file /home/airflow/.local/lib/python3.7/site-packages/airflow/example_dags/example_sensor_decorator.py for tasks to queue
[2023-05-26T20:34:39.217+0000] {logging_mixin.py:149} INFO - [2023-05-26T20:34:39.217+0000] {dagbag.py:541} INFO - Filling up the DagBag from /home/airflow/.local/lib/python3.7/site-packages/airflow/example_dags/example_sensor_decorator.py
[2023-05-26T20:34:39.222+0000] {processor.py:836} INFO - DAG(s) dict_keys(['example_sensor_decorator']) retrieved from /home/airflow/.local/lib/python3.7/site-packages/airflow/example_dags/example_sensor_decorator.py
[2023-05-26T20:34:39.241+0000] {logging_mixin.py:149} INFO - [2023-05-26T20:34:39.241+0000] {dag.py:2726} INFO - Sync 1 DAGs
[2023-05-26T20:34:39.256+0000] {logging_mixin.py:149} INFO - [2023-05-26T20:34:39.256+0000] {dag.py:3490} INFO - Setting next_dagrun for example_sensor_decorator to None, run_after=None
[2023-05-26T20:34:39.266+0000] {processor.py:179} INFO - Processing /home/airflow/.local/lib/python3.7/site-packages/airflow/example_dags/example_sensor_decorator.py took 0.054 seconds
[2023-05-26T20:35:09.631+0000] {processor.py:157} INFO - Started process (PID=774) to work on /home/airflow/.local/lib/python3.7/site-packages/airflow/example_dags/example_sensor_decorator.py
[2023-05-26T20:35:09.633+0000] {processor.py:826} INFO - Processing file /home/airflow/.local/lib/python3.7/site-packages/airflow/example_dags/example_sensor_decorator.py for tasks to queue
[2023-05-26T20:35:09.634+0000] {logging_mixin.py:149} INFO - [2023-05-26T20:35:09.634+0000] {dagbag.py:541} INFO - Filling up the DagBag from /home/airflow/.local/lib/python3.7/site-packages/airflow/example_dags/example_sensor_decorator.py
[2023-05-26T20:35:09.639+0000] {processor.py:836} INFO - DAG(s) dict_keys(['example_sensor_decorator']) retrieved from /home/airflow/.local/lib/python3.7/site-packages/airflow/example_dags/example_sensor_decorator.py
[2023-05-26T20:35:09.665+0000] {logging_mixin.py:149} INFO - [2023-05-26T20:35:09.665+0000] {dag.py:2726} INFO - Sync 1 DAGs
[2023-05-26T20:35:09.681+0000] {logging_mixin.py:149} INFO - [2023-05-26T20:35:09.681+0000] {dag.py:3490} INFO - Setting next_dagrun for example_sensor_decorator to None, run_after=None
[2023-05-26T20:35:09.692+0000] {processor.py:179} INFO - Processing /home/airflow/.local/lib/python3.7/site-packages/airflow/example_dags/example_sensor_decorator.py took 0.065 seconds
[2023-05-26T20:35:40.095+0000] {processor.py:157} INFO - Started process (PID=830) to work on /home/airflow/.local/lib/python3.7/site-packages/airflow/example_dags/example_sensor_decorator.py
[2023-05-26T20:35:40.097+0000] {processor.py:826} INFO - Processing file /home/airflow/.local/lib/python3.7/site-packages/airflow/example_dags/example_sensor_decorator.py for tasks to queue
[2023-05-26T20:35:40.098+0000] {logging_mixin.py:149} INFO - [2023-05-26T20:35:40.097+0000] {dagbag.py:541} INFO - Filling up the DagBag from /home/airflow/.local/lib/python3.7/site-packages/airflow/example_dags/example_sensor_decorator.py
[2023-05-26T20:35:40.103+0000] {processor.py:836} INFO - DAG(s) dict_keys(['example_sensor_decorator']) retrieved from /home/airflow/.local/lib/python3.7/site-packages/airflow/example_dags/example_sensor_decorator.py
[2023-05-26T20:35:40.122+0000] {logging_mixin.py:149} INFO - [2023-05-26T20:35:40.122+0000] {dag.py:2726} INFO - Sync 1 DAGs
[2023-05-26T20:35:40.136+0000] {logging_mixin.py:149} INFO - [2023-05-26T20:35:40.136+0000] {dag.py:3490} INFO - Setting next_dagrun for example_sensor_decorator to None, run_after=None
[2023-05-26T20:35:40.148+0000] {processor.py:179} INFO - Processing /home/airflow/.local/lib/python3.7/site-packages/airflow/example_dags/example_sensor_decorator.py took 0.055 seconds
[2023-05-26T20:36:10.468+0000] {processor.py:157} INFO - Started process (PID=886) to work on /home/airflow/.local/lib/python3.7/site-packages/airflow/example_dags/example_sensor_decorator.py
[2023-05-26T20:36:10.470+0000] {processor.py:826} INFO - Processing file /home/airflow/.local/lib/python3.7/site-packages/airflow/example_dags/example_sensor_decorator.py for tasks to queue
[2023-05-26T20:36:10.471+0000] {logging_mixin.py:149} INFO - [2023-05-26T20:36:10.471+0000] {dagbag.py:541} INFO - Filling up the DagBag from /home/airflow/.local/lib/python3.7/site-packages/airflow/example_dags/example_sensor_decorator.py
[2023-05-26T20:36:10.476+0000] {processor.py:836} INFO - DAG(s) dict_keys(['example_sensor_decorator']) retrieved from /home/airflow/.local/lib/python3.7/site-packages/airflow/example_dags/example_sensor_decorator.py
[2023-05-26T20:36:10.494+0000] {logging_mixin.py:149} INFO - [2023-05-26T20:36:10.494+0000] {dag.py:2726} INFO - Sync 1 DAGs
[2023-05-26T20:36:10.508+0000] {logging_mixin.py:149} INFO - [2023-05-26T20:36:10.508+0000] {dag.py:3490} INFO - Setting next_dagrun for example_sensor_decorator to None, run_after=None
[2023-05-26T20:36:10.520+0000] {processor.py:179} INFO - Processing /home/airflow/.local/lib/python3.7/site-packages/airflow/example_dags/example_sensor_decorator.py took 0.054 seconds
[2023-05-26T20:36:40.775+0000] {processor.py:157} INFO - Started process (PID=942) to work on /home/airflow/.local/lib/python3.7/site-packages/airflow/example_dags/example_sensor_decorator.py
[2023-05-26T20:36:40.777+0000] {processor.py:826} INFO - Processing file /home/airflow/.local/lib/python3.7/site-packages/airflow/example_dags/example_sensor_decorator.py for tasks to queue
[2023-05-26T20:36:40.778+0000] {logging_mixin.py:149} INFO - [2023-05-26T20:36:40.778+0000] {dagbag.py:541} INFO - Filling up the DagBag from /home/airflow/.local/lib/python3.7/site-packages/airflow/example_dags/example_sensor_decorator.py
[2023-05-26T20:36:40.782+0000] {processor.py:836} INFO - DAG(s) dict_keys(['example_sensor_decorator']) retrieved from /home/airflow/.local/lib/python3.7/site-packages/airflow/example_dags/example_sensor_decorator.py
[2023-05-26T20:36:40.801+0000] {logging_mixin.py:149} INFO - [2023-05-26T20:36:40.801+0000] {dag.py:2726} INFO - Sync 1 DAGs
[2023-05-26T20:36:40.816+0000] {logging_mixin.py:149} INFO - [2023-05-26T20:36:40.816+0000] {dag.py:3490} INFO - Setting next_dagrun for example_sensor_decorator to None, run_after=None
[2023-05-26T20:36:40.828+0000] {processor.py:179} INFO - Processing /home/airflow/.local/lib/python3.7/site-packages/airflow/example_dags/example_sensor_decorator.py took 0.055 seconds
[2023-05-26T20:37:11.177+0000] {processor.py:157} INFO - Started process (PID=998) to work on /home/airflow/.local/lib/python3.7/site-packages/airflow/example_dags/example_sensor_decorator.py
[2023-05-26T20:37:11.178+0000] {processor.py:826} INFO - Processing file /home/airflow/.local/lib/python3.7/site-packages/airflow/example_dags/example_sensor_decorator.py for tasks to queue
[2023-05-26T20:37:11.179+0000] {logging_mixin.py:149} INFO - [2023-05-26T20:37:11.179+0000] {dagbag.py:541} INFO - Filling up the DagBag from /home/airflow/.local/lib/python3.7/site-packages/airflow/example_dags/example_sensor_decorator.py
[2023-05-26T20:37:11.185+0000] {processor.py:836} INFO - DAG(s) dict_keys(['example_sensor_decorator']) retrieved from /home/airflow/.local/lib/python3.7/site-packages/airflow/example_dags/example_sensor_decorator.py
[2023-05-26T20:37:11.204+0000] {logging_mixin.py:149} INFO - [2023-05-26T20:37:11.204+0000] {dag.py:2726} INFO - Sync 1 DAGs
[2023-05-26T20:37:11.220+0000] {logging_mixin.py:149} INFO - [2023-05-26T20:37:11.220+0000] {dag.py:3490} INFO - Setting next_dagrun for example_sensor_decorator to None, run_after=None
[2023-05-26T20:37:11.234+0000] {processor.py:179} INFO - Processing /home/airflow/.local/lib/python3.7/site-packages/airflow/example_dags/example_sensor_decorator.py took 0.060 seconds
[2023-05-26T20:37:41.508+0000] {processor.py:157} INFO - Started process (PID=1054) to work on /home/airflow/.local/lib/python3.7/site-packages/airflow/example_dags/example_sensor_decorator.py
[2023-05-26T20:37:41.510+0000] {processor.py:826} INFO - Processing file /home/airflow/.local/lib/python3.7/site-packages/airflow/example_dags/example_sensor_decorator.py for tasks to queue
[2023-05-26T20:37:41.511+0000] {logging_mixin.py:149} INFO - [2023-05-26T20:37:41.511+0000] {dagbag.py:541} INFO - Filling up the DagBag from /home/airflow/.local/lib/python3.7/site-packages/airflow/example_dags/example_sensor_decorator.py
[2023-05-26T20:37:41.516+0000] {processor.py:836} INFO - DAG(s) dict_keys(['example_sensor_decorator']) retrieved from /home/airflow/.local/lib/python3.7/site-packages/airflow/example_dags/example_sensor_decorator.py
[2023-05-26T20:37:41.536+0000] {logging_mixin.py:149} INFO - [2023-05-26T20:37:41.536+0000] {dag.py:2726} INFO - Sync 1 DAGs
[2023-05-26T20:37:41.552+0000] {logging_mixin.py:149} INFO - [2023-05-26T20:37:41.552+0000] {dag.py:3490} INFO - Setting next_dagrun for example_sensor_decorator to None, run_after=None
[2023-05-26T20:37:41.564+0000] {processor.py:179} INFO - Processing /home/airflow/.local/lib/python3.7/site-packages/airflow/example_dags/example_sensor_decorator.py took 0.059 seconds
[2023-05-26T20:38:11.761+0000] {processor.py:157} INFO - Started process (PID=1110) to work on /home/airflow/.local/lib/python3.7/site-packages/airflow/example_dags/example_sensor_decorator.py
[2023-05-26T20:38:11.762+0000] {processor.py:826} INFO - Processing file /home/airflow/.local/lib/python3.7/site-packages/airflow/example_dags/example_sensor_decorator.py for tasks to queue
[2023-05-26T20:38:11.763+0000] {logging_mixin.py:149} INFO - [2023-05-26T20:38:11.762+0000] {dagbag.py:541} INFO - Filling up the DagBag from /home/airflow/.local/lib/python3.7/site-packages/airflow/example_dags/example_sensor_decorator.py
[2023-05-26T20:38:11.767+0000] {processor.py:836} INFO - DAG(s) dict_keys(['example_sensor_decorator']) retrieved from /home/airflow/.local/lib/python3.7/site-packages/airflow/example_dags/example_sensor_decorator.py
[2023-05-26T20:38:11.786+0000] {logging_mixin.py:149} INFO - [2023-05-26T20:38:11.785+0000] {dag.py:2726} INFO - Sync 1 DAGs
[2023-05-26T20:38:11.801+0000] {logging_mixin.py:149} INFO - [2023-05-26T20:38:11.801+0000] {dag.py:3490} INFO - Setting next_dagrun for example_sensor_decorator to None, run_after=None
[2023-05-26T20:38:11.816+0000] {processor.py:179} INFO - Processing /home/airflow/.local/lib/python3.7/site-packages/airflow/example_dags/example_sensor_decorator.py took 0.057 seconds
[2023-05-26T20:38:42.270+0000] {processor.py:157} INFO - Started process (PID=1167) to work on /home/airflow/.local/lib/python3.7/site-packages/airflow/example_dags/example_sensor_decorator.py
[2023-05-26T20:38:42.271+0000] {processor.py:826} INFO - Processing file /home/airflow/.local/lib/python3.7/site-packages/airflow/example_dags/example_sensor_decorator.py for tasks to queue
[2023-05-26T20:38:42.272+0000] {logging_mixin.py:149} INFO - [2023-05-26T20:38:42.272+0000] {dagbag.py:541} INFO - Filling up the DagBag from /home/airflow/.local/lib/python3.7/site-packages/airflow/example_dags/example_sensor_decorator.py
[2023-05-26T20:38:42.277+0000] {processor.py:836} INFO - DAG(s) dict_keys(['example_sensor_decorator']) retrieved from /home/airflow/.local/lib/python3.7/site-packages/airflow/example_dags/example_sensor_decorator.py
[2023-05-26T20:38:42.296+0000] {logging_mixin.py:149} INFO - [2023-05-26T20:38:42.296+0000] {dag.py:2726} INFO - Sync 1 DAGs
[2023-05-26T20:38:42.312+0000] {logging_mixin.py:149} INFO - [2023-05-26T20:38:42.312+0000] {dag.py:3490} INFO - Setting next_dagrun for example_sensor_decorator to None, run_after=None
[2023-05-26T20:38:42.324+0000] {processor.py:179} INFO - Processing /home/airflow/.local/lib/python3.7/site-packages/airflow/example_dags/example_sensor_decorator.py took 0.057 seconds
[2023-05-26T20:39:12.597+0000] {processor.py:157} INFO - Started process (PID=1223) to work on /home/airflow/.local/lib/python3.7/site-packages/airflow/example_dags/example_sensor_decorator.py
[2023-05-26T20:39:12.598+0000] {processor.py:826} INFO - Processing file /home/airflow/.local/lib/python3.7/site-packages/airflow/example_dags/example_sensor_decorator.py for tasks to queue
[2023-05-26T20:39:12.599+0000] {logging_mixin.py:149} INFO - [2023-05-26T20:39:12.599+0000] {dagbag.py:541} INFO - Filling up the DagBag from /home/airflow/.local/lib/python3.7/site-packages/airflow/example_dags/example_sensor_decorator.py
[2023-05-26T20:39:12.604+0000] {processor.py:836} INFO - DAG(s) dict_keys(['example_sensor_decorator']) retrieved from /home/airflow/.local/lib/python3.7/site-packages/airflow/example_dags/example_sensor_decorator.py
[2023-05-26T20:39:12.623+0000] {logging_mixin.py:149} INFO - [2023-05-26T20:39:12.622+0000] {dag.py:2726} INFO - Sync 1 DAGs
[2023-05-26T20:39:12.637+0000] {logging_mixin.py:149} INFO - [2023-05-26T20:39:12.637+0000] {dag.py:3490} INFO - Setting next_dagrun for example_sensor_decorator to None, run_after=None
[2023-05-26T20:39:12.648+0000] {processor.py:179} INFO - Processing /home/airflow/.local/lib/python3.7/site-packages/airflow/example_dags/example_sensor_decorator.py took 0.054 seconds
[2023-05-26T20:39:42.852+0000] {processor.py:157} INFO - Started process (PID=1279) to work on /home/airflow/.local/lib/python3.7/site-packages/airflow/example_dags/example_sensor_decorator.py
[2023-05-26T20:39:42.853+0000] {processor.py:826} INFO - Processing file /home/airflow/.local/lib/python3.7/site-packages/airflow/example_dags/example_sensor_decorator.py for tasks to queue
[2023-05-26T20:39:42.854+0000] {logging_mixin.py:149} INFO - [2023-05-26T20:39:42.854+0000] {dagbag.py:541} INFO - Filling up the DagBag from /home/airflow/.local/lib/python3.7/site-packages/airflow/example_dags/example_sensor_decorator.py
[2023-05-26T20:39:42.858+0000] {processor.py:836} INFO - DAG(s) dict_keys(['example_sensor_decorator']) retrieved from /home/airflow/.local/lib/python3.7/site-packages/airflow/example_dags/example_sensor_decorator.py
[2023-05-26T20:39:42.877+0000] {logging_mixin.py:149} INFO - [2023-05-26T20:39:42.877+0000] {dag.py:2726} INFO - Sync 1 DAGs
[2023-05-26T20:39:42.892+0000] {logging_mixin.py:149} INFO - [2023-05-26T20:39:42.892+0000] {dag.py:3490} INFO - Setting next_dagrun for example_sensor_decorator to None, run_after=None
[2023-05-26T20:39:42.903+0000] {processor.py:179} INFO - Processing /home/airflow/.local/lib/python3.7/site-packages/airflow/example_dags/example_sensor_decorator.py took 0.054 seconds
[2023-05-26T20:40:13.222+0000] {processor.py:157} INFO - Started process (PID=1336) to work on /home/airflow/.local/lib/python3.7/site-packages/airflow/example_dags/example_sensor_decorator.py
[2023-05-26T20:40:13.223+0000] {processor.py:826} INFO - Processing file /home/airflow/.local/lib/python3.7/site-packages/airflow/example_dags/example_sensor_decorator.py for tasks to queue
[2023-05-26T20:40:13.224+0000] {logging_mixin.py:149} INFO - [2023-05-26T20:40:13.224+0000] {dagbag.py:541} INFO - Filling up the DagBag from /home/airflow/.local/lib/python3.7/site-packages/airflow/example_dags/example_sensor_decorator.py
[2023-05-26T20:40:13.229+0000] {processor.py:836} INFO - DAG(s) dict_keys(['example_sensor_decorator']) retrieved from /home/airflow/.local/lib/python3.7/site-packages/airflow/example_dags/example_sensor_decorator.py
[2023-05-26T20:40:13.248+0000] {logging_mixin.py:149} INFO - [2023-05-26T20:40:13.248+0000] {dag.py:2726} INFO - Sync 1 DAGs
[2023-05-26T20:40:13.263+0000] {logging_mixin.py:149} INFO - [2023-05-26T20:40:13.263+0000] {dag.py:3490} INFO - Setting next_dagrun for example_sensor_decorator to None, run_after=None
[2023-05-26T20:40:13.275+0000] {processor.py:179} INFO - Processing /home/airflow/.local/lib/python3.7/site-packages/airflow/example_dags/example_sensor_decorator.py took 0.056 seconds
[2023-05-26T20:40:43.765+0000] {processor.py:157} INFO - Started process (PID=1392) to work on /home/airflow/.local/lib/python3.7/site-packages/airflow/example_dags/example_sensor_decorator.py
[2023-05-26T20:40:43.766+0000] {processor.py:826} INFO - Processing file /home/airflow/.local/lib/python3.7/site-packages/airflow/example_dags/example_sensor_decorator.py for tasks to queue
[2023-05-26T20:40:43.767+0000] {logging_mixin.py:149} INFO - [2023-05-26T20:40:43.767+0000] {dagbag.py:541} INFO - Filling up the DagBag from /home/airflow/.local/lib/python3.7/site-packages/airflow/example_dags/example_sensor_decorator.py
[2023-05-26T20:40:43.772+0000] {processor.py:836} INFO - DAG(s) dict_keys(['example_sensor_decorator']) retrieved from /home/airflow/.local/lib/python3.7/site-packages/airflow/example_dags/example_sensor_decorator.py
[2023-05-26T20:40:43.791+0000] {logging_mixin.py:149} INFO - [2023-05-26T20:40:43.791+0000] {dag.py:2726} INFO - Sync 1 DAGs
[2023-05-26T20:40:43.806+0000] {logging_mixin.py:149} INFO - [2023-05-26T20:40:43.806+0000] {dag.py:3490} INFO - Setting next_dagrun for example_sensor_decorator to None, run_after=None
[2023-05-26T20:40:43.817+0000] {processor.py:179} INFO - Processing /home/airflow/.local/lib/python3.7/site-packages/airflow/example_dags/example_sensor_decorator.py took 0.055 seconds
[2023-05-26T20:41:14.261+0000] {processor.py:157} INFO - Started process (PID=1449) to work on /home/airflow/.local/lib/python3.7/site-packages/airflow/example_dags/example_sensor_decorator.py
[2023-05-26T20:41:14.263+0000] {processor.py:826} INFO - Processing file /home/airflow/.local/lib/python3.7/site-packages/airflow/example_dags/example_sensor_decorator.py for tasks to queue
[2023-05-26T20:41:14.264+0000] {logging_mixin.py:149} INFO - [2023-05-26T20:41:14.264+0000] {dagbag.py:541} INFO - Filling up the DagBag from /home/airflow/.local/lib/python3.7/site-packages/airflow/example_dags/example_sensor_decorator.py
[2023-05-26T20:41:14.269+0000] {processor.py:836} INFO - DAG(s) dict_keys(['example_sensor_decorator']) retrieved from /home/airflow/.local/lib/python3.7/site-packages/airflow/example_dags/example_sensor_decorator.py
[2023-05-26T20:41:14.288+0000] {logging_mixin.py:149} INFO - [2023-05-26T20:41:14.288+0000] {dag.py:2726} INFO - Sync 1 DAGs
[2023-05-26T20:41:14.303+0000] {logging_mixin.py:149} INFO - [2023-05-26T20:41:14.303+0000] {dag.py:3490} INFO - Setting next_dagrun for example_sensor_decorator to None, run_after=None
[2023-05-26T20:41:14.315+0000] {processor.py:179} INFO - Processing /home/airflow/.local/lib/python3.7/site-packages/airflow/example_dags/example_sensor_decorator.py took 0.057 seconds
[2023-05-26T20:41:44.589+0000] {processor.py:157} INFO - Started process (PID=1505) to work on /home/airflow/.local/lib/python3.7/site-packages/airflow/example_dags/example_sensor_decorator.py
[2023-05-26T20:41:44.590+0000] {processor.py:826} INFO - Processing file /home/airflow/.local/lib/python3.7/site-packages/airflow/example_dags/example_sensor_decorator.py for tasks to queue
[2023-05-26T20:41:44.591+0000] {logging_mixin.py:149} INFO - [2023-05-26T20:41:44.591+0000] {dagbag.py:541} INFO - Filling up the DagBag from /home/airflow/.local/lib/python3.7/site-packages/airflow/example_dags/example_sensor_decorator.py
[2023-05-26T20:41:44.596+0000] {processor.py:836} INFO - DAG(s) dict_keys(['example_sensor_decorator']) retrieved from /home/airflow/.local/lib/python3.7/site-packages/airflow/example_dags/example_sensor_decorator.py
[2023-05-26T20:41:44.615+0000] {logging_mixin.py:149} INFO - [2023-05-26T20:41:44.615+0000] {dag.py:2726} INFO - Sync 1 DAGs
[2023-05-26T20:41:44.629+0000] {logging_mixin.py:149} INFO - [2023-05-26T20:41:44.629+0000] {dag.py:3490} INFO - Setting next_dagrun for example_sensor_decorator to None, run_after=None
[2023-05-26T20:41:44.640+0000] {processor.py:179} INFO - Processing /home/airflow/.local/lib/python3.7/site-packages/airflow/example_dags/example_sensor_decorator.py took 0.054 seconds
[2023-05-26T20:42:14.920+0000] {processor.py:157} INFO - Started process (PID=1561) to work on /home/airflow/.local/lib/python3.7/site-packages/airflow/example_dags/example_sensor_decorator.py
[2023-05-26T20:42:14.922+0000] {processor.py:826} INFO - Processing file /home/airflow/.local/lib/python3.7/site-packages/airflow/example_dags/example_sensor_decorator.py for tasks to queue
[2023-05-26T20:42:14.923+0000] {logging_mixin.py:149} INFO - [2023-05-26T20:42:14.923+0000] {dagbag.py:541} INFO - Filling up the DagBag from /home/airflow/.local/lib/python3.7/site-packages/airflow/example_dags/example_sensor_decorator.py
[2023-05-26T20:42:14.928+0000] {processor.py:836} INFO - DAG(s) dict_keys(['example_sensor_decorator']) retrieved from /home/airflow/.local/lib/python3.7/site-packages/airflow/example_dags/example_sensor_decorator.py
[2023-05-26T20:42:14.946+0000] {logging_mixin.py:149} INFO - [2023-05-26T20:42:14.946+0000] {dag.py:2726} INFO - Sync 1 DAGs
[2023-05-26T20:42:14.962+0000] {logging_mixin.py:149} INFO - [2023-05-26T20:42:14.962+0000] {dag.py:3490} INFO - Setting next_dagrun for example_sensor_decorator to None, run_after=None
[2023-05-26T20:42:14.975+0000] {processor.py:179} INFO - Processing /home/airflow/.local/lib/python3.7/site-packages/airflow/example_dags/example_sensor_decorator.py took 0.058 seconds
[2023-05-26T20:42:45.426+0000] {processor.py:157} INFO - Started process (PID=1617) to work on /home/airflow/.local/lib/python3.7/site-packages/airflow/example_dags/example_sensor_decorator.py
[2023-05-26T20:42:45.427+0000] {processor.py:826} INFO - Processing file /home/airflow/.local/lib/python3.7/site-packages/airflow/example_dags/example_sensor_decorator.py for tasks to queue
[2023-05-26T20:42:45.427+0000] {logging_mixin.py:149} INFO - [2023-05-26T20:42:45.427+0000] {dagbag.py:541} INFO - Filling up the DagBag from /home/airflow/.local/lib/python3.7/site-packages/airflow/example_dags/example_sensor_decorator.py
[2023-05-26T20:42:45.433+0000] {processor.py:836} INFO - DAG(s) dict_keys(['example_sensor_decorator']) retrieved from /home/airflow/.local/lib/python3.7/site-packages/airflow/example_dags/example_sensor_decorator.py
[2023-05-26T20:42:45.452+0000] {logging_mixin.py:149} INFO - [2023-05-26T20:42:45.452+0000] {dag.py:2726} INFO - Sync 1 DAGs
[2023-05-26T20:42:45.467+0000] {logging_mixin.py:149} INFO - [2023-05-26T20:42:45.467+0000] {dag.py:3490} INFO - Setting next_dagrun for example_sensor_decorator to None, run_after=None
[2023-05-26T20:42:45.478+0000] {processor.py:179} INFO - Processing /home/airflow/.local/lib/python3.7/site-packages/airflow/example_dags/example_sensor_decorator.py took 0.055 seconds
[2023-05-26T20:43:15.951+0000] {processor.py:157} INFO - Started process (PID=1673) to work on /home/airflow/.local/lib/python3.7/site-packages/airflow/example_dags/example_sensor_decorator.py
[2023-05-26T20:43:15.952+0000] {processor.py:826} INFO - Processing file /home/airflow/.local/lib/python3.7/site-packages/airflow/example_dags/example_sensor_decorator.py for tasks to queue
[2023-05-26T20:43:15.953+0000] {logging_mixin.py:149} INFO - [2023-05-26T20:43:15.953+0000] {dagbag.py:541} INFO - Filling up the DagBag from /home/airflow/.local/lib/python3.7/site-packages/airflow/example_dags/example_sensor_decorator.py
[2023-05-26T20:43:15.958+0000] {processor.py:836} INFO - DAG(s) dict_keys(['example_sensor_decorator']) retrieved from /home/airflow/.local/lib/python3.7/site-packages/airflow/example_dags/example_sensor_decorator.py
[2023-05-26T20:43:15.977+0000] {logging_mixin.py:149} INFO - [2023-05-26T20:43:15.977+0000] {dag.py:2726} INFO - Sync 1 DAGs
[2023-05-26T20:43:15.993+0000] {logging_mixin.py:149} INFO - [2023-05-26T20:43:15.993+0000] {dag.py:3490} INFO - Setting next_dagrun for example_sensor_decorator to None, run_after=None
[2023-05-26T20:43:16.004+0000] {processor.py:179} INFO - Processing /home/airflow/.local/lib/python3.7/site-packages/airflow/example_dags/example_sensor_decorator.py took 0.057 seconds
[2023-05-26T20:43:46.361+0000] {processor.py:157} INFO - Started process (PID=1729) to work on /home/airflow/.local/lib/python3.7/site-packages/airflow/example_dags/example_sensor_decorator.py
[2023-05-26T20:43:46.362+0000] {processor.py:826} INFO - Processing file /home/airflow/.local/lib/python3.7/site-packages/airflow/example_dags/example_sensor_decorator.py for tasks to queue
[2023-05-26T20:43:46.363+0000] {logging_mixin.py:149} INFO - [2023-05-26T20:43:46.363+0000] {dagbag.py:541} INFO - Filling up the DagBag from /home/airflow/.local/lib/python3.7/site-packages/airflow/example_dags/example_sensor_decorator.py
[2023-05-26T20:43:46.368+0000] {processor.py:836} INFO - DAG(s) dict_keys(['example_sensor_decorator']) retrieved from /home/airflow/.local/lib/python3.7/site-packages/airflow/example_dags/example_sensor_decorator.py
[2023-05-26T20:43:46.387+0000] {logging_mixin.py:149} INFO - [2023-05-26T20:43:46.387+0000] {dag.py:2726} INFO - Sync 1 DAGs
[2023-05-26T20:43:46.403+0000] {logging_mixin.py:149} INFO - [2023-05-26T20:43:46.403+0000] {dag.py:3490} INFO - Setting next_dagrun for example_sensor_decorator to None, run_after=None
[2023-05-26T20:43:46.415+0000] {processor.py:179} INFO - Processing /home/airflow/.local/lib/python3.7/site-packages/airflow/example_dags/example_sensor_decorator.py took 0.058 seconds
[2023-05-26T20:44:16.664+0000] {processor.py:157} INFO - Started process (PID=1785) to work on /home/airflow/.local/lib/python3.7/site-packages/airflow/example_dags/example_sensor_decorator.py
[2023-05-26T20:44:16.665+0000] {processor.py:826} INFO - Processing file /home/airflow/.local/lib/python3.7/site-packages/airflow/example_dags/example_sensor_decorator.py for tasks to queue
[2023-05-26T20:44:16.666+0000] {logging_mixin.py:149} INFO - [2023-05-26T20:44:16.666+0000] {dagbag.py:541} INFO - Filling up the DagBag from /home/airflow/.local/lib/python3.7/site-packages/airflow/example_dags/example_sensor_decorator.py
[2023-05-26T20:44:16.671+0000] {processor.py:836} INFO - DAG(s) dict_keys(['example_sensor_decorator']) retrieved from /home/airflow/.local/lib/python3.7/site-packages/airflow/example_dags/example_sensor_decorator.py
[2023-05-26T20:44:16.691+0000] {logging_mixin.py:149} INFO - [2023-05-26T20:44:16.691+0000] {dag.py:2726} INFO - Sync 1 DAGs
[2023-05-26T20:44:16.706+0000] {logging_mixin.py:149} INFO - [2023-05-26T20:44:16.706+0000] {dag.py:3490} INFO - Setting next_dagrun for example_sensor_decorator to None, run_after=None
[2023-05-26T20:44:16.718+0000] {processor.py:179} INFO - Processing /home/airflow/.local/lib/python3.7/site-packages/airflow/example_dags/example_sensor_decorator.py took 0.057 seconds
[2023-05-26T20:44:47.028+0000] {processor.py:157} INFO - Started process (PID=1842) to work on /home/airflow/.local/lib/python3.7/site-packages/airflow/example_dags/example_sensor_decorator.py
[2023-05-26T20:44:47.030+0000] {processor.py:826} INFO - Processing file /home/airflow/.local/lib/python3.7/site-packages/airflow/example_dags/example_sensor_decorator.py for tasks to queue
[2023-05-26T20:44:47.031+0000] {logging_mixin.py:149} INFO - [2023-05-26T20:44:47.031+0000] {dagbag.py:541} INFO - Filling up the DagBag from /home/airflow/.local/lib/python3.7/site-packages/airflow/example_dags/example_sensor_decorator.py
[2023-05-26T20:44:47.036+0000] {processor.py:836} INFO - DAG(s) dict_keys(['example_sensor_decorator']) retrieved from /home/airflow/.local/lib/python3.7/site-packages/airflow/example_dags/example_sensor_decorator.py
[2023-05-26T20:44:47.055+0000] {logging_mixin.py:149} INFO - [2023-05-26T20:44:47.055+0000] {dag.py:2726} INFO - Sync 1 DAGs
[2023-05-26T20:44:47.070+0000] {logging_mixin.py:149} INFO - [2023-05-26T20:44:47.070+0000] {dag.py:3490} INFO - Setting next_dagrun for example_sensor_decorator to None, run_after=None
[2023-05-26T20:44:47.081+0000] {processor.py:179} INFO - Processing /home/airflow/.local/lib/python3.7/site-packages/airflow/example_dags/example_sensor_decorator.py took 0.056 seconds
[2023-05-26T20:45:17.435+0000] {processor.py:157} INFO - Started process (PID=1898) to work on /home/airflow/.local/lib/python3.7/site-packages/airflow/example_dags/example_sensor_decorator.py
[2023-05-26T20:45:17.436+0000] {processor.py:826} INFO - Processing file /home/airflow/.local/lib/python3.7/site-packages/airflow/example_dags/example_sensor_decorator.py for tasks to queue
[2023-05-26T20:45:17.438+0000] {logging_mixin.py:149} INFO - [2023-05-26T20:45:17.438+0000] {dagbag.py:541} INFO - Filling up the DagBag from /home/airflow/.local/lib/python3.7/site-packages/airflow/example_dags/example_sensor_decorator.py
[2023-05-26T20:45:17.442+0000] {processor.py:836} INFO - DAG(s) dict_keys(['example_sensor_decorator']) retrieved from /home/airflow/.local/lib/python3.7/site-packages/airflow/example_dags/example_sensor_decorator.py
[2023-05-26T20:45:17.462+0000] {logging_mixin.py:149} INFO - [2023-05-26T20:45:17.462+0000] {dag.py:2726} INFO - Sync 1 DAGs
[2023-05-26T20:45:17.476+0000] {logging_mixin.py:149} INFO - [2023-05-26T20:45:17.476+0000] {dag.py:3490} INFO - Setting next_dagrun for example_sensor_decorator to None, run_after=None
[2023-05-26T20:45:17.488+0000] {processor.py:179} INFO - Processing /home/airflow/.local/lib/python3.7/site-packages/airflow/example_dags/example_sensor_decorator.py took 0.057 seconds
[2023-05-26T20:45:47.805+0000] {processor.py:157} INFO - Started process (PID=1954) to work on /home/airflow/.local/lib/python3.7/site-packages/airflow/example_dags/example_sensor_decorator.py
[2023-05-26T20:45:47.807+0000] {processor.py:826} INFO - Processing file /home/airflow/.local/lib/python3.7/site-packages/airflow/example_dags/example_sensor_decorator.py for tasks to queue
[2023-05-26T20:45:47.808+0000] {logging_mixin.py:149} INFO - [2023-05-26T20:45:47.808+0000] {dagbag.py:541} INFO - Filling up the DagBag from /home/airflow/.local/lib/python3.7/site-packages/airflow/example_dags/example_sensor_decorator.py
[2023-05-26T20:45:47.812+0000] {processor.py:836} INFO - DAG(s) dict_keys(['example_sensor_decorator']) retrieved from /home/airflow/.local/lib/python3.7/site-packages/airflow/example_dags/example_sensor_decorator.py
[2023-05-26T20:45:47.831+0000] {logging_mixin.py:149} INFO - [2023-05-26T20:45:47.831+0000] {dag.py:2726} INFO - Sync 1 DAGs
[2023-05-26T20:45:47.846+0000] {logging_mixin.py:149} INFO - [2023-05-26T20:45:47.846+0000] {dag.py:3490} INFO - Setting next_dagrun for example_sensor_decorator to None, run_after=None
[2023-05-26T20:45:47.857+0000] {processor.py:179} INFO - Processing /home/airflow/.local/lib/python3.7/site-packages/airflow/example_dags/example_sensor_decorator.py took 0.056 seconds
[2023-05-26T20:46:18.457+0000] {processor.py:157} INFO - Started process (PID=2010) to work on /home/airflow/.local/lib/python3.7/site-packages/airflow/example_dags/example_sensor_decorator.py
[2023-05-26T20:46:18.459+0000] {processor.py:826} INFO - Processing file /home/airflow/.local/lib/python3.7/site-packages/airflow/example_dags/example_sensor_decorator.py for tasks to queue
[2023-05-26T20:46:18.459+0000] {logging_mixin.py:149} INFO - [2023-05-26T20:46:18.459+0000] {dagbag.py:541} INFO - Filling up the DagBag from /home/airflow/.local/lib/python3.7/site-packages/airflow/example_dags/example_sensor_decorator.py
[2023-05-26T20:46:18.465+0000] {processor.py:836} INFO - DAG(s) dict_keys(['example_sensor_decorator']) retrieved from /home/airflow/.local/lib/python3.7/site-packages/airflow/example_dags/example_sensor_decorator.py
[2023-05-26T20:46:18.485+0000] {logging_mixin.py:149} INFO - [2023-05-26T20:46:18.485+0000] {dag.py:2726} INFO - Sync 1 DAGs
[2023-05-26T20:46:18.500+0000] {logging_mixin.py:149} INFO - [2023-05-26T20:46:18.500+0000] {dag.py:3490} INFO - Setting next_dagrun for example_sensor_decorator to None, run_after=None
[2023-05-26T20:46:18.513+0000] {processor.py:179} INFO - Processing /home/airflow/.local/lib/python3.7/site-packages/airflow/example_dags/example_sensor_decorator.py took 0.059 seconds
[2023-05-26T20:46:49.010+0000] {processor.py:157} INFO - Started process (PID=2066) to work on /home/airflow/.local/lib/python3.7/site-packages/airflow/example_dags/example_sensor_decorator.py
[2023-05-26T20:46:49.011+0000] {processor.py:826} INFO - Processing file /home/airflow/.local/lib/python3.7/site-packages/airflow/example_dags/example_sensor_decorator.py for tasks to queue
[2023-05-26T20:46:49.013+0000] {logging_mixin.py:149} INFO - [2023-05-26T20:46:49.012+0000] {dagbag.py:541} INFO - Filling up the DagBag from /home/airflow/.local/lib/python3.7/site-packages/airflow/example_dags/example_sensor_decorator.py
[2023-05-26T20:46:49.017+0000] {processor.py:836} INFO - DAG(s) dict_keys(['example_sensor_decorator']) retrieved from /home/airflow/.local/lib/python3.7/site-packages/airflow/example_dags/example_sensor_decorator.py
[2023-05-26T20:46:49.038+0000] {logging_mixin.py:149} INFO - [2023-05-26T20:46:49.037+0000] {dag.py:2726} INFO - Sync 1 DAGs
[2023-05-26T20:46:49.053+0000] {logging_mixin.py:149} INFO - [2023-05-26T20:46:49.053+0000] {dag.py:3490} INFO - Setting next_dagrun for example_sensor_decorator to None, run_after=None
[2023-05-26T20:46:49.064+0000] {processor.py:179} INFO - Processing /home/airflow/.local/lib/python3.7/site-packages/airflow/example_dags/example_sensor_decorator.py took 0.058 seconds
[2023-05-26T20:47:19.734+0000] {processor.py:157} INFO - Started process (PID=2122) to work on /home/airflow/.local/lib/python3.7/site-packages/airflow/example_dags/example_sensor_decorator.py
[2023-05-26T20:47:19.736+0000] {processor.py:826} INFO - Processing file /home/airflow/.local/lib/python3.7/site-packages/airflow/example_dags/example_sensor_decorator.py for tasks to queue
[2023-05-26T20:47:19.737+0000] {logging_mixin.py:149} INFO - [2023-05-26T20:47:19.737+0000] {dagbag.py:541} INFO - Filling up the DagBag from /home/airflow/.local/lib/python3.7/site-packages/airflow/example_dags/example_sensor_decorator.py
[2023-05-26T20:47:19.742+0000] {processor.py:836} INFO - DAG(s) dict_keys(['example_sensor_decorator']) retrieved from /home/airflow/.local/lib/python3.7/site-packages/airflow/example_dags/example_sensor_decorator.py
[2023-05-26T20:47:19.762+0000] {logging_mixin.py:149} INFO - [2023-05-26T20:47:19.762+0000] {dag.py:2726} INFO - Sync 1 DAGs
[2023-05-26T20:47:19.777+0000] {logging_mixin.py:149} INFO - [2023-05-26T20:47:19.777+0000] {dag.py:3490} INFO - Setting next_dagrun for example_sensor_decorator to None, run_after=None
[2023-05-26T20:47:19.788+0000] {processor.py:179} INFO - Processing /home/airflow/.local/lib/python3.7/site-packages/airflow/example_dags/example_sensor_decorator.py took 0.057 seconds
[2023-05-26T20:47:50.458+0000] {processor.py:157} INFO - Started process (PID=2178) to work on /home/airflow/.local/lib/python3.7/site-packages/airflow/example_dags/example_sensor_decorator.py
[2023-05-26T20:47:50.460+0000] {processor.py:826} INFO - Processing file /home/airflow/.local/lib/python3.7/site-packages/airflow/example_dags/example_sensor_decorator.py for tasks to queue
[2023-05-26T20:47:50.461+0000] {logging_mixin.py:149} INFO - [2023-05-26T20:47:50.460+0000] {dagbag.py:541} INFO - Filling up the DagBag from /home/airflow/.local/lib/python3.7/site-packages/airflow/example_dags/example_sensor_decorator.py
[2023-05-26T20:47:50.466+0000] {processor.py:836} INFO - DAG(s) dict_keys(['example_sensor_decorator']) retrieved from /home/airflow/.local/lib/python3.7/site-packages/airflow/example_dags/example_sensor_decorator.py
[2023-05-26T20:47:50.486+0000] {logging_mixin.py:149} INFO - [2023-05-26T20:47:50.486+0000] {dag.py:2726} INFO - Sync 1 DAGs
[2023-05-26T20:47:50.502+0000] {logging_mixin.py:149} INFO - [2023-05-26T20:47:50.502+0000] {dag.py:3490} INFO - Setting next_dagrun for example_sensor_decorator to None, run_after=None
[2023-05-26T20:47:50.514+0000] {processor.py:179} INFO - Processing /home/airflow/.local/lib/python3.7/site-packages/airflow/example_dags/example_sensor_decorator.py took 0.060 seconds
[2023-05-26T20:48:20.861+0000] {processor.py:157} INFO - Started process (PID=2234) to work on /home/airflow/.local/lib/python3.7/site-packages/airflow/example_dags/example_sensor_decorator.py
[2023-05-26T20:48:20.863+0000] {processor.py:826} INFO - Processing file /home/airflow/.local/lib/python3.7/site-packages/airflow/example_dags/example_sensor_decorator.py for tasks to queue
[2023-05-26T20:48:20.863+0000] {logging_mixin.py:149} INFO - [2023-05-26T20:48:20.863+0000] {dagbag.py:541} INFO - Filling up the DagBag from /home/airflow/.local/lib/python3.7/site-packages/airflow/example_dags/example_sensor_decorator.py
[2023-05-26T20:48:20.869+0000] {processor.py:836} INFO - DAG(s) dict_keys(['example_sensor_decorator']) retrieved from /home/airflow/.local/lib/python3.7/site-packages/airflow/example_dags/example_sensor_decorator.py
[2023-05-26T20:48:20.888+0000] {logging_mixin.py:149} INFO - [2023-05-26T20:48:20.888+0000] {dag.py:2726} INFO - Sync 1 DAGs
[2023-05-26T20:48:20.904+0000] {logging_mixin.py:149} INFO - [2023-05-26T20:48:20.904+0000] {dag.py:3490} INFO - Setting next_dagrun for example_sensor_decorator to None, run_after=None
[2023-05-26T20:48:20.916+0000] {processor.py:179} INFO - Processing /home/airflow/.local/lib/python3.7/site-packages/airflow/example_dags/example_sensor_decorator.py took 0.058 seconds
[2023-05-26T20:48:51.468+0000] {processor.py:157} INFO - Started process (PID=2291) to work on /home/airflow/.local/lib/python3.7/site-packages/airflow/example_dags/example_sensor_decorator.py
[2023-05-26T20:48:51.470+0000] {processor.py:826} INFO - Processing file /home/airflow/.local/lib/python3.7/site-packages/airflow/example_dags/example_sensor_decorator.py for tasks to queue
[2023-05-26T20:48:51.471+0000] {logging_mixin.py:149} INFO - [2023-05-26T20:48:51.471+0000] {dagbag.py:541} INFO - Filling up the DagBag from /home/airflow/.local/lib/python3.7/site-packages/airflow/example_dags/example_sensor_decorator.py
[2023-05-26T20:48:51.475+0000] {processor.py:836} INFO - DAG(s) dict_keys(['example_sensor_decorator']) retrieved from /home/airflow/.local/lib/python3.7/site-packages/airflow/example_dags/example_sensor_decorator.py
[2023-05-26T20:48:51.495+0000] {logging_mixin.py:149} INFO - [2023-05-26T20:48:51.495+0000] {dag.py:2726} INFO - Sync 1 DAGs
[2023-05-26T20:48:51.512+0000] {logging_mixin.py:149} INFO - [2023-05-26T20:48:51.512+0000] {dag.py:3490} INFO - Setting next_dagrun for example_sensor_decorator to None, run_after=None
[2023-05-26T20:48:51.524+0000] {processor.py:179} INFO - Processing /home/airflow/.local/lib/python3.7/site-packages/airflow/example_dags/example_sensor_decorator.py took 0.059 seconds
[2023-05-26T20:49:22.170+0000] {processor.py:157} INFO - Started process (PID=2346) to work on /home/airflow/.local/lib/python3.7/site-packages/airflow/example_dags/example_sensor_decorator.py
[2023-05-26T20:49:22.171+0000] {processor.py:826} INFO - Processing file /home/airflow/.local/lib/python3.7/site-packages/airflow/example_dags/example_sensor_decorator.py for tasks to queue
[2023-05-26T20:49:22.172+0000] {logging_mixin.py:149} INFO - [2023-05-26T20:49:22.172+0000] {dagbag.py:541} INFO - Filling up the DagBag from /home/airflow/.local/lib/python3.7/site-packages/airflow/example_dags/example_sensor_decorator.py
[2023-05-26T20:49:22.177+0000] {processor.py:836} INFO - DAG(s) dict_keys(['example_sensor_decorator']) retrieved from /home/airflow/.local/lib/python3.7/site-packages/airflow/example_dags/example_sensor_decorator.py
[2023-05-26T20:49:22.197+0000] {logging_mixin.py:149} INFO - [2023-05-26T20:49:22.197+0000] {dag.py:2726} INFO - Sync 1 DAGs
[2023-05-26T20:49:22.213+0000] {logging_mixin.py:149} INFO - [2023-05-26T20:49:22.213+0000] {dag.py:3490} INFO - Setting next_dagrun for example_sensor_decorator to None, run_after=None
[2023-05-26T20:49:22.225+0000] {processor.py:179} INFO - Processing /home/airflow/.local/lib/python3.7/site-packages/airflow/example_dags/example_sensor_decorator.py took 0.058 seconds
[2023-05-26T20:49:52.705+0000] {processor.py:157} INFO - Started process (PID=2402) to work on /home/airflow/.local/lib/python3.7/site-packages/airflow/example_dags/example_sensor_decorator.py
[2023-05-26T20:49:52.706+0000] {processor.py:826} INFO - Processing file /home/airflow/.local/lib/python3.7/site-packages/airflow/example_dags/example_sensor_decorator.py for tasks to queue
[2023-05-26T20:49:52.707+0000] {logging_mixin.py:149} INFO - [2023-05-26T20:49:52.707+0000] {dagbag.py:541} INFO - Filling up the DagBag from /home/airflow/.local/lib/python3.7/site-packages/airflow/example_dags/example_sensor_decorator.py
[2023-05-26T20:49:52.713+0000] {processor.py:836} INFO - DAG(s) dict_keys(['example_sensor_decorator']) retrieved from /home/airflow/.local/lib/python3.7/site-packages/airflow/example_dags/example_sensor_decorator.py
[2023-05-26T20:49:52.733+0000] {logging_mixin.py:149} INFO - [2023-05-26T20:49:52.733+0000] {dag.py:2726} INFO - Sync 1 DAGs
[2023-05-26T20:49:52.748+0000] {logging_mixin.py:149} INFO - [2023-05-26T20:49:52.748+0000] {dag.py:3490} INFO - Setting next_dagrun for example_sensor_decorator to None, run_after=None
[2023-05-26T20:49:52.761+0000] {processor.py:179} INFO - Processing /home/airflow/.local/lib/python3.7/site-packages/airflow/example_dags/example_sensor_decorator.py took 0.060 seconds
[2023-05-26T20:50:23.282+0000] {processor.py:157} INFO - Started process (PID=2458) to work on /home/airflow/.local/lib/python3.7/site-packages/airflow/example_dags/example_sensor_decorator.py
[2023-05-26T20:50:23.284+0000] {processor.py:826} INFO - Processing file /home/airflow/.local/lib/python3.7/site-packages/airflow/example_dags/example_sensor_decorator.py for tasks to queue
[2023-05-26T20:50:23.285+0000] {logging_mixin.py:149} INFO - [2023-05-26T20:50:23.285+0000] {dagbag.py:541} INFO - Filling up the DagBag from /home/airflow/.local/lib/python3.7/site-packages/airflow/example_dags/example_sensor_decorator.py
[2023-05-26T20:50:23.290+0000] {processor.py:836} INFO - DAG(s) dict_keys(['example_sensor_decorator']) retrieved from /home/airflow/.local/lib/python3.7/site-packages/airflow/example_dags/example_sensor_decorator.py
[2023-05-26T20:50:23.309+0000] {logging_mixin.py:149} INFO - [2023-05-26T20:50:23.309+0000] {dag.py:2726} INFO - Sync 1 DAGs
[2023-05-26T20:50:23.324+0000] {logging_mixin.py:149} INFO - [2023-05-26T20:50:23.324+0000] {dag.py:3490} INFO - Setting next_dagrun for example_sensor_decorator to None, run_after=None
[2023-05-26T20:50:23.335+0000] {processor.py:179} INFO - Processing /home/airflow/.local/lib/python3.7/site-packages/airflow/example_dags/example_sensor_decorator.py took 0.055 seconds
[2023-05-26T20:50:53.558+0000] {processor.py:157} INFO - Started process (PID=2515) to work on /home/airflow/.local/lib/python3.7/site-packages/airflow/example_dags/example_sensor_decorator.py
[2023-05-26T20:50:53.560+0000] {processor.py:826} INFO - Processing file /home/airflow/.local/lib/python3.7/site-packages/airflow/example_dags/example_sensor_decorator.py for tasks to queue
[2023-05-26T20:50:53.560+0000] {logging_mixin.py:149} INFO - [2023-05-26T20:50:53.560+0000] {dagbag.py:541} INFO - Filling up the DagBag from /home/airflow/.local/lib/python3.7/site-packages/airflow/example_dags/example_sensor_decorator.py
[2023-05-26T20:50:53.566+0000] {processor.py:836} INFO - DAG(s) dict_keys(['example_sensor_decorator']) retrieved from /home/airflow/.local/lib/python3.7/site-packages/airflow/example_dags/example_sensor_decorator.py
[2023-05-26T20:50:53.586+0000] {logging_mixin.py:149} INFO - [2023-05-26T20:50:53.586+0000] {dag.py:2726} INFO - Sync 1 DAGs
[2023-05-26T20:50:53.601+0000] {logging_mixin.py:149} INFO - [2023-05-26T20:50:53.601+0000] {dag.py:3490} INFO - Setting next_dagrun for example_sensor_decorator to None, run_after=None
[2023-05-26T20:50:53.614+0000] {processor.py:179} INFO - Processing /home/airflow/.local/lib/python3.7/site-packages/airflow/example_dags/example_sensor_decorator.py took 0.059 seconds
[2023-05-26T20:51:24.114+0000] {processor.py:157} INFO - Started process (PID=2571) to work on /home/airflow/.local/lib/python3.7/site-packages/airflow/example_dags/example_sensor_decorator.py
[2023-05-26T20:51:24.116+0000] {processor.py:826} INFO - Processing file /home/airflow/.local/lib/python3.7/site-packages/airflow/example_dags/example_sensor_decorator.py for tasks to queue
[2023-05-26T20:51:24.117+0000] {logging_mixin.py:149} INFO - [2023-05-26T20:51:24.117+0000] {dagbag.py:541} INFO - Filling up the DagBag from /home/airflow/.local/lib/python3.7/site-packages/airflow/example_dags/example_sensor_decorator.py
[2023-05-26T20:51:24.122+0000] {processor.py:836} INFO - DAG(s) dict_keys(['example_sensor_decorator']) retrieved from /home/airflow/.local/lib/python3.7/site-packages/airflow/example_dags/example_sensor_decorator.py
[2023-05-26T20:51:24.143+0000] {logging_mixin.py:149} INFO - [2023-05-26T20:51:24.143+0000] {dag.py:2726} INFO - Sync 1 DAGs
[2023-05-26T20:51:24.159+0000] {logging_mixin.py:149} INFO - [2023-05-26T20:51:24.158+0000] {dag.py:3490} INFO - Setting next_dagrun for example_sensor_decorator to None, run_after=None
[2023-05-26T20:51:24.171+0000] {processor.py:179} INFO - Processing /home/airflow/.local/lib/python3.7/site-packages/airflow/example_dags/example_sensor_decorator.py took 0.060 seconds
[2023-05-26T20:51:54.729+0000] {processor.py:157} INFO - Started process (PID=2627) to work on /home/airflow/.local/lib/python3.7/site-packages/airflow/example_dags/example_sensor_decorator.py
[2023-05-26T20:51:54.731+0000] {processor.py:826} INFO - Processing file /home/airflow/.local/lib/python3.7/site-packages/airflow/example_dags/example_sensor_decorator.py for tasks to queue
[2023-05-26T20:51:54.732+0000] {logging_mixin.py:149} INFO - [2023-05-26T20:51:54.732+0000] {dagbag.py:541} INFO - Filling up the DagBag from /home/airflow/.local/lib/python3.7/site-packages/airflow/example_dags/example_sensor_decorator.py
[2023-05-26T20:51:54.736+0000] {processor.py:836} INFO - DAG(s) dict_keys(['example_sensor_decorator']) retrieved from /home/airflow/.local/lib/python3.7/site-packages/airflow/example_dags/example_sensor_decorator.py
[2023-05-26T20:51:54.757+0000] {logging_mixin.py:149} INFO - [2023-05-26T20:51:54.757+0000] {dag.py:2726} INFO - Sync 1 DAGs
[2023-05-26T20:51:54.772+0000] {logging_mixin.py:149} INFO - [2023-05-26T20:51:54.772+0000] {dag.py:3490} INFO - Setting next_dagrun for example_sensor_decorator to None, run_after=None
[2023-05-26T20:51:54.784+0000] {processor.py:179} INFO - Processing /home/airflow/.local/lib/python3.7/site-packages/airflow/example_dags/example_sensor_decorator.py took 0.058 seconds
[2023-05-26T20:52:25.337+0000] {processor.py:157} INFO - Started process (PID=2683) to work on /home/airflow/.local/lib/python3.7/site-packages/airflow/example_dags/example_sensor_decorator.py
[2023-05-26T20:52:25.338+0000] {processor.py:826} INFO - Processing file /home/airflow/.local/lib/python3.7/site-packages/airflow/example_dags/example_sensor_decorator.py for tasks to queue
[2023-05-26T20:52:25.339+0000] {logging_mixin.py:149} INFO - [2023-05-26T20:52:25.339+0000] {dagbag.py:541} INFO - Filling up the DagBag from /home/airflow/.local/lib/python3.7/site-packages/airflow/example_dags/example_sensor_decorator.py
[2023-05-26T20:52:25.344+0000] {processor.py:836} INFO - DAG(s) dict_keys(['example_sensor_decorator']) retrieved from /home/airflow/.local/lib/python3.7/site-packages/airflow/example_dags/example_sensor_decorator.py
[2023-05-26T20:52:25.364+0000] {logging_mixin.py:149} INFO - [2023-05-26T20:52:25.364+0000] {dag.py:2726} INFO - Sync 1 DAGs
[2023-05-26T20:52:25.381+0000] {logging_mixin.py:149} INFO - [2023-05-26T20:52:25.381+0000] {dag.py:3490} INFO - Setting next_dagrun for example_sensor_decorator to None, run_after=None
[2023-05-26T20:52:25.393+0000] {processor.py:179} INFO - Processing /home/airflow/.local/lib/python3.7/site-packages/airflow/example_dags/example_sensor_decorator.py took 0.059 seconds
[2023-05-26T20:52:55.864+0000] {processor.py:157} INFO - Started process (PID=2739) to work on /home/airflow/.local/lib/python3.7/site-packages/airflow/example_dags/example_sensor_decorator.py
[2023-05-26T20:52:55.866+0000] {processor.py:826} INFO - Processing file /home/airflow/.local/lib/python3.7/site-packages/airflow/example_dags/example_sensor_decorator.py for tasks to queue
[2023-05-26T20:52:55.867+0000] {logging_mixin.py:149} INFO - [2023-05-26T20:52:55.867+0000] {dagbag.py:541} INFO - Filling up the DagBag from /home/airflow/.local/lib/python3.7/site-packages/airflow/example_dags/example_sensor_decorator.py
[2023-05-26T20:52:55.872+0000] {processor.py:836} INFO - DAG(s) dict_keys(['example_sensor_decorator']) retrieved from /home/airflow/.local/lib/python3.7/site-packages/airflow/example_dags/example_sensor_decorator.py
[2023-05-26T20:52:55.892+0000] {logging_mixin.py:149} INFO - [2023-05-26T20:52:55.892+0000] {dag.py:2726} INFO - Sync 1 DAGs
[2023-05-26T20:52:55.907+0000] {logging_mixin.py:149} INFO - [2023-05-26T20:52:55.907+0000] {dag.py:3490} INFO - Setting next_dagrun for example_sensor_decorator to None, run_after=None
[2023-05-26T20:52:55.919+0000] {processor.py:179} INFO - Processing /home/airflow/.local/lib/python3.7/site-packages/airflow/example_dags/example_sensor_decorator.py took 0.058 seconds
[2023-05-26T20:53:26.632+0000] {processor.py:157} INFO - Started process (PID=2795) to work on /home/airflow/.local/lib/python3.7/site-packages/airflow/example_dags/example_sensor_decorator.py
[2023-05-26T20:53:26.634+0000] {processor.py:826} INFO - Processing file /home/airflow/.local/lib/python3.7/site-packages/airflow/example_dags/example_sensor_decorator.py for tasks to queue
[2023-05-26T20:53:26.635+0000] {logging_mixin.py:149} INFO - [2023-05-26T20:53:26.634+0000] {dagbag.py:541} INFO - Filling up the DagBag from /home/airflow/.local/lib/python3.7/site-packages/airflow/example_dags/example_sensor_decorator.py
[2023-05-26T20:53:26.640+0000] {processor.py:836} INFO - DAG(s) dict_keys(['example_sensor_decorator']) retrieved from /home/airflow/.local/lib/python3.7/site-packages/airflow/example_dags/example_sensor_decorator.py
[2023-05-26T20:53:26.660+0000] {logging_mixin.py:149} INFO - [2023-05-26T20:53:26.660+0000] {dag.py:2726} INFO - Sync 1 DAGs
[2023-05-26T20:53:26.675+0000] {logging_mixin.py:149} INFO - [2023-05-26T20:53:26.675+0000] {dag.py:3490} INFO - Setting next_dagrun for example_sensor_decorator to None, run_after=None
[2023-05-26T20:53:26.687+0000] {processor.py:179} INFO - Processing /home/airflow/.local/lib/python3.7/site-packages/airflow/example_dags/example_sensor_decorator.py took 0.058 seconds
[2023-05-26T20:53:57.273+0000] {processor.py:157} INFO - Started process (PID=2851) to work on /home/airflow/.local/lib/python3.7/site-packages/airflow/example_dags/example_sensor_decorator.py
[2023-05-26T20:53:57.275+0000] {processor.py:826} INFO - Processing file /home/airflow/.local/lib/python3.7/site-packages/airflow/example_dags/example_sensor_decorator.py for tasks to queue
[2023-05-26T20:53:57.276+0000] {logging_mixin.py:149} INFO - [2023-05-26T20:53:57.276+0000] {dagbag.py:541} INFO - Filling up the DagBag from /home/airflow/.local/lib/python3.7/site-packages/airflow/example_dags/example_sensor_decorator.py
[2023-05-26T20:53:57.284+0000] {processor.py:836} INFO - DAG(s) dict_keys(['example_sensor_decorator']) retrieved from /home/airflow/.local/lib/python3.7/site-packages/airflow/example_dags/example_sensor_decorator.py
[2023-05-26T20:53:57.309+0000] {logging_mixin.py:149} INFO - [2023-05-26T20:53:57.309+0000] {dag.py:2726} INFO - Sync 1 DAGs
[2023-05-26T20:53:57.325+0000] {logging_mixin.py:149} INFO - [2023-05-26T20:53:57.325+0000] {dag.py:3490} INFO - Setting next_dagrun for example_sensor_decorator to None, run_after=None
[2023-05-26T20:53:57.338+0000] {processor.py:179} INFO - Processing /home/airflow/.local/lib/python3.7/site-packages/airflow/example_dags/example_sensor_decorator.py took 0.067 seconds
[2023-05-26T20:54:27.902+0000] {processor.py:157} INFO - Started process (PID=2906) to work on /home/airflow/.local/lib/python3.7/site-packages/airflow/example_dags/example_sensor_decorator.py
[2023-05-26T20:54:27.904+0000] {processor.py:826} INFO - Processing file /home/airflow/.local/lib/python3.7/site-packages/airflow/example_dags/example_sensor_decorator.py for tasks to queue
[2023-05-26T20:54:27.905+0000] {logging_mixin.py:149} INFO - [2023-05-26T20:54:27.905+0000] {dagbag.py:541} INFO - Filling up the DagBag from /home/airflow/.local/lib/python3.7/site-packages/airflow/example_dags/example_sensor_decorator.py
[2023-05-26T20:54:27.910+0000] {processor.py:836} INFO - DAG(s) dict_keys(['example_sensor_decorator']) retrieved from /home/airflow/.local/lib/python3.7/site-packages/airflow/example_dags/example_sensor_decorator.py
[2023-05-26T20:54:27.931+0000] {logging_mixin.py:149} INFO - [2023-05-26T20:54:27.931+0000] {dag.py:2726} INFO - Sync 1 DAGs
[2023-05-26T20:54:27.946+0000] {logging_mixin.py:149} INFO - [2023-05-26T20:54:27.946+0000] {dag.py:3490} INFO - Setting next_dagrun for example_sensor_decorator to None, run_after=None
[2023-05-26T20:54:27.960+0000] {processor.py:179} INFO - Processing /home/airflow/.local/lib/python3.7/site-packages/airflow/example_dags/example_sensor_decorator.py took 0.060 seconds
[2023-05-26T20:54:58.440+0000] {processor.py:157} INFO - Started process (PID=2962) to work on /home/airflow/.local/lib/python3.7/site-packages/airflow/example_dags/example_sensor_decorator.py
[2023-05-26T20:54:58.442+0000] {processor.py:826} INFO - Processing file /home/airflow/.local/lib/python3.7/site-packages/airflow/example_dags/example_sensor_decorator.py for tasks to queue
[2023-05-26T20:54:58.443+0000] {logging_mixin.py:149} INFO - [2023-05-26T20:54:58.443+0000] {dagbag.py:541} INFO - Filling up the DagBag from /home/airflow/.local/lib/python3.7/site-packages/airflow/example_dags/example_sensor_decorator.py
[2023-05-26T20:54:58.448+0000] {processor.py:836} INFO - DAG(s) dict_keys(['example_sensor_decorator']) retrieved from /home/airflow/.local/lib/python3.7/site-packages/airflow/example_dags/example_sensor_decorator.py
[2023-05-26T20:54:58.468+0000] {logging_mixin.py:149} INFO - [2023-05-26T20:54:58.468+0000] {dag.py:2726} INFO - Sync 1 DAGs
[2023-05-26T20:54:58.484+0000] {logging_mixin.py:149} INFO - [2023-05-26T20:54:58.484+0000] {dag.py:3490} INFO - Setting next_dagrun for example_sensor_decorator to None, run_after=None
[2023-05-26T20:54:58.496+0000] {processor.py:179} INFO - Processing /home/airflow/.local/lib/python3.7/site-packages/airflow/example_dags/example_sensor_decorator.py took 0.058 seconds
[2023-05-26T20:55:29.125+0000] {processor.py:157} INFO - Started process (PID=3025) to work on /home/airflow/.local/lib/python3.7/site-packages/airflow/example_dags/example_sensor_decorator.py
[2023-05-26T20:55:29.126+0000] {processor.py:826} INFO - Processing file /home/airflow/.local/lib/python3.7/site-packages/airflow/example_dags/example_sensor_decorator.py for tasks to queue
[2023-05-26T20:55:29.127+0000] {logging_mixin.py:149} INFO - [2023-05-26T20:55:29.127+0000] {dagbag.py:541} INFO - Filling up the DagBag from /home/airflow/.local/lib/python3.7/site-packages/airflow/example_dags/example_sensor_decorator.py
[2023-05-26T20:55:29.131+0000] {processor.py:836} INFO - DAG(s) dict_keys(['example_sensor_decorator']) retrieved from /home/airflow/.local/lib/python3.7/site-packages/airflow/example_dags/example_sensor_decorator.py
[2023-05-26T20:55:29.152+0000] {logging_mixin.py:149} INFO - [2023-05-26T20:55:29.152+0000] {dag.py:2726} INFO - Sync 1 DAGs
[2023-05-26T20:55:29.170+0000] {logging_mixin.py:149} INFO - [2023-05-26T20:55:29.169+0000] {dag.py:3490} INFO - Setting next_dagrun for example_sensor_decorator to None, run_after=None
[2023-05-26T20:55:29.185+0000] {processor.py:179} INFO - Processing /home/airflow/.local/lib/python3.7/site-packages/airflow/example_dags/example_sensor_decorator.py took 0.063 seconds
[2023-05-26T20:55:59.868+0000] {processor.py:157} INFO - Started process (PID=3082) to work on /home/airflow/.local/lib/python3.7/site-packages/airflow/example_dags/example_sensor_decorator.py
[2023-05-26T20:55:59.870+0000] {processor.py:826} INFO - Processing file /home/airflow/.local/lib/python3.7/site-packages/airflow/example_dags/example_sensor_decorator.py for tasks to queue
[2023-05-26T20:55:59.871+0000] {logging_mixin.py:149} INFO - [2023-05-26T20:55:59.871+0000] {dagbag.py:541} INFO - Filling up the DagBag from /home/airflow/.local/lib/python3.7/site-packages/airflow/example_dags/example_sensor_decorator.py
[2023-05-26T20:55:59.877+0000] {processor.py:836} INFO - DAG(s) dict_keys(['example_sensor_decorator']) retrieved from /home/airflow/.local/lib/python3.7/site-packages/airflow/example_dags/example_sensor_decorator.py
[2023-05-26T20:55:59.897+0000] {logging_mixin.py:149} INFO - [2023-05-26T20:55:59.897+0000] {dag.py:2726} INFO - Sync 1 DAGs
[2023-05-26T20:55:59.914+0000] {logging_mixin.py:149} INFO - [2023-05-26T20:55:59.913+0000] {dag.py:3490} INFO - Setting next_dagrun for example_sensor_decorator to None, run_after=None
[2023-05-26T20:55:59.925+0000] {processor.py:179} INFO - Processing /home/airflow/.local/lib/python3.7/site-packages/airflow/example_dags/example_sensor_decorator.py took 0.060 seconds
[2023-05-26T20:56:30.665+0000] {processor.py:157} INFO - Started process (PID=3138) to work on /home/airflow/.local/lib/python3.7/site-packages/airflow/example_dags/example_sensor_decorator.py
[2023-05-26T20:56:30.669+0000] {processor.py:826} INFO - Processing file /home/airflow/.local/lib/python3.7/site-packages/airflow/example_dags/example_sensor_decorator.py for tasks to queue
[2023-05-26T20:56:30.670+0000] {logging_mixin.py:149} INFO - [2023-05-26T20:56:30.670+0000] {dagbag.py:541} INFO - Filling up the DagBag from /home/airflow/.local/lib/python3.7/site-packages/airflow/example_dags/example_sensor_decorator.py
[2023-05-26T20:56:30.675+0000] {processor.py:836} INFO - DAG(s) dict_keys(['example_sensor_decorator']) retrieved from /home/airflow/.local/lib/python3.7/site-packages/airflow/example_dags/example_sensor_decorator.py
[2023-05-26T20:56:30.695+0000] {logging_mixin.py:149} INFO - [2023-05-26T20:56:30.695+0000] {dag.py:2726} INFO - Sync 1 DAGs
[2023-05-26T20:56:30.709+0000] {logging_mixin.py:149} INFO - [2023-05-26T20:56:30.709+0000] {dag.py:3490} INFO - Setting next_dagrun for example_sensor_decorator to None, run_after=None
[2023-05-26T20:56:30.720+0000] {processor.py:179} INFO - Processing /home/airflow/.local/lib/python3.7/site-packages/airflow/example_dags/example_sensor_decorator.py took 0.060 seconds
[2023-05-26T20:57:01.341+0000] {processor.py:157} INFO - Started process (PID=3194) to work on /home/airflow/.local/lib/python3.7/site-packages/airflow/example_dags/example_sensor_decorator.py
[2023-05-26T20:57:01.343+0000] {processor.py:826} INFO - Processing file /home/airflow/.local/lib/python3.7/site-packages/airflow/example_dags/example_sensor_decorator.py for tasks to queue
[2023-05-26T20:57:01.345+0000] {logging_mixin.py:149} INFO - [2023-05-26T20:57:01.345+0000] {dagbag.py:541} INFO - Filling up the DagBag from /home/airflow/.local/lib/python3.7/site-packages/airflow/example_dags/example_sensor_decorator.py
[2023-05-26T20:57:01.351+0000] {processor.py:836} INFO - DAG(s) dict_keys(['example_sensor_decorator']) retrieved from /home/airflow/.local/lib/python3.7/site-packages/airflow/example_dags/example_sensor_decorator.py
[2023-05-26T20:57:01.381+0000] {logging_mixin.py:149} INFO - [2023-05-26T20:57:01.381+0000] {dag.py:2726} INFO - Sync 1 DAGs
[2023-05-26T20:57:01.398+0000] {logging_mixin.py:149} INFO - [2023-05-26T20:57:01.398+0000] {dag.py:3490} INFO - Setting next_dagrun for example_sensor_decorator to None, run_after=None
[2023-05-26T20:57:01.409+0000] {processor.py:179} INFO - Processing /home/airflow/.local/lib/python3.7/site-packages/airflow/example_dags/example_sensor_decorator.py took 0.071 seconds
[2023-05-26T20:57:32.762+0000] {processor.py:157} INFO - Started process (PID=3250) to work on /home/airflow/.local/lib/python3.7/site-packages/airflow/example_dags/example_sensor_decorator.py
[2023-05-26T20:57:32.765+0000] {processor.py:826} INFO - Processing file /home/airflow/.local/lib/python3.7/site-packages/airflow/example_dags/example_sensor_decorator.py for tasks to queue
[2023-05-26T20:57:32.766+0000] {logging_mixin.py:149} INFO - [2023-05-26T20:57:32.766+0000] {dagbag.py:541} INFO - Filling up the DagBag from /home/airflow/.local/lib/python3.7/site-packages/airflow/example_dags/example_sensor_decorator.py
[2023-05-26T20:57:32.772+0000] {processor.py:836} INFO - DAG(s) dict_keys(['example_sensor_decorator']) retrieved from /home/airflow/.local/lib/python3.7/site-packages/airflow/example_dags/example_sensor_decorator.py
[2023-05-26T20:57:32.796+0000] {logging_mixin.py:149} INFO - [2023-05-26T20:57:32.796+0000] {dag.py:2726} INFO - Sync 1 DAGs
[2023-05-26T20:57:32.813+0000] {logging_mixin.py:149} INFO - [2023-05-26T20:57:32.813+0000] {dag.py:3490} INFO - Setting next_dagrun for example_sensor_decorator to None, run_after=None
[2023-05-26T20:57:32.836+0000] {processor.py:179} INFO - Processing /home/airflow/.local/lib/python3.7/site-packages/airflow/example_dags/example_sensor_decorator.py took 0.077 seconds
[2023-05-26T21:01:24.253+0000] {processor.py:157} INFO - Started process (PID=3291) to work on /home/airflow/.local/lib/python3.7/site-packages/airflow/example_dags/example_sensor_decorator.py
[2023-05-26T21:01:24.254+0000] {processor.py:826} INFO - Processing file /home/airflow/.local/lib/python3.7/site-packages/airflow/example_dags/example_sensor_decorator.py for tasks to queue
[2023-05-26T21:01:24.255+0000] {logging_mixin.py:149} INFO - [2023-05-26T21:01:24.255+0000] {dagbag.py:541} INFO - Filling up the DagBag from /home/airflow/.local/lib/python3.7/site-packages/airflow/example_dags/example_sensor_decorator.py
[2023-05-26T21:01:24.261+0000] {processor.py:836} INFO - DAG(s) dict_keys(['example_sensor_decorator']) retrieved from /home/airflow/.local/lib/python3.7/site-packages/airflow/example_dags/example_sensor_decorator.py
[2023-05-26T21:01:24.281+0000] {logging_mixin.py:149} INFO - [2023-05-26T21:01:24.281+0000] {dag.py:2726} INFO - Sync 1 DAGs
[2023-05-26T21:01:24.297+0000] {logging_mixin.py:149} INFO - [2023-05-26T21:01:24.297+0000] {dag.py:3490} INFO - Setting next_dagrun for example_sensor_decorator to None, run_after=None
[2023-05-26T21:01:24.309+0000] {processor.py:179} INFO - Processing /home/airflow/.local/lib/python3.7/site-packages/airflow/example_dags/example_sensor_decorator.py took 0.059 seconds
[2023-05-26T21:01:55.062+0000] {processor.py:157} INFO - Started process (PID=3347) to work on /home/airflow/.local/lib/python3.7/site-packages/airflow/example_dags/example_sensor_decorator.py
[2023-05-26T21:01:55.064+0000] {processor.py:826} INFO - Processing file /home/airflow/.local/lib/python3.7/site-packages/airflow/example_dags/example_sensor_decorator.py for tasks to queue
[2023-05-26T21:01:55.065+0000] {logging_mixin.py:149} INFO - [2023-05-26T21:01:55.065+0000] {dagbag.py:541} INFO - Filling up the DagBag from /home/airflow/.local/lib/python3.7/site-packages/airflow/example_dags/example_sensor_decorator.py
[2023-05-26T21:01:55.071+0000] {processor.py:836} INFO - DAG(s) dict_keys(['example_sensor_decorator']) retrieved from /home/airflow/.local/lib/python3.7/site-packages/airflow/example_dags/example_sensor_decorator.py
[2023-05-26T21:01:55.092+0000] {logging_mixin.py:149} INFO - [2023-05-26T21:01:55.092+0000] {dag.py:2726} INFO - Sync 1 DAGs
[2023-05-26T21:01:55.108+0000] {logging_mixin.py:149} INFO - [2023-05-26T21:01:55.108+0000] {dag.py:3490} INFO - Setting next_dagrun for example_sensor_decorator to None, run_after=None
[2023-05-26T21:01:55.119+0000] {processor.py:179} INFO - Processing /home/airflow/.local/lib/python3.7/site-packages/airflow/example_dags/example_sensor_decorator.py took 0.060 seconds
[2023-05-26T21:02:25.535+0000] {processor.py:157} INFO - Started process (PID=3403) to work on /home/airflow/.local/lib/python3.7/site-packages/airflow/example_dags/example_sensor_decorator.py
[2023-05-26T21:02:25.536+0000] {processor.py:826} INFO - Processing file /home/airflow/.local/lib/python3.7/site-packages/airflow/example_dags/example_sensor_decorator.py for tasks to queue
[2023-05-26T21:02:25.537+0000] {logging_mixin.py:149} INFO - [2023-05-26T21:02:25.537+0000] {dagbag.py:541} INFO - Filling up the DagBag from /home/airflow/.local/lib/python3.7/site-packages/airflow/example_dags/example_sensor_decorator.py
[2023-05-26T21:02:25.542+0000] {processor.py:836} INFO - DAG(s) dict_keys(['example_sensor_decorator']) retrieved from /home/airflow/.local/lib/python3.7/site-packages/airflow/example_dags/example_sensor_decorator.py
[2023-05-26T21:02:25.562+0000] {logging_mixin.py:149} INFO - [2023-05-26T21:02:25.562+0000] {dag.py:2726} INFO - Sync 1 DAGs
[2023-05-26T21:02:25.576+0000] {logging_mixin.py:149} INFO - [2023-05-26T21:02:25.576+0000] {dag.py:3490} INFO - Setting next_dagrun for example_sensor_decorator to None, run_after=None
[2023-05-26T21:02:25.588+0000] {processor.py:179} INFO - Processing /home/airflow/.local/lib/python3.7/site-packages/airflow/example_dags/example_sensor_decorator.py took 0.057 seconds
[2023-05-26T21:02:56.205+0000] {processor.py:157} INFO - Started process (PID=3459) to work on /home/airflow/.local/lib/python3.7/site-packages/airflow/example_dags/example_sensor_decorator.py
[2023-05-26T21:02:56.207+0000] {processor.py:826} INFO - Processing file /home/airflow/.local/lib/python3.7/site-packages/airflow/example_dags/example_sensor_decorator.py for tasks to queue
[2023-05-26T21:02:56.208+0000] {logging_mixin.py:149} INFO - [2023-05-26T21:02:56.208+0000] {dagbag.py:541} INFO - Filling up the DagBag from /home/airflow/.local/lib/python3.7/site-packages/airflow/example_dags/example_sensor_decorator.py
[2023-05-26T21:02:56.213+0000] {processor.py:836} INFO - DAG(s) dict_keys(['example_sensor_decorator']) retrieved from /home/airflow/.local/lib/python3.7/site-packages/airflow/example_dags/example_sensor_decorator.py
[2023-05-26T21:02:56.235+0000] {logging_mixin.py:149} INFO - [2023-05-26T21:02:56.234+0000] {dag.py:2726} INFO - Sync 1 DAGs
[2023-05-26T21:02:56.252+0000] {logging_mixin.py:149} INFO - [2023-05-26T21:02:56.252+0000] {dag.py:3490} INFO - Setting next_dagrun for example_sensor_decorator to None, run_after=None
[2023-05-26T21:02:56.264+0000] {processor.py:179} INFO - Processing /home/airflow/.local/lib/python3.7/site-packages/airflow/example_dags/example_sensor_decorator.py took 0.062 seconds
[2023-05-26T21:03:26.901+0000] {processor.py:157} INFO - Started process (PID=3515) to work on /home/airflow/.local/lib/python3.7/site-packages/airflow/example_dags/example_sensor_decorator.py
[2023-05-26T21:03:26.902+0000] {processor.py:826} INFO - Processing file /home/airflow/.local/lib/python3.7/site-packages/airflow/example_dags/example_sensor_decorator.py for tasks to queue
[2023-05-26T21:03:26.903+0000] {logging_mixin.py:149} INFO - [2023-05-26T21:03:26.903+0000] {dagbag.py:541} INFO - Filling up the DagBag from /home/airflow/.local/lib/python3.7/site-packages/airflow/example_dags/example_sensor_decorator.py
[2023-05-26T21:03:26.908+0000] {processor.py:836} INFO - DAG(s) dict_keys(['example_sensor_decorator']) retrieved from /home/airflow/.local/lib/python3.7/site-packages/airflow/example_dags/example_sensor_decorator.py
[2023-05-26T21:03:26.927+0000] {logging_mixin.py:149} INFO - [2023-05-26T21:03:26.927+0000] {dag.py:2726} INFO - Sync 1 DAGs
[2023-05-26T21:03:26.942+0000] {logging_mixin.py:149} INFO - [2023-05-26T21:03:26.942+0000] {dag.py:3490} INFO - Setting next_dagrun for example_sensor_decorator to None, run_after=None
[2023-05-26T21:03:26.952+0000] {processor.py:179} INFO - Processing /home/airflow/.local/lib/python3.7/site-packages/airflow/example_dags/example_sensor_decorator.py took 0.055 seconds
[2023-05-26T21:03:57.564+0000] {processor.py:157} INFO - Started process (PID=3572) to work on /home/airflow/.local/lib/python3.7/site-packages/airflow/example_dags/example_sensor_decorator.py
[2023-05-26T21:03:57.567+0000] {processor.py:826} INFO - Processing file /home/airflow/.local/lib/python3.7/site-packages/airflow/example_dags/example_sensor_decorator.py for tasks to queue
[2023-05-26T21:03:57.568+0000] {logging_mixin.py:149} INFO - [2023-05-26T21:03:57.568+0000] {dagbag.py:541} INFO - Filling up the DagBag from /home/airflow/.local/lib/python3.7/site-packages/airflow/example_dags/example_sensor_decorator.py
[2023-05-26T21:03:57.574+0000] {processor.py:836} INFO - DAG(s) dict_keys(['example_sensor_decorator']) retrieved from /home/airflow/.local/lib/python3.7/site-packages/airflow/example_dags/example_sensor_decorator.py
[2023-05-26T21:03:57.597+0000] {logging_mixin.py:149} INFO - [2023-05-26T21:03:57.597+0000] {dag.py:2726} INFO - Sync 1 DAGs
[2023-05-26T21:03:57.619+0000] {logging_mixin.py:149} INFO - [2023-05-26T21:03:57.619+0000] {dag.py:3490} INFO - Setting next_dagrun for example_sensor_decorator to None, run_after=None
[2023-05-26T21:03:57.639+0000] {processor.py:179} INFO - Processing /home/airflow/.local/lib/python3.7/site-packages/airflow/example_dags/example_sensor_decorator.py took 0.078 seconds
[2023-05-26T21:04:27.753+0000] {processor.py:157} INFO - Started process (PID=3628) to work on /home/airflow/.local/lib/python3.7/site-packages/airflow/example_dags/example_sensor_decorator.py
[2023-05-26T21:04:27.755+0000] {processor.py:826} INFO - Processing file /home/airflow/.local/lib/python3.7/site-packages/airflow/example_dags/example_sensor_decorator.py for tasks to queue
[2023-05-26T21:04:27.755+0000] {logging_mixin.py:149} INFO - [2023-05-26T21:04:27.755+0000] {dagbag.py:541} INFO - Filling up the DagBag from /home/airflow/.local/lib/python3.7/site-packages/airflow/example_dags/example_sensor_decorator.py
[2023-05-26T21:04:27.760+0000] {processor.py:836} INFO - DAG(s) dict_keys(['example_sensor_decorator']) retrieved from /home/airflow/.local/lib/python3.7/site-packages/airflow/example_dags/example_sensor_decorator.py
[2023-05-26T21:04:27.781+0000] {logging_mixin.py:149} INFO - [2023-05-26T21:04:27.781+0000] {dag.py:2726} INFO - Sync 1 DAGs
[2023-05-26T21:04:27.797+0000] {logging_mixin.py:149} INFO - [2023-05-26T21:04:27.797+0000] {dag.py:3490} INFO - Setting next_dagrun for example_sensor_decorator to None, run_after=None
[2023-05-26T21:04:27.807+0000] {processor.py:179} INFO - Processing /home/airflow/.local/lib/python3.7/site-packages/airflow/example_dags/example_sensor_decorator.py took 0.057 seconds
[2023-05-26T21:05:01.189+0000] {processor.py:157} INFO - Started process (PID=45) to work on /home/airflow/.local/lib/python3.7/site-packages/airflow/example_dags/example_sensor_decorator.py
[2023-05-26T21:05:01.191+0000] {processor.py:826} INFO - Processing file /home/airflow/.local/lib/python3.7/site-packages/airflow/example_dags/example_sensor_decorator.py for tasks to queue
[2023-05-26T21:05:01.192+0000] {logging_mixin.py:149} INFO - [2023-05-26T21:05:01.192+0000] {dagbag.py:541} INFO - Filling up the DagBag from /home/airflow/.local/lib/python3.7/site-packages/airflow/example_dags/example_sensor_decorator.py
[2023-05-26T21:05:01.199+0000] {processor.py:836} INFO - DAG(s) dict_keys(['example_sensor_decorator']) retrieved from /home/airflow/.local/lib/python3.7/site-packages/airflow/example_dags/example_sensor_decorator.py
[2023-05-26T21:05:01.226+0000] {logging_mixin.py:149} INFO - [2023-05-26T21:05:01.221+0000] {dag.py:2726} INFO - Sync 1 DAGs
[2023-05-26T21:05:01.254+0000] {logging_mixin.py:149} INFO - [2023-05-26T21:05:01.254+0000] {dag.py:3490} INFO - Setting next_dagrun for example_sensor_decorator to None, run_after=None
[2023-05-26T21:05:01.292+0000] {processor.py:179} INFO - Processing /home/airflow/.local/lib/python3.7/site-packages/airflow/example_dags/example_sensor_decorator.py took 0.107 seconds
[2023-05-26T21:05:31.375+0000] {processor.py:157} INFO - Started process (PID=101) to work on /home/airflow/.local/lib/python3.7/site-packages/airflow/example_dags/example_sensor_decorator.py
[2023-05-26T21:05:31.376+0000] {processor.py:826} INFO - Processing file /home/airflow/.local/lib/python3.7/site-packages/airflow/example_dags/example_sensor_decorator.py for tasks to queue
[2023-05-26T21:05:31.377+0000] {logging_mixin.py:149} INFO - [2023-05-26T21:05:31.377+0000] {dagbag.py:541} INFO - Filling up the DagBag from /home/airflow/.local/lib/python3.7/site-packages/airflow/example_dags/example_sensor_decorator.py
[2023-05-26T21:05:31.382+0000] {processor.py:836} INFO - DAG(s) dict_keys(['example_sensor_decorator']) retrieved from /home/airflow/.local/lib/python3.7/site-packages/airflow/example_dags/example_sensor_decorator.py
[2023-05-26T21:05:31.402+0000] {logging_mixin.py:149} INFO - [2023-05-26T21:05:31.402+0000] {dag.py:2726} INFO - Sync 1 DAGs
[2023-05-26T21:05:31.417+0000] {logging_mixin.py:149} INFO - [2023-05-26T21:05:31.417+0000] {dag.py:3490} INFO - Setting next_dagrun for example_sensor_decorator to None, run_after=None
[2023-05-26T21:05:31.429+0000] {processor.py:179} INFO - Processing /home/airflow/.local/lib/python3.7/site-packages/airflow/example_dags/example_sensor_decorator.py took 0.057 seconds
[2023-05-26T21:06:01.934+0000] {processor.py:157} INFO - Started process (PID=157) to work on /home/airflow/.local/lib/python3.7/site-packages/airflow/example_dags/example_sensor_decorator.py
[2023-05-26T21:06:01.936+0000] {processor.py:826} INFO - Processing file /home/airflow/.local/lib/python3.7/site-packages/airflow/example_dags/example_sensor_decorator.py for tasks to queue
[2023-05-26T21:06:01.937+0000] {logging_mixin.py:149} INFO - [2023-05-26T21:06:01.937+0000] {dagbag.py:541} INFO - Filling up the DagBag from /home/airflow/.local/lib/python3.7/site-packages/airflow/example_dags/example_sensor_decorator.py
[2023-05-26T21:06:01.941+0000] {processor.py:836} INFO - DAG(s) dict_keys(['example_sensor_decorator']) retrieved from /home/airflow/.local/lib/python3.7/site-packages/airflow/example_dags/example_sensor_decorator.py
[2023-05-26T21:06:01.960+0000] {logging_mixin.py:149} INFO - [2023-05-26T21:06:01.960+0000] {dag.py:2726} INFO - Sync 1 DAGs
[2023-05-26T21:06:01.975+0000] {logging_mixin.py:149} INFO - [2023-05-26T21:06:01.975+0000] {dag.py:3490} INFO - Setting next_dagrun for example_sensor_decorator to None, run_after=None
[2023-05-26T21:06:01.987+0000] {processor.py:179} INFO - Processing /home/airflow/.local/lib/python3.7/site-packages/airflow/example_dags/example_sensor_decorator.py took 0.055 seconds
[2023-05-26T21:06:34.275+0000] {processor.py:157} INFO - Started process (PID=213) to work on /home/airflow/.local/lib/python3.7/site-packages/airflow/example_dags/example_sensor_decorator.py
[2023-05-26T21:06:34.277+0000] {processor.py:826} INFO - Processing file /home/airflow/.local/lib/python3.7/site-packages/airflow/example_dags/example_sensor_decorator.py for tasks to queue
[2023-05-26T21:06:34.283+0000] {logging_mixin.py:149} INFO - [2023-05-26T21:06:34.283+0000] {dagbag.py:541} INFO - Filling up the DagBag from /home/airflow/.local/lib/python3.7/site-packages/airflow/example_dags/example_sensor_decorator.py
[2023-05-26T21:06:34.294+0000] {processor.py:836} INFO - DAG(s) dict_keys(['example_sensor_decorator']) retrieved from /home/airflow/.local/lib/python3.7/site-packages/airflow/example_dags/example_sensor_decorator.py
[2023-05-26T21:06:34.309+0000] {logging_mixin.py:149} INFO - [2023-05-26T21:06:34.309+0000] {dag.py:2726} INFO - Sync 1 DAGs
[2023-05-26T21:06:34.330+0000] {logging_mixin.py:149} INFO - [2023-05-26T21:06:34.330+0000] {dag.py:3490} INFO - Setting next_dagrun for example_sensor_decorator to None, run_after=None
[2023-05-26T21:06:34.342+0000] {processor.py:179} INFO - Processing /home/airflow/.local/lib/python3.7/site-packages/airflow/example_dags/example_sensor_decorator.py took 0.070 seconds
[2023-05-26T21:07:04.381+0000] {processor.py:157} INFO - Started process (PID=270) to work on /home/airflow/.local/lib/python3.7/site-packages/airflow/example_dags/example_sensor_decorator.py
[2023-05-26T21:07:04.383+0000] {processor.py:826} INFO - Processing file /home/airflow/.local/lib/python3.7/site-packages/airflow/example_dags/example_sensor_decorator.py for tasks to queue
[2023-05-26T21:07:04.383+0000] {logging_mixin.py:149} INFO - [2023-05-26T21:07:04.383+0000] {dagbag.py:541} INFO - Filling up the DagBag from /home/airflow/.local/lib/python3.7/site-packages/airflow/example_dags/example_sensor_decorator.py
[2023-05-26T21:07:04.389+0000] {processor.py:836} INFO - DAG(s) dict_keys(['example_sensor_decorator']) retrieved from /home/airflow/.local/lib/python3.7/site-packages/airflow/example_dags/example_sensor_decorator.py
[2023-05-26T21:07:04.409+0000] {logging_mixin.py:149} INFO - [2023-05-26T21:07:04.409+0000] {dag.py:2726} INFO - Sync 1 DAGs
[2023-05-26T21:07:04.429+0000] {logging_mixin.py:149} INFO - [2023-05-26T21:07:04.429+0000] {dag.py:3490} INFO - Setting next_dagrun for example_sensor_decorator to None, run_after=None
[2023-05-26T21:07:04.440+0000] {processor.py:179} INFO - Processing /home/airflow/.local/lib/python3.7/site-packages/airflow/example_dags/example_sensor_decorator.py took 0.062 seconds
[2023-05-26T21:07:35.103+0000] {processor.py:157} INFO - Started process (PID=326) to work on /home/airflow/.local/lib/python3.7/site-packages/airflow/example_dags/example_sensor_decorator.py
[2023-05-26T21:07:35.105+0000] {processor.py:826} INFO - Processing file /home/airflow/.local/lib/python3.7/site-packages/airflow/example_dags/example_sensor_decorator.py for tasks to queue
[2023-05-26T21:07:35.106+0000] {logging_mixin.py:149} INFO - [2023-05-26T21:07:35.106+0000] {dagbag.py:541} INFO - Filling up the DagBag from /home/airflow/.local/lib/python3.7/site-packages/airflow/example_dags/example_sensor_decorator.py
[2023-05-26T21:07:35.111+0000] {processor.py:836} INFO - DAG(s) dict_keys(['example_sensor_decorator']) retrieved from /home/airflow/.local/lib/python3.7/site-packages/airflow/example_dags/example_sensor_decorator.py
[2023-05-26T21:07:35.133+0000] {logging_mixin.py:149} INFO - [2023-05-26T21:07:35.133+0000] {dag.py:2726} INFO - Sync 1 DAGs
[2023-05-26T21:07:35.151+0000] {logging_mixin.py:149} INFO - [2023-05-26T21:07:35.151+0000] {dag.py:3490} INFO - Setting next_dagrun for example_sensor_decorator to None, run_after=None
[2023-05-26T21:07:35.164+0000] {processor.py:179} INFO - Processing /home/airflow/.local/lib/python3.7/site-packages/airflow/example_dags/example_sensor_decorator.py took 0.064 seconds
[2023-05-26T21:08:05.556+0000] {processor.py:157} INFO - Started process (PID=382) to work on /home/airflow/.local/lib/python3.7/site-packages/airflow/example_dags/example_sensor_decorator.py
[2023-05-26T21:08:05.558+0000] {processor.py:826} INFO - Processing file /home/airflow/.local/lib/python3.7/site-packages/airflow/example_dags/example_sensor_decorator.py for tasks to queue
[2023-05-26T21:08:05.559+0000] {logging_mixin.py:149} INFO - [2023-05-26T21:08:05.559+0000] {dagbag.py:541} INFO - Filling up the DagBag from /home/airflow/.local/lib/python3.7/site-packages/airflow/example_dags/example_sensor_decorator.py
[2023-05-26T21:08:05.564+0000] {processor.py:836} INFO - DAG(s) dict_keys(['example_sensor_decorator']) retrieved from /home/airflow/.local/lib/python3.7/site-packages/airflow/example_dags/example_sensor_decorator.py
[2023-05-26T21:08:05.585+0000] {logging_mixin.py:149} INFO - [2023-05-26T21:08:05.585+0000] {dag.py:2726} INFO - Sync 1 DAGs
[2023-05-26T21:08:05.600+0000] {logging_mixin.py:149} INFO - [2023-05-26T21:08:05.600+0000] {dag.py:3490} INFO - Setting next_dagrun for example_sensor_decorator to None, run_after=None
[2023-05-26T21:08:05.612+0000] {processor.py:179} INFO - Processing /home/airflow/.local/lib/python3.7/site-packages/airflow/example_dags/example_sensor_decorator.py took 0.058 seconds
