[2023-05-26T20:28:36.112+0000] {processor.py:157} INFO - Started process (PID=69) to work on /home/airflow/.local/lib/python3.7/site-packages/airflow/example_dags/example_skip_dag.py
[2023-05-26T20:28:36.114+0000] {processor.py:826} INFO - Processing file /home/airflow/.local/lib/python3.7/site-packages/airflow/example_dags/example_skip_dag.py for tasks to queue
[2023-05-26T20:28:36.115+0000] {logging_mixin.py:149} INFO - [2023-05-26T20:28:36.114+0000] {dagbag.py:541} INFO - Filling up the DagBag from /home/airflow/.local/lib/python3.7/site-packages/airflow/example_dags/example_skip_dag.py
[2023-05-26T20:28:36.121+0000] {processor.py:836} INFO - DAG(s) dict_keys(['example_skip_dag']) retrieved from /home/airflow/.local/lib/python3.7/site-packages/airflow/example_dags/example_skip_dag.py
[2023-05-26T20:28:36.189+0000] {logging_mixin.py:149} INFO - [2023-05-26T20:28:36.189+0000] {manager.py:504} INFO - Created Permission View: can delete on DAG:example_skip_dag
[2023-05-26T20:28:36.195+0000] {logging_mixin.py:149} INFO - [2023-05-26T20:28:36.195+0000] {manager.py:504} INFO - Created Permission View: can read on DAG:example_skip_dag
[2023-05-26T20:28:36.200+0000] {logging_mixin.py:149} INFO - [2023-05-26T20:28:36.199+0000] {manager.py:504} INFO - Created Permission View: can edit on DAG:example_skip_dag
[2023-05-26T20:28:36.200+0000] {logging_mixin.py:149} INFO - [2023-05-26T20:28:36.200+0000] {dag.py:2726} INFO - Sync 1 DAGs
[2023-05-26T20:28:36.208+0000] {logging_mixin.py:149} INFO - [2023-05-26T20:28:36.208+0000] {dag.py:2747} INFO - Creating ORM DAG for example_skip_dag
[2023-05-26T20:28:36.215+0000] {logging_mixin.py:149} INFO - [2023-05-26T20:28:36.215+0000] {dag.py:3490} INFO - Setting next_dagrun for example_skip_dag to 2023-05-25T20:28:36.215364+00:00, run_after=2023-05-26T20:28:36.215364+00:00
[2023-05-26T20:28:36.230+0000] {processor.py:179} INFO - Processing /home/airflow/.local/lib/python3.7/site-packages/airflow/example_dags/example_skip_dag.py took 0.120 seconds
[2023-05-26T20:29:06.854+0000] {processor.py:157} INFO - Started process (PID=124) to work on /home/airflow/.local/lib/python3.7/site-packages/airflow/example_dags/example_skip_dag.py
[2023-05-26T20:29:06.856+0000] {processor.py:826} INFO - Processing file /home/airflow/.local/lib/python3.7/site-packages/airflow/example_dags/example_skip_dag.py for tasks to queue
[2023-05-26T20:29:06.857+0000] {logging_mixin.py:149} INFO - [2023-05-26T20:29:06.857+0000] {dagbag.py:541} INFO - Filling up the DagBag from /home/airflow/.local/lib/python3.7/site-packages/airflow/example_dags/example_skip_dag.py
[2023-05-26T20:29:06.863+0000] {processor.py:836} INFO - DAG(s) dict_keys(['example_skip_dag']) retrieved from /home/airflow/.local/lib/python3.7/site-packages/airflow/example_dags/example_skip_dag.py
[2023-05-26T20:29:06.883+0000] {logging_mixin.py:149} INFO - [2023-05-26T20:29:06.883+0000] {dag.py:2726} INFO - Sync 1 DAGs
[2023-05-26T20:29:06.900+0000] {logging_mixin.py:149} INFO - [2023-05-26T20:29:06.900+0000] {dag.py:3490} INFO - Setting next_dagrun for example_skip_dag to 2023-05-25T20:29:06.900322+00:00, run_after=2023-05-26T20:29:06.900322+00:00
[2023-05-26T20:29:06.912+0000] {processor.py:179} INFO - Processing /home/airflow/.local/lib/python3.7/site-packages/airflow/example_dags/example_skip_dag.py took 0.061 seconds
[2023-05-26T20:29:37.598+0000] {processor.py:157} INFO - Started process (PID=180) to work on /home/airflow/.local/lib/python3.7/site-packages/airflow/example_dags/example_skip_dag.py
[2023-05-26T20:29:37.599+0000] {processor.py:826} INFO - Processing file /home/airflow/.local/lib/python3.7/site-packages/airflow/example_dags/example_skip_dag.py for tasks to queue
[2023-05-26T20:29:37.600+0000] {logging_mixin.py:149} INFO - [2023-05-26T20:29:37.600+0000] {dagbag.py:541} INFO - Filling up the DagBag from /home/airflow/.local/lib/python3.7/site-packages/airflow/example_dags/example_skip_dag.py
[2023-05-26T20:29:37.606+0000] {processor.py:836} INFO - DAG(s) dict_keys(['example_skip_dag']) retrieved from /home/airflow/.local/lib/python3.7/site-packages/airflow/example_dags/example_skip_dag.py
[2023-05-26T20:29:37.625+0000] {logging_mixin.py:149} INFO - [2023-05-26T20:29:37.625+0000] {dag.py:2726} INFO - Sync 1 DAGs
[2023-05-26T20:29:37.641+0000] {logging_mixin.py:149} INFO - [2023-05-26T20:29:37.641+0000] {dag.py:3490} INFO - Setting next_dagrun for example_skip_dag to 2023-05-25T20:29:37.641103+00:00, run_after=2023-05-26T20:29:37.641103+00:00
[2023-05-26T20:29:37.652+0000] {processor.py:179} INFO - Processing /home/airflow/.local/lib/python3.7/site-packages/airflow/example_dags/example_skip_dag.py took 0.057 seconds
[2023-05-26T20:30:08.032+0000] {processor.py:157} INFO - Started process (PID=236) to work on /home/airflow/.local/lib/python3.7/site-packages/airflow/example_dags/example_skip_dag.py
[2023-05-26T20:30:08.034+0000] {processor.py:826} INFO - Processing file /home/airflow/.local/lib/python3.7/site-packages/airflow/example_dags/example_skip_dag.py for tasks to queue
[2023-05-26T20:30:08.035+0000] {logging_mixin.py:149} INFO - [2023-05-26T20:30:08.035+0000] {dagbag.py:541} INFO - Filling up the DagBag from /home/airflow/.local/lib/python3.7/site-packages/airflow/example_dags/example_skip_dag.py
[2023-05-26T20:30:08.041+0000] {processor.py:836} INFO - DAG(s) dict_keys(['example_skip_dag']) retrieved from /home/airflow/.local/lib/python3.7/site-packages/airflow/example_dags/example_skip_dag.py
[2023-05-26T20:30:08.062+0000] {logging_mixin.py:149} INFO - [2023-05-26T20:30:08.062+0000] {dag.py:2726} INFO - Sync 1 DAGs
[2023-05-26T20:30:08.081+0000] {logging_mixin.py:149} INFO - [2023-05-26T20:30:08.081+0000] {dag.py:3490} INFO - Setting next_dagrun for example_skip_dag to 2023-05-25T20:30:08.080710+00:00, run_after=2023-05-26T20:30:08.080710+00:00
[2023-05-26T20:30:08.096+0000] {processor.py:179} INFO - Processing /home/airflow/.local/lib/python3.7/site-packages/airflow/example_dags/example_skip_dag.py took 0.066 seconds
[2023-05-26T20:30:38.385+0000] {processor.py:157} INFO - Started process (PID=292) to work on /home/airflow/.local/lib/python3.7/site-packages/airflow/example_dags/example_skip_dag.py
[2023-05-26T20:30:38.387+0000] {processor.py:826} INFO - Processing file /home/airflow/.local/lib/python3.7/site-packages/airflow/example_dags/example_skip_dag.py for tasks to queue
[2023-05-26T20:30:38.388+0000] {logging_mixin.py:149} INFO - [2023-05-26T20:30:38.388+0000] {dagbag.py:541} INFO - Filling up the DagBag from /home/airflow/.local/lib/python3.7/site-packages/airflow/example_dags/example_skip_dag.py
[2023-05-26T20:30:38.394+0000] {processor.py:836} INFO - DAG(s) dict_keys(['example_skip_dag']) retrieved from /home/airflow/.local/lib/python3.7/site-packages/airflow/example_dags/example_skip_dag.py
[2023-05-26T20:30:38.414+0000] {logging_mixin.py:149} INFO - [2023-05-26T20:30:38.414+0000] {dag.py:2726} INFO - Sync 1 DAGs
[2023-05-26T20:30:38.431+0000] {logging_mixin.py:149} INFO - [2023-05-26T20:30:38.431+0000] {dag.py:3490} INFO - Setting next_dagrun for example_skip_dag to 2023-05-25T20:30:38.430830+00:00, run_after=2023-05-26T20:30:38.430830+00:00
[2023-05-26T20:30:38.443+0000] {processor.py:179} INFO - Processing /home/airflow/.local/lib/python3.7/site-packages/airflow/example_dags/example_skip_dag.py took 0.060 seconds
[2023-05-26T20:31:09.073+0000] {processor.py:157} INFO - Started process (PID=348) to work on /home/airflow/.local/lib/python3.7/site-packages/airflow/example_dags/example_skip_dag.py
[2023-05-26T20:31:09.076+0000] {processor.py:826} INFO - Processing file /home/airflow/.local/lib/python3.7/site-packages/airflow/example_dags/example_skip_dag.py for tasks to queue
[2023-05-26T20:31:09.078+0000] {logging_mixin.py:149} INFO - [2023-05-26T20:31:09.078+0000] {dagbag.py:541} INFO - Filling up the DagBag from /home/airflow/.local/lib/python3.7/site-packages/airflow/example_dags/example_skip_dag.py
[2023-05-26T20:31:09.084+0000] {processor.py:836} INFO - DAG(s) dict_keys(['example_skip_dag']) retrieved from /home/airflow/.local/lib/python3.7/site-packages/airflow/example_dags/example_skip_dag.py
[2023-05-26T20:31:09.103+0000] {logging_mixin.py:149} INFO - [2023-05-26T20:31:09.103+0000] {dag.py:2726} INFO - Sync 1 DAGs
[2023-05-26T20:31:09.120+0000] {logging_mixin.py:149} INFO - [2023-05-26T20:31:09.120+0000] {dag.py:3490} INFO - Setting next_dagrun for example_skip_dag to 2023-05-25T20:31:09.119833+00:00, run_after=2023-05-26T20:31:09.119833+00:00
[2023-05-26T20:31:09.132+0000] {processor.py:179} INFO - Processing /home/airflow/.local/lib/python3.7/site-packages/airflow/example_dags/example_skip_dag.py took 0.061 seconds
[2023-05-26T20:31:39.637+0000] {processor.py:157} INFO - Started process (PID=404) to work on /home/airflow/.local/lib/python3.7/site-packages/airflow/example_dags/example_skip_dag.py
[2023-05-26T20:31:39.639+0000] {processor.py:826} INFO - Processing file /home/airflow/.local/lib/python3.7/site-packages/airflow/example_dags/example_skip_dag.py for tasks to queue
[2023-05-26T20:31:39.640+0000] {logging_mixin.py:149} INFO - [2023-05-26T20:31:39.640+0000] {dagbag.py:541} INFO - Filling up the DagBag from /home/airflow/.local/lib/python3.7/site-packages/airflow/example_dags/example_skip_dag.py
[2023-05-26T20:31:39.646+0000] {processor.py:836} INFO - DAG(s) dict_keys(['example_skip_dag']) retrieved from /home/airflow/.local/lib/python3.7/site-packages/airflow/example_dags/example_skip_dag.py
[2023-05-26T20:31:39.667+0000] {logging_mixin.py:149} INFO - [2023-05-26T20:31:39.667+0000] {dag.py:2726} INFO - Sync 1 DAGs
[2023-05-26T20:31:39.683+0000] {logging_mixin.py:149} INFO - [2023-05-26T20:31:39.683+0000] {dag.py:3490} INFO - Setting next_dagrun for example_skip_dag to 2023-05-25T20:31:39.683289+00:00, run_after=2023-05-26T20:31:39.683289+00:00
[2023-05-26T20:31:39.697+0000] {processor.py:179} INFO - Processing /home/airflow/.local/lib/python3.7/site-packages/airflow/example_dags/example_skip_dag.py took 0.062 seconds
[2023-05-26T20:32:09.899+0000] {processor.py:157} INFO - Started process (PID=460) to work on /home/airflow/.local/lib/python3.7/site-packages/airflow/example_dags/example_skip_dag.py
[2023-05-26T20:32:09.901+0000] {processor.py:826} INFO - Processing file /home/airflow/.local/lib/python3.7/site-packages/airflow/example_dags/example_skip_dag.py for tasks to queue
[2023-05-26T20:32:09.902+0000] {logging_mixin.py:149} INFO - [2023-05-26T20:32:09.902+0000] {dagbag.py:541} INFO - Filling up the DagBag from /home/airflow/.local/lib/python3.7/site-packages/airflow/example_dags/example_skip_dag.py
[2023-05-26T20:32:09.907+0000] {processor.py:836} INFO - DAG(s) dict_keys(['example_skip_dag']) retrieved from /home/airflow/.local/lib/python3.7/site-packages/airflow/example_dags/example_skip_dag.py
[2023-05-26T20:32:09.926+0000] {logging_mixin.py:149} INFO - [2023-05-26T20:32:09.926+0000] {dag.py:2726} INFO - Sync 1 DAGs
[2023-05-26T20:32:09.943+0000] {logging_mixin.py:149} INFO - [2023-05-26T20:32:09.943+0000] {dag.py:3490} INFO - Setting next_dagrun for example_skip_dag to 2023-05-25T20:32:09.942844+00:00, run_after=2023-05-26T20:32:09.942844+00:00
[2023-05-26T20:32:09.955+0000] {processor.py:179} INFO - Processing /home/airflow/.local/lib/python3.7/site-packages/airflow/example_dags/example_skip_dag.py took 0.059 seconds
[2023-05-26T20:32:40.404+0000] {processor.py:157} INFO - Started process (PID=516) to work on /home/airflow/.local/lib/python3.7/site-packages/airflow/example_dags/example_skip_dag.py
[2023-05-26T20:32:40.408+0000] {processor.py:826} INFO - Processing file /home/airflow/.local/lib/python3.7/site-packages/airflow/example_dags/example_skip_dag.py for tasks to queue
[2023-05-26T20:32:40.409+0000] {logging_mixin.py:149} INFO - [2023-05-26T20:32:40.409+0000] {dagbag.py:541} INFO - Filling up the DagBag from /home/airflow/.local/lib/python3.7/site-packages/airflow/example_dags/example_skip_dag.py
[2023-05-26T20:32:40.418+0000] {processor.py:836} INFO - DAG(s) dict_keys(['example_skip_dag']) retrieved from /home/airflow/.local/lib/python3.7/site-packages/airflow/example_dags/example_skip_dag.py
[2023-05-26T20:32:40.441+0000] {logging_mixin.py:149} INFO - [2023-05-26T20:32:40.441+0000] {dag.py:2726} INFO - Sync 1 DAGs
[2023-05-26T20:32:40.460+0000] {logging_mixin.py:149} INFO - [2023-05-26T20:32:40.459+0000] {dag.py:3490} INFO - Setting next_dagrun for example_skip_dag to 2023-05-25T20:32:40.459746+00:00, run_after=2023-05-26T20:32:40.459746+00:00
[2023-05-26T20:32:40.473+0000] {processor.py:179} INFO - Processing /home/airflow/.local/lib/python3.7/site-packages/airflow/example_dags/example_skip_dag.py took 0.071 seconds
[2023-05-26T20:33:10.881+0000] {processor.py:157} INFO - Started process (PID=572) to work on /home/airflow/.local/lib/python3.7/site-packages/airflow/example_dags/example_skip_dag.py
[2023-05-26T20:33:10.883+0000] {processor.py:826} INFO - Processing file /home/airflow/.local/lib/python3.7/site-packages/airflow/example_dags/example_skip_dag.py for tasks to queue
[2023-05-26T20:33:10.884+0000] {logging_mixin.py:149} INFO - [2023-05-26T20:33:10.884+0000] {dagbag.py:541} INFO - Filling up the DagBag from /home/airflow/.local/lib/python3.7/site-packages/airflow/example_dags/example_skip_dag.py
[2023-05-26T20:33:10.890+0000] {processor.py:836} INFO - DAG(s) dict_keys(['example_skip_dag']) retrieved from /home/airflow/.local/lib/python3.7/site-packages/airflow/example_dags/example_skip_dag.py
[2023-05-26T20:33:10.915+0000] {logging_mixin.py:149} INFO - [2023-05-26T20:33:10.915+0000] {dag.py:2726} INFO - Sync 1 DAGs
[2023-05-26T20:33:10.934+0000] {logging_mixin.py:149} INFO - [2023-05-26T20:33:10.933+0000] {dag.py:3490} INFO - Setting next_dagrun for example_skip_dag to 2023-05-25T20:33:10.933729+00:00, run_after=2023-05-26T20:33:10.933729+00:00
[2023-05-26T20:33:10.953+0000] {processor.py:179} INFO - Processing /home/airflow/.local/lib/python3.7/site-packages/airflow/example_dags/example_skip_dag.py took 0.075 seconds
[2023-05-26T20:33:41.423+0000] {processor.py:157} INFO - Started process (PID=628) to work on /home/airflow/.local/lib/python3.7/site-packages/airflow/example_dags/example_skip_dag.py
[2023-05-26T20:33:41.425+0000] {processor.py:826} INFO - Processing file /home/airflow/.local/lib/python3.7/site-packages/airflow/example_dags/example_skip_dag.py for tasks to queue
[2023-05-26T20:33:41.426+0000] {logging_mixin.py:149} INFO - [2023-05-26T20:33:41.426+0000] {dagbag.py:541} INFO - Filling up the DagBag from /home/airflow/.local/lib/python3.7/site-packages/airflow/example_dags/example_skip_dag.py
[2023-05-26T20:33:41.432+0000] {processor.py:836} INFO - DAG(s) dict_keys(['example_skip_dag']) retrieved from /home/airflow/.local/lib/python3.7/site-packages/airflow/example_dags/example_skip_dag.py
[2023-05-26T20:33:41.452+0000] {logging_mixin.py:149} INFO - [2023-05-26T20:33:41.452+0000] {dag.py:2726} INFO - Sync 1 DAGs
[2023-05-26T20:33:41.469+0000] {logging_mixin.py:149} INFO - [2023-05-26T20:33:41.469+0000] {dag.py:3490} INFO - Setting next_dagrun for example_skip_dag to 2023-05-25T20:33:41.469080+00:00, run_after=2023-05-26T20:33:41.469080+00:00
[2023-05-26T20:33:41.480+0000] {processor.py:179} INFO - Processing /home/airflow/.local/lib/python3.7/site-packages/airflow/example_dags/example_skip_dag.py took 0.060 seconds
[2023-05-26T20:34:11.915+0000] {processor.py:157} INFO - Started process (PID=684) to work on /home/airflow/.local/lib/python3.7/site-packages/airflow/example_dags/example_skip_dag.py
[2023-05-26T20:34:11.917+0000] {processor.py:826} INFO - Processing file /home/airflow/.local/lib/python3.7/site-packages/airflow/example_dags/example_skip_dag.py for tasks to queue
[2023-05-26T20:34:11.918+0000] {logging_mixin.py:149} INFO - [2023-05-26T20:34:11.918+0000] {dagbag.py:541} INFO - Filling up the DagBag from /home/airflow/.local/lib/python3.7/site-packages/airflow/example_dags/example_skip_dag.py
[2023-05-26T20:34:11.924+0000] {processor.py:836} INFO - DAG(s) dict_keys(['example_skip_dag']) retrieved from /home/airflow/.local/lib/python3.7/site-packages/airflow/example_dags/example_skip_dag.py
[2023-05-26T20:34:11.944+0000] {logging_mixin.py:149} INFO - [2023-05-26T20:34:11.944+0000] {dag.py:2726} INFO - Sync 1 DAGs
[2023-05-26T20:34:11.960+0000] {logging_mixin.py:149} INFO - [2023-05-26T20:34:11.960+0000] {dag.py:3490} INFO - Setting next_dagrun for example_skip_dag to 2023-05-25T20:34:11.959921+00:00, run_after=2023-05-26T20:34:11.959921+00:00
[2023-05-26T20:34:11.972+0000] {processor.py:179} INFO - Processing /home/airflow/.local/lib/python3.7/site-packages/airflow/example_dags/example_skip_dag.py took 0.060 seconds
[2023-05-26T20:34:42.348+0000] {processor.py:157} INFO - Started process (PID=740) to work on /home/airflow/.local/lib/python3.7/site-packages/airflow/example_dags/example_skip_dag.py
[2023-05-26T20:34:42.350+0000] {processor.py:826} INFO - Processing file /home/airflow/.local/lib/python3.7/site-packages/airflow/example_dags/example_skip_dag.py for tasks to queue
[2023-05-26T20:34:42.351+0000] {logging_mixin.py:149} INFO - [2023-05-26T20:34:42.351+0000] {dagbag.py:541} INFO - Filling up the DagBag from /home/airflow/.local/lib/python3.7/site-packages/airflow/example_dags/example_skip_dag.py
[2023-05-26T20:34:42.356+0000] {processor.py:836} INFO - DAG(s) dict_keys(['example_skip_dag']) retrieved from /home/airflow/.local/lib/python3.7/site-packages/airflow/example_dags/example_skip_dag.py
[2023-05-26T20:34:42.376+0000] {logging_mixin.py:149} INFO - [2023-05-26T20:34:42.376+0000] {dag.py:2726} INFO - Sync 1 DAGs
[2023-05-26T20:34:42.392+0000] {logging_mixin.py:149} INFO - [2023-05-26T20:34:42.392+0000] {dag.py:3490} INFO - Setting next_dagrun for example_skip_dag to 2023-05-25T20:34:42.392474+00:00, run_after=2023-05-26T20:34:42.392474+00:00
[2023-05-26T20:34:42.404+0000] {processor.py:179} INFO - Processing /home/airflow/.local/lib/python3.7/site-packages/airflow/example_dags/example_skip_dag.py took 0.059 seconds
[2023-05-26T20:35:12.757+0000] {processor.py:157} INFO - Started process (PID=797) to work on /home/airflow/.local/lib/python3.7/site-packages/airflow/example_dags/example_skip_dag.py
[2023-05-26T20:35:12.759+0000] {processor.py:826} INFO - Processing file /home/airflow/.local/lib/python3.7/site-packages/airflow/example_dags/example_skip_dag.py for tasks to queue
[2023-05-26T20:35:12.760+0000] {logging_mixin.py:149} INFO - [2023-05-26T20:35:12.760+0000] {dagbag.py:541} INFO - Filling up the DagBag from /home/airflow/.local/lib/python3.7/site-packages/airflow/example_dags/example_skip_dag.py
[2023-05-26T20:35:12.766+0000] {processor.py:836} INFO - DAG(s) dict_keys(['example_skip_dag']) retrieved from /home/airflow/.local/lib/python3.7/site-packages/airflow/example_dags/example_skip_dag.py
[2023-05-26T20:35:12.800+0000] {logging_mixin.py:149} INFO - [2023-05-26T20:35:12.800+0000] {dag.py:2726} INFO - Sync 1 DAGs
[2023-05-26T20:35:12.821+0000] {logging_mixin.py:149} INFO - [2023-05-26T20:35:12.821+0000] {dag.py:3490} INFO - Setting next_dagrun for example_skip_dag to 2023-05-25T20:35:12.821449+00:00, run_after=2023-05-26T20:35:12.821449+00:00
[2023-05-26T20:35:12.836+0000] {processor.py:179} INFO - Processing /home/airflow/.local/lib/python3.7/site-packages/airflow/example_dags/example_skip_dag.py took 0.082 seconds
[2023-05-26T20:35:43.204+0000] {processor.py:157} INFO - Started process (PID=853) to work on /home/airflow/.local/lib/python3.7/site-packages/airflow/example_dags/example_skip_dag.py
[2023-05-26T20:35:43.206+0000] {processor.py:826} INFO - Processing file /home/airflow/.local/lib/python3.7/site-packages/airflow/example_dags/example_skip_dag.py for tasks to queue
[2023-05-26T20:35:43.207+0000] {logging_mixin.py:149} INFO - [2023-05-26T20:35:43.207+0000] {dagbag.py:541} INFO - Filling up the DagBag from /home/airflow/.local/lib/python3.7/site-packages/airflow/example_dags/example_skip_dag.py
[2023-05-26T20:35:43.213+0000] {processor.py:836} INFO - DAG(s) dict_keys(['example_skip_dag']) retrieved from /home/airflow/.local/lib/python3.7/site-packages/airflow/example_dags/example_skip_dag.py
[2023-05-26T20:35:43.231+0000] {logging_mixin.py:149} INFO - [2023-05-26T20:35:43.231+0000] {dag.py:2726} INFO - Sync 1 DAGs
[2023-05-26T20:35:43.246+0000] {logging_mixin.py:149} INFO - [2023-05-26T20:35:43.246+0000] {dag.py:3490} INFO - Setting next_dagrun for example_skip_dag to 2023-05-25T20:35:43.246252+00:00, run_after=2023-05-26T20:35:43.246252+00:00
[2023-05-26T20:35:43.260+0000] {processor.py:179} INFO - Processing /home/airflow/.local/lib/python3.7/site-packages/airflow/example_dags/example_skip_dag.py took 0.059 seconds
[2023-05-26T20:36:13.597+0000] {processor.py:157} INFO - Started process (PID=909) to work on /home/airflow/.local/lib/python3.7/site-packages/airflow/example_dags/example_skip_dag.py
[2023-05-26T20:36:13.598+0000] {processor.py:826} INFO - Processing file /home/airflow/.local/lib/python3.7/site-packages/airflow/example_dags/example_skip_dag.py for tasks to queue
[2023-05-26T20:36:13.599+0000] {logging_mixin.py:149} INFO - [2023-05-26T20:36:13.599+0000] {dagbag.py:541} INFO - Filling up the DagBag from /home/airflow/.local/lib/python3.7/site-packages/airflow/example_dags/example_skip_dag.py
[2023-05-26T20:36:13.605+0000] {processor.py:836} INFO - DAG(s) dict_keys(['example_skip_dag']) retrieved from /home/airflow/.local/lib/python3.7/site-packages/airflow/example_dags/example_skip_dag.py
[2023-05-26T20:36:13.624+0000] {logging_mixin.py:149} INFO - [2023-05-26T20:36:13.624+0000] {dag.py:2726} INFO - Sync 1 DAGs
[2023-05-26T20:36:13.641+0000] {logging_mixin.py:149} INFO - [2023-05-26T20:36:13.641+0000] {dag.py:3490} INFO - Setting next_dagrun for example_skip_dag to 2023-05-25T20:36:13.641376+00:00, run_after=2023-05-26T20:36:13.641376+00:00
[2023-05-26T20:36:13.653+0000] {processor.py:179} INFO - Processing /home/airflow/.local/lib/python3.7/site-packages/airflow/example_dags/example_skip_dag.py took 0.059 seconds
[2023-05-26T20:36:43.928+0000] {processor.py:157} INFO - Started process (PID=965) to work on /home/airflow/.local/lib/python3.7/site-packages/airflow/example_dags/example_skip_dag.py
[2023-05-26T20:36:43.930+0000] {processor.py:826} INFO - Processing file /home/airflow/.local/lib/python3.7/site-packages/airflow/example_dags/example_skip_dag.py for tasks to queue
[2023-05-26T20:36:43.931+0000] {logging_mixin.py:149} INFO - [2023-05-26T20:36:43.931+0000] {dagbag.py:541} INFO - Filling up the DagBag from /home/airflow/.local/lib/python3.7/site-packages/airflow/example_dags/example_skip_dag.py
[2023-05-26T20:36:43.936+0000] {processor.py:836} INFO - DAG(s) dict_keys(['example_skip_dag']) retrieved from /home/airflow/.local/lib/python3.7/site-packages/airflow/example_dags/example_skip_dag.py
[2023-05-26T20:36:43.958+0000] {logging_mixin.py:149} INFO - [2023-05-26T20:36:43.958+0000] {dag.py:2726} INFO - Sync 1 DAGs
[2023-05-26T20:36:43.975+0000] {logging_mixin.py:149} INFO - [2023-05-26T20:36:43.975+0000] {dag.py:3490} INFO - Setting next_dagrun for example_skip_dag to 2023-05-25T20:36:43.975348+00:00, run_after=2023-05-26T20:36:43.975348+00:00
[2023-05-26T20:36:43.988+0000] {processor.py:179} INFO - Processing /home/airflow/.local/lib/python3.7/site-packages/airflow/example_dags/example_skip_dag.py took 0.062 seconds
[2023-05-26T20:37:14.264+0000] {processor.py:157} INFO - Started process (PID=1021) to work on /home/airflow/.local/lib/python3.7/site-packages/airflow/example_dags/example_skip_dag.py
[2023-05-26T20:37:14.266+0000] {processor.py:826} INFO - Processing file /home/airflow/.local/lib/python3.7/site-packages/airflow/example_dags/example_skip_dag.py for tasks to queue
[2023-05-26T20:37:14.267+0000] {logging_mixin.py:149} INFO - [2023-05-26T20:37:14.267+0000] {dagbag.py:541} INFO - Filling up the DagBag from /home/airflow/.local/lib/python3.7/site-packages/airflow/example_dags/example_skip_dag.py
[2023-05-26T20:37:14.272+0000] {processor.py:836} INFO - DAG(s) dict_keys(['example_skip_dag']) retrieved from /home/airflow/.local/lib/python3.7/site-packages/airflow/example_dags/example_skip_dag.py
[2023-05-26T20:37:14.290+0000] {logging_mixin.py:149} INFO - [2023-05-26T20:37:14.290+0000] {dag.py:2726} INFO - Sync 1 DAGs
[2023-05-26T20:37:14.307+0000] {logging_mixin.py:149} INFO - [2023-05-26T20:37:14.306+0000] {dag.py:3490} INFO - Setting next_dagrun for example_skip_dag to 2023-05-25T20:37:14.306734+00:00, run_after=2023-05-26T20:37:14.306734+00:00
[2023-05-26T20:37:14.320+0000] {processor.py:179} INFO - Processing /home/airflow/.local/lib/python3.7/site-packages/airflow/example_dags/example_skip_dag.py took 0.058 seconds
[2023-05-26T20:37:44.583+0000] {processor.py:157} INFO - Started process (PID=1077) to work on /home/airflow/.local/lib/python3.7/site-packages/airflow/example_dags/example_skip_dag.py
[2023-05-26T20:37:44.585+0000] {processor.py:826} INFO - Processing file /home/airflow/.local/lib/python3.7/site-packages/airflow/example_dags/example_skip_dag.py for tasks to queue
[2023-05-26T20:37:44.586+0000] {logging_mixin.py:149} INFO - [2023-05-26T20:37:44.586+0000] {dagbag.py:541} INFO - Filling up the DagBag from /home/airflow/.local/lib/python3.7/site-packages/airflow/example_dags/example_skip_dag.py
[2023-05-26T20:37:44.592+0000] {processor.py:836} INFO - DAG(s) dict_keys(['example_skip_dag']) retrieved from /home/airflow/.local/lib/python3.7/site-packages/airflow/example_dags/example_skip_dag.py
[2023-05-26T20:37:44.613+0000] {logging_mixin.py:149} INFO - [2023-05-26T20:37:44.612+0000] {dag.py:2726} INFO - Sync 1 DAGs
[2023-05-26T20:37:44.628+0000] {logging_mixin.py:149} INFO - [2023-05-26T20:37:44.628+0000] {dag.py:3490} INFO - Setting next_dagrun for example_skip_dag to 2023-05-25T20:37:44.628534+00:00, run_after=2023-05-26T20:37:44.628534+00:00
[2023-05-26T20:37:44.641+0000] {processor.py:179} INFO - Processing /home/airflow/.local/lib/python3.7/site-packages/airflow/example_dags/example_skip_dag.py took 0.060 seconds
[2023-05-26T20:38:14.847+0000] {processor.py:157} INFO - Started process (PID=1133) to work on /home/airflow/.local/lib/python3.7/site-packages/airflow/example_dags/example_skip_dag.py
[2023-05-26T20:38:14.848+0000] {processor.py:826} INFO - Processing file /home/airflow/.local/lib/python3.7/site-packages/airflow/example_dags/example_skip_dag.py for tasks to queue
[2023-05-26T20:38:14.849+0000] {logging_mixin.py:149} INFO - [2023-05-26T20:38:14.849+0000] {dagbag.py:541} INFO - Filling up the DagBag from /home/airflow/.local/lib/python3.7/site-packages/airflow/example_dags/example_skip_dag.py
[2023-05-26T20:38:14.854+0000] {processor.py:836} INFO - DAG(s) dict_keys(['example_skip_dag']) retrieved from /home/airflow/.local/lib/python3.7/site-packages/airflow/example_dags/example_skip_dag.py
[2023-05-26T20:38:14.874+0000] {logging_mixin.py:149} INFO - [2023-05-26T20:38:14.874+0000] {dag.py:2726} INFO - Sync 1 DAGs
[2023-05-26T20:38:14.889+0000] {logging_mixin.py:149} INFO - [2023-05-26T20:38:14.889+0000] {dag.py:3490} INFO - Setting next_dagrun for example_skip_dag to 2023-05-25T20:38:14.888866+00:00, run_after=2023-05-26T20:38:14.888866+00:00
[2023-05-26T20:38:14.901+0000] {processor.py:179} INFO - Processing /home/airflow/.local/lib/python3.7/site-packages/airflow/example_dags/example_skip_dag.py took 0.056 seconds
[2023-05-26T20:38:45.231+0000] {processor.py:157} INFO - Started process (PID=1189) to work on /home/airflow/.local/lib/python3.7/site-packages/airflow/example_dags/example_skip_dag.py
[2023-05-26T20:38:45.233+0000] {processor.py:826} INFO - Processing file /home/airflow/.local/lib/python3.7/site-packages/airflow/example_dags/example_skip_dag.py for tasks to queue
[2023-05-26T20:38:45.234+0000] {logging_mixin.py:149} INFO - [2023-05-26T20:38:45.234+0000] {dagbag.py:541} INFO - Filling up the DagBag from /home/airflow/.local/lib/python3.7/site-packages/airflow/example_dags/example_skip_dag.py
[2023-05-26T20:38:45.240+0000] {processor.py:836} INFO - DAG(s) dict_keys(['example_skip_dag']) retrieved from /home/airflow/.local/lib/python3.7/site-packages/airflow/example_dags/example_skip_dag.py
[2023-05-26T20:38:45.260+0000] {logging_mixin.py:149} INFO - [2023-05-26T20:38:45.260+0000] {dag.py:2726} INFO - Sync 1 DAGs
[2023-05-26T20:38:45.277+0000] {logging_mixin.py:149} INFO - [2023-05-26T20:38:45.277+0000] {dag.py:3490} INFO - Setting next_dagrun for example_skip_dag to 2023-05-25T20:38:45.276965+00:00, run_after=2023-05-26T20:38:45.276965+00:00
[2023-05-26T20:38:45.288+0000] {processor.py:179} INFO - Processing /home/airflow/.local/lib/python3.7/site-packages/airflow/example_dags/example_skip_dag.py took 0.059 seconds
[2023-05-26T20:39:15.568+0000] {processor.py:157} INFO - Started process (PID=1245) to work on /home/airflow/.local/lib/python3.7/site-packages/airflow/example_dags/example_skip_dag.py
[2023-05-26T20:39:15.569+0000] {processor.py:826} INFO - Processing file /home/airflow/.local/lib/python3.7/site-packages/airflow/example_dags/example_skip_dag.py for tasks to queue
[2023-05-26T20:39:15.570+0000] {logging_mixin.py:149} INFO - [2023-05-26T20:39:15.570+0000] {dagbag.py:541} INFO - Filling up the DagBag from /home/airflow/.local/lib/python3.7/site-packages/airflow/example_dags/example_skip_dag.py
[2023-05-26T20:39:15.576+0000] {processor.py:836} INFO - DAG(s) dict_keys(['example_skip_dag']) retrieved from /home/airflow/.local/lib/python3.7/site-packages/airflow/example_dags/example_skip_dag.py
[2023-05-26T20:39:15.595+0000] {logging_mixin.py:149} INFO - [2023-05-26T20:39:15.595+0000] {dag.py:2726} INFO - Sync 1 DAGs
[2023-05-26T20:39:15.610+0000] {logging_mixin.py:149} INFO - [2023-05-26T20:39:15.610+0000] {dag.py:3490} INFO - Setting next_dagrun for example_skip_dag to 2023-05-25T20:39:15.610516+00:00, run_after=2023-05-26T20:39:15.610516+00:00
[2023-05-26T20:39:15.622+0000] {processor.py:179} INFO - Processing /home/airflow/.local/lib/python3.7/site-packages/airflow/example_dags/example_skip_dag.py took 0.056 seconds
[2023-05-26T20:39:45.901+0000] {processor.py:157} INFO - Started process (PID=1301) to work on /home/airflow/.local/lib/python3.7/site-packages/airflow/example_dags/example_skip_dag.py
[2023-05-26T20:39:45.906+0000] {processor.py:826} INFO - Processing file /home/airflow/.local/lib/python3.7/site-packages/airflow/example_dags/example_skip_dag.py for tasks to queue
[2023-05-26T20:39:45.908+0000] {logging_mixin.py:149} INFO - [2023-05-26T20:39:45.908+0000] {dagbag.py:541} INFO - Filling up the DagBag from /home/airflow/.local/lib/python3.7/site-packages/airflow/example_dags/example_skip_dag.py
[2023-05-26T20:39:45.915+0000] {processor.py:836} INFO - DAG(s) dict_keys(['example_skip_dag']) retrieved from /home/airflow/.local/lib/python3.7/site-packages/airflow/example_dags/example_skip_dag.py
[2023-05-26T20:39:45.940+0000] {logging_mixin.py:149} INFO - [2023-05-26T20:39:45.939+0000] {dag.py:2726} INFO - Sync 1 DAGs
[2023-05-26T20:39:45.956+0000] {logging_mixin.py:149} INFO - [2023-05-26T20:39:45.956+0000] {dag.py:3490} INFO - Setting next_dagrun for example_skip_dag to 2023-05-25T20:39:45.956098+00:00, run_after=2023-05-26T20:39:45.956098+00:00
[2023-05-26T20:39:45.968+0000] {processor.py:179} INFO - Processing /home/airflow/.local/lib/python3.7/site-packages/airflow/example_dags/example_skip_dag.py took 0.070 seconds
[2023-05-26T20:40:16.272+0000] {processor.py:157} INFO - Started process (PID=1358) to work on /home/airflow/.local/lib/python3.7/site-packages/airflow/example_dags/example_skip_dag.py
[2023-05-26T20:40:16.275+0000] {processor.py:826} INFO - Processing file /home/airflow/.local/lib/python3.7/site-packages/airflow/example_dags/example_skip_dag.py for tasks to queue
[2023-05-26T20:40:16.276+0000] {logging_mixin.py:149} INFO - [2023-05-26T20:40:16.276+0000] {dagbag.py:541} INFO - Filling up the DagBag from /home/airflow/.local/lib/python3.7/site-packages/airflow/example_dags/example_skip_dag.py
[2023-05-26T20:40:16.282+0000] {processor.py:836} INFO - DAG(s) dict_keys(['example_skip_dag']) retrieved from /home/airflow/.local/lib/python3.7/site-packages/airflow/example_dags/example_skip_dag.py
[2023-05-26T20:40:16.304+0000] {logging_mixin.py:149} INFO - [2023-05-26T20:40:16.304+0000] {dag.py:2726} INFO - Sync 1 DAGs
[2023-05-26T20:40:16.320+0000] {logging_mixin.py:149} INFO - [2023-05-26T20:40:16.320+0000] {dag.py:3490} INFO - Setting next_dagrun for example_skip_dag to 2023-05-25T20:40:16.320111+00:00, run_after=2023-05-26T20:40:16.320111+00:00
[2023-05-26T20:40:16.335+0000] {processor.py:179} INFO - Processing /home/airflow/.local/lib/python3.7/site-packages/airflow/example_dags/example_skip_dag.py took 0.066 seconds
[2023-05-26T20:40:46.989+0000] {processor.py:157} INFO - Started process (PID=1415) to work on /home/airflow/.local/lib/python3.7/site-packages/airflow/example_dags/example_skip_dag.py
[2023-05-26T20:40:46.991+0000] {processor.py:826} INFO - Processing file /home/airflow/.local/lib/python3.7/site-packages/airflow/example_dags/example_skip_dag.py for tasks to queue
[2023-05-26T20:40:46.992+0000] {logging_mixin.py:149} INFO - [2023-05-26T20:40:46.992+0000] {dagbag.py:541} INFO - Filling up the DagBag from /home/airflow/.local/lib/python3.7/site-packages/airflow/example_dags/example_skip_dag.py
[2023-05-26T20:40:46.997+0000] {processor.py:836} INFO - DAG(s) dict_keys(['example_skip_dag']) retrieved from /home/airflow/.local/lib/python3.7/site-packages/airflow/example_dags/example_skip_dag.py
[2023-05-26T20:40:47.016+0000] {logging_mixin.py:149} INFO - [2023-05-26T20:40:47.016+0000] {dag.py:2726} INFO - Sync 1 DAGs
[2023-05-26T20:40:47.032+0000] {logging_mixin.py:149} INFO - [2023-05-26T20:40:47.032+0000] {dag.py:3490} INFO - Setting next_dagrun for example_skip_dag to 2023-05-25T20:40:47.032276+00:00, run_after=2023-05-26T20:40:47.032276+00:00
[2023-05-26T20:40:47.045+0000] {processor.py:179} INFO - Processing /home/airflow/.local/lib/python3.7/site-packages/airflow/example_dags/example_skip_dag.py took 0.059 seconds
[2023-05-26T20:41:17.430+0000] {processor.py:157} INFO - Started process (PID=1472) to work on /home/airflow/.local/lib/python3.7/site-packages/airflow/example_dags/example_skip_dag.py
[2023-05-26T20:41:17.432+0000] {processor.py:826} INFO - Processing file /home/airflow/.local/lib/python3.7/site-packages/airflow/example_dags/example_skip_dag.py for tasks to queue
[2023-05-26T20:41:17.433+0000] {logging_mixin.py:149} INFO - [2023-05-26T20:41:17.433+0000] {dagbag.py:541} INFO - Filling up the DagBag from /home/airflow/.local/lib/python3.7/site-packages/airflow/example_dags/example_skip_dag.py
[2023-05-26T20:41:17.441+0000] {processor.py:836} INFO - DAG(s) dict_keys(['example_skip_dag']) retrieved from /home/airflow/.local/lib/python3.7/site-packages/airflow/example_dags/example_skip_dag.py
[2023-05-26T20:41:17.460+0000] {logging_mixin.py:149} INFO - [2023-05-26T20:41:17.460+0000] {dag.py:2726} INFO - Sync 1 DAGs
[2023-05-26T20:41:17.477+0000] {logging_mixin.py:149} INFO - [2023-05-26T20:41:17.477+0000] {dag.py:3490} INFO - Setting next_dagrun for example_skip_dag to 2023-05-25T20:41:17.477188+00:00, run_after=2023-05-26T20:41:17.477188+00:00
[2023-05-26T20:41:17.489+0000] {processor.py:179} INFO - Processing /home/airflow/.local/lib/python3.7/site-packages/airflow/example_dags/example_skip_dag.py took 0.062 seconds
[2023-05-26T20:41:47.723+0000] {processor.py:157} INFO - Started process (PID=1528) to work on /home/airflow/.local/lib/python3.7/site-packages/airflow/example_dags/example_skip_dag.py
[2023-05-26T20:41:47.725+0000] {processor.py:826} INFO - Processing file /home/airflow/.local/lib/python3.7/site-packages/airflow/example_dags/example_skip_dag.py for tasks to queue
[2023-05-26T20:41:47.726+0000] {logging_mixin.py:149} INFO - [2023-05-26T20:41:47.726+0000] {dagbag.py:541} INFO - Filling up the DagBag from /home/airflow/.local/lib/python3.7/site-packages/airflow/example_dags/example_skip_dag.py
[2023-05-26T20:41:47.733+0000] {processor.py:836} INFO - DAG(s) dict_keys(['example_skip_dag']) retrieved from /home/airflow/.local/lib/python3.7/site-packages/airflow/example_dags/example_skip_dag.py
[2023-05-26T20:41:47.753+0000] {logging_mixin.py:149} INFO - [2023-05-26T20:41:47.753+0000] {dag.py:2726} INFO - Sync 1 DAGs
[2023-05-26T20:41:47.768+0000] {logging_mixin.py:149} INFO - [2023-05-26T20:41:47.768+0000] {dag.py:3490} INFO - Setting next_dagrun for example_skip_dag to 2023-05-25T20:41:47.768553+00:00, run_after=2023-05-26T20:41:47.768553+00:00
[2023-05-26T20:41:47.780+0000] {processor.py:179} INFO - Processing /home/airflow/.local/lib/python3.7/site-packages/airflow/example_dags/example_skip_dag.py took 0.060 seconds
[2023-05-26T20:42:18.081+0000] {processor.py:157} INFO - Started process (PID=1584) to work on /home/airflow/.local/lib/python3.7/site-packages/airflow/example_dags/example_skip_dag.py
[2023-05-26T20:42:18.083+0000] {processor.py:826} INFO - Processing file /home/airflow/.local/lib/python3.7/site-packages/airflow/example_dags/example_skip_dag.py for tasks to queue
[2023-05-26T20:42:18.084+0000] {logging_mixin.py:149} INFO - [2023-05-26T20:42:18.084+0000] {dagbag.py:541} INFO - Filling up the DagBag from /home/airflow/.local/lib/python3.7/site-packages/airflow/example_dags/example_skip_dag.py
[2023-05-26T20:42:18.090+0000] {processor.py:836} INFO - DAG(s) dict_keys(['example_skip_dag']) retrieved from /home/airflow/.local/lib/python3.7/site-packages/airflow/example_dags/example_skip_dag.py
[2023-05-26T20:42:18.110+0000] {logging_mixin.py:149} INFO - [2023-05-26T20:42:18.110+0000] {dag.py:2726} INFO - Sync 1 DAGs
[2023-05-26T20:42:18.125+0000] {logging_mixin.py:149} INFO - [2023-05-26T20:42:18.125+0000] {dag.py:3490} INFO - Setting next_dagrun for example_skip_dag to 2023-05-25T20:42:18.125160+00:00, run_after=2023-05-26T20:42:18.125160+00:00
[2023-05-26T20:42:18.137+0000] {processor.py:179} INFO - Processing /home/airflow/.local/lib/python3.7/site-packages/airflow/example_dags/example_skip_dag.py took 0.059 seconds
[2023-05-26T20:42:48.665+0000] {processor.py:157} INFO - Started process (PID=1640) to work on /home/airflow/.local/lib/python3.7/site-packages/airflow/example_dags/example_skip_dag.py
[2023-05-26T20:42:48.666+0000] {processor.py:826} INFO - Processing file /home/airflow/.local/lib/python3.7/site-packages/airflow/example_dags/example_skip_dag.py for tasks to queue
[2023-05-26T20:42:48.667+0000] {logging_mixin.py:149} INFO - [2023-05-26T20:42:48.667+0000] {dagbag.py:541} INFO - Filling up the DagBag from /home/airflow/.local/lib/python3.7/site-packages/airflow/example_dags/example_skip_dag.py
[2023-05-26T20:42:48.673+0000] {processor.py:836} INFO - DAG(s) dict_keys(['example_skip_dag']) retrieved from /home/airflow/.local/lib/python3.7/site-packages/airflow/example_dags/example_skip_dag.py
[2023-05-26T20:42:48.692+0000] {logging_mixin.py:149} INFO - [2023-05-26T20:42:48.692+0000] {dag.py:2726} INFO - Sync 1 DAGs
[2023-05-26T20:42:48.708+0000] {logging_mixin.py:149} INFO - [2023-05-26T20:42:48.708+0000] {dag.py:3490} INFO - Setting next_dagrun for example_skip_dag to 2023-05-25T20:42:48.708690+00:00, run_after=2023-05-26T20:42:48.708690+00:00
[2023-05-26T20:42:48.721+0000] {processor.py:179} INFO - Processing /home/airflow/.local/lib/python3.7/site-packages/airflow/example_dags/example_skip_dag.py took 0.059 seconds
[2023-05-26T20:43:19.065+0000] {processor.py:157} INFO - Started process (PID=1696) to work on /home/airflow/.local/lib/python3.7/site-packages/airflow/example_dags/example_skip_dag.py
[2023-05-26T20:43:19.066+0000] {processor.py:826} INFO - Processing file /home/airflow/.local/lib/python3.7/site-packages/airflow/example_dags/example_skip_dag.py for tasks to queue
[2023-05-26T20:43:19.066+0000] {logging_mixin.py:149} INFO - [2023-05-26T20:43:19.066+0000] {dagbag.py:541} INFO - Filling up the DagBag from /home/airflow/.local/lib/python3.7/site-packages/airflow/example_dags/example_skip_dag.py
[2023-05-26T20:43:19.072+0000] {processor.py:836} INFO - DAG(s) dict_keys(['example_skip_dag']) retrieved from /home/airflow/.local/lib/python3.7/site-packages/airflow/example_dags/example_skip_dag.py
[2023-05-26T20:43:19.092+0000] {logging_mixin.py:149} INFO - [2023-05-26T20:43:19.092+0000] {dag.py:2726} INFO - Sync 1 DAGs
[2023-05-26T20:43:19.109+0000] {logging_mixin.py:149} INFO - [2023-05-26T20:43:19.109+0000] {dag.py:3490} INFO - Setting next_dagrun for example_skip_dag to 2023-05-25T20:43:19.108881+00:00, run_after=2023-05-26T20:43:19.108881+00:00
[2023-05-26T20:43:19.121+0000] {processor.py:179} INFO - Processing /home/airflow/.local/lib/python3.7/site-packages/airflow/example_dags/example_skip_dag.py took 0.059 seconds
[2023-05-26T20:43:49.383+0000] {processor.py:157} INFO - Started process (PID=1752) to work on /home/airflow/.local/lib/python3.7/site-packages/airflow/example_dags/example_skip_dag.py
[2023-05-26T20:43:49.384+0000] {processor.py:826} INFO - Processing file /home/airflow/.local/lib/python3.7/site-packages/airflow/example_dags/example_skip_dag.py for tasks to queue
[2023-05-26T20:43:49.385+0000] {logging_mixin.py:149} INFO - [2023-05-26T20:43:49.385+0000] {dagbag.py:541} INFO - Filling up the DagBag from /home/airflow/.local/lib/python3.7/site-packages/airflow/example_dags/example_skip_dag.py
[2023-05-26T20:43:49.391+0000] {processor.py:836} INFO - DAG(s) dict_keys(['example_skip_dag']) retrieved from /home/airflow/.local/lib/python3.7/site-packages/airflow/example_dags/example_skip_dag.py
[2023-05-26T20:43:49.410+0000] {logging_mixin.py:149} INFO - [2023-05-26T20:43:49.410+0000] {dag.py:2726} INFO - Sync 1 DAGs
[2023-05-26T20:43:49.426+0000] {logging_mixin.py:149} INFO - [2023-05-26T20:43:49.426+0000] {dag.py:3490} INFO - Setting next_dagrun for example_skip_dag to 2023-05-25T20:43:49.426680+00:00, run_after=2023-05-26T20:43:49.426680+00:00
[2023-05-26T20:43:49.438+0000] {processor.py:179} INFO - Processing /home/airflow/.local/lib/python3.7/site-packages/airflow/example_dags/example_skip_dag.py took 0.058 seconds
[2023-05-26T20:44:19.773+0000] {processor.py:157} INFO - Started process (PID=1808) to work on /home/airflow/.local/lib/python3.7/site-packages/airflow/example_dags/example_skip_dag.py
[2023-05-26T20:44:19.775+0000] {processor.py:826} INFO - Processing file /home/airflow/.local/lib/python3.7/site-packages/airflow/example_dags/example_skip_dag.py for tasks to queue
[2023-05-26T20:44:19.776+0000] {logging_mixin.py:149} INFO - [2023-05-26T20:44:19.776+0000] {dagbag.py:541} INFO - Filling up the DagBag from /home/airflow/.local/lib/python3.7/site-packages/airflow/example_dags/example_skip_dag.py
[2023-05-26T20:44:19.782+0000] {processor.py:836} INFO - DAG(s) dict_keys(['example_skip_dag']) retrieved from /home/airflow/.local/lib/python3.7/site-packages/airflow/example_dags/example_skip_dag.py
[2023-05-26T20:44:19.802+0000] {logging_mixin.py:149} INFO - [2023-05-26T20:44:19.802+0000] {dag.py:2726} INFO - Sync 1 DAGs
[2023-05-26T20:44:19.821+0000] {logging_mixin.py:149} INFO - [2023-05-26T20:44:19.820+0000] {dag.py:3490} INFO - Setting next_dagrun for example_skip_dag to 2023-05-25T20:44:19.820690+00:00, run_after=2023-05-26T20:44:19.820690+00:00
[2023-05-26T20:44:19.834+0000] {processor.py:179} INFO - Processing /home/airflow/.local/lib/python3.7/site-packages/airflow/example_dags/example_skip_dag.py took 0.063 seconds
[2023-05-26T20:44:50.146+0000] {processor.py:157} INFO - Started process (PID=1865) to work on /home/airflow/.local/lib/python3.7/site-packages/airflow/example_dags/example_skip_dag.py
[2023-05-26T20:44:50.148+0000] {processor.py:826} INFO - Processing file /home/airflow/.local/lib/python3.7/site-packages/airflow/example_dags/example_skip_dag.py for tasks to queue
[2023-05-26T20:44:50.149+0000] {logging_mixin.py:149} INFO - [2023-05-26T20:44:50.148+0000] {dagbag.py:541} INFO - Filling up the DagBag from /home/airflow/.local/lib/python3.7/site-packages/airflow/example_dags/example_skip_dag.py
[2023-05-26T20:44:50.154+0000] {processor.py:836} INFO - DAG(s) dict_keys(['example_skip_dag']) retrieved from /home/airflow/.local/lib/python3.7/site-packages/airflow/example_dags/example_skip_dag.py
[2023-05-26T20:44:50.172+0000] {logging_mixin.py:149} INFO - [2023-05-26T20:44:50.172+0000] {dag.py:2726} INFO - Sync 1 DAGs
[2023-05-26T20:44:50.188+0000] {logging_mixin.py:149} INFO - [2023-05-26T20:44:50.188+0000] {dag.py:3490} INFO - Setting next_dagrun for example_skip_dag to 2023-05-25T20:44:50.188309+00:00, run_after=2023-05-26T20:44:50.188309+00:00
[2023-05-26T20:44:50.201+0000] {processor.py:179} INFO - Processing /home/airflow/.local/lib/python3.7/site-packages/airflow/example_dags/example_skip_dag.py took 0.058 seconds
[2023-05-26T20:45:20.544+0000] {processor.py:157} INFO - Started process (PID=1921) to work on /home/airflow/.local/lib/python3.7/site-packages/airflow/example_dags/example_skip_dag.py
[2023-05-26T20:45:20.545+0000] {processor.py:826} INFO - Processing file /home/airflow/.local/lib/python3.7/site-packages/airflow/example_dags/example_skip_dag.py for tasks to queue
[2023-05-26T20:45:20.547+0000] {logging_mixin.py:149} INFO - [2023-05-26T20:45:20.546+0000] {dagbag.py:541} INFO - Filling up the DagBag from /home/airflow/.local/lib/python3.7/site-packages/airflow/example_dags/example_skip_dag.py
[2023-05-26T20:45:20.552+0000] {processor.py:836} INFO - DAG(s) dict_keys(['example_skip_dag']) retrieved from /home/airflow/.local/lib/python3.7/site-packages/airflow/example_dags/example_skip_dag.py
[2023-05-26T20:45:20.572+0000] {logging_mixin.py:149} INFO - [2023-05-26T20:45:20.571+0000] {dag.py:2726} INFO - Sync 1 DAGs
[2023-05-26T20:45:20.587+0000] {logging_mixin.py:149} INFO - [2023-05-26T20:45:20.587+0000] {dag.py:3490} INFO - Setting next_dagrun for example_skip_dag to 2023-05-25T20:45:20.586872+00:00, run_after=2023-05-26T20:45:20.586872+00:00
[2023-05-26T20:45:20.600+0000] {processor.py:179} INFO - Processing /home/airflow/.local/lib/python3.7/site-packages/airflow/example_dags/example_skip_dag.py took 0.059 seconds
[2023-05-26T20:45:50.923+0000] {processor.py:157} INFO - Started process (PID=1977) to work on /home/airflow/.local/lib/python3.7/site-packages/airflow/example_dags/example_skip_dag.py
[2023-05-26T20:45:50.925+0000] {processor.py:826} INFO - Processing file /home/airflow/.local/lib/python3.7/site-packages/airflow/example_dags/example_skip_dag.py for tasks to queue
[2023-05-26T20:45:50.926+0000] {logging_mixin.py:149} INFO - [2023-05-26T20:45:50.926+0000] {dagbag.py:541} INFO - Filling up the DagBag from /home/airflow/.local/lib/python3.7/site-packages/airflow/example_dags/example_skip_dag.py
[2023-05-26T20:45:50.932+0000] {processor.py:836} INFO - DAG(s) dict_keys(['example_skip_dag']) retrieved from /home/airflow/.local/lib/python3.7/site-packages/airflow/example_dags/example_skip_dag.py
[2023-05-26T20:45:50.955+0000] {logging_mixin.py:149} INFO - [2023-05-26T20:45:50.955+0000] {dag.py:2726} INFO - Sync 1 DAGs
[2023-05-26T20:45:50.973+0000] {logging_mixin.py:149} INFO - [2023-05-26T20:45:50.973+0000] {dag.py:3490} INFO - Setting next_dagrun for example_skip_dag to 2023-05-25T20:45:50.973006+00:00, run_after=2023-05-26T20:45:50.973006+00:00
[2023-05-26T20:45:50.984+0000] {processor.py:179} INFO - Processing /home/airflow/.local/lib/python3.7/site-packages/airflow/example_dags/example_skip_dag.py took 0.065 seconds
[2023-05-26T20:46:21.562+0000] {processor.py:157} INFO - Started process (PID=2033) to work on /home/airflow/.local/lib/python3.7/site-packages/airflow/example_dags/example_skip_dag.py
[2023-05-26T20:46:21.564+0000] {processor.py:826} INFO - Processing file /home/airflow/.local/lib/python3.7/site-packages/airflow/example_dags/example_skip_dag.py for tasks to queue
[2023-05-26T20:46:21.565+0000] {logging_mixin.py:149} INFO - [2023-05-26T20:46:21.565+0000] {dagbag.py:541} INFO - Filling up the DagBag from /home/airflow/.local/lib/python3.7/site-packages/airflow/example_dags/example_skip_dag.py
[2023-05-26T20:46:21.572+0000] {processor.py:836} INFO - DAG(s) dict_keys(['example_skip_dag']) retrieved from /home/airflow/.local/lib/python3.7/site-packages/airflow/example_dags/example_skip_dag.py
[2023-05-26T20:46:21.594+0000] {logging_mixin.py:149} INFO - [2023-05-26T20:46:21.594+0000] {dag.py:2726} INFO - Sync 1 DAGs
[2023-05-26T20:46:21.612+0000] {logging_mixin.py:149} INFO - [2023-05-26T20:46:21.612+0000] {dag.py:3490} INFO - Setting next_dagrun for example_skip_dag to 2023-05-25T20:46:21.612046+00:00, run_after=2023-05-26T20:46:21.612046+00:00
[2023-05-26T20:46:21.624+0000] {processor.py:179} INFO - Processing /home/airflow/.local/lib/python3.7/site-packages/airflow/example_dags/example_skip_dag.py took 0.065 seconds
[2023-05-26T20:46:52.246+0000] {processor.py:157} INFO - Started process (PID=2089) to work on /home/airflow/.local/lib/python3.7/site-packages/airflow/example_dags/example_skip_dag.py
[2023-05-26T20:46:52.248+0000] {processor.py:826} INFO - Processing file /home/airflow/.local/lib/python3.7/site-packages/airflow/example_dags/example_skip_dag.py for tasks to queue
[2023-05-26T20:46:52.249+0000] {logging_mixin.py:149} INFO - [2023-05-26T20:46:52.249+0000] {dagbag.py:541} INFO - Filling up the DagBag from /home/airflow/.local/lib/python3.7/site-packages/airflow/example_dags/example_skip_dag.py
[2023-05-26T20:46:52.255+0000] {processor.py:836} INFO - DAG(s) dict_keys(['example_skip_dag']) retrieved from /home/airflow/.local/lib/python3.7/site-packages/airflow/example_dags/example_skip_dag.py
[2023-05-26T20:46:52.275+0000] {logging_mixin.py:149} INFO - [2023-05-26T20:46:52.275+0000] {dag.py:2726} INFO - Sync 1 DAGs
[2023-05-26T20:46:52.292+0000] {logging_mixin.py:149} INFO - [2023-05-26T20:46:52.292+0000] {dag.py:3490} INFO - Setting next_dagrun for example_skip_dag to 2023-05-25T20:46:52.292063+00:00, run_after=2023-05-26T20:46:52.292063+00:00
[2023-05-26T20:46:52.307+0000] {processor.py:179} INFO - Processing /home/airflow/.local/lib/python3.7/site-packages/airflow/example_dags/example_skip_dag.py took 0.064 seconds
[2023-05-26T20:47:22.912+0000] {processor.py:157} INFO - Started process (PID=2145) to work on /home/airflow/.local/lib/python3.7/site-packages/airflow/example_dags/example_skip_dag.py
[2023-05-26T20:47:22.914+0000] {processor.py:826} INFO - Processing file /home/airflow/.local/lib/python3.7/site-packages/airflow/example_dags/example_skip_dag.py for tasks to queue
[2023-05-26T20:47:22.915+0000] {logging_mixin.py:149} INFO - [2023-05-26T20:47:22.915+0000] {dagbag.py:541} INFO - Filling up the DagBag from /home/airflow/.local/lib/python3.7/site-packages/airflow/example_dags/example_skip_dag.py
[2023-05-26T20:47:22.920+0000] {processor.py:836} INFO - DAG(s) dict_keys(['example_skip_dag']) retrieved from /home/airflow/.local/lib/python3.7/site-packages/airflow/example_dags/example_skip_dag.py
[2023-05-26T20:47:22.941+0000] {logging_mixin.py:149} INFO - [2023-05-26T20:47:22.941+0000] {dag.py:2726} INFO - Sync 1 DAGs
[2023-05-26T20:47:22.958+0000] {logging_mixin.py:149} INFO - [2023-05-26T20:47:22.958+0000] {dag.py:3490} INFO - Setting next_dagrun for example_skip_dag to 2023-05-25T20:47:22.958190+00:00, run_after=2023-05-26T20:47:22.958190+00:00
[2023-05-26T20:47:22.971+0000] {processor.py:179} INFO - Processing /home/airflow/.local/lib/python3.7/site-packages/airflow/example_dags/example_skip_dag.py took 0.061 seconds
[2023-05-26T20:47:53.676+0000] {processor.py:157} INFO - Started process (PID=2201) to work on /home/airflow/.local/lib/python3.7/site-packages/airflow/example_dags/example_skip_dag.py
[2023-05-26T20:47:53.677+0000] {processor.py:826} INFO - Processing file /home/airflow/.local/lib/python3.7/site-packages/airflow/example_dags/example_skip_dag.py for tasks to queue
[2023-05-26T20:47:53.678+0000] {logging_mixin.py:149} INFO - [2023-05-26T20:47:53.678+0000] {dagbag.py:541} INFO - Filling up the DagBag from /home/airflow/.local/lib/python3.7/site-packages/airflow/example_dags/example_skip_dag.py
[2023-05-26T20:47:53.684+0000] {processor.py:836} INFO - DAG(s) dict_keys(['example_skip_dag']) retrieved from /home/airflow/.local/lib/python3.7/site-packages/airflow/example_dags/example_skip_dag.py
[2023-05-26T20:47:53.703+0000] {logging_mixin.py:149} INFO - [2023-05-26T20:47:53.703+0000] {dag.py:2726} INFO - Sync 1 DAGs
[2023-05-26T20:47:53.722+0000] {logging_mixin.py:149} INFO - [2023-05-26T20:47:53.722+0000] {dag.py:3490} INFO - Setting next_dagrun for example_skip_dag to 2023-05-25T20:47:53.722555+00:00, run_after=2023-05-26T20:47:53.722555+00:00
[2023-05-26T20:47:53.736+0000] {processor.py:179} INFO - Processing /home/airflow/.local/lib/python3.7/site-packages/airflow/example_dags/example_skip_dag.py took 0.063 seconds
[2023-05-26T20:48:24.061+0000] {processor.py:157} INFO - Started process (PID=2257) to work on /home/airflow/.local/lib/python3.7/site-packages/airflow/example_dags/example_skip_dag.py
[2023-05-26T20:48:24.063+0000] {processor.py:826} INFO - Processing file /home/airflow/.local/lib/python3.7/site-packages/airflow/example_dags/example_skip_dag.py for tasks to queue
[2023-05-26T20:48:24.064+0000] {logging_mixin.py:149} INFO - [2023-05-26T20:48:24.064+0000] {dagbag.py:541} INFO - Filling up the DagBag from /home/airflow/.local/lib/python3.7/site-packages/airflow/example_dags/example_skip_dag.py
[2023-05-26T20:48:24.070+0000] {processor.py:836} INFO - DAG(s) dict_keys(['example_skip_dag']) retrieved from /home/airflow/.local/lib/python3.7/site-packages/airflow/example_dags/example_skip_dag.py
[2023-05-26T20:48:24.091+0000] {logging_mixin.py:149} INFO - [2023-05-26T20:48:24.091+0000] {dag.py:2726} INFO - Sync 1 DAGs
[2023-05-26T20:48:24.107+0000] {logging_mixin.py:149} INFO - [2023-05-26T20:48:24.107+0000] {dag.py:3490} INFO - Setting next_dagrun for example_skip_dag to 2023-05-25T20:48:24.106976+00:00, run_after=2023-05-26T20:48:24.106976+00:00
[2023-05-26T20:48:24.120+0000] {processor.py:179} INFO - Processing /home/airflow/.local/lib/python3.7/site-packages/airflow/example_dags/example_skip_dag.py took 0.062 seconds
[2023-05-26T20:48:54.705+0000] {processor.py:157} INFO - Started process (PID=2314) to work on /home/airflow/.local/lib/python3.7/site-packages/airflow/example_dags/example_skip_dag.py
[2023-05-26T20:48:54.707+0000] {processor.py:826} INFO - Processing file /home/airflow/.local/lib/python3.7/site-packages/airflow/example_dags/example_skip_dag.py for tasks to queue
[2023-05-26T20:48:54.708+0000] {logging_mixin.py:149} INFO - [2023-05-26T20:48:54.708+0000] {dagbag.py:541} INFO - Filling up the DagBag from /home/airflow/.local/lib/python3.7/site-packages/airflow/example_dags/example_skip_dag.py
[2023-05-26T20:48:54.714+0000] {processor.py:836} INFO - DAG(s) dict_keys(['example_skip_dag']) retrieved from /home/airflow/.local/lib/python3.7/site-packages/airflow/example_dags/example_skip_dag.py
[2023-05-26T20:48:54.734+0000] {logging_mixin.py:149} INFO - [2023-05-26T20:48:54.733+0000] {dag.py:2726} INFO - Sync 1 DAGs
[2023-05-26T20:48:54.751+0000] {logging_mixin.py:149} INFO - [2023-05-26T20:48:54.750+0000] {dag.py:3490} INFO - Setting next_dagrun for example_skip_dag to 2023-05-25T20:48:54.750753+00:00, run_after=2023-05-26T20:48:54.750753+00:00
[2023-05-26T20:48:54.763+0000] {processor.py:179} INFO - Processing /home/airflow/.local/lib/python3.7/site-packages/airflow/example_dags/example_skip_dag.py took 0.060 seconds
[2023-05-26T20:49:25.361+0000] {processor.py:157} INFO - Started process (PID=2369) to work on /home/airflow/.local/lib/python3.7/site-packages/airflow/example_dags/example_skip_dag.py
[2023-05-26T20:49:25.362+0000] {processor.py:826} INFO - Processing file /home/airflow/.local/lib/python3.7/site-packages/airflow/example_dags/example_skip_dag.py for tasks to queue
[2023-05-26T20:49:25.363+0000] {logging_mixin.py:149} INFO - [2023-05-26T20:49:25.363+0000] {dagbag.py:541} INFO - Filling up the DagBag from /home/airflow/.local/lib/python3.7/site-packages/airflow/example_dags/example_skip_dag.py
[2023-05-26T20:49:25.369+0000] {processor.py:836} INFO - DAG(s) dict_keys(['example_skip_dag']) retrieved from /home/airflow/.local/lib/python3.7/site-packages/airflow/example_dags/example_skip_dag.py
[2023-05-26T20:49:25.389+0000] {logging_mixin.py:149} INFO - [2023-05-26T20:49:25.389+0000] {dag.py:2726} INFO - Sync 1 DAGs
[2023-05-26T20:49:25.405+0000] {logging_mixin.py:149} INFO - [2023-05-26T20:49:25.405+0000] {dag.py:3490} INFO - Setting next_dagrun for example_skip_dag to 2023-05-25T20:49:25.405085+00:00, run_after=2023-05-26T20:49:25.405085+00:00
[2023-05-26T20:49:25.417+0000] {processor.py:179} INFO - Processing /home/airflow/.local/lib/python3.7/site-packages/airflow/example_dags/example_skip_dag.py took 0.060 seconds
[2023-05-26T20:49:55.909+0000] {processor.py:157} INFO - Started process (PID=2425) to work on /home/airflow/.local/lib/python3.7/site-packages/airflow/example_dags/example_skip_dag.py
[2023-05-26T20:49:55.911+0000] {processor.py:826} INFO - Processing file /home/airflow/.local/lib/python3.7/site-packages/airflow/example_dags/example_skip_dag.py for tasks to queue
[2023-05-26T20:49:55.911+0000] {logging_mixin.py:149} INFO - [2023-05-26T20:49:55.911+0000] {dagbag.py:541} INFO - Filling up the DagBag from /home/airflow/.local/lib/python3.7/site-packages/airflow/example_dags/example_skip_dag.py
[2023-05-26T20:49:55.918+0000] {processor.py:836} INFO - DAG(s) dict_keys(['example_skip_dag']) retrieved from /home/airflow/.local/lib/python3.7/site-packages/airflow/example_dags/example_skip_dag.py
[2023-05-26T20:49:55.938+0000] {logging_mixin.py:149} INFO - [2023-05-26T20:49:55.938+0000] {dag.py:2726} INFO - Sync 1 DAGs
[2023-05-26T20:49:55.955+0000] {logging_mixin.py:149} INFO - [2023-05-26T20:49:55.955+0000] {dag.py:3490} INFO - Setting next_dagrun for example_skip_dag to 2023-05-25T20:49:55.954901+00:00, run_after=2023-05-26T20:49:55.954901+00:00
[2023-05-26T20:49:55.968+0000] {processor.py:179} INFO - Processing /home/airflow/.local/lib/python3.7/site-packages/airflow/example_dags/example_skip_dag.py took 0.061 seconds
[2023-05-26T20:50:26.357+0000] {processor.py:157} INFO - Started process (PID=2481) to work on /home/airflow/.local/lib/python3.7/site-packages/airflow/example_dags/example_skip_dag.py
[2023-05-26T20:50:26.359+0000] {processor.py:826} INFO - Processing file /home/airflow/.local/lib/python3.7/site-packages/airflow/example_dags/example_skip_dag.py for tasks to queue
[2023-05-26T20:50:26.360+0000] {logging_mixin.py:149} INFO - [2023-05-26T20:50:26.360+0000] {dagbag.py:541} INFO - Filling up the DagBag from /home/airflow/.local/lib/python3.7/site-packages/airflow/example_dags/example_skip_dag.py
[2023-05-26T20:50:26.366+0000] {processor.py:836} INFO - DAG(s) dict_keys(['example_skip_dag']) retrieved from /home/airflow/.local/lib/python3.7/site-packages/airflow/example_dags/example_skip_dag.py
[2023-05-26T20:50:26.386+0000] {logging_mixin.py:149} INFO - [2023-05-26T20:50:26.386+0000] {dag.py:2726} INFO - Sync 1 DAGs
[2023-05-26T20:50:26.402+0000] {logging_mixin.py:149} INFO - [2023-05-26T20:50:26.402+0000] {dag.py:3490} INFO - Setting next_dagrun for example_skip_dag to 2023-05-25T20:50:26.402493+00:00, run_after=2023-05-26T20:50:26.402493+00:00
[2023-05-26T20:50:26.415+0000] {processor.py:179} INFO - Processing /home/airflow/.local/lib/python3.7/site-packages/airflow/example_dags/example_skip_dag.py took 0.060 seconds
[2023-05-26T20:50:56.780+0000] {processor.py:157} INFO - Started process (PID=2538) to work on /home/airflow/.local/lib/python3.7/site-packages/airflow/example_dags/example_skip_dag.py
[2023-05-26T20:50:56.782+0000] {processor.py:826} INFO - Processing file /home/airflow/.local/lib/python3.7/site-packages/airflow/example_dags/example_skip_dag.py for tasks to queue
[2023-05-26T20:50:56.783+0000] {logging_mixin.py:149} INFO - [2023-05-26T20:50:56.783+0000] {dagbag.py:541} INFO - Filling up the DagBag from /home/airflow/.local/lib/python3.7/site-packages/airflow/example_dags/example_skip_dag.py
[2023-05-26T20:50:56.788+0000] {processor.py:836} INFO - DAG(s) dict_keys(['example_skip_dag']) retrieved from /home/airflow/.local/lib/python3.7/site-packages/airflow/example_dags/example_skip_dag.py
[2023-05-26T20:50:56.808+0000] {logging_mixin.py:149} INFO - [2023-05-26T20:50:56.808+0000] {dag.py:2726} INFO - Sync 1 DAGs
[2023-05-26T20:50:56.827+0000] {logging_mixin.py:149} INFO - [2023-05-26T20:50:56.827+0000] {dag.py:3490} INFO - Setting next_dagrun for example_skip_dag to 2023-05-25T20:50:56.827027+00:00, run_after=2023-05-26T20:50:56.827027+00:00
[2023-05-26T20:50:56.839+0000] {processor.py:179} INFO - Processing /home/airflow/.local/lib/python3.7/site-packages/airflow/example_dags/example_skip_dag.py took 0.062 seconds
[2023-05-26T20:51:27.220+0000] {processor.py:157} INFO - Started process (PID=2594) to work on /home/airflow/.local/lib/python3.7/site-packages/airflow/example_dags/example_skip_dag.py
[2023-05-26T20:51:27.221+0000] {processor.py:826} INFO - Processing file /home/airflow/.local/lib/python3.7/site-packages/airflow/example_dags/example_skip_dag.py for tasks to queue
[2023-05-26T20:51:27.222+0000] {logging_mixin.py:149} INFO - [2023-05-26T20:51:27.222+0000] {dagbag.py:541} INFO - Filling up the DagBag from /home/airflow/.local/lib/python3.7/site-packages/airflow/example_dags/example_skip_dag.py
[2023-05-26T20:51:27.228+0000] {processor.py:836} INFO - DAG(s) dict_keys(['example_skip_dag']) retrieved from /home/airflow/.local/lib/python3.7/site-packages/airflow/example_dags/example_skip_dag.py
[2023-05-26T20:51:27.248+0000] {logging_mixin.py:149} INFO - [2023-05-26T20:51:27.247+0000] {dag.py:2726} INFO - Sync 1 DAGs
[2023-05-26T20:51:27.265+0000] {logging_mixin.py:149} INFO - [2023-05-26T20:51:27.265+0000] {dag.py:3490} INFO - Setting next_dagrun for example_skip_dag to 2023-05-25T20:51:27.265480+00:00, run_after=2023-05-26T20:51:27.265480+00:00
[2023-05-26T20:51:27.278+0000] {processor.py:179} INFO - Processing /home/airflow/.local/lib/python3.7/site-packages/airflow/example_dags/example_skip_dag.py took 0.061 seconds
[2023-05-26T20:51:57.927+0000] {processor.py:157} INFO - Started process (PID=2650) to work on /home/airflow/.local/lib/python3.7/site-packages/airflow/example_dags/example_skip_dag.py
[2023-05-26T20:51:57.928+0000] {processor.py:826} INFO - Processing file /home/airflow/.local/lib/python3.7/site-packages/airflow/example_dags/example_skip_dag.py for tasks to queue
[2023-05-26T20:51:57.929+0000] {logging_mixin.py:149} INFO - [2023-05-26T20:51:57.929+0000] {dagbag.py:541} INFO - Filling up the DagBag from /home/airflow/.local/lib/python3.7/site-packages/airflow/example_dags/example_skip_dag.py
[2023-05-26T20:51:57.935+0000] {processor.py:836} INFO - DAG(s) dict_keys(['example_skip_dag']) retrieved from /home/airflow/.local/lib/python3.7/site-packages/airflow/example_dags/example_skip_dag.py
[2023-05-26T20:51:57.955+0000] {logging_mixin.py:149} INFO - [2023-05-26T20:51:57.955+0000] {dag.py:2726} INFO - Sync 1 DAGs
[2023-05-26T20:51:57.973+0000] {logging_mixin.py:149} INFO - [2023-05-26T20:51:57.973+0000] {dag.py:3490} INFO - Setting next_dagrun for example_skip_dag to 2023-05-25T20:51:57.972977+00:00, run_after=2023-05-26T20:51:57.972977+00:00
[2023-05-26T20:51:57.986+0000] {processor.py:179} INFO - Processing /home/airflow/.local/lib/python3.7/site-packages/airflow/example_dags/example_skip_dag.py took 0.062 seconds
[2023-05-26T20:52:28.511+0000] {processor.py:157} INFO - Started process (PID=2706) to work on /home/airflow/.local/lib/python3.7/site-packages/airflow/example_dags/example_skip_dag.py
[2023-05-26T20:52:28.513+0000] {processor.py:826} INFO - Processing file /home/airflow/.local/lib/python3.7/site-packages/airflow/example_dags/example_skip_dag.py for tasks to queue
[2023-05-26T20:52:28.514+0000] {logging_mixin.py:149} INFO - [2023-05-26T20:52:28.513+0000] {dagbag.py:541} INFO - Filling up the DagBag from /home/airflow/.local/lib/python3.7/site-packages/airflow/example_dags/example_skip_dag.py
[2023-05-26T20:52:28.520+0000] {processor.py:836} INFO - DAG(s) dict_keys(['example_skip_dag']) retrieved from /home/airflow/.local/lib/python3.7/site-packages/airflow/example_dags/example_skip_dag.py
[2023-05-26T20:52:28.539+0000] {logging_mixin.py:149} INFO - [2023-05-26T20:52:28.539+0000] {dag.py:2726} INFO - Sync 1 DAGs
[2023-05-26T20:52:28.556+0000] {logging_mixin.py:149} INFO - [2023-05-26T20:52:28.556+0000] {dag.py:3490} INFO - Setting next_dagrun for example_skip_dag to 2023-05-25T20:52:28.556619+00:00, run_after=2023-05-26T20:52:28.556619+00:00
[2023-05-26T20:52:28.570+0000] {processor.py:179} INFO - Processing /home/airflow/.local/lib/python3.7/site-packages/airflow/example_dags/example_skip_dag.py took 0.062 seconds
[2023-05-26T20:52:59.133+0000] {processor.py:157} INFO - Started process (PID=2769) to work on /home/airflow/.local/lib/python3.7/site-packages/airflow/example_dags/example_skip_dag.py
[2023-05-26T20:52:59.135+0000] {processor.py:826} INFO - Processing file /home/airflow/.local/lib/python3.7/site-packages/airflow/example_dags/example_skip_dag.py for tasks to queue
[2023-05-26T20:52:59.136+0000] {logging_mixin.py:149} INFO - [2023-05-26T20:52:59.136+0000] {dagbag.py:541} INFO - Filling up the DagBag from /home/airflow/.local/lib/python3.7/site-packages/airflow/example_dags/example_skip_dag.py
[2023-05-26T20:52:59.142+0000] {processor.py:836} INFO - DAG(s) dict_keys(['example_skip_dag']) retrieved from /home/airflow/.local/lib/python3.7/site-packages/airflow/example_dags/example_skip_dag.py
[2023-05-26T20:52:59.162+0000] {logging_mixin.py:149} INFO - [2023-05-26T20:52:59.162+0000] {dag.py:2726} INFO - Sync 1 DAGs
[2023-05-26T20:52:59.183+0000] {logging_mixin.py:149} INFO - [2023-05-26T20:52:59.183+0000] {dag.py:3490} INFO - Setting next_dagrun for example_skip_dag to 2023-05-25T20:52:59.182985+00:00, run_after=2023-05-26T20:52:59.182985+00:00
[2023-05-26T20:52:59.199+0000] {processor.py:179} INFO - Processing /home/airflow/.local/lib/python3.7/site-packages/airflow/example_dags/example_skip_dag.py took 0.069 seconds
[2023-05-26T20:53:29.768+0000] {processor.py:157} INFO - Started process (PID=2825) to work on /home/airflow/.local/lib/python3.7/site-packages/airflow/example_dags/example_skip_dag.py
[2023-05-26T20:53:29.770+0000] {processor.py:826} INFO - Processing file /home/airflow/.local/lib/python3.7/site-packages/airflow/example_dags/example_skip_dag.py for tasks to queue
[2023-05-26T20:53:29.771+0000] {logging_mixin.py:149} INFO - [2023-05-26T20:53:29.771+0000] {dagbag.py:541} INFO - Filling up the DagBag from /home/airflow/.local/lib/python3.7/site-packages/airflow/example_dags/example_skip_dag.py
[2023-05-26T20:53:29.777+0000] {processor.py:836} INFO - DAG(s) dict_keys(['example_skip_dag']) retrieved from /home/airflow/.local/lib/python3.7/site-packages/airflow/example_dags/example_skip_dag.py
[2023-05-26T20:53:29.797+0000] {logging_mixin.py:149} INFO - [2023-05-26T20:53:29.797+0000] {dag.py:2726} INFO - Sync 1 DAGs
[2023-05-26T20:53:29.813+0000] {logging_mixin.py:149} INFO - [2023-05-26T20:53:29.813+0000] {dag.py:3490} INFO - Setting next_dagrun for example_skip_dag to 2023-05-25T20:53:29.813301+00:00, run_after=2023-05-26T20:53:29.813301+00:00
[2023-05-26T20:53:29.825+0000] {processor.py:179} INFO - Processing /home/airflow/.local/lib/python3.7/site-packages/airflow/example_dags/example_skip_dag.py took 0.060 seconds
[2023-05-26T20:54:00.521+0000] {processor.py:157} INFO - Started process (PID=2880) to work on /home/airflow/.local/lib/python3.7/site-packages/airflow/example_dags/example_skip_dag.py
[2023-05-26T20:54:00.522+0000] {processor.py:826} INFO - Processing file /home/airflow/.local/lib/python3.7/site-packages/airflow/example_dags/example_skip_dag.py for tasks to queue
[2023-05-26T20:54:00.523+0000] {logging_mixin.py:149} INFO - [2023-05-26T20:54:00.523+0000] {dagbag.py:541} INFO - Filling up the DagBag from /home/airflow/.local/lib/python3.7/site-packages/airflow/example_dags/example_skip_dag.py
[2023-05-26T20:54:00.529+0000] {processor.py:836} INFO - DAG(s) dict_keys(['example_skip_dag']) retrieved from /home/airflow/.local/lib/python3.7/site-packages/airflow/example_dags/example_skip_dag.py
[2023-05-26T20:54:00.548+0000] {logging_mixin.py:149} INFO - [2023-05-26T20:54:00.548+0000] {dag.py:2726} INFO - Sync 1 DAGs
[2023-05-26T20:54:00.565+0000] {logging_mixin.py:149} INFO - [2023-05-26T20:54:00.565+0000] {dag.py:3490} INFO - Setting next_dagrun for example_skip_dag to 2023-05-25T20:54:00.565357+00:00, run_after=2023-05-26T20:54:00.565357+00:00
[2023-05-26T20:54:00.579+0000] {processor.py:179} INFO - Processing /home/airflow/.local/lib/python3.7/site-packages/airflow/example_dags/example_skip_dag.py took 0.061 seconds
[2023-05-26T20:54:31.034+0000] {processor.py:157} INFO - Started process (PID=2936) to work on /home/airflow/.local/lib/python3.7/site-packages/airflow/example_dags/example_skip_dag.py
[2023-05-26T20:54:31.036+0000] {processor.py:826} INFO - Processing file /home/airflow/.local/lib/python3.7/site-packages/airflow/example_dags/example_skip_dag.py for tasks to queue
[2023-05-26T20:54:31.037+0000] {logging_mixin.py:149} INFO - [2023-05-26T20:54:31.037+0000] {dagbag.py:541} INFO - Filling up the DagBag from /home/airflow/.local/lib/python3.7/site-packages/airflow/example_dags/example_skip_dag.py
[2023-05-26T20:54:31.052+0000] {processor.py:836} INFO - DAG(s) dict_keys(['example_skip_dag']) retrieved from /home/airflow/.local/lib/python3.7/site-packages/airflow/example_dags/example_skip_dag.py
[2023-05-26T20:54:31.074+0000] {logging_mixin.py:149} INFO - [2023-05-26T20:54:31.074+0000] {dag.py:2726} INFO - Sync 1 DAGs
[2023-05-26T20:54:31.090+0000] {logging_mixin.py:149} INFO - [2023-05-26T20:54:31.090+0000] {dag.py:3490} INFO - Setting next_dagrun for example_skip_dag to 2023-05-25T20:54:31.090434+00:00, run_after=2023-05-26T20:54:31.090434+00:00
[2023-05-26T20:54:31.103+0000] {processor.py:179} INFO - Processing /home/airflow/.local/lib/python3.7/site-packages/airflow/example_dags/example_skip_dag.py took 0.072 seconds
[2023-05-26T20:55:01.644+0000] {processor.py:157} INFO - Started process (PID=2992) to work on /home/airflow/.local/lib/python3.7/site-packages/airflow/example_dags/example_skip_dag.py
[2023-05-26T20:55:01.646+0000] {processor.py:826} INFO - Processing file /home/airflow/.local/lib/python3.7/site-packages/airflow/example_dags/example_skip_dag.py for tasks to queue
[2023-05-26T20:55:01.647+0000] {logging_mixin.py:149} INFO - [2023-05-26T20:55:01.647+0000] {dagbag.py:541} INFO - Filling up the DagBag from /home/airflow/.local/lib/python3.7/site-packages/airflow/example_dags/example_skip_dag.py
[2023-05-26T20:55:01.652+0000] {processor.py:836} INFO - DAG(s) dict_keys(['example_skip_dag']) retrieved from /home/airflow/.local/lib/python3.7/site-packages/airflow/example_dags/example_skip_dag.py
[2023-05-26T20:55:01.672+0000] {logging_mixin.py:149} INFO - [2023-05-26T20:55:01.672+0000] {dag.py:2726} INFO - Sync 1 DAGs
[2023-05-26T20:55:01.690+0000] {logging_mixin.py:149} INFO - [2023-05-26T20:55:01.690+0000] {dag.py:3490} INFO - Setting next_dagrun for example_skip_dag to 2023-05-25T20:55:01.690144+00:00, run_after=2023-05-26T20:55:01.690144+00:00
[2023-05-26T20:55:01.703+0000] {processor.py:179} INFO - Processing /home/airflow/.local/lib/python3.7/site-packages/airflow/example_dags/example_skip_dag.py took 0.061 seconds
[2023-05-26T20:55:32.287+0000] {processor.py:157} INFO - Started process (PID=3049) to work on /home/airflow/.local/lib/python3.7/site-packages/airflow/example_dags/example_skip_dag.py
[2023-05-26T20:55:32.289+0000] {processor.py:826} INFO - Processing file /home/airflow/.local/lib/python3.7/site-packages/airflow/example_dags/example_skip_dag.py for tasks to queue
[2023-05-26T20:55:32.290+0000] {logging_mixin.py:149} INFO - [2023-05-26T20:55:32.290+0000] {dagbag.py:541} INFO - Filling up the DagBag from /home/airflow/.local/lib/python3.7/site-packages/airflow/example_dags/example_skip_dag.py
[2023-05-26T20:55:32.296+0000] {processor.py:836} INFO - DAG(s) dict_keys(['example_skip_dag']) retrieved from /home/airflow/.local/lib/python3.7/site-packages/airflow/example_dags/example_skip_dag.py
[2023-05-26T20:55:32.316+0000] {logging_mixin.py:149} INFO - [2023-05-26T20:55:32.316+0000] {dag.py:2726} INFO - Sync 1 DAGs
[2023-05-26T20:55:32.333+0000] {logging_mixin.py:149} INFO - [2023-05-26T20:55:32.333+0000] {dag.py:3490} INFO - Setting next_dagrun for example_skip_dag to 2023-05-25T20:55:32.333465+00:00, run_after=2023-05-26T20:55:32.333465+00:00
[2023-05-26T20:55:32.347+0000] {processor.py:179} INFO - Processing /home/airflow/.local/lib/python3.7/site-packages/airflow/example_dags/example_skip_dag.py took 0.062 seconds
[2023-05-26T20:56:03.044+0000] {processor.py:157} INFO - Started process (PID=3105) to work on /home/airflow/.local/lib/python3.7/site-packages/airflow/example_dags/example_skip_dag.py
[2023-05-26T20:56:03.046+0000] {processor.py:826} INFO - Processing file /home/airflow/.local/lib/python3.7/site-packages/airflow/example_dags/example_skip_dag.py for tasks to queue
[2023-05-26T20:56:03.046+0000] {logging_mixin.py:149} INFO - [2023-05-26T20:56:03.046+0000] {dagbag.py:541} INFO - Filling up the DagBag from /home/airflow/.local/lib/python3.7/site-packages/airflow/example_dags/example_skip_dag.py
[2023-05-26T20:56:03.053+0000] {processor.py:836} INFO - DAG(s) dict_keys(['example_skip_dag']) retrieved from /home/airflow/.local/lib/python3.7/site-packages/airflow/example_dags/example_skip_dag.py
[2023-05-26T20:56:03.073+0000] {logging_mixin.py:149} INFO - [2023-05-26T20:56:03.073+0000] {dag.py:2726} INFO - Sync 1 DAGs
[2023-05-26T20:56:03.090+0000] {logging_mixin.py:149} INFO - [2023-05-26T20:56:03.090+0000] {dag.py:3490} INFO - Setting next_dagrun for example_skip_dag to 2023-05-25T20:56:03.090137+00:00, run_after=2023-05-26T20:56:03.090137+00:00
[2023-05-26T20:56:03.103+0000] {processor.py:179} INFO - Processing /home/airflow/.local/lib/python3.7/site-packages/airflow/example_dags/example_skip_dag.py took 0.062 seconds
[2023-05-26T20:56:34.119+0000] {processor.py:157} INFO - Started process (PID=3161) to work on /home/airflow/.local/lib/python3.7/site-packages/airflow/example_dags/example_skip_dag.py
[2023-05-26T20:56:34.121+0000] {processor.py:826} INFO - Processing file /home/airflow/.local/lib/python3.7/site-packages/airflow/example_dags/example_skip_dag.py for tasks to queue
[2023-05-26T20:56:34.122+0000] {logging_mixin.py:149} INFO - [2023-05-26T20:56:34.122+0000] {dagbag.py:541} INFO - Filling up the DagBag from /home/airflow/.local/lib/python3.7/site-packages/airflow/example_dags/example_skip_dag.py
[2023-05-26T20:56:34.128+0000] {processor.py:836} INFO - DAG(s) dict_keys(['example_skip_dag']) retrieved from /home/airflow/.local/lib/python3.7/site-packages/airflow/example_dags/example_skip_dag.py
[2023-05-26T20:56:34.150+0000] {logging_mixin.py:149} INFO - [2023-05-26T20:56:34.150+0000] {dag.py:2726} INFO - Sync 1 DAGs
[2023-05-26T20:56:34.172+0000] {logging_mixin.py:149} INFO - [2023-05-26T20:56:34.172+0000] {dag.py:3490} INFO - Setting next_dagrun for example_skip_dag to 2023-05-25T20:56:34.172566+00:00, run_after=2023-05-26T20:56:34.172566+00:00
[2023-05-26T20:56:34.188+0000] {processor.py:179} INFO - Processing /home/airflow/.local/lib/python3.7/site-packages/airflow/example_dags/example_skip_dag.py took 0.071 seconds
[2023-05-26T20:57:04.481+0000] {processor.py:157} INFO - Started process (PID=3217) to work on /home/airflow/.local/lib/python3.7/site-packages/airflow/example_dags/example_skip_dag.py
[2023-05-26T20:57:04.483+0000] {processor.py:826} INFO - Processing file /home/airflow/.local/lib/python3.7/site-packages/airflow/example_dags/example_skip_dag.py for tasks to queue
[2023-05-26T20:57:04.484+0000] {logging_mixin.py:149} INFO - [2023-05-26T20:57:04.484+0000] {dagbag.py:541} INFO - Filling up the DagBag from /home/airflow/.local/lib/python3.7/site-packages/airflow/example_dags/example_skip_dag.py
[2023-05-26T20:57:04.489+0000] {processor.py:836} INFO - DAG(s) dict_keys(['example_skip_dag']) retrieved from /home/airflow/.local/lib/python3.7/site-packages/airflow/example_dags/example_skip_dag.py
[2023-05-26T20:57:04.509+0000] {logging_mixin.py:149} INFO - [2023-05-26T20:57:04.509+0000] {dag.py:2726} INFO - Sync 1 DAGs
[2023-05-26T20:57:04.525+0000] {logging_mixin.py:149} INFO - [2023-05-26T20:57:04.525+0000] {dag.py:3490} INFO - Setting next_dagrun for example_skip_dag to 2023-05-25T20:57:04.525208+00:00, run_after=2023-05-26T20:57:04.525208+00:00
[2023-05-26T20:57:04.537+0000] {processor.py:179} INFO - Processing /home/airflow/.local/lib/python3.7/site-packages/airflow/example_dags/example_skip_dag.py took 0.058 seconds
[2023-05-26T20:57:35.557+0000] {processor.py:157} INFO - Started process (PID=3273) to work on /home/airflow/.local/lib/python3.7/site-packages/airflow/example_dags/example_skip_dag.py
[2023-05-26T20:57:35.559+0000] {processor.py:826} INFO - Processing file /home/airflow/.local/lib/python3.7/site-packages/airflow/example_dags/example_skip_dag.py for tasks to queue
[2023-05-26T20:57:35.559+0000] {logging_mixin.py:149} INFO - [2023-05-26T20:57:35.559+0000] {dagbag.py:541} INFO - Filling up the DagBag from /home/airflow/.local/lib/python3.7/site-packages/airflow/example_dags/example_skip_dag.py
[2023-05-26T20:57:35.566+0000] {processor.py:836} INFO - DAG(s) dict_keys(['example_skip_dag']) retrieved from /home/airflow/.local/lib/python3.7/site-packages/airflow/example_dags/example_skip_dag.py
[2023-05-26T20:57:35.586+0000] {logging_mixin.py:149} INFO - [2023-05-26T20:57:35.586+0000] {dag.py:2726} INFO - Sync 1 DAGs
[2023-05-26T20:57:35.602+0000] {logging_mixin.py:149} INFO - [2023-05-26T20:57:35.602+0000] {dag.py:3490} INFO - Setting next_dagrun for example_skip_dag to 2023-05-25T20:57:35.602416+00:00, run_after=2023-05-26T20:57:35.602416+00:00
[2023-05-26T20:57:35.616+0000] {processor.py:179} INFO - Processing /home/airflow/.local/lib/python3.7/site-packages/airflow/example_dags/example_skip_dag.py took 0.062 seconds
[2023-05-26T21:01:25.493+0000] {processor.py:157} INFO - Started process (PID=3314) to work on /home/airflow/.local/lib/python3.7/site-packages/airflow/example_dags/example_skip_dag.py
[2023-05-26T21:01:25.494+0000] {processor.py:826} INFO - Processing file /home/airflow/.local/lib/python3.7/site-packages/airflow/example_dags/example_skip_dag.py for tasks to queue
[2023-05-26T21:01:25.495+0000] {logging_mixin.py:149} INFO - [2023-05-26T21:01:25.495+0000] {dagbag.py:541} INFO - Filling up the DagBag from /home/airflow/.local/lib/python3.7/site-packages/airflow/example_dags/example_skip_dag.py
[2023-05-26T21:01:25.502+0000] {processor.py:836} INFO - DAG(s) dict_keys(['example_skip_dag']) retrieved from /home/airflow/.local/lib/python3.7/site-packages/airflow/example_dags/example_skip_dag.py
[2023-05-26T21:01:25.524+0000] {logging_mixin.py:149} INFO - [2023-05-26T21:01:25.524+0000] {dag.py:2726} INFO - Sync 1 DAGs
[2023-05-26T21:01:25.546+0000] {logging_mixin.py:149} INFO - [2023-05-26T21:01:25.545+0000] {dag.py:3490} INFO - Setting next_dagrun for example_skip_dag to 2023-05-25T21:01:25.545722+00:00, run_after=2023-05-26T21:01:25.545722+00:00
[2023-05-26T21:01:25.563+0000] {processor.py:179} INFO - Processing /home/airflow/.local/lib/python3.7/site-packages/airflow/example_dags/example_skip_dag.py took 0.073 seconds
[2023-05-26T21:01:57.001+0000] {processor.py:157} INFO - Started process (PID=3370) to work on /home/airflow/.local/lib/python3.7/site-packages/airflow/example_dags/example_skip_dag.py
[2023-05-26T21:01:57.004+0000] {processor.py:826} INFO - Processing file /home/airflow/.local/lib/python3.7/site-packages/airflow/example_dags/example_skip_dag.py for tasks to queue
[2023-05-26T21:01:57.005+0000] {logging_mixin.py:149} INFO - [2023-05-26T21:01:57.005+0000] {dagbag.py:541} INFO - Filling up the DagBag from /home/airflow/.local/lib/python3.7/site-packages/airflow/example_dags/example_skip_dag.py
[2023-05-26T21:01:57.012+0000] {processor.py:836} INFO - DAG(s) dict_keys(['example_skip_dag']) retrieved from /home/airflow/.local/lib/python3.7/site-packages/airflow/example_dags/example_skip_dag.py
[2023-05-26T21:01:57.040+0000] {logging_mixin.py:149} INFO - [2023-05-26T21:01:57.040+0000] {dag.py:2726} INFO - Sync 1 DAGs
[2023-05-26T21:01:57.060+0000] {logging_mixin.py:149} INFO - [2023-05-26T21:01:57.060+0000] {dag.py:3490} INFO - Setting next_dagrun for example_skip_dag to 2023-05-25T21:01:57.059783+00:00, run_after=2023-05-26T21:01:57.059783+00:00
[2023-05-26T21:01:57.076+0000] {processor.py:179} INFO - Processing /home/airflow/.local/lib/python3.7/site-packages/airflow/example_dags/example_skip_dag.py took 0.078 seconds
[2023-05-26T21:02:27.789+0000] {processor.py:157} INFO - Started process (PID=3426) to work on /home/airflow/.local/lib/python3.7/site-packages/airflow/example_dags/example_skip_dag.py
[2023-05-26T21:02:27.792+0000] {processor.py:826} INFO - Processing file /home/airflow/.local/lib/python3.7/site-packages/airflow/example_dags/example_skip_dag.py for tasks to queue
[2023-05-26T21:02:27.793+0000] {logging_mixin.py:149} INFO - [2023-05-26T21:02:27.793+0000] {dagbag.py:541} INFO - Filling up the DagBag from /home/airflow/.local/lib/python3.7/site-packages/airflow/example_dags/example_skip_dag.py
[2023-05-26T21:02:27.800+0000] {processor.py:836} INFO - DAG(s) dict_keys(['example_skip_dag']) retrieved from /home/airflow/.local/lib/python3.7/site-packages/airflow/example_dags/example_skip_dag.py
[2023-05-26T21:02:27.822+0000] {logging_mixin.py:149} INFO - [2023-05-26T21:02:27.822+0000] {dag.py:2726} INFO - Sync 1 DAGs
[2023-05-26T21:02:27.839+0000] {logging_mixin.py:149} INFO - [2023-05-26T21:02:27.839+0000] {dag.py:3490} INFO - Setting next_dagrun for example_skip_dag to 2023-05-25T21:02:27.839523+00:00, run_after=2023-05-26T21:02:27.839523+00:00
[2023-05-26T21:02:27.853+0000] {processor.py:179} INFO - Processing /home/airflow/.local/lib/python3.7/site-packages/airflow/example_dags/example_skip_dag.py took 0.067 seconds
[2023-05-26T21:02:58.435+0000] {processor.py:157} INFO - Started process (PID=3482) to work on /home/airflow/.local/lib/python3.7/site-packages/airflow/example_dags/example_skip_dag.py
[2023-05-26T21:02:58.437+0000] {processor.py:826} INFO - Processing file /home/airflow/.local/lib/python3.7/site-packages/airflow/example_dags/example_skip_dag.py for tasks to queue
[2023-05-26T21:02:58.438+0000] {logging_mixin.py:149} INFO - [2023-05-26T21:02:58.438+0000] {dagbag.py:541} INFO - Filling up the DagBag from /home/airflow/.local/lib/python3.7/site-packages/airflow/example_dags/example_skip_dag.py
[2023-05-26T21:02:58.444+0000] {processor.py:836} INFO - DAG(s) dict_keys(['example_skip_dag']) retrieved from /home/airflow/.local/lib/python3.7/site-packages/airflow/example_dags/example_skip_dag.py
[2023-05-26T21:02:58.463+0000] {logging_mixin.py:149} INFO - [2023-05-26T21:02:58.463+0000] {dag.py:2726} INFO - Sync 1 DAGs
[2023-05-26T21:02:58.478+0000] {logging_mixin.py:149} INFO - [2023-05-26T21:02:58.478+0000] {dag.py:3490} INFO - Setting next_dagrun for example_skip_dag to 2023-05-25T21:02:58.478367+00:00, run_after=2023-05-26T21:02:58.478367+00:00
[2023-05-26T21:02:58.491+0000] {processor.py:179} INFO - Processing /home/airflow/.local/lib/python3.7/site-packages/airflow/example_dags/example_skip_dag.py took 0.059 seconds
[2023-05-26T21:03:29.076+0000] {processor.py:157} INFO - Started process (PID=3538) to work on /home/airflow/.local/lib/python3.7/site-packages/airflow/example_dags/example_skip_dag.py
[2023-05-26T21:03:29.078+0000] {processor.py:826} INFO - Processing file /home/airflow/.local/lib/python3.7/site-packages/airflow/example_dags/example_skip_dag.py for tasks to queue
[2023-05-26T21:03:29.079+0000] {logging_mixin.py:149} INFO - [2023-05-26T21:03:29.078+0000] {dagbag.py:541} INFO - Filling up the DagBag from /home/airflow/.local/lib/python3.7/site-packages/airflow/example_dags/example_skip_dag.py
[2023-05-26T21:03:29.084+0000] {processor.py:836} INFO - DAG(s) dict_keys(['example_skip_dag']) retrieved from /home/airflow/.local/lib/python3.7/site-packages/airflow/example_dags/example_skip_dag.py
[2023-05-26T21:03:29.105+0000] {logging_mixin.py:149} INFO - [2023-05-26T21:03:29.105+0000] {dag.py:2726} INFO - Sync 1 DAGs
[2023-05-26T21:03:29.121+0000] {logging_mixin.py:149} INFO - [2023-05-26T21:03:29.121+0000] {dag.py:3490} INFO - Setting next_dagrun for example_skip_dag to 2023-05-25T21:03:29.121271+00:00, run_after=2023-05-26T21:03:29.121271+00:00
[2023-05-26T21:03:29.133+0000] {processor.py:179} INFO - Processing /home/airflow/.local/lib/python3.7/site-packages/airflow/example_dags/example_skip_dag.py took 0.060 seconds
[2023-05-26T21:03:59.964+0000] {processor.py:157} INFO - Started process (PID=3595) to work on /home/airflow/.local/lib/python3.7/site-packages/airflow/example_dags/example_skip_dag.py
[2023-05-26T21:03:59.966+0000] {processor.py:826} INFO - Processing file /home/airflow/.local/lib/python3.7/site-packages/airflow/example_dags/example_skip_dag.py for tasks to queue
[2023-05-26T21:03:59.967+0000] {logging_mixin.py:149} INFO - [2023-05-26T21:03:59.967+0000] {dagbag.py:541} INFO - Filling up the DagBag from /home/airflow/.local/lib/python3.7/site-packages/airflow/example_dags/example_skip_dag.py
[2023-05-26T21:03:59.974+0000] {processor.py:836} INFO - DAG(s) dict_keys(['example_skip_dag']) retrieved from /home/airflow/.local/lib/python3.7/site-packages/airflow/example_dags/example_skip_dag.py
[2023-05-26T21:03:59.995+0000] {logging_mixin.py:149} INFO - [2023-05-26T21:03:59.995+0000] {dag.py:2726} INFO - Sync 1 DAGs
[2023-05-26T21:04:00.014+0000] {logging_mixin.py:149} INFO - [2023-05-26T21:04:00.014+0000] {dag.py:3490} INFO - Setting next_dagrun for example_skip_dag to 2023-05-25T21:04:00.014641+00:00, run_after=2023-05-26T21:04:00.014641+00:00
[2023-05-26T21:04:00.028+0000] {processor.py:179} INFO - Processing /home/airflow/.local/lib/python3.7/site-packages/airflow/example_dags/example_skip_dag.py took 0.067 seconds
[2023-05-26T21:04:30.860+0000] {processor.py:157} INFO - Started process (PID=3651) to work on /home/airflow/.local/lib/python3.7/site-packages/airflow/example_dags/example_skip_dag.py
[2023-05-26T21:04:30.862+0000] {processor.py:826} INFO - Processing file /home/airflow/.local/lib/python3.7/site-packages/airflow/example_dags/example_skip_dag.py for tasks to queue
[2023-05-26T21:04:30.863+0000] {logging_mixin.py:149} INFO - [2023-05-26T21:04:30.863+0000] {dagbag.py:541} INFO - Filling up the DagBag from /home/airflow/.local/lib/python3.7/site-packages/airflow/example_dags/example_skip_dag.py
[2023-05-26T21:04:30.874+0000] {processor.py:836} INFO - DAG(s) dict_keys(['example_skip_dag']) retrieved from /home/airflow/.local/lib/python3.7/site-packages/airflow/example_dags/example_skip_dag.py
[2023-05-26T21:04:30.901+0000] {logging_mixin.py:149} INFO - [2023-05-26T21:04:30.901+0000] {dag.py:2726} INFO - Sync 1 DAGs
[2023-05-26T21:04:30.930+0000] {logging_mixin.py:149} INFO - [2023-05-26T21:04:30.930+0000] {dag.py:3490} INFO - Setting next_dagrun for example_skip_dag to 2023-05-25T21:04:30.930124+00:00, run_after=2023-05-26T21:04:30.930124+00:00
[2023-05-26T21:04:30.945+0000] {processor.py:179} INFO - Processing /home/airflow/.local/lib/python3.7/site-packages/airflow/example_dags/example_skip_dag.py took 0.087 seconds
[2023-05-26T21:05:03.780+0000] {processor.py:157} INFO - Started process (PID=68) to work on /home/airflow/.local/lib/python3.7/site-packages/airflow/example_dags/example_skip_dag.py
[2023-05-26T21:05:03.783+0000] {processor.py:826} INFO - Processing file /home/airflow/.local/lib/python3.7/site-packages/airflow/example_dags/example_skip_dag.py for tasks to queue
[2023-05-26T21:05:03.784+0000] {logging_mixin.py:149} INFO - [2023-05-26T21:05:03.784+0000] {dagbag.py:541} INFO - Filling up the DagBag from /home/airflow/.local/lib/python3.7/site-packages/airflow/example_dags/example_skip_dag.py
[2023-05-26T21:05:03.790+0000] {processor.py:836} INFO - DAG(s) dict_keys(['example_skip_dag']) retrieved from /home/airflow/.local/lib/python3.7/site-packages/airflow/example_dags/example_skip_dag.py
[2023-05-26T21:05:03.809+0000] {logging_mixin.py:149} INFO - [2023-05-26T21:05:03.809+0000] {dag.py:2726} INFO - Sync 1 DAGs
[2023-05-26T21:05:03.826+0000] {logging_mixin.py:149} INFO - [2023-05-26T21:05:03.826+0000] {dag.py:3490} INFO - Setting next_dagrun for example_skip_dag to 2023-05-25T21:05:03.826299+00:00, run_after=2023-05-26T21:05:03.826299+00:00
[2023-05-26T21:05:03.841+0000] {processor.py:179} INFO - Processing /home/airflow/.local/lib/python3.7/site-packages/airflow/example_dags/example_skip_dag.py took 0.064 seconds
[2023-05-26T21:05:34.610+0000] {processor.py:157} INFO - Started process (PID=124) to work on /home/airflow/.local/lib/python3.7/site-packages/airflow/example_dags/example_skip_dag.py
[2023-05-26T21:05:34.611+0000] {processor.py:826} INFO - Processing file /home/airflow/.local/lib/python3.7/site-packages/airflow/example_dags/example_skip_dag.py for tasks to queue
[2023-05-26T21:05:34.612+0000] {logging_mixin.py:149} INFO - [2023-05-26T21:05:34.612+0000] {dagbag.py:541} INFO - Filling up the DagBag from /home/airflow/.local/lib/python3.7/site-packages/airflow/example_dags/example_skip_dag.py
[2023-05-26T21:05:34.618+0000] {processor.py:836} INFO - DAG(s) dict_keys(['example_skip_dag']) retrieved from /home/airflow/.local/lib/python3.7/site-packages/airflow/example_dags/example_skip_dag.py
[2023-05-26T21:05:34.639+0000] {logging_mixin.py:149} INFO - [2023-05-26T21:05:34.638+0000] {dag.py:2726} INFO - Sync 1 DAGs
[2023-05-26T21:05:34.657+0000] {logging_mixin.py:149} INFO - [2023-05-26T21:05:34.657+0000] {dag.py:3490} INFO - Setting next_dagrun for example_skip_dag to 2023-05-25T21:05:34.657639+00:00, run_after=2023-05-26T21:05:34.657639+00:00
[2023-05-26T21:05:34.673+0000] {processor.py:179} INFO - Processing /home/airflow/.local/lib/python3.7/site-packages/airflow/example_dags/example_skip_dag.py took 0.067 seconds
[2023-05-26T21:06:05.135+0000] {processor.py:157} INFO - Started process (PID=180) to work on /home/airflow/.local/lib/python3.7/site-packages/airflow/example_dags/example_skip_dag.py
[2023-05-26T21:06:05.137+0000] {processor.py:826} INFO - Processing file /home/airflow/.local/lib/python3.7/site-packages/airflow/example_dags/example_skip_dag.py for tasks to queue
[2023-05-26T21:06:05.138+0000] {logging_mixin.py:149} INFO - [2023-05-26T21:06:05.138+0000] {dagbag.py:541} INFO - Filling up the DagBag from /home/airflow/.local/lib/python3.7/site-packages/airflow/example_dags/example_skip_dag.py
[2023-05-26T21:06:05.143+0000] {processor.py:836} INFO - DAG(s) dict_keys(['example_skip_dag']) retrieved from /home/airflow/.local/lib/python3.7/site-packages/airflow/example_dags/example_skip_dag.py
[2023-05-26T21:06:05.162+0000] {logging_mixin.py:149} INFO - [2023-05-26T21:06:05.162+0000] {dag.py:2726} INFO - Sync 1 DAGs
[2023-05-26T21:06:05.180+0000] {logging_mixin.py:149} INFO - [2023-05-26T21:06:05.180+0000] {dag.py:3490} INFO - Setting next_dagrun for example_skip_dag to 2023-05-25T21:06:05.180259+00:00, run_after=2023-05-26T21:06:05.180259+00:00
[2023-05-26T21:06:05.193+0000] {processor.py:179} INFO - Processing /home/airflow/.local/lib/python3.7/site-packages/airflow/example_dags/example_skip_dag.py took 0.061 seconds
[2023-05-26T21:06:40.995+0000] {processor.py:157} INFO - Started process (PID=236) to work on /home/airflow/.local/lib/python3.7/site-packages/airflow/example_dags/example_skip_dag.py
[2023-05-26T21:06:40.996+0000] {processor.py:826} INFO - Processing file /home/airflow/.local/lib/python3.7/site-packages/airflow/example_dags/example_skip_dag.py for tasks to queue
[2023-05-26T21:06:40.997+0000] {logging_mixin.py:149} INFO - [2023-05-26T21:06:40.997+0000] {dagbag.py:541} INFO - Filling up the DagBag from /home/airflow/.local/lib/python3.7/site-packages/airflow/example_dags/example_skip_dag.py
[2023-05-26T21:06:41.003+0000] {processor.py:836} INFO - DAG(s) dict_keys(['example_skip_dag']) retrieved from /home/airflow/.local/lib/python3.7/site-packages/airflow/example_dags/example_skip_dag.py
[2023-05-26T21:06:41.016+0000] {logging_mixin.py:149} INFO - [2023-05-26T21:06:41.016+0000] {dag.py:2726} INFO - Sync 1 DAGs
[2023-05-26T21:06:41.035+0000] {logging_mixin.py:149} INFO - [2023-05-26T21:06:41.035+0000] {dag.py:3490} INFO - Setting next_dagrun for example_skip_dag to 2023-05-25T21:06:41.034959+00:00, run_after=2023-05-26T21:06:41.034959+00:00
[2023-05-26T21:06:41.047+0000] {processor.py:179} INFO - Processing /home/airflow/.local/lib/python3.7/site-packages/airflow/example_dags/example_skip_dag.py took 0.055 seconds
[2023-05-26T21:07:11.560+0000] {processor.py:157} INFO - Started process (PID=293) to work on /home/airflow/.local/lib/python3.7/site-packages/airflow/example_dags/example_skip_dag.py
[2023-05-26T21:07:11.562+0000] {processor.py:826} INFO - Processing file /home/airflow/.local/lib/python3.7/site-packages/airflow/example_dags/example_skip_dag.py for tasks to queue
[2023-05-26T21:07:11.563+0000] {logging_mixin.py:149} INFO - [2023-05-26T21:07:11.563+0000] {dagbag.py:541} INFO - Filling up the DagBag from /home/airflow/.local/lib/python3.7/site-packages/airflow/example_dags/example_skip_dag.py
[2023-05-26T21:07:11.568+0000] {processor.py:836} INFO - DAG(s) dict_keys(['example_skip_dag']) retrieved from /home/airflow/.local/lib/python3.7/site-packages/airflow/example_dags/example_skip_dag.py
[2023-05-26T21:07:11.590+0000] {logging_mixin.py:149} INFO - [2023-05-26T21:07:11.590+0000] {dag.py:2726} INFO - Sync 1 DAGs
[2023-05-26T21:07:11.608+0000] {logging_mixin.py:149} INFO - [2023-05-26T21:07:11.608+0000] {dag.py:3490} INFO - Setting next_dagrun for example_skip_dag to 2023-05-25T21:07:11.608204+00:00, run_after=2023-05-26T21:07:11.608204+00:00
[2023-05-26T21:07:11.620+0000] {processor.py:179} INFO - Processing /home/airflow/.local/lib/python3.7/site-packages/airflow/example_dags/example_skip_dag.py took 0.062 seconds
[2023-05-26T21:07:42.281+0000] {processor.py:157} INFO - Started process (PID=349) to work on /home/airflow/.local/lib/python3.7/site-packages/airflow/example_dags/example_skip_dag.py
[2023-05-26T21:07:42.283+0000] {processor.py:826} INFO - Processing file /home/airflow/.local/lib/python3.7/site-packages/airflow/example_dags/example_skip_dag.py for tasks to queue
[2023-05-26T21:07:42.284+0000] {logging_mixin.py:149} INFO - [2023-05-26T21:07:42.284+0000] {dagbag.py:541} INFO - Filling up the DagBag from /home/airflow/.local/lib/python3.7/site-packages/airflow/example_dags/example_skip_dag.py
[2023-05-26T21:07:42.290+0000] {processor.py:836} INFO - DAG(s) dict_keys(['example_skip_dag']) retrieved from /home/airflow/.local/lib/python3.7/site-packages/airflow/example_dags/example_skip_dag.py
[2023-05-26T21:07:42.311+0000] {logging_mixin.py:149} INFO - [2023-05-26T21:07:42.311+0000] {dag.py:2726} INFO - Sync 1 DAGs
[2023-05-26T21:07:42.329+0000] {logging_mixin.py:149} INFO - [2023-05-26T21:07:42.329+0000] {dag.py:3490} INFO - Setting next_dagrun for example_skip_dag to 2023-05-25T21:07:42.329370+00:00, run_after=2023-05-26T21:07:42.329370+00:00
[2023-05-26T21:07:42.343+0000] {processor.py:179} INFO - Processing /home/airflow/.local/lib/python3.7/site-packages/airflow/example_dags/example_skip_dag.py took 0.064 seconds
[2023-05-26T21:08:12.620+0000] {processor.py:157} INFO - Started process (PID=405) to work on /home/airflow/.local/lib/python3.7/site-packages/airflow/example_dags/example_skip_dag.py
[2023-05-26T21:08:12.622+0000] {processor.py:826} INFO - Processing file /home/airflow/.local/lib/python3.7/site-packages/airflow/example_dags/example_skip_dag.py for tasks to queue
[2023-05-26T21:08:12.623+0000] {logging_mixin.py:149} INFO - [2023-05-26T21:08:12.623+0000] {dagbag.py:541} INFO - Filling up the DagBag from /home/airflow/.local/lib/python3.7/site-packages/airflow/example_dags/example_skip_dag.py
[2023-05-26T21:08:12.629+0000] {processor.py:836} INFO - DAG(s) dict_keys(['example_skip_dag']) retrieved from /home/airflow/.local/lib/python3.7/site-packages/airflow/example_dags/example_skip_dag.py
[2023-05-26T21:08:12.649+0000] {logging_mixin.py:149} INFO - [2023-05-26T21:08:12.649+0000] {dag.py:2726} INFO - Sync 1 DAGs
[2023-05-26T21:08:12.665+0000] {logging_mixin.py:149} INFO - [2023-05-26T21:08:12.665+0000] {dag.py:3490} INFO - Setting next_dagrun for example_skip_dag to 2023-05-25T21:08:12.665184+00:00, run_after=2023-05-26T21:08:12.665184+00:00
[2023-05-26T21:08:12.677+0000] {processor.py:179} INFO - Processing /home/airflow/.local/lib/python3.7/site-packages/airflow/example_dags/example_skip_dag.py took 0.060 seconds
