[2023-05-26T20:28:32.916+0000] {processor.py:157} INFO - Started process (PID=52) to work on /home/airflow/.local/lib/python3.7/site-packages/airflow/example_dags/tutorial.py
[2023-05-26T20:28:32.918+0000] {processor.py:826} INFO - Processing file /home/airflow/.local/lib/python3.7/site-packages/airflow/example_dags/tutorial.py for tasks to queue
[2023-05-26T20:28:32.920+0000] {logging_mixin.py:149} INFO - [2023-05-26T20:28:32.920+0000] {dagbag.py:541} INFO - Filling up the DagBag from /home/airflow/.local/lib/python3.7/site-packages/airflow/example_dags/tutorial.py
[2023-05-26T20:28:32.933+0000] {processor.py:836} INFO - DAG(s) dict_keys(['tutorial']) retrieved from /home/airflow/.local/lib/python3.7/site-packages/airflow/example_dags/tutorial.py
[2023-05-26T20:28:33.076+0000] {logging_mixin.py:149} INFO - [2023-05-26T20:28:33.075+0000] {manager.py:504} INFO - Created Permission View: can delete on DAG:tutorial
[2023-05-26T20:28:33.093+0000] {logging_mixin.py:149} INFO - [2023-05-26T20:28:33.093+0000] {manager.py:504} INFO - Created Permission View: can read on DAG:tutorial
[2023-05-26T20:28:33.099+0000] {logging_mixin.py:149} INFO - [2023-05-26T20:28:33.099+0000] {manager.py:504} INFO - Created Permission View: can edit on DAG:tutorial
[2023-05-26T20:28:33.100+0000] {logging_mixin.py:149} INFO - [2023-05-26T20:28:33.099+0000] {dag.py:2726} INFO - Sync 1 DAGs
[2023-05-26T20:28:33.110+0000] {logging_mixin.py:149} INFO - [2023-05-26T20:28:33.110+0000] {dag.py:2747} INFO - Creating ORM DAG for tutorial
[2023-05-26T20:28:33.129+0000] {logging_mixin.py:149} INFO - [2023-05-26T20:28:33.129+0000] {dag.py:3490} INFO - Setting next_dagrun for tutorial to 2023-05-25T20:28:33.128770+00:00, run_after=2023-05-26T20:28:33.128770+00:00
[2023-05-26T20:28:33.145+0000] {processor.py:179} INFO - Processing /home/airflow/.local/lib/python3.7/site-packages/airflow/example_dags/tutorial.py took 0.235 seconds
[2023-05-26T20:29:03.902+0000] {processor.py:157} INFO - Started process (PID=107) to work on /home/airflow/.local/lib/python3.7/site-packages/airflow/example_dags/tutorial.py
[2023-05-26T20:29:03.904+0000] {processor.py:826} INFO - Processing file /home/airflow/.local/lib/python3.7/site-packages/airflow/example_dags/tutorial.py for tasks to queue
[2023-05-26T20:29:03.905+0000] {logging_mixin.py:149} INFO - [2023-05-26T20:29:03.905+0000] {dagbag.py:541} INFO - Filling up the DagBag from /home/airflow/.local/lib/python3.7/site-packages/airflow/example_dags/tutorial.py
[2023-05-26T20:29:03.911+0000] {processor.py:836} INFO - DAG(s) dict_keys(['tutorial']) retrieved from /home/airflow/.local/lib/python3.7/site-packages/airflow/example_dags/tutorial.py
[2023-05-26T20:29:03.930+0000] {logging_mixin.py:149} INFO - [2023-05-26T20:29:03.930+0000] {dag.py:2726} INFO - Sync 1 DAGs
[2023-05-26T20:29:03.945+0000] {logging_mixin.py:149} INFO - [2023-05-26T20:29:03.945+0000] {dag.py:3490} INFO - Setting next_dagrun for tutorial to 2023-05-25T20:29:03.945713+00:00, run_after=2023-05-26T20:29:03.945713+00:00
[2023-05-26T20:29:03.957+0000] {processor.py:179} INFO - Processing /home/airflow/.local/lib/python3.7/site-packages/airflow/example_dags/tutorial.py took 0.058 seconds
[2023-05-26T20:29:34.752+0000] {processor.py:157} INFO - Started process (PID=163) to work on /home/airflow/.local/lib/python3.7/site-packages/airflow/example_dags/tutorial.py
[2023-05-26T20:29:34.754+0000] {processor.py:826} INFO - Processing file /home/airflow/.local/lib/python3.7/site-packages/airflow/example_dags/tutorial.py for tasks to queue
[2023-05-26T20:29:34.755+0000] {logging_mixin.py:149} INFO - [2023-05-26T20:29:34.755+0000] {dagbag.py:541} INFO - Filling up the DagBag from /home/airflow/.local/lib/python3.7/site-packages/airflow/example_dags/tutorial.py
[2023-05-26T20:29:34.760+0000] {processor.py:836} INFO - DAG(s) dict_keys(['tutorial']) retrieved from /home/airflow/.local/lib/python3.7/site-packages/airflow/example_dags/tutorial.py
[2023-05-26T20:29:34.778+0000] {logging_mixin.py:149} INFO - [2023-05-26T20:29:34.778+0000] {dag.py:2726} INFO - Sync 1 DAGs
[2023-05-26T20:29:34.792+0000] {logging_mixin.py:149} INFO - [2023-05-26T20:29:34.792+0000] {dag.py:3490} INFO - Setting next_dagrun for tutorial to 2023-05-25T20:29:34.792558+00:00, run_after=2023-05-26T20:29:34.792558+00:00
[2023-05-26T20:29:34.805+0000] {processor.py:179} INFO - Processing /home/airflow/.local/lib/python3.7/site-packages/airflow/example_dags/tutorial.py took 0.055 seconds
[2023-05-26T20:30:05.084+0000] {processor.py:157} INFO - Started process (PID=219) to work on /home/airflow/.local/lib/python3.7/site-packages/airflow/example_dags/tutorial.py
[2023-05-26T20:30:05.086+0000] {processor.py:826} INFO - Processing file /home/airflow/.local/lib/python3.7/site-packages/airflow/example_dags/tutorial.py for tasks to queue
[2023-05-26T20:30:05.087+0000] {logging_mixin.py:149} INFO - [2023-05-26T20:30:05.087+0000] {dagbag.py:541} INFO - Filling up the DagBag from /home/airflow/.local/lib/python3.7/site-packages/airflow/example_dags/tutorial.py
[2023-05-26T20:30:05.091+0000] {processor.py:836} INFO - DAG(s) dict_keys(['tutorial']) retrieved from /home/airflow/.local/lib/python3.7/site-packages/airflow/example_dags/tutorial.py
[2023-05-26T20:30:05.110+0000] {logging_mixin.py:149} INFO - [2023-05-26T20:30:05.110+0000] {dag.py:2726} INFO - Sync 1 DAGs
[2023-05-26T20:30:05.126+0000] {logging_mixin.py:149} INFO - [2023-05-26T20:30:05.126+0000] {dag.py:3490} INFO - Setting next_dagrun for tutorial to 2023-05-25T20:30:05.126070+00:00, run_after=2023-05-26T20:30:05.126070+00:00
[2023-05-26T20:30:05.140+0000] {processor.py:179} INFO - Processing /home/airflow/.local/lib/python3.7/site-packages/airflow/example_dags/tutorial.py took 0.058 seconds
[2023-05-26T20:30:35.442+0000] {processor.py:157} INFO - Started process (PID=275) to work on /home/airflow/.local/lib/python3.7/site-packages/airflow/example_dags/tutorial.py
[2023-05-26T20:30:35.444+0000] {processor.py:826} INFO - Processing file /home/airflow/.local/lib/python3.7/site-packages/airflow/example_dags/tutorial.py for tasks to queue
[2023-05-26T20:30:35.445+0000] {logging_mixin.py:149} INFO - [2023-05-26T20:30:35.445+0000] {dagbag.py:541} INFO - Filling up the DagBag from /home/airflow/.local/lib/python3.7/site-packages/airflow/example_dags/tutorial.py
[2023-05-26T20:30:35.451+0000] {processor.py:836} INFO - DAG(s) dict_keys(['tutorial']) retrieved from /home/airflow/.local/lib/python3.7/site-packages/airflow/example_dags/tutorial.py
[2023-05-26T20:30:35.471+0000] {logging_mixin.py:149} INFO - [2023-05-26T20:30:35.471+0000] {dag.py:2726} INFO - Sync 1 DAGs
[2023-05-26T20:30:35.487+0000] {logging_mixin.py:149} INFO - [2023-05-26T20:30:35.487+0000] {dag.py:3490} INFO - Setting next_dagrun for tutorial to 2023-05-25T20:30:35.487470+00:00, run_after=2023-05-26T20:30:35.487470+00:00
[2023-05-26T20:30:35.499+0000] {processor.py:179} INFO - Processing /home/airflow/.local/lib/python3.7/site-packages/airflow/example_dags/tutorial.py took 0.060 seconds
[2023-05-26T20:31:05.876+0000] {processor.py:157} INFO - Started process (PID=331) to work on /home/airflow/.local/lib/python3.7/site-packages/airflow/example_dags/tutorial.py
[2023-05-26T20:31:05.878+0000] {processor.py:826} INFO - Processing file /home/airflow/.local/lib/python3.7/site-packages/airflow/example_dags/tutorial.py for tasks to queue
[2023-05-26T20:31:05.879+0000] {logging_mixin.py:149} INFO - [2023-05-26T20:31:05.879+0000] {dagbag.py:541} INFO - Filling up the DagBag from /home/airflow/.local/lib/python3.7/site-packages/airflow/example_dags/tutorial.py
[2023-05-26T20:31:05.886+0000] {processor.py:836} INFO - DAG(s) dict_keys(['tutorial']) retrieved from /home/airflow/.local/lib/python3.7/site-packages/airflow/example_dags/tutorial.py
[2023-05-26T20:31:05.948+0000] {logging_mixin.py:149} INFO - [2023-05-26T20:31:05.948+0000] {dag.py:2726} INFO - Sync 1 DAGs
[2023-05-26T20:31:05.962+0000] {logging_mixin.py:149} INFO - [2023-05-26T20:31:05.962+0000] {dag.py:2747} INFO - Creating ORM DAG for tutorial
[2023-05-26T20:31:05.973+0000] {logging_mixin.py:149} INFO - [2023-05-26T20:31:05.973+0000] {dag.py:3490} INFO - Setting next_dagrun for tutorial to 2023-05-25T20:31:05.973291+00:00, run_after=2023-05-26T20:31:05.973291+00:00
[2023-05-26T20:31:05.991+0000] {processor.py:179} INFO - Processing /home/airflow/.local/lib/python3.7/site-packages/airflow/example_dags/tutorial.py took 0.118 seconds
[2023-05-26T20:31:36.673+0000] {processor.py:157} INFO - Started process (PID=387) to work on /home/airflow/.local/lib/python3.7/site-packages/airflow/example_dags/tutorial.py
[2023-05-26T20:31:36.675+0000] {processor.py:826} INFO - Processing file /home/airflow/.local/lib/python3.7/site-packages/airflow/example_dags/tutorial.py for tasks to queue
[2023-05-26T20:31:36.676+0000] {logging_mixin.py:149} INFO - [2023-05-26T20:31:36.676+0000] {dagbag.py:541} INFO - Filling up the DagBag from /home/airflow/.local/lib/python3.7/site-packages/airflow/example_dags/tutorial.py
[2023-05-26T20:31:36.681+0000] {processor.py:836} INFO - DAG(s) dict_keys(['tutorial']) retrieved from /home/airflow/.local/lib/python3.7/site-packages/airflow/example_dags/tutorial.py
[2023-05-26T20:31:36.725+0000] {logging_mixin.py:149} INFO - [2023-05-26T20:31:36.725+0000] {dag.py:2726} INFO - Sync 1 DAGs
[2023-05-26T20:31:36.733+0000] {logging_mixin.py:149} INFO - [2023-05-26T20:31:36.733+0000] {dag.py:2747} INFO - Creating ORM DAG for tutorial
[2023-05-26T20:31:36.740+0000] {logging_mixin.py:149} INFO - [2023-05-26T20:31:36.740+0000] {dag.py:3490} INFO - Setting next_dagrun for tutorial to 2023-05-25T20:31:36.739867+00:00, run_after=2023-05-26T20:31:36.739867+00:00
[2023-05-26T20:31:36.752+0000] {processor.py:179} INFO - Processing /home/airflow/.local/lib/python3.7/site-packages/airflow/example_dags/tutorial.py took 0.082 seconds
[2023-05-26T20:32:07.089+0000] {processor.py:157} INFO - Started process (PID=443) to work on /home/airflow/.local/lib/python3.7/site-packages/airflow/example_dags/tutorial.py
[2023-05-26T20:32:07.090+0000] {processor.py:826} INFO - Processing file /home/airflow/.local/lib/python3.7/site-packages/airflow/example_dags/tutorial.py for tasks to queue
[2023-05-26T20:32:07.091+0000] {logging_mixin.py:149} INFO - [2023-05-26T20:32:07.091+0000] {dagbag.py:541} INFO - Filling up the DagBag from /home/airflow/.local/lib/python3.7/site-packages/airflow/example_dags/tutorial.py
[2023-05-26T20:32:07.096+0000] {processor.py:836} INFO - DAG(s) dict_keys(['tutorial']) retrieved from /home/airflow/.local/lib/python3.7/site-packages/airflow/example_dags/tutorial.py
[2023-05-26T20:32:07.116+0000] {logging_mixin.py:149} INFO - [2023-05-26T20:32:07.116+0000] {dag.py:2726} INFO - Sync 1 DAGs
[2023-05-26T20:32:07.132+0000] {logging_mixin.py:149} INFO - [2023-05-26T20:32:07.132+0000] {dag.py:3490} INFO - Setting next_dagrun for tutorial to 2023-05-25T20:32:07.132344+00:00, run_after=2023-05-26T20:32:07.132344+00:00
[2023-05-26T20:32:07.143+0000] {processor.py:179} INFO - Processing /home/airflow/.local/lib/python3.7/site-packages/airflow/example_dags/tutorial.py took 0.057 seconds
[2023-05-26T20:32:37.540+0000] {processor.py:157} INFO - Started process (PID=499) to work on /home/airflow/.local/lib/python3.7/site-packages/airflow/example_dags/tutorial.py
[2023-05-26T20:32:37.542+0000] {processor.py:826} INFO - Processing file /home/airflow/.local/lib/python3.7/site-packages/airflow/example_dags/tutorial.py for tasks to queue
[2023-05-26T20:32:37.543+0000] {logging_mixin.py:149} INFO - [2023-05-26T20:32:37.543+0000] {dagbag.py:541} INFO - Filling up the DagBag from /home/airflow/.local/lib/python3.7/site-packages/airflow/example_dags/tutorial.py
[2023-05-26T20:32:37.549+0000] {processor.py:836} INFO - DAG(s) dict_keys(['tutorial']) retrieved from /home/airflow/.local/lib/python3.7/site-packages/airflow/example_dags/tutorial.py
[2023-05-26T20:32:37.570+0000] {logging_mixin.py:149} INFO - [2023-05-26T20:32:37.570+0000] {dag.py:2726} INFO - Sync 1 DAGs
[2023-05-26T20:32:37.588+0000] {logging_mixin.py:149} INFO - [2023-05-26T20:32:37.588+0000] {dag.py:3490} INFO - Setting next_dagrun for tutorial to 2023-05-25T20:32:37.588394+00:00, run_after=2023-05-26T20:32:37.588394+00:00
[2023-05-26T20:32:37.601+0000] {processor.py:179} INFO - Processing /home/airflow/.local/lib/python3.7/site-packages/airflow/example_dags/tutorial.py took 0.063 seconds
[2023-05-26T20:33:07.974+0000] {processor.py:157} INFO - Started process (PID=555) to work on /home/airflow/.local/lib/python3.7/site-packages/airflow/example_dags/tutorial.py
[2023-05-26T20:33:07.977+0000] {processor.py:826} INFO - Processing file /home/airflow/.local/lib/python3.7/site-packages/airflow/example_dags/tutorial.py for tasks to queue
[2023-05-26T20:33:07.978+0000] {logging_mixin.py:149} INFO - [2023-05-26T20:33:07.978+0000] {dagbag.py:541} INFO - Filling up the DagBag from /home/airflow/.local/lib/python3.7/site-packages/airflow/example_dags/tutorial.py
[2023-05-26T20:33:07.983+0000] {processor.py:836} INFO - DAG(s) dict_keys(['tutorial']) retrieved from /home/airflow/.local/lib/python3.7/site-packages/airflow/example_dags/tutorial.py
[2023-05-26T20:33:08.002+0000] {logging_mixin.py:149} INFO - [2023-05-26T20:33:08.002+0000] {dag.py:2726} INFO - Sync 1 DAGs
[2023-05-26T20:33:08.019+0000] {logging_mixin.py:149} INFO - [2023-05-26T20:33:08.019+0000] {dag.py:3490} INFO - Setting next_dagrun for tutorial to 2023-05-25T20:33:08.019281+00:00, run_after=2023-05-26T20:33:08.019281+00:00
[2023-05-26T20:33:08.031+0000] {processor.py:179} INFO - Processing /home/airflow/.local/lib/python3.7/site-packages/airflow/example_dags/tutorial.py took 0.059 seconds
[2023-05-26T20:33:38.508+0000] {processor.py:157} INFO - Started process (PID=611) to work on /home/airflow/.local/lib/python3.7/site-packages/airflow/example_dags/tutorial.py
[2023-05-26T20:33:38.509+0000] {processor.py:826} INFO - Processing file /home/airflow/.local/lib/python3.7/site-packages/airflow/example_dags/tutorial.py for tasks to queue
[2023-05-26T20:33:38.510+0000] {logging_mixin.py:149} INFO - [2023-05-26T20:33:38.510+0000] {dagbag.py:541} INFO - Filling up the DagBag from /home/airflow/.local/lib/python3.7/site-packages/airflow/example_dags/tutorial.py
[2023-05-26T20:33:38.516+0000] {processor.py:836} INFO - DAG(s) dict_keys(['tutorial']) retrieved from /home/airflow/.local/lib/python3.7/site-packages/airflow/example_dags/tutorial.py
[2023-05-26T20:33:38.536+0000] {logging_mixin.py:149} INFO - [2023-05-26T20:33:38.536+0000] {dag.py:2726} INFO - Sync 1 DAGs
[2023-05-26T20:33:38.551+0000] {logging_mixin.py:149} INFO - [2023-05-26T20:33:38.551+0000] {dag.py:3490} INFO - Setting next_dagrun for tutorial to 2023-05-25T20:33:38.551599+00:00, run_after=2023-05-26T20:33:38.551599+00:00
[2023-05-26T20:33:38.564+0000] {processor.py:179} INFO - Processing /home/airflow/.local/lib/python3.7/site-packages/airflow/example_dags/tutorial.py took 0.059 seconds
[2023-05-26T20:34:08.974+0000] {processor.py:157} INFO - Started process (PID=667) to work on /home/airflow/.local/lib/python3.7/site-packages/airflow/example_dags/tutorial.py
[2023-05-26T20:34:08.975+0000] {processor.py:826} INFO - Processing file /home/airflow/.local/lib/python3.7/site-packages/airflow/example_dags/tutorial.py for tasks to queue
[2023-05-26T20:34:08.976+0000] {logging_mixin.py:149} INFO - [2023-05-26T20:34:08.976+0000] {dagbag.py:541} INFO - Filling up the DagBag from /home/airflow/.local/lib/python3.7/site-packages/airflow/example_dags/tutorial.py
[2023-05-26T20:34:08.982+0000] {processor.py:836} INFO - DAG(s) dict_keys(['tutorial']) retrieved from /home/airflow/.local/lib/python3.7/site-packages/airflow/example_dags/tutorial.py
[2023-05-26T20:34:09.001+0000] {logging_mixin.py:149} INFO - [2023-05-26T20:34:09.001+0000] {dag.py:2726} INFO - Sync 1 DAGs
[2023-05-26T20:34:09.018+0000] {logging_mixin.py:149} INFO - [2023-05-26T20:34:09.018+0000] {dag.py:3490} INFO - Setting next_dagrun for tutorial to 2023-05-25T20:34:09.018196+00:00, run_after=2023-05-26T20:34:09.018196+00:00
[2023-05-26T20:34:09.030+0000] {processor.py:179} INFO - Processing /home/airflow/.local/lib/python3.7/site-packages/airflow/example_dags/tutorial.py took 0.059 seconds
[2023-05-26T20:34:39.469+0000] {processor.py:157} INFO - Started process (PID=723) to work on /home/airflow/.local/lib/python3.7/site-packages/airflow/example_dags/tutorial.py
[2023-05-26T20:34:39.472+0000] {processor.py:826} INFO - Processing file /home/airflow/.local/lib/python3.7/site-packages/airflow/example_dags/tutorial.py for tasks to queue
[2023-05-26T20:34:39.473+0000] {logging_mixin.py:149} INFO - [2023-05-26T20:34:39.473+0000] {dagbag.py:541} INFO - Filling up the DagBag from /home/airflow/.local/lib/python3.7/site-packages/airflow/example_dags/tutorial.py
[2023-05-26T20:34:39.478+0000] {processor.py:836} INFO - DAG(s) dict_keys(['tutorial']) retrieved from /home/airflow/.local/lib/python3.7/site-packages/airflow/example_dags/tutorial.py
[2023-05-26T20:34:39.500+0000] {logging_mixin.py:149} INFO - [2023-05-26T20:34:39.499+0000] {dag.py:2726} INFO - Sync 1 DAGs
[2023-05-26T20:34:39.515+0000] {logging_mixin.py:149} INFO - [2023-05-26T20:34:39.515+0000] {dag.py:3490} INFO - Setting next_dagrun for tutorial to 2023-05-25T20:34:39.514825+00:00, run_after=2023-05-26T20:34:39.514825+00:00
[2023-05-26T20:34:39.526+0000] {processor.py:179} INFO - Processing /home/airflow/.local/lib/python3.7/site-packages/airflow/example_dags/tutorial.py took 0.060 seconds
[2023-05-26T20:35:09.848+0000] {processor.py:157} INFO - Started process (PID=780) to work on /home/airflow/.local/lib/python3.7/site-packages/airflow/example_dags/tutorial.py
[2023-05-26T20:35:09.850+0000] {processor.py:826} INFO - Processing file /home/airflow/.local/lib/python3.7/site-packages/airflow/example_dags/tutorial.py for tasks to queue
[2023-05-26T20:35:09.851+0000] {logging_mixin.py:149} INFO - [2023-05-26T20:35:09.851+0000] {dagbag.py:541} INFO - Filling up the DagBag from /home/airflow/.local/lib/python3.7/site-packages/airflow/example_dags/tutorial.py
[2023-05-26T20:35:09.856+0000] {processor.py:836} INFO - DAG(s) dict_keys(['tutorial']) retrieved from /home/airflow/.local/lib/python3.7/site-packages/airflow/example_dags/tutorial.py
[2023-05-26T20:35:09.876+0000] {logging_mixin.py:149} INFO - [2023-05-26T20:35:09.875+0000] {dag.py:2726} INFO - Sync 1 DAGs
[2023-05-26T20:35:09.892+0000] {logging_mixin.py:149} INFO - [2023-05-26T20:35:09.891+0000] {dag.py:3490} INFO - Setting next_dagrun for tutorial to 2023-05-25T20:35:09.891717+00:00, run_after=2023-05-26T20:35:09.891717+00:00
[2023-05-26T20:35:09.903+0000] {processor.py:179} INFO - Processing /home/airflow/.local/lib/python3.7/site-packages/airflow/example_dags/tutorial.py took 0.058 seconds
[2023-05-26T20:35:40.368+0000] {processor.py:157} INFO - Started process (PID=836) to work on /home/airflow/.local/lib/python3.7/site-packages/airflow/example_dags/tutorial.py
[2023-05-26T20:35:40.370+0000] {processor.py:826} INFO - Processing file /home/airflow/.local/lib/python3.7/site-packages/airflow/example_dags/tutorial.py for tasks to queue
[2023-05-26T20:35:40.371+0000] {logging_mixin.py:149} INFO - [2023-05-26T20:35:40.371+0000] {dagbag.py:541} INFO - Filling up the DagBag from /home/airflow/.local/lib/python3.7/site-packages/airflow/example_dags/tutorial.py
[2023-05-26T20:35:40.376+0000] {processor.py:836} INFO - DAG(s) dict_keys(['tutorial']) retrieved from /home/airflow/.local/lib/python3.7/site-packages/airflow/example_dags/tutorial.py
[2023-05-26T20:35:40.395+0000] {logging_mixin.py:149} INFO - [2023-05-26T20:35:40.395+0000] {dag.py:2726} INFO - Sync 1 DAGs
[2023-05-26T20:35:40.410+0000] {logging_mixin.py:149} INFO - [2023-05-26T20:35:40.410+0000] {dag.py:3490} INFO - Setting next_dagrun for tutorial to 2023-05-25T20:35:40.410589+00:00, run_after=2023-05-26T20:35:40.410589+00:00
[2023-05-26T20:35:40.423+0000] {processor.py:179} INFO - Processing /home/airflow/.local/lib/python3.7/site-packages/airflow/example_dags/tutorial.py took 0.057 seconds
[2023-05-26T20:36:10.735+0000] {processor.py:157} INFO - Started process (PID=892) to work on /home/airflow/.local/lib/python3.7/site-packages/airflow/example_dags/tutorial.py
[2023-05-26T20:36:10.737+0000] {processor.py:826} INFO - Processing file /home/airflow/.local/lib/python3.7/site-packages/airflow/example_dags/tutorial.py for tasks to queue
[2023-05-26T20:36:10.738+0000] {logging_mixin.py:149} INFO - [2023-05-26T20:36:10.738+0000] {dagbag.py:541} INFO - Filling up the DagBag from /home/airflow/.local/lib/python3.7/site-packages/airflow/example_dags/tutorial.py
[2023-05-26T20:36:10.743+0000] {processor.py:836} INFO - DAG(s) dict_keys(['tutorial']) retrieved from /home/airflow/.local/lib/python3.7/site-packages/airflow/example_dags/tutorial.py
[2023-05-26T20:36:10.762+0000] {logging_mixin.py:149} INFO - [2023-05-26T20:36:10.762+0000] {dag.py:2726} INFO - Sync 1 DAGs
[2023-05-26T20:36:10.777+0000] {logging_mixin.py:149} INFO - [2023-05-26T20:36:10.777+0000] {dag.py:3490} INFO - Setting next_dagrun for tutorial to 2023-05-25T20:36:10.777560+00:00, run_after=2023-05-26T20:36:10.777560+00:00
[2023-05-26T20:36:10.790+0000] {processor.py:179} INFO - Processing /home/airflow/.local/lib/python3.7/site-packages/airflow/example_dags/tutorial.py took 0.057 seconds
[2023-05-26T20:36:41.061+0000] {processor.py:157} INFO - Started process (PID=948) to work on /home/airflow/.local/lib/python3.7/site-packages/airflow/example_dags/tutorial.py
[2023-05-26T20:36:41.062+0000] {processor.py:826} INFO - Processing file /home/airflow/.local/lib/python3.7/site-packages/airflow/example_dags/tutorial.py for tasks to queue
[2023-05-26T20:36:41.063+0000] {logging_mixin.py:149} INFO - [2023-05-26T20:36:41.063+0000] {dagbag.py:541} INFO - Filling up the DagBag from /home/airflow/.local/lib/python3.7/site-packages/airflow/example_dags/tutorial.py
[2023-05-26T20:36:41.069+0000] {processor.py:836} INFO - DAG(s) dict_keys(['tutorial']) retrieved from /home/airflow/.local/lib/python3.7/site-packages/airflow/example_dags/tutorial.py
[2023-05-26T20:36:41.088+0000] {logging_mixin.py:149} INFO - [2023-05-26T20:36:41.088+0000] {dag.py:2726} INFO - Sync 1 DAGs
[2023-05-26T20:36:41.104+0000] {logging_mixin.py:149} INFO - [2023-05-26T20:36:41.104+0000] {dag.py:3490} INFO - Setting next_dagrun for tutorial to 2023-05-25T20:36:41.104459+00:00, run_after=2023-05-26T20:36:41.104459+00:00
[2023-05-26T20:36:41.116+0000] {processor.py:179} INFO - Processing /home/airflow/.local/lib/python3.7/site-packages/airflow/example_dags/tutorial.py took 0.058 seconds
[2023-05-26T20:37:11.404+0000] {processor.py:157} INFO - Started process (PID=1004) to work on /home/airflow/.local/lib/python3.7/site-packages/airflow/example_dags/tutorial.py
[2023-05-26T20:37:11.405+0000] {processor.py:826} INFO - Processing file /home/airflow/.local/lib/python3.7/site-packages/airflow/example_dags/tutorial.py for tasks to queue
[2023-05-26T20:37:11.406+0000] {logging_mixin.py:149} INFO - [2023-05-26T20:37:11.406+0000] {dagbag.py:541} INFO - Filling up the DagBag from /home/airflow/.local/lib/python3.7/site-packages/airflow/example_dags/tutorial.py
[2023-05-26T20:37:11.412+0000] {processor.py:836} INFO - DAG(s) dict_keys(['tutorial']) retrieved from /home/airflow/.local/lib/python3.7/site-packages/airflow/example_dags/tutorial.py
[2023-05-26T20:37:11.432+0000] {logging_mixin.py:149} INFO - [2023-05-26T20:37:11.432+0000] {dag.py:2726} INFO - Sync 1 DAGs
[2023-05-26T20:37:11.448+0000] {logging_mixin.py:149} INFO - [2023-05-26T20:37:11.448+0000] {dag.py:3490} INFO - Setting next_dagrun for tutorial to 2023-05-25T20:37:11.448458+00:00, run_after=2023-05-26T20:37:11.448458+00:00
[2023-05-26T20:37:11.459+0000] {processor.py:179} INFO - Processing /home/airflow/.local/lib/python3.7/site-packages/airflow/example_dags/tutorial.py took 0.058 seconds
[2023-05-26T20:37:41.737+0000] {processor.py:157} INFO - Started process (PID=1060) to work on /home/airflow/.local/lib/python3.7/site-packages/airflow/example_dags/tutorial.py
[2023-05-26T20:37:41.739+0000] {processor.py:826} INFO - Processing file /home/airflow/.local/lib/python3.7/site-packages/airflow/example_dags/tutorial.py for tasks to queue
[2023-05-26T20:37:41.740+0000] {logging_mixin.py:149} INFO - [2023-05-26T20:37:41.740+0000] {dagbag.py:541} INFO - Filling up the DagBag from /home/airflow/.local/lib/python3.7/site-packages/airflow/example_dags/tutorial.py
[2023-05-26T20:37:41.745+0000] {processor.py:836} INFO - DAG(s) dict_keys(['tutorial']) retrieved from /home/airflow/.local/lib/python3.7/site-packages/airflow/example_dags/tutorial.py
[2023-05-26T20:37:41.767+0000] {logging_mixin.py:149} INFO - [2023-05-26T20:37:41.767+0000] {dag.py:2726} INFO - Sync 1 DAGs
[2023-05-26T20:37:41.784+0000] {logging_mixin.py:149} INFO - [2023-05-26T20:37:41.784+0000] {dag.py:3490} INFO - Setting next_dagrun for tutorial to 2023-05-25T20:37:41.784381+00:00, run_after=2023-05-26T20:37:41.784381+00:00
[2023-05-26T20:37:41.796+0000] {processor.py:179} INFO - Processing /home/airflow/.local/lib/python3.7/site-packages/airflow/example_dags/tutorial.py took 0.062 seconds
[2023-05-26T20:38:12.036+0000] {processor.py:157} INFO - Started process (PID=1116) to work on /home/airflow/.local/lib/python3.7/site-packages/airflow/example_dags/tutorial.py
[2023-05-26T20:38:12.037+0000] {processor.py:826} INFO - Processing file /home/airflow/.local/lib/python3.7/site-packages/airflow/example_dags/tutorial.py for tasks to queue
[2023-05-26T20:38:12.038+0000] {logging_mixin.py:149} INFO - [2023-05-26T20:38:12.038+0000] {dagbag.py:541} INFO - Filling up the DagBag from /home/airflow/.local/lib/python3.7/site-packages/airflow/example_dags/tutorial.py
[2023-05-26T20:38:12.044+0000] {processor.py:836} INFO - DAG(s) dict_keys(['tutorial']) retrieved from /home/airflow/.local/lib/python3.7/site-packages/airflow/example_dags/tutorial.py
[2023-05-26T20:38:12.063+0000] {logging_mixin.py:149} INFO - [2023-05-26T20:38:12.063+0000] {dag.py:2726} INFO - Sync 1 DAGs
[2023-05-26T20:38:12.080+0000] {logging_mixin.py:149} INFO - [2023-05-26T20:38:12.080+0000] {dag.py:3490} INFO - Setting next_dagrun for tutorial to 2023-05-25T20:38:12.079874+00:00, run_after=2023-05-26T20:38:12.079874+00:00
[2023-05-26T20:38:12.091+0000] {processor.py:179} INFO - Processing /home/airflow/.local/lib/python3.7/site-packages/airflow/example_dags/tutorial.py took 0.057 seconds
[2023-05-26T20:38:42.471+0000] {processor.py:157} INFO - Started process (PID=1173) to work on /home/airflow/.local/lib/python3.7/site-packages/airflow/example_dags/tutorial.py
[2023-05-26T20:38:42.472+0000] {processor.py:826} INFO - Processing file /home/airflow/.local/lib/python3.7/site-packages/airflow/example_dags/tutorial.py for tasks to queue
[2023-05-26T20:38:42.473+0000] {logging_mixin.py:149} INFO - [2023-05-26T20:38:42.473+0000] {dagbag.py:541} INFO - Filling up the DagBag from /home/airflow/.local/lib/python3.7/site-packages/airflow/example_dags/tutorial.py
[2023-05-26T20:38:42.478+0000] {processor.py:836} INFO - DAG(s) dict_keys(['tutorial']) retrieved from /home/airflow/.local/lib/python3.7/site-packages/airflow/example_dags/tutorial.py
[2023-05-26T20:38:42.497+0000] {logging_mixin.py:149} INFO - [2023-05-26T20:38:42.496+0000] {dag.py:2726} INFO - Sync 1 DAGs
[2023-05-26T20:38:42.512+0000] {logging_mixin.py:149} INFO - [2023-05-26T20:38:42.512+0000] {dag.py:3490} INFO - Setting next_dagrun for tutorial to 2023-05-25T20:38:42.511744+00:00, run_after=2023-05-26T20:38:42.511744+00:00
[2023-05-26T20:38:42.524+0000] {processor.py:179} INFO - Processing /home/airflow/.local/lib/python3.7/site-packages/airflow/example_dags/tutorial.py took 0.056 seconds
[2023-05-26T20:39:12.866+0000] {processor.py:157} INFO - Started process (PID=1229) to work on /home/airflow/.local/lib/python3.7/site-packages/airflow/example_dags/tutorial.py
[2023-05-26T20:39:12.867+0000] {processor.py:826} INFO - Processing file /home/airflow/.local/lib/python3.7/site-packages/airflow/example_dags/tutorial.py for tasks to queue
[2023-05-26T20:39:12.868+0000] {logging_mixin.py:149} INFO - [2023-05-26T20:39:12.868+0000] {dagbag.py:541} INFO - Filling up the DagBag from /home/airflow/.local/lib/python3.7/site-packages/airflow/example_dags/tutorial.py
[2023-05-26T20:39:12.873+0000] {processor.py:836} INFO - DAG(s) dict_keys(['tutorial']) retrieved from /home/airflow/.local/lib/python3.7/site-packages/airflow/example_dags/tutorial.py
[2023-05-26T20:39:12.892+0000] {logging_mixin.py:149} INFO - [2023-05-26T20:39:12.892+0000] {dag.py:2726} INFO - Sync 1 DAGs
[2023-05-26T20:39:12.909+0000] {logging_mixin.py:149} INFO - [2023-05-26T20:39:12.909+0000] {dag.py:3490} INFO - Setting next_dagrun for tutorial to 2023-05-25T20:39:12.908824+00:00, run_after=2023-05-26T20:39:12.908824+00:00
[2023-05-26T20:39:12.921+0000] {processor.py:179} INFO - Processing /home/airflow/.local/lib/python3.7/site-packages/airflow/example_dags/tutorial.py took 0.058 seconds
[2023-05-26T20:39:43.120+0000] {processor.py:157} INFO - Started process (PID=1285) to work on /home/airflow/.local/lib/python3.7/site-packages/airflow/example_dags/tutorial.py
[2023-05-26T20:39:43.122+0000] {processor.py:826} INFO - Processing file /home/airflow/.local/lib/python3.7/site-packages/airflow/example_dags/tutorial.py for tasks to queue
[2023-05-26T20:39:43.122+0000] {logging_mixin.py:149} INFO - [2023-05-26T20:39:43.122+0000] {dagbag.py:541} INFO - Filling up the DagBag from /home/airflow/.local/lib/python3.7/site-packages/airflow/example_dags/tutorial.py
[2023-05-26T20:39:43.128+0000] {processor.py:836} INFO - DAG(s) dict_keys(['tutorial']) retrieved from /home/airflow/.local/lib/python3.7/site-packages/airflow/example_dags/tutorial.py
[2023-05-26T20:39:43.147+0000] {logging_mixin.py:149} INFO - [2023-05-26T20:39:43.147+0000] {dag.py:2726} INFO - Sync 1 DAGs
[2023-05-26T20:39:43.164+0000] {logging_mixin.py:149} INFO - [2023-05-26T20:39:43.164+0000] {dag.py:3490} INFO - Setting next_dagrun for tutorial to 2023-05-25T20:39:43.163771+00:00, run_after=2023-05-26T20:39:43.163771+00:00
[2023-05-26T20:39:43.176+0000] {processor.py:179} INFO - Processing /home/airflow/.local/lib/python3.7/site-packages/airflow/example_dags/tutorial.py took 0.059 seconds
[2023-05-26T20:40:13.500+0000] {processor.py:157} INFO - Started process (PID=1342) to work on /home/airflow/.local/lib/python3.7/site-packages/airflow/example_dags/tutorial.py
[2023-05-26T20:40:13.502+0000] {processor.py:826} INFO - Processing file /home/airflow/.local/lib/python3.7/site-packages/airflow/example_dags/tutorial.py for tasks to queue
[2023-05-26T20:40:13.502+0000] {logging_mixin.py:149} INFO - [2023-05-26T20:40:13.502+0000] {dagbag.py:541} INFO - Filling up the DagBag from /home/airflow/.local/lib/python3.7/site-packages/airflow/example_dags/tutorial.py
[2023-05-26T20:40:13.508+0000] {processor.py:836} INFO - DAG(s) dict_keys(['tutorial']) retrieved from /home/airflow/.local/lib/python3.7/site-packages/airflow/example_dags/tutorial.py
[2023-05-26T20:40:13.528+0000] {logging_mixin.py:149} INFO - [2023-05-26T20:40:13.528+0000] {dag.py:2726} INFO - Sync 1 DAGs
[2023-05-26T20:40:13.543+0000] {logging_mixin.py:149} INFO - [2023-05-26T20:40:13.543+0000] {dag.py:3490} INFO - Setting next_dagrun for tutorial to 2023-05-25T20:40:13.542951+00:00, run_after=2023-05-26T20:40:13.542951+00:00
[2023-05-26T20:40:13.556+0000] {processor.py:179} INFO - Processing /home/airflow/.local/lib/python3.7/site-packages/airflow/example_dags/tutorial.py took 0.060 seconds
[2023-05-26T20:40:44.041+0000] {processor.py:157} INFO - Started process (PID=1398) to work on /home/airflow/.local/lib/python3.7/site-packages/airflow/example_dags/tutorial.py
[2023-05-26T20:40:44.042+0000] {processor.py:826} INFO - Processing file /home/airflow/.local/lib/python3.7/site-packages/airflow/example_dags/tutorial.py for tasks to queue
[2023-05-26T20:40:44.043+0000] {logging_mixin.py:149} INFO - [2023-05-26T20:40:44.043+0000] {dagbag.py:541} INFO - Filling up the DagBag from /home/airflow/.local/lib/python3.7/site-packages/airflow/example_dags/tutorial.py
[2023-05-26T20:40:44.048+0000] {processor.py:836} INFO - DAG(s) dict_keys(['tutorial']) retrieved from /home/airflow/.local/lib/python3.7/site-packages/airflow/example_dags/tutorial.py
[2023-05-26T20:40:44.069+0000] {logging_mixin.py:149} INFO - [2023-05-26T20:40:44.068+0000] {dag.py:2726} INFO - Sync 1 DAGs
[2023-05-26T20:40:44.083+0000] {logging_mixin.py:149} INFO - [2023-05-26T20:40:44.083+0000] {dag.py:3490} INFO - Setting next_dagrun for tutorial to 2023-05-25T20:40:44.083536+00:00, run_after=2023-05-26T20:40:44.083536+00:00
[2023-05-26T20:40:44.096+0000] {processor.py:179} INFO - Processing /home/airflow/.local/lib/python3.7/site-packages/airflow/example_dags/tutorial.py took 0.059 seconds
[2023-05-26T20:41:14.497+0000] {processor.py:157} INFO - Started process (PID=1455) to work on /home/airflow/.local/lib/python3.7/site-packages/airflow/example_dags/tutorial.py
[2023-05-26T20:41:14.499+0000] {processor.py:826} INFO - Processing file /home/airflow/.local/lib/python3.7/site-packages/airflow/example_dags/tutorial.py for tasks to queue
[2023-05-26T20:41:14.499+0000] {logging_mixin.py:149} INFO - [2023-05-26T20:41:14.499+0000] {dagbag.py:541} INFO - Filling up the DagBag from /home/airflow/.local/lib/python3.7/site-packages/airflow/example_dags/tutorial.py
[2023-05-26T20:41:14.504+0000] {processor.py:836} INFO - DAG(s) dict_keys(['tutorial']) retrieved from /home/airflow/.local/lib/python3.7/site-packages/airflow/example_dags/tutorial.py
[2023-05-26T20:41:14.524+0000] {logging_mixin.py:149} INFO - [2023-05-26T20:41:14.524+0000] {dag.py:2726} INFO - Sync 1 DAGs
[2023-05-26T20:41:14.540+0000] {logging_mixin.py:149} INFO - [2023-05-26T20:41:14.540+0000] {dag.py:3490} INFO - Setting next_dagrun for tutorial to 2023-05-25T20:41:14.540618+00:00, run_after=2023-05-26T20:41:14.540618+00:00
[2023-05-26T20:41:14.552+0000] {processor.py:179} INFO - Processing /home/airflow/.local/lib/python3.7/site-packages/airflow/example_dags/tutorial.py took 0.058 seconds
[2023-05-26T20:41:44.854+0000] {processor.py:157} INFO - Started process (PID=1511) to work on /home/airflow/.local/lib/python3.7/site-packages/airflow/example_dags/tutorial.py
[2023-05-26T20:41:44.856+0000] {processor.py:826} INFO - Processing file /home/airflow/.local/lib/python3.7/site-packages/airflow/example_dags/tutorial.py for tasks to queue
[2023-05-26T20:41:44.857+0000] {logging_mixin.py:149} INFO - [2023-05-26T20:41:44.857+0000] {dagbag.py:541} INFO - Filling up the DagBag from /home/airflow/.local/lib/python3.7/site-packages/airflow/example_dags/tutorial.py
[2023-05-26T20:41:44.863+0000] {processor.py:836} INFO - DAG(s) dict_keys(['tutorial']) retrieved from /home/airflow/.local/lib/python3.7/site-packages/airflow/example_dags/tutorial.py
[2023-05-26T20:41:44.883+0000] {logging_mixin.py:149} INFO - [2023-05-26T20:41:44.883+0000] {dag.py:2726} INFO - Sync 1 DAGs
[2023-05-26T20:41:44.902+0000] {logging_mixin.py:149} INFO - [2023-05-26T20:41:44.902+0000] {dag.py:3490} INFO - Setting next_dagrun for tutorial to 2023-05-25T20:41:44.902010+00:00, run_after=2023-05-26T20:41:44.902010+00:00
[2023-05-26T20:41:44.915+0000] {processor.py:179} INFO - Processing /home/airflow/.local/lib/python3.7/site-packages/airflow/example_dags/tutorial.py took 0.063 seconds
[2023-05-26T20:42:15.156+0000] {processor.py:157} INFO - Started process (PID=1567) to work on /home/airflow/.local/lib/python3.7/site-packages/airflow/example_dags/tutorial.py
[2023-05-26T20:42:15.158+0000] {processor.py:826} INFO - Processing file /home/airflow/.local/lib/python3.7/site-packages/airflow/example_dags/tutorial.py for tasks to queue
[2023-05-26T20:42:15.158+0000] {logging_mixin.py:149} INFO - [2023-05-26T20:42:15.158+0000] {dagbag.py:541} INFO - Filling up the DagBag from /home/airflow/.local/lib/python3.7/site-packages/airflow/example_dags/tutorial.py
[2023-05-26T20:42:15.164+0000] {processor.py:836} INFO - DAG(s) dict_keys(['tutorial']) retrieved from /home/airflow/.local/lib/python3.7/site-packages/airflow/example_dags/tutorial.py
[2023-05-26T20:42:15.184+0000] {logging_mixin.py:149} INFO - [2023-05-26T20:42:15.184+0000] {dag.py:2726} INFO - Sync 1 DAGs
[2023-05-26T20:42:15.200+0000] {logging_mixin.py:149} INFO - [2023-05-26T20:42:15.200+0000] {dag.py:3490} INFO - Setting next_dagrun for tutorial to 2023-05-25T20:42:15.199940+00:00, run_after=2023-05-26T20:42:15.199940+00:00
[2023-05-26T20:42:15.211+0000] {processor.py:179} INFO - Processing /home/airflow/.local/lib/python3.7/site-packages/airflow/example_dags/tutorial.py took 0.058 seconds
[2023-05-26T20:42:45.695+0000] {processor.py:157} INFO - Started process (PID=1623) to work on /home/airflow/.local/lib/python3.7/site-packages/airflow/example_dags/tutorial.py
[2023-05-26T20:42:45.696+0000] {processor.py:826} INFO - Processing file /home/airflow/.local/lib/python3.7/site-packages/airflow/example_dags/tutorial.py for tasks to queue
[2023-05-26T20:42:45.697+0000] {logging_mixin.py:149} INFO - [2023-05-26T20:42:45.697+0000] {dagbag.py:541} INFO - Filling up the DagBag from /home/airflow/.local/lib/python3.7/site-packages/airflow/example_dags/tutorial.py
[2023-05-26T20:42:45.702+0000] {processor.py:836} INFO - DAG(s) dict_keys(['tutorial']) retrieved from /home/airflow/.local/lib/python3.7/site-packages/airflow/example_dags/tutorial.py
[2023-05-26T20:42:45.721+0000] {logging_mixin.py:149} INFO - [2023-05-26T20:42:45.721+0000] {dag.py:2726} INFO - Sync 1 DAGs
[2023-05-26T20:42:45.736+0000] {logging_mixin.py:149} INFO - [2023-05-26T20:42:45.736+0000] {dag.py:3490} INFO - Setting next_dagrun for tutorial to 2023-05-25T20:42:45.736162+00:00, run_after=2023-05-26T20:42:45.736162+00:00
[2023-05-26T20:42:45.747+0000] {processor.py:179} INFO - Processing /home/airflow/.local/lib/python3.7/site-packages/airflow/example_dags/tutorial.py took 0.055 seconds
[2023-05-26T20:43:16.186+0000] {processor.py:157} INFO - Started process (PID=1679) to work on /home/airflow/.local/lib/python3.7/site-packages/airflow/example_dags/tutorial.py
[2023-05-26T20:43:16.187+0000] {processor.py:826} INFO - Processing file /home/airflow/.local/lib/python3.7/site-packages/airflow/example_dags/tutorial.py for tasks to queue
[2023-05-26T20:43:16.188+0000] {logging_mixin.py:149} INFO - [2023-05-26T20:43:16.188+0000] {dagbag.py:541} INFO - Filling up the DagBag from /home/airflow/.local/lib/python3.7/site-packages/airflow/example_dags/tutorial.py
[2023-05-26T20:43:16.193+0000] {processor.py:836} INFO - DAG(s) dict_keys(['tutorial']) retrieved from /home/airflow/.local/lib/python3.7/site-packages/airflow/example_dags/tutorial.py
[2023-05-26T20:43:16.212+0000] {logging_mixin.py:149} INFO - [2023-05-26T20:43:16.212+0000] {dag.py:2726} INFO - Sync 1 DAGs
[2023-05-26T20:43:16.230+0000] {logging_mixin.py:149} INFO - [2023-05-26T20:43:16.229+0000] {dag.py:3490} INFO - Setting next_dagrun for tutorial to 2023-05-25T20:43:16.229629+00:00, run_after=2023-05-26T20:43:16.229629+00:00
[2023-05-26T20:43:16.242+0000] {processor.py:179} INFO - Processing /home/airflow/.local/lib/python3.7/site-packages/airflow/example_dags/tutorial.py took 0.060 seconds
[2023-05-26T20:43:46.572+0000] {processor.py:157} INFO - Started process (PID=1735) to work on /home/airflow/.local/lib/python3.7/site-packages/airflow/example_dags/tutorial.py
[2023-05-26T20:43:46.573+0000] {processor.py:826} INFO - Processing file /home/airflow/.local/lib/python3.7/site-packages/airflow/example_dags/tutorial.py for tasks to queue
[2023-05-26T20:43:46.574+0000] {logging_mixin.py:149} INFO - [2023-05-26T20:43:46.574+0000] {dagbag.py:541} INFO - Filling up the DagBag from /home/airflow/.local/lib/python3.7/site-packages/airflow/example_dags/tutorial.py
[2023-05-26T20:43:46.580+0000] {processor.py:836} INFO - DAG(s) dict_keys(['tutorial']) retrieved from /home/airflow/.local/lib/python3.7/site-packages/airflow/example_dags/tutorial.py
[2023-05-26T20:43:46.599+0000] {logging_mixin.py:149} INFO - [2023-05-26T20:43:46.599+0000] {dag.py:2726} INFO - Sync 1 DAGs
[2023-05-26T20:43:46.615+0000] {logging_mixin.py:149} INFO - [2023-05-26T20:43:46.615+0000] {dag.py:3490} INFO - Setting next_dagrun for tutorial to 2023-05-25T20:43:46.615065+00:00, run_after=2023-05-26T20:43:46.615065+00:00
[2023-05-26T20:43:46.626+0000] {processor.py:179} INFO - Processing /home/airflow/.local/lib/python3.7/site-packages/airflow/example_dags/tutorial.py took 0.056 seconds
[2023-05-26T20:44:16.865+0000] {processor.py:157} INFO - Started process (PID=1791) to work on /home/airflow/.local/lib/python3.7/site-packages/airflow/example_dags/tutorial.py
[2023-05-26T20:44:16.866+0000] {processor.py:826} INFO - Processing file /home/airflow/.local/lib/python3.7/site-packages/airflow/example_dags/tutorial.py for tasks to queue
[2023-05-26T20:44:16.867+0000] {logging_mixin.py:149} INFO - [2023-05-26T20:44:16.867+0000] {dagbag.py:541} INFO - Filling up the DagBag from /home/airflow/.local/lib/python3.7/site-packages/airflow/example_dags/tutorial.py
[2023-05-26T20:44:16.873+0000] {processor.py:836} INFO - DAG(s) dict_keys(['tutorial']) retrieved from /home/airflow/.local/lib/python3.7/site-packages/airflow/example_dags/tutorial.py
[2023-05-26T20:44:16.892+0000] {logging_mixin.py:149} INFO - [2023-05-26T20:44:16.892+0000] {dag.py:2726} INFO - Sync 1 DAGs
[2023-05-26T20:44:16.908+0000] {logging_mixin.py:149} INFO - [2023-05-26T20:44:16.908+0000] {dag.py:3490} INFO - Setting next_dagrun for tutorial to 2023-05-25T20:44:16.908580+00:00, run_after=2023-05-26T20:44:16.908580+00:00
[2023-05-26T20:44:16.922+0000] {processor.py:179} INFO - Processing /home/airflow/.local/lib/python3.7/site-packages/airflow/example_dags/tutorial.py took 0.060 seconds
[2023-05-26T20:44:47.283+0000] {processor.py:157} INFO - Started process (PID=1848) to work on /home/airflow/.local/lib/python3.7/site-packages/airflow/example_dags/tutorial.py
[2023-05-26T20:44:47.285+0000] {processor.py:826} INFO - Processing file /home/airflow/.local/lib/python3.7/site-packages/airflow/example_dags/tutorial.py for tasks to queue
[2023-05-26T20:44:47.285+0000] {logging_mixin.py:149} INFO - [2023-05-26T20:44:47.285+0000] {dagbag.py:541} INFO - Filling up the DagBag from /home/airflow/.local/lib/python3.7/site-packages/airflow/example_dags/tutorial.py
[2023-05-26T20:44:47.291+0000] {processor.py:836} INFO - DAG(s) dict_keys(['tutorial']) retrieved from /home/airflow/.local/lib/python3.7/site-packages/airflow/example_dags/tutorial.py
[2023-05-26T20:44:47.310+0000] {logging_mixin.py:149} INFO - [2023-05-26T20:44:47.310+0000] {dag.py:2726} INFO - Sync 1 DAGs
[2023-05-26T20:44:47.326+0000] {logging_mixin.py:149} INFO - [2023-05-26T20:44:47.326+0000] {dag.py:3490} INFO - Setting next_dagrun for tutorial to 2023-05-25T20:44:47.326259+00:00, run_after=2023-05-26T20:44:47.326259+00:00
[2023-05-26T20:44:47.339+0000] {processor.py:179} INFO - Processing /home/airflow/.local/lib/python3.7/site-packages/airflow/example_dags/tutorial.py took 0.059 seconds
[2023-05-26T20:45:17.634+0000] {processor.py:157} INFO - Started process (PID=1904) to work on /home/airflow/.local/lib/python3.7/site-packages/airflow/example_dags/tutorial.py
[2023-05-26T20:45:17.635+0000] {processor.py:826} INFO - Processing file /home/airflow/.local/lib/python3.7/site-packages/airflow/example_dags/tutorial.py for tasks to queue
[2023-05-26T20:45:17.636+0000] {logging_mixin.py:149} INFO - [2023-05-26T20:45:17.636+0000] {dagbag.py:541} INFO - Filling up the DagBag from /home/airflow/.local/lib/python3.7/site-packages/airflow/example_dags/tutorial.py
[2023-05-26T20:45:17.642+0000] {processor.py:836} INFO - DAG(s) dict_keys(['tutorial']) retrieved from /home/airflow/.local/lib/python3.7/site-packages/airflow/example_dags/tutorial.py
[2023-05-26T20:45:17.661+0000] {logging_mixin.py:149} INFO - [2023-05-26T20:45:17.661+0000] {dag.py:2726} INFO - Sync 1 DAGs
[2023-05-26T20:45:17.678+0000] {logging_mixin.py:149} INFO - [2023-05-26T20:45:17.678+0000] {dag.py:3490} INFO - Setting next_dagrun for tutorial to 2023-05-25T20:45:17.678442+00:00, run_after=2023-05-26T20:45:17.678442+00:00
[2023-05-26T20:45:17.690+0000] {processor.py:179} INFO - Processing /home/airflow/.local/lib/python3.7/site-packages/airflow/example_dags/tutorial.py took 0.059 seconds
[2023-05-26T20:45:48.069+0000] {processor.py:157} INFO - Started process (PID=1960) to work on /home/airflow/.local/lib/python3.7/site-packages/airflow/example_dags/tutorial.py
[2023-05-26T20:45:48.071+0000] {processor.py:826} INFO - Processing file /home/airflow/.local/lib/python3.7/site-packages/airflow/example_dags/tutorial.py for tasks to queue
[2023-05-26T20:45:48.072+0000] {logging_mixin.py:149} INFO - [2023-05-26T20:45:48.072+0000] {dagbag.py:541} INFO - Filling up the DagBag from /home/airflow/.local/lib/python3.7/site-packages/airflow/example_dags/tutorial.py
[2023-05-26T20:45:48.077+0000] {processor.py:836} INFO - DAG(s) dict_keys(['tutorial']) retrieved from /home/airflow/.local/lib/python3.7/site-packages/airflow/example_dags/tutorial.py
[2023-05-26T20:45:48.096+0000] {logging_mixin.py:149} INFO - [2023-05-26T20:45:48.096+0000] {dag.py:2726} INFO - Sync 1 DAGs
[2023-05-26T20:45:48.111+0000] {logging_mixin.py:149} INFO - [2023-05-26T20:45:48.111+0000] {dag.py:3490} INFO - Setting next_dagrun for tutorial to 2023-05-25T20:45:48.111183+00:00, run_after=2023-05-26T20:45:48.111183+00:00
[2023-05-26T20:45:48.123+0000] {processor.py:179} INFO - Processing /home/airflow/.local/lib/python3.7/site-packages/airflow/example_dags/tutorial.py took 0.056 seconds
[2023-05-26T20:46:18.707+0000] {processor.py:157} INFO - Started process (PID=2016) to work on /home/airflow/.local/lib/python3.7/site-packages/airflow/example_dags/tutorial.py
[2023-05-26T20:46:18.709+0000] {processor.py:826} INFO - Processing file /home/airflow/.local/lib/python3.7/site-packages/airflow/example_dags/tutorial.py for tasks to queue
[2023-05-26T20:46:18.709+0000] {logging_mixin.py:149} INFO - [2023-05-26T20:46:18.709+0000] {dagbag.py:541} INFO - Filling up the DagBag from /home/airflow/.local/lib/python3.7/site-packages/airflow/example_dags/tutorial.py
[2023-05-26T20:46:18.715+0000] {processor.py:836} INFO - DAG(s) dict_keys(['tutorial']) retrieved from /home/airflow/.local/lib/python3.7/site-packages/airflow/example_dags/tutorial.py
[2023-05-26T20:46:18.735+0000] {logging_mixin.py:149} INFO - [2023-05-26T20:46:18.735+0000] {dag.py:2726} INFO - Sync 1 DAGs
[2023-05-26T20:46:18.752+0000] {logging_mixin.py:149} INFO - [2023-05-26T20:46:18.751+0000] {dag.py:3490} INFO - Setting next_dagrun for tutorial to 2023-05-25T20:46:18.751678+00:00, run_after=2023-05-26T20:46:18.751678+00:00
[2023-05-26T20:46:18.765+0000] {processor.py:179} INFO - Processing /home/airflow/.local/lib/python3.7/site-packages/airflow/example_dags/tutorial.py took 0.060 seconds
[2023-05-26T20:46:49.298+0000] {processor.py:157} INFO - Started process (PID=2072) to work on /home/airflow/.local/lib/python3.7/site-packages/airflow/example_dags/tutorial.py
[2023-05-26T20:46:49.300+0000] {processor.py:826} INFO - Processing file /home/airflow/.local/lib/python3.7/site-packages/airflow/example_dags/tutorial.py for tasks to queue
[2023-05-26T20:46:49.301+0000] {logging_mixin.py:149} INFO - [2023-05-26T20:46:49.301+0000] {dagbag.py:541} INFO - Filling up the DagBag from /home/airflow/.local/lib/python3.7/site-packages/airflow/example_dags/tutorial.py
[2023-05-26T20:46:49.306+0000] {processor.py:836} INFO - DAG(s) dict_keys(['tutorial']) retrieved from /home/airflow/.local/lib/python3.7/site-packages/airflow/example_dags/tutorial.py
[2023-05-26T20:46:49.325+0000] {logging_mixin.py:149} INFO - [2023-05-26T20:46:49.325+0000] {dag.py:2726} INFO - Sync 1 DAGs
[2023-05-26T20:46:49.341+0000] {logging_mixin.py:149} INFO - [2023-05-26T20:46:49.341+0000] {dag.py:3490} INFO - Setting next_dagrun for tutorial to 2023-05-25T20:46:49.341304+00:00, run_after=2023-05-26T20:46:49.341304+00:00
[2023-05-26T20:46:49.354+0000] {processor.py:179} INFO - Processing /home/airflow/.local/lib/python3.7/site-packages/airflow/example_dags/tutorial.py took 0.059 seconds
[2023-05-26T20:47:20.026+0000] {processor.py:157} INFO - Started process (PID=2128) to work on /home/airflow/.local/lib/python3.7/site-packages/airflow/example_dags/tutorial.py
[2023-05-26T20:47:20.028+0000] {processor.py:826} INFO - Processing file /home/airflow/.local/lib/python3.7/site-packages/airflow/example_dags/tutorial.py for tasks to queue
[2023-05-26T20:47:20.028+0000] {logging_mixin.py:149} INFO - [2023-05-26T20:47:20.028+0000] {dagbag.py:541} INFO - Filling up the DagBag from /home/airflow/.local/lib/python3.7/site-packages/airflow/example_dags/tutorial.py
[2023-05-26T20:47:20.034+0000] {processor.py:836} INFO - DAG(s) dict_keys(['tutorial']) retrieved from /home/airflow/.local/lib/python3.7/site-packages/airflow/example_dags/tutorial.py
[2023-05-26T20:47:20.053+0000] {logging_mixin.py:149} INFO - [2023-05-26T20:47:20.052+0000] {dag.py:2726} INFO - Sync 1 DAGs
[2023-05-26T20:47:20.068+0000] {logging_mixin.py:149} INFO - [2023-05-26T20:47:20.068+0000] {dag.py:3490} INFO - Setting next_dagrun for tutorial to 2023-05-25T20:47:20.068293+00:00, run_after=2023-05-26T20:47:20.068293+00:00
[2023-05-26T20:47:20.080+0000] {processor.py:179} INFO - Processing /home/airflow/.local/lib/python3.7/site-packages/airflow/example_dags/tutorial.py took 0.057 seconds
[2023-05-26T20:47:50.705+0000] {processor.py:157} INFO - Started process (PID=2184) to work on /home/airflow/.local/lib/python3.7/site-packages/airflow/example_dags/tutorial.py
[2023-05-26T20:47:50.706+0000] {processor.py:826} INFO - Processing file /home/airflow/.local/lib/python3.7/site-packages/airflow/example_dags/tutorial.py for tasks to queue
[2023-05-26T20:47:50.707+0000] {logging_mixin.py:149} INFO - [2023-05-26T20:47:50.707+0000] {dagbag.py:541} INFO - Filling up the DagBag from /home/airflow/.local/lib/python3.7/site-packages/airflow/example_dags/tutorial.py
[2023-05-26T20:47:50.714+0000] {processor.py:836} INFO - DAG(s) dict_keys(['tutorial']) retrieved from /home/airflow/.local/lib/python3.7/site-packages/airflow/example_dags/tutorial.py
[2023-05-26T20:47:50.734+0000] {logging_mixin.py:149} INFO - [2023-05-26T20:47:50.734+0000] {dag.py:2726} INFO - Sync 1 DAGs
[2023-05-26T20:47:50.755+0000] {logging_mixin.py:149} INFO - [2023-05-26T20:47:50.755+0000] {dag.py:3490} INFO - Setting next_dagrun for tutorial to 2023-05-25T20:47:50.754808+00:00, run_after=2023-05-26T20:47:50.754808+00:00
[2023-05-26T20:47:50.767+0000] {processor.py:179} INFO - Processing /home/airflow/.local/lib/python3.7/site-packages/airflow/example_dags/tutorial.py took 0.065 seconds
[2023-05-26T20:48:21.104+0000] {processor.py:157} INFO - Started process (PID=2240) to work on /home/airflow/.local/lib/python3.7/site-packages/airflow/example_dags/tutorial.py
[2023-05-26T20:48:21.105+0000] {processor.py:826} INFO - Processing file /home/airflow/.local/lib/python3.7/site-packages/airflow/example_dags/tutorial.py for tasks to queue
[2023-05-26T20:48:21.106+0000] {logging_mixin.py:149} INFO - [2023-05-26T20:48:21.106+0000] {dagbag.py:541} INFO - Filling up the DagBag from /home/airflow/.local/lib/python3.7/site-packages/airflow/example_dags/tutorial.py
[2023-05-26T20:48:21.113+0000] {processor.py:836} INFO - DAG(s) dict_keys(['tutorial']) retrieved from /home/airflow/.local/lib/python3.7/site-packages/airflow/example_dags/tutorial.py
[2023-05-26T20:48:21.135+0000] {logging_mixin.py:149} INFO - [2023-05-26T20:48:21.135+0000] {dag.py:2726} INFO - Sync 1 DAGs
[2023-05-26T20:48:21.155+0000] {logging_mixin.py:149} INFO - [2023-05-26T20:48:21.155+0000] {dag.py:3490} INFO - Setting next_dagrun for tutorial to 2023-05-25T20:48:21.155384+00:00, run_after=2023-05-26T20:48:21.155384+00:00
[2023-05-26T20:48:21.168+0000] {processor.py:179} INFO - Processing /home/airflow/.local/lib/python3.7/site-packages/airflow/example_dags/tutorial.py took 0.067 seconds
[2023-05-26T20:48:51.752+0000] {processor.py:157} INFO - Started process (PID=2297) to work on /home/airflow/.local/lib/python3.7/site-packages/airflow/example_dags/tutorial.py
[2023-05-26T20:48:51.753+0000] {processor.py:826} INFO - Processing file /home/airflow/.local/lib/python3.7/site-packages/airflow/example_dags/tutorial.py for tasks to queue
[2023-05-26T20:48:51.754+0000] {logging_mixin.py:149} INFO - [2023-05-26T20:48:51.754+0000] {dagbag.py:541} INFO - Filling up the DagBag from /home/airflow/.local/lib/python3.7/site-packages/airflow/example_dags/tutorial.py
[2023-05-26T20:48:51.759+0000] {processor.py:836} INFO - DAG(s) dict_keys(['tutorial']) retrieved from /home/airflow/.local/lib/python3.7/site-packages/airflow/example_dags/tutorial.py
[2023-05-26T20:48:51.778+0000] {logging_mixin.py:149} INFO - [2023-05-26T20:48:51.778+0000] {dag.py:2726} INFO - Sync 1 DAGs
[2023-05-26T20:48:51.796+0000] {logging_mixin.py:149} INFO - [2023-05-26T20:48:51.796+0000] {dag.py:3490} INFO - Setting next_dagrun for tutorial to 2023-05-25T20:48:51.795985+00:00, run_after=2023-05-26T20:48:51.795985+00:00
[2023-05-26T20:48:51.808+0000] {processor.py:179} INFO - Processing /home/airflow/.local/lib/python3.7/site-packages/airflow/example_dags/tutorial.py took 0.059 seconds
[2023-05-26T20:49:22.456+0000] {processor.py:157} INFO - Started process (PID=2352) to work on /home/airflow/.local/lib/python3.7/site-packages/airflow/example_dags/tutorial.py
[2023-05-26T20:49:22.458+0000] {processor.py:826} INFO - Processing file /home/airflow/.local/lib/python3.7/site-packages/airflow/example_dags/tutorial.py for tasks to queue
[2023-05-26T20:49:22.459+0000] {logging_mixin.py:149} INFO - [2023-05-26T20:49:22.459+0000] {dagbag.py:541} INFO - Filling up the DagBag from /home/airflow/.local/lib/python3.7/site-packages/airflow/example_dags/tutorial.py
[2023-05-26T20:49:22.464+0000] {processor.py:836} INFO - DAG(s) dict_keys(['tutorial']) retrieved from /home/airflow/.local/lib/python3.7/site-packages/airflow/example_dags/tutorial.py
[2023-05-26T20:49:22.486+0000] {logging_mixin.py:149} INFO - [2023-05-26T20:49:22.485+0000] {dag.py:2726} INFO - Sync 1 DAGs
[2023-05-26T20:49:22.503+0000] {logging_mixin.py:149} INFO - [2023-05-26T20:49:22.503+0000] {dag.py:3490} INFO - Setting next_dagrun for tutorial to 2023-05-25T20:49:22.502808+00:00, run_after=2023-05-26T20:49:22.502808+00:00
[2023-05-26T20:49:22.515+0000] {processor.py:179} INFO - Processing /home/airflow/.local/lib/python3.7/site-packages/airflow/example_dags/tutorial.py took 0.062 seconds
[2023-05-26T20:49:52.950+0000] {processor.py:157} INFO - Started process (PID=2408) to work on /home/airflow/.local/lib/python3.7/site-packages/airflow/example_dags/tutorial.py
[2023-05-26T20:49:52.952+0000] {processor.py:826} INFO - Processing file /home/airflow/.local/lib/python3.7/site-packages/airflow/example_dags/tutorial.py for tasks to queue
[2023-05-26T20:49:52.953+0000] {logging_mixin.py:149} INFO - [2023-05-26T20:49:52.953+0000] {dagbag.py:541} INFO - Filling up the DagBag from /home/airflow/.local/lib/python3.7/site-packages/airflow/example_dags/tutorial.py
[2023-05-26T20:49:52.958+0000] {processor.py:836} INFO - DAG(s) dict_keys(['tutorial']) retrieved from /home/airflow/.local/lib/python3.7/site-packages/airflow/example_dags/tutorial.py
[2023-05-26T20:49:52.978+0000] {logging_mixin.py:149} INFO - [2023-05-26T20:49:52.978+0000] {dag.py:2726} INFO - Sync 1 DAGs
[2023-05-26T20:49:52.995+0000] {logging_mixin.py:149} INFO - [2023-05-26T20:49:52.995+0000] {dag.py:3490} INFO - Setting next_dagrun for tutorial to 2023-05-25T20:49:52.995536+00:00, run_after=2023-05-26T20:49:52.995536+00:00
[2023-05-26T20:49:53.007+0000] {processor.py:179} INFO - Processing /home/airflow/.local/lib/python3.7/site-packages/airflow/example_dags/tutorial.py took 0.059 seconds
[2023-05-26T20:50:23.562+0000] {processor.py:157} INFO - Started process (PID=2464) to work on /home/airflow/.local/lib/python3.7/site-packages/airflow/example_dags/tutorial.py
[2023-05-26T20:50:23.564+0000] {processor.py:826} INFO - Processing file /home/airflow/.local/lib/python3.7/site-packages/airflow/example_dags/tutorial.py for tasks to queue
[2023-05-26T20:50:23.565+0000] {logging_mixin.py:149} INFO - [2023-05-26T20:50:23.565+0000] {dagbag.py:541} INFO - Filling up the DagBag from /home/airflow/.local/lib/python3.7/site-packages/airflow/example_dags/tutorial.py
[2023-05-26T20:50:23.571+0000] {processor.py:836} INFO - DAG(s) dict_keys(['tutorial']) retrieved from /home/airflow/.local/lib/python3.7/site-packages/airflow/example_dags/tutorial.py
[2023-05-26T20:50:23.591+0000] {logging_mixin.py:149} INFO - [2023-05-26T20:50:23.590+0000] {dag.py:2726} INFO - Sync 1 DAGs
[2023-05-26T20:50:23.608+0000] {logging_mixin.py:149} INFO - [2023-05-26T20:50:23.608+0000] {dag.py:3490} INFO - Setting next_dagrun for tutorial to 2023-05-25T20:50:23.608112+00:00, run_after=2023-05-26T20:50:23.608112+00:00
[2023-05-26T20:50:23.621+0000] {processor.py:179} INFO - Processing /home/airflow/.local/lib/python3.7/site-packages/airflow/example_dags/tutorial.py took 0.062 seconds
[2023-05-26T20:50:53.850+0000] {processor.py:157} INFO - Started process (PID=2521) to work on /home/airflow/.local/lib/python3.7/site-packages/airflow/example_dags/tutorial.py
[2023-05-26T20:50:53.852+0000] {processor.py:826} INFO - Processing file /home/airflow/.local/lib/python3.7/site-packages/airflow/example_dags/tutorial.py for tasks to queue
[2023-05-26T20:50:53.853+0000] {logging_mixin.py:149} INFO - [2023-05-26T20:50:53.853+0000] {dagbag.py:541} INFO - Filling up the DagBag from /home/airflow/.local/lib/python3.7/site-packages/airflow/example_dags/tutorial.py
[2023-05-26T20:50:53.859+0000] {processor.py:836} INFO - DAG(s) dict_keys(['tutorial']) retrieved from /home/airflow/.local/lib/python3.7/site-packages/airflow/example_dags/tutorial.py
[2023-05-26T20:50:53.877+0000] {logging_mixin.py:149} INFO - [2023-05-26T20:50:53.877+0000] {dag.py:2726} INFO - Sync 1 DAGs
[2023-05-26T20:50:53.894+0000] {logging_mixin.py:149} INFO - [2023-05-26T20:50:53.894+0000] {dag.py:3490} INFO - Setting next_dagrun for tutorial to 2023-05-25T20:50:53.892633+00:00, run_after=2023-05-26T20:50:53.892633+00:00
[2023-05-26T20:50:53.905+0000] {processor.py:179} INFO - Processing /home/airflow/.local/lib/python3.7/site-packages/airflow/example_dags/tutorial.py took 0.058 seconds
[2023-05-26T20:51:24.324+0000] {processor.py:157} INFO - Started process (PID=2577) to work on /home/airflow/.local/lib/python3.7/site-packages/airflow/example_dags/tutorial.py
[2023-05-26T20:51:24.326+0000] {processor.py:826} INFO - Processing file /home/airflow/.local/lib/python3.7/site-packages/airflow/example_dags/tutorial.py for tasks to queue
[2023-05-26T20:51:24.327+0000] {logging_mixin.py:149} INFO - [2023-05-26T20:51:24.326+0000] {dagbag.py:541} INFO - Filling up the DagBag from /home/airflow/.local/lib/python3.7/site-packages/airflow/example_dags/tutorial.py
[2023-05-26T20:51:24.332+0000] {processor.py:836} INFO - DAG(s) dict_keys(['tutorial']) retrieved from /home/airflow/.local/lib/python3.7/site-packages/airflow/example_dags/tutorial.py
[2023-05-26T20:51:24.352+0000] {logging_mixin.py:149} INFO - [2023-05-26T20:51:24.352+0000] {dag.py:2726} INFO - Sync 1 DAGs
[2023-05-26T20:51:24.369+0000] {logging_mixin.py:149} INFO - [2023-05-26T20:51:24.369+0000] {dag.py:3490} INFO - Setting next_dagrun for tutorial to 2023-05-25T20:51:24.368933+00:00, run_after=2023-05-26T20:51:24.368933+00:00
[2023-05-26T20:51:24.382+0000] {processor.py:179} INFO - Processing /home/airflow/.local/lib/python3.7/site-packages/airflow/example_dags/tutorial.py took 0.061 seconds
[2023-05-26T20:51:54.979+0000] {processor.py:157} INFO - Started process (PID=2633) to work on /home/airflow/.local/lib/python3.7/site-packages/airflow/example_dags/tutorial.py
[2023-05-26T20:51:54.980+0000] {processor.py:826} INFO - Processing file /home/airflow/.local/lib/python3.7/site-packages/airflow/example_dags/tutorial.py for tasks to queue
[2023-05-26T20:51:54.981+0000] {logging_mixin.py:149} INFO - [2023-05-26T20:51:54.981+0000] {dagbag.py:541} INFO - Filling up the DagBag from /home/airflow/.local/lib/python3.7/site-packages/airflow/example_dags/tutorial.py
[2023-05-26T20:51:54.986+0000] {processor.py:836} INFO - DAG(s) dict_keys(['tutorial']) retrieved from /home/airflow/.local/lib/python3.7/site-packages/airflow/example_dags/tutorial.py
[2023-05-26T20:51:55.007+0000] {logging_mixin.py:149} INFO - [2023-05-26T20:51:55.007+0000] {dag.py:2726} INFO - Sync 1 DAGs
[2023-05-26T20:51:55.024+0000] {logging_mixin.py:149} INFO - [2023-05-26T20:51:55.024+0000] {dag.py:3490} INFO - Setting next_dagrun for tutorial to 2023-05-25T20:51:55.024564+00:00, run_after=2023-05-26T20:51:55.024564+00:00
[2023-05-26T20:51:55.036+0000] {processor.py:179} INFO - Processing /home/airflow/.local/lib/python3.7/site-packages/airflow/example_dags/tutorial.py took 0.060 seconds
[2023-05-26T20:52:25.585+0000] {processor.py:157} INFO - Started process (PID=2689) to work on /home/airflow/.local/lib/python3.7/site-packages/airflow/example_dags/tutorial.py
[2023-05-26T20:52:25.586+0000] {processor.py:826} INFO - Processing file /home/airflow/.local/lib/python3.7/site-packages/airflow/example_dags/tutorial.py for tasks to queue
[2023-05-26T20:52:25.587+0000] {logging_mixin.py:149} INFO - [2023-05-26T20:52:25.587+0000] {dagbag.py:541} INFO - Filling up the DagBag from /home/airflow/.local/lib/python3.7/site-packages/airflow/example_dags/tutorial.py
[2023-05-26T20:52:25.593+0000] {processor.py:836} INFO - DAG(s) dict_keys(['tutorial']) retrieved from /home/airflow/.local/lib/python3.7/site-packages/airflow/example_dags/tutorial.py
[2023-05-26T20:52:25.615+0000] {logging_mixin.py:149} INFO - [2023-05-26T20:52:25.615+0000] {dag.py:2726} INFO - Sync 1 DAGs
[2023-05-26T20:52:25.632+0000] {logging_mixin.py:149} INFO - [2023-05-26T20:52:25.632+0000] {dag.py:3490} INFO - Setting next_dagrun for tutorial to 2023-05-25T20:52:25.632069+00:00, run_after=2023-05-26T20:52:25.632069+00:00
[2023-05-26T20:52:25.643+0000] {processor.py:179} INFO - Processing /home/airflow/.local/lib/python3.7/site-packages/airflow/example_dags/tutorial.py took 0.061 seconds
[2023-05-26T20:52:56.149+0000] {processor.py:157} INFO - Started process (PID=2745) to work on /home/airflow/.local/lib/python3.7/site-packages/airflow/example_dags/tutorial.py
[2023-05-26T20:52:56.151+0000] {processor.py:826} INFO - Processing file /home/airflow/.local/lib/python3.7/site-packages/airflow/example_dags/tutorial.py for tasks to queue
[2023-05-26T20:52:56.151+0000] {logging_mixin.py:149} INFO - [2023-05-26T20:52:56.151+0000] {dagbag.py:541} INFO - Filling up the DagBag from /home/airflow/.local/lib/python3.7/site-packages/airflow/example_dags/tutorial.py
[2023-05-26T20:52:56.157+0000] {processor.py:836} INFO - DAG(s) dict_keys(['tutorial']) retrieved from /home/airflow/.local/lib/python3.7/site-packages/airflow/example_dags/tutorial.py
[2023-05-26T20:52:56.175+0000] {logging_mixin.py:149} INFO - [2023-05-26T20:52:56.175+0000] {dag.py:2726} INFO - Sync 1 DAGs
[2023-05-26T20:52:56.191+0000] {logging_mixin.py:149} INFO - [2023-05-26T20:52:56.191+0000] {dag.py:3490} INFO - Setting next_dagrun for tutorial to 2023-05-25T20:52:56.190941+00:00, run_after=2023-05-26T20:52:56.190941+00:00
[2023-05-26T20:52:56.203+0000] {processor.py:179} INFO - Processing /home/airflow/.local/lib/python3.7/site-packages/airflow/example_dags/tutorial.py took 0.057 seconds
[2023-05-26T20:53:26.923+0000] {processor.py:157} INFO - Started process (PID=2801) to work on /home/airflow/.local/lib/python3.7/site-packages/airflow/example_dags/tutorial.py
[2023-05-26T20:53:26.925+0000] {processor.py:826} INFO - Processing file /home/airflow/.local/lib/python3.7/site-packages/airflow/example_dags/tutorial.py for tasks to queue
[2023-05-26T20:53:26.926+0000] {logging_mixin.py:149} INFO - [2023-05-26T20:53:26.926+0000] {dagbag.py:541} INFO - Filling up the DagBag from /home/airflow/.local/lib/python3.7/site-packages/airflow/example_dags/tutorial.py
[2023-05-26T20:53:26.932+0000] {processor.py:836} INFO - DAG(s) dict_keys(['tutorial']) retrieved from /home/airflow/.local/lib/python3.7/site-packages/airflow/example_dags/tutorial.py
[2023-05-26T20:53:26.952+0000] {logging_mixin.py:149} INFO - [2023-05-26T20:53:26.952+0000] {dag.py:2726} INFO - Sync 1 DAGs
[2023-05-26T20:53:26.967+0000] {logging_mixin.py:149} INFO - [2023-05-26T20:53:26.967+0000] {dag.py:3490} INFO - Setting next_dagrun for tutorial to 2023-05-25T20:53:26.967132+00:00, run_after=2023-05-26T20:53:26.967132+00:00
[2023-05-26T20:53:26.979+0000] {processor.py:179} INFO - Processing /home/airflow/.local/lib/python3.7/site-packages/airflow/example_dags/tutorial.py took 0.059 seconds
[2023-05-26T20:53:57.549+0000] {processor.py:157} INFO - Started process (PID=2857) to work on /home/airflow/.local/lib/python3.7/site-packages/airflow/example_dags/tutorial.py
[2023-05-26T20:53:57.551+0000] {processor.py:826} INFO - Processing file /home/airflow/.local/lib/python3.7/site-packages/airflow/example_dags/tutorial.py for tasks to queue
[2023-05-26T20:53:57.552+0000] {logging_mixin.py:149} INFO - [2023-05-26T20:53:57.552+0000] {dagbag.py:541} INFO - Filling up the DagBag from /home/airflow/.local/lib/python3.7/site-packages/airflow/example_dags/tutorial.py
[2023-05-26T20:53:57.558+0000] {processor.py:836} INFO - DAG(s) dict_keys(['tutorial']) retrieved from /home/airflow/.local/lib/python3.7/site-packages/airflow/example_dags/tutorial.py
[2023-05-26T20:53:57.584+0000] {logging_mixin.py:149} INFO - [2023-05-26T20:53:57.584+0000] {dag.py:2726} INFO - Sync 1 DAGs
[2023-05-26T20:53:57.602+0000] {logging_mixin.py:149} INFO - [2023-05-26T20:53:57.602+0000] {dag.py:3490} INFO - Setting next_dagrun for tutorial to 2023-05-25T20:53:57.602301+00:00, run_after=2023-05-26T20:53:57.602301+00:00
[2023-05-26T20:53:57.616+0000] {processor.py:179} INFO - Processing /home/airflow/.local/lib/python3.7/site-packages/airflow/example_dags/tutorial.py took 0.071 seconds
[2023-05-26T20:54:28.168+0000] {processor.py:157} INFO - Started process (PID=2912) to work on /home/airflow/.local/lib/python3.7/site-packages/airflow/example_dags/tutorial.py
[2023-05-26T20:54:28.170+0000] {processor.py:826} INFO - Processing file /home/airflow/.local/lib/python3.7/site-packages/airflow/example_dags/tutorial.py for tasks to queue
[2023-05-26T20:54:28.171+0000] {logging_mixin.py:149} INFO - [2023-05-26T20:54:28.171+0000] {dagbag.py:541} INFO - Filling up the DagBag from /home/airflow/.local/lib/python3.7/site-packages/airflow/example_dags/tutorial.py
[2023-05-26T20:54:28.176+0000] {processor.py:836} INFO - DAG(s) dict_keys(['tutorial']) retrieved from /home/airflow/.local/lib/python3.7/site-packages/airflow/example_dags/tutorial.py
[2023-05-26T20:54:28.201+0000] {logging_mixin.py:149} INFO - [2023-05-26T20:54:28.201+0000] {dag.py:2726} INFO - Sync 1 DAGs
[2023-05-26T20:54:28.217+0000] {logging_mixin.py:149} INFO - [2023-05-26T20:54:28.217+0000] {dag.py:3490} INFO - Setting next_dagrun for tutorial to 2023-05-25T20:54:28.216856+00:00, run_after=2023-05-26T20:54:28.216856+00:00
[2023-05-26T20:54:28.229+0000] {processor.py:179} INFO - Processing /home/airflow/.local/lib/python3.7/site-packages/airflow/example_dags/tutorial.py took 0.064 seconds
[2023-05-26T20:54:58.717+0000] {processor.py:157} INFO - Started process (PID=2968) to work on /home/airflow/.local/lib/python3.7/site-packages/airflow/example_dags/tutorial.py
[2023-05-26T20:54:58.719+0000] {processor.py:826} INFO - Processing file /home/airflow/.local/lib/python3.7/site-packages/airflow/example_dags/tutorial.py for tasks to queue
[2023-05-26T20:54:58.720+0000] {logging_mixin.py:149} INFO - [2023-05-26T20:54:58.720+0000] {dagbag.py:541} INFO - Filling up the DagBag from /home/airflow/.local/lib/python3.7/site-packages/airflow/example_dags/tutorial.py
[2023-05-26T20:54:58.725+0000] {processor.py:836} INFO - DAG(s) dict_keys(['tutorial']) retrieved from /home/airflow/.local/lib/python3.7/site-packages/airflow/example_dags/tutorial.py
[2023-05-26T20:54:58.744+0000] {logging_mixin.py:149} INFO - [2023-05-26T20:54:58.744+0000] {dag.py:2726} INFO - Sync 1 DAGs
[2023-05-26T20:54:58.760+0000] {logging_mixin.py:149} INFO - [2023-05-26T20:54:58.760+0000] {dag.py:3490} INFO - Setting next_dagrun for tutorial to 2023-05-25T20:54:58.760231+00:00, run_after=2023-05-26T20:54:58.760231+00:00
[2023-05-26T20:54:58.772+0000] {processor.py:179} INFO - Processing /home/airflow/.local/lib/python3.7/site-packages/airflow/example_dags/tutorial.py took 0.058 seconds
[2023-05-26T20:55:29.384+0000] {processor.py:157} INFO - Started process (PID=3032) to work on /home/airflow/.local/lib/python3.7/site-packages/airflow/example_dags/tutorial.py
[2023-05-26T20:55:29.388+0000] {processor.py:826} INFO - Processing file /home/airflow/.local/lib/python3.7/site-packages/airflow/example_dags/tutorial.py for tasks to queue
[2023-05-26T20:55:29.389+0000] {logging_mixin.py:149} INFO - [2023-05-26T20:55:29.389+0000] {dagbag.py:541} INFO - Filling up the DagBag from /home/airflow/.local/lib/python3.7/site-packages/airflow/example_dags/tutorial.py
[2023-05-26T20:55:29.394+0000] {processor.py:836} INFO - DAG(s) dict_keys(['tutorial']) retrieved from /home/airflow/.local/lib/python3.7/site-packages/airflow/example_dags/tutorial.py
[2023-05-26T20:55:29.414+0000] {logging_mixin.py:149} INFO - [2023-05-26T20:55:29.414+0000] {dag.py:2726} INFO - Sync 1 DAGs
[2023-05-26T20:55:29.430+0000] {logging_mixin.py:149} INFO - [2023-05-26T20:55:29.430+0000] {dag.py:3490} INFO - Setting next_dagrun for tutorial to 2023-05-25T20:55:29.430475+00:00, run_after=2023-05-26T20:55:29.430475+00:00
[2023-05-26T20:55:29.441+0000] {processor.py:179} INFO - Processing /home/airflow/.local/lib/python3.7/site-packages/airflow/example_dags/tutorial.py took 0.060 seconds
[2023-05-26T20:56:00.092+0000] {processor.py:157} INFO - Started process (PID=3088) to work on /home/airflow/.local/lib/python3.7/site-packages/airflow/example_dags/tutorial.py
[2023-05-26T20:56:00.094+0000] {processor.py:826} INFO - Processing file /home/airflow/.local/lib/python3.7/site-packages/airflow/example_dags/tutorial.py for tasks to queue
[2023-05-26T20:56:00.095+0000] {logging_mixin.py:149} INFO - [2023-05-26T20:56:00.095+0000] {dagbag.py:541} INFO - Filling up the DagBag from /home/airflow/.local/lib/python3.7/site-packages/airflow/example_dags/tutorial.py
[2023-05-26T20:56:00.101+0000] {processor.py:836} INFO - DAG(s) dict_keys(['tutorial']) retrieved from /home/airflow/.local/lib/python3.7/site-packages/airflow/example_dags/tutorial.py
[2023-05-26T20:56:00.122+0000] {logging_mixin.py:149} INFO - [2023-05-26T20:56:00.122+0000] {dag.py:2726} INFO - Sync 1 DAGs
[2023-05-26T20:56:00.138+0000] {logging_mixin.py:149} INFO - [2023-05-26T20:56:00.138+0000] {dag.py:3490} INFO - Setting next_dagrun for tutorial to 2023-05-25T20:56:00.138573+00:00, run_after=2023-05-26T20:56:00.138573+00:00
[2023-05-26T20:56:00.151+0000] {processor.py:179} INFO - Processing /home/airflow/.local/lib/python3.7/site-packages/airflow/example_dags/tutorial.py took 0.062 seconds
[2023-05-26T20:56:30.964+0000] {processor.py:157} INFO - Started process (PID=3144) to work on /home/airflow/.local/lib/python3.7/site-packages/airflow/example_dags/tutorial.py
[2023-05-26T20:56:30.966+0000] {processor.py:826} INFO - Processing file /home/airflow/.local/lib/python3.7/site-packages/airflow/example_dags/tutorial.py for tasks to queue
[2023-05-26T20:56:30.967+0000] {logging_mixin.py:149} INFO - [2023-05-26T20:56:30.967+0000] {dagbag.py:541} INFO - Filling up the DagBag from /home/airflow/.local/lib/python3.7/site-packages/airflow/example_dags/tutorial.py
[2023-05-26T20:56:30.973+0000] {processor.py:836} INFO - DAG(s) dict_keys(['tutorial']) retrieved from /home/airflow/.local/lib/python3.7/site-packages/airflow/example_dags/tutorial.py
[2023-05-26T20:56:30.994+0000] {logging_mixin.py:149} INFO - [2023-05-26T20:56:30.994+0000] {dag.py:2726} INFO - Sync 1 DAGs
[2023-05-26T20:56:31.013+0000] {logging_mixin.py:149} INFO - [2023-05-26T20:56:31.013+0000] {dag.py:3490} INFO - Setting next_dagrun for tutorial to 2023-05-25T20:56:31.012828+00:00, run_after=2023-05-26T20:56:31.012828+00:00
[2023-05-26T20:56:31.026+0000] {processor.py:179} INFO - Processing /home/airflow/.local/lib/python3.7/site-packages/airflow/example_dags/tutorial.py took 0.064 seconds
[2023-05-26T20:57:01.565+0000] {processor.py:157} INFO - Started process (PID=3200) to work on /home/airflow/.local/lib/python3.7/site-packages/airflow/example_dags/tutorial.py
[2023-05-26T20:57:01.566+0000] {processor.py:826} INFO - Processing file /home/airflow/.local/lib/python3.7/site-packages/airflow/example_dags/tutorial.py for tasks to queue
[2023-05-26T20:57:01.567+0000] {logging_mixin.py:149} INFO - [2023-05-26T20:57:01.567+0000] {dagbag.py:541} INFO - Filling up the DagBag from /home/airflow/.local/lib/python3.7/site-packages/airflow/example_dags/tutorial.py
[2023-05-26T20:57:01.572+0000] {processor.py:836} INFO - DAG(s) dict_keys(['tutorial']) retrieved from /home/airflow/.local/lib/python3.7/site-packages/airflow/example_dags/tutorial.py
[2023-05-26T20:57:01.592+0000] {logging_mixin.py:149} INFO - [2023-05-26T20:57:01.592+0000] {dag.py:2726} INFO - Sync 1 DAGs
[2023-05-26T20:57:01.609+0000] {logging_mixin.py:149} INFO - [2023-05-26T20:57:01.609+0000] {dag.py:3490} INFO - Setting next_dagrun for tutorial to 2023-05-25T20:57:01.608903+00:00, run_after=2023-05-26T20:57:01.608903+00:00
[2023-05-26T20:57:01.620+0000] {processor.py:179} INFO - Processing /home/airflow/.local/lib/python3.7/site-packages/airflow/example_dags/tutorial.py took 0.058 seconds
[2023-05-26T20:57:33.048+0000] {processor.py:157} INFO - Started process (PID=3256) to work on /home/airflow/.local/lib/python3.7/site-packages/airflow/example_dags/tutorial.py
[2023-05-26T20:57:33.050+0000] {processor.py:826} INFO - Processing file /home/airflow/.local/lib/python3.7/site-packages/airflow/example_dags/tutorial.py for tasks to queue
[2023-05-26T20:57:33.051+0000] {logging_mixin.py:149} INFO - [2023-05-26T20:57:33.051+0000] {dagbag.py:541} INFO - Filling up the DagBag from /home/airflow/.local/lib/python3.7/site-packages/airflow/example_dags/tutorial.py
[2023-05-26T20:57:33.057+0000] {processor.py:836} INFO - DAG(s) dict_keys(['tutorial']) retrieved from /home/airflow/.local/lib/python3.7/site-packages/airflow/example_dags/tutorial.py
[2023-05-26T20:57:33.079+0000] {logging_mixin.py:149} INFO - [2023-05-26T20:57:33.079+0000] {dag.py:2726} INFO - Sync 1 DAGs
[2023-05-26T20:57:33.097+0000] {logging_mixin.py:149} INFO - [2023-05-26T20:57:33.097+0000] {dag.py:3490} INFO - Setting next_dagrun for tutorial to 2023-05-25T20:57:33.097033+00:00, run_after=2023-05-26T20:57:33.097033+00:00
[2023-05-26T20:57:33.110+0000] {processor.py:179} INFO - Processing /home/airflow/.local/lib/python3.7/site-packages/airflow/example_dags/tutorial.py took 0.065 seconds
[2023-05-26T21:01:24.514+0000] {processor.py:157} INFO - Started process (PID=3297) to work on /home/airflow/.local/lib/python3.7/site-packages/airflow/example_dags/tutorial.py
[2023-05-26T21:01:24.515+0000] {processor.py:826} INFO - Processing file /home/airflow/.local/lib/python3.7/site-packages/airflow/example_dags/tutorial.py for tasks to queue
[2023-05-26T21:01:24.516+0000] {logging_mixin.py:149} INFO - [2023-05-26T21:01:24.516+0000] {dagbag.py:541} INFO - Filling up the DagBag from /home/airflow/.local/lib/python3.7/site-packages/airflow/example_dags/tutorial.py
[2023-05-26T21:01:24.522+0000] {processor.py:836} INFO - DAG(s) dict_keys(['tutorial']) retrieved from /home/airflow/.local/lib/python3.7/site-packages/airflow/example_dags/tutorial.py
[2023-05-26T21:01:24.545+0000] {logging_mixin.py:149} INFO - [2023-05-26T21:01:24.545+0000] {dag.py:2726} INFO - Sync 1 DAGs
[2023-05-26T21:01:24.569+0000] {logging_mixin.py:149} INFO - [2023-05-26T21:01:24.569+0000] {dag.py:3490} INFO - Setting next_dagrun for tutorial to 2023-05-25T21:01:24.569052+00:00, run_after=2023-05-26T21:01:24.569052+00:00
[2023-05-26T21:01:24.596+0000] {processor.py:179} INFO - Processing /home/airflow/.local/lib/python3.7/site-packages/airflow/example_dags/tutorial.py took 0.086 seconds
[2023-05-26T21:01:55.557+0000] {processor.py:157} INFO - Started process (PID=3353) to work on /home/airflow/.local/lib/python3.7/site-packages/airflow/example_dags/tutorial.py
[2023-05-26T21:01:55.561+0000] {processor.py:826} INFO - Processing file /home/airflow/.local/lib/python3.7/site-packages/airflow/example_dags/tutorial.py for tasks to queue
[2023-05-26T21:01:55.562+0000] {logging_mixin.py:149} INFO - [2023-05-26T21:01:55.562+0000] {dagbag.py:541} INFO - Filling up the DagBag from /home/airflow/.local/lib/python3.7/site-packages/airflow/example_dags/tutorial.py
[2023-05-26T21:01:55.571+0000] {processor.py:836} INFO - DAG(s) dict_keys(['tutorial']) retrieved from /home/airflow/.local/lib/python3.7/site-packages/airflow/example_dags/tutorial.py
[2023-05-26T21:01:55.596+0000] {logging_mixin.py:149} INFO - [2023-05-26T21:01:55.596+0000] {dag.py:2726} INFO - Sync 1 DAGs
[2023-05-26T21:01:55.617+0000] {logging_mixin.py:149} INFO - [2023-05-26T21:01:55.617+0000] {dag.py:3490} INFO - Setting next_dagrun for tutorial to 2023-05-25T21:01:55.617267+00:00, run_after=2023-05-26T21:01:55.617267+00:00
[2023-05-26T21:01:55.630+0000] {processor.py:179} INFO - Processing /home/airflow/.local/lib/python3.7/site-packages/airflow/example_dags/tutorial.py took 0.076 seconds
[2023-05-26T21:02:25.806+0000] {processor.py:157} INFO - Started process (PID=3409) to work on /home/airflow/.local/lib/python3.7/site-packages/airflow/example_dags/tutorial.py
[2023-05-26T21:02:25.808+0000] {processor.py:826} INFO - Processing file /home/airflow/.local/lib/python3.7/site-packages/airflow/example_dags/tutorial.py for tasks to queue
[2023-05-26T21:02:25.809+0000] {logging_mixin.py:149} INFO - [2023-05-26T21:02:25.809+0000] {dagbag.py:541} INFO - Filling up the DagBag from /home/airflow/.local/lib/python3.7/site-packages/airflow/example_dags/tutorial.py
[2023-05-26T21:02:25.814+0000] {processor.py:836} INFO - DAG(s) dict_keys(['tutorial']) retrieved from /home/airflow/.local/lib/python3.7/site-packages/airflow/example_dags/tutorial.py
[2023-05-26T21:02:25.834+0000] {logging_mixin.py:149} INFO - [2023-05-26T21:02:25.834+0000] {dag.py:2726} INFO - Sync 1 DAGs
[2023-05-26T21:02:25.849+0000] {logging_mixin.py:149} INFO - [2023-05-26T21:02:25.849+0000] {dag.py:3490} INFO - Setting next_dagrun for tutorial to 2023-05-25T21:02:25.849528+00:00, run_after=2023-05-26T21:02:25.849528+00:00
[2023-05-26T21:02:25.862+0000] {processor.py:179} INFO - Processing /home/airflow/.local/lib/python3.7/site-packages/airflow/example_dags/tutorial.py took 0.058 seconds
[2023-05-26T21:02:56.467+0000] {processor.py:157} INFO - Started process (PID=3465) to work on /home/airflow/.local/lib/python3.7/site-packages/airflow/example_dags/tutorial.py
[2023-05-26T21:02:56.469+0000] {processor.py:826} INFO - Processing file /home/airflow/.local/lib/python3.7/site-packages/airflow/example_dags/tutorial.py for tasks to queue
[2023-05-26T21:02:56.470+0000] {logging_mixin.py:149} INFO - [2023-05-26T21:02:56.470+0000] {dagbag.py:541} INFO - Filling up the DagBag from /home/airflow/.local/lib/python3.7/site-packages/airflow/example_dags/tutorial.py
[2023-05-26T21:02:56.475+0000] {processor.py:836} INFO - DAG(s) dict_keys(['tutorial']) retrieved from /home/airflow/.local/lib/python3.7/site-packages/airflow/example_dags/tutorial.py
[2023-05-26T21:02:56.495+0000] {logging_mixin.py:149} INFO - [2023-05-26T21:02:56.495+0000] {dag.py:2726} INFO - Sync 1 DAGs
[2023-05-26T21:02:56.510+0000] {logging_mixin.py:149} INFO - [2023-05-26T21:02:56.510+0000] {dag.py:3490} INFO - Setting next_dagrun for tutorial to 2023-05-25T21:02:56.510440+00:00, run_after=2023-05-26T21:02:56.510440+00:00
[2023-05-26T21:02:56.523+0000] {processor.py:179} INFO - Processing /home/airflow/.local/lib/python3.7/site-packages/airflow/example_dags/tutorial.py took 0.059 seconds
[2023-05-26T21:03:27.182+0000] {processor.py:157} INFO - Started process (PID=3521) to work on /home/airflow/.local/lib/python3.7/site-packages/airflow/example_dags/tutorial.py
[2023-05-26T21:03:27.184+0000] {processor.py:826} INFO - Processing file /home/airflow/.local/lib/python3.7/site-packages/airflow/example_dags/tutorial.py for tasks to queue
[2023-05-26T21:03:27.185+0000] {logging_mixin.py:149} INFO - [2023-05-26T21:03:27.185+0000] {dagbag.py:541} INFO - Filling up the DagBag from /home/airflow/.local/lib/python3.7/site-packages/airflow/example_dags/tutorial.py
[2023-05-26T21:03:27.190+0000] {processor.py:836} INFO - DAG(s) dict_keys(['tutorial']) retrieved from /home/airflow/.local/lib/python3.7/site-packages/airflow/example_dags/tutorial.py
[2023-05-26T21:03:27.213+0000] {logging_mixin.py:149} INFO - [2023-05-26T21:03:27.213+0000] {dag.py:2726} INFO - Sync 1 DAGs
[2023-05-26T21:03:27.229+0000] {logging_mixin.py:149} INFO - [2023-05-26T21:03:27.229+0000] {dag.py:3490} INFO - Setting next_dagrun for tutorial to 2023-05-25T21:03:27.229451+00:00, run_after=2023-05-26T21:03:27.229451+00:00
[2023-05-26T21:03:27.241+0000] {processor.py:179} INFO - Processing /home/airflow/.local/lib/python3.7/site-packages/airflow/example_dags/tutorial.py took 0.062 seconds
[2023-05-26T21:03:57.867+0000] {processor.py:157} INFO - Started process (PID=3578) to work on /home/airflow/.local/lib/python3.7/site-packages/airflow/example_dags/tutorial.py
[2023-05-26T21:03:57.869+0000] {processor.py:826} INFO - Processing file /home/airflow/.local/lib/python3.7/site-packages/airflow/example_dags/tutorial.py for tasks to queue
[2023-05-26T21:03:57.870+0000] {logging_mixin.py:149} INFO - [2023-05-26T21:03:57.870+0000] {dagbag.py:541} INFO - Filling up the DagBag from /home/airflow/.local/lib/python3.7/site-packages/airflow/example_dags/tutorial.py
[2023-05-26T21:03:57.877+0000] {processor.py:836} INFO - DAG(s) dict_keys(['tutorial']) retrieved from /home/airflow/.local/lib/python3.7/site-packages/airflow/example_dags/tutorial.py
[2023-05-26T21:03:57.898+0000] {logging_mixin.py:149} INFO - [2023-05-26T21:03:57.898+0000] {dag.py:2726} INFO - Sync 1 DAGs
[2023-05-26T21:03:57.917+0000] {logging_mixin.py:149} INFO - [2023-05-26T21:03:57.916+0000] {dag.py:3490} INFO - Setting next_dagrun for tutorial to 2023-05-25T21:03:57.916714+00:00, run_after=2023-05-26T21:03:57.916714+00:00
[2023-05-26T21:03:57.933+0000] {processor.py:179} INFO - Processing /home/airflow/.local/lib/python3.7/site-packages/airflow/example_dags/tutorial.py took 0.070 seconds
[2023-05-26T21:04:27.979+0000] {processor.py:157} INFO - Started process (PID=3634) to work on /home/airflow/.local/lib/python3.7/site-packages/airflow/example_dags/tutorial.py
[2023-05-26T21:04:27.981+0000] {processor.py:826} INFO - Processing file /home/airflow/.local/lib/python3.7/site-packages/airflow/example_dags/tutorial.py for tasks to queue
[2023-05-26T21:04:27.982+0000] {logging_mixin.py:149} INFO - [2023-05-26T21:04:27.982+0000] {dagbag.py:541} INFO - Filling up the DagBag from /home/airflow/.local/lib/python3.7/site-packages/airflow/example_dags/tutorial.py
[2023-05-26T21:04:27.987+0000] {processor.py:836} INFO - DAG(s) dict_keys(['tutorial']) retrieved from /home/airflow/.local/lib/python3.7/site-packages/airflow/example_dags/tutorial.py
[2023-05-26T21:04:28.006+0000] {logging_mixin.py:149} INFO - [2023-05-26T21:04:28.006+0000] {dag.py:2726} INFO - Sync 1 DAGs
[2023-05-26T21:04:28.022+0000] {logging_mixin.py:149} INFO - [2023-05-26T21:04:28.022+0000] {dag.py:3490} INFO - Setting next_dagrun for tutorial to 2023-05-25T21:04:28.022224+00:00, run_after=2023-05-26T21:04:28.022224+00:00
[2023-05-26T21:04:28.035+0000] {processor.py:179} INFO - Processing /home/airflow/.local/lib/python3.7/site-packages/airflow/example_dags/tutorial.py took 0.058 seconds
[2023-05-26T21:05:01.654+0000] {processor.py:157} INFO - Started process (PID=51) to work on /home/airflow/.local/lib/python3.7/site-packages/airflow/example_dags/tutorial.py
[2023-05-26T21:05:01.656+0000] {processor.py:826} INFO - Processing file /home/airflow/.local/lib/python3.7/site-packages/airflow/example_dags/tutorial.py for tasks to queue
[2023-05-26T21:05:01.657+0000] {logging_mixin.py:149} INFO - [2023-05-26T21:05:01.657+0000] {dagbag.py:541} INFO - Filling up the DagBag from /home/airflow/.local/lib/python3.7/site-packages/airflow/example_dags/tutorial.py
[2023-05-26T21:05:01.666+0000] {processor.py:836} INFO - DAG(s) dict_keys(['tutorial']) retrieved from /home/airflow/.local/lib/python3.7/site-packages/airflow/example_dags/tutorial.py
[2023-05-26T21:05:01.685+0000] {logging_mixin.py:149} INFO - [2023-05-26T21:05:01.685+0000] {dag.py:2726} INFO - Sync 1 DAGs
[2023-05-26T21:05:01.713+0000] {logging_mixin.py:149} INFO - [2023-05-26T21:05:01.713+0000] {dag.py:3490} INFO - Setting next_dagrun for tutorial to 2023-05-25T21:05:01.713298+00:00, run_after=2023-05-26T21:05:01.713298+00:00
[2023-05-26T21:05:01.732+0000] {processor.py:179} INFO - Processing /home/airflow/.local/lib/python3.7/site-packages/airflow/example_dags/tutorial.py took 0.082 seconds
[2023-05-26T21:05:32.666+0000] {processor.py:157} INFO - Started process (PID=107) to work on /home/airflow/.local/lib/python3.7/site-packages/airflow/example_dags/tutorial.py
[2023-05-26T21:05:32.667+0000] {processor.py:826} INFO - Processing file /home/airflow/.local/lib/python3.7/site-packages/airflow/example_dags/tutorial.py for tasks to queue
[2023-05-26T21:05:32.668+0000] {logging_mixin.py:149} INFO - [2023-05-26T21:05:32.668+0000] {dagbag.py:541} INFO - Filling up the DagBag from /home/airflow/.local/lib/python3.7/site-packages/airflow/example_dags/tutorial.py
[2023-05-26T21:05:32.674+0000] {processor.py:836} INFO - DAG(s) dict_keys(['tutorial']) retrieved from /home/airflow/.local/lib/python3.7/site-packages/airflow/example_dags/tutorial.py
[2023-05-26T21:05:32.693+0000] {logging_mixin.py:149} INFO - [2023-05-26T21:05:32.693+0000] {dag.py:2726} INFO - Sync 1 DAGs
[2023-05-26T21:05:32.710+0000] {logging_mixin.py:149} INFO - [2023-05-26T21:05:32.710+0000] {dag.py:3490} INFO - Setting next_dagrun for tutorial to 2023-05-25T21:05:32.709983+00:00, run_after=2023-05-26T21:05:32.709983+00:00
[2023-05-26T21:05:32.722+0000] {processor.py:179} INFO - Processing /home/airflow/.local/lib/python3.7/site-packages/airflow/example_dags/tutorial.py took 0.059 seconds
[2023-05-26T21:06:03.242+0000] {processor.py:157} INFO - Started process (PID=163) to work on /home/airflow/.local/lib/python3.7/site-packages/airflow/example_dags/tutorial.py
[2023-05-26T21:06:03.244+0000] {processor.py:826} INFO - Processing file /home/airflow/.local/lib/python3.7/site-packages/airflow/example_dags/tutorial.py for tasks to queue
[2023-05-26T21:06:03.245+0000] {logging_mixin.py:149} INFO - [2023-05-26T21:06:03.245+0000] {dagbag.py:541} INFO - Filling up the DagBag from /home/airflow/.local/lib/python3.7/site-packages/airflow/example_dags/tutorial.py
[2023-05-26T21:06:03.251+0000] {processor.py:836} INFO - DAG(s) dict_keys(['tutorial']) retrieved from /home/airflow/.local/lib/python3.7/site-packages/airflow/example_dags/tutorial.py
[2023-05-26T21:06:03.272+0000] {logging_mixin.py:149} INFO - [2023-05-26T21:06:03.272+0000] {dag.py:2726} INFO - Sync 1 DAGs
[2023-05-26T21:06:03.287+0000] {logging_mixin.py:149} INFO - [2023-05-26T21:06:03.287+0000] {dag.py:3490} INFO - Setting next_dagrun for tutorial to 2023-05-25T21:06:03.287342+00:00, run_after=2023-05-26T21:06:03.287342+00:00
[2023-05-26T21:06:03.300+0000] {processor.py:179} INFO - Processing /home/airflow/.local/lib/python3.7/site-packages/airflow/example_dags/tutorial.py took 0.061 seconds
[2023-05-26T21:06:39.305+0000] {processor.py:157} INFO - Started process (PID=219) to work on /home/airflow/.local/lib/python3.7/site-packages/airflow/example_dags/tutorial.py
[2023-05-26T21:06:39.995+0000] {processor.py:826} INFO - Processing file /home/airflow/.local/lib/python3.7/site-packages/airflow/example_dags/tutorial.py for tasks to queue
[2023-05-26T21:06:39.996+0000] {logging_mixin.py:149} INFO - [2023-05-26T21:06:39.996+0000] {dagbag.py:541} INFO - Filling up the DagBag from /home/airflow/.local/lib/python3.7/site-packages/airflow/example_dags/tutorial.py
[2023-05-26T21:06:40.002+0000] {processor.py:836} INFO - DAG(s) dict_keys(['tutorial']) retrieved from /home/airflow/.local/lib/python3.7/site-packages/airflow/example_dags/tutorial.py
[2023-05-26T21:06:40.016+0000] {logging_mixin.py:149} INFO - [2023-05-26T21:06:40.016+0000] {dag.py:2726} INFO - Sync 1 DAGs
[2023-05-26T21:06:40.035+0000] {logging_mixin.py:149} INFO - [2023-05-26T21:06:40.035+0000] {dag.py:3490} INFO - Setting next_dagrun for tutorial to 2023-05-25T21:06:40.035282+00:00, run_after=2023-05-26T21:06:40.035282+00:00
[2023-05-26T21:06:40.049+0000] {processor.py:179} INFO - Processing /home/airflow/.local/lib/python3.7/site-packages/airflow/example_dags/tutorial.py took 0.747 seconds
[2023-05-26T21:07:10.652+0000] {processor.py:157} INFO - Started process (PID=276) to work on /home/airflow/.local/lib/python3.7/site-packages/airflow/example_dags/tutorial.py
[2023-05-26T21:07:10.654+0000] {processor.py:826} INFO - Processing file /home/airflow/.local/lib/python3.7/site-packages/airflow/example_dags/tutorial.py for tasks to queue
[2023-05-26T21:07:10.655+0000] {logging_mixin.py:149} INFO - [2023-05-26T21:07:10.655+0000] {dagbag.py:541} INFO - Filling up the DagBag from /home/airflow/.local/lib/python3.7/site-packages/airflow/example_dags/tutorial.py
[2023-05-26T21:07:10.661+0000] {processor.py:836} INFO - DAG(s) dict_keys(['tutorial']) retrieved from /home/airflow/.local/lib/python3.7/site-packages/airflow/example_dags/tutorial.py
[2023-05-26T21:07:10.683+0000] {logging_mixin.py:149} INFO - [2023-05-26T21:07:10.683+0000] {dag.py:2726} INFO - Sync 1 DAGs
[2023-05-26T21:07:10.699+0000] {logging_mixin.py:149} INFO - [2023-05-26T21:07:10.699+0000] {dag.py:3490} INFO - Setting next_dagrun for tutorial to 2023-05-25T21:07:10.699586+00:00, run_after=2023-05-26T21:07:10.699586+00:00
[2023-05-26T21:07:10.712+0000] {processor.py:179} INFO - Processing /home/airflow/.local/lib/python3.7/site-packages/airflow/example_dags/tutorial.py took 0.064 seconds
[2023-05-26T21:07:41.351+0000] {processor.py:157} INFO - Started process (PID=332) to work on /home/airflow/.local/lib/python3.7/site-packages/airflow/example_dags/tutorial.py
[2023-05-26T21:07:41.354+0000] {processor.py:826} INFO - Processing file /home/airflow/.local/lib/python3.7/site-packages/airflow/example_dags/tutorial.py for tasks to queue
[2023-05-26T21:07:41.356+0000] {logging_mixin.py:149} INFO - [2023-05-26T21:07:41.355+0000] {dagbag.py:541} INFO - Filling up the DagBag from /home/airflow/.local/lib/python3.7/site-packages/airflow/example_dags/tutorial.py
[2023-05-26T21:07:41.364+0000] {processor.py:836} INFO - DAG(s) dict_keys(['tutorial']) retrieved from /home/airflow/.local/lib/python3.7/site-packages/airflow/example_dags/tutorial.py
[2023-05-26T21:07:41.386+0000] {logging_mixin.py:149} INFO - [2023-05-26T21:07:41.386+0000] {dag.py:2726} INFO - Sync 1 DAGs
[2023-05-26T21:07:41.403+0000] {logging_mixin.py:149} INFO - [2023-05-26T21:07:41.402+0000] {dag.py:3490} INFO - Setting next_dagrun for tutorial to 2023-05-25T21:07:41.402644+00:00, run_after=2023-05-26T21:07:41.402644+00:00
[2023-05-26T21:07:41.415+0000] {processor.py:179} INFO - Processing /home/airflow/.local/lib/python3.7/site-packages/airflow/example_dags/tutorial.py took 0.069 seconds
[2023-05-26T21:08:11.773+0000] {processor.py:157} INFO - Started process (PID=388) to work on /home/airflow/.local/lib/python3.7/site-packages/airflow/example_dags/tutorial.py
[2023-05-26T21:08:11.774+0000] {processor.py:826} INFO - Processing file /home/airflow/.local/lib/python3.7/site-packages/airflow/example_dags/tutorial.py for tasks to queue
[2023-05-26T21:08:11.775+0000] {logging_mixin.py:149} INFO - [2023-05-26T21:08:11.775+0000] {dagbag.py:541} INFO - Filling up the DagBag from /home/airflow/.local/lib/python3.7/site-packages/airflow/example_dags/tutorial.py
[2023-05-26T21:08:11.781+0000] {processor.py:836} INFO - DAG(s) dict_keys(['tutorial']) retrieved from /home/airflow/.local/lib/python3.7/site-packages/airflow/example_dags/tutorial.py
[2023-05-26T21:08:11.800+0000] {logging_mixin.py:149} INFO - [2023-05-26T21:08:11.800+0000] {dag.py:2726} INFO - Sync 1 DAGs
[2023-05-26T21:08:11.817+0000] {logging_mixin.py:149} INFO - [2023-05-26T21:08:11.816+0000] {dag.py:3490} INFO - Setting next_dagrun for tutorial to 2023-05-25T21:08:11.816750+00:00, run_after=2023-05-26T21:08:11.816750+00:00
[2023-05-26T21:08:11.829+0000] {processor.py:179} INFO - Processing /home/airflow/.local/lib/python3.7/site-packages/airflow/example_dags/tutorial.py took 0.060 seconds
