[2023-05-26T20:28:31.840+0000] {processor.py:157} INFO - Started process (PID=42) to work on /home/airflow/.local/lib/python3.7/site-packages/airflow/example_dags/tutorial_dag.py
[2023-05-26T20:28:31.841+0000] {processor.py:826} INFO - Processing file /home/airflow/.local/lib/python3.7/site-packages/airflow/example_dags/tutorial_dag.py for tasks to queue
[2023-05-26T20:28:31.842+0000] {logging_mixin.py:149} INFO - [2023-05-26T20:28:31.842+0000] {dagbag.py:541} INFO - Filling up the DagBag from /home/airflow/.local/lib/python3.7/site-packages/airflow/example_dags/tutorial_dag.py
[2023-05-26T20:28:31.847+0000] {processor.py:836} INFO - DAG(s) dict_keys(['tutorial_dag']) retrieved from /home/airflow/.local/lib/python3.7/site-packages/airflow/example_dags/tutorial_dag.py
[2023-05-26T20:28:31.934+0000] {logging_mixin.py:149} INFO - [2023-05-26T20:28:31.934+0000] {manager.py:504} INFO - Created Permission View: can delete on DAG:tutorial_dag
[2023-05-26T20:28:31.940+0000] {logging_mixin.py:149} INFO - [2023-05-26T20:28:31.940+0000] {manager.py:504} INFO - Created Permission View: can read on DAG:tutorial_dag
[2023-05-26T20:28:31.946+0000] {logging_mixin.py:149} INFO - [2023-05-26T20:28:31.945+0000] {manager.py:504} INFO - Created Permission View: can edit on DAG:tutorial_dag
[2023-05-26T20:28:31.946+0000] {logging_mixin.py:149} INFO - [2023-05-26T20:28:31.946+0000] {dag.py:2726} INFO - Sync 1 DAGs
[2023-05-26T20:28:31.958+0000] {logging_mixin.py:149} INFO - [2023-05-26T20:28:31.958+0000] {dag.py:2747} INFO - Creating ORM DAG for tutorial_dag
[2023-05-26T20:28:31.971+0000] {logging_mixin.py:149} INFO - [2023-05-26T20:28:31.970+0000] {dag.py:3490} INFO - Setting next_dagrun for tutorial_dag to None, run_after=None
[2023-05-26T20:28:31.985+0000] {processor.py:179} INFO - Processing /home/airflow/.local/lib/python3.7/site-packages/airflow/example_dags/tutorial_dag.py took 0.148 seconds
[2023-05-26T20:29:02.414+0000] {processor.py:157} INFO - Started process (PID=97) to work on /home/airflow/.local/lib/python3.7/site-packages/airflow/example_dags/tutorial_dag.py
[2023-05-26T20:29:02.416+0000] {processor.py:826} INFO - Processing file /home/airflow/.local/lib/python3.7/site-packages/airflow/example_dags/tutorial_dag.py for tasks to queue
[2023-05-26T20:29:02.417+0000] {logging_mixin.py:149} INFO - [2023-05-26T20:29:02.417+0000] {dagbag.py:541} INFO - Filling up the DagBag from /home/airflow/.local/lib/python3.7/site-packages/airflow/example_dags/tutorial_dag.py
[2023-05-26T20:29:02.423+0000] {processor.py:836} INFO - DAG(s) dict_keys(['tutorial_dag']) retrieved from /home/airflow/.local/lib/python3.7/site-packages/airflow/example_dags/tutorial_dag.py
[2023-05-26T20:29:02.445+0000] {logging_mixin.py:149} INFO - [2023-05-26T20:29:02.445+0000] {dag.py:2726} INFO - Sync 1 DAGs
[2023-05-26T20:29:02.464+0000] {logging_mixin.py:149} INFO - [2023-05-26T20:29:02.464+0000] {dag.py:3490} INFO - Setting next_dagrun for tutorial_dag to None, run_after=None
[2023-05-26T20:29:02.480+0000] {processor.py:179} INFO - Processing /home/airflow/.local/lib/python3.7/site-packages/airflow/example_dags/tutorial_dag.py took 0.069 seconds
[2023-05-26T20:29:33.329+0000] {processor.py:157} INFO - Started process (PID=153) to work on /home/airflow/.local/lib/python3.7/site-packages/airflow/example_dags/tutorial_dag.py
[2023-05-26T20:29:33.335+0000] {processor.py:826} INFO - Processing file /home/airflow/.local/lib/python3.7/site-packages/airflow/example_dags/tutorial_dag.py for tasks to queue
[2023-05-26T20:29:33.336+0000] {logging_mixin.py:149} INFO - [2023-05-26T20:29:33.336+0000] {dagbag.py:541} INFO - Filling up the DagBag from /home/airflow/.local/lib/python3.7/site-packages/airflow/example_dags/tutorial_dag.py
[2023-05-26T20:29:33.342+0000] {processor.py:836} INFO - DAG(s) dict_keys(['tutorial_dag']) retrieved from /home/airflow/.local/lib/python3.7/site-packages/airflow/example_dags/tutorial_dag.py
[2023-05-26T20:29:33.368+0000] {logging_mixin.py:149} INFO - [2023-05-26T20:29:33.368+0000] {dag.py:2726} INFO - Sync 1 DAGs
[2023-05-26T20:29:33.388+0000] {logging_mixin.py:149} INFO - [2023-05-26T20:29:33.388+0000] {dag.py:3490} INFO - Setting next_dagrun for tutorial_dag to None, run_after=None
[2023-05-26T20:29:33.403+0000] {processor.py:179} INFO - Processing /home/airflow/.local/lib/python3.7/site-packages/airflow/example_dags/tutorial_dag.py took 0.080 seconds
[2023-05-26T20:30:04.611+0000] {processor.py:157} INFO - Started process (PID=209) to work on /home/airflow/.local/lib/python3.7/site-packages/airflow/example_dags/tutorial_dag.py
[2023-05-26T20:30:04.613+0000] {processor.py:826} INFO - Processing file /home/airflow/.local/lib/python3.7/site-packages/airflow/example_dags/tutorial_dag.py for tasks to queue
[2023-05-26T20:30:04.614+0000] {logging_mixin.py:149} INFO - [2023-05-26T20:30:04.614+0000] {dagbag.py:541} INFO - Filling up the DagBag from /home/airflow/.local/lib/python3.7/site-packages/airflow/example_dags/tutorial_dag.py
[2023-05-26T20:30:04.618+0000] {processor.py:836} INFO - DAG(s) dict_keys(['tutorial_dag']) retrieved from /home/airflow/.local/lib/python3.7/site-packages/airflow/example_dags/tutorial_dag.py
[2023-05-26T20:30:04.637+0000] {logging_mixin.py:149} INFO - [2023-05-26T20:30:04.637+0000] {dag.py:2726} INFO - Sync 1 DAGs
[2023-05-26T20:30:04.651+0000] {logging_mixin.py:149} INFO - [2023-05-26T20:30:04.651+0000] {dag.py:3490} INFO - Setting next_dagrun for tutorial_dag to None, run_after=None
[2023-05-26T20:30:04.662+0000] {processor.py:179} INFO - Processing /home/airflow/.local/lib/python3.7/site-packages/airflow/example_dags/tutorial_dag.py took 0.054 seconds
[2023-05-26T20:30:35.065+0000] {processor.py:157} INFO - Started process (PID=265) to work on /home/airflow/.local/lib/python3.7/site-packages/airflow/example_dags/tutorial_dag.py
[2023-05-26T20:30:35.066+0000] {processor.py:826} INFO - Processing file /home/airflow/.local/lib/python3.7/site-packages/airflow/example_dags/tutorial_dag.py for tasks to queue
[2023-05-26T20:30:35.067+0000] {logging_mixin.py:149} INFO - [2023-05-26T20:30:35.067+0000] {dagbag.py:541} INFO - Filling up the DagBag from /home/airflow/.local/lib/python3.7/site-packages/airflow/example_dags/tutorial_dag.py
[2023-05-26T20:30:35.071+0000] {processor.py:836} INFO - DAG(s) dict_keys(['tutorial_dag']) retrieved from /home/airflow/.local/lib/python3.7/site-packages/airflow/example_dags/tutorial_dag.py
[2023-05-26T20:30:35.092+0000] {logging_mixin.py:149} INFO - [2023-05-26T20:30:35.092+0000] {dag.py:2726} INFO - Sync 1 DAGs
[2023-05-26T20:30:35.108+0000] {logging_mixin.py:149} INFO - [2023-05-26T20:30:35.108+0000] {dag.py:3490} INFO - Setting next_dagrun for tutorial_dag to None, run_after=None
[2023-05-26T20:30:35.119+0000] {processor.py:179} INFO - Processing /home/airflow/.local/lib/python3.7/site-packages/airflow/example_dags/tutorial_dag.py took 0.057 seconds
[2023-05-26T20:31:05.302+0000] {processor.py:157} INFO - Started process (PID=321) to work on /home/airflow/.local/lib/python3.7/site-packages/airflow/example_dags/tutorial_dag.py
[2023-05-26T20:31:05.304+0000] {processor.py:826} INFO - Processing file /home/airflow/.local/lib/python3.7/site-packages/airflow/example_dags/tutorial_dag.py for tasks to queue
[2023-05-26T20:31:05.304+0000] {logging_mixin.py:149} INFO - [2023-05-26T20:31:05.304+0000] {dagbag.py:541} INFO - Filling up the DagBag from /home/airflow/.local/lib/python3.7/site-packages/airflow/example_dags/tutorial_dag.py
[2023-05-26T20:31:05.309+0000] {processor.py:836} INFO - DAG(s) dict_keys(['tutorial_dag']) retrieved from /home/airflow/.local/lib/python3.7/site-packages/airflow/example_dags/tutorial_dag.py
[2023-05-26T20:31:05.330+0000] {logging_mixin.py:149} INFO - [2023-05-26T20:31:05.330+0000] {dag.py:2726} INFO - Sync 1 DAGs
[2023-05-26T20:31:05.347+0000] {logging_mixin.py:149} INFO - [2023-05-26T20:31:05.347+0000] {dag.py:3490} INFO - Setting next_dagrun for tutorial_dag to None, run_after=None
[2023-05-26T20:31:05.360+0000] {processor.py:179} INFO - Processing /home/airflow/.local/lib/python3.7/site-packages/airflow/example_dags/tutorial_dag.py took 0.061 seconds
[2023-05-26T20:31:36.279+0000] {processor.py:157} INFO - Started process (PID=377) to work on /home/airflow/.local/lib/python3.7/site-packages/airflow/example_dags/tutorial_dag.py
[2023-05-26T20:31:36.281+0000] {processor.py:826} INFO - Processing file /home/airflow/.local/lib/python3.7/site-packages/airflow/example_dags/tutorial_dag.py for tasks to queue
[2023-05-26T20:31:36.282+0000] {logging_mixin.py:149} INFO - [2023-05-26T20:31:36.282+0000] {dagbag.py:541} INFO - Filling up the DagBag from /home/airflow/.local/lib/python3.7/site-packages/airflow/example_dags/tutorial_dag.py
[2023-05-26T20:31:36.287+0000] {processor.py:836} INFO - DAG(s) dict_keys(['tutorial_dag']) retrieved from /home/airflow/.local/lib/python3.7/site-packages/airflow/example_dags/tutorial_dag.py
[2023-05-26T20:31:36.329+0000] {logging_mixin.py:149} INFO - [2023-05-26T20:31:36.329+0000] {dag.py:2726} INFO - Sync 1 DAGs
[2023-05-26T20:31:36.336+0000] {logging_mixin.py:149} INFO - [2023-05-26T20:31:36.336+0000] {dag.py:2747} INFO - Creating ORM DAG for tutorial_dag
[2023-05-26T20:31:36.342+0000] {logging_mixin.py:149} INFO - [2023-05-26T20:31:36.342+0000] {dag.py:3490} INFO - Setting next_dagrun for tutorial_dag to None, run_after=None
[2023-05-26T20:31:36.356+0000] {processor.py:179} INFO - Processing /home/airflow/.local/lib/python3.7/site-packages/airflow/example_dags/tutorial_dag.py took 0.081 seconds
[2023-05-26T20:32:06.722+0000] {processor.py:157} INFO - Started process (PID=433) to work on /home/airflow/.local/lib/python3.7/site-packages/airflow/example_dags/tutorial_dag.py
[2023-05-26T20:32:06.724+0000] {processor.py:826} INFO - Processing file /home/airflow/.local/lib/python3.7/site-packages/airflow/example_dags/tutorial_dag.py for tasks to queue
[2023-05-26T20:32:06.724+0000] {logging_mixin.py:149} INFO - [2023-05-26T20:32:06.724+0000] {dagbag.py:541} INFO - Filling up the DagBag from /home/airflow/.local/lib/python3.7/site-packages/airflow/example_dags/tutorial_dag.py
[2023-05-26T20:32:06.729+0000] {processor.py:836} INFO - DAG(s) dict_keys(['tutorial_dag']) retrieved from /home/airflow/.local/lib/python3.7/site-packages/airflow/example_dags/tutorial_dag.py
[2023-05-26T20:32:06.748+0000] {logging_mixin.py:149} INFO - [2023-05-26T20:32:06.748+0000] {dag.py:2726} INFO - Sync 1 DAGs
[2023-05-26T20:32:06.764+0000] {logging_mixin.py:149} INFO - [2023-05-26T20:32:06.763+0000] {dag.py:3490} INFO - Setting next_dagrun for tutorial_dag to None, run_after=None
[2023-05-26T20:32:06.774+0000] {processor.py:179} INFO - Processing /home/airflow/.local/lib/python3.7/site-packages/airflow/example_dags/tutorial_dag.py took 0.055 seconds
[2023-05-26T20:32:37.034+0000] {processor.py:157} INFO - Started process (PID=489) to work on /home/airflow/.local/lib/python3.7/site-packages/airflow/example_dags/tutorial_dag.py
[2023-05-26T20:32:37.036+0000] {processor.py:826} INFO - Processing file /home/airflow/.local/lib/python3.7/site-packages/airflow/example_dags/tutorial_dag.py for tasks to queue
[2023-05-26T20:32:37.037+0000] {logging_mixin.py:149} INFO - [2023-05-26T20:32:37.037+0000] {dagbag.py:541} INFO - Filling up the DagBag from /home/airflow/.local/lib/python3.7/site-packages/airflow/example_dags/tutorial_dag.py
[2023-05-26T20:32:37.041+0000] {processor.py:836} INFO - DAG(s) dict_keys(['tutorial_dag']) retrieved from /home/airflow/.local/lib/python3.7/site-packages/airflow/example_dags/tutorial_dag.py
[2023-05-26T20:32:37.060+0000] {logging_mixin.py:149} INFO - [2023-05-26T20:32:37.060+0000] {dag.py:2726} INFO - Sync 1 DAGs
[2023-05-26T20:32:37.076+0000] {logging_mixin.py:149} INFO - [2023-05-26T20:32:37.076+0000] {dag.py:3490} INFO - Setting next_dagrun for tutorial_dag to None, run_after=None
[2023-05-26T20:32:37.088+0000] {processor.py:179} INFO - Processing /home/airflow/.local/lib/python3.7/site-packages/airflow/example_dags/tutorial_dag.py took 0.057 seconds
[2023-05-26T20:33:07.482+0000] {processor.py:157} INFO - Started process (PID=545) to work on /home/airflow/.local/lib/python3.7/site-packages/airflow/example_dags/tutorial_dag.py
[2023-05-26T20:33:07.484+0000] {processor.py:826} INFO - Processing file /home/airflow/.local/lib/python3.7/site-packages/airflow/example_dags/tutorial_dag.py for tasks to queue
[2023-05-26T20:33:07.486+0000] {logging_mixin.py:149} INFO - [2023-05-26T20:33:07.485+0000] {dagbag.py:541} INFO - Filling up the DagBag from /home/airflow/.local/lib/python3.7/site-packages/airflow/example_dags/tutorial_dag.py
[2023-05-26T20:33:07.491+0000] {processor.py:836} INFO - DAG(s) dict_keys(['tutorial_dag']) retrieved from /home/airflow/.local/lib/python3.7/site-packages/airflow/example_dags/tutorial_dag.py
[2023-05-26T20:33:07.514+0000] {logging_mixin.py:149} INFO - [2023-05-26T20:33:07.514+0000] {dag.py:2726} INFO - Sync 1 DAGs
[2023-05-26T20:33:07.530+0000] {logging_mixin.py:149} INFO - [2023-05-26T20:33:07.530+0000] {dag.py:3490} INFO - Setting next_dagrun for tutorial_dag to None, run_after=None
[2023-05-26T20:33:07.542+0000] {processor.py:179} INFO - Processing /home/airflow/.local/lib/python3.7/site-packages/airflow/example_dags/tutorial_dag.py took 0.064 seconds
[2023-05-26T20:33:37.965+0000] {processor.py:157} INFO - Started process (PID=601) to work on /home/airflow/.local/lib/python3.7/site-packages/airflow/example_dags/tutorial_dag.py
[2023-05-26T20:33:37.967+0000] {processor.py:826} INFO - Processing file /home/airflow/.local/lib/python3.7/site-packages/airflow/example_dags/tutorial_dag.py for tasks to queue
[2023-05-26T20:33:37.968+0000] {logging_mixin.py:149} INFO - [2023-05-26T20:33:37.968+0000] {dagbag.py:541} INFO - Filling up the DagBag from /home/airflow/.local/lib/python3.7/site-packages/airflow/example_dags/tutorial_dag.py
[2023-05-26T20:33:37.973+0000] {processor.py:836} INFO - DAG(s) dict_keys(['tutorial_dag']) retrieved from /home/airflow/.local/lib/python3.7/site-packages/airflow/example_dags/tutorial_dag.py
[2023-05-26T20:33:37.992+0000] {logging_mixin.py:149} INFO - [2023-05-26T20:33:37.992+0000] {dag.py:2726} INFO - Sync 1 DAGs
[2023-05-26T20:33:38.008+0000] {logging_mixin.py:149} INFO - [2023-05-26T20:33:38.008+0000] {dag.py:3490} INFO - Setting next_dagrun for tutorial_dag to None, run_after=None
[2023-05-26T20:33:38.022+0000] {processor.py:179} INFO - Processing /home/airflow/.local/lib/python3.7/site-packages/airflow/example_dags/tutorial_dag.py took 0.060 seconds
[2023-05-26T20:34:08.477+0000] {processor.py:157} INFO - Started process (PID=657) to work on /home/airflow/.local/lib/python3.7/site-packages/airflow/example_dags/tutorial_dag.py
[2023-05-26T20:34:08.479+0000] {processor.py:826} INFO - Processing file /home/airflow/.local/lib/python3.7/site-packages/airflow/example_dags/tutorial_dag.py for tasks to queue
[2023-05-26T20:34:08.480+0000] {logging_mixin.py:149} INFO - [2023-05-26T20:34:08.480+0000] {dagbag.py:541} INFO - Filling up the DagBag from /home/airflow/.local/lib/python3.7/site-packages/airflow/example_dags/tutorial_dag.py
[2023-05-26T20:34:08.485+0000] {processor.py:836} INFO - DAG(s) dict_keys(['tutorial_dag']) retrieved from /home/airflow/.local/lib/python3.7/site-packages/airflow/example_dags/tutorial_dag.py
[2023-05-26T20:34:08.504+0000] {logging_mixin.py:149} INFO - [2023-05-26T20:34:08.504+0000] {dag.py:2726} INFO - Sync 1 DAGs
[2023-05-26T20:34:08.519+0000] {logging_mixin.py:149} INFO - [2023-05-26T20:34:08.519+0000] {dag.py:3490} INFO - Setting next_dagrun for tutorial_dag to None, run_after=None
[2023-05-26T20:34:08.532+0000] {processor.py:179} INFO - Processing /home/airflow/.local/lib/python3.7/site-packages/airflow/example_dags/tutorial_dag.py took 0.058 seconds
[2023-05-26T20:34:38.984+0000] {processor.py:157} INFO - Started process (PID=713) to work on /home/airflow/.local/lib/python3.7/site-packages/airflow/example_dags/tutorial_dag.py
[2023-05-26T20:34:38.986+0000] {processor.py:826} INFO - Processing file /home/airflow/.local/lib/python3.7/site-packages/airflow/example_dags/tutorial_dag.py for tasks to queue
[2023-05-26T20:34:38.986+0000] {logging_mixin.py:149} INFO - [2023-05-26T20:34:38.986+0000] {dagbag.py:541} INFO - Filling up the DagBag from /home/airflow/.local/lib/python3.7/site-packages/airflow/example_dags/tutorial_dag.py
[2023-05-26T20:34:38.991+0000] {processor.py:836} INFO - DAG(s) dict_keys(['tutorial_dag']) retrieved from /home/airflow/.local/lib/python3.7/site-packages/airflow/example_dags/tutorial_dag.py
[2023-05-26T20:34:39.010+0000] {logging_mixin.py:149} INFO - [2023-05-26T20:34:39.010+0000] {dag.py:2726} INFO - Sync 1 DAGs
[2023-05-26T20:34:39.025+0000] {logging_mixin.py:149} INFO - [2023-05-26T20:34:39.025+0000] {dag.py:3490} INFO - Setting next_dagrun for tutorial_dag to None, run_after=None
[2023-05-26T20:34:39.035+0000] {processor.py:179} INFO - Processing /home/airflow/.local/lib/python3.7/site-packages/airflow/example_dags/tutorial_dag.py took 0.054 seconds
[2023-05-26T20:35:09.466+0000] {processor.py:157} INFO - Started process (PID=770) to work on /home/airflow/.local/lib/python3.7/site-packages/airflow/example_dags/tutorial_dag.py
[2023-05-26T20:35:09.468+0000] {processor.py:826} INFO - Processing file /home/airflow/.local/lib/python3.7/site-packages/airflow/example_dags/tutorial_dag.py for tasks to queue
[2023-05-26T20:35:09.469+0000] {logging_mixin.py:149} INFO - [2023-05-26T20:35:09.469+0000] {dagbag.py:541} INFO - Filling up the DagBag from /home/airflow/.local/lib/python3.7/site-packages/airflow/example_dags/tutorial_dag.py
[2023-05-26T20:35:09.474+0000] {processor.py:836} INFO - DAG(s) dict_keys(['tutorial_dag']) retrieved from /home/airflow/.local/lib/python3.7/site-packages/airflow/example_dags/tutorial_dag.py
[2023-05-26T20:35:09.493+0000] {logging_mixin.py:149} INFO - [2023-05-26T20:35:09.493+0000] {dag.py:2726} INFO - Sync 1 DAGs
[2023-05-26T20:35:09.508+0000] {logging_mixin.py:149} INFO - [2023-05-26T20:35:09.508+0000] {dag.py:3490} INFO - Setting next_dagrun for tutorial_dag to None, run_after=None
[2023-05-26T20:35:09.521+0000] {processor.py:179} INFO - Processing /home/airflow/.local/lib/python3.7/site-packages/airflow/example_dags/tutorial_dag.py took 0.058 seconds
[2023-05-26T20:35:39.863+0000] {processor.py:157} INFO - Started process (PID=826) to work on /home/airflow/.local/lib/python3.7/site-packages/airflow/example_dags/tutorial_dag.py
[2023-05-26T20:35:39.864+0000] {processor.py:826} INFO - Processing file /home/airflow/.local/lib/python3.7/site-packages/airflow/example_dags/tutorial_dag.py for tasks to queue
[2023-05-26T20:35:39.865+0000] {logging_mixin.py:149} INFO - [2023-05-26T20:35:39.865+0000] {dagbag.py:541} INFO - Filling up the DagBag from /home/airflow/.local/lib/python3.7/site-packages/airflow/example_dags/tutorial_dag.py
[2023-05-26T20:35:39.869+0000] {processor.py:836} INFO - DAG(s) dict_keys(['tutorial_dag']) retrieved from /home/airflow/.local/lib/python3.7/site-packages/airflow/example_dags/tutorial_dag.py
[2023-05-26T20:35:39.888+0000] {logging_mixin.py:149} INFO - [2023-05-26T20:35:39.888+0000] {dag.py:2726} INFO - Sync 1 DAGs
[2023-05-26T20:35:39.904+0000] {logging_mixin.py:149} INFO - [2023-05-26T20:35:39.904+0000] {dag.py:3490} INFO - Setting next_dagrun for tutorial_dag to None, run_after=None
[2023-05-26T20:35:39.915+0000] {processor.py:179} INFO - Processing /home/airflow/.local/lib/python3.7/site-packages/airflow/example_dags/tutorial_dag.py took 0.055 seconds
[2023-05-26T20:36:10.242+0000] {processor.py:157} INFO - Started process (PID=882) to work on /home/airflow/.local/lib/python3.7/site-packages/airflow/example_dags/tutorial_dag.py
[2023-05-26T20:36:10.244+0000] {processor.py:826} INFO - Processing file /home/airflow/.local/lib/python3.7/site-packages/airflow/example_dags/tutorial_dag.py for tasks to queue
[2023-05-26T20:36:10.244+0000] {logging_mixin.py:149} INFO - [2023-05-26T20:36:10.244+0000] {dagbag.py:541} INFO - Filling up the DagBag from /home/airflow/.local/lib/python3.7/site-packages/airflow/example_dags/tutorial_dag.py
[2023-05-26T20:36:10.249+0000] {processor.py:836} INFO - DAG(s) dict_keys(['tutorial_dag']) retrieved from /home/airflow/.local/lib/python3.7/site-packages/airflow/example_dags/tutorial_dag.py
[2023-05-26T20:36:10.268+0000] {logging_mixin.py:149} INFO - [2023-05-26T20:36:10.268+0000] {dag.py:2726} INFO - Sync 1 DAGs
[2023-05-26T20:36:10.283+0000] {logging_mixin.py:149} INFO - [2023-05-26T20:36:10.283+0000] {dag.py:3490} INFO - Setting next_dagrun for tutorial_dag to None, run_after=None
[2023-05-26T20:36:10.293+0000] {processor.py:179} INFO - Processing /home/airflow/.local/lib/python3.7/site-packages/airflow/example_dags/tutorial_dag.py took 0.054 seconds
[2023-05-26T20:36:40.617+0000] {processor.py:157} INFO - Started process (PID=938) to work on /home/airflow/.local/lib/python3.7/site-packages/airflow/example_dags/tutorial_dag.py
[2023-05-26T20:36:40.619+0000] {processor.py:826} INFO - Processing file /home/airflow/.local/lib/python3.7/site-packages/airflow/example_dags/tutorial_dag.py for tasks to queue
[2023-05-26T20:36:40.620+0000] {logging_mixin.py:149} INFO - [2023-05-26T20:36:40.619+0000] {dagbag.py:541} INFO - Filling up the DagBag from /home/airflow/.local/lib/python3.7/site-packages/airflow/example_dags/tutorial_dag.py
[2023-05-26T20:36:40.624+0000] {processor.py:836} INFO - DAG(s) dict_keys(['tutorial_dag']) retrieved from /home/airflow/.local/lib/python3.7/site-packages/airflow/example_dags/tutorial_dag.py
[2023-05-26T20:36:40.643+0000] {logging_mixin.py:149} INFO - [2023-05-26T20:36:40.643+0000] {dag.py:2726} INFO - Sync 1 DAGs
[2023-05-26T20:36:40.658+0000] {logging_mixin.py:149} INFO - [2023-05-26T20:36:40.658+0000] {dag.py:3490} INFO - Setting next_dagrun for tutorial_dag to None, run_after=None
[2023-05-26T20:36:40.671+0000] {processor.py:179} INFO - Processing /home/airflow/.local/lib/python3.7/site-packages/airflow/example_dags/tutorial_dag.py took 0.057 seconds
[2023-05-26T20:37:11.019+0000] {processor.py:157} INFO - Started process (PID=994) to work on /home/airflow/.local/lib/python3.7/site-packages/airflow/example_dags/tutorial_dag.py
[2023-05-26T20:37:11.020+0000] {processor.py:826} INFO - Processing file /home/airflow/.local/lib/python3.7/site-packages/airflow/example_dags/tutorial_dag.py for tasks to queue
[2023-05-26T20:37:11.021+0000] {logging_mixin.py:149} INFO - [2023-05-26T20:37:11.021+0000] {dagbag.py:541} INFO - Filling up the DagBag from /home/airflow/.local/lib/python3.7/site-packages/airflow/example_dags/tutorial_dag.py
[2023-05-26T20:37:11.025+0000] {processor.py:836} INFO - DAG(s) dict_keys(['tutorial_dag']) retrieved from /home/airflow/.local/lib/python3.7/site-packages/airflow/example_dags/tutorial_dag.py
[2023-05-26T20:37:11.045+0000] {logging_mixin.py:149} INFO - [2023-05-26T20:37:11.045+0000] {dag.py:2726} INFO - Sync 1 DAGs
[2023-05-26T20:37:11.060+0000] {logging_mixin.py:149} INFO - [2023-05-26T20:37:11.060+0000] {dag.py:3490} INFO - Setting next_dagrun for tutorial_dag to None, run_after=None
[2023-05-26T20:37:11.072+0000] {processor.py:179} INFO - Processing /home/airflow/.local/lib/python3.7/site-packages/airflow/example_dags/tutorial_dag.py took 0.056 seconds
[2023-05-26T20:37:41.343+0000] {processor.py:157} INFO - Started process (PID=1050) to work on /home/airflow/.local/lib/python3.7/site-packages/airflow/example_dags/tutorial_dag.py
[2023-05-26T20:37:41.345+0000] {processor.py:826} INFO - Processing file /home/airflow/.local/lib/python3.7/site-packages/airflow/example_dags/tutorial_dag.py for tasks to queue
[2023-05-26T20:37:41.348+0000] {logging_mixin.py:149} INFO - [2023-05-26T20:37:41.348+0000] {dagbag.py:541} INFO - Filling up the DagBag from /home/airflow/.local/lib/python3.7/site-packages/airflow/example_dags/tutorial_dag.py
[2023-05-26T20:37:41.352+0000] {processor.py:836} INFO - DAG(s) dict_keys(['tutorial_dag']) retrieved from /home/airflow/.local/lib/python3.7/site-packages/airflow/example_dags/tutorial_dag.py
[2023-05-26T20:37:41.380+0000] {logging_mixin.py:149} INFO - [2023-05-26T20:37:41.380+0000] {dag.py:2726} INFO - Sync 1 DAGs
[2023-05-26T20:37:41.395+0000] {logging_mixin.py:149} INFO - [2023-05-26T20:37:41.395+0000] {dag.py:3490} INFO - Setting next_dagrun for tutorial_dag to None, run_after=None
[2023-05-26T20:37:41.407+0000] {processor.py:179} INFO - Processing /home/airflow/.local/lib/python3.7/site-packages/airflow/example_dags/tutorial_dag.py took 0.066 seconds
[2023-05-26T20:38:11.605+0000] {processor.py:157} INFO - Started process (PID=1106) to work on /home/airflow/.local/lib/python3.7/site-packages/airflow/example_dags/tutorial_dag.py
[2023-05-26T20:38:11.607+0000] {processor.py:826} INFO - Processing file /home/airflow/.local/lib/python3.7/site-packages/airflow/example_dags/tutorial_dag.py for tasks to queue
[2023-05-26T20:38:11.608+0000] {logging_mixin.py:149} INFO - [2023-05-26T20:38:11.608+0000] {dagbag.py:541} INFO - Filling up the DagBag from /home/airflow/.local/lib/python3.7/site-packages/airflow/example_dags/tutorial_dag.py
[2023-05-26T20:38:11.613+0000] {processor.py:836} INFO - DAG(s) dict_keys(['tutorial_dag']) retrieved from /home/airflow/.local/lib/python3.7/site-packages/airflow/example_dags/tutorial_dag.py
[2023-05-26T20:38:11.632+0000] {logging_mixin.py:149} INFO - [2023-05-26T20:38:11.631+0000] {dag.py:2726} INFO - Sync 1 DAGs
[2023-05-26T20:38:11.647+0000] {logging_mixin.py:149} INFO - [2023-05-26T20:38:11.647+0000] {dag.py:3490} INFO - Setting next_dagrun for tutorial_dag to None, run_after=None
[2023-05-26T20:38:11.659+0000] {processor.py:179} INFO - Processing /home/airflow/.local/lib/python3.7/site-packages/airflow/example_dags/tutorial_dag.py took 0.056 seconds
[2023-05-26T20:38:42.036+0000] {processor.py:157} INFO - Started process (PID=1163) to work on /home/airflow/.local/lib/python3.7/site-packages/airflow/example_dags/tutorial_dag.py
[2023-05-26T20:38:42.038+0000] {processor.py:826} INFO - Processing file /home/airflow/.local/lib/python3.7/site-packages/airflow/example_dags/tutorial_dag.py for tasks to queue
[2023-05-26T20:38:42.039+0000] {logging_mixin.py:149} INFO - [2023-05-26T20:38:42.039+0000] {dagbag.py:541} INFO - Filling up the DagBag from /home/airflow/.local/lib/python3.7/site-packages/airflow/example_dags/tutorial_dag.py
[2023-05-26T20:38:42.044+0000] {processor.py:836} INFO - DAG(s) dict_keys(['tutorial_dag']) retrieved from /home/airflow/.local/lib/python3.7/site-packages/airflow/example_dags/tutorial_dag.py
[2023-05-26T20:38:42.063+0000] {logging_mixin.py:149} INFO - [2023-05-26T20:38:42.063+0000] {dag.py:2726} INFO - Sync 1 DAGs
[2023-05-26T20:38:42.078+0000] {logging_mixin.py:149} INFO - [2023-05-26T20:38:42.078+0000] {dag.py:3490} INFO - Setting next_dagrun for tutorial_dag to None, run_after=None
[2023-05-26T20:38:42.091+0000] {processor.py:179} INFO - Processing /home/airflow/.local/lib/python3.7/site-packages/airflow/example_dags/tutorial_dag.py took 0.058 seconds
[2023-05-26T20:39:12.366+0000] {processor.py:157} INFO - Started process (PID=1219) to work on /home/airflow/.local/lib/python3.7/site-packages/airflow/example_dags/tutorial_dag.py
[2023-05-26T20:39:12.368+0000] {processor.py:826} INFO - Processing file /home/airflow/.local/lib/python3.7/site-packages/airflow/example_dags/tutorial_dag.py for tasks to queue
[2023-05-26T20:39:12.369+0000] {logging_mixin.py:149} INFO - [2023-05-26T20:39:12.369+0000] {dagbag.py:541} INFO - Filling up the DagBag from /home/airflow/.local/lib/python3.7/site-packages/airflow/example_dags/tutorial_dag.py
[2023-05-26T20:39:12.373+0000] {processor.py:836} INFO - DAG(s) dict_keys(['tutorial_dag']) retrieved from /home/airflow/.local/lib/python3.7/site-packages/airflow/example_dags/tutorial_dag.py
[2023-05-26T20:39:12.392+0000] {logging_mixin.py:149} INFO - [2023-05-26T20:39:12.392+0000] {dag.py:2726} INFO - Sync 1 DAGs
[2023-05-26T20:39:12.407+0000] {logging_mixin.py:149} INFO - [2023-05-26T20:39:12.407+0000] {dag.py:3490} INFO - Setting next_dagrun for tutorial_dag to None, run_after=None
[2023-05-26T20:39:12.418+0000] {processor.py:179} INFO - Processing /home/airflow/.local/lib/python3.7/site-packages/airflow/example_dags/tutorial_dag.py took 0.055 seconds
[2023-05-26T20:39:42.693+0000] {processor.py:157} INFO - Started process (PID=1275) to work on /home/airflow/.local/lib/python3.7/site-packages/airflow/example_dags/tutorial_dag.py
[2023-05-26T20:39:42.695+0000] {processor.py:826} INFO - Processing file /home/airflow/.local/lib/python3.7/site-packages/airflow/example_dags/tutorial_dag.py for tasks to queue
[2023-05-26T20:39:42.696+0000] {logging_mixin.py:149} INFO - [2023-05-26T20:39:42.696+0000] {dagbag.py:541} INFO - Filling up the DagBag from /home/airflow/.local/lib/python3.7/site-packages/airflow/example_dags/tutorial_dag.py
[2023-05-26T20:39:42.701+0000] {processor.py:836} INFO - DAG(s) dict_keys(['tutorial_dag']) retrieved from /home/airflow/.local/lib/python3.7/site-packages/airflow/example_dags/tutorial_dag.py
[2023-05-26T20:39:42.721+0000] {logging_mixin.py:149} INFO - [2023-05-26T20:39:42.720+0000] {dag.py:2726} INFO - Sync 1 DAGs
[2023-05-26T20:39:42.735+0000] {logging_mixin.py:149} INFO - [2023-05-26T20:39:42.735+0000] {dag.py:3490} INFO - Setting next_dagrun for tutorial_dag to None, run_after=None
[2023-05-26T20:39:42.747+0000] {processor.py:179} INFO - Processing /home/airflow/.local/lib/python3.7/site-packages/airflow/example_dags/tutorial_dag.py took 0.056 seconds
[2023-05-26T20:40:12.995+0000] {processor.py:157} INFO - Started process (PID=1332) to work on /home/airflow/.local/lib/python3.7/site-packages/airflow/example_dags/tutorial_dag.py
[2023-05-26T20:40:12.997+0000] {processor.py:826} INFO - Processing file /home/airflow/.local/lib/python3.7/site-packages/airflow/example_dags/tutorial_dag.py for tasks to queue
[2023-05-26T20:40:12.998+0000] {logging_mixin.py:149} INFO - [2023-05-26T20:40:12.998+0000] {dagbag.py:541} INFO - Filling up the DagBag from /home/airflow/.local/lib/python3.7/site-packages/airflow/example_dags/tutorial_dag.py
[2023-05-26T20:40:13.002+0000] {processor.py:836} INFO - DAG(s) dict_keys(['tutorial_dag']) retrieved from /home/airflow/.local/lib/python3.7/site-packages/airflow/example_dags/tutorial_dag.py
[2023-05-26T20:40:13.022+0000] {logging_mixin.py:149} INFO - [2023-05-26T20:40:13.022+0000] {dag.py:2726} INFO - Sync 1 DAGs
[2023-05-26T20:40:13.037+0000] {logging_mixin.py:149} INFO - [2023-05-26T20:40:13.037+0000] {dag.py:3490} INFO - Setting next_dagrun for tutorial_dag to None, run_after=None
[2023-05-26T20:40:13.049+0000] {processor.py:179} INFO - Processing /home/airflow/.local/lib/python3.7/site-packages/airflow/example_dags/tutorial_dag.py took 0.056 seconds
[2023-05-26T20:40:43.534+0000] {processor.py:157} INFO - Started process (PID=1388) to work on /home/airflow/.local/lib/python3.7/site-packages/airflow/example_dags/tutorial_dag.py
[2023-05-26T20:40:43.535+0000] {processor.py:826} INFO - Processing file /home/airflow/.local/lib/python3.7/site-packages/airflow/example_dags/tutorial_dag.py for tasks to queue
[2023-05-26T20:40:43.536+0000] {logging_mixin.py:149} INFO - [2023-05-26T20:40:43.536+0000] {dagbag.py:541} INFO - Filling up the DagBag from /home/airflow/.local/lib/python3.7/site-packages/airflow/example_dags/tutorial_dag.py
[2023-05-26T20:40:43.540+0000] {processor.py:836} INFO - DAG(s) dict_keys(['tutorial_dag']) retrieved from /home/airflow/.local/lib/python3.7/site-packages/airflow/example_dags/tutorial_dag.py
[2023-05-26T20:40:43.559+0000] {logging_mixin.py:149} INFO - [2023-05-26T20:40:43.559+0000] {dag.py:2726} INFO - Sync 1 DAGs
[2023-05-26T20:40:43.574+0000] {logging_mixin.py:149} INFO - [2023-05-26T20:40:43.574+0000] {dag.py:3490} INFO - Setting next_dagrun for tutorial_dag to None, run_after=None
[2023-05-26T20:40:43.586+0000] {processor.py:179} INFO - Processing /home/airflow/.local/lib/python3.7/site-packages/airflow/example_dags/tutorial_dag.py took 0.055 seconds
[2023-05-26T20:41:14.027+0000] {processor.py:157} INFO - Started process (PID=1445) to work on /home/airflow/.local/lib/python3.7/site-packages/airflow/example_dags/tutorial_dag.py
[2023-05-26T20:41:14.029+0000] {processor.py:826} INFO - Processing file /home/airflow/.local/lib/python3.7/site-packages/airflow/example_dags/tutorial_dag.py for tasks to queue
[2023-05-26T20:41:14.031+0000] {logging_mixin.py:149} INFO - [2023-05-26T20:41:14.031+0000] {dagbag.py:541} INFO - Filling up the DagBag from /home/airflow/.local/lib/python3.7/site-packages/airflow/example_dags/tutorial_dag.py
[2023-05-26T20:41:14.035+0000] {processor.py:836} INFO - DAG(s) dict_keys(['tutorial_dag']) retrieved from /home/airflow/.local/lib/python3.7/site-packages/airflow/example_dags/tutorial_dag.py
[2023-05-26T20:41:14.054+0000] {logging_mixin.py:149} INFO - [2023-05-26T20:41:14.054+0000] {dag.py:2726} INFO - Sync 1 DAGs
[2023-05-26T20:41:14.069+0000] {logging_mixin.py:149} INFO - [2023-05-26T20:41:14.069+0000] {dag.py:3490} INFO - Setting next_dagrun for tutorial_dag to None, run_after=None
[2023-05-26T20:41:14.081+0000] {processor.py:179} INFO - Processing /home/airflow/.local/lib/python3.7/site-packages/airflow/example_dags/tutorial_dag.py took 0.056 seconds
[2023-05-26T20:41:44.436+0000] {processor.py:157} INFO - Started process (PID=1501) to work on /home/airflow/.local/lib/python3.7/site-packages/airflow/example_dags/tutorial_dag.py
[2023-05-26T20:41:44.438+0000] {processor.py:826} INFO - Processing file /home/airflow/.local/lib/python3.7/site-packages/airflow/example_dags/tutorial_dag.py for tasks to queue
[2023-05-26T20:41:44.438+0000] {logging_mixin.py:149} INFO - [2023-05-26T20:41:44.438+0000] {dagbag.py:541} INFO - Filling up the DagBag from /home/airflow/.local/lib/python3.7/site-packages/airflow/example_dags/tutorial_dag.py
[2023-05-26T20:41:44.442+0000] {processor.py:836} INFO - DAG(s) dict_keys(['tutorial_dag']) retrieved from /home/airflow/.local/lib/python3.7/site-packages/airflow/example_dags/tutorial_dag.py
[2023-05-26T20:41:44.461+0000] {logging_mixin.py:149} INFO - [2023-05-26T20:41:44.461+0000] {dag.py:2726} INFO - Sync 1 DAGs
[2023-05-26T20:41:44.476+0000] {logging_mixin.py:149} INFO - [2023-05-26T20:41:44.476+0000] {dag.py:3490} INFO - Setting next_dagrun for tutorial_dag to None, run_after=None
[2023-05-26T20:41:44.488+0000] {processor.py:179} INFO - Processing /home/airflow/.local/lib/python3.7/site-packages/airflow/example_dags/tutorial_dag.py took 0.055 seconds
[2023-05-26T20:42:14.759+0000] {processor.py:157} INFO - Started process (PID=1557) to work on /home/airflow/.local/lib/python3.7/site-packages/airflow/example_dags/tutorial_dag.py
[2023-05-26T20:42:14.761+0000] {processor.py:826} INFO - Processing file /home/airflow/.local/lib/python3.7/site-packages/airflow/example_dags/tutorial_dag.py for tasks to queue
[2023-05-26T20:42:14.762+0000] {logging_mixin.py:149} INFO - [2023-05-26T20:42:14.762+0000] {dagbag.py:541} INFO - Filling up the DagBag from /home/airflow/.local/lib/python3.7/site-packages/airflow/example_dags/tutorial_dag.py
[2023-05-26T20:42:14.767+0000] {processor.py:836} INFO - DAG(s) dict_keys(['tutorial_dag']) retrieved from /home/airflow/.local/lib/python3.7/site-packages/airflow/example_dags/tutorial_dag.py
[2023-05-26T20:42:14.786+0000] {logging_mixin.py:149} INFO - [2023-05-26T20:42:14.786+0000] {dag.py:2726} INFO - Sync 1 DAGs
[2023-05-26T20:42:14.802+0000] {logging_mixin.py:149} INFO - [2023-05-26T20:42:14.802+0000] {dag.py:3490} INFO - Setting next_dagrun for tutorial_dag to None, run_after=None
[2023-05-26T20:42:14.816+0000] {processor.py:179} INFO - Processing /home/airflow/.local/lib/python3.7/site-packages/airflow/example_dags/tutorial_dag.py took 0.059 seconds
[2023-05-26T20:42:45.197+0000] {processor.py:157} INFO - Started process (PID=1613) to work on /home/airflow/.local/lib/python3.7/site-packages/airflow/example_dags/tutorial_dag.py
[2023-05-26T20:42:45.199+0000] {processor.py:826} INFO - Processing file /home/airflow/.local/lib/python3.7/site-packages/airflow/example_dags/tutorial_dag.py for tasks to queue
[2023-05-26T20:42:45.200+0000] {logging_mixin.py:149} INFO - [2023-05-26T20:42:45.200+0000] {dagbag.py:541} INFO - Filling up the DagBag from /home/airflow/.local/lib/python3.7/site-packages/airflow/example_dags/tutorial_dag.py
[2023-05-26T20:42:45.204+0000] {processor.py:836} INFO - DAG(s) dict_keys(['tutorial_dag']) retrieved from /home/airflow/.local/lib/python3.7/site-packages/airflow/example_dags/tutorial_dag.py
[2023-05-26T20:42:45.223+0000] {logging_mixin.py:149} INFO - [2023-05-26T20:42:45.223+0000] {dag.py:2726} INFO - Sync 1 DAGs
[2023-05-26T20:42:45.238+0000] {logging_mixin.py:149} INFO - [2023-05-26T20:42:45.238+0000] {dag.py:3490} INFO - Setting next_dagrun for tutorial_dag to None, run_after=None
[2023-05-26T20:42:45.249+0000] {processor.py:179} INFO - Processing /home/airflow/.local/lib/python3.7/site-packages/airflow/example_dags/tutorial_dag.py took 0.055 seconds
[2023-05-26T20:43:15.691+0000] {processor.py:157} INFO - Started process (PID=1669) to work on /home/airflow/.local/lib/python3.7/site-packages/airflow/example_dags/tutorial_dag.py
[2023-05-26T20:43:15.692+0000] {processor.py:826} INFO - Processing file /home/airflow/.local/lib/python3.7/site-packages/airflow/example_dags/tutorial_dag.py for tasks to queue
[2023-05-26T20:43:15.693+0000] {logging_mixin.py:149} INFO - [2023-05-26T20:43:15.693+0000] {dagbag.py:541} INFO - Filling up the DagBag from /home/airflow/.local/lib/python3.7/site-packages/airflow/example_dags/tutorial_dag.py
[2023-05-26T20:43:15.697+0000] {processor.py:836} INFO - DAG(s) dict_keys(['tutorial_dag']) retrieved from /home/airflow/.local/lib/python3.7/site-packages/airflow/example_dags/tutorial_dag.py
[2023-05-26T20:43:15.716+0000] {logging_mixin.py:149} INFO - [2023-05-26T20:43:15.716+0000] {dag.py:2726} INFO - Sync 1 DAGs
[2023-05-26T20:43:15.732+0000] {logging_mixin.py:149} INFO - [2023-05-26T20:43:15.732+0000] {dag.py:3490} INFO - Setting next_dagrun for tutorial_dag to None, run_after=None
[2023-05-26T20:43:15.742+0000] {processor.py:179} INFO - Processing /home/airflow/.local/lib/python3.7/site-packages/airflow/example_dags/tutorial_dag.py took 0.053 seconds
[2023-05-26T20:43:46.208+0000] {processor.py:157} INFO - Started process (PID=1725) to work on /home/airflow/.local/lib/python3.7/site-packages/airflow/example_dags/tutorial_dag.py
[2023-05-26T20:43:46.209+0000] {processor.py:826} INFO - Processing file /home/airflow/.local/lib/python3.7/site-packages/airflow/example_dags/tutorial_dag.py for tasks to queue
[2023-05-26T20:43:46.210+0000] {logging_mixin.py:149} INFO - [2023-05-26T20:43:46.210+0000] {dagbag.py:541} INFO - Filling up the DagBag from /home/airflow/.local/lib/python3.7/site-packages/airflow/example_dags/tutorial_dag.py
[2023-05-26T20:43:46.213+0000] {processor.py:836} INFO - DAG(s) dict_keys(['tutorial_dag']) retrieved from /home/airflow/.local/lib/python3.7/site-packages/airflow/example_dags/tutorial_dag.py
[2023-05-26T20:43:46.234+0000] {logging_mixin.py:149} INFO - [2023-05-26T20:43:46.233+0000] {dag.py:2726} INFO - Sync 1 DAGs
[2023-05-26T20:43:46.248+0000] {logging_mixin.py:149} INFO - [2023-05-26T20:43:46.248+0000] {dag.py:3490} INFO - Setting next_dagrun for tutorial_dag to None, run_after=None
[2023-05-26T20:43:46.259+0000] {processor.py:179} INFO - Processing /home/airflow/.local/lib/python3.7/site-packages/airflow/example_dags/tutorial_dag.py took 0.054 seconds
[2023-05-26T20:44:16.402+0000] {processor.py:157} INFO - Started process (PID=1781) to work on /home/airflow/.local/lib/python3.7/site-packages/airflow/example_dags/tutorial_dag.py
[2023-05-26T20:44:16.404+0000] {processor.py:826} INFO - Processing file /home/airflow/.local/lib/python3.7/site-packages/airflow/example_dags/tutorial_dag.py for tasks to queue
[2023-05-26T20:44:16.405+0000] {logging_mixin.py:149} INFO - [2023-05-26T20:44:16.405+0000] {dagbag.py:541} INFO - Filling up the DagBag from /home/airflow/.local/lib/python3.7/site-packages/airflow/example_dags/tutorial_dag.py
[2023-05-26T20:44:16.409+0000] {processor.py:836} INFO - DAG(s) dict_keys(['tutorial_dag']) retrieved from /home/airflow/.local/lib/python3.7/site-packages/airflow/example_dags/tutorial_dag.py
[2023-05-26T20:44:16.429+0000] {logging_mixin.py:149} INFO - [2023-05-26T20:44:16.429+0000] {dag.py:2726} INFO - Sync 1 DAGs
[2023-05-26T20:44:16.444+0000] {logging_mixin.py:149} INFO - [2023-05-26T20:44:16.444+0000] {dag.py:3490} INFO - Setting next_dagrun for tutorial_dag to None, run_after=None
[2023-05-26T20:44:16.455+0000] {processor.py:179} INFO - Processing /home/airflow/.local/lib/python3.7/site-packages/airflow/example_dags/tutorial_dag.py took 0.056 seconds
[2023-05-26T20:44:46.802+0000] {processor.py:157} INFO - Started process (PID=1838) to work on /home/airflow/.local/lib/python3.7/site-packages/airflow/example_dags/tutorial_dag.py
[2023-05-26T20:44:46.804+0000] {processor.py:826} INFO - Processing file /home/airflow/.local/lib/python3.7/site-packages/airflow/example_dags/tutorial_dag.py for tasks to queue
[2023-05-26T20:44:46.805+0000] {logging_mixin.py:149} INFO - [2023-05-26T20:44:46.805+0000] {dagbag.py:541} INFO - Filling up the DagBag from /home/airflow/.local/lib/python3.7/site-packages/airflow/example_dags/tutorial_dag.py
[2023-05-26T20:44:46.809+0000] {processor.py:836} INFO - DAG(s) dict_keys(['tutorial_dag']) retrieved from /home/airflow/.local/lib/python3.7/site-packages/airflow/example_dags/tutorial_dag.py
[2023-05-26T20:44:46.827+0000] {logging_mixin.py:149} INFO - [2023-05-26T20:44:46.827+0000] {dag.py:2726} INFO - Sync 1 DAGs
[2023-05-26T20:44:46.842+0000] {logging_mixin.py:149} INFO - [2023-05-26T20:44:46.842+0000] {dag.py:3490} INFO - Setting next_dagrun for tutorial_dag to None, run_after=None
[2023-05-26T20:44:46.854+0000] {processor.py:179} INFO - Processing /home/airflow/.local/lib/python3.7/site-packages/airflow/example_dags/tutorial_dag.py took 0.055 seconds
[2023-05-26T20:45:17.197+0000] {processor.py:157} INFO - Started process (PID=1894) to work on /home/airflow/.local/lib/python3.7/site-packages/airflow/example_dags/tutorial_dag.py
[2023-05-26T20:45:17.199+0000] {processor.py:826} INFO - Processing file /home/airflow/.local/lib/python3.7/site-packages/airflow/example_dags/tutorial_dag.py for tasks to queue
[2023-05-26T20:45:17.200+0000] {logging_mixin.py:149} INFO - [2023-05-26T20:45:17.200+0000] {dagbag.py:541} INFO - Filling up the DagBag from /home/airflow/.local/lib/python3.7/site-packages/airflow/example_dags/tutorial_dag.py
[2023-05-26T20:45:17.204+0000] {processor.py:836} INFO - DAG(s) dict_keys(['tutorial_dag']) retrieved from /home/airflow/.local/lib/python3.7/site-packages/airflow/example_dags/tutorial_dag.py
[2023-05-26T20:45:17.224+0000] {logging_mixin.py:149} INFO - [2023-05-26T20:45:17.224+0000] {dag.py:2726} INFO - Sync 1 DAGs
[2023-05-26T20:45:17.240+0000] {logging_mixin.py:149} INFO - [2023-05-26T20:45:17.240+0000] {dag.py:3490} INFO - Setting next_dagrun for tutorial_dag to None, run_after=None
[2023-05-26T20:45:17.254+0000] {processor.py:179} INFO - Processing /home/airflow/.local/lib/python3.7/site-packages/airflow/example_dags/tutorial_dag.py took 0.060 seconds
[2023-05-26T20:45:47.574+0000] {processor.py:157} INFO - Started process (PID=1950) to work on /home/airflow/.local/lib/python3.7/site-packages/airflow/example_dags/tutorial_dag.py
[2023-05-26T20:45:47.576+0000] {processor.py:826} INFO - Processing file /home/airflow/.local/lib/python3.7/site-packages/airflow/example_dags/tutorial_dag.py for tasks to queue
[2023-05-26T20:45:47.576+0000] {logging_mixin.py:149} INFO - [2023-05-26T20:45:47.576+0000] {dagbag.py:541} INFO - Filling up the DagBag from /home/airflow/.local/lib/python3.7/site-packages/airflow/example_dags/tutorial_dag.py
[2023-05-26T20:45:47.581+0000] {processor.py:836} INFO - DAG(s) dict_keys(['tutorial_dag']) retrieved from /home/airflow/.local/lib/python3.7/site-packages/airflow/example_dags/tutorial_dag.py
[2023-05-26T20:45:47.600+0000] {logging_mixin.py:149} INFO - [2023-05-26T20:45:47.600+0000] {dag.py:2726} INFO - Sync 1 DAGs
[2023-05-26T20:45:47.615+0000] {logging_mixin.py:149} INFO - [2023-05-26T20:45:47.615+0000] {dag.py:3490} INFO - Setting next_dagrun for tutorial_dag to None, run_after=None
[2023-05-26T20:45:47.626+0000] {processor.py:179} INFO - Processing /home/airflow/.local/lib/python3.7/site-packages/airflow/example_dags/tutorial_dag.py took 0.055 seconds
[2023-05-26T20:46:18.207+0000] {processor.py:157} INFO - Started process (PID=2006) to work on /home/airflow/.local/lib/python3.7/site-packages/airflow/example_dags/tutorial_dag.py
[2023-05-26T20:46:18.209+0000] {processor.py:826} INFO - Processing file /home/airflow/.local/lib/python3.7/site-packages/airflow/example_dags/tutorial_dag.py for tasks to queue
[2023-05-26T20:46:18.210+0000] {logging_mixin.py:149} INFO - [2023-05-26T20:46:18.210+0000] {dagbag.py:541} INFO - Filling up the DagBag from /home/airflow/.local/lib/python3.7/site-packages/airflow/example_dags/tutorial_dag.py
[2023-05-26T20:46:18.214+0000] {processor.py:836} INFO - DAG(s) dict_keys(['tutorial_dag']) retrieved from /home/airflow/.local/lib/python3.7/site-packages/airflow/example_dags/tutorial_dag.py
[2023-05-26T20:46:18.235+0000] {logging_mixin.py:149} INFO - [2023-05-26T20:46:18.235+0000] {dag.py:2726} INFO - Sync 1 DAGs
[2023-05-26T20:46:18.250+0000] {logging_mixin.py:149} INFO - [2023-05-26T20:46:18.250+0000] {dag.py:3490} INFO - Setting next_dagrun for tutorial_dag to None, run_after=None
[2023-05-26T20:46:18.263+0000] {processor.py:179} INFO - Processing /home/airflow/.local/lib/python3.7/site-packages/airflow/example_dags/tutorial_dag.py took 0.058 seconds
[2023-05-26T20:46:48.767+0000] {processor.py:157} INFO - Started process (PID=2062) to work on /home/airflow/.local/lib/python3.7/site-packages/airflow/example_dags/tutorial_dag.py
[2023-05-26T20:46:48.769+0000] {processor.py:826} INFO - Processing file /home/airflow/.local/lib/python3.7/site-packages/airflow/example_dags/tutorial_dag.py for tasks to queue
[2023-05-26T20:46:48.770+0000] {logging_mixin.py:149} INFO - [2023-05-26T20:46:48.770+0000] {dagbag.py:541} INFO - Filling up the DagBag from /home/airflow/.local/lib/python3.7/site-packages/airflow/example_dags/tutorial_dag.py
[2023-05-26T20:46:48.774+0000] {processor.py:836} INFO - DAG(s) dict_keys(['tutorial_dag']) retrieved from /home/airflow/.local/lib/python3.7/site-packages/airflow/example_dags/tutorial_dag.py
[2023-05-26T20:46:48.793+0000] {logging_mixin.py:149} INFO - [2023-05-26T20:46:48.793+0000] {dag.py:2726} INFO - Sync 1 DAGs
[2023-05-26T20:46:48.808+0000] {logging_mixin.py:149} INFO - [2023-05-26T20:46:48.808+0000] {dag.py:3490} INFO - Setting next_dagrun for tutorial_dag to None, run_after=None
[2023-05-26T20:46:48.819+0000] {processor.py:179} INFO - Processing /home/airflow/.local/lib/python3.7/site-packages/airflow/example_dags/tutorial_dag.py took 0.054 seconds
[2023-05-26T20:47:19.490+0000] {processor.py:157} INFO - Started process (PID=2118) to work on /home/airflow/.local/lib/python3.7/site-packages/airflow/example_dags/tutorial_dag.py
[2023-05-26T20:47:19.492+0000] {processor.py:826} INFO - Processing file /home/airflow/.local/lib/python3.7/site-packages/airflow/example_dags/tutorial_dag.py for tasks to queue
[2023-05-26T20:47:19.492+0000] {logging_mixin.py:149} INFO - [2023-05-26T20:47:19.492+0000] {dagbag.py:541} INFO - Filling up the DagBag from /home/airflow/.local/lib/python3.7/site-packages/airflow/example_dags/tutorial_dag.py
[2023-05-26T20:47:19.497+0000] {processor.py:836} INFO - DAG(s) dict_keys(['tutorial_dag']) retrieved from /home/airflow/.local/lib/python3.7/site-packages/airflow/example_dags/tutorial_dag.py
[2023-05-26T20:47:19.515+0000] {logging_mixin.py:149} INFO - [2023-05-26T20:47:19.515+0000] {dag.py:2726} INFO - Sync 1 DAGs
[2023-05-26T20:47:19.532+0000] {logging_mixin.py:149} INFO - [2023-05-26T20:47:19.532+0000] {dag.py:3490} INFO - Setting next_dagrun for tutorial_dag to None, run_after=None
[2023-05-26T20:47:19.544+0000] {processor.py:179} INFO - Processing /home/airflow/.local/lib/python3.7/site-packages/airflow/example_dags/tutorial_dag.py took 0.058 seconds
[2023-05-26T20:47:50.219+0000] {processor.py:157} INFO - Started process (PID=2174) to work on /home/airflow/.local/lib/python3.7/site-packages/airflow/example_dags/tutorial_dag.py
[2023-05-26T20:47:50.221+0000] {processor.py:826} INFO - Processing file /home/airflow/.local/lib/python3.7/site-packages/airflow/example_dags/tutorial_dag.py for tasks to queue
[2023-05-26T20:47:50.222+0000] {logging_mixin.py:149} INFO - [2023-05-26T20:47:50.222+0000] {dagbag.py:541} INFO - Filling up the DagBag from /home/airflow/.local/lib/python3.7/site-packages/airflow/example_dags/tutorial_dag.py
[2023-05-26T20:47:50.226+0000] {processor.py:836} INFO - DAG(s) dict_keys(['tutorial_dag']) retrieved from /home/airflow/.local/lib/python3.7/site-packages/airflow/example_dags/tutorial_dag.py
[2023-05-26T20:47:50.247+0000] {logging_mixin.py:149} INFO - [2023-05-26T20:47:50.247+0000] {dag.py:2726} INFO - Sync 1 DAGs
[2023-05-26T20:47:50.263+0000] {logging_mixin.py:149} INFO - [2023-05-26T20:47:50.263+0000] {dag.py:3490} INFO - Setting next_dagrun for tutorial_dag to None, run_after=None
[2023-05-26T20:47:50.277+0000] {processor.py:179} INFO - Processing /home/airflow/.local/lib/python3.7/site-packages/airflow/example_dags/tutorial_dag.py took 0.061 seconds
[2023-05-26T20:48:20.598+0000] {processor.py:157} INFO - Started process (PID=2230) to work on /home/airflow/.local/lib/python3.7/site-packages/airflow/example_dags/tutorial_dag.py
[2023-05-26T20:48:20.600+0000] {processor.py:826} INFO - Processing file /home/airflow/.local/lib/python3.7/site-packages/airflow/example_dags/tutorial_dag.py for tasks to queue
[2023-05-26T20:48:20.601+0000] {logging_mixin.py:149} INFO - [2023-05-26T20:48:20.601+0000] {dagbag.py:541} INFO - Filling up the DagBag from /home/airflow/.local/lib/python3.7/site-packages/airflow/example_dags/tutorial_dag.py
[2023-05-26T20:48:20.605+0000] {processor.py:836} INFO - DAG(s) dict_keys(['tutorial_dag']) retrieved from /home/airflow/.local/lib/python3.7/site-packages/airflow/example_dags/tutorial_dag.py
[2023-05-26T20:48:20.625+0000] {logging_mixin.py:149} INFO - [2023-05-26T20:48:20.625+0000] {dag.py:2726} INFO - Sync 1 DAGs
[2023-05-26T20:48:20.642+0000] {logging_mixin.py:149} INFO - [2023-05-26T20:48:20.642+0000] {dag.py:3490} INFO - Setting next_dagrun for tutorial_dag to None, run_after=None
[2023-05-26T20:48:20.654+0000] {processor.py:179} INFO - Processing /home/airflow/.local/lib/python3.7/site-packages/airflow/example_dags/tutorial_dag.py took 0.059 seconds
[2023-05-26T20:48:51.218+0000] {processor.py:157} INFO - Started process (PID=2287) to work on /home/airflow/.local/lib/python3.7/site-packages/airflow/example_dags/tutorial_dag.py
[2023-05-26T20:48:51.220+0000] {processor.py:826} INFO - Processing file /home/airflow/.local/lib/python3.7/site-packages/airflow/example_dags/tutorial_dag.py for tasks to queue
[2023-05-26T20:48:51.221+0000] {logging_mixin.py:149} INFO - [2023-05-26T20:48:51.221+0000] {dagbag.py:541} INFO - Filling up the DagBag from /home/airflow/.local/lib/python3.7/site-packages/airflow/example_dags/tutorial_dag.py
[2023-05-26T20:48:51.225+0000] {processor.py:836} INFO - DAG(s) dict_keys(['tutorial_dag']) retrieved from /home/airflow/.local/lib/python3.7/site-packages/airflow/example_dags/tutorial_dag.py
[2023-05-26T20:48:51.243+0000] {logging_mixin.py:149} INFO - [2023-05-26T20:48:51.243+0000] {dag.py:2726} INFO - Sync 1 DAGs
[2023-05-26T20:48:51.259+0000] {logging_mixin.py:149} INFO - [2023-05-26T20:48:51.258+0000] {dag.py:3490} INFO - Setting next_dagrun for tutorial_dag to None, run_after=None
[2023-05-26T20:48:51.274+0000] {processor.py:179} INFO - Processing /home/airflow/.local/lib/python3.7/site-packages/airflow/example_dags/tutorial_dag.py took 0.059 seconds
[2023-05-26T20:49:21.919+0000] {processor.py:157} INFO - Started process (PID=2342) to work on /home/airflow/.local/lib/python3.7/site-packages/airflow/example_dags/tutorial_dag.py
[2023-05-26T20:49:21.921+0000] {processor.py:826} INFO - Processing file /home/airflow/.local/lib/python3.7/site-packages/airflow/example_dags/tutorial_dag.py for tasks to queue
[2023-05-26T20:49:21.922+0000] {logging_mixin.py:149} INFO - [2023-05-26T20:49:21.922+0000] {dagbag.py:541} INFO - Filling up the DagBag from /home/airflow/.local/lib/python3.7/site-packages/airflow/example_dags/tutorial_dag.py
[2023-05-26T20:49:21.926+0000] {processor.py:836} INFO - DAG(s) dict_keys(['tutorial_dag']) retrieved from /home/airflow/.local/lib/python3.7/site-packages/airflow/example_dags/tutorial_dag.py
[2023-05-26T20:49:21.947+0000] {logging_mixin.py:149} INFO - [2023-05-26T20:49:21.947+0000] {dag.py:2726} INFO - Sync 1 DAGs
[2023-05-26T20:49:21.963+0000] {logging_mixin.py:149} INFO - [2023-05-26T20:49:21.963+0000] {dag.py:3490} INFO - Setting next_dagrun for tutorial_dag to None, run_after=None
[2023-05-26T20:49:21.976+0000] {processor.py:179} INFO - Processing /home/airflow/.local/lib/python3.7/site-packages/airflow/example_dags/tutorial_dag.py took 0.060 seconds
[2023-05-26T20:49:52.457+0000] {processor.py:157} INFO - Started process (PID=2398) to work on /home/airflow/.local/lib/python3.7/site-packages/airflow/example_dags/tutorial_dag.py
[2023-05-26T20:49:52.459+0000] {processor.py:826} INFO - Processing file /home/airflow/.local/lib/python3.7/site-packages/airflow/example_dags/tutorial_dag.py for tasks to queue
[2023-05-26T20:49:52.460+0000] {logging_mixin.py:149} INFO - [2023-05-26T20:49:52.460+0000] {dagbag.py:541} INFO - Filling up the DagBag from /home/airflow/.local/lib/python3.7/site-packages/airflow/example_dags/tutorial_dag.py
[2023-05-26T20:49:52.464+0000] {processor.py:836} INFO - DAG(s) dict_keys(['tutorial_dag']) retrieved from /home/airflow/.local/lib/python3.7/site-packages/airflow/example_dags/tutorial_dag.py
[2023-05-26T20:49:52.485+0000] {logging_mixin.py:149} INFO - [2023-05-26T20:49:52.485+0000] {dag.py:2726} INFO - Sync 1 DAGs
[2023-05-26T20:49:52.501+0000] {logging_mixin.py:149} INFO - [2023-05-26T20:49:52.500+0000] {dag.py:3490} INFO - Setting next_dagrun for tutorial_dag to None, run_after=None
[2023-05-26T20:49:52.513+0000] {processor.py:179} INFO - Processing /home/airflow/.local/lib/python3.7/site-packages/airflow/example_dags/tutorial_dag.py took 0.059 seconds
[2023-05-26T20:50:23.113+0000] {processor.py:157} INFO - Started process (PID=2454) to work on /home/airflow/.local/lib/python3.7/site-packages/airflow/example_dags/tutorial_dag.py
[2023-05-26T20:50:23.114+0000] {processor.py:826} INFO - Processing file /home/airflow/.local/lib/python3.7/site-packages/airflow/example_dags/tutorial_dag.py for tasks to queue
[2023-05-26T20:50:23.115+0000] {logging_mixin.py:149} INFO - [2023-05-26T20:50:23.115+0000] {dagbag.py:541} INFO - Filling up the DagBag from /home/airflow/.local/lib/python3.7/site-packages/airflow/example_dags/tutorial_dag.py
[2023-05-26T20:50:23.120+0000] {processor.py:836} INFO - DAG(s) dict_keys(['tutorial_dag']) retrieved from /home/airflow/.local/lib/python3.7/site-packages/airflow/example_dags/tutorial_dag.py
[2023-05-26T20:50:23.141+0000] {logging_mixin.py:149} INFO - [2023-05-26T20:50:23.141+0000] {dag.py:2726} INFO - Sync 1 DAGs
[2023-05-26T20:50:23.156+0000] {logging_mixin.py:149} INFO - [2023-05-26T20:50:23.156+0000] {dag.py:3490} INFO - Setting next_dagrun for tutorial_dag to None, run_after=None
[2023-05-26T20:50:23.173+0000] {processor.py:179} INFO - Processing /home/airflow/.local/lib/python3.7/site-packages/airflow/example_dags/tutorial_dag.py took 0.063 seconds
[2023-05-26T20:50:53.317+0000] {processor.py:157} INFO - Started process (PID=2511) to work on /home/airflow/.local/lib/python3.7/site-packages/airflow/example_dags/tutorial_dag.py
[2023-05-26T20:50:53.318+0000] {processor.py:826} INFO - Processing file /home/airflow/.local/lib/python3.7/site-packages/airflow/example_dags/tutorial_dag.py for tasks to queue
[2023-05-26T20:50:53.319+0000] {logging_mixin.py:149} INFO - [2023-05-26T20:50:53.319+0000] {dagbag.py:541} INFO - Filling up the DagBag from /home/airflow/.local/lib/python3.7/site-packages/airflow/example_dags/tutorial_dag.py
[2023-05-26T20:50:53.324+0000] {processor.py:836} INFO - DAG(s) dict_keys(['tutorial_dag']) retrieved from /home/airflow/.local/lib/python3.7/site-packages/airflow/example_dags/tutorial_dag.py
[2023-05-26T20:50:53.343+0000] {logging_mixin.py:149} INFO - [2023-05-26T20:50:53.342+0000] {dag.py:2726} INFO - Sync 1 DAGs
[2023-05-26T20:50:53.358+0000] {logging_mixin.py:149} INFO - [2023-05-26T20:50:53.358+0000] {dag.py:3490} INFO - Setting next_dagrun for tutorial_dag to None, run_after=None
[2023-05-26T20:50:53.369+0000] {processor.py:179} INFO - Processing /home/airflow/.local/lib/python3.7/site-packages/airflow/example_dags/tutorial_dag.py took 0.055 seconds
[2023-05-26T20:51:23.869+0000] {processor.py:157} INFO - Started process (PID=2567) to work on /home/airflow/.local/lib/python3.7/site-packages/airflow/example_dags/tutorial_dag.py
[2023-05-26T20:51:23.871+0000] {processor.py:826} INFO - Processing file /home/airflow/.local/lib/python3.7/site-packages/airflow/example_dags/tutorial_dag.py for tasks to queue
[2023-05-26T20:51:23.873+0000] {logging_mixin.py:149} INFO - [2023-05-26T20:51:23.873+0000] {dagbag.py:541} INFO - Filling up the DagBag from /home/airflow/.local/lib/python3.7/site-packages/airflow/example_dags/tutorial_dag.py
[2023-05-26T20:51:23.877+0000] {processor.py:836} INFO - DAG(s) dict_keys(['tutorial_dag']) retrieved from /home/airflow/.local/lib/python3.7/site-packages/airflow/example_dags/tutorial_dag.py
[2023-05-26T20:51:23.897+0000] {logging_mixin.py:149} INFO - [2023-05-26T20:51:23.897+0000] {dag.py:2726} INFO - Sync 1 DAGs
[2023-05-26T20:51:23.912+0000] {logging_mixin.py:149} INFO - [2023-05-26T20:51:23.912+0000] {dag.py:3490} INFO - Setting next_dagrun for tutorial_dag to None, run_after=None
[2023-05-26T20:51:23.925+0000] {processor.py:179} INFO - Processing /home/airflow/.local/lib/python3.7/site-packages/airflow/example_dags/tutorial_dag.py took 0.058 seconds
[2023-05-26T20:51:54.485+0000] {processor.py:157} INFO - Started process (PID=2623) to work on /home/airflow/.local/lib/python3.7/site-packages/airflow/example_dags/tutorial_dag.py
[2023-05-26T20:51:54.487+0000] {processor.py:826} INFO - Processing file /home/airflow/.local/lib/python3.7/site-packages/airflow/example_dags/tutorial_dag.py for tasks to queue
[2023-05-26T20:51:54.488+0000] {logging_mixin.py:149} INFO - [2023-05-26T20:51:54.488+0000] {dagbag.py:541} INFO - Filling up the DagBag from /home/airflow/.local/lib/python3.7/site-packages/airflow/example_dags/tutorial_dag.py
[2023-05-26T20:51:54.492+0000] {processor.py:836} INFO - DAG(s) dict_keys(['tutorial_dag']) retrieved from /home/airflow/.local/lib/python3.7/site-packages/airflow/example_dags/tutorial_dag.py
[2023-05-26T20:51:54.514+0000] {logging_mixin.py:149} INFO - [2023-05-26T20:51:54.514+0000] {dag.py:2726} INFO - Sync 1 DAGs
[2023-05-26T20:51:54.530+0000] {logging_mixin.py:149} INFO - [2023-05-26T20:51:54.530+0000] {dag.py:3490} INFO - Setting next_dagrun for tutorial_dag to None, run_after=None
[2023-05-26T20:51:54.543+0000] {processor.py:179} INFO - Processing /home/airflow/.local/lib/python3.7/site-packages/airflow/example_dags/tutorial_dag.py took 0.061 seconds
[2023-05-26T20:52:25.174+0000] {processor.py:157} INFO - Started process (PID=2679) to work on /home/airflow/.local/lib/python3.7/site-packages/airflow/example_dags/tutorial_dag.py
[2023-05-26T20:52:25.176+0000] {processor.py:826} INFO - Processing file /home/airflow/.local/lib/python3.7/site-packages/airflow/example_dags/tutorial_dag.py for tasks to queue
[2023-05-26T20:52:25.177+0000] {logging_mixin.py:149} INFO - [2023-05-26T20:52:25.177+0000] {dagbag.py:541} INFO - Filling up the DagBag from /home/airflow/.local/lib/python3.7/site-packages/airflow/example_dags/tutorial_dag.py
[2023-05-26T20:52:25.181+0000] {processor.py:836} INFO - DAG(s) dict_keys(['tutorial_dag']) retrieved from /home/airflow/.local/lib/python3.7/site-packages/airflow/example_dags/tutorial_dag.py
[2023-05-26T20:52:25.201+0000] {logging_mixin.py:149} INFO - [2023-05-26T20:52:25.200+0000] {dag.py:2726} INFO - Sync 1 DAGs
[2023-05-26T20:52:25.216+0000] {logging_mixin.py:149} INFO - [2023-05-26T20:52:25.216+0000] {dag.py:3490} INFO - Setting next_dagrun for tutorial_dag to None, run_after=None
[2023-05-26T20:52:25.229+0000] {processor.py:179} INFO - Processing /home/airflow/.local/lib/python3.7/site-packages/airflow/example_dags/tutorial_dag.py took 0.057 seconds
[2023-05-26T20:52:55.605+0000] {processor.py:157} INFO - Started process (PID=2735) to work on /home/airflow/.local/lib/python3.7/site-packages/airflow/example_dags/tutorial_dag.py
[2023-05-26T20:52:55.606+0000] {processor.py:826} INFO - Processing file /home/airflow/.local/lib/python3.7/site-packages/airflow/example_dags/tutorial_dag.py for tasks to queue
[2023-05-26T20:52:55.607+0000] {logging_mixin.py:149} INFO - [2023-05-26T20:52:55.607+0000] {dagbag.py:541} INFO - Filling up the DagBag from /home/airflow/.local/lib/python3.7/site-packages/airflow/example_dags/tutorial_dag.py
[2023-05-26T20:52:55.612+0000] {processor.py:836} INFO - DAG(s) dict_keys(['tutorial_dag']) retrieved from /home/airflow/.local/lib/python3.7/site-packages/airflow/example_dags/tutorial_dag.py
[2023-05-26T20:52:55.631+0000] {logging_mixin.py:149} INFO - [2023-05-26T20:52:55.631+0000] {dag.py:2726} INFO - Sync 1 DAGs
[2023-05-26T20:52:55.646+0000] {logging_mixin.py:149} INFO - [2023-05-26T20:52:55.646+0000] {dag.py:3490} INFO - Setting next_dagrun for tutorial_dag to None, run_after=None
[2023-05-26T20:52:55.657+0000] {processor.py:179} INFO - Processing /home/airflow/.local/lib/python3.7/site-packages/airflow/example_dags/tutorial_dag.py took 0.055 seconds
[2023-05-26T20:53:26.393+0000] {processor.py:157} INFO - Started process (PID=2791) to work on /home/airflow/.local/lib/python3.7/site-packages/airflow/example_dags/tutorial_dag.py
[2023-05-26T20:53:26.395+0000] {processor.py:826} INFO - Processing file /home/airflow/.local/lib/python3.7/site-packages/airflow/example_dags/tutorial_dag.py for tasks to queue
[2023-05-26T20:53:26.396+0000] {logging_mixin.py:149} INFO - [2023-05-26T20:53:26.396+0000] {dagbag.py:541} INFO - Filling up the DagBag from /home/airflow/.local/lib/python3.7/site-packages/airflow/example_dags/tutorial_dag.py
[2023-05-26T20:53:26.400+0000] {processor.py:836} INFO - DAG(s) dict_keys(['tutorial_dag']) retrieved from /home/airflow/.local/lib/python3.7/site-packages/airflow/example_dags/tutorial_dag.py
[2023-05-26T20:53:26.419+0000] {logging_mixin.py:149} INFO - [2023-05-26T20:53:26.419+0000] {dag.py:2726} INFO - Sync 1 DAGs
[2023-05-26T20:53:26.434+0000] {logging_mixin.py:149} INFO - [2023-05-26T20:53:26.434+0000] {dag.py:3490} INFO - Setting next_dagrun for tutorial_dag to None, run_after=None
[2023-05-26T20:53:26.445+0000] {processor.py:179} INFO - Processing /home/airflow/.local/lib/python3.7/site-packages/airflow/example_dags/tutorial_dag.py took 0.055 seconds
[2023-05-26T20:53:57.014+0000] {processor.py:157} INFO - Started process (PID=2847) to work on /home/airflow/.local/lib/python3.7/site-packages/airflow/example_dags/tutorial_dag.py
[2023-05-26T20:53:57.016+0000] {processor.py:826} INFO - Processing file /home/airflow/.local/lib/python3.7/site-packages/airflow/example_dags/tutorial_dag.py for tasks to queue
[2023-05-26T20:53:57.017+0000] {logging_mixin.py:149} INFO - [2023-05-26T20:53:57.017+0000] {dagbag.py:541} INFO - Filling up the DagBag from /home/airflow/.local/lib/python3.7/site-packages/airflow/example_dags/tutorial_dag.py
[2023-05-26T20:53:57.022+0000] {processor.py:836} INFO - DAG(s) dict_keys(['tutorial_dag']) retrieved from /home/airflow/.local/lib/python3.7/site-packages/airflow/example_dags/tutorial_dag.py
[2023-05-26T20:53:57.042+0000] {logging_mixin.py:149} INFO - [2023-05-26T20:53:57.042+0000] {dag.py:2726} INFO - Sync 1 DAGs
[2023-05-26T20:53:57.058+0000] {logging_mixin.py:149} INFO - [2023-05-26T20:53:57.058+0000] {dag.py:3490} INFO - Setting next_dagrun for tutorial_dag to None, run_after=None
[2023-05-26T20:53:57.075+0000] {processor.py:179} INFO - Processing /home/airflow/.local/lib/python3.7/site-packages/airflow/example_dags/tutorial_dag.py took 0.063 seconds
[2023-05-26T20:54:27.651+0000] {processor.py:157} INFO - Started process (PID=2902) to work on /home/airflow/.local/lib/python3.7/site-packages/airflow/example_dags/tutorial_dag.py
[2023-05-26T20:54:27.652+0000] {processor.py:826} INFO - Processing file /home/airflow/.local/lib/python3.7/site-packages/airflow/example_dags/tutorial_dag.py for tasks to queue
[2023-05-26T20:54:27.653+0000] {logging_mixin.py:149} INFO - [2023-05-26T20:54:27.653+0000] {dagbag.py:541} INFO - Filling up the DagBag from /home/airflow/.local/lib/python3.7/site-packages/airflow/example_dags/tutorial_dag.py
[2023-05-26T20:54:27.658+0000] {processor.py:836} INFO - DAG(s) dict_keys(['tutorial_dag']) retrieved from /home/airflow/.local/lib/python3.7/site-packages/airflow/example_dags/tutorial_dag.py
[2023-05-26T20:54:27.685+0000] {logging_mixin.py:149} INFO - [2023-05-26T20:54:27.684+0000] {dag.py:2726} INFO - Sync 1 DAGs
[2023-05-26T20:54:27.702+0000] {logging_mixin.py:149} INFO - [2023-05-26T20:54:27.701+0000] {dag.py:3490} INFO - Setting next_dagrun for tutorial_dag to None, run_after=None
[2023-05-26T20:54:27.716+0000] {processor.py:179} INFO - Processing /home/airflow/.local/lib/python3.7/site-packages/airflow/example_dags/tutorial_dag.py took 0.068 seconds
[2023-05-26T20:54:58.198+0000] {processor.py:157} INFO - Started process (PID=2958) to work on /home/airflow/.local/lib/python3.7/site-packages/airflow/example_dags/tutorial_dag.py
[2023-05-26T20:54:58.200+0000] {processor.py:826} INFO - Processing file /home/airflow/.local/lib/python3.7/site-packages/airflow/example_dags/tutorial_dag.py for tasks to queue
[2023-05-26T20:54:58.201+0000] {logging_mixin.py:149} INFO - [2023-05-26T20:54:58.201+0000] {dagbag.py:541} INFO - Filling up the DagBag from /home/airflow/.local/lib/python3.7/site-packages/airflow/example_dags/tutorial_dag.py
[2023-05-26T20:54:58.206+0000] {processor.py:836} INFO - DAG(s) dict_keys(['tutorial_dag']) retrieved from /home/airflow/.local/lib/python3.7/site-packages/airflow/example_dags/tutorial_dag.py
[2023-05-26T20:54:58.225+0000] {logging_mixin.py:149} INFO - [2023-05-26T20:54:58.225+0000] {dag.py:2726} INFO - Sync 1 DAGs
[2023-05-26T20:54:58.241+0000] {logging_mixin.py:149} INFO - [2023-05-26T20:54:58.241+0000] {dag.py:3490} INFO - Setting next_dagrun for tutorial_dag to None, run_after=None
[2023-05-26T20:54:58.252+0000] {processor.py:179} INFO - Processing /home/airflow/.local/lib/python3.7/site-packages/airflow/example_dags/tutorial_dag.py took 0.057 seconds
[2023-05-26T20:55:28.869+0000] {processor.py:157} INFO - Started process (PID=3014) to work on /home/airflow/.local/lib/python3.7/site-packages/airflow/example_dags/tutorial_dag.py
[2023-05-26T20:55:28.871+0000] {processor.py:826} INFO - Processing file /home/airflow/.local/lib/python3.7/site-packages/airflow/example_dags/tutorial_dag.py for tasks to queue
[2023-05-26T20:55:28.872+0000] {logging_mixin.py:149} INFO - [2023-05-26T20:55:28.872+0000] {dagbag.py:541} INFO - Filling up the DagBag from /home/airflow/.local/lib/python3.7/site-packages/airflow/example_dags/tutorial_dag.py
[2023-05-26T20:55:28.877+0000] {processor.py:836} INFO - DAG(s) dict_keys(['tutorial_dag']) retrieved from /home/airflow/.local/lib/python3.7/site-packages/airflow/example_dags/tutorial_dag.py
[2023-05-26T20:55:28.898+0000] {logging_mixin.py:149} INFO - [2023-05-26T20:55:28.898+0000] {dag.py:2726} INFO - Sync 1 DAGs
[2023-05-26T20:55:28.913+0000] {logging_mixin.py:149} INFO - [2023-05-26T20:55:28.913+0000] {dag.py:3490} INFO - Setting next_dagrun for tutorial_dag to None, run_after=None
[2023-05-26T20:55:28.925+0000] {processor.py:179} INFO - Processing /home/airflow/.local/lib/python3.7/site-packages/airflow/example_dags/tutorial_dag.py took 0.059 seconds
[2023-05-26T20:55:59.707+0000] {processor.py:157} INFO - Started process (PID=3078) to work on /home/airflow/.local/lib/python3.7/site-packages/airflow/example_dags/tutorial_dag.py
[2023-05-26T20:55:59.709+0000] {processor.py:826} INFO - Processing file /home/airflow/.local/lib/python3.7/site-packages/airflow/example_dags/tutorial_dag.py for tasks to queue
[2023-05-26T20:55:59.710+0000] {logging_mixin.py:149} INFO - [2023-05-26T20:55:59.710+0000] {dagbag.py:541} INFO - Filling up the DagBag from /home/airflow/.local/lib/python3.7/site-packages/airflow/example_dags/tutorial_dag.py
[2023-05-26T20:55:59.715+0000] {processor.py:836} INFO - DAG(s) dict_keys(['tutorial_dag']) retrieved from /home/airflow/.local/lib/python3.7/site-packages/airflow/example_dags/tutorial_dag.py
[2023-05-26T20:55:59.736+0000] {logging_mixin.py:149} INFO - [2023-05-26T20:55:59.736+0000] {dag.py:2726} INFO - Sync 1 DAGs
[2023-05-26T20:55:59.752+0000] {logging_mixin.py:149} INFO - [2023-05-26T20:55:59.752+0000] {dag.py:3490} INFO - Setting next_dagrun for tutorial_dag to None, run_after=None
[2023-05-26T20:55:59.763+0000] {processor.py:179} INFO - Processing /home/airflow/.local/lib/python3.7/site-packages/airflow/example_dags/tutorial_dag.py took 0.059 seconds
[2023-05-26T20:56:30.434+0000] {processor.py:157} INFO - Started process (PID=3134) to work on /home/airflow/.local/lib/python3.7/site-packages/airflow/example_dags/tutorial_dag.py
[2023-05-26T20:56:30.435+0000] {processor.py:826} INFO - Processing file /home/airflow/.local/lib/python3.7/site-packages/airflow/example_dags/tutorial_dag.py for tasks to queue
[2023-05-26T20:56:30.436+0000] {logging_mixin.py:149} INFO - [2023-05-26T20:56:30.436+0000] {dagbag.py:541} INFO - Filling up the DagBag from /home/airflow/.local/lib/python3.7/site-packages/airflow/example_dags/tutorial_dag.py
[2023-05-26T20:56:30.441+0000] {processor.py:836} INFO - DAG(s) dict_keys(['tutorial_dag']) retrieved from /home/airflow/.local/lib/python3.7/site-packages/airflow/example_dags/tutorial_dag.py
[2023-05-26T20:56:30.459+0000] {logging_mixin.py:149} INFO - [2023-05-26T20:56:30.459+0000] {dag.py:2726} INFO - Sync 1 DAGs
[2023-05-26T20:56:30.474+0000] {logging_mixin.py:149} INFO - [2023-05-26T20:56:30.474+0000] {dag.py:3490} INFO - Setting next_dagrun for tutorial_dag to None, run_after=None
[2023-05-26T20:56:30.485+0000] {processor.py:179} INFO - Processing /home/airflow/.local/lib/python3.7/site-packages/airflow/example_dags/tutorial_dag.py took 0.054 seconds
[2023-05-26T20:57:01.096+0000] {processor.py:157} INFO - Started process (PID=3190) to work on /home/airflow/.local/lib/python3.7/site-packages/airflow/example_dags/tutorial_dag.py
[2023-05-26T20:57:01.098+0000] {processor.py:826} INFO - Processing file /home/airflow/.local/lib/python3.7/site-packages/airflow/example_dags/tutorial_dag.py for tasks to queue
[2023-05-26T20:57:01.099+0000] {logging_mixin.py:149} INFO - [2023-05-26T20:57:01.099+0000] {dagbag.py:541} INFO - Filling up the DagBag from /home/airflow/.local/lib/python3.7/site-packages/airflow/example_dags/tutorial_dag.py
[2023-05-26T20:57:01.103+0000] {processor.py:836} INFO - DAG(s) dict_keys(['tutorial_dag']) retrieved from /home/airflow/.local/lib/python3.7/site-packages/airflow/example_dags/tutorial_dag.py
[2023-05-26T20:57:01.122+0000] {logging_mixin.py:149} INFO - [2023-05-26T20:57:01.122+0000] {dag.py:2726} INFO - Sync 1 DAGs
[2023-05-26T20:57:01.137+0000] {logging_mixin.py:149} INFO - [2023-05-26T20:57:01.137+0000] {dag.py:3490} INFO - Setting next_dagrun for tutorial_dag to None, run_after=None
[2023-05-26T20:57:01.148+0000] {processor.py:179} INFO - Processing /home/airflow/.local/lib/python3.7/site-packages/airflow/example_dags/tutorial_dag.py took 0.054 seconds
[2023-05-26T20:57:32.306+0000] {processor.py:157} INFO - Started process (PID=3246) to work on /home/airflow/.local/lib/python3.7/site-packages/airflow/example_dags/tutorial_dag.py
[2023-05-26T20:57:32.308+0000] {processor.py:826} INFO - Processing file /home/airflow/.local/lib/python3.7/site-packages/airflow/example_dags/tutorial_dag.py for tasks to queue
[2023-05-26T20:57:32.310+0000] {logging_mixin.py:149} INFO - [2023-05-26T20:57:32.310+0000] {dagbag.py:541} INFO - Filling up the DagBag from /home/airflow/.local/lib/python3.7/site-packages/airflow/example_dags/tutorial_dag.py
[2023-05-26T20:57:32.316+0000] {processor.py:836} INFO - DAG(s) dict_keys(['tutorial_dag']) retrieved from /home/airflow/.local/lib/python3.7/site-packages/airflow/example_dags/tutorial_dag.py
[2023-05-26T20:57:32.343+0000] {logging_mixin.py:149} INFO - [2023-05-26T20:57:32.343+0000] {dag.py:2726} INFO - Sync 1 DAGs
[2023-05-26T20:57:32.496+0000] {logging_mixin.py:149} INFO - [2023-05-26T20:57:32.495+0000] {dag.py:3490} INFO - Setting next_dagrun for tutorial_dag to None, run_after=None
[2023-05-26T20:57:32.514+0000] {processor.py:179} INFO - Processing /home/airflow/.local/lib/python3.7/site-packages/airflow/example_dags/tutorial_dag.py took 0.211 seconds
[2023-05-26T21:01:24.042+0000] {processor.py:157} INFO - Started process (PID=3287) to work on /home/airflow/.local/lib/python3.7/site-packages/airflow/example_dags/tutorial_dag.py
[2023-05-26T21:01:24.043+0000] {processor.py:826} INFO - Processing file /home/airflow/.local/lib/python3.7/site-packages/airflow/example_dags/tutorial_dag.py for tasks to queue
[2023-05-26T21:01:24.045+0000] {logging_mixin.py:149} INFO - [2023-05-26T21:01:24.045+0000] {dagbag.py:541} INFO - Filling up the DagBag from /home/airflow/.local/lib/python3.7/site-packages/airflow/example_dags/tutorial_dag.py
[2023-05-26T21:01:24.055+0000] {processor.py:836} INFO - DAG(s) dict_keys(['tutorial_dag']) retrieved from /home/airflow/.local/lib/python3.7/site-packages/airflow/example_dags/tutorial_dag.py
[2023-05-26T21:01:24.089+0000] {logging_mixin.py:149} INFO - [2023-05-26T21:01:24.089+0000] {dag.py:2726} INFO - Sync 1 DAGs
[2023-05-26T21:01:24.114+0000] {logging_mixin.py:149} INFO - [2023-05-26T21:01:24.114+0000] {dag.py:3490} INFO - Setting next_dagrun for tutorial_dag to None, run_after=None
[2023-05-26T21:01:24.130+0000] {processor.py:179} INFO - Processing /home/airflow/.local/lib/python3.7/site-packages/airflow/example_dags/tutorial_dag.py took 0.092 seconds
[2023-05-26T21:01:54.794+0000] {processor.py:157} INFO - Started process (PID=3343) to work on /home/airflow/.local/lib/python3.7/site-packages/airflow/example_dags/tutorial_dag.py
[2023-05-26T21:01:54.796+0000] {processor.py:826} INFO - Processing file /home/airflow/.local/lib/python3.7/site-packages/airflow/example_dags/tutorial_dag.py for tasks to queue
[2023-05-26T21:01:54.797+0000] {logging_mixin.py:149} INFO - [2023-05-26T21:01:54.797+0000] {dagbag.py:541} INFO - Filling up the DagBag from /home/airflow/.local/lib/python3.7/site-packages/airflow/example_dags/tutorial_dag.py
[2023-05-26T21:01:54.801+0000] {processor.py:836} INFO - DAG(s) dict_keys(['tutorial_dag']) retrieved from /home/airflow/.local/lib/python3.7/site-packages/airflow/example_dags/tutorial_dag.py
[2023-05-26T21:01:54.820+0000] {logging_mixin.py:149} INFO - [2023-05-26T21:01:54.820+0000] {dag.py:2726} INFO - Sync 1 DAGs
[2023-05-26T21:01:54.836+0000] {logging_mixin.py:149} INFO - [2023-05-26T21:01:54.836+0000] {dag.py:3490} INFO - Setting next_dagrun for tutorial_dag to None, run_after=None
[2023-05-26T21:01:54.847+0000] {processor.py:179} INFO - Processing /home/airflow/.local/lib/python3.7/site-packages/airflow/example_dags/tutorial_dag.py took 0.056 seconds
[2023-05-26T21:02:25.299+0000] {processor.py:157} INFO - Started process (PID=3399) to work on /home/airflow/.local/lib/python3.7/site-packages/airflow/example_dags/tutorial_dag.py
[2023-05-26T21:02:25.301+0000] {processor.py:826} INFO - Processing file /home/airflow/.local/lib/python3.7/site-packages/airflow/example_dags/tutorial_dag.py for tasks to queue
[2023-05-26T21:02:25.301+0000] {logging_mixin.py:149} INFO - [2023-05-26T21:02:25.301+0000] {dagbag.py:541} INFO - Filling up the DagBag from /home/airflow/.local/lib/python3.7/site-packages/airflow/example_dags/tutorial_dag.py
[2023-05-26T21:02:25.306+0000] {processor.py:836} INFO - DAG(s) dict_keys(['tutorial_dag']) retrieved from /home/airflow/.local/lib/python3.7/site-packages/airflow/example_dags/tutorial_dag.py
[2023-05-26T21:02:25.325+0000] {logging_mixin.py:149} INFO - [2023-05-26T21:02:25.325+0000] {dag.py:2726} INFO - Sync 1 DAGs
[2023-05-26T21:02:25.341+0000] {logging_mixin.py:149} INFO - [2023-05-26T21:02:25.341+0000] {dag.py:3490} INFO - Setting next_dagrun for tutorial_dag to None, run_after=None
[2023-05-26T21:02:25.351+0000] {processor.py:179} INFO - Processing /home/airflow/.local/lib/python3.7/site-packages/airflow/example_dags/tutorial_dag.py took 0.055 seconds
[2023-05-26T21:02:56.036+0000] {processor.py:157} INFO - Started process (PID=3455) to work on /home/airflow/.local/lib/python3.7/site-packages/airflow/example_dags/tutorial_dag.py
[2023-05-26T21:02:56.039+0000] {processor.py:826} INFO - Processing file /home/airflow/.local/lib/python3.7/site-packages/airflow/example_dags/tutorial_dag.py for tasks to queue
[2023-05-26T21:02:56.039+0000] {logging_mixin.py:149} INFO - [2023-05-26T21:02:56.039+0000] {dagbag.py:541} INFO - Filling up the DagBag from /home/airflow/.local/lib/python3.7/site-packages/airflow/example_dags/tutorial_dag.py
[2023-05-26T21:02:56.044+0000] {processor.py:836} INFO - DAG(s) dict_keys(['tutorial_dag']) retrieved from /home/airflow/.local/lib/python3.7/site-packages/airflow/example_dags/tutorial_dag.py
[2023-05-26T21:02:56.065+0000] {logging_mixin.py:149} INFO - [2023-05-26T21:02:56.065+0000] {dag.py:2726} INFO - Sync 1 DAGs
[2023-05-26T21:02:56.082+0000] {logging_mixin.py:149} INFO - [2023-05-26T21:02:56.082+0000] {dag.py:3490} INFO - Setting next_dagrun for tutorial_dag to None, run_after=None
[2023-05-26T21:02:56.094+0000] {processor.py:179} INFO - Processing /home/airflow/.local/lib/python3.7/site-packages/airflow/example_dags/tutorial_dag.py took 0.060 seconds
[2023-05-26T21:03:26.667+0000] {processor.py:157} INFO - Started process (PID=3511) to work on /home/airflow/.local/lib/python3.7/site-packages/airflow/example_dags/tutorial_dag.py
[2023-05-26T21:03:26.669+0000] {processor.py:826} INFO - Processing file /home/airflow/.local/lib/python3.7/site-packages/airflow/example_dags/tutorial_dag.py for tasks to queue
[2023-05-26T21:03:26.670+0000] {logging_mixin.py:149} INFO - [2023-05-26T21:03:26.670+0000] {dagbag.py:541} INFO - Filling up the DagBag from /home/airflow/.local/lib/python3.7/site-packages/airflow/example_dags/tutorial_dag.py
[2023-05-26T21:03:26.674+0000] {processor.py:836} INFO - DAG(s) dict_keys(['tutorial_dag']) retrieved from /home/airflow/.local/lib/python3.7/site-packages/airflow/example_dags/tutorial_dag.py
[2023-05-26T21:03:26.692+0000] {logging_mixin.py:149} INFO - [2023-05-26T21:03:26.692+0000] {dag.py:2726} INFO - Sync 1 DAGs
[2023-05-26T21:03:26.707+0000] {logging_mixin.py:149} INFO - [2023-05-26T21:03:26.707+0000] {dag.py:3490} INFO - Setting next_dagrun for tutorial_dag to None, run_after=None
[2023-05-26T21:03:26.718+0000] {processor.py:179} INFO - Processing /home/airflow/.local/lib/python3.7/site-packages/airflow/example_dags/tutorial_dag.py took 0.054 seconds
[2023-05-26T21:03:57.338+0000] {processor.py:157} INFO - Started process (PID=3568) to work on /home/airflow/.local/lib/python3.7/site-packages/airflow/example_dags/tutorial_dag.py
[2023-05-26T21:03:57.340+0000] {processor.py:826} INFO - Processing file /home/airflow/.local/lib/python3.7/site-packages/airflow/example_dags/tutorial_dag.py for tasks to queue
[2023-05-26T21:03:57.341+0000] {logging_mixin.py:149} INFO - [2023-05-26T21:03:57.341+0000] {dagbag.py:541} INFO - Filling up the DagBag from /home/airflow/.local/lib/python3.7/site-packages/airflow/example_dags/tutorial_dag.py
[2023-05-26T21:03:57.347+0000] {processor.py:836} INFO - DAG(s) dict_keys(['tutorial_dag']) retrieved from /home/airflow/.local/lib/python3.7/site-packages/airflow/example_dags/tutorial_dag.py
[2023-05-26T21:03:57.370+0000] {logging_mixin.py:149} INFO - [2023-05-26T21:03:57.370+0000] {dag.py:2726} INFO - Sync 1 DAGs
[2023-05-26T21:03:57.389+0000] {logging_mixin.py:149} INFO - [2023-05-26T21:03:57.389+0000] {dag.py:3490} INFO - Setting next_dagrun for tutorial_dag to None, run_after=None
[2023-05-26T21:03:57.406+0000] {processor.py:179} INFO - Processing /home/airflow/.local/lib/python3.7/site-packages/airflow/example_dags/tutorial_dag.py took 0.071 seconds
[2023-05-26T21:04:27.592+0000] {processor.py:157} INFO - Started process (PID=3624) to work on /home/airflow/.local/lib/python3.7/site-packages/airflow/example_dags/tutorial_dag.py
[2023-05-26T21:04:27.594+0000] {processor.py:826} INFO - Processing file /home/airflow/.local/lib/python3.7/site-packages/airflow/example_dags/tutorial_dag.py for tasks to queue
[2023-05-26T21:04:27.595+0000] {logging_mixin.py:149} INFO - [2023-05-26T21:04:27.595+0000] {dagbag.py:541} INFO - Filling up the DagBag from /home/airflow/.local/lib/python3.7/site-packages/airflow/example_dags/tutorial_dag.py
[2023-05-26T21:04:27.599+0000] {processor.py:836} INFO - DAG(s) dict_keys(['tutorial_dag']) retrieved from /home/airflow/.local/lib/python3.7/site-packages/airflow/example_dags/tutorial_dag.py
[2023-05-26T21:04:27.619+0000] {logging_mixin.py:149} INFO - [2023-05-26T21:04:27.619+0000] {dag.py:2726} INFO - Sync 1 DAGs
[2023-05-26T21:04:27.635+0000] {logging_mixin.py:149} INFO - [2023-05-26T21:04:27.635+0000] {dag.py:3490} INFO - Setting next_dagrun for tutorial_dag to None, run_after=None
[2023-05-26T21:04:27.648+0000] {processor.py:179} INFO - Processing /home/airflow/.local/lib/python3.7/site-packages/airflow/example_dags/tutorial_dag.py took 0.058 seconds
[2023-05-26T21:05:00.892+0000] {processor.py:157} INFO - Started process (PID=41) to work on /home/airflow/.local/lib/python3.7/site-packages/airflow/example_dags/tutorial_dag.py
[2023-05-26T21:05:00.910+0000] {processor.py:826} INFO - Processing file /home/airflow/.local/lib/python3.7/site-packages/airflow/example_dags/tutorial_dag.py for tasks to queue
[2023-05-26T21:05:00.912+0000] {logging_mixin.py:149} INFO - [2023-05-26T21:05:00.911+0000] {dagbag.py:541} INFO - Filling up the DagBag from /home/airflow/.local/lib/python3.7/site-packages/airflow/example_dags/tutorial_dag.py
[2023-05-26T21:05:00.939+0000] {processor.py:836} INFO - DAG(s) dict_keys(['tutorial_dag']) retrieved from /home/airflow/.local/lib/python3.7/site-packages/airflow/example_dags/tutorial_dag.py
[2023-05-26T21:05:00.965+0000] {logging_mixin.py:149} INFO - [2023-05-26T21:05:00.965+0000] {dag.py:2726} INFO - Sync 1 DAGs
[2023-05-26T21:05:00.986+0000] {logging_mixin.py:149} INFO - [2023-05-26T21:05:00.986+0000] {dag.py:3490} INFO - Setting next_dagrun for tutorial_dag to None, run_after=None
[2023-05-26T21:05:01.017+0000] {processor.py:179} INFO - Processing /home/airflow/.local/lib/python3.7/site-packages/airflow/example_dags/tutorial_dag.py took 0.130 seconds
[2023-05-26T21:05:31.100+0000] {processor.py:157} INFO - Started process (PID=97) to work on /home/airflow/.local/lib/python3.7/site-packages/airflow/example_dags/tutorial_dag.py
[2023-05-26T21:05:31.101+0000] {processor.py:826} INFO - Processing file /home/airflow/.local/lib/python3.7/site-packages/airflow/example_dags/tutorial_dag.py for tasks to queue
[2023-05-26T21:05:31.102+0000] {logging_mixin.py:149} INFO - [2023-05-26T21:05:31.102+0000] {dagbag.py:541} INFO - Filling up the DagBag from /home/airflow/.local/lib/python3.7/site-packages/airflow/example_dags/tutorial_dag.py
[2023-05-26T21:05:31.106+0000] {processor.py:836} INFO - DAG(s) dict_keys(['tutorial_dag']) retrieved from /home/airflow/.local/lib/python3.7/site-packages/airflow/example_dags/tutorial_dag.py
[2023-05-26T21:05:31.126+0000] {logging_mixin.py:149} INFO - [2023-05-26T21:05:31.126+0000] {dag.py:2726} INFO - Sync 1 DAGs
[2023-05-26T21:05:31.142+0000] {logging_mixin.py:149} INFO - [2023-05-26T21:05:31.142+0000] {dag.py:3490} INFO - Setting next_dagrun for tutorial_dag to None, run_after=None
[2023-05-26T21:05:31.154+0000] {processor.py:179} INFO - Processing /home/airflow/.local/lib/python3.7/site-packages/airflow/example_dags/tutorial_dag.py took 0.057 seconds
[2023-05-26T21:06:01.768+0000] {processor.py:157} INFO - Started process (PID=153) to work on /home/airflow/.local/lib/python3.7/site-packages/airflow/example_dags/tutorial_dag.py
[2023-05-26T21:06:01.770+0000] {processor.py:826} INFO - Processing file /home/airflow/.local/lib/python3.7/site-packages/airflow/example_dags/tutorial_dag.py for tasks to queue
[2023-05-26T21:06:01.771+0000] {logging_mixin.py:149} INFO - [2023-05-26T21:06:01.771+0000] {dagbag.py:541} INFO - Filling up the DagBag from /home/airflow/.local/lib/python3.7/site-packages/airflow/example_dags/tutorial_dag.py
[2023-05-26T21:06:01.775+0000] {processor.py:836} INFO - DAG(s) dict_keys(['tutorial_dag']) retrieved from /home/airflow/.local/lib/python3.7/site-packages/airflow/example_dags/tutorial_dag.py
[2023-05-26T21:06:01.795+0000] {logging_mixin.py:149} INFO - [2023-05-26T21:06:01.795+0000] {dag.py:2726} INFO - Sync 1 DAGs
[2023-05-26T21:06:01.811+0000] {logging_mixin.py:149} INFO - [2023-05-26T21:06:01.811+0000] {dag.py:3490} INFO - Setting next_dagrun for tutorial_dag to None, run_after=None
[2023-05-26T21:06:01.823+0000] {processor.py:179} INFO - Processing /home/airflow/.local/lib/python3.7/site-packages/airflow/example_dags/tutorial_dag.py took 0.058 seconds
[2023-05-26T21:06:32.264+0000] {processor.py:157} INFO - Started process (PID=209) to work on /home/airflow/.local/lib/python3.7/site-packages/airflow/example_dags/tutorial_dag.py
[2023-05-26T21:06:32.419+0000] {processor.py:826} INFO - Processing file /home/airflow/.local/lib/python3.7/site-packages/airflow/example_dags/tutorial_dag.py for tasks to queue
[2023-05-26T21:06:32.421+0000] {logging_mixin.py:149} INFO - [2023-05-26T21:06:32.420+0000] {dagbag.py:541} INFO - Filling up the DagBag from /home/airflow/.local/lib/python3.7/site-packages/airflow/example_dags/tutorial_dag.py
[2023-05-26T21:06:32.429+0000] {processor.py:836} INFO - DAG(s) dict_keys(['tutorial_dag']) retrieved from /home/airflow/.local/lib/python3.7/site-packages/airflow/example_dags/tutorial_dag.py
[2023-05-26T21:06:32.444+0000] {logging_mixin.py:149} INFO - [2023-05-26T21:06:32.444+0000] {dag.py:2726} INFO - Sync 1 DAGs
[2023-05-26T21:06:32.463+0000] {logging_mixin.py:149} INFO - [2023-05-26T21:06:32.463+0000] {dag.py:3490} INFO - Setting next_dagrun for tutorial_dag to None, run_after=None
[2023-05-26T21:06:32.484+0000] {processor.py:179} INFO - Processing /home/airflow/.local/lib/python3.7/site-packages/airflow/example_dags/tutorial_dag.py took 0.223 seconds
[2023-05-26T21:07:03.167+0000] {processor.py:157} INFO - Started process (PID=266) to work on /home/airflow/.local/lib/python3.7/site-packages/airflow/example_dags/tutorial_dag.py
[2023-05-26T21:07:03.169+0000] {processor.py:826} INFO - Processing file /home/airflow/.local/lib/python3.7/site-packages/airflow/example_dags/tutorial_dag.py for tasks to queue
[2023-05-26T21:07:03.170+0000] {logging_mixin.py:149} INFO - [2023-05-26T21:07:03.170+0000] {dagbag.py:541} INFO - Filling up the DagBag from /home/airflow/.local/lib/python3.7/site-packages/airflow/example_dags/tutorial_dag.py
[2023-05-26T21:07:03.175+0000] {processor.py:836} INFO - DAG(s) dict_keys(['tutorial_dag']) retrieved from /home/airflow/.local/lib/python3.7/site-packages/airflow/example_dags/tutorial_dag.py
[2023-05-26T21:07:03.195+0000] {logging_mixin.py:149} INFO - [2023-05-26T21:07:03.194+0000] {dag.py:2726} INFO - Sync 1 DAGs
[2023-05-26T21:07:03.210+0000] {logging_mixin.py:149} INFO - [2023-05-26T21:07:03.210+0000] {dag.py:3490} INFO - Setting next_dagrun for tutorial_dag to None, run_after=None
[2023-05-26T21:07:03.223+0000] {processor.py:179} INFO - Processing /home/airflow/.local/lib/python3.7/site-packages/airflow/example_dags/tutorial_dag.py took 0.058 seconds
[2023-05-26T21:07:33.805+0000] {processor.py:157} INFO - Started process (PID=322) to work on /home/airflow/.local/lib/python3.7/site-packages/airflow/example_dags/tutorial_dag.py
[2023-05-26T21:07:33.807+0000] {processor.py:826} INFO - Processing file /home/airflow/.local/lib/python3.7/site-packages/airflow/example_dags/tutorial_dag.py for tasks to queue
[2023-05-26T21:07:33.808+0000] {logging_mixin.py:149} INFO - [2023-05-26T21:07:33.808+0000] {dagbag.py:541} INFO - Filling up the DagBag from /home/airflow/.local/lib/python3.7/site-packages/airflow/example_dags/tutorial_dag.py
[2023-05-26T21:07:33.813+0000] {processor.py:836} INFO - DAG(s) dict_keys(['tutorial_dag']) retrieved from /home/airflow/.local/lib/python3.7/site-packages/airflow/example_dags/tutorial_dag.py
[2023-05-26T21:07:33.834+0000] {logging_mixin.py:149} INFO - [2023-05-26T21:07:33.833+0000] {dag.py:2726} INFO - Sync 1 DAGs
[2023-05-26T21:07:33.849+0000] {logging_mixin.py:149} INFO - [2023-05-26T21:07:33.849+0000] {dag.py:3490} INFO - Setting next_dagrun for tutorial_dag to None, run_after=None
[2023-05-26T21:07:33.861+0000] {processor.py:179} INFO - Processing /home/airflow/.local/lib/python3.7/site-packages/airflow/example_dags/tutorial_dag.py took 0.059 seconds
[2023-05-26T21:08:04.290+0000] {processor.py:157} INFO - Started process (PID=378) to work on /home/airflow/.local/lib/python3.7/site-packages/airflow/example_dags/tutorial_dag.py
[2023-05-26T21:08:04.294+0000] {processor.py:826} INFO - Processing file /home/airflow/.local/lib/python3.7/site-packages/airflow/example_dags/tutorial_dag.py for tasks to queue
[2023-05-26T21:08:04.294+0000] {logging_mixin.py:149} INFO - [2023-05-26T21:08:04.294+0000] {dagbag.py:541} INFO - Filling up the DagBag from /home/airflow/.local/lib/python3.7/site-packages/airflow/example_dags/tutorial_dag.py
[2023-05-26T21:08:04.299+0000] {processor.py:836} INFO - DAG(s) dict_keys(['tutorial_dag']) retrieved from /home/airflow/.local/lib/python3.7/site-packages/airflow/example_dags/tutorial_dag.py
[2023-05-26T21:08:04.319+0000] {logging_mixin.py:149} INFO - [2023-05-26T21:08:04.318+0000] {dag.py:2726} INFO - Sync 1 DAGs
[2023-05-26T21:08:04.335+0000] {logging_mixin.py:149} INFO - [2023-05-26T21:08:04.335+0000] {dag.py:3490} INFO - Setting next_dagrun for tutorial_dag to None, run_after=None
[2023-05-26T21:08:04.346+0000] {processor.py:179} INFO - Processing /home/airflow/.local/lib/python3.7/site-packages/airflow/example_dags/tutorial_dag.py took 0.058 seconds
